<?xml version="1.0" encoding="UTF-8"?>
<testsuite name="org.chronos.chronosphere.test.transaction.ChronoSphereTransactionTest" tests="35" skipped="0" failures="0" errors="0" timestamp="2017-08-28T17:59:31" hostname="Aurora" time="9.434">
  <properties/>
  <testcase name="canCreateCrossReferencesBetweenAttachedEObjects[Using mapdb]" classname="org.chronos.chronosphere.test.transaction.ChronoSphereTransactionTest" time="0.531"/>
  <testcase name="canAttachAndLoadSimpleEObject[Using mapdb]" classname="org.chronos.chronosphere.test.transaction.ChronoSphereTransactionTest" time="0.699"/>
  <testcase name="canWorkWithGrabatsFragmentModel[Using mapdb]" classname="org.chronos.chronosphere.test.transaction.ChronoSphereTransactionTest" time="0.801"/>
  <testcase name="canConfigureEPackage[Using mapdb]" classname="org.chronos.chronosphere.test.transaction.ChronoSphereTransactionTest" time="0.615"/>
  <testcase name="canCreateMultiplicityManyNonUniqueOrderedCrossReferences[Using mapdb]" classname="org.chronos.chronosphere.test.transaction.ChronoSphereTransactionTest" time="0.801"/>
  <testcase name="canConfigureEPackageWithNestedSubpackages[Using mapdb]" classname="org.chronos.chronosphere.test.transaction.ChronoSphereTransactionTest" time="0.417"/>
  <testcase name="canOpenAndCloseTransaction[Using mapdb]" classname="org.chronos.chronosphere.test.transaction.ChronoSphereTransactionTest" time="0.353"/>
  <testcase name="canCreateCrossReferencesBetweenAttachedEObjects[Using chunked]" classname="org.chronos.chronosphere.test.transaction.ChronoSphereTransactionTest" time="0.5"/>
  <testcase name="canAttachAndLoadSimpleEObject[Using chunked]" classname="org.chronos.chronosphere.test.transaction.ChronoSphereTransactionTest" time="0.463"/>
  <testcase name="canWorkWithGrabatsFragmentModel[Using chunked]" classname="org.chronos.chronosphere.test.transaction.ChronoSphereTransactionTest" time="0.484"/>
  <testcase name="canConfigureEPackage[Using chunked]" classname="org.chronos.chronosphere.test.transaction.ChronoSphereTransactionTest" time="0.437"/>
  <testcase name="canCreateMultiplicityManyNonUniqueOrderedCrossReferences[Using chunked]" classname="org.chronos.chronosphere.test.transaction.ChronoSphereTransactionTest" time="0.316"/>
  <testcase name="canConfigureEPackageWithNestedSubpackages[Using chunked]" classname="org.chronos.chronosphere.test.transaction.ChronoSphereTransactionTest" time="0.262"/>
  <testcase name="canOpenAndCloseTransaction[Using chunked]" classname="org.chronos.chronosphere.test.transaction.ChronoSphereTransactionTest" time="0.323"/>
  <testcase name="canCreateCrossReferencesBetweenAttachedEObjects[Using inmemory]" classname="org.chronos.chronosphere.test.transaction.ChronoSphereTransactionTest" time="0.012"/>
  <testcase name="canAttachAndLoadSimpleEObject[Using inmemory]" classname="org.chronos.chronosphere.test.transaction.ChronoSphereTransactionTest" time="0.014"/>
  <testcase name="canWorkWithGrabatsFragmentModel[Using inmemory]" classname="org.chronos.chronosphere.test.transaction.ChronoSphereTransactionTest" time="0.014"/>
  <testcase name="canConfigureEPackage[Using inmemory]" classname="org.chronos.chronosphere.test.transaction.ChronoSphereTransactionTest" time="0.012"/>
  <testcase name="canCreateMultiplicityManyNonUniqueOrderedCrossReferences[Using inmemory]" classname="org.chronos.chronosphere.test.transaction.ChronoSphereTransactionTest" time="0.012"/>
  <testcase name="canConfigureEPackageWithNestedSubpackages[Using inmemory]" classname="org.chronos.chronosphere.test.transaction.ChronoSphereTransactionTest" time="0.011"/>
  <testcase name="canOpenAndCloseTransaction[Using inmemory]" classname="org.chronos.chronosphere.test.transaction.ChronoSphereTransactionTest" time="0.0"/>
  <testcase name="canCreateCrossReferencesBetweenAttachedEObjects[Using jdbc]" classname="org.chronos.chronosphere.test.transaction.ChronoSphereTransactionTest" time="0.056"/>
  <testcase name="canAttachAndLoadSimpleEObject[Using jdbc]" classname="org.chronos.chronosphere.test.transaction.ChronoSphereTransactionTest" time="0.065"/>
  <testcase name="canWorkWithGrabatsFragmentModel[Using jdbc]" classname="org.chronos.chronosphere.test.transaction.ChronoSphereTransactionTest" time="0.065"/>
  <testcase name="canConfigureEPackage[Using jdbc]" classname="org.chronos.chronosphere.test.transaction.ChronoSphereTransactionTest" time="0.039"/>
  <testcase name="canCreateMultiplicityManyNonUniqueOrderedCrossReferences[Using jdbc]" classname="org.chronos.chronosphere.test.transaction.ChronoSphereTransactionTest" time="0.07"/>
  <testcase name="canConfigureEPackageWithNestedSubpackages[Using jdbc]" classname="org.chronos.chronosphere.test.transaction.ChronoSphereTransactionTest" time="0.04"/>
  <testcase name="canOpenAndCloseTransaction[Using jdbc]" classname="org.chronos.chronosphere.test.transaction.ChronoSphereTransactionTest" time="0.032"/>
  <testcase name="canCreateCrossReferencesBetweenAttachedEObjects[Using tupl]" classname="org.chronos.chronosphere.test.transaction.ChronoSphereTransactionTest" time="0.32"/>
  <testcase name="canAttachAndLoadSimpleEObject[Using tupl]" classname="org.chronos.chronosphere.test.transaction.ChronoSphereTransactionTest" time="0.316"/>
  <testcase name="canWorkWithGrabatsFragmentModel[Using tupl]" classname="org.chronos.chronosphere.test.transaction.ChronoSphereTransactionTest" time="0.322"/>
  <testcase name="canConfigureEPackage[Using tupl]" classname="org.chronos.chronosphere.test.transaction.ChronoSphereTransactionTest" time="0.278"/>
  <testcase name="canCreateMultiplicityManyNonUniqueOrderedCrossReferences[Using tupl]" classname="org.chronos.chronosphere.test.transaction.ChronoSphereTransactionTest" time="0.322"/>
  <testcase name="canConfigureEPackageWithNestedSubpackages[Using tupl]" classname="org.chronos.chronosphere.test.transaction.ChronoSphereTransactionTest" time="0.332"/>
  <testcase name="canOpenAndCloseTransaction[Using tupl]" classname="org.chronos.chronosphere.test.transaction.ChronoSphereTransactionTest" time="0.1"/>
  <system-out><![CDATA[[INFO ] 2017-08-28 19:59:31 [    Test worker] [    o.c.c.test.ChronosUnitTest]:  Temp directory is provided at: C:\Users\Martin\AppData\Local\Temp\ChronoDBTest5875214794569470503


================================================================================
 TEST START                                                                     
--------------------------------------------------------------------------------
    Test class:  ChronoSphereTransactionTest
    Test method: canCreateCrossReferencesBetweenAttachedEObjects[Using mapdb]
    Start time:  2017/08/28 19:59:31
================================================================================





================================================================================
 TEST SUCCEEDED                                                                 
--------------------------------------------------------------------------------
    Test class:  ChronoSphereTransactionTest
    Test method: canCreateCrossReferencesBetweenAttachedEObjects[Using mapdb]
    End time:    2017/08/28 19:59:32 (Duration: 531ms)
================================================================================





================================================================================
 TEST START                                                                     
--------------------------------------------------------------------------------
    Test class:  ChronoSphereTransactionTest
    Test method: canAttachAndLoadSimpleEObject[Using mapdb]
    Start time:  2017/08/28 19:59:32
================================================================================





================================================================================
 TEST SUCCEEDED                                                                 
--------------------------------------------------------------------------------
    Test class:  ChronoSphereTransactionTest
    Test method: canAttachAndLoadSimpleEObject[Using mapdb]
    End time:    2017/08/28 19:59:32 (Duration: 699ms)
================================================================================





================================================================================
 TEST START                                                                     
--------------------------------------------------------------------------------
    Test class:  ChronoSphereTransactionTest
    Test method: canWorkWithGrabatsFragmentModel[Using mapdb]
    Start time:  2017/08/28 19:59:32
================================================================================





================================================================================
 TEST SUCCEEDED                                                                 
--------------------------------------------------------------------------------
    Test class:  ChronoSphereTransactionTest
    Test method: canWorkWithGrabatsFragmentModel[Using mapdb]
    End time:    2017/08/28 19:59:33 (Duration: 801ms)
================================================================================





================================================================================
 TEST START                                                                     
--------------------------------------------------------------------------------
    Test class:  ChronoSphereTransactionTest
    Test method: canConfigureEPackage[Using mapdb]
    Start time:  2017/08/28 19:59:33
================================================================================





================================================================================
 TEST SUCCEEDED                                                                 
--------------------------------------------------------------------------------
    Test class:  ChronoSphereTransactionTest
    Test method: canConfigureEPackage[Using mapdb]
    End time:    2017/08/28 19:59:34 (Duration: 615ms)
================================================================================





================================================================================
 TEST START                                                                     
--------------------------------------------------------------------------------
    Test class:  ChronoSphereTransactionTest
    Test method: canCreateMultiplicityManyNonUniqueOrderedCrossReferences[Using mapdb]
    Start time:  2017/08/28 19:59:34
================================================================================





================================================================================
 TEST SUCCEEDED                                                                 
--------------------------------------------------------------------------------
    Test class:  ChronoSphereTransactionTest
    Test method: canCreateMultiplicityManyNonUniqueOrderedCrossReferences[Using mapdb]
    End time:    2017/08/28 19:59:34 (Duration: 801ms)
================================================================================





================================================================================
 TEST START                                                                     
--------------------------------------------------------------------------------
    Test class:  ChronoSphereTransactionTest
    Test method: canConfigureEPackageWithNestedSubpackages[Using mapdb]
    Start time:  2017/08/28 19:59:34
================================================================================





================================================================================
 TEST SUCCEEDED                                                                 
--------------------------------------------------------------------------------
    Test class:  ChronoSphereTransactionTest
    Test method: canConfigureEPackageWithNestedSubpackages[Using mapdb]
    End time:    2017/08/28 19:59:35 (Duration: 417ms)
================================================================================





================================================================================
 TEST START                                                                     
--------------------------------------------------------------------------------
    Test class:  ChronoSphereTransactionTest
    Test method: canOpenAndCloseTransaction[Using mapdb]
    Start time:  2017/08/28 19:59:35
================================================================================





================================================================================
 TEST SUCCEEDED                                                                 
--------------------------------------------------------------------------------
    Test class:  ChronoSphereTransactionTest
    Test method: canOpenAndCloseTransaction[Using mapdb]
    End time:    2017/08/28 19:59:35 (Duration: 353ms)
================================================================================





================================================================================
 TEST START                                                                     
--------------------------------------------------------------------------------
    Test class:  ChronoSphereTransactionTest
    Test method: canCreateCrossReferencesBetweenAttachedEObjects[Using chunked]
    Start time:  2017/08/28 19:59:35
================================================================================





================================================================================
 TEST SUCCEEDED                                                                 
--------------------------------------------------------------------------------
    Test class:  ChronoSphereTransactionTest
    Test method: canCreateCrossReferencesBetweenAttachedEObjects[Using chunked]
    End time:    2017/08/28 19:59:36 (Duration: 500ms)
================================================================================





================================================================================
 TEST START                                                                     
--------------------------------------------------------------------------------
    Test class:  ChronoSphereTransactionTest
    Test method: canAttachAndLoadSimpleEObject[Using chunked]
    Start time:  2017/08/28 19:59:36
================================================================================





================================================================================
 TEST SUCCEEDED                                                                 
--------------------------------------------------------------------------------
    Test class:  ChronoSphereTransactionTest
    Test method: canAttachAndLoadSimpleEObject[Using chunked]
    End time:    2017/08/28 19:59:36 (Duration: 463ms)
================================================================================





================================================================================
 TEST START                                                                     
--------------------------------------------------------------------------------
    Test class:  ChronoSphereTransactionTest
    Test method: canWorkWithGrabatsFragmentModel[Using chunked]
    Start time:  2017/08/28 19:59:36
================================================================================





================================================================================
 TEST SUCCEEDED                                                                 
--------------------------------------------------------------------------------
    Test class:  ChronoSphereTransactionTest
    Test method: canWorkWithGrabatsFragmentModel[Using chunked]
    End time:    2017/08/28 19:59:37 (Duration: 484ms)
================================================================================





================================================================================
 TEST START                                                                     
--------------------------------------------------------------------------------
    Test class:  ChronoSphereTransactionTest
    Test method: canConfigureEPackage[Using chunked]
    Start time:  2017/08/28 19:59:37
================================================================================





================================================================================
 TEST SUCCEEDED                                                                 
--------------------------------------------------------------------------------
    Test class:  ChronoSphereTransactionTest
    Test method: canConfigureEPackage[Using chunked]
    End time:    2017/08/28 19:59:37 (Duration: 437ms)
================================================================================





================================================================================
 TEST START                                                                     
--------------------------------------------------------------------------------
    Test class:  ChronoSphereTransactionTest
    Test method: canCreateMultiplicityManyNonUniqueOrderedCrossReferences[Using chunked]
    Start time:  2017/08/28 19:59:37
================================================================================





================================================================================
 TEST SUCCEEDED                                                                 
--------------------------------------------------------------------------------
    Test class:  ChronoSphereTransactionTest
    Test method: canCreateMultiplicityManyNonUniqueOrderedCrossReferences[Using chunked]
    End time:    2017/08/28 19:59:37 (Duration: 316ms)
================================================================================





================================================================================
 TEST START                                                                     
--------------------------------------------------------------------------------
    Test class:  ChronoSphereTransactionTest
    Test method: canConfigureEPackageWithNestedSubpackages[Using chunked]
    Start time:  2017/08/28 19:59:37
================================================================================





================================================================================
 TEST SUCCEEDED                                                                 
--------------------------------------------------------------------------------
    Test class:  ChronoSphereTransactionTest
    Test method: canConfigureEPackageWithNestedSubpackages[Using chunked]
    End time:    2017/08/28 19:59:38 (Duration: 262ms)
================================================================================





================================================================================
 TEST START                                                                     
--------------------------------------------------------------------------------
    Test class:  ChronoSphereTransactionTest
    Test method: canOpenAndCloseTransaction[Using chunked]
    Start time:  2017/08/28 19:59:38
================================================================================





================================================================================
 TEST SUCCEEDED                                                                 
--------------------------------------------------------------------------------
    Test class:  ChronoSphereTransactionTest
    Test method: canOpenAndCloseTransaction[Using chunked]
    End time:    2017/08/28 19:59:38 (Duration: 323ms)
================================================================================





================================================================================
 TEST START                                                                     
--------------------------------------------------------------------------------
    Test class:  ChronoSphereTransactionTest
    Test method: canCreateCrossReferencesBetweenAttachedEObjects[Using inmemory]
    Start time:  2017/08/28 19:59:38
================================================================================





================================================================================
 TEST SUCCEEDED                                                                 
--------------------------------------------------------------------------------
    Test class:  ChronoSphereTransactionTest
    Test method: canCreateCrossReferencesBetweenAttachedEObjects[Using inmemory]
    End time:    2017/08/28 19:59:38 (Duration: 12ms)
================================================================================





================================================================================
 TEST START                                                                     
--------------------------------------------------------------------------------
    Test class:  ChronoSphereTransactionTest
    Test method: canAttachAndLoadSimpleEObject[Using inmemory]
    Start time:  2017/08/28 19:59:38
================================================================================





================================================================================
 TEST SUCCEEDED                                                                 
--------------------------------------------------------------------------------
    Test class:  ChronoSphereTransactionTest
    Test method: canAttachAndLoadSimpleEObject[Using inmemory]
    End time:    2017/08/28 19:59:38 (Duration: 14ms)
================================================================================





================================================================================
 TEST START                                                                     
--------------------------------------------------------------------------------
    Test class:  ChronoSphereTransactionTest
    Test method: canWorkWithGrabatsFragmentModel[Using inmemory]
    Start time:  2017/08/28 19:59:38
================================================================================





================================================================================
 TEST SUCCEEDED                                                                 
--------------------------------------------------------------------------------
    Test class:  ChronoSphereTransactionTest
    Test method: canWorkWithGrabatsFragmentModel[Using inmemory]
    End time:    2017/08/28 19:59:38 (Duration: 14ms)
================================================================================





================================================================================
 TEST START                                                                     
--------------------------------------------------------------------------------
    Test class:  ChronoSphereTransactionTest
    Test method: canConfigureEPackage[Using inmemory]
    Start time:  2017/08/28 19:59:38
================================================================================





================================================================================
 TEST SUCCEEDED                                                                 
--------------------------------------------------------------------------------
    Test class:  ChronoSphereTransactionTest
    Test method: canConfigureEPackage[Using inmemory]
    End time:    2017/08/28 19:59:38 (Duration: 12ms)
================================================================================





================================================================================
 TEST START                                                                     
--------------------------------------------------------------------------------
    Test class:  ChronoSphereTransactionTest
    Test method: canCreateMultiplicityManyNonUniqueOrderedCrossReferences[Using inmemory]
    Start time:  2017/08/28 19:59:38
================================================================================





================================================================================
 TEST SUCCEEDED                                                                 
--------------------------------------------------------------------------------
    Test class:  ChronoSphereTransactionTest
    Test method: canCreateMultiplicityManyNonUniqueOrderedCrossReferences[Using inmemory]
    End time:    2017/08/28 19:59:38 (Duration: 12ms)
================================================================================





================================================================================
 TEST START                                                                     
--------------------------------------------------------------------------------
    Test class:  ChronoSphereTransactionTest
    Test method: canConfigureEPackageWithNestedSubpackages[Using inmemory]
    Start time:  2017/08/28 19:59:38
================================================================================





================================================================================
 TEST SUCCEEDED                                                                 
--------------------------------------------------------------------------------
    Test class:  ChronoSphereTransactionTest
    Test method: canConfigureEPackageWithNestedSubpackages[Using inmemory]
    End time:    2017/08/28 19:59:38 (Duration: 11ms)
================================================================================





================================================================================
 TEST START                                                                     
--------------------------------------------------------------------------------
    Test class:  ChronoSphereTransactionTest
    Test method: canOpenAndCloseTransaction[Using inmemory]
    Start time:  2017/08/28 19:59:38
================================================================================





================================================================================
 TEST SUCCEEDED                                                                 
--------------------------------------------------------------------------------
    Test class:  ChronoSphereTransactionTest
    Test method: canOpenAndCloseTransaction[Using inmemory]
    End time:    2017/08/28 19:59:38 (Duration: 0ms)
================================================================================





================================================================================
 TEST START                                                                     
--------------------------------------------------------------------------------
    Test class:  ChronoSphereTransactionTest
    Test method: canCreateCrossReferencesBetweenAttachedEObjects[Using jdbc]
    Start time:  2017/08/28 19:59:38
================================================================================





================================================================================
 TEST SUCCEEDED                                                                 
--------------------------------------------------------------------------------
    Test class:  ChronoSphereTransactionTest
    Test method: canCreateCrossReferencesBetweenAttachedEObjects[Using jdbc]
    End time:    2017/08/28 19:59:38 (Duration: 56ms)
================================================================================





================================================================================
 TEST START                                                                     
--------------------------------------------------------------------------------
    Test class:  ChronoSphereTransactionTest
    Test method: canAttachAndLoadSimpleEObject[Using jdbc]
    Start time:  2017/08/28 19:59:38
================================================================================





================================================================================
 TEST SUCCEEDED                                                                 
--------------------------------------------------------------------------------
    Test class:  ChronoSphereTransactionTest
    Test method: canAttachAndLoadSimpleEObject[Using jdbc]
    End time:    2017/08/28 19:59:38 (Duration: 65ms)
================================================================================





================================================================================
 TEST START                                                                     
--------------------------------------------------------------------------------
    Test class:  ChronoSphereTransactionTest
    Test method: canWorkWithGrabatsFragmentModel[Using jdbc]
    Start time:  2017/08/28 19:59:38
================================================================================





================================================================================
 TEST SUCCEEDED                                                                 
--------------------------------------------------------------------------------
    Test class:  ChronoSphereTransactionTest
    Test method: canWorkWithGrabatsFragmentModel[Using jdbc]
    End time:    2017/08/28 19:59:38 (Duration: 65ms)
================================================================================





================================================================================
 TEST START                                                                     
--------------------------------------------------------------------------------
    Test class:  ChronoSphereTransactionTest
    Test method: canConfigureEPackage[Using jdbc]
    Start time:  2017/08/28 19:59:38
================================================================================





================================================================================
 TEST SUCCEEDED                                                                 
--------------------------------------------------------------------------------
    Test class:  ChronoSphereTransactionTest
    Test method: canConfigureEPackage[Using jdbc]
    End time:    2017/08/28 19:59:38 (Duration: 39ms)
================================================================================





================================================================================
 TEST START                                                                     
--------------------------------------------------------------------------------
    Test class:  ChronoSphereTransactionTest
    Test method: canCreateMultiplicityManyNonUniqueOrderedCrossReferences[Using jdbc]
    Start time:  2017/08/28 19:59:38
================================================================================





================================================================================
 TEST SUCCEEDED                                                                 
--------------------------------------------------------------------------------
    Test class:  ChronoSphereTransactionTest
    Test method: canCreateMultiplicityManyNonUniqueOrderedCrossReferences[Using jdbc]
    End time:    2017/08/28 19:59:38 (Duration: 70ms)
================================================================================





================================================================================
 TEST START                                                                     
--------------------------------------------------------------------------------
    Test class:  ChronoSphereTransactionTest
    Test method: canConfigureEPackageWithNestedSubpackages[Using jdbc]
    Start time:  2017/08/28 19:59:38
================================================================================





================================================================================
 TEST SUCCEEDED                                                                 
--------------------------------------------------------------------------------
    Test class:  ChronoSphereTransactionTest
    Test method: canConfigureEPackageWithNestedSubpackages[Using jdbc]
    End time:    2017/08/28 19:59:38 (Duration: 40ms)
================================================================================





================================================================================
 TEST START                                                                     
--------------------------------------------------------------------------------
    Test class:  ChronoSphereTransactionTest
    Test method: canOpenAndCloseTransaction[Using jdbc]
    Start time:  2017/08/28 19:59:38
================================================================================





================================================================================
 TEST SUCCEEDED                                                                 
--------------------------------------------------------------------------------
    Test class:  ChronoSphereTransactionTest
    Test method: canOpenAndCloseTransaction[Using jdbc]
    End time:    2017/08/28 19:59:38 (Duration: 32ms)
================================================================================





================================================================================
 TEST START                                                                     
--------------------------------------------------------------------------------
    Test class:  ChronoSphereTransactionTest
    Test method: canCreateCrossReferencesBetweenAttachedEObjects[Using tupl]
    Start time:  2017/08/28 19:59:38
================================================================================





================================================================================
 TEST SUCCEEDED                                                                 
--------------------------------------------------------------------------------
    Test class:  ChronoSphereTransactionTest
    Test method: canCreateCrossReferencesBetweenAttachedEObjects[Using tupl]
    End time:    2017/08/28 19:59:39 (Duration: 320ms)
================================================================================





================================================================================
 TEST START                                                                     
--------------------------------------------------------------------------------
    Test class:  ChronoSphereTransactionTest
    Test method: canAttachAndLoadSimpleEObject[Using tupl]
    Start time:  2017/08/28 19:59:39
================================================================================





================================================================================
 TEST SUCCEEDED                                                                 
--------------------------------------------------------------------------------
    Test class:  ChronoSphereTransactionTest
    Test method: canAttachAndLoadSimpleEObject[Using tupl]
    End time:    2017/08/28 19:59:39 (Duration: 316ms)
================================================================================





================================================================================
 TEST START                                                                     
--------------------------------------------------------------------------------
    Test class:  ChronoSphereTransactionTest
    Test method: canWorkWithGrabatsFragmentModel[Using tupl]
    Start time:  2017/08/28 19:59:39
================================================================================





================================================================================
 TEST SUCCEEDED                                                                 
--------------------------------------------------------------------------------
    Test class:  ChronoSphereTransactionTest
    Test method: canWorkWithGrabatsFragmentModel[Using tupl]
    End time:    2017/08/28 19:59:39 (Duration: 322ms)
================================================================================





================================================================================
 TEST START                                                                     
--------------------------------------------------------------------------------
    Test class:  ChronoSphereTransactionTest
    Test method: canConfigureEPackage[Using tupl]
    Start time:  2017/08/28 19:59:39
================================================================================





================================================================================
 TEST SUCCEEDED                                                                 
--------------------------------------------------------------------------------
    Test class:  ChronoSphereTransactionTest
    Test method: canConfigureEPackage[Using tupl]
    End time:    2017/08/28 19:59:40 (Duration: 262ms)
================================================================================





================================================================================
 TEST START                                                                     
--------------------------------------------------------------------------------
    Test class:  ChronoSphereTransactionTest
    Test method: canCreateMultiplicityManyNonUniqueOrderedCrossReferences[Using tupl]
    Start time:  2017/08/28 19:59:40
================================================================================





================================================================================
 TEST SUCCEEDED                                                                 
--------------------------------------------------------------------------------
    Test class:  ChronoSphereTransactionTest
    Test method: canCreateMultiplicityManyNonUniqueOrderedCrossReferences[Using tupl]
    End time:    2017/08/28 19:59:40 (Duration: 322ms)
================================================================================





================================================================================
 TEST START                                                                     
--------------------------------------------------------------------------------
    Test class:  ChronoSphereTransactionTest
    Test method: canConfigureEPackageWithNestedSubpackages[Using tupl]
    Start time:  2017/08/28 19:59:40
================================================================================





================================================================================
 TEST SUCCEEDED                                                                 
--------------------------------------------------------------------------------
    Test class:  ChronoSphereTransactionTest
    Test method: canConfigureEPackageWithNestedSubpackages[Using tupl]
    End time:    2017/08/28 19:59:40 (Duration: 332ms)
================================================================================





================================================================================
 TEST START                                                                     
--------------------------------------------------------------------------------
    Test class:  ChronoSphereTransactionTest
    Test method: canOpenAndCloseTransaction[Using tupl]
    Start time:  2017/08/28 19:59:40
================================================================================





================================================================================
 TEST SUCCEEDED                                                                 
--------------------------------------------------------------------------------
    Test class:  ChronoSphereTransactionTest
    Test method: canOpenAndCloseTransaction[Using tupl]
    End time:    2017/08/28 19:59:40 (Duration: 100ms)
================================================================================



[INFO ] 2017-08-28 19:59:40 [    Test worker] [    o.c.c.test.ChronosUnitTest]:  Attempting to delete temp directory provided at: C:\Users\Martin\AppData\Local\Temp\ChronoDBTest5875214794569470503
[INFO ] 2017-08-28 19:59:40 [    Test worker] [    o.c.c.test.ChronosUnitTest]:  Successfully deleted temp directory
]]></system-out>
  <system-err><![CDATA[]]></system-err>
</testsuite>
