<?xml version="1.0" encoding="UTF-8"?>
<testsuite name="org.chronos.chronosphere.test.builder.ChronoSphereBuilderTest" tests="1" skipped="0" failures="0" errors="0" timestamp="2017-08-28T17:59:14" hostname="Aurora" time="0.395">
  <properties/>
  <testcase name="canCreateInMemorySphere" classname="org.chronos.chronosphere.test.builder.ChronoSphereBuilderTest" time="0.395"/>
  <system-out><![CDATA[[INFO ] 2017-08-28 19:59:14 [    Test worker] [    o.c.c.test.ChronosUnitTest]:  Temp directory is provided at: C:\Users\Martin\AppData\Local\Temp\ChronoDBTest5875214794569470503


================================================================================
 TEST START                                                                     
--------------------------------------------------------------------------------
    Test class:  ChronoSphereBuilderTest
    Test method: canCreateInMemorySphere
    Start time:  2017/08/28 19:59:14
================================================================================





================================================================================
 TEST SUCCEEDED                                                                 
--------------------------------------------------------------------------------
    Test class:  ChronoSphereBuilderTest
    Test method: canCreateInMemorySphere
    End time:    2017/08/28 19:59:14 (Duration: 395ms)
================================================================================



[INFO ] 2017-08-28 19:59:14 [    Test worker] [    o.c.c.test.ChronosUnitTest]:  Attempting to delete temp directory provided at: C:\Users\Martin\AppData\Local\Temp\ChronoDBTest5875214794569470503
[INFO ] 2017-08-28 19:59:14 [    Test worker] [    o.c.c.test.ChronosUnitTest]:  Successfully deleted temp directory
]]></system-out>
  <system-err><![CDATA[SLF4J: Class path contains multiple SLF4J bindings.
SLF4J: Found binding in [jar:file:/C:/Users/Martin/.gradle/caches/modules-2/files-2.1/ch.qos.logback/logback-classic/1.1.3/d90276fff414f06cb375f2057f6778cd63c6082f/logback-classic-1.1.3.jar!/org/slf4j/impl/StaticLoggerBinder.class]
SLF4J: Found binding in [jar:file:/C:/Users/Martin/.gradle/caches/modules-2/files-2.1/org.slf4j/slf4j-log4j12/1.7.12/485f77901840cf4e8bf852f2abb9b723eb8ec29/slf4j-log4j12-1.7.12.jar!/org/slf4j/impl/StaticLoggerBinder.class]
SLF4J: See http://www.slf4j.org/codes.html#multiple_bindings for an explanation.
SLF4J: Actual binding is of type [ch.qos.logback.classic.util.ContextSelectorStaticBinder]
]]></system-err>
</testsuite>
