<?xml version="1.0" encoding="UTF-8"?>
<testsuite name="org.chronos.chronosphere.test.evolution.BasicMetamodelEvolutionTest" tests="5" skipped="0" failures="0" errors="0" timestamp="2017-08-28T17:59:18" hostname="Aurora" time="2.691">
  <properties/>
  <testcase name="canPerformSimpleMigrationWithIncubator[Using tupl]" classname="org.chronos.chronosphere.test.evolution.BasicMetamodelEvolutionTest" time="0.968"/>
  <testcase name="canPerformSimpleMigrationWithIncubator[Using mapdb]" classname="org.chronos.chronosphere.test.evolution.BasicMetamodelEvolutionTest" time="1.069"/>
  <testcase name="canPerformSimpleMigrationWithIncubator[Using jdbc]" classname="org.chronos.chronosphere.test.evolution.BasicMetamodelEvolutionTest" time="0.254"/>
  <testcase name="canPerformSimpleMigrationWithIncubator[Using chunked]" classname="org.chronos.chronosphere.test.evolution.BasicMetamodelEvolutionTest" time="0.347"/>
  <testcase name="canPerformSimpleMigrationWithIncubator[Using inmemory]" classname="org.chronos.chronosphere.test.evolution.BasicMetamodelEvolutionTest" time="0.053"/>
  <system-out><![CDATA[[INFO ] 2017-08-28 19:59:18 [    Test worker] [    o.c.c.test.ChronosUnitTest]:  Temp directory is provided at: C:\Users\Martin\AppData\Local\Temp\ChronoDBTest5875214794569470503


================================================================================
 TEST START                                                                     
--------------------------------------------------------------------------------
    Test class:  BasicMetamodelEvolutionTest
    Test method: canPerformSimpleMigrationWithIncubator[Using tupl]
    Start time:  2017/08/28 19:59:18
================================================================================





================================================================================
 TEST SUCCEEDED                                                                 
--------------------------------------------------------------------------------
    Test class:  BasicMetamodelEvolutionTest
    Test method: canPerformSimpleMigrationWithIncubator[Using tupl]
    End time:    2017/08/28 19:59:19 (Duration: 968ms)
================================================================================





================================================================================
 TEST START                                                                     
--------------------------------------------------------------------------------
    Test class:  BasicMetamodelEvolutionTest
    Test method: canPerformSimpleMigrationWithIncubator[Using mapdb]
    Start time:  2017/08/28 19:59:19
================================================================================





================================================================================
 TEST SUCCEEDED                                                                 
--------------------------------------------------------------------------------
    Test class:  BasicMetamodelEvolutionTest
    Test method: canPerformSimpleMigrationWithIncubator[Using mapdb]
    End time:    2017/08/28 19:59:20 (Duration: 1069ms)
================================================================================





================================================================================
 TEST START                                                                     
--------------------------------------------------------------------------------
    Test class:  BasicMetamodelEvolutionTest
    Test method: canPerformSimpleMigrationWithIncubator[Using jdbc]
    Start time:  2017/08/28 19:59:20
================================================================================





================================================================================
 TEST SUCCEEDED                                                                 
--------------------------------------------------------------------------------
    Test class:  BasicMetamodelEvolutionTest
    Test method: canPerformSimpleMigrationWithIncubator[Using jdbc]
    End time:    2017/08/28 19:59:21 (Duration: 254ms)
================================================================================





================================================================================
 TEST START                                                                     
--------------------------------------------------------------------------------
    Test class:  BasicMetamodelEvolutionTest
    Test method: canPerformSimpleMigrationWithIncubator[Using chunked]
    Start time:  2017/08/28 19:59:21
================================================================================





================================================================================
 TEST SUCCEEDED                                                                 
--------------------------------------------------------------------------------
    Test class:  BasicMetamodelEvolutionTest
    Test method: canPerformSimpleMigrationWithIncubator[Using chunked]
    End time:    2017/08/28 19:59:21 (Duration: 347ms)
================================================================================





================================================================================
 TEST START                                                                     
--------------------------------------------------------------------------------
    Test class:  BasicMetamodelEvolutionTest
    Test method: canPerformSimpleMigrationWithIncubator[Using inmemory]
    Start time:  2017/08/28 19:59:21
================================================================================





================================================================================
 TEST SUCCEEDED                                                                 
--------------------------------------------------------------------------------
    Test class:  BasicMetamodelEvolutionTest
    Test method: canPerformSimpleMigrationWithIncubator[Using inmemory]
    End time:    2017/08/28 19:59:21 (Duration: 53ms)
================================================================================



[INFO ] 2017-08-28 19:59:21 [    Test worker] [    o.c.c.test.ChronosUnitTest]:  Attempting to delete temp directory provided at: C:\Users\Martin\AppData\Local\Temp\ChronoDBTest5875214794569470503
[INFO ] 2017-08-28 19:59:21 [    Test worker] [    o.c.c.test.ChronosUnitTest]:  Successfully deleted temp directory
]]></system-out>
  <system-err><![CDATA[]]></system-err>
</testsuite>
