<?xml version="1.0" encoding="UTF-8"?>
<testsuite name="org.chronos.chronosphere.test.indexing.ChronoSphereIndexManagerTest" tests="10" skipped="0" failures="0" errors="0" timestamp="2017-08-28T17:59:21" hostname="Aurora" time="3.789">
  <properties/>
  <testcase name="canQueryIndex[Using chunked]" classname="org.chronos.chronosphere.test.indexing.ChronoSphereIndexManagerTest" time="0.315"/>
  <testcase name="canCreateAndDropIndexOnEAttribute[Using chunked]" classname="org.chronos.chronosphere.test.indexing.ChronoSphereIndexManagerTest" time="0.347"/>
  <testcase name="canQueryIndex[Using jdbc]" classname="org.chronos.chronosphere.test.indexing.ChronoSphereIndexManagerTest" time="0.138"/>
  <testcase name="canCreateAndDropIndexOnEAttribute[Using jdbc]" classname="org.chronos.chronosphere.test.indexing.ChronoSphereIndexManagerTest" time="0.115"/>
  <testcase name="canQueryIndex[Using mapdb]" classname="org.chronos.chronosphere.test.indexing.ChronoSphereIndexManagerTest" time="1.156"/>
  <testcase name="canCreateAndDropIndexOnEAttribute[Using mapdb]" classname="org.chronos.chronosphere.test.indexing.ChronoSphereIndexManagerTest" time="1.128"/>
  <testcase name="canQueryIndex[Using tupl]" classname="org.chronos.chronosphere.test.indexing.ChronoSphereIndexManagerTest" time="0.278"/>
  <testcase name="canCreateAndDropIndexOnEAttribute[Using tupl]" classname="org.chronos.chronosphere.test.indexing.ChronoSphereIndexManagerTest" time="0.253"/>
  <testcase name="canQueryIndex[Using inmemory]" classname="org.chronos.chronosphere.test.indexing.ChronoSphereIndexManagerTest" time="0.027"/>
  <testcase name="canCreateAndDropIndexOnEAttribute[Using inmemory]" classname="org.chronos.chronosphere.test.indexing.ChronoSphereIndexManagerTest" time="0.032"/>
  <system-out><![CDATA[[INFO ] 2017-08-28 19:59:21 [    Test worker] [    o.c.c.test.ChronosUnitTest]:  Temp directory is provided at: C:\Users\Martin\AppData\Local\Temp\ChronoDBTest5875214794569470503


================================================================================
 TEST START                                                                     
--------------------------------------------------------------------------------
    Test class:  ChronoSphereIndexManagerTest
    Test method: canQueryIndex[Using chunked]
    Start time:  2017/08/28 19:59:21
================================================================================





================================================================================
 TEST SUCCEEDED                                                                 
--------------------------------------------------------------------------------
    Test class:  ChronoSphereIndexManagerTest
    Test method: canQueryIndex[Using chunked]
    End time:    2017/08/28 19:59:21 (Duration: 315ms)
================================================================================





================================================================================
 TEST START                                                                     
--------------------------------------------------------------------------------
    Test class:  ChronoSphereIndexManagerTest
    Test method: canCreateAndDropIndexOnEAttribute[Using chunked]
    Start time:  2017/08/28 19:59:21
================================================================================





================================================================================
 TEST SUCCEEDED                                                                 
--------------------------------------------------------------------------------
    Test class:  ChronoSphereIndexManagerTest
    Test method: canCreateAndDropIndexOnEAttribute[Using chunked]
    End time:    2017/08/28 19:59:22 (Duration: 347ms)
================================================================================





================================================================================
 TEST START                                                                     
--------------------------------------------------------------------------------
    Test class:  ChronoSphereIndexManagerTest
    Test method: canQueryIndex[Using jdbc]
    Start time:  2017/08/28 19:59:22
================================================================================





================================================================================
 TEST SUCCEEDED                                                                 
--------------------------------------------------------------------------------
    Test class:  ChronoSphereIndexManagerTest
    Test method: canQueryIndex[Using jdbc]
    End time:    2017/08/28 19:59:22 (Duration: 138ms)
================================================================================





================================================================================
 TEST START                                                                     
--------------------------------------------------------------------------------
    Test class:  ChronoSphereIndexManagerTest
    Test method: canCreateAndDropIndexOnEAttribute[Using jdbc]
    Start time:  2017/08/28 19:59:22
================================================================================





================================================================================
 TEST SUCCEEDED                                                                 
--------------------------------------------------------------------------------
    Test class:  ChronoSphereIndexManagerTest
    Test method: canCreateAndDropIndexOnEAttribute[Using jdbc]
    End time:    2017/08/28 19:59:22 (Duration: 115ms)
================================================================================





================================================================================
 TEST START                                                                     
--------------------------------------------------------------------------------
    Test class:  ChronoSphereIndexManagerTest
    Test method: canQueryIndex[Using mapdb]
    Start time:  2017/08/28 19:59:22
================================================================================





================================================================================
 TEST SUCCEEDED                                                                 
--------------------------------------------------------------------------------
    Test class:  ChronoSphereIndexManagerTest
    Test method: canQueryIndex[Using mapdb]
    End time:    2017/08/28 19:59:23 (Duration: 1156ms)
================================================================================





================================================================================
 TEST START                                                                     
--------------------------------------------------------------------------------
    Test class:  ChronoSphereIndexManagerTest
    Test method: canCreateAndDropIndexOnEAttribute[Using mapdb]
    Start time:  2017/08/28 19:59:23
================================================================================





================================================================================
 TEST SUCCEEDED                                                                 
--------------------------------------------------------------------------------
    Test class:  ChronoSphereIndexManagerTest
    Test method: canCreateAndDropIndexOnEAttribute[Using mapdb]
    End time:    2017/08/28 19:59:24 (Duration: 1128ms)
================================================================================





================================================================================
 TEST START                                                                     
--------------------------------------------------------------------------------
    Test class:  ChronoSphereIndexManagerTest
    Test method: canQueryIndex[Using tupl]
    Start time:  2017/08/28 19:59:24
================================================================================





================================================================================
 TEST SUCCEEDED                                                                 
--------------------------------------------------------------------------------
    Test class:  ChronoSphereIndexManagerTest
    Test method: canQueryIndex[Using tupl]
    End time:    2017/08/28 19:59:24 (Duration: 278ms)
================================================================================





================================================================================
 TEST START                                                                     
--------------------------------------------------------------------------------
    Test class:  ChronoSphereIndexManagerTest
    Test method: canCreateAndDropIndexOnEAttribute[Using tupl]
    Start time:  2017/08/28 19:59:24
================================================================================





================================================================================
 TEST SUCCEEDED                                                                 
--------------------------------------------------------------------------------
    Test class:  ChronoSphereIndexManagerTest
    Test method: canCreateAndDropIndexOnEAttribute[Using tupl]
    End time:    2017/08/28 19:59:25 (Duration: 253ms)
================================================================================





================================================================================
 TEST START                                                                     
--------------------------------------------------------------------------------
    Test class:  ChronoSphereIndexManagerTest
    Test method: canQueryIndex[Using inmemory]
    Start time:  2017/08/28 19:59:25
================================================================================





================================================================================
 TEST SUCCEEDED                                                                 
--------------------------------------------------------------------------------
    Test class:  ChronoSphereIndexManagerTest
    Test method: canQueryIndex[Using inmemory]
    End time:    2017/08/28 19:59:25 (Duration: 27ms)
================================================================================





================================================================================
 TEST START                                                                     
--------------------------------------------------------------------------------
    Test class:  ChronoSphereIndexManagerTest
    Test method: canCreateAndDropIndexOnEAttribute[Using inmemory]
    Start time:  2017/08/28 19:59:25
================================================================================





================================================================================
 TEST SUCCEEDED                                                                 
--------------------------------------------------------------------------------
    Test class:  ChronoSphereIndexManagerTest
    Test method: canCreateAndDropIndexOnEAttribute[Using inmemory]
    End time:    2017/08/28 19:59:25 (Duration: 32ms)
================================================================================



[INFO ] 2017-08-28 19:59:25 [    Test worker] [    o.c.c.test.ChronosUnitTest]:  Attempting to delete temp directory provided at: C:\Users\Martin\AppData\Local\Temp\ChronoDBTest5875214794569470503
[INFO ] 2017-08-28 19:59:25 [    Test worker] [    o.c.c.test.ChronosUnitTest]:  Successfully deleted temp directory
]]></system-out>
  <system-err><![CDATA[]]></system-err>
</testsuite>
