<?xml version="1.0" encoding="UTF-8"?>
<testsuite name="org.chronos.chronosphere.test.query.QueryAPITest" tests="20" skipped="0" failures="0" errors="0" timestamp="2017-08-28T17:59:25" hostname="Aurora" time="6.307">
  <properties/>
  <testcase name="canFindSarahsParentsViaReferencingEObjects[Using chunked]" classname="org.chronos.chronosphere.test.query.QueryAPITest" time="0.382"/>
  <testcase name="canFindAllPersonsWhoHaveChildren[Using chunked]" classname="org.chronos.chronosphere.test.query.QueryAPITest" time="0.469"/>
  <testcase name="canFindJohnsFriends[Using chunked]" classname="org.chronos.chronosphere.test.query.QueryAPITest" time="0.468"/>
  <testcase name="canFindFamilyOfJohnWithSubqueries[Using chunked]" classname="org.chronos.chronosphere.test.query.QueryAPITest" time="0.485"/>
  <testcase name="canFindSarahsParentsViaReferencingEObjects[Using tupl]" classname="org.chronos.chronosphere.test.query.QueryAPITest" time="0.363"/>
  <testcase name="canFindAllPersonsWhoHaveChildren[Using tupl]" classname="org.chronos.chronosphere.test.query.QueryAPITest" time="0.2"/>
  <testcase name="canFindJohnsFriends[Using tupl]" classname="org.chronos.chronosphere.test.query.QueryAPITest" time="0.185"/>
  <testcase name="canFindFamilyOfJohnWithSubqueries[Using tupl]" classname="org.chronos.chronosphere.test.query.QueryAPITest" time="0.184"/>
  <testcase name="canFindSarahsParentsViaReferencingEObjects[Using inmemory]" classname="org.chronos.chronosphere.test.query.QueryAPITest" time="0.022"/>
  <testcase name="canFindAllPersonsWhoHaveChildren[Using inmemory]" classname="org.chronos.chronosphere.test.query.QueryAPITest" time="0.014"/>
  <testcase name="canFindJohnsFriends[Using inmemory]" classname="org.chronos.chronosphere.test.query.QueryAPITest" time="0.018"/>
  <testcase name="canFindFamilyOfJohnWithSubqueries[Using inmemory]" classname="org.chronos.chronosphere.test.query.QueryAPITest" time="0.01"/>
  <testcase name="canFindSarahsParentsViaReferencingEObjects[Using mapdb]" classname="org.chronos.chronosphere.test.query.QueryAPITest" time="0.636"/>
  <testcase name="canFindAllPersonsWhoHaveChildren[Using mapdb]" classname="org.chronos.chronosphere.test.query.QueryAPITest" time="0.869"/>
  <testcase name="canFindJohnsFriends[Using mapdb]" classname="org.chronos.chronosphere.test.query.QueryAPITest" time="0.832"/>
  <testcase name="canFindFamilyOfJohnWithSubqueries[Using mapdb]" classname="org.chronos.chronosphere.test.query.QueryAPITest" time="0.884"/>
  <testcase name="canFindSarahsParentsViaReferencingEObjects[Using jdbc]" classname="org.chronos.chronosphere.test.query.QueryAPITest" time="0.069"/>
  <testcase name="canFindAllPersonsWhoHaveChildren[Using jdbc]" classname="org.chronos.chronosphere.test.query.QueryAPITest" time="0.068"/>
  <testcase name="canFindJohnsFriends[Using jdbc]" classname="org.chronos.chronosphere.test.query.QueryAPITest" time="0.079"/>
  <testcase name="canFindFamilyOfJohnWithSubqueries[Using jdbc]" classname="org.chronos.chronosphere.test.query.QueryAPITest" time="0.054"/>
  <system-out><![CDATA[[INFO ] 2017-08-28 19:59:25 [    Test worker] [    o.c.c.test.ChronosUnitTest]:  Temp directory is provided at: C:\Users\Martin\AppData\Local\Temp\ChronoDBTest5875214794569470503


================================================================================
 TEST START                                                                     
--------------------------------------------------------------------------------
    Test class:  QueryAPITest
    Test method: canFindSarahsParentsViaReferencingEObjects[Using chunked]
    Start time:  2017/08/28 19:59:25
================================================================================





================================================================================
 TEST SUCCEEDED                                                                 
--------------------------------------------------------------------------------
    Test class:  QueryAPITest
    Test method: canFindSarahsParentsViaReferencingEObjects[Using chunked]
    End time:    2017/08/28 19:59:25 (Duration: 381ms)
================================================================================





================================================================================
 TEST START                                                                     
--------------------------------------------------------------------------------
    Test class:  QueryAPITest
    Test method: canFindAllPersonsWhoHaveChildren[Using chunked]
    Start time:  2017/08/28 19:59:25
================================================================================





================================================================================
 TEST SUCCEEDED                                                                 
--------------------------------------------------------------------------------
    Test class:  QueryAPITest
    Test method: canFindAllPersonsWhoHaveChildren[Using chunked]
    End time:    2017/08/28 19:59:26 (Duration: 469ms)
================================================================================





================================================================================
 TEST START                                                                     
--------------------------------------------------------------------------------
    Test class:  QueryAPITest
    Test method: canFindJohnsFriends[Using chunked]
    Start time:  2017/08/28 19:59:26
================================================================================





================================================================================
 TEST SUCCEEDED                                                                 
--------------------------------------------------------------------------------
    Test class:  QueryAPITest
    Test method: canFindJohnsFriends[Using chunked]
    End time:    2017/08/28 19:59:26 (Duration: 468ms)
================================================================================





================================================================================
 TEST START                                                                     
--------------------------------------------------------------------------------
    Test class:  QueryAPITest
    Test method: canFindFamilyOfJohnWithSubqueries[Using chunked]
    Start time:  2017/08/28 19:59:26
================================================================================





================================================================================
 TEST SUCCEEDED                                                                 
--------------------------------------------------------------------------------
    Test class:  QueryAPITest
    Test method: canFindFamilyOfJohnWithSubqueries[Using chunked]
    End time:    2017/08/28 19:59:27 (Duration: 485ms)
================================================================================





================================================================================
 TEST START                                                                     
--------------------------------------------------------------------------------
    Test class:  QueryAPITest
    Test method: canFindSarahsParentsViaReferencingEObjects[Using tupl]
    Start time:  2017/08/28 19:59:27
================================================================================





================================================================================
 TEST SUCCEEDED                                                                 
--------------------------------------------------------------------------------
    Test class:  QueryAPITest
    Test method: canFindSarahsParentsViaReferencingEObjects[Using tupl]
    End time:    2017/08/28 19:59:27 (Duration: 363ms)
================================================================================





================================================================================
 TEST START                                                                     
--------------------------------------------------------------------------------
    Test class:  QueryAPITest
    Test method: canFindAllPersonsWhoHaveChildren[Using tupl]
    Start time:  2017/08/28 19:59:27
================================================================================





================================================================================
 TEST SUCCEEDED                                                                 
--------------------------------------------------------------------------------
    Test class:  QueryAPITest
    Test method: canFindAllPersonsWhoHaveChildren[Using tupl]
    End time:    2017/08/28 19:59:27 (Duration: 200ms)
================================================================================





================================================================================
 TEST START                                                                     
--------------------------------------------------------------------------------
    Test class:  QueryAPITest
    Test method: canFindJohnsFriends[Using tupl]
    Start time:  2017/08/28 19:59:27
================================================================================





================================================================================
 TEST SUCCEEDED                                                                 
--------------------------------------------------------------------------------
    Test class:  QueryAPITest
    Test method: canFindJohnsFriends[Using tupl]
    End time:    2017/08/28 19:59:27 (Duration: 185ms)
================================================================================





================================================================================
 TEST START                                                                     
--------------------------------------------------------------------------------
    Test class:  QueryAPITest
    Test method: canFindFamilyOfJohnWithSubqueries[Using tupl]
    Start time:  2017/08/28 19:59:27
================================================================================





================================================================================
 TEST SUCCEEDED                                                                 
--------------------------------------------------------------------------------
    Test class:  QueryAPITest
    Test method: canFindFamilyOfJohnWithSubqueries[Using tupl]
    End time:    2017/08/28 19:59:27 (Duration: 184ms)
================================================================================





================================================================================
 TEST START                                                                     
--------------------------------------------------------------------------------
    Test class:  QueryAPITest
    Test method: canFindSarahsParentsViaReferencingEObjects[Using inmemory]
    Start time:  2017/08/28 19:59:27
================================================================================





================================================================================
 TEST SUCCEEDED                                                                 
--------------------------------------------------------------------------------
    Test class:  QueryAPITest
    Test method: canFindSarahsParentsViaReferencingEObjects[Using inmemory]
    End time:    2017/08/28 19:59:27 (Duration: 22ms)
================================================================================





================================================================================
 TEST START                                                                     
--------------------------------------------------------------------------------
    Test class:  QueryAPITest
    Test method: canFindAllPersonsWhoHaveChildren[Using inmemory]
    Start time:  2017/08/28 19:59:27
================================================================================





================================================================================
 TEST SUCCEEDED                                                                 
--------------------------------------------------------------------------------
    Test class:  QueryAPITest
    Test method: canFindAllPersonsWhoHaveChildren[Using inmemory]
    End time:    2017/08/28 19:59:27 (Duration: 14ms)
================================================================================





================================================================================
 TEST START                                                                     
--------------------------------------------------------------------------------
    Test class:  QueryAPITest
    Test method: canFindJohnsFriends[Using inmemory]
    Start time:  2017/08/28 19:59:27
================================================================================





================================================================================
 TEST SUCCEEDED                                                                 
--------------------------------------------------------------------------------
    Test class:  QueryAPITest
    Test method: canFindJohnsFriends[Using inmemory]
    End time:    2017/08/28 19:59:28 (Duration: 18ms)
================================================================================





================================================================================
 TEST START                                                                     
--------------------------------------------------------------------------------
    Test class:  QueryAPITest
    Test method: canFindFamilyOfJohnWithSubqueries[Using inmemory]
    Start time:  2017/08/28 19:59:28
================================================================================





================================================================================
 TEST SUCCEEDED                                                                 
--------------------------------------------------------------------------------
    Test class:  QueryAPITest
    Test method: canFindFamilyOfJohnWithSubqueries[Using inmemory]
    End time:    2017/08/28 19:59:28 (Duration: 10ms)
================================================================================





================================================================================
 TEST START                                                                     
--------------------------------------------------------------------------------
    Test class:  QueryAPITest
    Test method: canFindSarahsParentsViaReferencingEObjects[Using mapdb]
    Start time:  2017/08/28 19:59:28
================================================================================





================================================================================
 TEST SUCCEEDED                                                                 
--------------------------------------------------------------------------------
    Test class:  QueryAPITest
    Test method: canFindSarahsParentsViaReferencingEObjects[Using mapdb]
    End time:    2017/08/28 19:59:28 (Duration: 636ms)
================================================================================





================================================================================
 TEST START                                                                     
--------------------------------------------------------------------------------
    Test class:  QueryAPITest
    Test method: canFindAllPersonsWhoHaveChildren[Using mapdb]
    Start time:  2017/08/28 19:59:28
================================================================================





================================================================================
 TEST SUCCEEDED                                                                 
--------------------------------------------------------------------------------
    Test class:  QueryAPITest
    Test method: canFindAllPersonsWhoHaveChildren[Using mapdb]
    End time:    2017/08/28 19:59:29 (Duration: 869ms)
================================================================================





================================================================================
 TEST START                                                                     
--------------------------------------------------------------------------------
    Test class:  QueryAPITest
    Test method: canFindJohnsFriends[Using mapdb]
    Start time:  2017/08/28 19:59:29
================================================================================





================================================================================
 TEST SUCCEEDED                                                                 
--------------------------------------------------------------------------------
    Test class:  QueryAPITest
    Test method: canFindJohnsFriends[Using mapdb]
    End time:    2017/08/28 19:59:30 (Duration: 832ms)
================================================================================





================================================================================
 TEST START                                                                     
--------------------------------------------------------------------------------
    Test class:  QueryAPITest
    Test method: canFindFamilyOfJohnWithSubqueries[Using mapdb]
    Start time:  2017/08/28 19:59:30
================================================================================





================================================================================
 TEST SUCCEEDED                                                                 
--------------------------------------------------------------------------------
    Test class:  QueryAPITest
    Test method: canFindFamilyOfJohnWithSubqueries[Using mapdb]
    End time:    2017/08/28 19:59:31 (Duration: 884ms)
================================================================================





================================================================================
 TEST START                                                                     
--------------------------------------------------------------------------------
    Test class:  QueryAPITest
    Test method: canFindSarahsParentsViaReferencingEObjects[Using jdbc]
    Start time:  2017/08/28 19:59:31
================================================================================





================================================================================
 TEST SUCCEEDED                                                                 
--------------------------------------------------------------------------------
    Test class:  QueryAPITest
    Test method: canFindSarahsParentsViaReferencingEObjects[Using jdbc]
    End time:    2017/08/28 19:59:31 (Duration: 69ms)
================================================================================





================================================================================
 TEST START                                                                     
--------------------------------------------------------------------------------
    Test class:  QueryAPITest
    Test method: canFindAllPersonsWhoHaveChildren[Using jdbc]
    Start time:  2017/08/28 19:59:31
================================================================================





================================================================================
 TEST SUCCEEDED                                                                 
--------------------------------------------------------------------------------
    Test class:  QueryAPITest
    Test method: canFindAllPersonsWhoHaveChildren[Using jdbc]
    End time:    2017/08/28 19:59:31 (Duration: 68ms)
================================================================================





================================================================================
 TEST START                                                                     
--------------------------------------------------------------------------------
    Test class:  QueryAPITest
    Test method: canFindJohnsFriends[Using jdbc]
    Start time:  2017/08/28 19:59:31
================================================================================





================================================================================
 TEST SUCCEEDED                                                                 
--------------------------------------------------------------------------------
    Test class:  QueryAPITest
    Test method: canFindJohnsFriends[Using jdbc]
    End time:    2017/08/28 19:59:31 (Duration: 79ms)
================================================================================





================================================================================
 TEST START                                                                     
--------------------------------------------------------------------------------
    Test class:  QueryAPITest
    Test method: canFindFamilyOfJohnWithSubqueries[Using jdbc]
    Start time:  2017/08/28 19:59:31
================================================================================





================================================================================
 TEST SUCCEEDED                                                                 
--------------------------------------------------------------------------------
    Test class:  QueryAPITest
    Test method: canFindFamilyOfJohnWithSubqueries[Using jdbc]
    End time:    2017/08/28 19:59:31 (Duration: 54ms)
================================================================================



[INFO ] 2017-08-28 19:59:31 [    Test worker] [    o.c.c.test.ChronosUnitTest]:  Attempting to delete temp directory provided at: C:\Users\Martin\AppData\Local\Temp\ChronoDBTest5875214794569470503
[INFO ] 2017-08-28 19:59:31 [    Test worker] [    o.c.c.test.ChronosUnitTest]:  Successfully deleted temp directory
]]></system-out>
  <system-err><![CDATA[]]></system-err>
</testsuite>
