<?xml version="1.0" encoding="UTF-8"?>
<testsuite name="org.chronos.common.test.collections.immutable.HashArrayMappedTreePerformanceTest" tests="2" skipped="0" failures="0" errors="0" timestamp="2017-08-28T17:59:41" hostname="Aurora" time="16.801">
  <properties/>
  <testcase name="readWritePerformanceTest" classname="org.chronos.common.test.collections.immutable.HashArrayMappedTreePerformanceTest" time="6.568"/>
  <testcase name="iterationPerformanceTest" classname="org.chronos.common.test.collections.immutable.HashArrayMappedTreePerformanceTest" time="10.233"/>
  <system-out><![CDATA[Starting in 5 seconds.
GO!
INSERTION :: java.util.HashMap -> 12ms
INSERTION :: java.util.TreeMap -> 66ms
INSERTION :: HashArrayMappedTreeMap -> 78ms
GET :: java.util.HashMap -> 14ms
GET :: java.util.TreeMap -> 57ms
GET :: HAMT Map -> 42ms
ITER :: java.util.HashMap -> 128ms
ITER :: java.util.TreeMap -> 229ms
ITER :: HashArrayMappedTreeMap -> 697ms
Done.
INSERTION :: HashArrayMappedTreeMap -> 69ms
Starting iteration in 5 seconds.
GO!
ITER :: HashArrayMappedTreeMap -> 5013ms
]]></system-out>
  <system-err><![CDATA[]]></system-err>
</testsuite>
