<?xml version="1.0" encoding="UTF-8"?>
<testsuite name="org.chronos.common.test.version.ChronosVersionTest" tests="4" skipped="0" failures="0" errors="0" timestamp="2017-08-28T18:00:03" hostname="Aurora" time="0.005">
  <properties/>
  <testcase name="noTagIsInterpretedAsRelease" classname="org.chronos.common.test.version.ChronosVersionTest" time="0.001"/>
  <testcase name="canGetCurrentVersion" classname="org.chronos.common.test.version.ChronosVersionTest" time="0.003"/>
  <testcase name="canConvertToAndFromString" classname="org.chronos.common.test.version.ChronosVersionTest" time="0.0"/>
  <testcase name="readCompatibilityIsIndicatedCorrectly" classname="org.chronos.common.test.version.ChronosVersionTest" time="0.0"/>
  <system-out><![CDATA[]]></system-out>
  <system-err><![CDATA[]]></system-err>
</testsuite>
