<?xml version="1.0" encoding="UTF-8"?>
<testsuite name="org.chronos.chronodb.test.engine.commitmetadata.BasicCommitMetadataTest" tests="25" skipped="0" failures="0" errors="0" timestamp="2017-08-28T17:50:54" hostname="Aurora" time="4.443">
  <properties/>
  <testcase name="simpleStoringAndRetrievingMetadataWorks[Using mapdb]" classname="org.chronos.chronodb.test.engine.commitmetadata.BasicCommitMetadataTest" time="0.384"/>
  <testcase name="canUseHashMapAsCommitMetadata[Using mapdb]" classname="org.chronos.chronodb.test.engine.commitmetadata.BasicCommitMetadataTest" time="0.416"/>
  <testcase name="readingCommitMetadataRetrievesCorrectObject[Using mapdb]" classname="org.chronos.chronodb.test.engine.commitmetadata.BasicCommitMetadataTest" time="0.4"/>
  <testcase name="readingCommitMetadataFromNonExistingCommitTimestampsProducesNull[Using mapdb]" classname="org.chronos.chronodb.test.engine.commitmetadata.BasicCommitMetadataTest" time="0.255"/>
  <testcase name="readingCommitMessagesFromOriginBranchWorks[Using mapdb]" classname="org.chronos.chronodb.test.engine.commitmetadata.BasicCommitMetadataTest" time="0.384"/>
  <testcase name="simpleStoringAndRetrievingMetadataWorks[Using inmemory]" classname="org.chronos.chronodb.test.engine.commitmetadata.BasicCommitMetadataTest" time="0.0"/>
  <testcase name="canUseHashMapAsCommitMetadata[Using inmemory]" classname="org.chronos.chronodb.test.engine.commitmetadata.BasicCommitMetadataTest" time="0.0"/>
  <testcase name="readingCommitMetadataRetrievesCorrectObject[Using inmemory]" classname="org.chronos.chronodb.test.engine.commitmetadata.BasicCommitMetadataTest" time="0.019"/>
  <testcase name="readingCommitMetadataFromNonExistingCommitTimestampsProducesNull[Using inmemory]" classname="org.chronos.chronodb.test.engine.commitmetadata.BasicCommitMetadataTest" time="0.0"/>
  <testcase name="readingCommitMessagesFromOriginBranchWorks[Using inmemory]" classname="org.chronos.chronodb.test.engine.commitmetadata.BasicCommitMetadataTest" time="0.009"/>
  <testcase name="simpleStoringAndRetrievingMetadataWorks[Using tupl]" classname="org.chronos.chronodb.test.engine.commitmetadata.BasicCommitMetadataTest" time="0.189"/>
  <testcase name="canUseHashMapAsCommitMetadata[Using tupl]" classname="org.chronos.chronodb.test.engine.commitmetadata.BasicCommitMetadataTest" time="0.162"/>
  <testcase name="readingCommitMetadataRetrievesCorrectObject[Using tupl]" classname="org.chronos.chronodb.test.engine.commitmetadata.BasicCommitMetadataTest" time="0.203"/>
  <testcase name="readingCommitMetadataFromNonExistingCommitTimestampsProducesNull[Using tupl]" classname="org.chronos.chronodb.test.engine.commitmetadata.BasicCommitMetadataTest" time="0.15"/>
  <testcase name="readingCommitMessagesFromOriginBranchWorks[Using tupl]" classname="org.chronos.chronodb.test.engine.commitmetadata.BasicCommitMetadataTest" time="0.2"/>
  <testcase name="simpleStoringAndRetrievingMetadataWorks[Using chunked]" classname="org.chronos.chronodb.test.engine.commitmetadata.BasicCommitMetadataTest" time="0.401"/>
  <testcase name="canUseHashMapAsCommitMetadata[Using chunked]" classname="org.chronos.chronodb.test.engine.commitmetadata.BasicCommitMetadataTest" time="0.369"/>
  <testcase name="readingCommitMetadataRetrievesCorrectObject[Using chunked]" classname="org.chronos.chronodb.test.engine.commitmetadata.BasicCommitMetadataTest" time="0.227"/>
  <testcase name="readingCommitMetadataFromNonExistingCommitTimestampsProducesNull[Using chunked]" classname="org.chronos.chronodb.test.engine.commitmetadata.BasicCommitMetadataTest" time="0.204"/>
  <testcase name="readingCommitMessagesFromOriginBranchWorks[Using chunked]" classname="org.chronos.chronodb.test.engine.commitmetadata.BasicCommitMetadataTest" time="0.316"/>
  <testcase name="simpleStoringAndRetrievingMetadataWorks[Using jdbc]" classname="org.chronos.chronodb.test.engine.commitmetadata.BasicCommitMetadataTest" time="0.031"/>
  <testcase name="canUseHashMapAsCommitMetadata[Using jdbc]" classname="org.chronos.chronodb.test.engine.commitmetadata.BasicCommitMetadataTest" time="0.023"/>
  <testcase name="readingCommitMetadataRetrievesCorrectObject[Using jdbc]" classname="org.chronos.chronodb.test.engine.commitmetadata.BasicCommitMetadataTest" time="0.046"/>
  <testcase name="readingCommitMetadataFromNonExistingCommitTimestampsProducesNull[Using jdbc]" classname="org.chronos.chronodb.test.engine.commitmetadata.BasicCommitMetadataTest" time="0.016"/>
  <testcase name="readingCommitMessagesFromOriginBranchWorks[Using jdbc]" classname="org.chronos.chronodb.test.engine.commitmetadata.BasicCommitMetadataTest" time="0.039"/>
  <system-out><![CDATA[19:50:54.675 [Test worker] INFO  o.c.common.test.ChronosUnitTest - Temp directory is provided at: C:\Users\Martin\AppData\Local\Temp\ChronoDBTest5529815287975316420


================================================================================
 TEST START                                                                     
--------------------------------------------------------------------------------
    Test class:  BasicCommitMetadataTest
    Test method: simpleStoringAndRetrievingMetadataWorks[Using mapdb]
    Start time:  2017/08/28 19:50:54
================================================================================





================================================================================
 TEST SUCCEEDED                                                                 
--------------------------------------------------------------------------------
    Test class:  BasicCommitMetadataTest
    Test method: simpleStoringAndRetrievingMetadataWorks[Using mapdb]
    End time:    2017/08/28 19:50:55 (Duration: 384ms)
================================================================================





================================================================================
 TEST START                                                                     
--------------------------------------------------------------------------------
    Test class:  BasicCommitMetadataTest
    Test method: canUseHashMapAsCommitMetadata[Using mapdb]
    Start time:  2017/08/28 19:50:55
================================================================================





================================================================================
 TEST SUCCEEDED                                                                 
--------------------------------------------------------------------------------
    Test class:  BasicCommitMetadataTest
    Test method: canUseHashMapAsCommitMetadata[Using mapdb]
    End time:    2017/08/28 19:50:55 (Duration: 416ms)
================================================================================





================================================================================
 TEST START                                                                     
--------------------------------------------------------------------------------
    Test class:  BasicCommitMetadataTest
    Test method: readingCommitMetadataRetrievesCorrectObject[Using mapdb]
    Start time:  2017/08/28 19:50:55
================================================================================





================================================================================
 TEST SUCCEEDED                                                                 
--------------------------------------------------------------------------------
    Test class:  BasicCommitMetadataTest
    Test method: readingCommitMetadataRetrievesCorrectObject[Using mapdb]
    End time:    2017/08/28 19:50:55 (Duration: 400ms)
================================================================================





================================================================================
 TEST START                                                                     
--------------------------------------------------------------------------------
    Test class:  BasicCommitMetadataTest
    Test method: readingCommitMetadataFromNonExistingCommitTimestampsProducesNull[Using mapdb]
    Start time:  2017/08/28 19:50:55
================================================================================





================================================================================
 TEST SUCCEEDED                                                                 
--------------------------------------------------------------------------------
    Test class:  BasicCommitMetadataTest
    Test method: readingCommitMetadataFromNonExistingCommitTimestampsProducesNull[Using mapdb]
    End time:    2017/08/28 19:50:56 (Duration: 255ms)
================================================================================





================================================================================
 TEST START                                                                     
--------------------------------------------------------------------------------
    Test class:  BasicCommitMetadataTest
    Test method: readingCommitMessagesFromOriginBranchWorks[Using mapdb]
    Start time:  2017/08/28 19:50:56
================================================================================





================================================================================
 TEST SUCCEEDED                                                                 
--------------------------------------------------------------------------------
    Test class:  BasicCommitMetadataTest
    Test method: readingCommitMessagesFromOriginBranchWorks[Using mapdb]
    End time:    2017/08/28 19:50:56 (Duration: 384ms)
================================================================================





================================================================================
 TEST START                                                                     
--------------------------------------------------------------------------------
    Test class:  BasicCommitMetadataTest
    Test method: simpleStoringAndRetrievingMetadataWorks[Using inmemory]
    Start time:  2017/08/28 19:50:56
================================================================================





================================================================================
 TEST SUCCEEDED                                                                 
--------------------------------------------------------------------------------
    Test class:  BasicCommitMetadataTest
    Test method: simpleStoringAndRetrievingMetadataWorks[Using inmemory]
    End time:    2017/08/28 19:50:56 (Duration: 0ms)
================================================================================





================================================================================
 TEST START                                                                     
--------------------------------------------------------------------------------
    Test class:  BasicCommitMetadataTest
    Test method: canUseHashMapAsCommitMetadata[Using inmemory]
    Start time:  2017/08/28 19:50:56
================================================================================





================================================================================
 TEST SUCCEEDED                                                                 
--------------------------------------------------------------------------------
    Test class:  BasicCommitMetadataTest
    Test method: canUseHashMapAsCommitMetadata[Using inmemory]
    End time:    2017/08/28 19:50:56 (Duration: 0ms)
================================================================================





================================================================================
 TEST START                                                                     
--------------------------------------------------------------------------------
    Test class:  BasicCommitMetadataTest
    Test method: readingCommitMetadataRetrievesCorrectObject[Using inmemory]
    Start time:  2017/08/28 19:50:56
================================================================================





================================================================================
 TEST SUCCEEDED                                                                 
--------------------------------------------------------------------------------
    Test class:  BasicCommitMetadataTest
    Test method: readingCommitMetadataRetrievesCorrectObject[Using inmemory]
    End time:    2017/08/28 19:50:56 (Duration: 19ms)
================================================================================





================================================================================
 TEST START                                                                     
--------------------------------------------------------------------------------
    Test class:  BasicCommitMetadataTest
    Test method: readingCommitMetadataFromNonExistingCommitTimestampsProducesNull[Using inmemory]
    Start time:  2017/08/28 19:50:56
================================================================================





================================================================================
 TEST SUCCEEDED                                                                 
--------------------------------------------------------------------------------
    Test class:  BasicCommitMetadataTest
    Test method: readingCommitMetadataFromNonExistingCommitTimestampsProducesNull[Using inmemory]
    End time:    2017/08/28 19:50:56 (Duration: 0ms)
================================================================================





================================================================================
 TEST START                                                                     
--------------------------------------------------------------------------------
    Test class:  BasicCommitMetadataTest
    Test method: readingCommitMessagesFromOriginBranchWorks[Using inmemory]
    Start time:  2017/08/28 19:50:56
================================================================================





================================================================================
 TEST SUCCEEDED                                                                 
--------------------------------------------------------------------------------
    Test class:  BasicCommitMetadataTest
    Test method: readingCommitMessagesFromOriginBranchWorks[Using inmemory]
    End time:    2017/08/28 19:50:56 (Duration: 9ms)
================================================================================





================================================================================
 TEST START                                                                     
--------------------------------------------------------------------------------
    Test class:  BasicCommitMetadataTest
    Test method: simpleStoringAndRetrievingMetadataWorks[Using tupl]
    Start time:  2017/08/28 19:50:56
================================================================================





================================================================================
 TEST SUCCEEDED                                                                 
--------------------------------------------------------------------------------
    Test class:  BasicCommitMetadataTest
    Test method: simpleStoringAndRetrievingMetadataWorks[Using tupl]
    End time:    2017/08/28 19:50:56 (Duration: 189ms)
================================================================================





================================================================================
 TEST START                                                                     
--------------------------------------------------------------------------------
    Test class:  BasicCommitMetadataTest
    Test method: canUseHashMapAsCommitMetadata[Using tupl]
    Start time:  2017/08/28 19:50:56
================================================================================





================================================================================
 TEST SUCCEEDED                                                                 
--------------------------------------------------------------------------------
    Test class:  BasicCommitMetadataTest
    Test method: canUseHashMapAsCommitMetadata[Using tupl]
    End time:    2017/08/28 19:50:56 (Duration: 162ms)
================================================================================





================================================================================
 TEST START                                                                     
--------------------------------------------------------------------------------
    Test class:  BasicCommitMetadataTest
    Test method: readingCommitMetadataRetrievesCorrectObject[Using tupl]
    Start time:  2017/08/28 19:50:56
================================================================================





================================================================================
 TEST SUCCEEDED                                                                 
--------------------------------------------------------------------------------
    Test class:  BasicCommitMetadataTest
    Test method: readingCommitMetadataRetrievesCorrectObject[Using tupl]
    End time:    2017/08/28 19:50:57 (Duration: 203ms)
================================================================================





================================================================================
 TEST START                                                                     
--------------------------------------------------------------------------------
    Test class:  BasicCommitMetadataTest
    Test method: readingCommitMetadataFromNonExistingCommitTimestampsProducesNull[Using tupl]
    Start time:  2017/08/28 19:50:57
================================================================================





================================================================================
 TEST SUCCEEDED                                                                 
--------------------------------------------------------------------------------
    Test class:  BasicCommitMetadataTest
    Test method: readingCommitMetadataFromNonExistingCommitTimestampsProducesNull[Using tupl]
    End time:    2017/08/28 19:50:57 (Duration: 150ms)
================================================================================





================================================================================
 TEST START                                                                     
--------------------------------------------------------------------------------
    Test class:  BasicCommitMetadataTest
    Test method: readingCommitMessagesFromOriginBranchWorks[Using tupl]
    Start time:  2017/08/28 19:50:57
================================================================================





================================================================================
 TEST SUCCEEDED                                                                 
--------------------------------------------------------------------------------
    Test class:  BasicCommitMetadataTest
    Test method: readingCommitMessagesFromOriginBranchWorks[Using tupl]
    End time:    2017/08/28 19:50:57 (Duration: 200ms)
================================================================================





================================================================================
 TEST START                                                                     
--------------------------------------------------------------------------------
    Test class:  BasicCommitMetadataTest
    Test method: simpleStoringAndRetrievingMetadataWorks[Using chunked]
    Start time:  2017/08/28 19:50:57
================================================================================





================================================================================
 TEST SUCCEEDED                                                                 
--------------------------------------------------------------------------------
    Test class:  BasicCommitMetadataTest
    Test method: simpleStoringAndRetrievingMetadataWorks[Using chunked]
    End time:    2017/08/28 19:50:57 (Duration: 401ms)
================================================================================





================================================================================
 TEST START                                                                     
--------------------------------------------------------------------------------
    Test class:  BasicCommitMetadataTest
    Test method: canUseHashMapAsCommitMetadata[Using chunked]
    Start time:  2017/08/28 19:50:57
================================================================================





================================================================================
 TEST SUCCEEDED                                                                 
--------------------------------------------------------------------------------
    Test class:  BasicCommitMetadataTest
    Test method: canUseHashMapAsCommitMetadata[Using chunked]
    End time:    2017/08/28 19:50:58 (Duration: 369ms)
================================================================================





================================================================================
 TEST START                                                                     
--------------------------------------------------------------------------------
    Test class:  BasicCommitMetadataTest
    Test method: readingCommitMetadataRetrievesCorrectObject[Using chunked]
    Start time:  2017/08/28 19:50:58
================================================================================





================================================================================
 TEST SUCCEEDED                                                                 
--------------------------------------------------------------------------------
    Test class:  BasicCommitMetadataTest
    Test method: readingCommitMetadataRetrievesCorrectObject[Using chunked]
    End time:    2017/08/28 19:50:58 (Duration: 227ms)
================================================================================





================================================================================
 TEST START                                                                     
--------------------------------------------------------------------------------
    Test class:  BasicCommitMetadataTest
    Test method: readingCommitMetadataFromNonExistingCommitTimestampsProducesNull[Using chunked]
    Start time:  2017/08/28 19:50:58
================================================================================





================================================================================
 TEST SUCCEEDED                                                                 
--------------------------------------------------------------------------------
    Test class:  BasicCommitMetadataTest
    Test method: readingCommitMetadataFromNonExistingCommitTimestampsProducesNull[Using chunked]
    End time:    2017/08/28 19:50:58 (Duration: 204ms)
================================================================================





================================================================================
 TEST START                                                                     
--------------------------------------------------------------------------------
    Test class:  BasicCommitMetadataTest
    Test method: readingCommitMessagesFromOriginBranchWorks[Using chunked]
    Start time:  2017/08/28 19:50:58
================================================================================





================================================================================
 TEST SUCCEEDED                                                                 
--------------------------------------------------------------------------------
    Test class:  BasicCommitMetadataTest
    Test method: readingCommitMessagesFromOriginBranchWorks[Using chunked]
    End time:    2017/08/28 19:50:58 (Duration: 316ms)
================================================================================





================================================================================
 TEST START                                                                     
--------------------------------------------------------------------------------
    Test class:  BasicCommitMetadataTest
    Test method: simpleStoringAndRetrievingMetadataWorks[Using jdbc]
    Start time:  2017/08/28 19:50:58
================================================================================



19:50:58.963 [Test worker] DEBUG c.m.v.c.m.DynamicPooledDataSourceManagerMBean - MBean: com.mchange.v2.c3p0:type=PooledDataSource,identityToken=1hgeqrl9qbn6pz6yfah30|cf80987,name=1hgeqrl9qbn6pz6yfah30|cf80987 registered.
19:50:58.979 [Test worker] DEBUG c.m.v.c.m.DynamicPooledDataSourceManagerMBean - MBean: com.mchange.v2.c3p0:type=PooledDataSource,identityToken=1hgeqrl9qbn6pz6yfah30|cf80987,name=1hgeqrl9qbn6pz6yfah30|cf80987 unregistered, in order to be reregistered after update.
19:50:58.979 [Test worker] DEBUG c.m.v.c.m.DynamicPooledDataSourceManagerMBean - MBean: com.mchange.v2.c3p0:type=PooledDataSource,identityToken=1hgeqrl9qbn6pz6yfah30|cf80987,name=1hgeqrl9qbn6pz6yfah30|cf80987 registered.
19:50:58.979 [Test worker] INFO  c.m.v.c.i.AbstractPoolBackedDataSource - Initializing c3p0 pool... com.mchange.v2.c3p0.PoolBackedDataSource@b61a353d [ connectionPoolDataSource -> com.mchange.v2.c3p0.WrapperConnectionPoolDataSource@8006333c [ acquireIncrement -> 3, acquireRetryAttempts -> 30, acquireRetryDelay -> 1000, autoCommitOnClose -> false, automaticTestTable -> null, breakAfterAcquireFailure -> false, checkoutTimeout -> 0, connectionCustomizerClassName -> null, connectionTesterClassName -> com.mchange.v2.c3p0.impl.DefaultConnectionTester, contextClassLoaderSource -> caller, debugUnreturnedConnectionStackTraces -> false, factoryClassLocation -> null, forceIgnoreUnresolvedTransactions -> false, forceSynchronousCheckins -> false, identityToken -> 1hgeqrl9qbn6pz6yfah30|315331b0, idleConnectionTestPeriod -> 0, initialPoolSize -> 3, maxAdministrativeTaskTime -> 0, maxConnectionAge -> 0, maxIdleTime -> 0, maxIdleTimeExcessConnections -> 0, maxPoolSize -> 15, maxStatements -> 0, maxStatementsPerConnection -> 0, minPoolSize -> 3, nestedDataSource -> com.mchange.v2.c3p0.DriverManagerDataSource@a6d6593 [ description -> null, driverClass -> null, factoryClassLocation -> null, forceUseNamedDriverClass -> false, identityToken -> 1hgeqrl9qbn6pz6yfah30|6adb3869, jdbcUrl -> jdbc:h2:mem:8802a5ab9b1e46679ea327b822fe9d7d, properties -> {} ], preferredTestQuery -> null, privilegeSpawnedThreads -> false, propertyCycle -> 0, statementCacheNumDeferredCloseThreads -> 0, testConnectionOnCheckin -> false, testConnectionOnCheckout -> false, unreturnedConnectionTimeout -> 0, usesTraditionalReflectiveProxies -> false; userOverrides: {} ], dataSourceName -> null, extensions -> {}, factoryClassLocation -> null, identityToken -> 1hgeqrl9qbn6pz6yfah30|cf80987, numHelperThreads -> 3 ]
19:50:58.979 [Test worker] DEBUG c.m.v.resourcepool.BasicResourcePool - com.mchange.v2.resourcepool.BasicResourcePool@5a5d531d config: [start -> 3; min -> 3; max -> 15; inc -> 3; num_acq_attempts -> 30; acq_attempt_delay -> 1000; check_idle_resources_delay -> 0; max_resource_age -> 0; max_idle_time -> 0; excess_max_idle_time -> 0; destroy_unreturned_resc_time -> 0; expiration_enforcement_delay -> 0; break_on_acquisition_failure -> false; debug_store_checkout_exceptions -> false; force_synchronous_checkins -> false]
19:50:58.979 [Test worker] DEBUG c.m.v.c.i.C3P0PooledConnectionPoolManager - Created new pool for auth, username (masked): 'null'.
19:50:58.979 [Test worker] DEBUG c.m.v.resourcepool.BasicResourcePool - acquire test -- pool size: 0; target_pool_size: 3; desired target? 1
19:50:58.979 [Test worker] DEBUG c.m.v.resourcepool.BasicResourcePool - awaitAvailable(): [unknown]
19:50:58.994 [Test worker] DEBUG c.m.v.c.m.ActiveManagementCoordinator - MBean: com.mchange.v2.c3p0:type=PooledDataSource,identityToken=1hgeqrl9qbn6pz6yfah30|cf80987,name=1hgeqrl9qbn6pz6yfah30|cf80987 unregistered.
19:50:58.994 [Resource Destroyer in BasicResourcePool.close()] DEBUG c.m.v.resourcepool.BasicResourcePool - Preparing to destroy resource: com.mchange.v2.c3p0.impl.NewPooledConnection@43c20a9a
19:50:58.994 [Test worker] DEBUG c.m.v.c.m.ActiveManagementCoordinator - C3P0Registry mbean unregistered.
19:50:58.994 [Resource Destroyer in BasicResourcePool.close()] DEBUG c.m.v.c.i.C3P0PooledConnectionPool - Preparing to destroy PooledConnection: com.mchange.v2.c3p0.impl.NewPooledConnection@43c20a9a
19:50:58.994 [Resource Destroyer in BasicResourcePool.close()] DEBUG c.m.v.c.i.C3P0PooledConnectionPool - Successfully destroyed PooledConnection: com.mchange.v2.c3p0.impl.NewPooledConnection@43c20a9a
19:50:58.994 [Resource Destroyer in BasicResourcePool.close()] DEBUG c.m.v.resourcepool.BasicResourcePool - Successfully destroyed resource: com.mchange.v2.c3p0.impl.NewPooledConnection@43c20a9a
19:50:58.994 [Resource Destroyer in BasicResourcePool.close()] DEBUG c.m.v.resourcepool.BasicResourcePool - Preparing to destroy resource: com.mchange.v2.c3p0.impl.NewPooledConnection@50eb06a
19:50:58.994 [Resource Destroyer in BasicResourcePool.close()] DEBUG c.m.v.c.i.C3P0PooledConnectionPool - Preparing to destroy PooledConnection: com.mchange.v2.c3p0.impl.NewPooledConnection@50eb06a
19:50:58.994 [Resource Destroyer in BasicResourcePool.close()] DEBUG c.m.v.c.i.C3P0PooledConnectionPool - Successfully destroyed PooledConnection: com.mchange.v2.c3p0.impl.NewPooledConnection@50eb06a
19:50:58.994 [Resource Destroyer in BasicResourcePool.close()] DEBUG c.m.v.resourcepool.BasicResourcePool - Successfully destroyed resource: com.mchange.v2.c3p0.impl.NewPooledConnection@50eb06a
19:50:58.994 [Resource Destroyer in BasicResourcePool.close()] DEBUG c.m.v.resourcepool.BasicResourcePool - Preparing to destroy resource: com.mchange.v2.c3p0.impl.NewPooledConnection@6ca567c8
19:50:58.994 [Resource Destroyer in BasicResourcePool.close()] DEBUG c.m.v.c.i.C3P0PooledConnectionPool - Preparing to destroy PooledConnection: com.mchange.v2.c3p0.impl.NewPooledConnection@6ca567c8
19:50:58.994 [Resource Destroyer in BasicResourcePool.close()] DEBUG c.m.v.c.i.C3P0PooledConnectionPool - Successfully destroyed PooledConnection: com.mchange.v2.c3p0.impl.NewPooledConnection@6ca567c8
19:50:58.994 [Resource Destroyer in BasicResourcePool.close()] DEBUG c.m.v.resourcepool.BasicResourcePool - Successfully destroyed resource: com.mchange.v2.c3p0.impl.NewPooledConnection@6ca567c8


================================================================================
 TEST SUCCEEDED                                                                 
--------------------------------------------------------------------------------
    Test class:  BasicCommitMetadataTest
    Test method: simpleStoringAndRetrievingMetadataWorks[Using jdbc]
    End time:    2017/08/28 19:50:58 (Duration: 31ms)
================================================================================





================================================================================
 TEST START                                                                     
--------------------------------------------------------------------------------
    Test class:  BasicCommitMetadataTest
    Test method: canUseHashMapAsCommitMetadata[Using jdbc]
    Start time:  2017/08/28 19:50:58
================================================================================



19:50:58.994 [Test worker] DEBUG c.m.v.c.m.DynamicPooledDataSourceManagerMBean - MBean: com.mchange.v2.c3p0:type=PooledDataSource,identityToken=1hgeqrl9qbn6pz6yfah30|3285a33f,name=1hgeqrl9qbn6pz6yfah30|3285a33f registered.
19:50:58.994 [Test worker] DEBUG c.m.v.c.m.DynamicPooledDataSourceManagerMBean - MBean: com.mchange.v2.c3p0:type=PooledDataSource,identityToken=1hgeqrl9qbn6pz6yfah30|3285a33f,name=1hgeqrl9qbn6pz6yfah30|3285a33f unregistered, in order to be reregistered after update.
19:50:58.994 [Test worker] DEBUG c.m.v.c.m.DynamicPooledDataSourceManagerMBean - MBean: com.mchange.v2.c3p0:type=PooledDataSource,identityToken=1hgeqrl9qbn6pz6yfah30|3285a33f,name=1hgeqrl9qbn6pz6yfah30|3285a33f registered.
19:50:58.994 [Test worker] INFO  c.m.v.c.i.AbstractPoolBackedDataSource - Initializing c3p0 pool... com.mchange.v2.c3p0.PoolBackedDataSource@45d05403 [ connectionPoolDataSource -> com.mchange.v2.c3p0.WrapperConnectionPoolDataSource@707bed19 [ acquireIncrement -> 3, acquireRetryAttempts -> 30, acquireRetryDelay -> 1000, autoCommitOnClose -> false, automaticTestTable -> null, breakAfterAcquireFailure -> false, checkoutTimeout -> 0, connectionCustomizerClassName -> null, connectionTesterClassName -> com.mchange.v2.c3p0.impl.DefaultConnectionTester, contextClassLoaderSource -> caller, debugUnreturnedConnectionStackTraces -> false, factoryClassLocation -> null, forceIgnoreUnresolvedTransactions -> false, forceSynchronousCheckins -> false, identityToken -> 1hgeqrl9qbn6pz6yfah30|737f3cf6, idleConnectionTestPeriod -> 0, initialPoolSize -> 3, maxAdministrativeTaskTime -> 0, maxConnectionAge -> 0, maxIdleTime -> 0, maxIdleTimeExcessConnections -> 0, maxPoolSize -> 15, maxStatements -> 0, maxStatementsPerConnection -> 0, minPoolSize -> 3, nestedDataSource -> com.mchange.v2.c3p0.DriverManagerDataSource@b9bc8f7 [ description -> null, driverClass -> null, factoryClassLocation -> null, forceUseNamedDriverClass -> false, identityToken -> 1hgeqrl9qbn6pz6yfah30|17926bdf, jdbcUrl -> jdbc:h2:mem:12080d0cd0574f46a0ce852aee2deaa6, properties -> {} ], preferredTestQuery -> null, privilegeSpawnedThreads -> false, propertyCycle -> 0, statementCacheNumDeferredCloseThreads -> 0, testConnectionOnCheckin -> false, testConnectionOnCheckout -> false, unreturnedConnectionTimeout -> 0, usesTraditionalReflectiveProxies -> false; userOverrides: {} ], dataSourceName -> null, extensions -> {}, factoryClassLocation -> null, identityToken -> 1hgeqrl9qbn6pz6yfah30|3285a33f, numHelperThreads -> 3 ]
19:50:58.994 [Test worker] DEBUG c.m.v.resourcepool.BasicResourcePool - com.mchange.v2.resourcepool.BasicResourcePool@51f14f3b config: [start -> 3; min -> 3; max -> 15; inc -> 3; num_acq_attempts -> 30; acq_attempt_delay -> 1000; check_idle_resources_delay -> 0; max_resource_age -> 0; max_idle_time -> 0; excess_max_idle_time -> 0; destroy_unreturned_resc_time -> 0; expiration_enforcement_delay -> 0; break_on_acquisition_failure -> false; debug_store_checkout_exceptions -> false; force_synchronous_checkins -> false]
19:50:58.994 [Test worker] DEBUG c.m.v.c.i.C3P0PooledConnectionPoolManager - Created new pool for auth, username (masked): 'null'.
19:50:58.994 [Test worker] DEBUG c.m.v.resourcepool.BasicResourcePool - acquire test -- pool size: 0; target_pool_size: 3; desired target? 1
19:50:58.994 [Test worker] DEBUG c.m.v.resourcepool.BasicResourcePool - awaitAvailable(): [unknown]
19:50:59.017 [Resource Destroyer in BasicResourcePool.close()] DEBUG c.m.v.resourcepool.BasicResourcePool - Preparing to destroy resource: com.mchange.v2.c3p0.impl.NewPooledConnection@132da2e4
19:50:59.017 [Test worker] DEBUG c.m.v.c.m.ActiveManagementCoordinator - MBean: com.mchange.v2.c3p0:type=PooledDataSource,identityToken=1hgeqrl9qbn6pz6yfah30|3285a33f,name=1hgeqrl9qbn6pz6yfah30|3285a33f unregistered.
19:50:59.017 [Resource Destroyer in BasicResourcePool.close()] DEBUG c.m.v.c.i.C3P0PooledConnectionPool - Preparing to destroy PooledConnection: com.mchange.v2.c3p0.impl.NewPooledConnection@132da2e4
19:50:59.017 [Test worker] DEBUG c.m.v.c.m.ActiveManagementCoordinator - C3P0Registry mbean unregistered.
19:50:59.017 [Resource Destroyer in BasicResourcePool.close()] DEBUG c.m.v.c.i.C3P0PooledConnectionPool - Successfully destroyed PooledConnection: com.mchange.v2.c3p0.impl.NewPooledConnection@132da2e4
19:50:59.017 [Resource Destroyer in BasicResourcePool.close()] DEBUG c.m.v.resourcepool.BasicResourcePool - Successfully destroyed resource: com.mchange.v2.c3p0.impl.NewPooledConnection@132da2e4
19:50:59.017 [Resource Destroyer in BasicResourcePool.close()] DEBUG c.m.v.resourcepool.BasicResourcePool - Preparing to destroy resource: com.mchange.v2.c3p0.impl.NewPooledConnection@1d23ccf7
19:50:59.017 [Resource Destroyer in BasicResourcePool.close()] DEBUG c.m.v.c.i.C3P0PooledConnectionPool - Preparing to destroy PooledConnection: com.mchange.v2.c3p0.impl.NewPooledConnection@1d23ccf7
19:50:59.017 [Resource Destroyer in BasicResourcePool.close()] DEBUG c.m.v.c.i.C3P0PooledConnectionPool - Successfully destroyed PooledConnection: com.mchange.v2.c3p0.impl.NewPooledConnection@1d23ccf7
19:50:59.017 [Resource Destroyer in BasicResourcePool.close()] DEBUG c.m.v.resourcepool.BasicResourcePool - Successfully destroyed resource: com.mchange.v2.c3p0.impl.NewPooledConnection@1d23ccf7
19:50:59.017 [Resource Destroyer in BasicResourcePool.close()] DEBUG c.m.v.resourcepool.BasicResourcePool - Preparing to destroy resource: com.mchange.v2.c3p0.impl.NewPooledConnection@2f761c59
19:50:59.017 [Resource Destroyer in BasicResourcePool.close()] DEBUG c.m.v.c.i.C3P0PooledConnectionPool - Preparing to destroy PooledConnection: com.mchange.v2.c3p0.impl.NewPooledConnection@2f761c59
19:50:59.017 [Resource Destroyer in BasicResourcePool.close()] DEBUG c.m.v.c.i.C3P0PooledConnectionPool - Successfully destroyed PooledConnection: com.mchange.v2.c3p0.impl.NewPooledConnection@2f761c59
19:50:59.017 [Resource Destroyer in BasicResourcePool.close()] DEBUG c.m.v.resourcepool.BasicResourcePool - Successfully destroyed resource: com.mchange.v2.c3p0.impl.NewPooledConnection@2f761c59


================================================================================
 TEST SUCCEEDED                                                                 
--------------------------------------------------------------------------------
    Test class:  BasicCommitMetadataTest
    Test method: canUseHashMapAsCommitMetadata[Using jdbc]
    End time:    2017/08/28 19:50:59 (Duration: 23ms)
================================================================================





================================================================================
 TEST START                                                                     
--------------------------------------------------------------------------------
    Test class:  BasicCommitMetadataTest
    Test method: readingCommitMetadataRetrievesCorrectObject[Using jdbc]
    Start time:  2017/08/28 19:50:59
================================================================================



19:50:59.017 [Test worker] DEBUG c.m.v.c.m.DynamicPooledDataSourceManagerMBean - MBean: com.mchange.v2.c3p0:type=PooledDataSource,identityToken=1hgeqrl9qbn6pz6yfah30|17a8cc5e,name=1hgeqrl9qbn6pz6yfah30|17a8cc5e registered.
19:50:59.033 [Test worker] DEBUG c.m.v.c.m.DynamicPooledDataSourceManagerMBean - MBean: com.mchange.v2.c3p0:type=PooledDataSource,identityToken=1hgeqrl9qbn6pz6yfah30|17a8cc5e,name=1hgeqrl9qbn6pz6yfah30|17a8cc5e unregistered, in order to be reregistered after update.
19:50:59.033 [Test worker] DEBUG c.m.v.c.m.DynamicPooledDataSourceManagerMBean - MBean: com.mchange.v2.c3p0:type=PooledDataSource,identityToken=1hgeqrl9qbn6pz6yfah30|17a8cc5e,name=1hgeqrl9qbn6pz6yfah30|17a8cc5e registered.
19:50:59.033 [Test worker] INFO  c.m.v.c.i.AbstractPoolBackedDataSource - Initializing c3p0 pool... com.mchange.v2.c3p0.PoolBackedDataSource@c6f0f057 [ connectionPoolDataSource -> com.mchange.v2.c3p0.WrapperConnectionPoolDataSource@34e7e988 [ acquireIncrement -> 3, acquireRetryAttempts -> 30, acquireRetryDelay -> 1000, autoCommitOnClose -> false, automaticTestTable -> null, breakAfterAcquireFailure -> false, checkoutTimeout -> 0, connectionCustomizerClassName -> null, connectionTesterClassName -> com.mchange.v2.c3p0.impl.DefaultConnectionTester, contextClassLoaderSource -> caller, debugUnreturnedConnectionStackTraces -> false, factoryClassLocation -> null, forceIgnoreUnresolvedTransactions -> false, forceSynchronousCheckins -> false, identityToken -> 1hgeqrl9qbn6pz6yfah30|31a2f069, idleConnectionTestPeriod -> 0, initialPoolSize -> 3, maxAdministrativeTaskTime -> 0, maxConnectionAge -> 0, maxIdleTime -> 0, maxIdleTimeExcessConnections -> 0, maxPoolSize -> 15, maxStatements -> 0, maxStatementsPerConnection -> 0, minPoolSize -> 3, nestedDataSource -> com.mchange.v2.c3p0.DriverManagerDataSource@7652bfe2 [ description -> null, driverClass -> null, factoryClassLocation -> null, forceUseNamedDriverClass -> false, identityToken -> 1hgeqrl9qbn6pz6yfah30|7809e838, jdbcUrl -> jdbc:h2:mem:c02aa428744d41e28a5d930affbb1ffe, properties -> {} ], preferredTestQuery -> null, privilegeSpawnedThreads -> false, propertyCycle -> 0, statementCacheNumDeferredCloseThreads -> 0, testConnectionOnCheckin -> false, testConnectionOnCheckout -> false, unreturnedConnectionTimeout -> 0, usesTraditionalReflectiveProxies -> false; userOverrides: {} ], dataSourceName -> null, extensions -> {}, factoryClassLocation -> null, identityToken -> 1hgeqrl9qbn6pz6yfah30|17a8cc5e, numHelperThreads -> 3 ]
19:50:59.033 [Test worker] DEBUG c.m.v.resourcepool.BasicResourcePool - com.mchange.v2.resourcepool.BasicResourcePool@6d0d3cea config: [start -> 3; min -> 3; max -> 15; inc -> 3; num_acq_attempts -> 30; acq_attempt_delay -> 1000; check_idle_resources_delay -> 0; max_resource_age -> 0; max_idle_time -> 0; excess_max_idle_time -> 0; destroy_unreturned_resc_time -> 0; expiration_enforcement_delay -> 0; break_on_acquisition_failure -> false; debug_store_checkout_exceptions -> false; force_synchronous_checkins -> false]
19:50:59.033 [Test worker] DEBUG c.m.v.c.i.C3P0PooledConnectionPoolManager - Created new pool for auth, username (masked): 'null'.
19:50:59.033 [Test worker] DEBUG c.m.v.resourcepool.BasicResourcePool - acquire test -- pool size: 0; target_pool_size: 3; desired target? 1
19:50:59.033 [Test worker] DEBUG c.m.v.resourcepool.BasicResourcePool - awaitAvailable(): [unknown]
19:50:59.063 [Resource Destroyer in BasicResourcePool.close()] DEBUG c.m.v.resourcepool.BasicResourcePool - Preparing to destroy resource: com.mchange.v2.c3p0.impl.NewPooledConnection@4f30c5ea
19:50:59.063 [Test worker] DEBUG c.m.v.c.m.ActiveManagementCoordinator - MBean: com.mchange.v2.c3p0:type=PooledDataSource,identityToken=1hgeqrl9qbn6pz6yfah30|17a8cc5e,name=1hgeqrl9qbn6pz6yfah30|17a8cc5e unregistered.
19:50:59.063 [Resource Destroyer in BasicResourcePool.close()] DEBUG c.m.v.c.i.C3P0PooledConnectionPool - Preparing to destroy PooledConnection: com.mchange.v2.c3p0.impl.NewPooledConnection@4f30c5ea
19:50:59.063 [Test worker] DEBUG c.m.v.c.m.ActiveManagementCoordinator - C3P0Registry mbean unregistered.
19:50:59.063 [Resource Destroyer in BasicResourcePool.close()] DEBUG c.m.v.c.i.C3P0PooledConnectionPool - Successfully destroyed PooledConnection: com.mchange.v2.c3p0.impl.NewPooledConnection@4f30c5ea
19:50:59.063 [Resource Destroyer in BasicResourcePool.close()] DEBUG c.m.v.resourcepool.BasicResourcePool - Successfully destroyed resource: com.mchange.v2.c3p0.impl.NewPooledConnection@4f30c5ea
19:50:59.063 [Resource Destroyer in BasicResourcePool.close()] DEBUG c.m.v.resourcepool.BasicResourcePool - Preparing to destroy resource: com.mchange.v2.c3p0.impl.NewPooledConnection@93b591e
19:50:59.063 [Resource Destroyer in BasicResourcePool.close()] DEBUG c.m.v.c.i.C3P0PooledConnectionPool - Preparing to destroy PooledConnection: com.mchange.v2.c3p0.impl.NewPooledConnection@93b591e
19:50:59.063 [Resource Destroyer in BasicResourcePool.close()] DEBUG c.m.v.c.i.C3P0PooledConnectionPool - Successfully destroyed PooledConnection: com.mchange.v2.c3p0.impl.NewPooledConnection@93b591e
19:50:59.063 [Resource Destroyer in BasicResourcePool.close()] DEBUG c.m.v.resourcepool.BasicResourcePool - Successfully destroyed resource: com.mchange.v2.c3p0.impl.NewPooledConnection@93b591e
19:50:59.063 [Resource Destroyer in BasicResourcePool.close()] DEBUG c.m.v.resourcepool.BasicResourcePool - Preparing to destroy resource: com.mchange.v2.c3p0.impl.NewPooledConnection@772cda79
19:50:59.063 [Resource Destroyer in BasicResourcePool.close()] DEBUG c.m.v.c.i.C3P0PooledConnectionPool - Preparing to destroy PooledConnection: com.mchange.v2.c3p0.impl.NewPooledConnection@772cda79
19:50:59.063 [Resource Destroyer in BasicResourcePool.close()] DEBUG c.m.v.c.i.C3P0PooledConnectionPool - Successfully destroyed PooledConnection: com.mchange.v2.c3p0.impl.NewPooledConnection@772cda79
19:50:59.063 [Resource Destroyer in BasicResourcePool.close()] DEBUG c.m.v.resourcepool.BasicResourcePool - Successfully destroyed resource: com.mchange.v2.c3p0.impl.NewPooledConnection@772cda79


================================================================================
 TEST SUCCEEDED                                                                 
--------------------------------------------------------------------------------
    Test class:  BasicCommitMetadataTest
    Test method: readingCommitMetadataRetrievesCorrectObject[Using jdbc]
    End time:    2017/08/28 19:50:59 (Duration: 46ms)
================================================================================





================================================================================
 TEST START                                                                     
--------------------------------------------------------------------------------
    Test class:  BasicCommitMetadataTest
    Test method: readingCommitMetadataFromNonExistingCommitTimestampsProducesNull[Using jdbc]
    Start time:  2017/08/28 19:50:59
================================================================================



19:50:59.063 [Test worker] DEBUG c.m.v.c.m.DynamicPooledDataSourceManagerMBean - MBean: com.mchange.v2.c3p0:type=PooledDataSource,identityToken=1hgeqrl9qbn6pz6yfah30|24af6bf9,name=1hgeqrl9qbn6pz6yfah30|24af6bf9 registered.
19:50:59.063 [Test worker] DEBUG c.m.v.c.m.DynamicPooledDataSourceManagerMBean - MBean: com.mchange.v2.c3p0:type=PooledDataSource,identityToken=1hgeqrl9qbn6pz6yfah30|24af6bf9,name=1hgeqrl9qbn6pz6yfah30|24af6bf9 unregistered, in order to be reregistered after update.
19:50:59.063 [Test worker] DEBUG c.m.v.c.m.DynamicPooledDataSourceManagerMBean - MBean: com.mchange.v2.c3p0:type=PooledDataSource,identityToken=1hgeqrl9qbn6pz6yfah30|24af6bf9,name=1hgeqrl9qbn6pz6yfah30|24af6bf9 registered.
19:50:59.063 [Test worker] INFO  c.m.v.c.i.AbstractPoolBackedDataSource - Initializing c3p0 pool... com.mchange.v2.c3p0.PoolBackedDataSource@fb4eaebe [ connectionPoolDataSource -> com.mchange.v2.c3p0.WrapperConnectionPoolDataSource@98b5ca2d [ acquireIncrement -> 3, acquireRetryAttempts -> 30, acquireRetryDelay -> 1000, autoCommitOnClose -> false, automaticTestTable -> null, breakAfterAcquireFailure -> false, checkoutTimeout -> 0, connectionCustomizerClassName -> null, connectionTesterClassName -> com.mchange.v2.c3p0.impl.DefaultConnectionTester, contextClassLoaderSource -> caller, debugUnreturnedConnectionStackTraces -> false, factoryClassLocation -> null, forceIgnoreUnresolvedTransactions -> false, forceSynchronousCheckins -> false, identityToken -> 1hgeqrl9qbn6pz6yfah30|8f958cb, idleConnectionTestPeriod -> 0, initialPoolSize -> 3, maxAdministrativeTaskTime -> 0, maxConnectionAge -> 0, maxIdleTime -> 0, maxIdleTimeExcessConnections -> 0, maxPoolSize -> 15, maxStatements -> 0, maxStatementsPerConnection -> 0, minPoolSize -> 3, nestedDataSource -> com.mchange.v2.c3p0.DriverManagerDataSource@e5fb902e [ description -> null, driverClass -> null, factoryClassLocation -> null, forceUseNamedDriverClass -> false, identityToken -> 1hgeqrl9qbn6pz6yfah30|2167000f, jdbcUrl -> jdbc:h2:mem:8d03f7dbb1ee471a821948826e591cbf, properties -> {} ], preferredTestQuery -> null, privilegeSpawnedThreads -> false, propertyCycle -> 0, statementCacheNumDeferredCloseThreads -> 0, testConnectionOnCheckin -> false, testConnectionOnCheckout -> false, unreturnedConnectionTimeout -> 0, usesTraditionalReflectiveProxies -> false; userOverrides: {} ], dataSourceName -> null, extensions -> {}, factoryClassLocation -> null, identityToken -> 1hgeqrl9qbn6pz6yfah30|24af6bf9, numHelperThreads -> 3 ]
19:50:59.063 [Test worker] DEBUG c.m.v.resourcepool.BasicResourcePool - com.mchange.v2.resourcepool.BasicResourcePool@470abb02 config: [start -> 3; min -> 3; max -> 15; inc -> 3; num_acq_attempts -> 30; acq_attempt_delay -> 1000; check_idle_resources_delay -> 0; max_resource_age -> 0; max_idle_time -> 0; excess_max_idle_time -> 0; destroy_unreturned_resc_time -> 0; expiration_enforcement_delay -> 0; break_on_acquisition_failure -> false; debug_store_checkout_exceptions -> false; force_synchronous_checkins -> false]
19:50:59.063 [Test worker] DEBUG c.m.v.c.i.C3P0PooledConnectionPoolManager - Created new pool for auth, username (masked): 'null'.
19:50:59.063 [Test worker] DEBUG c.m.v.resourcepool.BasicResourcePool - acquire test -- pool size: 0; target_pool_size: 3; desired target? 1
19:50:59.063 [Test worker] DEBUG c.m.v.resourcepool.BasicResourcePool - awaitAvailable(): [unknown]
19:50:59.079 [Resource Destroyer in BasicResourcePool.close()] DEBUG c.m.v.resourcepool.BasicResourcePool - Preparing to destroy resource: com.mchange.v2.c3p0.impl.NewPooledConnection@304a767e
19:50:59.079 [Test worker] DEBUG c.m.v.c.m.ActiveManagementCoordinator - MBean: com.mchange.v2.c3p0:type=PooledDataSource,identityToken=1hgeqrl9qbn6pz6yfah30|24af6bf9,name=1hgeqrl9qbn6pz6yfah30|24af6bf9 unregistered.
19:50:59.079 [Resource Destroyer in BasicResourcePool.close()] DEBUG c.m.v.c.i.C3P0PooledConnectionPool - Preparing to destroy PooledConnection: com.mchange.v2.c3p0.impl.NewPooledConnection@304a767e
19:50:59.079 [Test worker] DEBUG c.m.v.c.m.ActiveManagementCoordinator - C3P0Registry mbean unregistered.
19:50:59.079 [Resource Destroyer in BasicResourcePool.close()] DEBUG c.m.v.c.i.C3P0PooledConnectionPool - Successfully destroyed PooledConnection: com.mchange.v2.c3p0.impl.NewPooledConnection@304a767e
19:50:59.079 [Resource Destroyer in BasicResourcePool.close()] DEBUG c.m.v.resourcepool.BasicResourcePool - Successfully destroyed resource: com.mchange.v2.c3p0.impl.NewPooledConnection@304a767e
19:50:59.079 [Resource Destroyer in BasicResourcePool.close()] DEBUG c.m.v.resourcepool.BasicResourcePool - Preparing to destroy resource: com.mchange.v2.c3p0.impl.NewPooledConnection@6be25f0e
19:50:59.079 [Resource Destroyer in BasicResourcePool.close()] DEBUG c.m.v.c.i.C3P0PooledConnectionPool - Preparing to destroy PooledConnection: com.mchange.v2.c3p0.impl.NewPooledConnection@6be25f0e
19:50:59.079 [Resource Destroyer in BasicResourcePool.close()] DEBUG c.m.v.c.i.C3P0PooledConnectionPool - Successfully destroyed PooledConnection: com.mchange.v2.c3p0.impl.NewPooledConnection@6be25f0e
19:50:59.079 [Resource Destroyer in BasicResourcePool.close()] DEBUG c.m.v.resourcepool.BasicResourcePool - Successfully destroyed resource: com.mchange.v2.c3p0.impl.NewPooledConnection@6be25f0e
19:50:59.079 [Resource Destroyer in BasicResourcePool.close()] DEBUG c.m.v.resourcepool.BasicResourcePool - Preparing to destroy resource: com.mchange.v2.c3p0.impl.NewPooledConnection@534d5caa
19:50:59.079 [Resource Destroyer in BasicResourcePool.close()] DEBUG c.m.v.c.i.C3P0PooledConnectionPool - Preparing to destroy PooledConnection: com.mchange.v2.c3p0.impl.NewPooledConnection@534d5caa
19:50:59.079 [Resource Destroyer in BasicResourcePool.close()] DEBUG c.m.v.c.i.C3P0PooledConnectionPool - Successfully destroyed PooledConnection: com.mchange.v2.c3p0.impl.NewPooledConnection@534d5caa
19:50:59.079 [Resource Destroyer in BasicResourcePool.close()] DEBUG c.m.v.resourcepool.BasicResourcePool - Successfully destroyed resource: com.mchange.v2.c3p0.impl.NewPooledConnection@534d5caa


================================================================================
 TEST SUCCEEDED                                                                 
--------------------------------------------------------------------------------
    Test class:  BasicCommitMetadataTest
    Test method: readingCommitMetadataFromNonExistingCommitTimestampsProducesNull[Using jdbc]
    End time:    2017/08/28 19:50:59 (Duration: 16ms)
================================================================================





================================================================================
 TEST START                                                                     
--------------------------------------------------------------------------------
    Test class:  BasicCommitMetadataTest
    Test method: readingCommitMessagesFromOriginBranchWorks[Using jdbc]
    Start time:  2017/08/28 19:50:59
================================================================================



19:50:59.079 [Test worker] DEBUG c.m.v.c.m.DynamicPooledDataSourceManagerMBean - MBean: com.mchange.v2.c3p0:type=PooledDataSource,identityToken=1hgeqrl9qbn6pz6yfah30|648323fb,name=1hgeqrl9qbn6pz6yfah30|648323fb registered.
19:50:59.094 [Test worker] DEBUG c.m.v.c.m.DynamicPooledDataSourceManagerMBean - MBean: com.mchange.v2.c3p0:type=PooledDataSource,identityToken=1hgeqrl9qbn6pz6yfah30|648323fb,name=1hgeqrl9qbn6pz6yfah30|648323fb unregistered, in order to be reregistered after update.
19:50:59.094 [Test worker] DEBUG c.m.v.c.m.DynamicPooledDataSourceManagerMBean - MBean: com.mchange.v2.c3p0:type=PooledDataSource,identityToken=1hgeqrl9qbn6pz6yfah30|648323fb,name=1hgeqrl9qbn6pz6yfah30|648323fb registered.
19:50:59.094 [Test worker] INFO  c.m.v.c.i.AbstractPoolBackedDataSource - Initializing c3p0 pool... com.mchange.v2.c3p0.PoolBackedDataSource@a491dd2e [ connectionPoolDataSource -> com.mchange.v2.c3p0.WrapperConnectionPoolDataSource@dafbbb41 [ acquireIncrement -> 3, acquireRetryAttempts -> 30, acquireRetryDelay -> 1000, autoCommitOnClose -> false, automaticTestTable -> null, breakAfterAcquireFailure -> false, checkoutTimeout -> 0, connectionCustomizerClassName -> null, connectionTesterClassName -> com.mchange.v2.c3p0.impl.DefaultConnectionTester, contextClassLoaderSource -> caller, debugUnreturnedConnectionStackTraces -> false, factoryClassLocation -> null, forceIgnoreUnresolvedTransactions -> false, forceSynchronousCheckins -> false, identityToken -> 1hgeqrl9qbn6pz6yfah30|5561cc19, idleConnectionTestPeriod -> 0, initialPoolSize -> 3, maxAdministrativeTaskTime -> 0, maxConnectionAge -> 0, maxIdleTime -> 0, maxIdleTimeExcessConnections -> 0, maxPoolSize -> 15, maxStatements -> 0, maxStatementsPerConnection -> 0, minPoolSize -> 3, nestedDataSource -> com.mchange.v2.c3p0.DriverManagerDataSource@fb3d3cb1 [ description -> null, driverClass -> null, factoryClassLocation -> null, forceUseNamedDriverClass -> false, identityToken -> 1hgeqrl9qbn6pz6yfah30|53a4e96d, jdbcUrl -> jdbc:h2:mem:5d543aac3a40443d870262443432a812, properties -> {} ], preferredTestQuery -> null, privilegeSpawnedThreads -> false, propertyCycle -> 0, statementCacheNumDeferredCloseThreads -> 0, testConnectionOnCheckin -> false, testConnectionOnCheckout -> false, unreturnedConnectionTimeout -> 0, usesTraditionalReflectiveProxies -> false; userOverrides: {} ], dataSourceName -> null, extensions -> {}, factoryClassLocation -> null, identityToken -> 1hgeqrl9qbn6pz6yfah30|648323fb, numHelperThreads -> 3 ]
19:50:59.094 [Test worker] DEBUG c.m.v.resourcepool.BasicResourcePool - com.mchange.v2.resourcepool.BasicResourcePool@257442ff config: [start -> 3; min -> 3; max -> 15; inc -> 3; num_acq_attempts -> 30; acq_attempt_delay -> 1000; check_idle_resources_delay -> 0; max_resource_age -> 0; max_idle_time -> 0; excess_max_idle_time -> 0; destroy_unreturned_resc_time -> 0; expiration_enforcement_delay -> 0; break_on_acquisition_failure -> false; debug_store_checkout_exceptions -> false; force_synchronous_checkins -> false]
19:50:59.094 [Test worker] DEBUG c.m.v.c.i.C3P0PooledConnectionPoolManager - Created new pool for auth, username (masked): 'null'.
19:50:59.094 [Test worker] DEBUG c.m.v.resourcepool.BasicResourcePool - acquire test -- pool size: 0; target_pool_size: 3; desired target? 1
19:50:59.094 [Test worker] DEBUG c.m.v.resourcepool.BasicResourcePool - awaitAvailable(): [unknown]
19:50:59.118 [Resource Destroyer in BasicResourcePool.close()] DEBUG c.m.v.resourcepool.BasicResourcePool - Preparing to destroy resource: com.mchange.v2.c3p0.impl.NewPooledConnection@50e146f0
19:50:59.118 [Test worker] DEBUG c.m.v.c.m.ActiveManagementCoordinator - MBean: com.mchange.v2.c3p0:type=PooledDataSource,identityToken=1hgeqrl9qbn6pz6yfah30|648323fb,name=1hgeqrl9qbn6pz6yfah30|648323fb unregistered.
19:50:59.118 [Resource Destroyer in BasicResourcePool.close()] DEBUG c.m.v.c.i.C3P0PooledConnectionPool - Preparing to destroy PooledConnection: com.mchange.v2.c3p0.impl.NewPooledConnection@50e146f0
19:50:59.118 [Test worker] DEBUG c.m.v.c.m.ActiveManagementCoordinator - C3P0Registry mbean unregistered.
19:50:59.118 [Resource Destroyer in BasicResourcePool.close()] DEBUG c.m.v.c.i.C3P0PooledConnectionPool - Successfully destroyed PooledConnection: com.mchange.v2.c3p0.impl.NewPooledConnection@50e146f0
19:50:59.118 [Resource Destroyer in BasicResourcePool.close()] DEBUG c.m.v.resourcepool.BasicResourcePool - Successfully destroyed resource: com.mchange.v2.c3p0.impl.NewPooledConnection@50e146f0
19:50:59.118 [Resource Destroyer in BasicResourcePool.close()] DEBUG c.m.v.resourcepool.BasicResourcePool - Preparing to destroy resource: com.mchange.v2.c3p0.impl.NewPooledConnection@79071e3
19:50:59.118 [Resource Destroyer in BasicResourcePool.close()] DEBUG c.m.v.c.i.C3P0PooledConnectionPool - Preparing to destroy PooledConnection: com.mchange.v2.c3p0.impl.NewPooledConnection@79071e3
19:50:59.118 [Resource Destroyer in BasicResourcePool.close()] DEBUG c.m.v.c.i.C3P0PooledConnectionPool - Successfully destroyed PooledConnection: com.mchange.v2.c3p0.impl.NewPooledConnection@79071e3
19:50:59.118 [Resource Destroyer in BasicResourcePool.close()] DEBUG c.m.v.resourcepool.BasicResourcePool - Successfully destroyed resource: com.mchange.v2.c3p0.impl.NewPooledConnection@79071e3
19:50:59.118 [Resource Destroyer in BasicResourcePool.close()] DEBUG c.m.v.resourcepool.BasicResourcePool - Preparing to destroy resource: com.mchange.v2.c3p0.impl.NewPooledConnection@893f1cf
19:50:59.118 [Resource Destroyer in BasicResourcePool.close()] DEBUG c.m.v.c.i.C3P0PooledConnectionPool - Preparing to destroy PooledConnection: com.mchange.v2.c3p0.impl.NewPooledConnection@893f1cf
19:50:59.118 [Resource Destroyer in BasicResourcePool.close()] DEBUG c.m.v.c.i.C3P0PooledConnectionPool - Successfully destroyed PooledConnection: com.mchange.v2.c3p0.impl.NewPooledConnection@893f1cf
19:50:59.118 [Resource Destroyer in BasicResourcePool.close()] DEBUG c.m.v.resourcepool.BasicResourcePool - Successfully destroyed resource: com.mchange.v2.c3p0.impl.NewPooledConnection@893f1cf


================================================================================
 TEST SUCCEEDED                                                                 
--------------------------------------------------------------------------------
    Test class:  BasicCommitMetadataTest
    Test method: readingCommitMessagesFromOriginBranchWorks[Using jdbc]
    End time:    2017/08/28 19:50:59 (Duration: 39ms)
================================================================================



19:50:59.118 [Test worker] INFO  o.c.common.test.ChronosUnitTest - Attempting to delete temp directory provided at: C:\Users\Martin\AppData\Local\Temp\ChronoDBTest5529815287975316420
19:50:59.118 [Test worker] INFO  o.c.common.test.ChronosUnitTest - Successfully deleted temp directory
]]></system-out>
  <system-err><![CDATA[]]></system-err>
</testsuite>
