<?xml version="1.0" encoding="UTF-8"?>
<testsuite name="org.chronos.chronodb.test.engine.indexing.IndexOverwriteTest" tests="5" skipped="0" failures="0" errors="0" timestamp="2017-08-28T17:52:39" hostname="Aurora" time="1.096">
  <properties/>
  <testcase name="overwrittenIndexEntryIsNoLongerPresent[Using chunked]" classname="org.chronos.chronodb.test.engine.indexing.IndexOverwriteTest" time="0.453"/>
  <testcase name="overwrittenIndexEntryIsNoLongerPresent[Using mapdb]" classname="org.chronos.chronodb.test.engine.indexing.IndexOverwriteTest" time="0.462"/>
  <testcase name="overwrittenIndexEntryIsNoLongerPresent[Using jdbc]" classname="org.chronos.chronodb.test.engine.indexing.IndexOverwriteTest" time="0.027"/>
  <testcase name="overwrittenIndexEntryIsNoLongerPresent[Using tupl]" classname="org.chronos.chronodb.test.engine.indexing.IndexOverwriteTest" time="0.142"/>
  <testcase name="overwrittenIndexEntryIsNoLongerPresent[Using inmemory]" classname="org.chronos.chronodb.test.engine.indexing.IndexOverwriteTest" time="0.012"/>
  <system-out><![CDATA[19:52:39.108 [Test worker] INFO  o.c.common.test.ChronosUnitTest - Temp directory is provided at: C:\Users\Martin\AppData\Local\Temp\ChronoDBTest5529815287975316420


================================================================================
 TEST START                                                                     
--------------------------------------------------------------------------------
    Test class:  IndexOverwriteTest
    Test method: overwrittenIndexEntryIsNoLongerPresent[Using chunked]
    Start time:  2017/08/28 19:52:39
================================================================================





================================================================================
 TEST SUCCEEDED                                                                 
--------------------------------------------------------------------------------
    Test class:  IndexOverwriteTest
    Test method: overwrittenIndexEntryIsNoLongerPresent[Using chunked]
    End time:    2017/08/28 19:52:39 (Duration: 453ms)
================================================================================





================================================================================
 TEST START                                                                     
--------------------------------------------------------------------------------
    Test class:  IndexOverwriteTest
    Test method: overwrittenIndexEntryIsNoLongerPresent[Using mapdb]
    Start time:  2017/08/28 19:52:39
================================================================================





================================================================================
 TEST SUCCEEDED                                                                 
--------------------------------------------------------------------------------
    Test class:  IndexOverwriteTest
    Test method: overwrittenIndexEntryIsNoLongerPresent[Using mapdb]
    End time:    2017/08/28 19:52:40 (Duration: 462ms)
================================================================================





================================================================================
 TEST START                                                                     
--------------------------------------------------------------------------------
    Test class:  IndexOverwriteTest
    Test method: overwrittenIndexEntryIsNoLongerPresent[Using jdbc]
    Start time:  2017/08/28 19:52:40
================================================================================



19:52:40.023 [Test worker] DEBUG c.m.v.c.m.DynamicPooledDataSourceManagerMBean - MBean: com.mchange.v2.c3p0:type=PooledDataSource,identityToken=1hgeqrl9qbn6pz6yfah30|3fd89c43,name=1hgeqrl9qbn6pz6yfah30|3fd89c43 registered.
19:52:40.040 [Test worker] DEBUG c.m.v.c.m.DynamicPooledDataSourceManagerMBean - MBean: com.mchange.v2.c3p0:type=PooledDataSource,identityToken=1hgeqrl9qbn6pz6yfah30|3fd89c43,name=1hgeqrl9qbn6pz6yfah30|3fd89c43 unregistered, in order to be reregistered after update.
19:52:40.040 [Test worker] DEBUG c.m.v.c.m.DynamicPooledDataSourceManagerMBean - MBean: com.mchange.v2.c3p0:type=PooledDataSource,identityToken=1hgeqrl9qbn6pz6yfah30|3fd89c43,name=1hgeqrl9qbn6pz6yfah30|3fd89c43 registered.
19:52:40.040 [Test worker] INFO  c.m.v.c.i.AbstractPoolBackedDataSource - Initializing c3p0 pool... com.mchange.v2.c3p0.PoolBackedDataSource@3bde43b4 [ connectionPoolDataSource -> com.mchange.v2.c3p0.WrapperConnectionPoolDataSource@25a3f950 [ acquireIncrement -> 3, acquireRetryAttempts -> 30, acquireRetryDelay -> 1000, autoCommitOnClose -> false, automaticTestTable -> null, breakAfterAcquireFailure -> false, checkoutTimeout -> 0, connectionCustomizerClassName -> null, connectionTesterClassName -> com.mchange.v2.c3p0.impl.DefaultConnectionTester, contextClassLoaderSource -> caller, debugUnreturnedConnectionStackTraces -> false, factoryClassLocation -> null, forceIgnoreUnresolvedTransactions -> false, forceSynchronousCheckins -> false, identityToken -> 1hgeqrl9qbn6pz6yfah30|2e73aeab, idleConnectionTestPeriod -> 0, initialPoolSize -> 3, maxAdministrativeTaskTime -> 0, maxConnectionAge -> 0, maxIdleTime -> 0, maxIdleTimeExcessConnections -> 0, maxPoolSize -> 15, maxStatements -> 0, maxStatementsPerConnection -> 0, minPoolSize -> 3, nestedDataSource -> com.mchange.v2.c3p0.DriverManagerDataSource@8faeeb21 [ description -> null, driverClass -> null, factoryClassLocation -> null, forceUseNamedDriverClass -> false, identityToken -> 1hgeqrl9qbn6pz6yfah30|3f33e137, jdbcUrl -> jdbc:h2:mem:a004af40d2a34e0dbcba77059cda3996, properties -> {} ], preferredTestQuery -> null, privilegeSpawnedThreads -> false, propertyCycle -> 0, statementCacheNumDeferredCloseThreads -> 0, testConnectionOnCheckin -> false, testConnectionOnCheckout -> false, unreturnedConnectionTimeout -> 0, usesTraditionalReflectiveProxies -> false; userOverrides: {} ], dataSourceName -> null, extensions -> {}, factoryClassLocation -> null, identityToken -> 1hgeqrl9qbn6pz6yfah30|3fd89c43, numHelperThreads -> 3 ]
19:52:40.041 [Test worker] DEBUG c.m.v.resourcepool.BasicResourcePool - com.mchange.v2.resourcepool.BasicResourcePool@22a34ccc config: [start -> 3; min -> 3; max -> 15; inc -> 3; num_acq_attempts -> 30; acq_attempt_delay -> 1000; check_idle_resources_delay -> 0; max_resource_age -> 0; max_idle_time -> 0; excess_max_idle_time -> 0; destroy_unreturned_resc_time -> 0; expiration_enforcement_delay -> 0; break_on_acquisition_failure -> false; debug_store_checkout_exceptions -> false; force_synchronous_checkins -> false]
19:52:40.041 [Test worker] DEBUG c.m.v.c.i.C3P0PooledConnectionPoolManager - Created new pool for auth, username (masked): 'null'.
19:52:40.041 [Test worker] DEBUG c.m.v.resourcepool.BasicResourcePool - acquire test -- pool size: 0; target_pool_size: 3; desired target? 1
19:52:40.041 [Test worker] DEBUG c.m.v.resourcepool.BasicResourcePool - awaitAvailable(): [unknown]
19:52:40.050 [Test worker] DEBUG c.m.v.c.m.ActiveManagementCoordinator - MBean: com.mchange.v2.c3p0:type=PooledDataSource,identityToken=1hgeqrl9qbn6pz6yfah30|3fd89c43,name=1hgeqrl9qbn6pz6yfah30|3fd89c43 unregistered.
19:52:40.050 [Test worker] DEBUG c.m.v.c.m.ActiveManagementCoordinator - C3P0Registry mbean unregistered.
19:52:40.050 [Resource Destroyer in BasicResourcePool.close()] DEBUG c.m.v.resourcepool.BasicResourcePool - Preparing to destroy resource: com.mchange.v2.c3p0.impl.NewPooledConnection@1b148a17
19:52:40.050 [Resource Destroyer in BasicResourcePool.close()] DEBUG c.m.v.c.i.C3P0PooledConnectionPool - Preparing to destroy PooledConnection: com.mchange.v2.c3p0.impl.NewPooledConnection@1b148a17
19:52:40.050 [Resource Destroyer in BasicResourcePool.close()] DEBUG c.m.v.c.i.C3P0PooledConnectionPool - Successfully destroyed PooledConnection: com.mchange.v2.c3p0.impl.NewPooledConnection@1b148a17
19:52:40.050 [Resource Destroyer in BasicResourcePool.close()] DEBUG c.m.v.resourcepool.BasicResourcePool - Successfully destroyed resource: com.mchange.v2.c3p0.impl.NewPooledConnection@1b148a17
19:52:40.050 [Resource Destroyer in BasicResourcePool.close()] DEBUG c.m.v.resourcepool.BasicResourcePool - Preparing to destroy resource: com.mchange.v2.c3p0.impl.NewPooledConnection@d962859
19:52:40.050 [Resource Destroyer in BasicResourcePool.close()] DEBUG c.m.v.c.i.C3P0PooledConnectionPool - Preparing to destroy PooledConnection: com.mchange.v2.c3p0.impl.NewPooledConnection@d962859
19:52:40.050 [Resource Destroyer in BasicResourcePool.close()] DEBUG c.m.v.c.i.C3P0PooledConnectionPool - Successfully destroyed PooledConnection: com.mchange.v2.c3p0.impl.NewPooledConnection@d962859
19:52:40.050 [Resource Destroyer in BasicResourcePool.close()] DEBUG c.m.v.resourcepool.BasicResourcePool - Successfully destroyed resource: com.mchange.v2.c3p0.impl.NewPooledConnection@d962859
19:52:40.050 [Resource Destroyer in BasicResourcePool.close()] DEBUG c.m.v.resourcepool.BasicResourcePool - Preparing to destroy resource: com.mchange.v2.c3p0.impl.NewPooledConnection@6e3cd033
19:52:40.050 [Resource Destroyer in BasicResourcePool.close()] DEBUG c.m.v.c.i.C3P0PooledConnectionPool - Preparing to destroy PooledConnection: com.mchange.v2.c3p0.impl.NewPooledConnection@6e3cd033
19:52:40.050 [Resource Destroyer in BasicResourcePool.close()] DEBUG c.m.v.c.i.C3P0PooledConnectionPool - Successfully destroyed PooledConnection: com.mchange.v2.c3p0.impl.NewPooledConnection@6e3cd033
19:52:40.050 [Resource Destroyer in BasicResourcePool.close()] DEBUG c.m.v.resourcepool.BasicResourcePool - Successfully destroyed resource: com.mchange.v2.c3p0.impl.NewPooledConnection@6e3cd033


================================================================================
 TEST SUCCEEDED                                                                 
--------------------------------------------------------------------------------
    Test class:  IndexOverwriteTest
    Test method: overwrittenIndexEntryIsNoLongerPresent[Using jdbc]
    End time:    2017/08/28 19:52:40 (Duration: 27ms)
================================================================================





================================================================================
 TEST START                                                                     
--------------------------------------------------------------------------------
    Test class:  IndexOverwriteTest
    Test method: overwrittenIndexEntryIsNoLongerPresent[Using tupl]
    Start time:  2017/08/28 19:52:40
================================================================================





================================================================================
 TEST SUCCEEDED                                                                 
--------------------------------------------------------------------------------
    Test class:  IndexOverwriteTest
    Test method: overwrittenIndexEntryIsNoLongerPresent[Using tupl]
    End time:    2017/08/28 19:52:40 (Duration: 142ms)
================================================================================





================================================================================
 TEST START                                                                     
--------------------------------------------------------------------------------
    Test class:  IndexOverwriteTest
    Test method: overwrittenIndexEntryIsNoLongerPresent[Using inmemory]
    Start time:  2017/08/28 19:52:40
================================================================================





================================================================================
 TEST SUCCEEDED                                                                 
--------------------------------------------------------------------------------
    Test class:  IndexOverwriteTest
    Test method: overwrittenIndexEntryIsNoLongerPresent[Using inmemory]
    End time:    2017/08/28 19:52:40 (Duration: 12ms)
================================================================================



19:52:40.204 [Test worker] INFO  o.c.common.test.ChronosUnitTest - Attempting to delete temp directory provided at: C:\Users\Martin\AppData\Local\Temp\ChronoDBTest5529815287975316420
19:52:40.204 [Test worker] INFO  o.c.common.test.ChronosUnitTest - Successfully deleted temp directory
]]></system-out>
  <system-err><![CDATA[]]></system-err>
</testsuite>
