<?xml version="1.0" encoding="UTF-8"?>
<testsuite name="org.chronos.chronodb.test.engine.keyspace.KeyspaceTest" tests="5" skipped="0" failures="0" errors="0" timestamp="2017-08-28T17:52:55" hostname="Aurora" time="0.917">
  <properties/>
  <testcase name="creatingAndReadingAKeyspaceWorks[Using jdbc]" classname="org.chronos.chronodb.test.engine.keyspace.KeyspaceTest" time="0.038"/>
  <testcase name="creatingAndReadingAKeyspaceWorks[Using mapdb]" classname="org.chronos.chronodb.test.engine.keyspace.KeyspaceTest" time="0.416"/>
  <testcase name="creatingAndReadingAKeyspaceWorks[Using chunked]" classname="org.chronos.chronodb.test.engine.keyspace.KeyspaceTest" time="0.346"/>
  <testcase name="creatingAndReadingAKeyspaceWorks[Using tupl]" classname="org.chronos.chronodb.test.engine.keyspace.KeyspaceTest" time="0.101"/>
  <testcase name="creatingAndReadingAKeyspaceWorks[Using inmemory]" classname="org.chronos.chronodb.test.engine.keyspace.KeyspaceTest" time="0.016"/>
  <system-out><![CDATA[19:52:55.043 [Test worker] INFO  o.c.common.test.ChronosUnitTest - Temp directory is provided at: C:\Users\Martin\AppData\Local\Temp\ChronoDBTest5529815287975316420


================================================================================
 TEST START                                                                     
--------------------------------------------------------------------------------
    Test class:  KeyspaceTest
    Test method: creatingAndReadingAKeyspaceWorks[Using jdbc]
    Start time:  2017/08/28 19:52:55
================================================================================



19:52:55.061 [Test worker] DEBUG c.m.v.c.m.DynamicPooledDataSourceManagerMBean - MBean: com.mchange.v2.c3p0:type=PooledDataSource,identityToken=1hgeqrl9qbn6pz6yfah30|6e3d76f1,name=1hgeqrl9qbn6pz6yfah30|6e3d76f1 registered.
19:52:55.065 [Test worker] DEBUG c.m.v.c.m.DynamicPooledDataSourceManagerMBean - MBean: com.mchange.v2.c3p0:type=PooledDataSource,identityToken=1hgeqrl9qbn6pz6yfah30|6e3d76f1,name=1hgeqrl9qbn6pz6yfah30|6e3d76f1 unregistered, in order to be reregistered after update.
19:52:55.065 [Test worker] DEBUG c.m.v.c.m.DynamicPooledDataSourceManagerMBean - MBean: com.mchange.v2.c3p0:type=PooledDataSource,identityToken=1hgeqrl9qbn6pz6yfah30|6e3d76f1,name=1hgeqrl9qbn6pz6yfah30|6e3d76f1 registered.
19:52:55.065 [Test worker] INFO  c.m.v.c.i.AbstractPoolBackedDataSource - Initializing c3p0 pool... com.mchange.v2.c3p0.PoolBackedDataSource@8a53f03a [ connectionPoolDataSource -> com.mchange.v2.c3p0.WrapperConnectionPoolDataSource@9b278857 [ acquireIncrement -> 3, acquireRetryAttempts -> 30, acquireRetryDelay -> 1000, autoCommitOnClose -> false, automaticTestTable -> null, breakAfterAcquireFailure -> false, checkoutTimeout -> 0, connectionCustomizerClassName -> null, connectionTesterClassName -> com.mchange.v2.c3p0.impl.DefaultConnectionTester, contextClassLoaderSource -> caller, debugUnreturnedConnectionStackTraces -> false, factoryClassLocation -> null, forceIgnoreUnresolvedTransactions -> false, forceSynchronousCheckins -> false, identityToken -> 1hgeqrl9qbn6pz6yfah30|778eb88b, idleConnectionTestPeriod -> 0, initialPoolSize -> 3, maxAdministrativeTaskTime -> 0, maxConnectionAge -> 0, maxIdleTime -> 0, maxIdleTimeExcessConnections -> 0, maxPoolSize -> 15, maxStatements -> 0, maxStatementsPerConnection -> 0, minPoolSize -> 3, nestedDataSource -> com.mchange.v2.c3p0.DriverManagerDataSource@6717ef90 [ description -> null, driverClass -> null, factoryClassLocation -> null, forceUseNamedDriverClass -> false, identityToken -> 1hgeqrl9qbn6pz6yfah30|30ae053a, jdbcUrl -> jdbc:h2:mem:7cb365eb474a47c693b2c66450ab146d, properties -> {} ], preferredTestQuery -> null, privilegeSpawnedThreads -> false, propertyCycle -> 0, statementCacheNumDeferredCloseThreads -> 0, testConnectionOnCheckin -> false, testConnectionOnCheckout -> false, unreturnedConnectionTimeout -> 0, usesTraditionalReflectiveProxies -> false; userOverrides: {} ], dataSourceName -> null, extensions -> {}, factoryClassLocation -> null, identityToken -> 1hgeqrl9qbn6pz6yfah30|6e3d76f1, numHelperThreads -> 3 ]
19:52:55.065 [Test worker] DEBUG c.m.v.resourcepool.BasicResourcePool - com.mchange.v2.resourcepool.BasicResourcePool@54547fa4 config: [start -> 3; min -> 3; max -> 15; inc -> 3; num_acq_attempts -> 30; acq_attempt_delay -> 1000; check_idle_resources_delay -> 0; max_resource_age -> 0; max_idle_time -> 0; excess_max_idle_time -> 0; destroy_unreturned_resc_time -> 0; expiration_enforcement_delay -> 0; break_on_acquisition_failure -> false; debug_store_checkout_exceptions -> false; force_synchronous_checkins -> false]
19:52:55.065 [Test worker] DEBUG c.m.v.c.i.C3P0PooledConnectionPoolManager - Created new pool for auth, username (masked): 'null'.
19:52:55.065 [Test worker] DEBUG c.m.v.resourcepool.BasicResourcePool - acquire test -- pool size: 0; target_pool_size: 3; desired target? 1
19:52:55.065 [Test worker] DEBUG c.m.v.resourcepool.BasicResourcePool - awaitAvailable(): [unknown]
19:52:55.081 [Test worker] DEBUG c.m.v.c.m.ActiveManagementCoordinator - MBean: com.mchange.v2.c3p0:type=PooledDataSource,identityToken=1hgeqrl9qbn6pz6yfah30|6e3d76f1,name=1hgeqrl9qbn6pz6yfah30|6e3d76f1 unregistered.
19:52:55.081 [Test worker] DEBUG c.m.v.c.m.ActiveManagementCoordinator - C3P0Registry mbean unregistered.
19:52:55.081 [Resource Destroyer in BasicResourcePool.close()] DEBUG c.m.v.resourcepool.BasicResourcePool - Preparing to destroy resource: com.mchange.v2.c3p0.impl.NewPooledConnection@31a27dc2
19:52:55.081 [Resource Destroyer in BasicResourcePool.close()] DEBUG c.m.v.c.i.C3P0PooledConnectionPool - Preparing to destroy PooledConnection: com.mchange.v2.c3p0.impl.NewPooledConnection@31a27dc2
19:52:55.081 [Resource Destroyer in BasicResourcePool.close()] DEBUG c.m.v.c.i.C3P0PooledConnectionPool - Successfully destroyed PooledConnection: com.mchange.v2.c3p0.impl.NewPooledConnection@31a27dc2
19:52:55.081 [Resource Destroyer in BasicResourcePool.close()] DEBUG c.m.v.resourcepool.BasicResourcePool - Successfully destroyed resource: com.mchange.v2.c3p0.impl.NewPooledConnection@31a27dc2
19:52:55.081 [Resource Destroyer in BasicResourcePool.close()] DEBUG c.m.v.resourcepool.BasicResourcePool - Preparing to destroy resource: com.mchange.v2.c3p0.impl.NewPooledConnection@3fdd26a5
19:52:55.081 [Resource Destroyer in BasicResourcePool.close()] DEBUG c.m.v.c.i.C3P0PooledConnectionPool - Preparing to destroy PooledConnection: com.mchange.v2.c3p0.impl.NewPooledConnection@3fdd26a5
19:52:55.081 [Resource Destroyer in BasicResourcePool.close()] DEBUG c.m.v.c.i.C3P0PooledConnectionPool - Successfully destroyed PooledConnection: com.mchange.v2.c3p0.impl.NewPooledConnection@3fdd26a5
19:52:55.081 [Resource Destroyer in BasicResourcePool.close()] DEBUG c.m.v.resourcepool.BasicResourcePool - Successfully destroyed resource: com.mchange.v2.c3p0.impl.NewPooledConnection@3fdd26a5
19:52:55.081 [Resource Destroyer in BasicResourcePool.close()] DEBUG c.m.v.resourcepool.BasicResourcePool - Preparing to destroy resource: com.mchange.v2.c3p0.impl.NewPooledConnection@3f90a9ee
19:52:55.081 [Resource Destroyer in BasicResourcePool.close()] DEBUG c.m.v.c.i.C3P0PooledConnectionPool - Preparing to destroy PooledConnection: com.mchange.v2.c3p0.impl.NewPooledConnection@3f90a9ee
19:52:55.081 [Resource Destroyer in BasicResourcePool.close()] DEBUG c.m.v.c.i.C3P0PooledConnectionPool - Successfully destroyed PooledConnection: com.mchange.v2.c3p0.impl.NewPooledConnection@3f90a9ee
19:52:55.081 [Resource Destroyer in BasicResourcePool.close()] DEBUG c.m.v.resourcepool.BasicResourcePool - Successfully destroyed resource: com.mchange.v2.c3p0.impl.NewPooledConnection@3f90a9ee


================================================================================
 TEST SUCCEEDED                                                                 
--------------------------------------------------------------------------------
    Test class:  KeyspaceTest
    Test method: creatingAndReadingAKeyspaceWorks[Using jdbc]
    End time:    2017/08/28 19:52:55 (Duration: 38ms)
================================================================================





================================================================================
 TEST START                                                                     
--------------------------------------------------------------------------------
    Test class:  KeyspaceTest
    Test method: creatingAndReadingAKeyspaceWorks[Using mapdb]
    Start time:  2017/08/28 19:52:55
================================================================================





================================================================================
 TEST SUCCEEDED                                                                 
--------------------------------------------------------------------------------
    Test class:  KeyspaceTest
    Test method: creatingAndReadingAKeyspaceWorks[Using mapdb]
    End time:    2017/08/28 19:52:55 (Duration: 416ms)
================================================================================





================================================================================
 TEST START                                                                     
--------------------------------------------------------------------------------
    Test class:  KeyspaceTest
    Test method: creatingAndReadingAKeyspaceWorks[Using chunked]
    Start time:  2017/08/28 19:52:55
================================================================================





================================================================================
 TEST SUCCEEDED                                                                 
--------------------------------------------------------------------------------
    Test class:  KeyspaceTest
    Test method: creatingAndReadingAKeyspaceWorks[Using chunked]
    End time:    2017/08/28 19:52:55 (Duration: 346ms)
================================================================================





================================================================================
 TEST START                                                                     
--------------------------------------------------------------------------------
    Test class:  KeyspaceTest
    Test method: creatingAndReadingAKeyspaceWorks[Using tupl]
    Start time:  2017/08/28 19:52:55
================================================================================





================================================================================
 TEST SUCCEEDED                                                                 
--------------------------------------------------------------------------------
    Test class:  KeyspaceTest
    Test method: creatingAndReadingAKeyspaceWorks[Using tupl]
    End time:    2017/08/28 19:52:55 (Duration: 101ms)
================================================================================





================================================================================
 TEST START                                                                     
--------------------------------------------------------------------------------
    Test class:  KeyspaceTest
    Test method: creatingAndReadingAKeyspaceWorks[Using inmemory]
    Start time:  2017/08/28 19:52:55
================================================================================





================================================================================
 TEST SUCCEEDED                                                                 
--------------------------------------------------------------------------------
    Test class:  KeyspaceTest
    Test method: creatingAndReadingAKeyspaceWorks[Using inmemory]
    End time:    2017/08/28 19:52:55 (Duration: 16ms)
================================================================================



19:52:55.960 [Test worker] INFO  o.c.common.test.ChronosUnitTest - Attempting to delete temp directory provided at: C:\Users\Martin\AppData\Local\Temp\ChronoDBTest5529815287975316420
19:52:55.961 [Test worker] INFO  o.c.common.test.ChronosUnitTest - Successfully deleted temp directory
]]></system-out>
  <system-err><![CDATA[]]></system-err>
</testsuite>
