<?xml version="1.0" encoding="UTF-8"?>
<testsuite name="org.chronos.chronodb.test.engine.indexing.MultiValueIndexingTest" tests="15" skipped="0" failures="0" errors="0" timestamp="2017-08-28T17:52:40" hostname="Aurora" time="3.19">
  <properties/>
  <testcase name="multiValuedIndexRetrievalWorks[Using mapdb]" classname="org.chronos.chronodb.test.engine.indexing.MultiValueIndexingTest" time="0.337"/>
  <testcase name="multiValuedIndexingTemporalRemoveValueWorks[Using mapdb]" classname="org.chronos.chronodb.test.engine.indexing.MultiValueIndexingTest" time="0.505"/>
  <testcase name="multiValuedIndexingTemporalAddValueWorks[Using mapdb]" classname="org.chronos.chronodb.test.engine.indexing.MultiValueIndexingTest" time="0.617"/>
  <testcase name="multiValuedIndexRetrievalWorks[Using inmemory]" classname="org.chronos.chronodb.test.engine.indexing.MultiValueIndexingTest" time="0.015"/>
  <testcase name="multiValuedIndexingTemporalRemoveValueWorks[Using inmemory]" classname="org.chronos.chronodb.test.engine.indexing.MultiValueIndexingTest" time="0.004"/>
  <testcase name="multiValuedIndexingTemporalAddValueWorks[Using inmemory]" classname="org.chronos.chronodb.test.engine.indexing.MultiValueIndexingTest" time="0.003"/>
  <testcase name="multiValuedIndexRetrievalWorks[Using tupl]" classname="org.chronos.chronodb.test.engine.indexing.MultiValueIndexingTest" time="0.193"/>
  <testcase name="multiValuedIndexingTemporalRemoveValueWorks[Using tupl]" classname="org.chronos.chronodb.test.engine.indexing.MultiValueIndexingTest" time="0.268"/>
  <testcase name="multiValuedIndexingTemporalAddValueWorks[Using tupl]" classname="org.chronos.chronodb.test.engine.indexing.MultiValueIndexingTest" time="0.248"/>
  <testcase name="multiValuedIndexRetrievalWorks[Using jdbc]" classname="org.chronos.chronodb.test.engine.indexing.MultiValueIndexingTest" time="0.031"/>
  <testcase name="multiValuedIndexingTemporalRemoveValueWorks[Using jdbc]" classname="org.chronos.chronodb.test.engine.indexing.MultiValueIndexingTest" time="0.035"/>
  <testcase name="multiValuedIndexingTemporalAddValueWorks[Using jdbc]" classname="org.chronos.chronodb.test.engine.indexing.MultiValueIndexingTest" time="0.04"/>
  <testcase name="multiValuedIndexRetrievalWorks[Using chunked]" classname="org.chronos.chronodb.test.engine.indexing.MultiValueIndexingTest" time="0.363"/>
  <testcase name="multiValuedIndexingTemporalRemoveValueWorks[Using chunked]" classname="org.chronos.chronodb.test.engine.indexing.MultiValueIndexingTest" time="0.315"/>
  <testcase name="multiValuedIndexingTemporalAddValueWorks[Using chunked]" classname="org.chronos.chronodb.test.engine.indexing.MultiValueIndexingTest" time="0.216"/>
  <system-out><![CDATA[19:52:40.204 [Test worker] INFO  o.c.common.test.ChronosUnitTest - Temp directory is provided at: C:\Users\Martin\AppData\Local\Temp\ChronoDBTest5529815287975316420


================================================================================
 TEST START                                                                     
--------------------------------------------------------------------------------
    Test class:  MultiValueIndexingTest
    Test method: multiValuedIndexRetrievalWorks[Using mapdb]
    Start time:  2017/08/28 19:52:40
================================================================================





================================================================================
 TEST SUCCEEDED                                                                 
--------------------------------------------------------------------------------
    Test class:  MultiValueIndexingTest
    Test method: multiValuedIndexRetrievalWorks[Using mapdb]
    End time:    2017/08/28 19:52:40 (Duration: 337ms)
================================================================================





================================================================================
 TEST START                                                                     
--------------------------------------------------------------------------------
    Test class:  MultiValueIndexingTest
    Test method: multiValuedIndexingTemporalRemoveValueWorks[Using mapdb]
    Start time:  2017/08/28 19:52:40
================================================================================





================================================================================
 TEST SUCCEEDED                                                                 
--------------------------------------------------------------------------------
    Test class:  MultiValueIndexingTest
    Test method: multiValuedIndexingTemporalRemoveValueWorks[Using mapdb]
    End time:    2017/08/28 19:52:41 (Duration: 505ms)
================================================================================





================================================================================
 TEST START                                                                     
--------------------------------------------------------------------------------
    Test class:  MultiValueIndexingTest
    Test method: multiValuedIndexingTemporalAddValueWorks[Using mapdb]
    Start time:  2017/08/28 19:52:41
================================================================================





================================================================================
 TEST SUCCEEDED                                                                 
--------------------------------------------------------------------------------
    Test class:  MultiValueIndexingTest
    Test method: multiValuedIndexingTemporalAddValueWorks[Using mapdb]
    End time:    2017/08/28 19:52:41 (Duration: 617ms)
================================================================================





================================================================================
 TEST START                                                                     
--------------------------------------------------------------------------------
    Test class:  MultiValueIndexingTest
    Test method: multiValuedIndexRetrievalWorks[Using inmemory]
    Start time:  2017/08/28 19:52:41
================================================================================





================================================================================
 TEST SUCCEEDED                                                                 
--------------------------------------------------------------------------------
    Test class:  MultiValueIndexingTest
    Test method: multiValuedIndexRetrievalWorks[Using inmemory]
    End time:    2017/08/28 19:52:41 (Duration: 15ms)
================================================================================





================================================================================
 TEST START                                                                     
--------------------------------------------------------------------------------
    Test class:  MultiValueIndexingTest
    Test method: multiValuedIndexingTemporalRemoveValueWorks[Using inmemory]
    Start time:  2017/08/28 19:52:41
================================================================================





================================================================================
 TEST SUCCEEDED                                                                 
--------------------------------------------------------------------------------
    Test class:  MultiValueIndexingTest
    Test method: multiValuedIndexingTemporalRemoveValueWorks[Using inmemory]
    End time:    2017/08/28 19:52:41 (Duration: 4ms)
================================================================================





================================================================================
 TEST START                                                                     
--------------------------------------------------------------------------------
    Test class:  MultiValueIndexingTest
    Test method: multiValuedIndexingTemporalAddValueWorks[Using inmemory]
    Start time:  2017/08/28 19:52:41
================================================================================





================================================================================
 TEST SUCCEEDED                                                                 
--------------------------------------------------------------------------------
    Test class:  MultiValueIndexingTest
    Test method: multiValuedIndexingTemporalAddValueWorks[Using inmemory]
    End time:    2017/08/28 19:52:41 (Duration: 3ms)
================================================================================





================================================================================
 TEST START                                                                     
--------------------------------------------------------------------------------
    Test class:  MultiValueIndexingTest
    Test method: multiValuedIndexRetrievalWorks[Using tupl]
    Start time:  2017/08/28 19:52:41
================================================================================





================================================================================
 TEST SUCCEEDED                                                                 
--------------------------------------------------------------------------------
    Test class:  MultiValueIndexingTest
    Test method: multiValuedIndexRetrievalWorks[Using tupl]
    End time:    2017/08/28 19:52:41 (Duration: 193ms)
================================================================================





================================================================================
 TEST START                                                                     
--------------------------------------------------------------------------------
    Test class:  MultiValueIndexingTest
    Test method: multiValuedIndexingTemporalRemoveValueWorks[Using tupl]
    Start time:  2017/08/28 19:52:41
================================================================================





================================================================================
 TEST SUCCEEDED                                                                 
--------------------------------------------------------------------------------
    Test class:  MultiValueIndexingTest
    Test method: multiValuedIndexingTemporalRemoveValueWorks[Using tupl]
    End time:    2017/08/28 19:52:42 (Duration: 268ms)
================================================================================





================================================================================
 TEST START                                                                     
--------------------------------------------------------------------------------
    Test class:  MultiValueIndexingTest
    Test method: multiValuedIndexingTemporalAddValueWorks[Using tupl]
    Start time:  2017/08/28 19:52:42
================================================================================





================================================================================
 TEST SUCCEEDED                                                                 
--------------------------------------------------------------------------------
    Test class:  MultiValueIndexingTest
    Test method: multiValuedIndexingTemporalAddValueWorks[Using tupl]
    End time:    2017/08/28 19:52:42 (Duration: 248ms)
================================================================================





================================================================================
 TEST START                                                                     
--------------------------------------------------------------------------------
    Test class:  MultiValueIndexingTest
    Test method: multiValuedIndexRetrievalWorks[Using jdbc]
    Start time:  2017/08/28 19:52:42
================================================================================



19:52:42.410 [Test worker] DEBUG c.m.v.c.m.DynamicPooledDataSourceManagerMBean - MBean: com.mchange.v2.c3p0:type=PooledDataSource,identityToken=1hgeqrl9qbn6pz6yfah30|4e8aac65,name=1hgeqrl9qbn6pz6yfah30|4e8aac65 registered.
19:52:42.410 [Test worker] DEBUG c.m.v.c.m.DynamicPooledDataSourceManagerMBean - MBean: com.mchange.v2.c3p0:type=PooledDataSource,identityToken=1hgeqrl9qbn6pz6yfah30|4e8aac65,name=1hgeqrl9qbn6pz6yfah30|4e8aac65 unregistered, in order to be reregistered after update.
19:52:42.410 [Test worker] DEBUG c.m.v.c.m.DynamicPooledDataSourceManagerMBean - MBean: com.mchange.v2.c3p0:type=PooledDataSource,identityToken=1hgeqrl9qbn6pz6yfah30|4e8aac65,name=1hgeqrl9qbn6pz6yfah30|4e8aac65 registered.
19:52:42.410 [Test worker] INFO  c.m.v.c.i.AbstractPoolBackedDataSource - Initializing c3p0 pool... com.mchange.v2.c3p0.PoolBackedDataSource@51a49aa9 [ connectionPoolDataSource -> com.mchange.v2.c3p0.WrapperConnectionPoolDataSource@3d1be906 [ acquireIncrement -> 3, acquireRetryAttempts -> 30, acquireRetryDelay -> 1000, autoCommitOnClose -> false, automaticTestTable -> null, breakAfterAcquireFailure -> false, checkoutTimeout -> 0, connectionCustomizerClassName -> null, connectionTesterClassName -> com.mchange.v2.c3p0.impl.DefaultConnectionTester, contextClassLoaderSource -> caller, debugUnreturnedConnectionStackTraces -> false, factoryClassLocation -> null, forceIgnoreUnresolvedTransactions -> false, forceSynchronousCheckins -> false, identityToken -> 1hgeqrl9qbn6pz6yfah30|539a1fad, idleConnectionTestPeriod -> 0, initialPoolSize -> 3, maxAdministrativeTaskTime -> 0, maxConnectionAge -> 0, maxIdleTime -> 0, maxIdleTimeExcessConnections -> 0, maxPoolSize -> 15, maxStatements -> 0, maxStatementsPerConnection -> 0, minPoolSize -> 3, nestedDataSource -> com.mchange.v2.c3p0.DriverManagerDataSource@e842a826 [ description -> null, driverClass -> null, factoryClassLocation -> null, forceUseNamedDriverClass -> false, identityToken -> 1hgeqrl9qbn6pz6yfah30|34114023, jdbcUrl -> jdbc:h2:mem:2cdb9156f9b846299fc98586b1460500, properties -> {} ], preferredTestQuery -> null, privilegeSpawnedThreads -> false, propertyCycle -> 0, statementCacheNumDeferredCloseThreads -> 0, testConnectionOnCheckin -> false, testConnectionOnCheckout -> false, unreturnedConnectionTimeout -> 0, usesTraditionalReflectiveProxies -> false; userOverrides: {} ], dataSourceName -> null, extensions -> {}, factoryClassLocation -> null, identityToken -> 1hgeqrl9qbn6pz6yfah30|4e8aac65, numHelperThreads -> 3 ]
19:52:42.410 [Test worker] DEBUG c.m.v.resourcepool.BasicResourcePool - com.mchange.v2.resourcepool.BasicResourcePool@13b3a5e0 config: [start -> 3; min -> 3; max -> 15; inc -> 3; num_acq_attempts -> 30; acq_attempt_delay -> 1000; check_idle_resources_delay -> 0; max_resource_age -> 0; max_idle_time -> 0; excess_max_idle_time -> 0; destroy_unreturned_resc_time -> 0; expiration_enforcement_delay -> 0; break_on_acquisition_failure -> false; debug_store_checkout_exceptions -> false; force_synchronous_checkins -> false]
19:52:42.410 [Test worker] DEBUG c.m.v.c.i.C3P0PooledConnectionPoolManager - Created new pool for auth, username (masked): 'null'.
19:52:42.410 [Test worker] DEBUG c.m.v.resourcepool.BasicResourcePool - acquire test -- pool size: 0; target_pool_size: 3; desired target? 1
19:52:42.410 [Test worker] DEBUG c.m.v.resourcepool.BasicResourcePool - awaitAvailable(): [unknown]
19:52:42.425 [Test worker] DEBUG c.m.v.c.m.ActiveManagementCoordinator - MBean: com.mchange.v2.c3p0:type=PooledDataSource,identityToken=1hgeqrl9qbn6pz6yfah30|4e8aac65,name=1hgeqrl9qbn6pz6yfah30|4e8aac65 unregistered.
19:52:42.425 [Test worker] DEBUG c.m.v.c.m.ActiveManagementCoordinator - C3P0Registry mbean unregistered.
19:52:42.425 [Resource Destroyer in BasicResourcePool.close()] DEBUG c.m.v.resourcepool.BasicResourcePool - Preparing to destroy resource: com.mchange.v2.c3p0.impl.NewPooledConnection@30b5123
19:52:42.425 [Resource Destroyer in BasicResourcePool.close()] DEBUG c.m.v.c.i.C3P0PooledConnectionPool - Preparing to destroy PooledConnection: com.mchange.v2.c3p0.impl.NewPooledConnection@30b5123
19:52:42.425 [Resource Destroyer in BasicResourcePool.close()] DEBUG c.m.v.c.i.C3P0PooledConnectionPool - Successfully destroyed PooledConnection: com.mchange.v2.c3p0.impl.NewPooledConnection@30b5123
19:52:42.425 [Resource Destroyer in BasicResourcePool.close()] DEBUG c.m.v.resourcepool.BasicResourcePool - Successfully destroyed resource: com.mchange.v2.c3p0.impl.NewPooledConnection@30b5123
19:52:42.425 [Resource Destroyer in BasicResourcePool.close()] DEBUG c.m.v.resourcepool.BasicResourcePool - Preparing to destroy resource: com.mchange.v2.c3p0.impl.NewPooledConnection@48cd3760
19:52:42.425 [Resource Destroyer in BasicResourcePool.close()] DEBUG c.m.v.c.i.C3P0PooledConnectionPool - Preparing to destroy PooledConnection: com.mchange.v2.c3p0.impl.NewPooledConnection@48cd3760
19:52:42.425 [Resource Destroyer in BasicResourcePool.close()] DEBUG c.m.v.c.i.C3P0PooledConnectionPool - Successfully destroyed PooledConnection: com.mchange.v2.c3p0.impl.NewPooledConnection@48cd3760
19:52:42.425 [Resource Destroyer in BasicResourcePool.close()] DEBUG c.m.v.resourcepool.BasicResourcePool - Successfully destroyed resource: com.mchange.v2.c3p0.impl.NewPooledConnection@48cd3760
19:52:42.425 [Resource Destroyer in BasicResourcePool.close()] DEBUG c.m.v.resourcepool.BasicResourcePool - Preparing to destroy resource: com.mchange.v2.c3p0.impl.NewPooledConnection@1136d068
19:52:42.425 [Resource Destroyer in BasicResourcePool.close()] DEBUG c.m.v.c.i.C3P0PooledConnectionPool - Preparing to destroy PooledConnection: com.mchange.v2.c3p0.impl.NewPooledConnection@1136d068
19:52:42.425 [Resource Destroyer in BasicResourcePool.close()] DEBUG c.m.v.c.i.C3P0PooledConnectionPool - Successfully destroyed PooledConnection: com.mchange.v2.c3p0.impl.NewPooledConnection@1136d068
19:52:42.425 [Resource Destroyer in BasicResourcePool.close()] DEBUG c.m.v.resourcepool.BasicResourcePool - Successfully destroyed resource: com.mchange.v2.c3p0.impl.NewPooledConnection@1136d068


================================================================================
 TEST SUCCEEDED                                                                 
--------------------------------------------------------------------------------
    Test class:  MultiValueIndexingTest
    Test method: multiValuedIndexRetrievalWorks[Using jdbc]
    End time:    2017/08/28 19:52:42 (Duration: 31ms)
================================================================================





================================================================================
 TEST START                                                                     
--------------------------------------------------------------------------------
    Test class:  MultiValueIndexingTest
    Test method: multiValuedIndexingTemporalRemoveValueWorks[Using jdbc]
    Start time:  2017/08/28 19:52:42
================================================================================



19:52:42.425 [Test worker] DEBUG c.m.v.c.m.DynamicPooledDataSourceManagerMBean - MBean: com.mchange.v2.c3p0:type=PooledDataSource,identityToken=1hgeqrl9qbn6pz6yfah30|150b793d,name=1hgeqrl9qbn6pz6yfah30|150b793d registered.
19:52:42.447 [Test worker] DEBUG c.m.v.c.m.DynamicPooledDataSourceManagerMBean - MBean: com.mchange.v2.c3p0:type=PooledDataSource,identityToken=1hgeqrl9qbn6pz6yfah30|150b793d,name=1hgeqrl9qbn6pz6yfah30|150b793d unregistered, in order to be reregistered after update.
19:52:42.447 [Test worker] DEBUG c.m.v.c.m.DynamicPooledDataSourceManagerMBean - MBean: com.mchange.v2.c3p0:type=PooledDataSource,identityToken=1hgeqrl9qbn6pz6yfah30|150b793d,name=1hgeqrl9qbn6pz6yfah30|150b793d registered.
19:52:42.447 [Test worker] INFO  c.m.v.c.i.AbstractPoolBackedDataSource - Initializing c3p0 pool... com.mchange.v2.c3p0.PoolBackedDataSource@821fa05b [ connectionPoolDataSource -> com.mchange.v2.c3p0.WrapperConnectionPoolDataSource@8729651f [ acquireIncrement -> 3, acquireRetryAttempts -> 30, acquireRetryDelay -> 1000, autoCommitOnClose -> false, automaticTestTable -> null, breakAfterAcquireFailure -> false, checkoutTimeout -> 0, connectionCustomizerClassName -> null, connectionTesterClassName -> com.mchange.v2.c3p0.impl.DefaultConnectionTester, contextClassLoaderSource -> caller, debugUnreturnedConnectionStackTraces -> false, factoryClassLocation -> null, forceIgnoreUnresolvedTransactions -> false, forceSynchronousCheckins -> false, identityToken -> 1hgeqrl9qbn6pz6yfah30|47f1a646, idleConnectionTestPeriod -> 0, initialPoolSize -> 3, maxAdministrativeTaskTime -> 0, maxConnectionAge -> 0, maxIdleTime -> 0, maxIdleTimeExcessConnections -> 0, maxPoolSize -> 15, maxStatements -> 0, maxStatementsPerConnection -> 0, minPoolSize -> 3, nestedDataSource -> com.mchange.v2.c3p0.DriverManagerDataSource@eaf6bc41 [ description -> null, driverClass -> null, factoryClassLocation -> null, forceUseNamedDriverClass -> false, identityToken -> 1hgeqrl9qbn6pz6yfah30|1324c15f, jdbcUrl -> jdbc:h2:mem:4c78318694d14f1197f987f1f376ca9b, properties -> {} ], preferredTestQuery -> null, privilegeSpawnedThreads -> false, propertyCycle -> 0, statementCacheNumDeferredCloseThreads -> 0, testConnectionOnCheckin -> false, testConnectionOnCheckout -> false, unreturnedConnectionTimeout -> 0, usesTraditionalReflectiveProxies -> false; userOverrides: {} ], dataSourceName -> null, extensions -> {}, factoryClassLocation -> null, identityToken -> 1hgeqrl9qbn6pz6yfah30|150b793d, numHelperThreads -> 3 ]
19:52:42.447 [Test worker] DEBUG c.m.v.resourcepool.BasicResourcePool - com.mchange.v2.resourcepool.BasicResourcePool@6a2cb96d config: [start -> 3; min -> 3; max -> 15; inc -> 3; num_acq_attempts -> 30; acq_attempt_delay -> 1000; check_idle_resources_delay -> 0; max_resource_age -> 0; max_idle_time -> 0; excess_max_idle_time -> 0; destroy_unreturned_resc_time -> 0; expiration_enforcement_delay -> 0; break_on_acquisition_failure -> false; debug_store_checkout_exceptions -> false; force_synchronous_checkins -> false]
19:52:42.447 [Test worker] DEBUG c.m.v.c.i.C3P0PooledConnectionPoolManager - Created new pool for auth, username (masked): 'null'.
19:52:42.447 [Test worker] DEBUG c.m.v.resourcepool.BasicResourcePool - acquire test -- pool size: 0; target_pool_size: 3; desired target? 1
19:52:42.447 [Test worker] DEBUG c.m.v.resourcepool.BasicResourcePool - awaitAvailable(): [unknown]
19:52:42.460 [Test worker] DEBUG c.m.v.c.m.ActiveManagementCoordinator - MBean: com.mchange.v2.c3p0:type=PooledDataSource,identityToken=1hgeqrl9qbn6pz6yfah30|150b793d,name=1hgeqrl9qbn6pz6yfah30|150b793d unregistered.
19:52:42.460 [Test worker] DEBUG c.m.v.c.m.ActiveManagementCoordinator - C3P0Registry mbean unregistered.
19:52:42.460 [Resource Destroyer in BasicResourcePool.close()] DEBUG c.m.v.resourcepool.BasicResourcePool - Preparing to destroy resource: com.mchange.v2.c3p0.impl.NewPooledConnection@6c1718fd
19:52:42.460 [Resource Destroyer in BasicResourcePool.close()] DEBUG c.m.v.c.i.C3P0PooledConnectionPool - Preparing to destroy PooledConnection: com.mchange.v2.c3p0.impl.NewPooledConnection@6c1718fd
19:52:42.460 [Resource Destroyer in BasicResourcePool.close()] DEBUG c.m.v.c.i.C3P0PooledConnectionPool - Successfully destroyed PooledConnection: com.mchange.v2.c3p0.impl.NewPooledConnection@6c1718fd
19:52:42.460 [Resource Destroyer in BasicResourcePool.close()] DEBUG c.m.v.resourcepool.BasicResourcePool - Successfully destroyed resource: com.mchange.v2.c3p0.impl.NewPooledConnection@6c1718fd
19:52:42.460 [Resource Destroyer in BasicResourcePool.close()] DEBUG c.m.v.resourcepool.BasicResourcePool - Preparing to destroy resource: com.mchange.v2.c3p0.impl.NewPooledConnection@6b9ecd4a
19:52:42.460 [Resource Destroyer in BasicResourcePool.close()] DEBUG c.m.v.c.i.C3P0PooledConnectionPool - Preparing to destroy PooledConnection: com.mchange.v2.c3p0.impl.NewPooledConnection@6b9ecd4a
19:52:42.460 [Resource Destroyer in BasicResourcePool.close()] DEBUG c.m.v.c.i.C3P0PooledConnectionPool - Successfully destroyed PooledConnection: com.mchange.v2.c3p0.impl.NewPooledConnection@6b9ecd4a
19:52:42.460 [Resource Destroyer in BasicResourcePool.close()] DEBUG c.m.v.resourcepool.BasicResourcePool - Successfully destroyed resource: com.mchange.v2.c3p0.impl.NewPooledConnection@6b9ecd4a
19:52:42.460 [Resource Destroyer in BasicResourcePool.close()] DEBUG c.m.v.resourcepool.BasicResourcePool - Preparing to destroy resource: com.mchange.v2.c3p0.impl.NewPooledConnection@366db893
19:52:42.460 [Resource Destroyer in BasicResourcePool.close()] DEBUG c.m.v.c.i.C3P0PooledConnectionPool - Preparing to destroy PooledConnection: com.mchange.v2.c3p0.impl.NewPooledConnection@366db893
19:52:42.460 [Resource Destroyer in BasicResourcePool.close()] DEBUG c.m.v.c.i.C3P0PooledConnectionPool - Successfully destroyed PooledConnection: com.mchange.v2.c3p0.impl.NewPooledConnection@366db893
19:52:42.460 [Resource Destroyer in BasicResourcePool.close()] DEBUG c.m.v.resourcepool.BasicResourcePool - Successfully destroyed resource: com.mchange.v2.c3p0.impl.NewPooledConnection@366db893


================================================================================
 TEST SUCCEEDED                                                                 
--------------------------------------------------------------------------------
    Test class:  MultiValueIndexingTest
    Test method: multiValuedIndexingTemporalRemoveValueWorks[Using jdbc]
    End time:    2017/08/28 19:52:42 (Duration: 35ms)
================================================================================





================================================================================
 TEST START                                                                     
--------------------------------------------------------------------------------
    Test class:  MultiValueIndexingTest
    Test method: multiValuedIndexingTemporalAddValueWorks[Using jdbc]
    Start time:  2017/08/28 19:52:42
================================================================================



19:52:42.460 [Test worker] DEBUG c.m.v.c.m.DynamicPooledDataSourceManagerMBean - MBean: com.mchange.v2.c3p0:type=PooledDataSource,identityToken=1hgeqrl9qbn6pz6yfah30|70675d83,name=1hgeqrl9qbn6pz6yfah30|70675d83 registered.
19:52:42.476 [Test worker] DEBUG c.m.v.c.m.DynamicPooledDataSourceManagerMBean - MBean: com.mchange.v2.c3p0:type=PooledDataSource,identityToken=1hgeqrl9qbn6pz6yfah30|70675d83,name=1hgeqrl9qbn6pz6yfah30|70675d83 unregistered, in order to be reregistered after update.
19:52:42.476 [Test worker] DEBUG c.m.v.c.m.DynamicPooledDataSourceManagerMBean - MBean: com.mchange.v2.c3p0:type=PooledDataSource,identityToken=1hgeqrl9qbn6pz6yfah30|70675d83,name=1hgeqrl9qbn6pz6yfah30|70675d83 registered.
19:52:42.476 [Test worker] INFO  c.m.v.c.i.AbstractPoolBackedDataSource - Initializing c3p0 pool... com.mchange.v2.c3p0.PoolBackedDataSource@1378e140 [ connectionPoolDataSource -> com.mchange.v2.c3p0.WrapperConnectionPoolDataSource@406658c4 [ acquireIncrement -> 3, acquireRetryAttempts -> 30, acquireRetryDelay -> 1000, autoCommitOnClose -> false, automaticTestTable -> null, breakAfterAcquireFailure -> false, checkoutTimeout -> 0, connectionCustomizerClassName -> null, connectionTesterClassName -> com.mchange.v2.c3p0.impl.DefaultConnectionTester, contextClassLoaderSource -> caller, debugUnreturnedConnectionStackTraces -> false, factoryClassLocation -> null, forceIgnoreUnresolvedTransactions -> false, forceSynchronousCheckins -> false, identityToken -> 1hgeqrl9qbn6pz6yfah30|b45b4de, idleConnectionTestPeriod -> 0, initialPoolSize -> 3, maxAdministrativeTaskTime -> 0, maxConnectionAge -> 0, maxIdleTime -> 0, maxIdleTimeExcessConnections -> 0, maxPoolSize -> 15, maxStatements -> 0, maxStatementsPerConnection -> 0, minPoolSize -> 3, nestedDataSource -> com.mchange.v2.c3p0.DriverManagerDataSource@6f097420 [ description -> null, driverClass -> null, factoryClassLocation -> null, forceUseNamedDriverClass -> false, identityToken -> 1hgeqrl9qbn6pz6yfah30|783b1c46, jdbcUrl -> jdbc:h2:mem:30fe7ae66fca49c4a3e456ba43ec4013, properties -> {} ], preferredTestQuery -> null, privilegeSpawnedThreads -> false, propertyCycle -> 0, statementCacheNumDeferredCloseThreads -> 0, testConnectionOnCheckin -> false, testConnectionOnCheckout -> false, unreturnedConnectionTimeout -> 0, usesTraditionalReflectiveProxies -> false; userOverrides: {} ], dataSourceName -> null, extensions -> {}, factoryClassLocation -> null, identityToken -> 1hgeqrl9qbn6pz6yfah30|70675d83, numHelperThreads -> 3 ]
19:52:42.476 [Test worker] DEBUG c.m.v.resourcepool.BasicResourcePool - com.mchange.v2.resourcepool.BasicResourcePool@3514692f config: [start -> 3; min -> 3; max -> 15; inc -> 3; num_acq_attempts -> 30; acq_attempt_delay -> 1000; check_idle_resources_delay -> 0; max_resource_age -> 0; max_idle_time -> 0; excess_max_idle_time -> 0; destroy_unreturned_resc_time -> 0; expiration_enforcement_delay -> 0; break_on_acquisition_failure -> false; debug_store_checkout_exceptions -> false; force_synchronous_checkins -> false]
19:52:42.476 [Test worker] DEBUG c.m.v.c.i.C3P0PooledConnectionPoolManager - Created new pool for auth, username (masked): 'null'.
19:52:42.476 [Test worker] DEBUG c.m.v.resourcepool.BasicResourcePool - acquire test -- pool size: 0; target_pool_size: 3; desired target? 1
19:52:42.476 [Test worker] DEBUG c.m.v.resourcepool.BasicResourcePool - awaitAvailable(): [unknown]
19:52:42.500 [Test worker] DEBUG c.m.v.c.m.ActiveManagementCoordinator - MBean: com.mchange.v2.c3p0:type=PooledDataSource,identityToken=1hgeqrl9qbn6pz6yfah30|70675d83,name=1hgeqrl9qbn6pz6yfah30|70675d83 unregistered.
19:52:42.500 [Test worker] DEBUG c.m.v.c.m.ActiveManagementCoordinator - C3P0Registry mbean unregistered.
19:52:42.500 [Resource Destroyer in BasicResourcePool.close()] DEBUG c.m.v.resourcepool.BasicResourcePool - Preparing to destroy resource: com.mchange.v2.c3p0.impl.NewPooledConnection@293eca14
19:52:42.500 [Resource Destroyer in BasicResourcePool.close()] DEBUG c.m.v.c.i.C3P0PooledConnectionPool - Preparing to destroy PooledConnection: com.mchange.v2.c3p0.impl.NewPooledConnection@293eca14
19:52:42.500 [Resource Destroyer in BasicResourcePool.close()] DEBUG c.m.v.c.i.C3P0PooledConnectionPool - Successfully destroyed PooledConnection: com.mchange.v2.c3p0.impl.NewPooledConnection@293eca14
19:52:42.500 [Resource Destroyer in BasicResourcePool.close()] DEBUG c.m.v.resourcepool.BasicResourcePool - Successfully destroyed resource: com.mchange.v2.c3p0.impl.NewPooledConnection@293eca14
19:52:42.500 [Resource Destroyer in BasicResourcePool.close()] DEBUG c.m.v.resourcepool.BasicResourcePool - Preparing to destroy resource: com.mchange.v2.c3p0.impl.NewPooledConnection@3f0139ac
19:52:42.500 [Resource Destroyer in BasicResourcePool.close()] DEBUG c.m.v.c.i.C3P0PooledConnectionPool - Preparing to destroy PooledConnection: com.mchange.v2.c3p0.impl.NewPooledConnection@3f0139ac
19:52:42.500 [Resource Destroyer in BasicResourcePool.close()] DEBUG c.m.v.c.i.C3P0PooledConnectionPool - Successfully destroyed PooledConnection: com.mchange.v2.c3p0.impl.NewPooledConnection@3f0139ac
19:52:42.500 [Resource Destroyer in BasicResourcePool.close()] DEBUG c.m.v.resourcepool.BasicResourcePool - Successfully destroyed resource: com.mchange.v2.c3p0.impl.NewPooledConnection@3f0139ac
19:52:42.500 [Resource Destroyer in BasicResourcePool.close()] DEBUG c.m.v.resourcepool.BasicResourcePool - Preparing to destroy resource: com.mchange.v2.c3p0.impl.NewPooledConnection@3e14fc13
19:52:42.500 [Resource Destroyer in BasicResourcePool.close()] DEBUG c.m.v.c.i.C3P0PooledConnectionPool - Preparing to destroy PooledConnection: com.mchange.v2.c3p0.impl.NewPooledConnection@3e14fc13
19:52:42.500 [Resource Destroyer in BasicResourcePool.close()] DEBUG c.m.v.c.i.C3P0PooledConnectionPool - Successfully destroyed PooledConnection: com.mchange.v2.c3p0.impl.NewPooledConnection@3e14fc13
19:52:42.500 [Resource Destroyer in BasicResourcePool.close()] DEBUG c.m.v.resourcepool.BasicResourcePool - Successfully destroyed resource: com.mchange.v2.c3p0.impl.NewPooledConnection@3e14fc13


================================================================================
 TEST SUCCEEDED                                                                 
--------------------------------------------------------------------------------
    Test class:  MultiValueIndexingTest
    Test method: multiValuedIndexingTemporalAddValueWorks[Using jdbc]
    End time:    2017/08/28 19:52:42 (Duration: 40ms)
================================================================================





================================================================================
 TEST START                                                                     
--------------------------------------------------------------------------------
    Test class:  MultiValueIndexingTest
    Test method: multiValuedIndexRetrievalWorks[Using chunked]
    Start time:  2017/08/28 19:52:42
================================================================================





================================================================================
 TEST SUCCEEDED                                                                 
--------------------------------------------------------------------------------
    Test class:  MultiValueIndexingTest
    Test method: multiValuedIndexRetrievalWorks[Using chunked]
    End time:    2017/08/28 19:52:42 (Duration: 363ms)
================================================================================





================================================================================
 TEST START                                                                     
--------------------------------------------------------------------------------
    Test class:  MultiValueIndexingTest
    Test method: multiValuedIndexingTemporalRemoveValueWorks[Using chunked]
    Start time:  2017/08/28 19:52:42
================================================================================





================================================================================
 TEST SUCCEEDED                                                                 
--------------------------------------------------------------------------------
    Test class:  MultiValueIndexingTest
    Test method: multiValuedIndexingTemporalRemoveValueWorks[Using chunked]
    End time:    2017/08/28 19:52:43 (Duration: 315ms)
================================================================================





================================================================================
 TEST START                                                                     
--------------------------------------------------------------------------------
    Test class:  MultiValueIndexingTest
    Test method: multiValuedIndexingTemporalAddValueWorks[Using chunked]
    Start time:  2017/08/28 19:52:43
================================================================================





================================================================================
 TEST SUCCEEDED                                                                 
--------------------------------------------------------------------------------
    Test class:  MultiValueIndexingTest
    Test method: multiValuedIndexingTemporalAddValueWorks[Using chunked]
    End time:    2017/08/28 19:52:43 (Duration: 216ms)
================================================================================



19:52:43.394 [Test worker] INFO  o.c.common.test.ChronosUnitTest - Attempting to delete temp directory provided at: C:\Users\Martin\AppData\Local\Temp\ChronoDBTest5529815287975316420
19:52:43.394 [Test worker] INFO  o.c.common.test.ChronosUnitTest - Successfully deleted temp directory
]]></system-out>
  <system-err><![CDATA[]]></system-err>
</testsuite>
