<?xml version="1.0" encoding="UTF-8"?>
<testsuite name="org.chronos.chronodb.test.engine.safetyfeatures.RollbackToWALTest" tests="120" skipped="0" failures="0" errors="0" timestamp="2017-08-28T17:53:16" hostname="Aurora" time="31.452">
  <properties/>
  <testcase name="crashingIncTxTest_BeforeMetadataUpdate_WithThreadKill[Using jdbc]" classname="org.chronos.chronodb.test.engine.safetyfeatures.RollbackToWALTest" time="0.029"/>
  <testcase name="crashingIncTxTest_BeforeNowTimestampUpdate_WithThreadKill[Using jdbc]" classname="org.chronos.chronodb.test.engine.safetyfeatures.RollbackToWALTest" time="0.032"/>
  <testcase name="crashingIncTxTest_BeforeSecondaryIndexUpdate_WithThreadKill[Using jdbc]" classname="org.chronos.chronodb.test.engine.safetyfeatures.RollbackToWALTest" time="0.035"/>
  <testcase name="crashingTxTest_BeforeMetadataUpdate_WithException[Using jdbc]" classname="org.chronos.chronodb.test.engine.safetyfeatures.RollbackToWALTest" time="0.019"/>
  <testcase name="crashingTxTest_BeforePrimaryIndexUpdate_WithException[Using jdbc]" classname="org.chronos.chronodb.test.engine.safetyfeatures.RollbackToWALTest" time="0.026"/>
  <testcase name="crashingIncTxTest_BeforeMetadataUpdate_WithException[Using jdbc]" classname="org.chronos.chronodb.test.engine.safetyfeatures.RollbackToWALTest" time="0.024"/>
  <testcase name="crashingIncTxTest_BeforePrimaryIndexUpdate_WithException[Using jdbc]" classname="org.chronos.chronodb.test.engine.safetyfeatures.RollbackToWALTest" time="0.031"/>
  <testcase name="crashingTxTest_BeforeMetadataUpdate_WithThreadKill[Using jdbc]" classname="org.chronos.chronodb.test.engine.safetyfeatures.RollbackToWALTest" time="0.042"/>
  <testcase name="crashingTxTest_BeforeTransactionCommitted_WithThreadKill[Using jdbc]" classname="org.chronos.chronodb.test.engine.safetyfeatures.RollbackToWALTest" time="0.026"/>
  <testcase name="crashingTxTest_BeforeCacheUpdate_WithThreadKill[Using jdbc]" classname="org.chronos.chronodb.test.engine.safetyfeatures.RollbackToWALTest" time="0.031"/>
  <testcase name="crashingTxTest_BeforeCacheUpdate_WithException[Using jdbc]" classname="org.chronos.chronodb.test.engine.safetyfeatures.RollbackToWALTest" time="0.021"/>
  <testcase name="crashingIncTxTest_BeforeCacheUpdate_WithThreadKill[Using jdbc]" classname="org.chronos.chronodb.test.engine.safetyfeatures.RollbackToWALTest" time="0.026"/>
  <testcase name="crashingTxTest_BeforeSecondaryIndexUpdate_WithException[Using jdbc]" classname="org.chronos.chronodb.test.engine.safetyfeatures.RollbackToWALTest" time="0.026"/>
  <testcase name="crashingTxTest_BeforePrimaryIndexUpdate_WithThreadKill[Using jdbc]" classname="org.chronos.chronodb.test.engine.safetyfeatures.RollbackToWALTest" time="0.029"/>
  <testcase name="crashingTxTest_BeforeNowTimestampUpdate_WithException[Using jdbc]" classname="org.chronos.chronodb.test.engine.safetyfeatures.RollbackToWALTest" time="0.025"/>
  <testcase name="crashingIncTxTest_BeforeNowTimestampUpdate_WithException[Using jdbc]" classname="org.chronos.chronodb.test.engine.safetyfeatures.RollbackToWALTest" time="0.025"/>
  <testcase name="crashingIncTxTest_BeforeTransactionCommitted_WithThreadKill[Using jdbc]" classname="org.chronos.chronodb.test.engine.safetyfeatures.RollbackToWALTest" time="0.026"/>
  <testcase name="crashingTxTest_BeforeSecondaryIndexUpdate_WithThreadKill[Using jdbc]" classname="org.chronos.chronodb.test.engine.safetyfeatures.RollbackToWALTest" time="0.024"/>
  <testcase name="crashingTxTest_BeforeNowTimestampUpdate_WithThreadKill[Using jdbc]" classname="org.chronos.chronodb.test.engine.safetyfeatures.RollbackToWALTest" time="0.025"/>
  <testcase name="crashingIncTxTest_BeforeTransactionCommittedUpdate_WithException[Using jdbc]" classname="org.chronos.chronodb.test.engine.safetyfeatures.RollbackToWALTest" time="0.025"/>
  <testcase name="crashingTxTest_BeforeTransactionCommittedUpdate_WithException[Using jdbc]" classname="org.chronos.chronodb.test.engine.safetyfeatures.RollbackToWALTest" time="0.024"/>
  <testcase name="crashingIncTxTest_BeforePrimaryIndexUpdate_WithThreadKill[Using jdbc]" classname="org.chronos.chronodb.test.engine.safetyfeatures.RollbackToWALTest" time="0.024"/>
  <testcase name="crashingIncTxTest_BeforeCacheUpdate_WithException[Using jdbc]" classname="org.chronos.chronodb.test.engine.safetyfeatures.RollbackToWALTest" time="0.025"/>
  <testcase name="crashingIncTxTest_BeforeSecondaryIndexUpdate_WithException[Using jdbc]" classname="org.chronos.chronodb.test.engine.safetyfeatures.RollbackToWALTest" time="0.025"/>
  <testcase name="crashingIncTxTest_BeforeMetadataUpdate_WithThreadKill[Using tupl]" classname="org.chronos.chronodb.test.engine.safetyfeatures.RollbackToWALTest" time="0.191"/>
  <testcase name="crashingIncTxTest_BeforeNowTimestampUpdate_WithThreadKill[Using tupl]" classname="org.chronos.chronodb.test.engine.safetyfeatures.RollbackToWALTest" time="0.185"/>
  <testcase name="crashingIncTxTest_BeforeSecondaryIndexUpdate_WithThreadKill[Using tupl]" classname="org.chronos.chronodb.test.engine.safetyfeatures.RollbackToWALTest" time="0.147"/>
  <testcase name="crashingTxTest_BeforeMetadataUpdate_WithException[Using tupl]" classname="org.chronos.chronodb.test.engine.safetyfeatures.RollbackToWALTest" time="0.3"/>
  <testcase name="crashingTxTest_BeforePrimaryIndexUpdate_WithException[Using tupl]" classname="org.chronos.chronodb.test.engine.safetyfeatures.RollbackToWALTest" time="0.231"/>
  <testcase name="crashingIncTxTest_BeforeMetadataUpdate_WithException[Using tupl]" classname="org.chronos.chronodb.test.engine.safetyfeatures.RollbackToWALTest" time="0.322"/>
  <testcase name="crashingIncTxTest_BeforePrimaryIndexUpdate_WithException[Using tupl]" classname="org.chronos.chronodb.test.engine.safetyfeatures.RollbackToWALTest" time="0.262"/>
  <testcase name="crashingTxTest_BeforeMetadataUpdate_WithThreadKill[Using tupl]" classname="org.chronos.chronodb.test.engine.safetyfeatures.RollbackToWALTest" time="0.338"/>
  <testcase name="crashingTxTest_BeforeTransactionCommitted_WithThreadKill[Using tupl]" classname="org.chronos.chronodb.test.engine.safetyfeatures.RollbackToWALTest" time="0.326"/>
  <testcase name="crashingTxTest_BeforeCacheUpdate_WithThreadKill[Using tupl]" classname="org.chronos.chronodb.test.engine.safetyfeatures.RollbackToWALTest" time="0.347"/>
  <testcase name="crashingTxTest_BeforeCacheUpdate_WithException[Using tupl]" classname="org.chronos.chronodb.test.engine.safetyfeatures.RollbackToWALTest" time="0.284"/>
  <testcase name="crashingIncTxTest_BeforeCacheUpdate_WithThreadKill[Using tupl]" classname="org.chronos.chronodb.test.engine.safetyfeatures.RollbackToWALTest" time="0.184"/>
  <testcase name="crashingTxTest_BeforeSecondaryIndexUpdate_WithException[Using tupl]" classname="org.chronos.chronodb.test.engine.safetyfeatures.RollbackToWALTest" time="0.131"/>
  <testcase name="crashingTxTest_BeforePrimaryIndexUpdate_WithThreadKill[Using tupl]" classname="org.chronos.chronodb.test.engine.safetyfeatures.RollbackToWALTest" time="0.138"/>
  <testcase name="crashingTxTest_BeforeNowTimestampUpdate_WithException[Using tupl]" classname="org.chronos.chronodb.test.engine.safetyfeatures.RollbackToWALTest" time="0.2"/>
  <testcase name="crashingIncTxTest_BeforeNowTimestampUpdate_WithException[Using tupl]" classname="org.chronos.chronodb.test.engine.safetyfeatures.RollbackToWALTest" time="0.284"/>
  <testcase name="crashingIncTxTest_BeforeTransactionCommitted_WithThreadKill[Using tupl]" classname="org.chronos.chronodb.test.engine.safetyfeatures.RollbackToWALTest" time="0.331"/>
  <testcase name="crashingTxTest_BeforeSecondaryIndexUpdate_WithThreadKill[Using tupl]" classname="org.chronos.chronodb.test.engine.safetyfeatures.RollbackToWALTest" time="0.247"/>
  <testcase name="crashingTxTest_BeforeNowTimestampUpdate_WithThreadKill[Using tupl]" classname="org.chronos.chronodb.test.engine.safetyfeatures.RollbackToWALTest" time="0.337"/>
  <testcase name="crashingIncTxTest_BeforeTransactionCommittedUpdate_WithException[Using tupl]" classname="org.chronos.chronodb.test.engine.safetyfeatures.RollbackToWALTest" time="0.325"/>
  <testcase name="crashingTxTest_BeforeTransactionCommittedUpdate_WithException[Using tupl]" classname="org.chronos.chronodb.test.engine.safetyfeatures.RollbackToWALTest" time="0.332"/>
  <testcase name="crashingIncTxTest_BeforePrimaryIndexUpdate_WithThreadKill[Using tupl]" classname="org.chronos.chronodb.test.engine.safetyfeatures.RollbackToWALTest" time="0.269"/>
  <testcase name="crashingIncTxTest_BeforeCacheUpdate_WithException[Using tupl]" classname="org.chronos.chronodb.test.engine.safetyfeatures.RollbackToWALTest" time="0.284"/>
  <testcase name="crashingIncTxTest_BeforeSecondaryIndexUpdate_WithException[Using tupl]" classname="org.chronos.chronodb.test.engine.safetyfeatures.RollbackToWALTest" time="0.163"/>
  <testcase name="crashingIncTxTest_BeforeMetadataUpdate_WithThreadKill[Using inmemory]" classname="org.chronos.chronodb.test.engine.safetyfeatures.RollbackToWALTest" time="0.004"/>
  <testcase name="crashingIncTxTest_BeforeNowTimestampUpdate_WithThreadKill[Using inmemory]" classname="org.chronos.chronodb.test.engine.safetyfeatures.RollbackToWALTest" time="0.006"/>
  <testcase name="crashingIncTxTest_BeforeSecondaryIndexUpdate_WithThreadKill[Using inmemory]" classname="org.chronos.chronodb.test.engine.safetyfeatures.RollbackToWALTest" time="0.002"/>
  <testcase name="crashingTxTest_BeforeMetadataUpdate_WithException[Using inmemory]" classname="org.chronos.chronodb.test.engine.safetyfeatures.RollbackToWALTest" time="0.004"/>
  <testcase name="crashingTxTest_BeforePrimaryIndexUpdate_WithException[Using inmemory]" classname="org.chronos.chronodb.test.engine.safetyfeatures.RollbackToWALTest" time="0.004"/>
  <testcase name="crashingIncTxTest_BeforeMetadataUpdate_WithException[Using inmemory]" classname="org.chronos.chronodb.test.engine.safetyfeatures.RollbackToWALTest" time="0.002"/>
  <testcase name="crashingIncTxTest_BeforePrimaryIndexUpdate_WithException[Using inmemory]" classname="org.chronos.chronodb.test.engine.safetyfeatures.RollbackToWALTest" time="0.004"/>
  <testcase name="crashingTxTest_BeforeMetadataUpdate_WithThreadKill[Using inmemory]" classname="org.chronos.chronodb.test.engine.safetyfeatures.RollbackToWALTest" time="0.004"/>
  <testcase name="crashingTxTest_BeforeTransactionCommitted_WithThreadKill[Using inmemory]" classname="org.chronos.chronodb.test.engine.safetyfeatures.RollbackToWALTest" time="0.004"/>
  <testcase name="crashingTxTest_BeforeCacheUpdate_WithThreadKill[Using inmemory]" classname="org.chronos.chronodb.test.engine.safetyfeatures.RollbackToWALTest" time="0.004"/>
  <testcase name="crashingTxTest_BeforeCacheUpdate_WithException[Using inmemory]" classname="org.chronos.chronodb.test.engine.safetyfeatures.RollbackToWALTest" time="0.003"/>
  <testcase name="crashingIncTxTest_BeforeCacheUpdate_WithThreadKill[Using inmemory]" classname="org.chronos.chronodb.test.engine.safetyfeatures.RollbackToWALTest" time="0.004"/>
  <testcase name="crashingTxTest_BeforeSecondaryIndexUpdate_WithException[Using inmemory]" classname="org.chronos.chronodb.test.engine.safetyfeatures.RollbackToWALTest" time="0.004"/>
  <testcase name="crashingTxTest_BeforePrimaryIndexUpdate_WithThreadKill[Using inmemory]" classname="org.chronos.chronodb.test.engine.safetyfeatures.RollbackToWALTest" time="0.004"/>
  <testcase name="crashingTxTest_BeforeNowTimestampUpdate_WithException[Using inmemory]" classname="org.chronos.chronodb.test.engine.safetyfeatures.RollbackToWALTest" time="0.003"/>
  <testcase name="crashingIncTxTest_BeforeNowTimestampUpdate_WithException[Using inmemory]" classname="org.chronos.chronodb.test.engine.safetyfeatures.RollbackToWALTest" time="0.004"/>
  <testcase name="crashingIncTxTest_BeforeTransactionCommitted_WithThreadKill[Using inmemory]" classname="org.chronos.chronodb.test.engine.safetyfeatures.RollbackToWALTest" time="0.004"/>
  <testcase name="crashingTxTest_BeforeSecondaryIndexUpdate_WithThreadKill[Using inmemory]" classname="org.chronos.chronodb.test.engine.safetyfeatures.RollbackToWALTest" time="0.004"/>
  <testcase name="crashingTxTest_BeforeNowTimestampUpdate_WithThreadKill[Using inmemory]" classname="org.chronos.chronodb.test.engine.safetyfeatures.RollbackToWALTest" time="0.004"/>
  <testcase name="crashingIncTxTest_BeforeTransactionCommittedUpdate_WithException[Using inmemory]" classname="org.chronos.chronodb.test.engine.safetyfeatures.RollbackToWALTest" time="0.003"/>
  <testcase name="crashingTxTest_BeforeTransactionCommittedUpdate_WithException[Using inmemory]" classname="org.chronos.chronodb.test.engine.safetyfeatures.RollbackToWALTest" time="0.004"/>
  <testcase name="crashingIncTxTest_BeforePrimaryIndexUpdate_WithThreadKill[Using inmemory]" classname="org.chronos.chronodb.test.engine.safetyfeatures.RollbackToWALTest" time="0.005"/>
  <testcase name="crashingIncTxTest_BeforeCacheUpdate_WithException[Using inmemory]" classname="org.chronos.chronodb.test.engine.safetyfeatures.RollbackToWALTest" time="0.003"/>
  <testcase name="crashingIncTxTest_BeforeSecondaryIndexUpdate_WithException[Using inmemory]" classname="org.chronos.chronodb.test.engine.safetyfeatures.RollbackToWALTest" time="0.004"/>
  <testcase name="crashingIncTxTest_BeforeMetadataUpdate_WithThreadKill[Using chunked]" classname="org.chronos.chronodb.test.engine.safetyfeatures.RollbackToWALTest" time="0.201"/>
  <testcase name="crashingIncTxTest_BeforeNowTimestampUpdate_WithThreadKill[Using chunked]" classname="org.chronos.chronodb.test.engine.safetyfeatures.RollbackToWALTest" time="0.211"/>
  <testcase name="crashingIncTxTest_BeforeSecondaryIndexUpdate_WithThreadKill[Using chunked]" classname="org.chronos.chronodb.test.engine.safetyfeatures.RollbackToWALTest" time="0.299"/>
  <testcase name="crashingTxTest_BeforeMetadataUpdate_WithException[Using chunked]" classname="org.chronos.chronodb.test.engine.safetyfeatures.RollbackToWALTest" time="0.395"/>
  <testcase name="crashingTxTest_BeforePrimaryIndexUpdate_WithException[Using chunked]" classname="org.chronos.chronodb.test.engine.safetyfeatures.RollbackToWALTest" time="0.368"/>
  <testcase name="crashingIncTxTest_BeforeMetadataUpdate_WithException[Using chunked]" classname="org.chronos.chronodb.test.engine.safetyfeatures.RollbackToWALTest" time="0.384"/>
  <testcase name="crashingIncTxTest_BeforePrimaryIndexUpdate_WithException[Using chunked]" classname="org.chronos.chronodb.test.engine.safetyfeatures.RollbackToWALTest" time="0.368"/>
  <testcase name="crashingTxTest_BeforeMetadataUpdate_WithThreadKill[Using chunked]" classname="org.chronos.chronodb.test.engine.safetyfeatures.RollbackToWALTest" time="0.384"/>
  <testcase name="crashingTxTest_BeforeTransactionCommitted_WithThreadKill[Using chunked]" classname="org.chronos.chronodb.test.engine.safetyfeatures.RollbackToWALTest" time="0.232"/>
  <testcase name="crashingTxTest_BeforeCacheUpdate_WithThreadKill[Using chunked]" classname="org.chronos.chronodb.test.engine.safetyfeatures.RollbackToWALTest" time="0.215"/>
  <testcase name="crashingTxTest_BeforeCacheUpdate_WithException[Using chunked]" classname="org.chronos.chronodb.test.engine.safetyfeatures.RollbackToWALTest" time="0.346"/>
  <testcase name="crashingIncTxTest_BeforeCacheUpdate_WithThreadKill[Using chunked]" classname="org.chronos.chronodb.test.engine.safetyfeatures.RollbackToWALTest" time="0.384"/>
  <testcase name="crashingTxTest_BeforeSecondaryIndexUpdate_WithException[Using chunked]" classname="org.chronos.chronodb.test.engine.safetyfeatures.RollbackToWALTest" time="0.4"/>
  <testcase name="crashingTxTest_BeforePrimaryIndexUpdate_WithThreadKill[Using chunked]" classname="org.chronos.chronodb.test.engine.safetyfeatures.RollbackToWALTest" time="0.384"/>
  <testcase name="crashingTxTest_BeforeNowTimestampUpdate_WithException[Using chunked]" classname="org.chronos.chronodb.test.engine.safetyfeatures.RollbackToWALTest" time="0.416"/>
  <testcase name="crashingIncTxTest_BeforeNowTimestampUpdate_WithException[Using chunked]" classname="org.chronos.chronodb.test.engine.safetyfeatures.RollbackToWALTest" time="0.251"/>
  <testcase name="crashingIncTxTest_BeforeTransactionCommitted_WithThreadKill[Using chunked]" classname="org.chronos.chronodb.test.engine.safetyfeatures.RollbackToWALTest" time="0.217"/>
  <testcase name="crashingTxTest_BeforeSecondaryIndexUpdate_WithThreadKill[Using chunked]" classname="org.chronos.chronodb.test.engine.safetyfeatures.RollbackToWALTest" time="0.232"/>
  <testcase name="crashingTxTest_BeforeNowTimestampUpdate_WithThreadKill[Using chunked]" classname="org.chronos.chronodb.test.engine.safetyfeatures.RollbackToWALTest" time="0.231"/>
  <testcase name="crashingIncTxTest_BeforeTransactionCommittedUpdate_WithException[Using chunked]" classname="org.chronos.chronodb.test.engine.safetyfeatures.RollbackToWALTest" time="0.284"/>
  <testcase name="crashingTxTest_BeforeTransactionCommittedUpdate_WithException[Using chunked]" classname="org.chronos.chronodb.test.engine.safetyfeatures.RollbackToWALTest" time="0.401"/>
  <testcase name="crashingIncTxTest_BeforePrimaryIndexUpdate_WithThreadKill[Using chunked]" classname="org.chronos.chronodb.test.engine.safetyfeatures.RollbackToWALTest" time="0.385"/>
  <testcase name="crashingIncTxTest_BeforeCacheUpdate_WithException[Using chunked]" classname="org.chronos.chronodb.test.engine.safetyfeatures.RollbackToWALTest" time="0.37"/>
  <testcase name="crashingIncTxTest_BeforeSecondaryIndexUpdate_WithException[Using chunked]" classname="org.chronos.chronodb.test.engine.safetyfeatures.RollbackToWALTest" time="0.384"/>
  <testcase name="crashingIncTxTest_BeforeMetadataUpdate_WithThreadKill[Using mapdb]" classname="org.chronos.chronodb.test.engine.safetyfeatures.RollbackToWALTest" time="0.647"/>
  <testcase name="crashingIncTxTest_BeforeNowTimestampUpdate_WithThreadKill[Using mapdb]" classname="org.chronos.chronodb.test.engine.safetyfeatures.RollbackToWALTest" time="0.554"/>
  <testcase name="crashingIncTxTest_BeforeSecondaryIndexUpdate_WithThreadKill[Using mapdb]" classname="org.chronos.chronodb.test.engine.safetyfeatures.RollbackToWALTest" time="0.478"/>
  <testcase name="crashingTxTest_BeforeMetadataUpdate_WithException[Using mapdb]" classname="org.chronos.chronodb.test.engine.safetyfeatures.RollbackToWALTest" time="0.822"/>
  <testcase name="crashingTxTest_BeforePrimaryIndexUpdate_WithException[Using mapdb]" classname="org.chronos.chronodb.test.engine.safetyfeatures.RollbackToWALTest" time="0.762"/>
  <testcase name="crashingIncTxTest_BeforeMetadataUpdate_WithException[Using mapdb]" classname="org.chronos.chronodb.test.engine.safetyfeatures.RollbackToWALTest" time="0.8"/>
  <testcase name="crashingIncTxTest_BeforePrimaryIndexUpdate_WithException[Using mapdb]" classname="org.chronos.chronodb.test.engine.safetyfeatures.RollbackToWALTest" time="0.6"/>
  <testcase name="crashingTxTest_BeforeMetadataUpdate_WithThreadKill[Using mapdb]" classname="org.chronos.chronodb.test.engine.safetyfeatures.RollbackToWALTest" time="0.554"/>
  <testcase name="crashingTxTest_BeforeTransactionCommitted_WithThreadKill[Using mapdb]" classname="org.chronos.chronodb.test.engine.safetyfeatures.RollbackToWALTest" time="0.862"/>
  <testcase name="crashingTxTest_BeforeCacheUpdate_WithThreadKill[Using mapdb]" classname="org.chronos.chronodb.test.engine.safetyfeatures.RollbackToWALTest" time="0.821"/>
  <testcase name="crashingTxTest_BeforeCacheUpdate_WithException[Using mapdb]" classname="org.chronos.chronodb.test.engine.safetyfeatures.RollbackToWALTest" time="0.83"/>
  <testcase name="crashingIncTxTest_BeforeCacheUpdate_WithThreadKill[Using mapdb]" classname="org.chronos.chronodb.test.engine.safetyfeatures.RollbackToWALTest" time="0.548"/>
  <testcase name="crashingTxTest_BeforeSecondaryIndexUpdate_WithException[Using mapdb]" classname="org.chronos.chronodb.test.engine.safetyfeatures.RollbackToWALTest" time="0.569"/>
  <testcase name="crashingTxTest_BeforePrimaryIndexUpdate_WithThreadKill[Using mapdb]" classname="org.chronos.chronodb.test.engine.safetyfeatures.RollbackToWALTest" time="0.731"/>
  <testcase name="crashingTxTest_BeforeNowTimestampUpdate_WithException[Using mapdb]" classname="org.chronos.chronodb.test.engine.safetyfeatures.RollbackToWALTest" time="0.838"/>
  <testcase name="crashingIncTxTest_BeforeNowTimestampUpdate_WithException[Using mapdb]" classname="org.chronos.chronodb.test.engine.safetyfeatures.RollbackToWALTest" time="0.785"/>
  <testcase name="crashingIncTxTest_BeforeTransactionCommitted_WithThreadKill[Using mapdb]" classname="org.chronos.chronodb.test.engine.safetyfeatures.RollbackToWALTest" time="0.579"/>
  <testcase name="crashingTxTest_BeforeSecondaryIndexUpdate_WithThreadKill[Using mapdb]" classname="org.chronos.chronodb.test.engine.safetyfeatures.RollbackToWALTest" time="0.668"/>
  <testcase name="crashingTxTest_BeforeNowTimestampUpdate_WithThreadKill[Using mapdb]" classname="org.chronos.chronodb.test.engine.safetyfeatures.RollbackToWALTest" time="0.853"/>
  <testcase name="crashingIncTxTest_BeforeTransactionCommittedUpdate_WithException[Using mapdb]" classname="org.chronos.chronodb.test.engine.safetyfeatures.RollbackToWALTest" time="0.832"/>
  <testcase name="crashingTxTest_BeforeTransactionCommittedUpdate_WithException[Using mapdb]" classname="org.chronos.chronodb.test.engine.safetyfeatures.RollbackToWALTest" time="0.669"/>
  <testcase name="crashingIncTxTest_BeforePrimaryIndexUpdate_WithThreadKill[Using mapdb]" classname="org.chronos.chronodb.test.engine.safetyfeatures.RollbackToWALTest" time="0.467"/>
  <testcase name="crashingIncTxTest_BeforeCacheUpdate_WithException[Using mapdb]" classname="org.chronos.chronodb.test.engine.safetyfeatures.RollbackToWALTest" time="0.801"/>
  <testcase name="crashingIncTxTest_BeforeSecondaryIndexUpdate_WithException[Using mapdb]" classname="org.chronos.chronodb.test.engine.safetyfeatures.RollbackToWALTest" time="0.73"/>
  <system-out><![CDATA[19:53:16.371 [Test worker] INFO  o.c.common.test.ChronosUnitTest - Temp directory is provided at: C:\Users\Martin\AppData\Local\Temp\ChronoDBTest5529815287975316420


================================================================================
 TEST START                                                                     
--------------------------------------------------------------------------------
    Test class:  RollbackToWALTest
    Test method: crashingIncTxTest_BeforeMetadataUpdate_WithThreadKill[Using jdbc]
    Start time:  2017/08/28 19:53:16
================================================================================



19:53:16.371 [Test worker] DEBUG c.m.v.c.m.DynamicPooledDataSourceManagerMBean - MBean: com.mchange.v2.c3p0:type=PooledDataSource,identityToken=1hgeqrl9qbn6pz6yfah30|392c0602,name=1hgeqrl9qbn6pz6yfah30|392c0602 registered.
19:53:16.386 [Test worker] DEBUG c.m.v.c.m.DynamicPooledDataSourceManagerMBean - MBean: com.mchange.v2.c3p0:type=PooledDataSource,identityToken=1hgeqrl9qbn6pz6yfah30|392c0602,name=1hgeqrl9qbn6pz6yfah30|392c0602 unregistered, in order to be reregistered after update.
19:53:16.386 [Test worker] DEBUG c.m.v.c.m.DynamicPooledDataSourceManagerMBean - MBean: com.mchange.v2.c3p0:type=PooledDataSource,identityToken=1hgeqrl9qbn6pz6yfah30|392c0602,name=1hgeqrl9qbn6pz6yfah30|392c0602 registered.
19:53:16.386 [Test worker] INFO  c.m.v.c.i.AbstractPoolBackedDataSource - Initializing c3p0 pool... com.mchange.v2.c3p0.PoolBackedDataSource@db4fcb45 [ connectionPoolDataSource -> com.mchange.v2.c3p0.WrapperConnectionPoolDataSource@e5e06152 [ acquireIncrement -> 3, acquireRetryAttempts -> 30, acquireRetryDelay -> 1000, autoCommitOnClose -> false, automaticTestTable -> null, breakAfterAcquireFailure -> false, checkoutTimeout -> 0, connectionCustomizerClassName -> null, connectionTesterClassName -> com.mchange.v2.c3p0.impl.DefaultConnectionTester, contextClassLoaderSource -> caller, debugUnreturnedConnectionStackTraces -> false, factoryClassLocation -> null, forceIgnoreUnresolvedTransactions -> false, forceSynchronousCheckins -> false, identityToken -> 1hgeqrl9qbn6pz6yfah30|1355213d, idleConnectionTestPeriod -> 0, initialPoolSize -> 3, maxAdministrativeTaskTime -> 0, maxConnectionAge -> 0, maxIdleTime -> 0, maxIdleTimeExcessConnections -> 0, maxPoolSize -> 15, maxStatements -> 0, maxStatementsPerConnection -> 0, minPoolSize -> 3, nestedDataSource -> com.mchange.v2.c3p0.DriverManagerDataSource@8208d3e3 [ description -> null, driverClass -> null, factoryClassLocation -> null, forceUseNamedDriverClass -> false, identityToken -> 1hgeqrl9qbn6pz6yfah30|ca02ab, jdbcUrl -> jdbc:h2:mem:811b4b4b72524a2fa5bc05ce073d0f10, properties -> {} ], preferredTestQuery -> null, privilegeSpawnedThreads -> false, propertyCycle -> 0, statementCacheNumDeferredCloseThreads -> 0, testConnectionOnCheckin -> false, testConnectionOnCheckout -> false, unreturnedConnectionTimeout -> 0, usesTraditionalReflectiveProxies -> false; userOverrides: {} ], dataSourceName -> null, extensions -> {}, factoryClassLocation -> null, identityToken -> 1hgeqrl9qbn6pz6yfah30|392c0602, numHelperThreads -> 3 ]
19:53:16.386 [Test worker] DEBUG c.m.v.resourcepool.BasicResourcePool - com.mchange.v2.resourcepool.BasicResourcePool@574d365d config: [start -> 3; min -> 3; max -> 15; inc -> 3; num_acq_attempts -> 30; acq_attempt_delay -> 1000; check_idle_resources_delay -> 0; max_resource_age -> 0; max_idle_time -> 0; excess_max_idle_time -> 0; destroy_unreturned_resc_time -> 0; expiration_enforcement_delay -> 0; break_on_acquisition_failure -> false; debug_store_checkout_exceptions -> false; force_synchronous_checkins -> false]
19:53:16.386 [Test worker] DEBUG c.m.v.c.i.C3P0PooledConnectionPoolManager - Created new pool for auth, username (masked): 'null'.
19:53:16.386 [Test worker] DEBUG c.m.v.resourcepool.BasicResourcePool - acquire test -- pool size: 0; target_pool_size: 3; desired target? 1
19:53:16.386 [Test worker] DEBUG c.m.v.resourcepool.BasicResourcePool - awaitAvailable(): [unknown]
19:53:16.400 [Test worker] DEBUG c.m.v.c.m.ActiveManagementCoordinator - MBean: com.mchange.v2.c3p0:type=PooledDataSource,identityToken=1hgeqrl9qbn6pz6yfah30|392c0602,name=1hgeqrl9qbn6pz6yfah30|392c0602 unregistered.
19:53:16.400 [Test worker] DEBUG c.m.v.c.m.ActiveManagementCoordinator - C3P0Registry mbean unregistered.
19:53:16.400 [Resource Destroyer in BasicResourcePool.close()] DEBUG c.m.v.resourcepool.BasicResourcePool - Preparing to destroy resource: com.mchange.v2.c3p0.impl.NewPooledConnection@5e44a9a5
19:53:16.400 [Resource Destroyer in BasicResourcePool.close()] DEBUG c.m.v.c.i.C3P0PooledConnectionPool - Preparing to destroy PooledConnection: com.mchange.v2.c3p0.impl.NewPooledConnection@5e44a9a5
19:53:16.400 [Resource Destroyer in BasicResourcePool.close()] DEBUG c.m.v.c.i.C3P0PooledConnectionPool - Successfully destroyed PooledConnection: com.mchange.v2.c3p0.impl.NewPooledConnection@5e44a9a5
19:53:16.400 [Resource Destroyer in BasicResourcePool.close()] DEBUG c.m.v.resourcepool.BasicResourcePool - Successfully destroyed resource: com.mchange.v2.c3p0.impl.NewPooledConnection@5e44a9a5
19:53:16.400 [Resource Destroyer in BasicResourcePool.close()] DEBUG c.m.v.resourcepool.BasicResourcePool - Preparing to destroy resource: com.mchange.v2.c3p0.impl.NewPooledConnection@4c453b0f
19:53:16.400 [Resource Destroyer in BasicResourcePool.close()] DEBUG c.m.v.c.i.C3P0PooledConnectionPool - Preparing to destroy PooledConnection: com.mchange.v2.c3p0.impl.NewPooledConnection@4c453b0f
19:53:16.400 [Resource Destroyer in BasicResourcePool.close()] DEBUG c.m.v.c.i.C3P0PooledConnectionPool - Successfully destroyed PooledConnection: com.mchange.v2.c3p0.impl.NewPooledConnection@4c453b0f
19:53:16.400 [Resource Destroyer in BasicResourcePool.close()] DEBUG c.m.v.resourcepool.BasicResourcePool - Successfully destroyed resource: com.mchange.v2.c3p0.impl.NewPooledConnection@4c453b0f
19:53:16.400 [Resource Destroyer in BasicResourcePool.close()] DEBUG c.m.v.resourcepool.BasicResourcePool - Preparing to destroy resource: com.mchange.v2.c3p0.impl.NewPooledConnection@55df8cf5
19:53:16.400 [Resource Destroyer in BasicResourcePool.close()] DEBUG c.m.v.c.i.C3P0PooledConnectionPool - Preparing to destroy PooledConnection: com.mchange.v2.c3p0.impl.NewPooledConnection@55df8cf5
19:53:16.400 [Resource Destroyer in BasicResourcePool.close()] DEBUG c.m.v.c.i.C3P0PooledConnectionPool - Successfully destroyed PooledConnection: com.mchange.v2.c3p0.impl.NewPooledConnection@55df8cf5
19:53:16.400 [Resource Destroyer in BasicResourcePool.close()] DEBUG c.m.v.resourcepool.BasicResourcePool - Successfully destroyed resource: com.mchange.v2.c3p0.impl.NewPooledConnection@55df8cf5


================================================================================
 TEST SUCCEEDED                                                                 
--------------------------------------------------------------------------------
    Test class:  RollbackToWALTest
    Test method: crashingIncTxTest_BeforeMetadataUpdate_WithThreadKill[Using jdbc]
    End time:    2017/08/28 19:53:16 (Duration: 29ms)
================================================================================





================================================================================
 TEST START                                                                     
--------------------------------------------------------------------------------
    Test class:  RollbackToWALTest
    Test method: crashingIncTxTest_BeforeNowTimestampUpdate_WithThreadKill[Using jdbc]
    Start time:  2017/08/28 19:53:16
================================================================================



19:53:16.400 [Test worker] DEBUG c.m.v.c.m.DynamicPooledDataSourceManagerMBean - MBean: com.mchange.v2.c3p0:type=PooledDataSource,identityToken=1hgeqrl9qbn6pz6yfah30|176c20b6,name=1hgeqrl9qbn6pz6yfah30|176c20b6 registered.
19:53:16.415 [Test worker] DEBUG c.m.v.c.m.DynamicPooledDataSourceManagerMBean - MBean: com.mchange.v2.c3p0:type=PooledDataSource,identityToken=1hgeqrl9qbn6pz6yfah30|176c20b6,name=1hgeqrl9qbn6pz6yfah30|176c20b6 unregistered, in order to be reregistered after update.
19:53:16.415 [Test worker] DEBUG c.m.v.c.m.DynamicPooledDataSourceManagerMBean - MBean: com.mchange.v2.c3p0:type=PooledDataSource,identityToken=1hgeqrl9qbn6pz6yfah30|176c20b6,name=1hgeqrl9qbn6pz6yfah30|176c20b6 registered.
19:53:16.415 [Test worker] INFO  c.m.v.c.i.AbstractPoolBackedDataSource - Initializing c3p0 pool... com.mchange.v2.c3p0.PoolBackedDataSource@e0a60bf [ connectionPoolDataSource -> com.mchange.v2.c3p0.WrapperConnectionPoolDataSource@e473eaa1 [ acquireIncrement -> 3, acquireRetryAttempts -> 30, acquireRetryDelay -> 1000, autoCommitOnClose -> false, automaticTestTable -> null, breakAfterAcquireFailure -> false, checkoutTimeout -> 0, connectionCustomizerClassName -> null, connectionTesterClassName -> com.mchange.v2.c3p0.impl.DefaultConnectionTester, contextClassLoaderSource -> caller, debugUnreturnedConnectionStackTraces -> false, factoryClassLocation -> null, forceIgnoreUnresolvedTransactions -> false, forceSynchronousCheckins -> false, identityToken -> 1hgeqrl9qbn6pz6yfah30|34389930, idleConnectionTestPeriod -> 0, initialPoolSize -> 3, maxAdministrativeTaskTime -> 0, maxConnectionAge -> 0, maxIdleTime -> 0, maxIdleTimeExcessConnections -> 0, maxPoolSize -> 15, maxStatements -> 0, maxStatementsPerConnection -> 0, minPoolSize -> 3, nestedDataSource -> com.mchange.v2.c3p0.DriverManagerDataSource@58e6c0a0 [ description -> null, driverClass -> null, factoryClassLocation -> null, forceUseNamedDriverClass -> false, identityToken -> 1hgeqrl9qbn6pz6yfah30|17c2593, jdbcUrl -> jdbc:h2:mem:697aaf1c94bb4447b39eb9da2f2d9542, properties -> {} ], preferredTestQuery -> null, privilegeSpawnedThreads -> false, propertyCycle -> 0, statementCacheNumDeferredCloseThreads -> 0, testConnectionOnCheckin -> false, testConnectionOnCheckout -> false, unreturnedConnectionTimeout -> 0, usesTraditionalReflectiveProxies -> false; userOverrides: {} ], dataSourceName -> null, extensions -> {}, factoryClassLocation -> null, identityToken -> 1hgeqrl9qbn6pz6yfah30|176c20b6, numHelperThreads -> 3 ]
19:53:16.415 [Test worker] DEBUG c.m.v.resourcepool.BasicResourcePool - com.mchange.v2.resourcepool.BasicResourcePool@60deedf3 config: [start -> 3; min -> 3; max -> 15; inc -> 3; num_acq_attempts -> 30; acq_attempt_delay -> 1000; check_idle_resources_delay -> 0; max_resource_age -> 0; max_idle_time -> 0; excess_max_idle_time -> 0; destroy_unreturned_resc_time -> 0; expiration_enforcement_delay -> 0; break_on_acquisition_failure -> false; debug_store_checkout_exceptions -> false; force_synchronous_checkins -> false]
19:53:16.415 [Test worker] DEBUG c.m.v.c.i.C3P0PooledConnectionPoolManager - Created new pool for auth, username (masked): 'null'.
19:53:16.415 [Test worker] DEBUG c.m.v.resourcepool.BasicResourcePool - acquire test -- pool size: 0; target_pool_size: 3; desired target? 1
19:53:16.415 [Test worker] DEBUG c.m.v.resourcepool.BasicResourcePool - awaitAvailable(): [unknown]
19:53:16.432 [Test worker] DEBUG c.m.v.c.m.ActiveManagementCoordinator - MBean: com.mchange.v2.c3p0:type=PooledDataSource,identityToken=1hgeqrl9qbn6pz6yfah30|176c20b6,name=1hgeqrl9qbn6pz6yfah30|176c20b6 unregistered.
19:53:16.432 [Test worker] DEBUG c.m.v.c.m.ActiveManagementCoordinator - C3P0Registry mbean unregistered.
19:53:16.432 [Resource Destroyer in BasicResourcePool.close()] DEBUG c.m.v.resourcepool.BasicResourcePool - Preparing to destroy resource: com.mchange.v2.c3p0.impl.NewPooledConnection@a34a24c
19:53:16.432 [Resource Destroyer in BasicResourcePool.close()] DEBUG c.m.v.c.i.C3P0PooledConnectionPool - Preparing to destroy PooledConnection: com.mchange.v2.c3p0.impl.NewPooledConnection@a34a24c
19:53:16.432 [Resource Destroyer in BasicResourcePool.close()] DEBUG c.m.v.c.i.C3P0PooledConnectionPool - Successfully destroyed PooledConnection: com.mchange.v2.c3p0.impl.NewPooledConnection@a34a24c
19:53:16.432 [Resource Destroyer in BasicResourcePool.close()] DEBUG c.m.v.resourcepool.BasicResourcePool - Successfully destroyed resource: com.mchange.v2.c3p0.impl.NewPooledConnection@a34a24c
19:53:16.432 [Resource Destroyer in BasicResourcePool.close()] DEBUG c.m.v.resourcepool.BasicResourcePool - Preparing to destroy resource: com.mchange.v2.c3p0.impl.NewPooledConnection@70431fff
19:53:16.432 [Resource Destroyer in BasicResourcePool.close()] DEBUG c.m.v.c.i.C3P0PooledConnectionPool - Preparing to destroy PooledConnection: com.mchange.v2.c3p0.impl.NewPooledConnection@70431fff
19:53:16.432 [Resource Destroyer in BasicResourcePool.close()] DEBUG c.m.v.c.i.C3P0PooledConnectionPool - Successfully destroyed PooledConnection: com.mchange.v2.c3p0.impl.NewPooledConnection@70431fff
19:53:16.432 [Resource Destroyer in BasicResourcePool.close()] DEBUG c.m.v.resourcepool.BasicResourcePool - Successfully destroyed resource: com.mchange.v2.c3p0.impl.NewPooledConnection@70431fff
19:53:16.432 [Resource Destroyer in BasicResourcePool.close()] DEBUG c.m.v.resourcepool.BasicResourcePool - Preparing to destroy resource: com.mchange.v2.c3p0.impl.NewPooledConnection@79a6aff8
19:53:16.432 [Resource Destroyer in BasicResourcePool.close()] DEBUG c.m.v.c.i.C3P0PooledConnectionPool - Preparing to destroy PooledConnection: com.mchange.v2.c3p0.impl.NewPooledConnection@79a6aff8
19:53:16.432 [Resource Destroyer in BasicResourcePool.close()] DEBUG c.m.v.c.i.C3P0PooledConnectionPool - Successfully destroyed PooledConnection: com.mchange.v2.c3p0.impl.NewPooledConnection@79a6aff8
19:53:16.432 [Resource Destroyer in BasicResourcePool.close()] DEBUG c.m.v.resourcepool.BasicResourcePool - Successfully destroyed resource: com.mchange.v2.c3p0.impl.NewPooledConnection@79a6aff8


================================================================================
 TEST SUCCEEDED                                                                 
--------------------------------------------------------------------------------
    Test class:  RollbackToWALTest
    Test method: crashingIncTxTest_BeforeNowTimestampUpdate_WithThreadKill[Using jdbc]
    End time:    2017/08/28 19:53:16 (Duration: 32ms)
================================================================================





================================================================================
 TEST START                                                                     
--------------------------------------------------------------------------------
    Test class:  RollbackToWALTest
    Test method: crashingIncTxTest_BeforeSecondaryIndexUpdate_WithThreadKill[Using jdbc]
    Start time:  2017/08/28 19:53:16
================================================================================



19:53:16.432 [Test worker] DEBUG c.m.v.c.m.DynamicPooledDataSourceManagerMBean - MBean: com.mchange.v2.c3p0:type=PooledDataSource,identityToken=1hgeqrl9qbn6pz6yfah30|4b9c153e,name=1hgeqrl9qbn6pz6yfah30|4b9c153e registered.
19:53:16.447 [Test worker] DEBUG c.m.v.c.m.DynamicPooledDataSourceManagerMBean - MBean: com.mchange.v2.c3p0:type=PooledDataSource,identityToken=1hgeqrl9qbn6pz6yfah30|4b9c153e,name=1hgeqrl9qbn6pz6yfah30|4b9c153e unregistered, in order to be reregistered after update.
19:53:16.447 [Test worker] DEBUG c.m.v.c.m.DynamicPooledDataSourceManagerMBean - MBean: com.mchange.v2.c3p0:type=PooledDataSource,identityToken=1hgeqrl9qbn6pz6yfah30|4b9c153e,name=1hgeqrl9qbn6pz6yfah30|4b9c153e registered.
19:53:16.447 [Test worker] INFO  c.m.v.c.i.AbstractPoolBackedDataSource - Initializing c3p0 pool... com.mchange.v2.c3p0.PoolBackedDataSource@ee9cc376 [ connectionPoolDataSource -> com.mchange.v2.c3p0.WrapperConnectionPoolDataSource@9d83c3ec [ acquireIncrement -> 3, acquireRetryAttempts -> 30, acquireRetryDelay -> 1000, autoCommitOnClose -> false, automaticTestTable -> null, breakAfterAcquireFailure -> false, checkoutTimeout -> 0, connectionCustomizerClassName -> null, connectionTesterClassName -> com.mchange.v2.c3p0.impl.DefaultConnectionTester, contextClassLoaderSource -> caller, debugUnreturnedConnectionStackTraces -> false, factoryClassLocation -> null, forceIgnoreUnresolvedTransactions -> false, forceSynchronousCheckins -> false, identityToken -> 1hgeqrl9qbn6pz6yfah30|e5bd4f2, idleConnectionTestPeriod -> 0, initialPoolSize -> 3, maxAdministrativeTaskTime -> 0, maxConnectionAge -> 0, maxIdleTime -> 0, maxIdleTimeExcessConnections -> 0, maxPoolSize -> 15, maxStatements -> 0, maxStatementsPerConnection -> 0, minPoolSize -> 3, nestedDataSource -> com.mchange.v2.c3p0.DriverManagerDataSource@c1095efb [ description -> null, driverClass -> null, factoryClassLocation -> null, forceUseNamedDriverClass -> false, identityToken -> 1hgeqrl9qbn6pz6yfah30|7b3f712c, jdbcUrl -> jdbc:h2:mem:9e73dfa85645494a9649417334f3d9f3, properties -> {} ], preferredTestQuery -> null, privilegeSpawnedThreads -> false, propertyCycle -> 0, statementCacheNumDeferredCloseThreads -> 0, testConnectionOnCheckin -> false, testConnectionOnCheckout -> false, unreturnedConnectionTimeout -> 0, usesTraditionalReflectiveProxies -> false; userOverrides: {} ], dataSourceName -> null, extensions -> {}, factoryClassLocation -> null, identityToken -> 1hgeqrl9qbn6pz6yfah30|4b9c153e, numHelperThreads -> 3 ]
19:53:16.447 [Test worker] DEBUG c.m.v.resourcepool.BasicResourcePool - com.mchange.v2.resourcepool.BasicResourcePool@33db1535 config: [start -> 3; min -> 3; max -> 15; inc -> 3; num_acq_attempts -> 30; acq_attempt_delay -> 1000; check_idle_resources_delay -> 0; max_resource_age -> 0; max_idle_time -> 0; excess_max_idle_time -> 0; destroy_unreturned_resc_time -> 0; expiration_enforcement_delay -> 0; break_on_acquisition_failure -> false; debug_store_checkout_exceptions -> false; force_synchronous_checkins -> false]
19:53:16.447 [Test worker] DEBUG c.m.v.c.i.C3P0PooledConnectionPoolManager - Created new pool for auth, username (masked): 'null'.
19:53:16.447 [Test worker] DEBUG c.m.v.resourcepool.BasicResourcePool - acquire test -- pool size: 0; target_pool_size: 3; desired target? 1
19:53:16.447 [Test worker] DEBUG c.m.v.resourcepool.BasicResourcePool - awaitAvailable(): [unknown]
19:53:16.461 [Thread-2917] DEBUG c.m.v.resourcepool.BasicResourcePool - acquire test -- pool size: 3; target_pool_size: 3; desired target? 4
19:53:16.461 [Thread-2917] DEBUG c.m.v.resourcepool.BasicResourcePool - awaitAvailable(): com.mchange.v2.c3p0.impl.NewPooledConnection@794e721b
19:53:16.466 [Test worker] DEBUG c.m.v.c.m.ActiveManagementCoordinator - MBean: com.mchange.v2.c3p0:type=PooledDataSource,identityToken=1hgeqrl9qbn6pz6yfah30|4b9c153e,name=1hgeqrl9qbn6pz6yfah30|4b9c153e unregistered.
19:53:16.466 [Test worker] DEBUG c.m.v.c.m.ActiveManagementCoordinator - C3P0Registry mbean unregistered.
19:53:16.467 [Resource Destroyer in BasicResourcePool.close()] DEBUG c.m.v.resourcepool.BasicResourcePool - Preparing to destroy resource: com.mchange.v2.c3p0.impl.NewPooledConnection@721afc4a
19:53:16.467 [Resource Destroyer in BasicResourcePool.close()] DEBUG c.m.v.c.i.C3P0PooledConnectionPool - Preparing to destroy PooledConnection: com.mchange.v2.c3p0.impl.NewPooledConnection@721afc4a
19:53:16.467 [Resource Destroyer in BasicResourcePool.close()] DEBUG c.m.v.c.i.C3P0PooledConnectionPool - Successfully destroyed PooledConnection: com.mchange.v2.c3p0.impl.NewPooledConnection@721afc4a
19:53:16.467 [Resource Destroyer in BasicResourcePool.close()] DEBUG c.m.v.resourcepool.BasicResourcePool - Successfully destroyed resource: com.mchange.v2.c3p0.impl.NewPooledConnection@721afc4a
19:53:16.467 [Resource Destroyer in BasicResourcePool.close()] DEBUG c.m.v.resourcepool.BasicResourcePool - Preparing to destroy resource: com.mchange.v2.c3p0.impl.NewPooledConnection@794e721b
19:53:16.467 [Resource Destroyer in BasicResourcePool.close()] DEBUG c.m.v.c.i.C3P0PooledConnectionPool - Preparing to destroy PooledConnection: com.mchange.v2.c3p0.impl.NewPooledConnection@794e721b
19:53:16.467 [Resource Destroyer in BasicResourcePool.close()] DEBUG c.m.v.c.i.C3P0PooledConnectionPool - Successfully destroyed PooledConnection: com.mchange.v2.c3p0.impl.NewPooledConnection@794e721b
19:53:16.467 [Resource Destroyer in BasicResourcePool.close()] DEBUG c.m.v.resourcepool.BasicResourcePool - Successfully destroyed resource: com.mchange.v2.c3p0.impl.NewPooledConnection@794e721b
19:53:16.467 [Resource Destroyer in BasicResourcePool.close()] DEBUG c.m.v.resourcepool.BasicResourcePool - Preparing to destroy resource: com.mchange.v2.c3p0.impl.NewPooledConnection@45031665
19:53:16.467 [Resource Destroyer in BasicResourcePool.close()] DEBUG c.m.v.c.i.C3P0PooledConnectionPool - Preparing to destroy PooledConnection: com.mchange.v2.c3p0.impl.NewPooledConnection@45031665
19:53:16.467 [Resource Destroyer in BasicResourcePool.close()] DEBUG c.m.v.c.i.C3P0PooledConnectionPool - Successfully destroyed PooledConnection: com.mchange.v2.c3p0.impl.NewPooledConnection@45031665
19:53:16.467 [Resource Destroyer in BasicResourcePool.close()] DEBUG c.m.v.resourcepool.BasicResourcePool - Successfully destroyed resource: com.mchange.v2.c3p0.impl.NewPooledConnection@45031665
19:53:16.467 [Resource Destroyer in BasicResourcePool.close()] DEBUG c.m.v.resourcepool.BasicResourcePool - Preparing to destroy resource: com.mchange.v2.c3p0.impl.NewPooledConnection@2178194e
19:53:16.467 [Resource Destroyer in BasicResourcePool.close()] DEBUG c.m.v.c.i.C3P0PooledConnectionPool - Preparing to destroy PooledConnection: com.mchange.v2.c3p0.impl.NewPooledConnection@2178194e
19:53:16.467 [Resource Destroyer in BasicResourcePool.close()] DEBUG c.m.v.c.i.C3P0PooledConnectionPool - Successfully destroyed PooledConnection: com.mchange.v2.c3p0.impl.NewPooledConnection@2178194e
19:53:16.467 [Resource Destroyer in BasicResourcePool.close()] DEBUG c.m.v.resourcepool.BasicResourcePool - Successfully destroyed resource: com.mchange.v2.c3p0.impl.NewPooledConnection@2178194e
19:53:16.467 [Resource Destroyer in BasicResourcePool.close()] DEBUG c.m.v.resourcepool.BasicResourcePool - Preparing to destroy resource: com.mchange.v2.c3p0.impl.NewPooledConnection@7eb0aec8
19:53:16.467 [Resource Destroyer in BasicResourcePool.close()] DEBUG c.m.v.c.i.C3P0PooledConnectionPool - Preparing to destroy PooledConnection: com.mchange.v2.c3p0.impl.NewPooledConnection@7eb0aec8
19:53:16.467 [Resource Destroyer in BasicResourcePool.close()] DEBUG c.m.v.c.i.C3P0PooledConnectionPool - Successfully destroyed PooledConnection: com.mchange.v2.c3p0.impl.NewPooledConnection@7eb0aec8
19:53:16.467 [Resource Destroyer in BasicResourcePool.close()] DEBUG c.m.v.resourcepool.BasicResourcePool - Successfully destroyed resource: com.mchange.v2.c3p0.impl.NewPooledConnection@7eb0aec8
19:53:16.467 [Resource Destroyer in BasicResourcePool.close()] DEBUG c.m.v.resourcepool.BasicResourcePool - Preparing to destroy resource: com.mchange.v2.c3p0.impl.NewPooledConnection@59a14a8e
19:53:16.467 [Resource Destroyer in BasicResourcePool.close()] DEBUG c.m.v.c.i.C3P0PooledConnectionPool - Preparing to destroy PooledConnection: com.mchange.v2.c3p0.impl.NewPooledConnection@59a14a8e
19:53:16.467 [Resource Destroyer in BasicResourcePool.close()] DEBUG c.m.v.c.i.C3P0PooledConnectionPool - Successfully destroyed PooledConnection: com.mchange.v2.c3p0.impl.NewPooledConnection@59a14a8e
19:53:16.467 [Resource Destroyer in BasicResourcePool.close()] DEBUG c.m.v.resourcepool.BasicResourcePool - Successfully destroyed resource: com.mchange.v2.c3p0.impl.NewPooledConnection@59a14a8e


================================================================================
 TEST SUCCEEDED                                                                 
--------------------------------------------------------------------------------
    Test class:  RollbackToWALTest
    Test method: crashingIncTxTest_BeforeSecondaryIndexUpdate_WithThreadKill[Using jdbc]
    End time:    2017/08/28 19:53:16 (Duration: 35ms)
================================================================================





================================================================================
 TEST START                                                                     
--------------------------------------------------------------------------------
    Test class:  RollbackToWALTest
    Test method: crashingTxTest_BeforeMetadataUpdate_WithException[Using jdbc]
    Start time:  2017/08/28 19:53:16
================================================================================



19:53:16.471 [Test worker] DEBUG c.m.v.c.m.DynamicPooledDataSourceManagerMBean - MBean: com.mchange.v2.c3p0:type=PooledDataSource,identityToken=1hgeqrl9qbn6pz6yfah30|1c49b0a1,name=1hgeqrl9qbn6pz6yfah30|1c49b0a1 registered.
19:53:16.471 [Test worker] DEBUG c.m.v.c.m.DynamicPooledDataSourceManagerMBean - MBean: com.mchange.v2.c3p0:type=PooledDataSource,identityToken=1hgeqrl9qbn6pz6yfah30|1c49b0a1,name=1hgeqrl9qbn6pz6yfah30|1c49b0a1 unregistered, in order to be reregistered after update.
19:53:16.471 [Test worker] DEBUG c.m.v.c.m.DynamicPooledDataSourceManagerMBean - MBean: com.mchange.v2.c3p0:type=PooledDataSource,identityToken=1hgeqrl9qbn6pz6yfah30|1c49b0a1,name=1hgeqrl9qbn6pz6yfah30|1c49b0a1 registered.
19:53:16.471 [Test worker] INFO  c.m.v.c.i.AbstractPoolBackedDataSource - Initializing c3p0 pool... com.mchange.v2.c3p0.PoolBackedDataSource@fc1bec4f [ connectionPoolDataSource -> com.mchange.v2.c3p0.WrapperConnectionPoolDataSource@397a69ba [ acquireIncrement -> 3, acquireRetryAttempts -> 30, acquireRetryDelay -> 1000, autoCommitOnClose -> false, automaticTestTable -> null, breakAfterAcquireFailure -> false, checkoutTimeout -> 0, connectionCustomizerClassName -> null, connectionTesterClassName -> com.mchange.v2.c3p0.impl.DefaultConnectionTester, contextClassLoaderSource -> caller, debugUnreturnedConnectionStackTraces -> false, factoryClassLocation -> null, forceIgnoreUnresolvedTransactions -> false, forceSynchronousCheckins -> false, identityToken -> 1hgeqrl9qbn6pz6yfah30|3fdbeada, idleConnectionTestPeriod -> 0, initialPoolSize -> 3, maxAdministrativeTaskTime -> 0, maxConnectionAge -> 0, maxIdleTime -> 0, maxIdleTimeExcessConnections -> 0, maxPoolSize -> 15, maxStatements -> 0, maxStatementsPerConnection -> 0, minPoolSize -> 3, nestedDataSource -> com.mchange.v2.c3p0.DriverManagerDataSource@e78d7624 [ description -> null, driverClass -> null, factoryClassLocation -> null, forceUseNamedDriverClass -> false, identityToken -> 1hgeqrl9qbn6pz6yfah30|1344b2d2, jdbcUrl -> jdbc:h2:mem:9bd37cdf681c4a408ec0da5661458907, properties -> {} ], preferredTestQuery -> null, privilegeSpawnedThreads -> false, propertyCycle -> 0, statementCacheNumDeferredCloseThreads -> 0, testConnectionOnCheckin -> false, testConnectionOnCheckout -> false, unreturnedConnectionTimeout -> 0, usesTraditionalReflectiveProxies -> false; userOverrides: {} ], dataSourceName -> null, extensions -> {}, factoryClassLocation -> null, identityToken -> 1hgeqrl9qbn6pz6yfah30|1c49b0a1, numHelperThreads -> 3 ]
19:53:16.471 [Test worker] DEBUG c.m.v.resourcepool.BasicResourcePool - com.mchange.v2.resourcepool.BasicResourcePool@1aca38f9 config: [start -> 3; min -> 3; max -> 15; inc -> 3; num_acq_attempts -> 30; acq_attempt_delay -> 1000; check_idle_resources_delay -> 0; max_resource_age -> 0; max_idle_time -> 0; excess_max_idle_time -> 0; destroy_unreturned_resc_time -> 0; expiration_enforcement_delay -> 0; break_on_acquisition_failure -> false; debug_store_checkout_exceptions -> false; force_synchronous_checkins -> false]
19:53:16.471 [Test worker] DEBUG c.m.v.c.i.C3P0PooledConnectionPoolManager - Created new pool for auth, username (masked): 'null'.
19:53:16.471 [Test worker] DEBUG c.m.v.resourcepool.BasicResourcePool - acquire test -- pool size: 0; target_pool_size: 3; desired target? 1
19:53:16.471 [Test worker] DEBUG c.m.v.resourcepool.BasicResourcePool - awaitAvailable(): [unknown]
19:53:16.486 [Test worker] DEBUG c.m.v.c.m.ActiveManagementCoordinator - MBean: com.mchange.v2.c3p0:type=PooledDataSource,identityToken=1hgeqrl9qbn6pz6yfah30|1c49b0a1,name=1hgeqrl9qbn6pz6yfah30|1c49b0a1 unregistered.
19:53:16.486 [Test worker] DEBUG c.m.v.c.m.ActiveManagementCoordinator - C3P0Registry mbean unregistered.
19:53:16.486 [Resource Destroyer in BasicResourcePool.close()] DEBUG c.m.v.resourcepool.BasicResourcePool - Preparing to destroy resource: com.mchange.v2.c3p0.impl.NewPooledConnection@4cb5d304
19:53:16.486 [Resource Destroyer in BasicResourcePool.close()] DEBUG c.m.v.c.i.C3P0PooledConnectionPool - Preparing to destroy PooledConnection: com.mchange.v2.c3p0.impl.NewPooledConnection@4cb5d304
19:53:16.486 [Resource Destroyer in BasicResourcePool.close()] DEBUG c.m.v.c.i.C3P0PooledConnectionPool - Successfully destroyed PooledConnection: com.mchange.v2.c3p0.impl.NewPooledConnection@4cb5d304
19:53:16.486 [Resource Destroyer in BasicResourcePool.close()] DEBUG c.m.v.resourcepool.BasicResourcePool - Successfully destroyed resource: com.mchange.v2.c3p0.impl.NewPooledConnection@4cb5d304
19:53:16.486 [Resource Destroyer in BasicResourcePool.close()] DEBUG c.m.v.resourcepool.BasicResourcePool - Preparing to destroy resource: com.mchange.v2.c3p0.impl.NewPooledConnection@a5160c2
19:53:16.486 [Resource Destroyer in BasicResourcePool.close()] DEBUG c.m.v.c.i.C3P0PooledConnectionPool - Preparing to destroy PooledConnection: com.mchange.v2.c3p0.impl.NewPooledConnection@a5160c2
19:53:16.486 [Resource Destroyer in BasicResourcePool.close()] DEBUG c.m.v.c.i.C3P0PooledConnectionPool - Successfully destroyed PooledConnection: com.mchange.v2.c3p0.impl.NewPooledConnection@a5160c2
19:53:16.486 [Resource Destroyer in BasicResourcePool.close()] DEBUG c.m.v.resourcepool.BasicResourcePool - Successfully destroyed resource: com.mchange.v2.c3p0.impl.NewPooledConnection@a5160c2
19:53:16.486 [Resource Destroyer in BasicResourcePool.close()] DEBUG c.m.v.resourcepool.BasicResourcePool - Preparing to destroy resource: com.mchange.v2.c3p0.impl.NewPooledConnection@1db277f9
19:53:16.486 [Resource Destroyer in BasicResourcePool.close()] DEBUG c.m.v.c.i.C3P0PooledConnectionPool - Preparing to destroy PooledConnection: com.mchange.v2.c3p0.impl.NewPooledConnection@1db277f9
19:53:16.486 [Resource Destroyer in BasicResourcePool.close()] DEBUG c.m.v.c.i.C3P0PooledConnectionPool - Successfully destroyed PooledConnection: com.mchange.v2.c3p0.impl.NewPooledConnection@1db277f9
19:53:16.486 [Resource Destroyer in BasicResourcePool.close()] DEBUG c.m.v.resourcepool.BasicResourcePool - Successfully destroyed resource: com.mchange.v2.c3p0.impl.NewPooledConnection@1db277f9


================================================================================
 TEST SUCCEEDED                                                                 
--------------------------------------------------------------------------------
    Test class:  RollbackToWALTest
    Test method: crashingTxTest_BeforeMetadataUpdate_WithException[Using jdbc]
    End time:    2017/08/28 19:53:16 (Duration: 19ms)
================================================================================





================================================================================
 TEST START                                                                     
--------------------------------------------------------------------------------
    Test class:  RollbackToWALTest
    Test method: crashingTxTest_BeforePrimaryIndexUpdate_WithException[Using jdbc]
    Start time:  2017/08/28 19:53:16
================================================================================



19:53:16.486 [Test worker] DEBUG c.m.v.c.m.DynamicPooledDataSourceManagerMBean - MBean: com.mchange.v2.c3p0:type=PooledDataSource,identityToken=1hgeqrl9qbn6pz6yfah30|49654693,name=1hgeqrl9qbn6pz6yfah30|49654693 registered.
19:53:16.502 [Test worker] DEBUG c.m.v.c.m.DynamicPooledDataSourceManagerMBean - MBean: com.mchange.v2.c3p0:type=PooledDataSource,identityToken=1hgeqrl9qbn6pz6yfah30|49654693,name=1hgeqrl9qbn6pz6yfah30|49654693 unregistered, in order to be reregistered after update.
19:53:16.502 [Test worker] DEBUG c.m.v.c.m.DynamicPooledDataSourceManagerMBean - MBean: com.mchange.v2.c3p0:type=PooledDataSource,identityToken=1hgeqrl9qbn6pz6yfah30|49654693,name=1hgeqrl9qbn6pz6yfah30|49654693 registered.
19:53:16.502 [Test worker] INFO  c.m.v.c.i.AbstractPoolBackedDataSource - Initializing c3p0 pool... com.mchange.v2.c3p0.PoolBackedDataSource@6f21a284 [ connectionPoolDataSource -> com.mchange.v2.c3p0.WrapperConnectionPoolDataSource@1698f8df [ acquireIncrement -> 3, acquireRetryAttempts -> 30, acquireRetryDelay -> 1000, autoCommitOnClose -> false, automaticTestTable -> null, breakAfterAcquireFailure -> false, checkoutTimeout -> 0, connectionCustomizerClassName -> null, connectionTesterClassName -> com.mchange.v2.c3p0.impl.DefaultConnectionTester, contextClassLoaderSource -> caller, debugUnreturnedConnectionStackTraces -> false, factoryClassLocation -> null, forceIgnoreUnresolvedTransactions -> false, forceSynchronousCheckins -> false, identityToken -> 1hgeqrl9qbn6pz6yfah30|171ab0bc, idleConnectionTestPeriod -> 0, initialPoolSize -> 3, maxAdministrativeTaskTime -> 0, maxConnectionAge -> 0, maxIdleTime -> 0, maxIdleTimeExcessConnections -> 0, maxPoolSize -> 15, maxStatements -> 0, maxStatementsPerConnection -> 0, minPoolSize -> 3, nestedDataSource -> com.mchange.v2.c3p0.DriverManagerDataSource@dcea17fa [ description -> null, driverClass -> null, factoryClassLocation -> null, forceUseNamedDriverClass -> false, identityToken -> 1hgeqrl9qbn6pz6yfah30|1bdb8f6c, jdbcUrl -> jdbc:h2:mem:5978a54f7dfd49debf6b206dd08fd559, properties -> {} ], preferredTestQuery -> null, privilegeSpawnedThreads -> false, propertyCycle -> 0, statementCacheNumDeferredCloseThreads -> 0, testConnectionOnCheckin -> false, testConnectionOnCheckout -> false, unreturnedConnectionTimeout -> 0, usesTraditionalReflectiveProxies -> false; userOverrides: {} ], dataSourceName -> null, extensions -> {}, factoryClassLocation -> null, identityToken -> 1hgeqrl9qbn6pz6yfah30|49654693, numHelperThreads -> 3 ]
19:53:16.502 [Test worker] DEBUG c.m.v.resourcepool.BasicResourcePool - com.mchange.v2.resourcepool.BasicResourcePool@ae5e09f config: [start -> 3; min -> 3; max -> 15; inc -> 3; num_acq_attempts -> 30; acq_attempt_delay -> 1000; check_idle_resources_delay -> 0; max_resource_age -> 0; max_idle_time -> 0; excess_max_idle_time -> 0; destroy_unreturned_resc_time -> 0; expiration_enforcement_delay -> 0; break_on_acquisition_failure -> false; debug_store_checkout_exceptions -> false; force_synchronous_checkins -> false]
19:53:16.502 [Test worker] DEBUG c.m.v.c.i.C3P0PooledConnectionPoolManager - Created new pool for auth, username (masked): 'null'.
19:53:16.502 [Test worker] DEBUG c.m.v.resourcepool.BasicResourcePool - acquire test -- pool size: 0; target_pool_size: 3; desired target? 1
19:53:16.502 [Test worker] DEBUG c.m.v.resourcepool.BasicResourcePool - awaitAvailable(): [unknown]
19:53:16.512 [Test worker] DEBUG c.m.v.c.m.ActiveManagementCoordinator - MBean: com.mchange.v2.c3p0:type=PooledDataSource,identityToken=1hgeqrl9qbn6pz6yfah30|49654693,name=1hgeqrl9qbn6pz6yfah30|49654693 unregistered.
19:53:16.512 [Test worker] DEBUG c.m.v.c.m.ActiveManagementCoordinator - C3P0Registry mbean unregistered.
19:53:16.512 [Resource Destroyer in BasicResourcePool.close()] DEBUG c.m.v.resourcepool.BasicResourcePool - Preparing to destroy resource: com.mchange.v2.c3p0.impl.NewPooledConnection@2162ed82
19:53:16.512 [Resource Destroyer in BasicResourcePool.close()] DEBUG c.m.v.c.i.C3P0PooledConnectionPool - Preparing to destroy PooledConnection: com.mchange.v2.c3p0.impl.NewPooledConnection@2162ed82
19:53:16.512 [Resource Destroyer in BasicResourcePool.close()] DEBUG c.m.v.c.i.C3P0PooledConnectionPool - Successfully destroyed PooledConnection: com.mchange.v2.c3p0.impl.NewPooledConnection@2162ed82
19:53:16.512 [Resource Destroyer in BasicResourcePool.close()] DEBUG c.m.v.resourcepool.BasicResourcePool - Successfully destroyed resource: com.mchange.v2.c3p0.impl.NewPooledConnection@2162ed82
19:53:16.512 [Resource Destroyer in BasicResourcePool.close()] DEBUG c.m.v.resourcepool.BasicResourcePool - Preparing to destroy resource: com.mchange.v2.c3p0.impl.NewPooledConnection@72c4acad
19:53:16.512 [Resource Destroyer in BasicResourcePool.close()] DEBUG c.m.v.c.i.C3P0PooledConnectionPool - Preparing to destroy PooledConnection: com.mchange.v2.c3p0.impl.NewPooledConnection@72c4acad
19:53:16.512 [Resource Destroyer in BasicResourcePool.close()] DEBUG c.m.v.c.i.C3P0PooledConnectionPool - Successfully destroyed PooledConnection: com.mchange.v2.c3p0.impl.NewPooledConnection@72c4acad
19:53:16.512 [Resource Destroyer in BasicResourcePool.close()] DEBUG c.m.v.resourcepool.BasicResourcePool - Successfully destroyed resource: com.mchange.v2.c3p0.impl.NewPooledConnection@72c4acad
19:53:16.512 [Resource Destroyer in BasicResourcePool.close()] DEBUG c.m.v.resourcepool.BasicResourcePool - Preparing to destroy resource: com.mchange.v2.c3p0.impl.NewPooledConnection@2168da44
19:53:16.512 [Resource Destroyer in BasicResourcePool.close()] DEBUG c.m.v.c.i.C3P0PooledConnectionPool - Preparing to destroy PooledConnection: com.mchange.v2.c3p0.impl.NewPooledConnection@2168da44
19:53:16.512 [Resource Destroyer in BasicResourcePool.close()] DEBUG c.m.v.c.i.C3P0PooledConnectionPool - Successfully destroyed PooledConnection: com.mchange.v2.c3p0.impl.NewPooledConnection@2168da44
19:53:16.512 [Resource Destroyer in BasicResourcePool.close()] DEBUG c.m.v.resourcepool.BasicResourcePool - Successfully destroyed resource: com.mchange.v2.c3p0.impl.NewPooledConnection@2168da44


================================================================================
 TEST SUCCEEDED                                                                 
--------------------------------------------------------------------------------
    Test class:  RollbackToWALTest
    Test method: crashingTxTest_BeforePrimaryIndexUpdate_WithException[Using jdbc]
    End time:    2017/08/28 19:53:16 (Duration: 26ms)
================================================================================





================================================================================
 TEST START                                                                     
--------------------------------------------------------------------------------
    Test class:  RollbackToWALTest
    Test method: crashingIncTxTest_BeforeMetadataUpdate_WithException[Using jdbc]
    Start time:  2017/08/28 19:53:16
================================================================================



19:53:16.512 [Test worker] DEBUG c.m.v.c.m.DynamicPooledDataSourceManagerMBean - MBean: com.mchange.v2.c3p0:type=PooledDataSource,identityToken=1hgeqrl9qbn6pz6yfah30|667aed8c,name=1hgeqrl9qbn6pz6yfah30|667aed8c registered.
19:53:16.512 [Test worker] DEBUG c.m.v.c.m.DynamicPooledDataSourceManagerMBean - MBean: com.mchange.v2.c3p0:type=PooledDataSource,identityToken=1hgeqrl9qbn6pz6yfah30|667aed8c,name=1hgeqrl9qbn6pz6yfah30|667aed8c unregistered, in order to be reregistered after update.
19:53:16.512 [Test worker] DEBUG c.m.v.c.m.DynamicPooledDataSourceManagerMBean - MBean: com.mchange.v2.c3p0:type=PooledDataSource,identityToken=1hgeqrl9qbn6pz6yfah30|667aed8c,name=1hgeqrl9qbn6pz6yfah30|667aed8c registered.
19:53:16.512 [Test worker] INFO  c.m.v.c.i.AbstractPoolBackedDataSource - Initializing c3p0 pool... com.mchange.v2.c3p0.PoolBackedDataSource@39da24d0 [ connectionPoolDataSource -> com.mchange.v2.c3p0.WrapperConnectionPoolDataSource@f57bff [ acquireIncrement -> 3, acquireRetryAttempts -> 30, acquireRetryDelay -> 1000, autoCommitOnClose -> false, automaticTestTable -> null, breakAfterAcquireFailure -> false, checkoutTimeout -> 0, connectionCustomizerClassName -> null, connectionTesterClassName -> com.mchange.v2.c3p0.impl.DefaultConnectionTester, contextClassLoaderSource -> caller, debugUnreturnedConnectionStackTraces -> false, factoryClassLocation -> null, forceIgnoreUnresolvedTransactions -> false, forceSynchronousCheckins -> false, identityToken -> 1hgeqrl9qbn6pz6yfah30|11c924f3, idleConnectionTestPeriod -> 0, initialPoolSize -> 3, maxAdministrativeTaskTime -> 0, maxConnectionAge -> 0, maxIdleTime -> 0, maxIdleTimeExcessConnections -> 0, maxPoolSize -> 15, maxStatements -> 0, maxStatementsPerConnection -> 0, minPoolSize -> 3, nestedDataSource -> com.mchange.v2.c3p0.DriverManagerDataSource@316fda15 [ description -> null, driverClass -> null, factoryClassLocation -> null, forceUseNamedDriverClass -> false, identityToken -> 1hgeqrl9qbn6pz6yfah30|31c3eb15, jdbcUrl -> jdbc:h2:mem:487a0517b90b45d0ba846cf0b3b55084, properties -> {} ], preferredTestQuery -> null, privilegeSpawnedThreads -> false, propertyCycle -> 0, statementCacheNumDeferredCloseThreads -> 0, testConnectionOnCheckin -> false, testConnectionOnCheckout -> false, unreturnedConnectionTimeout -> 0, usesTraditionalReflectiveProxies -> false; userOverrides: {} ], dataSourceName -> null, extensions -> {}, factoryClassLocation -> null, identityToken -> 1hgeqrl9qbn6pz6yfah30|667aed8c, numHelperThreads -> 3 ]
19:53:16.512 [Test worker] DEBUG c.m.v.resourcepool.BasicResourcePool - com.mchange.v2.resourcepool.BasicResourcePool@501d6ae3 config: [start -> 3; min -> 3; max -> 15; inc -> 3; num_acq_attempts -> 30; acq_attempt_delay -> 1000; check_idle_resources_delay -> 0; max_resource_age -> 0; max_idle_time -> 0; excess_max_idle_time -> 0; destroy_unreturned_resc_time -> 0; expiration_enforcement_delay -> 0; break_on_acquisition_failure -> false; debug_store_checkout_exceptions -> false; force_synchronous_checkins -> false]
19:53:16.512 [Test worker] DEBUG c.m.v.c.i.C3P0PooledConnectionPoolManager - Created new pool for auth, username (masked): 'null'.
19:53:16.512 [Test worker] DEBUG c.m.v.resourcepool.BasicResourcePool - acquire test -- pool size: 0; target_pool_size: 3; desired target? 1
19:53:16.528 [Test worker] DEBUG c.m.v.resourcepool.BasicResourcePool - awaitAvailable(): [unknown]
19:53:16.536 [Test worker] DEBUG c.m.v.c.m.ActiveManagementCoordinator - MBean: com.mchange.v2.c3p0:type=PooledDataSource,identityToken=1hgeqrl9qbn6pz6yfah30|667aed8c,name=1hgeqrl9qbn6pz6yfah30|667aed8c unregistered.
19:53:16.536 [Test worker] DEBUG c.m.v.c.m.ActiveManagementCoordinator - C3P0Registry mbean unregistered.
19:53:16.536 [Resource Destroyer in BasicResourcePool.close()] DEBUG c.m.v.resourcepool.BasicResourcePool - Preparing to destroy resource: com.mchange.v2.c3p0.impl.NewPooledConnection@6f3d05ed
19:53:16.536 [Resource Destroyer in BasicResourcePool.close()] DEBUG c.m.v.c.i.C3P0PooledConnectionPool - Preparing to destroy PooledConnection: com.mchange.v2.c3p0.impl.NewPooledConnection@6f3d05ed
19:53:16.536 [Resource Destroyer in BasicResourcePool.close()] DEBUG c.m.v.c.i.C3P0PooledConnectionPool - Successfully destroyed PooledConnection: com.mchange.v2.c3p0.impl.NewPooledConnection@6f3d05ed
19:53:16.536 [Resource Destroyer in BasicResourcePool.close()] DEBUG c.m.v.resourcepool.BasicResourcePool - Successfully destroyed resource: com.mchange.v2.c3p0.impl.NewPooledConnection@6f3d05ed
19:53:16.536 [Resource Destroyer in BasicResourcePool.close()] DEBUG c.m.v.resourcepool.BasicResourcePool - Preparing to destroy resource: com.mchange.v2.c3p0.impl.NewPooledConnection@5f22ac43
19:53:16.536 [Resource Destroyer in BasicResourcePool.close()] DEBUG c.m.v.c.i.C3P0PooledConnectionPool - Preparing to destroy PooledConnection: com.mchange.v2.c3p0.impl.NewPooledConnection@5f22ac43
19:53:16.536 [Resource Destroyer in BasicResourcePool.close()] DEBUG c.m.v.c.i.C3P0PooledConnectionPool - Successfully destroyed PooledConnection: com.mchange.v2.c3p0.impl.NewPooledConnection@5f22ac43
19:53:16.536 [Resource Destroyer in BasicResourcePool.close()] DEBUG c.m.v.resourcepool.BasicResourcePool - Successfully destroyed resource: com.mchange.v2.c3p0.impl.NewPooledConnection@5f22ac43
19:53:16.536 [Resource Destroyer in BasicResourcePool.close()] DEBUG c.m.v.resourcepool.BasicResourcePool - Preparing to destroy resource: com.mchange.v2.c3p0.impl.NewPooledConnection@2d2a306f
19:53:16.536 [Resource Destroyer in BasicResourcePool.close()] DEBUG c.m.v.c.i.C3P0PooledConnectionPool - Preparing to destroy PooledConnection: com.mchange.v2.c3p0.impl.NewPooledConnection@2d2a306f
19:53:16.536 [Resource Destroyer in BasicResourcePool.close()] DEBUG c.m.v.c.i.C3P0PooledConnectionPool - Successfully destroyed PooledConnection: com.mchange.v2.c3p0.impl.NewPooledConnection@2d2a306f
19:53:16.536 [Resource Destroyer in BasicResourcePool.close()] DEBUG c.m.v.resourcepool.BasicResourcePool - Successfully destroyed resource: com.mchange.v2.c3p0.impl.NewPooledConnection@2d2a306f


================================================================================
 TEST SUCCEEDED                                                                 
--------------------------------------------------------------------------------
    Test class:  RollbackToWALTest
    Test method: crashingIncTxTest_BeforeMetadataUpdate_WithException[Using jdbc]
    End time:    2017/08/28 19:53:16 (Duration: 24ms)
================================================================================





================================================================================
 TEST START                                                                     
--------------------------------------------------------------------------------
    Test class:  RollbackToWALTest
    Test method: crashingIncTxTest_BeforePrimaryIndexUpdate_WithException[Using jdbc]
    Start time:  2017/08/28 19:53:16
================================================================================



19:53:16.536 [Test worker] DEBUG c.m.v.c.m.DynamicPooledDataSourceManagerMBean - MBean: com.mchange.v2.c3p0:type=PooledDataSource,identityToken=1hgeqrl9qbn6pz6yfah30|229b00e4,name=1hgeqrl9qbn6pz6yfah30|229b00e4 registered.
19:53:16.552 [Test worker] DEBUG c.m.v.c.m.DynamicPooledDataSourceManagerMBean - MBean: com.mchange.v2.c3p0:type=PooledDataSource,identityToken=1hgeqrl9qbn6pz6yfah30|229b00e4,name=1hgeqrl9qbn6pz6yfah30|229b00e4 unregistered, in order to be reregistered after update.
19:53:16.552 [Test worker] DEBUG c.m.v.c.m.DynamicPooledDataSourceManagerMBean - MBean: com.mchange.v2.c3p0:type=PooledDataSource,identityToken=1hgeqrl9qbn6pz6yfah30|229b00e4,name=1hgeqrl9qbn6pz6yfah30|229b00e4 registered.
19:53:16.552 [Test worker] INFO  c.m.v.c.i.AbstractPoolBackedDataSource - Initializing c3p0 pool... com.mchange.v2.c3p0.PoolBackedDataSource@a998d22c [ connectionPoolDataSource -> com.mchange.v2.c3p0.WrapperConnectionPoolDataSource@723d3910 [ acquireIncrement -> 3, acquireRetryAttempts -> 30, acquireRetryDelay -> 1000, autoCommitOnClose -> false, automaticTestTable -> null, breakAfterAcquireFailure -> false, checkoutTimeout -> 0, connectionCustomizerClassName -> null, connectionTesterClassName -> com.mchange.v2.c3p0.impl.DefaultConnectionTester, contextClassLoaderSource -> caller, debugUnreturnedConnectionStackTraces -> false, factoryClassLocation -> null, forceIgnoreUnresolvedTransactions -> false, forceSynchronousCheckins -> false, identityToken -> 1hgeqrl9qbn6pz6yfah30|3686595d, idleConnectionTestPeriod -> 0, initialPoolSize -> 3, maxAdministrativeTaskTime -> 0, maxConnectionAge -> 0, maxIdleTime -> 0, maxIdleTimeExcessConnections -> 0, maxPoolSize -> 15, maxStatements -> 0, maxStatementsPerConnection -> 0, minPoolSize -> 3, nestedDataSource -> com.mchange.v2.c3p0.DriverManagerDataSource@3fdecfff [ description -> null, driverClass -> null, factoryClassLocation -> null, forceUseNamedDriverClass -> false, identityToken -> 1hgeqrl9qbn6pz6yfah30|375e64c6, jdbcUrl -> jdbc:h2:mem:af95315938314e7087769e29b19a84d1, properties -> {} ], preferredTestQuery -> null, privilegeSpawnedThreads -> false, propertyCycle -> 0, statementCacheNumDeferredCloseThreads -> 0, testConnectionOnCheckin -> false, testConnectionOnCheckout -> false, unreturnedConnectionTimeout -> 0, usesTraditionalReflectiveProxies -> false; userOverrides: {} ], dataSourceName -> null, extensions -> {}, factoryClassLocation -> null, identityToken -> 1hgeqrl9qbn6pz6yfah30|229b00e4, numHelperThreads -> 3 ]
19:53:16.552 [Test worker] DEBUG c.m.v.resourcepool.BasicResourcePool - com.mchange.v2.resourcepool.BasicResourcePool@6b493724 config: [start -> 3; min -> 3; max -> 15; inc -> 3; num_acq_attempts -> 30; acq_attempt_delay -> 1000; check_idle_resources_delay -> 0; max_resource_age -> 0; max_idle_time -> 0; excess_max_idle_time -> 0; destroy_unreturned_resc_time -> 0; expiration_enforcement_delay -> 0; break_on_acquisition_failure -> false; debug_store_checkout_exceptions -> false; force_synchronous_checkins -> false]
19:53:16.552 [Test worker] DEBUG c.m.v.c.i.C3P0PooledConnectionPoolManager - Created new pool for auth, username (masked): 'null'.
19:53:16.552 [Test worker] DEBUG c.m.v.resourcepool.BasicResourcePool - acquire test -- pool size: 0; target_pool_size: 3; desired target? 1
19:53:16.552 [Test worker] DEBUG c.m.v.resourcepool.BasicResourcePool - awaitAvailable(): [unknown]
19:53:16.566 [Test worker] DEBUG c.m.v.c.m.ActiveManagementCoordinator - MBean: com.mchange.v2.c3p0:type=PooledDataSource,identityToken=1hgeqrl9qbn6pz6yfah30|229b00e4,name=1hgeqrl9qbn6pz6yfah30|229b00e4 unregistered.
19:53:16.566 [Test worker] DEBUG c.m.v.c.m.ActiveManagementCoordinator - C3P0Registry mbean unregistered.
19:53:16.566 [Resource Destroyer in BasicResourcePool.close()] DEBUG c.m.v.resourcepool.BasicResourcePool - Preparing to destroy resource: com.mchange.v2.c3p0.impl.NewPooledConnection@444b1651
19:53:16.566 [Resource Destroyer in BasicResourcePool.close()] DEBUG c.m.v.c.i.C3P0PooledConnectionPool - Preparing to destroy PooledConnection: com.mchange.v2.c3p0.impl.NewPooledConnection@444b1651
19:53:16.566 [Resource Destroyer in BasicResourcePool.close()] DEBUG c.m.v.c.i.C3P0PooledConnectionPool - Successfully destroyed PooledConnection: com.mchange.v2.c3p0.impl.NewPooledConnection@444b1651
19:53:16.566 [Resource Destroyer in BasicResourcePool.close()] DEBUG c.m.v.resourcepool.BasicResourcePool - Successfully destroyed resource: com.mchange.v2.c3p0.impl.NewPooledConnection@444b1651
19:53:16.566 [Resource Destroyer in BasicResourcePool.close()] DEBUG c.m.v.resourcepool.BasicResourcePool - Preparing to destroy resource: com.mchange.v2.c3p0.impl.NewPooledConnection@3e88f423
19:53:16.566 [Resource Destroyer in BasicResourcePool.close()] DEBUG c.m.v.c.i.C3P0PooledConnectionPool - Preparing to destroy PooledConnection: com.mchange.v2.c3p0.impl.NewPooledConnection@3e88f423
19:53:16.566 [Resource Destroyer in BasicResourcePool.close()] DEBUG c.m.v.c.i.C3P0PooledConnectionPool - Successfully destroyed PooledConnection: com.mchange.v2.c3p0.impl.NewPooledConnection@3e88f423
19:53:16.566 [Resource Destroyer in BasicResourcePool.close()] DEBUG c.m.v.resourcepool.BasicResourcePool - Successfully destroyed resource: com.mchange.v2.c3p0.impl.NewPooledConnection@3e88f423
19:53:16.566 [Resource Destroyer in BasicResourcePool.close()] DEBUG c.m.v.resourcepool.BasicResourcePool - Preparing to destroy resource: com.mchange.v2.c3p0.impl.NewPooledConnection@3de0ff47
19:53:16.566 [Resource Destroyer in BasicResourcePool.close()] DEBUG c.m.v.c.i.C3P0PooledConnectionPool - Preparing to destroy PooledConnection: com.mchange.v2.c3p0.impl.NewPooledConnection@3de0ff47
19:53:16.566 [Resource Destroyer in BasicResourcePool.close()] DEBUG c.m.v.c.i.C3P0PooledConnectionPool - Successfully destroyed PooledConnection: com.mchange.v2.c3p0.impl.NewPooledConnection@3de0ff47
19:53:16.566 [Resource Destroyer in BasicResourcePool.close()] DEBUG c.m.v.resourcepool.BasicResourcePool - Successfully destroyed resource: com.mchange.v2.c3p0.impl.NewPooledConnection@3de0ff47


================================================================================
 TEST SUCCEEDED                                                                 
--------------------------------------------------------------------------------
    Test class:  RollbackToWALTest
    Test method: crashingIncTxTest_BeforePrimaryIndexUpdate_WithException[Using jdbc]
    End time:    2017/08/28 19:53:16 (Duration: 31ms)
================================================================================





================================================================================
 TEST START                                                                     
--------------------------------------------------------------------------------
    Test class:  RollbackToWALTest
    Test method: crashingTxTest_BeforeMetadataUpdate_WithThreadKill[Using jdbc]
    Start time:  2017/08/28 19:53:16
================================================================================



19:53:16.570 [Test worker] DEBUG c.m.v.c.m.DynamicPooledDataSourceManagerMBean - MBean: com.mchange.v2.c3p0:type=PooledDataSource,identityToken=1hgeqrl9qbn6pz6yfah30|192dae7f,name=1hgeqrl9qbn6pz6yfah30|192dae7f registered.
19:53:16.571 [Test worker] DEBUG c.m.v.c.m.DynamicPooledDataSourceManagerMBean - MBean: com.mchange.v2.c3p0:type=PooledDataSource,identityToken=1hgeqrl9qbn6pz6yfah30|192dae7f,name=1hgeqrl9qbn6pz6yfah30|192dae7f unregistered, in order to be reregistered after update.
19:53:16.571 [Test worker] DEBUG c.m.v.c.m.DynamicPooledDataSourceManagerMBean - MBean: com.mchange.v2.c3p0:type=PooledDataSource,identityToken=1hgeqrl9qbn6pz6yfah30|192dae7f,name=1hgeqrl9qbn6pz6yfah30|192dae7f registered.
19:53:16.571 [Test worker] INFO  c.m.v.c.i.AbstractPoolBackedDataSource - Initializing c3p0 pool... com.mchange.v2.c3p0.PoolBackedDataSource@aaed15d7 [ connectionPoolDataSource -> com.mchange.v2.c3p0.WrapperConnectionPoolDataSource@ee7f20f8 [ acquireIncrement -> 3, acquireRetryAttempts -> 30, acquireRetryDelay -> 1000, autoCommitOnClose -> false, automaticTestTable -> null, breakAfterAcquireFailure -> false, checkoutTimeout -> 0, connectionCustomizerClassName -> null, connectionTesterClassName -> com.mchange.v2.c3p0.impl.DefaultConnectionTester, contextClassLoaderSource -> caller, debugUnreturnedConnectionStackTraces -> false, factoryClassLocation -> null, forceIgnoreUnresolvedTransactions -> false, forceSynchronousCheckins -> false, identityToken -> 1hgeqrl9qbn6pz6yfah30|29e7b4ef, idleConnectionTestPeriod -> 0, initialPoolSize -> 3, maxAdministrativeTaskTime -> 0, maxConnectionAge -> 0, maxIdleTime -> 0, maxIdleTimeExcessConnections -> 0, maxPoolSize -> 15, maxStatements -> 0, maxStatementsPerConnection -> 0, minPoolSize -> 3, nestedDataSource -> com.mchange.v2.c3p0.DriverManagerDataSource@72a4d760 [ description -> null, driverClass -> null, factoryClassLocation -> null, forceUseNamedDriverClass -> false, identityToken -> 1hgeqrl9qbn6pz6yfah30|4cd92e9f, jdbcUrl -> jdbc:h2:mem:151c8c06af454879b248108fe3da1c6d, properties -> {} ], preferredTestQuery -> null, privilegeSpawnedThreads -> false, propertyCycle -> 0, statementCacheNumDeferredCloseThreads -> 0, testConnectionOnCheckin -> false, testConnectionOnCheckout -> false, unreturnedConnectionTimeout -> 0, usesTraditionalReflectiveProxies -> false; userOverrides: {} ], dataSourceName -> null, extensions -> {}, factoryClassLocation -> null, identityToken -> 1hgeqrl9qbn6pz6yfah30|192dae7f, numHelperThreads -> 3 ]
19:53:16.571 [Test worker] DEBUG c.m.v.resourcepool.BasicResourcePool - com.mchange.v2.resourcepool.BasicResourcePool@566ca7d0 config: [start -> 3; min -> 3; max -> 15; inc -> 3; num_acq_attempts -> 30; acq_attempt_delay -> 1000; check_idle_resources_delay -> 0; max_resource_age -> 0; max_idle_time -> 0; excess_max_idle_time -> 0; destroy_unreturned_resc_time -> 0; expiration_enforcement_delay -> 0; break_on_acquisition_failure -> false; debug_store_checkout_exceptions -> false; force_synchronous_checkins -> false]
19:53:16.571 [Test worker] DEBUG c.m.v.c.i.C3P0PooledConnectionPoolManager - Created new pool for auth, username (masked): 'null'.
19:53:16.571 [Test worker] DEBUG c.m.v.resourcepool.BasicResourcePool - acquire test -- pool size: 0; target_pool_size: 3; desired target? 1
19:53:16.571 [Test worker] DEBUG c.m.v.resourcepool.BasicResourcePool - awaitAvailable(): [unknown]
19:53:16.609 [Test worker] DEBUG c.m.v.c.m.ActiveManagementCoordinator - MBean: com.mchange.v2.c3p0:type=PooledDataSource,identityToken=1hgeqrl9qbn6pz6yfah30|192dae7f,name=1hgeqrl9qbn6pz6yfah30|192dae7f unregistered.
19:53:16.609 [Test worker] DEBUG c.m.v.c.m.ActiveManagementCoordinator - C3P0Registry mbean unregistered.
19:53:16.609 [Resource Destroyer in BasicResourcePool.close()] DEBUG c.m.v.resourcepool.BasicResourcePool - Preparing to destroy resource: com.mchange.v2.c3p0.impl.NewPooledConnection@cfae743
19:53:16.609 [Resource Destroyer in BasicResourcePool.close()] DEBUG c.m.v.c.i.C3P0PooledConnectionPool - Preparing to destroy PooledConnection: com.mchange.v2.c3p0.impl.NewPooledConnection@cfae743
19:53:16.609 [Resource Destroyer in BasicResourcePool.close()] DEBUG c.m.v.c.i.C3P0PooledConnectionPool - Successfully destroyed PooledConnection: com.mchange.v2.c3p0.impl.NewPooledConnection@cfae743
19:53:16.609 [Resource Destroyer in BasicResourcePool.close()] DEBUG c.m.v.resourcepool.BasicResourcePool - Successfully destroyed resource: com.mchange.v2.c3p0.impl.NewPooledConnection@cfae743
19:53:16.609 [Resource Destroyer in BasicResourcePool.close()] DEBUG c.m.v.resourcepool.BasicResourcePool - Preparing to destroy resource: com.mchange.v2.c3p0.impl.NewPooledConnection@35903db5
19:53:16.609 [Resource Destroyer in BasicResourcePool.close()] DEBUG c.m.v.c.i.C3P0PooledConnectionPool - Preparing to destroy PooledConnection: com.mchange.v2.c3p0.impl.NewPooledConnection@35903db5
19:53:16.609 [Resource Destroyer in BasicResourcePool.close()] DEBUG c.m.v.c.i.C3P0PooledConnectionPool - Successfully destroyed PooledConnection: com.mchange.v2.c3p0.impl.NewPooledConnection@35903db5
19:53:16.609 [Resource Destroyer in BasicResourcePool.close()] DEBUG c.m.v.resourcepool.BasicResourcePool - Successfully destroyed resource: com.mchange.v2.c3p0.impl.NewPooledConnection@35903db5
19:53:16.609 [Resource Destroyer in BasicResourcePool.close()] DEBUG c.m.v.resourcepool.BasicResourcePool - Preparing to destroy resource: com.mchange.v2.c3p0.impl.NewPooledConnection@71898824
19:53:16.609 [Resource Destroyer in BasicResourcePool.close()] DEBUG c.m.v.c.i.C3P0PooledConnectionPool - Preparing to destroy PooledConnection: com.mchange.v2.c3p0.impl.NewPooledConnection@71898824
19:53:16.609 [Resource Destroyer in BasicResourcePool.close()] DEBUG c.m.v.c.i.C3P0PooledConnectionPool - Successfully destroyed PooledConnection: com.mchange.v2.c3p0.impl.NewPooledConnection@71898824
19:53:16.609 [Resource Destroyer in BasicResourcePool.close()] DEBUG c.m.v.resourcepool.BasicResourcePool - Successfully destroyed resource: com.mchange.v2.c3p0.impl.NewPooledConnection@71898824


================================================================================
 TEST SUCCEEDED                                                                 
--------------------------------------------------------------------------------
    Test class:  RollbackToWALTest
    Test method: crashingTxTest_BeforeMetadataUpdate_WithThreadKill[Using jdbc]
    End time:    2017/08/28 19:53:16 (Duration: 42ms)
================================================================================





================================================================================
 TEST START                                                                     
--------------------------------------------------------------------------------
    Test class:  RollbackToWALTest
    Test method: crashingTxTest_BeforeTransactionCommitted_WithThreadKill[Using jdbc]
    Start time:  2017/08/28 19:53:16
================================================================================



19:53:16.609 [Test worker] DEBUG c.m.v.c.m.DynamicPooledDataSourceManagerMBean - MBean: com.mchange.v2.c3p0:type=PooledDataSource,identityToken=1hgeqrl9qbn6pz6yfah30|6ee8289c,name=1hgeqrl9qbn6pz6yfah30|6ee8289c registered.
19:53:16.625 [Test worker] DEBUG c.m.v.c.m.DynamicPooledDataSourceManagerMBean - MBean: com.mchange.v2.c3p0:type=PooledDataSource,identityToken=1hgeqrl9qbn6pz6yfah30|6ee8289c,name=1hgeqrl9qbn6pz6yfah30|6ee8289c unregistered, in order to be reregistered after update.
19:53:16.625 [Test worker] DEBUG c.m.v.c.m.DynamicPooledDataSourceManagerMBean - MBean: com.mchange.v2.c3p0:type=PooledDataSource,identityToken=1hgeqrl9qbn6pz6yfah30|6ee8289c,name=1hgeqrl9qbn6pz6yfah30|6ee8289c registered.
19:53:16.625 [Test worker] INFO  c.m.v.c.i.AbstractPoolBackedDataSource - Initializing c3p0 pool... com.mchange.v2.c3p0.PoolBackedDataSource@376feef2 [ connectionPoolDataSource -> com.mchange.v2.c3p0.WrapperConnectionPoolDataSource@23947fec [ acquireIncrement -> 3, acquireRetryAttempts -> 30, acquireRetryDelay -> 1000, autoCommitOnClose -> false, automaticTestTable -> null, breakAfterAcquireFailure -> false, checkoutTimeout -> 0, connectionCustomizerClassName -> null, connectionTesterClassName -> com.mchange.v2.c3p0.impl.DefaultConnectionTester, contextClassLoaderSource -> caller, debugUnreturnedConnectionStackTraces -> false, factoryClassLocation -> null, forceIgnoreUnresolvedTransactions -> false, forceSynchronousCheckins -> false, identityToken -> 1hgeqrl9qbn6pz6yfah30|36f946dd, idleConnectionTestPeriod -> 0, initialPoolSize -> 3, maxAdministrativeTaskTime -> 0, maxConnectionAge -> 0, maxIdleTime -> 0, maxIdleTimeExcessConnections -> 0, maxPoolSize -> 15, maxStatements -> 0, maxStatementsPerConnection -> 0, minPoolSize -> 3, nestedDataSource -> com.mchange.v2.c3p0.DriverManagerDataSource@d65f7620 [ description -> null, driverClass -> null, factoryClassLocation -> null, forceUseNamedDriverClass -> false, identityToken -> 1hgeqrl9qbn6pz6yfah30|7ea88568, jdbcUrl -> jdbc:h2:mem:2df80b3b3b214248ba805aec2a36c488, properties -> {} ], preferredTestQuery -> null, privilegeSpawnedThreads -> false, propertyCycle -> 0, statementCacheNumDeferredCloseThreads -> 0, testConnectionOnCheckin -> false, testConnectionOnCheckout -> false, unreturnedConnectionTimeout -> 0, usesTraditionalReflectiveProxies -> false; userOverrides: {} ], dataSourceName -> null, extensions -> {}, factoryClassLocation -> null, identityToken -> 1hgeqrl9qbn6pz6yfah30|6ee8289c, numHelperThreads -> 3 ]
19:53:16.625 [Test worker] DEBUG c.m.v.resourcepool.BasicResourcePool - com.mchange.v2.resourcepool.BasicResourcePool@7faa38fd config: [start -> 3; min -> 3; max -> 15; inc -> 3; num_acq_attempts -> 30; acq_attempt_delay -> 1000; check_idle_resources_delay -> 0; max_resource_age -> 0; max_idle_time -> 0; excess_max_idle_time -> 0; destroy_unreturned_resc_time -> 0; expiration_enforcement_delay -> 0; break_on_acquisition_failure -> false; debug_store_checkout_exceptions -> false; force_synchronous_checkins -> false]
19:53:16.625 [Test worker] DEBUG c.m.v.c.i.C3P0PooledConnectionPoolManager - Created new pool for auth, username (masked): 'null'.
19:53:16.625 [Test worker] DEBUG c.m.v.resourcepool.BasicResourcePool - acquire test -- pool size: 0; target_pool_size: 3; desired target? 1
19:53:16.625 [Test worker] DEBUG c.m.v.resourcepool.BasicResourcePool - awaitAvailable(): [unknown]
19:53:16.635 [Test worker] DEBUG c.m.v.c.m.ActiveManagementCoordinator - MBean: com.mchange.v2.c3p0:type=PooledDataSource,identityToken=1hgeqrl9qbn6pz6yfah30|6ee8289c,name=1hgeqrl9qbn6pz6yfah30|6ee8289c unregistered.
19:53:16.635 [Test worker] DEBUG c.m.v.c.m.ActiveManagementCoordinator - C3P0Registry mbean unregistered.
19:53:16.635 [Resource Destroyer in BasicResourcePool.close()] DEBUG c.m.v.resourcepool.BasicResourcePool - Preparing to destroy resource: com.mchange.v2.c3p0.impl.NewPooledConnection@522558e5
19:53:16.635 [Resource Destroyer in BasicResourcePool.close()] DEBUG c.m.v.c.i.C3P0PooledConnectionPool - Preparing to destroy PooledConnection: com.mchange.v2.c3p0.impl.NewPooledConnection@522558e5
19:53:16.635 [Resource Destroyer in BasicResourcePool.close()] DEBUG c.m.v.c.i.C3P0PooledConnectionPool - Successfully destroyed PooledConnection: com.mchange.v2.c3p0.impl.NewPooledConnection@522558e5
19:53:16.635 [Resource Destroyer in BasicResourcePool.close()] DEBUG c.m.v.resourcepool.BasicResourcePool - Successfully destroyed resource: com.mchange.v2.c3p0.impl.NewPooledConnection@522558e5
19:53:16.635 [Resource Destroyer in BasicResourcePool.close()] DEBUG c.m.v.resourcepool.BasicResourcePool - Preparing to destroy resource: com.mchange.v2.c3p0.impl.NewPooledConnection@24192ecf
19:53:16.635 [Resource Destroyer in BasicResourcePool.close()] DEBUG c.m.v.c.i.C3P0PooledConnectionPool - Preparing to destroy PooledConnection: com.mchange.v2.c3p0.impl.NewPooledConnection@24192ecf
19:53:16.635 [Resource Destroyer in BasicResourcePool.close()] DEBUG c.m.v.c.i.C3P0PooledConnectionPool - Successfully destroyed PooledConnection: com.mchange.v2.c3p0.impl.NewPooledConnection@24192ecf
19:53:16.635 [Resource Destroyer in BasicResourcePool.close()] DEBUG c.m.v.resourcepool.BasicResourcePool - Successfully destroyed resource: com.mchange.v2.c3p0.impl.NewPooledConnection@24192ecf
19:53:16.635 [Resource Destroyer in BasicResourcePool.close()] DEBUG c.m.v.resourcepool.BasicResourcePool - Preparing to destroy resource: com.mchange.v2.c3p0.impl.NewPooledConnection@5ef6dd81
19:53:16.635 [Resource Destroyer in BasicResourcePool.close()] DEBUG c.m.v.c.i.C3P0PooledConnectionPool - Preparing to destroy PooledConnection: com.mchange.v2.c3p0.impl.NewPooledConnection@5ef6dd81
19:53:16.635 [Resource Destroyer in BasicResourcePool.close()] DEBUG c.m.v.c.i.C3P0PooledConnectionPool - Successfully destroyed PooledConnection: com.mchange.v2.c3p0.impl.NewPooledConnection@5ef6dd81
19:53:16.635 [Resource Destroyer in BasicResourcePool.close()] DEBUG c.m.v.resourcepool.BasicResourcePool - Successfully destroyed resource: com.mchange.v2.c3p0.impl.NewPooledConnection@5ef6dd81


================================================================================
 TEST SUCCEEDED                                                                 
--------------------------------------------------------------------------------
    Test class:  RollbackToWALTest
    Test method: crashingTxTest_BeforeTransactionCommitted_WithThreadKill[Using jdbc]
    End time:    2017/08/28 19:53:16 (Duration: 26ms)
================================================================================





================================================================================
 TEST START                                                                     
--------------------------------------------------------------------------------
    Test class:  RollbackToWALTest
    Test method: crashingTxTest_BeforeCacheUpdate_WithThreadKill[Using jdbc]
    Start time:  2017/08/28 19:53:16
================================================================================



19:53:16.635 [Test worker] DEBUG c.m.v.c.m.DynamicPooledDataSourceManagerMBean - MBean: com.mchange.v2.c3p0:type=PooledDataSource,identityToken=1hgeqrl9qbn6pz6yfah30|4a2e0ba3,name=1hgeqrl9qbn6pz6yfah30|4a2e0ba3 registered.
19:53:16.650 [Test worker] DEBUG c.m.v.c.m.DynamicPooledDataSourceManagerMBean - MBean: com.mchange.v2.c3p0:type=PooledDataSource,identityToken=1hgeqrl9qbn6pz6yfah30|4a2e0ba3,name=1hgeqrl9qbn6pz6yfah30|4a2e0ba3 unregistered, in order to be reregistered after update.
19:53:16.650 [Test worker] DEBUG c.m.v.c.m.DynamicPooledDataSourceManagerMBean - MBean: com.mchange.v2.c3p0:type=PooledDataSource,identityToken=1hgeqrl9qbn6pz6yfah30|4a2e0ba3,name=1hgeqrl9qbn6pz6yfah30|4a2e0ba3 registered.
19:53:16.650 [Test worker] INFO  c.m.v.c.i.AbstractPoolBackedDataSource - Initializing c3p0 pool... com.mchange.v2.c3p0.PoolBackedDataSource@2f588220 [ connectionPoolDataSource -> com.mchange.v2.c3p0.WrapperConnectionPoolDataSource@1c4aecba [ acquireIncrement -> 3, acquireRetryAttempts -> 30, acquireRetryDelay -> 1000, autoCommitOnClose -> false, automaticTestTable -> null, breakAfterAcquireFailure -> false, checkoutTimeout -> 0, connectionCustomizerClassName -> null, connectionTesterClassName -> com.mchange.v2.c3p0.impl.DefaultConnectionTester, contextClassLoaderSource -> caller, debugUnreturnedConnectionStackTraces -> false, factoryClassLocation -> null, forceIgnoreUnresolvedTransactions -> false, forceSynchronousCheckins -> false, identityToken -> 1hgeqrl9qbn6pz6yfah30|784eee2, idleConnectionTestPeriod -> 0, initialPoolSize -> 3, maxAdministrativeTaskTime -> 0, maxConnectionAge -> 0, maxIdleTime -> 0, maxIdleTimeExcessConnections -> 0, maxPoolSize -> 15, maxStatements -> 0, maxStatementsPerConnection -> 0, minPoolSize -> 3, nestedDataSource -> com.mchange.v2.c3p0.DriverManagerDataSource@4c5f842b [ description -> null, driverClass -> null, factoryClassLocation -> null, forceUseNamedDriverClass -> false, identityToken -> 1hgeqrl9qbn6pz6yfah30|ef5f69d, jdbcUrl -> jdbc:h2:mem:7aeee2d0f67b418c9b46315b4e569048, properties -> {} ], preferredTestQuery -> null, privilegeSpawnedThreads -> false, propertyCycle -> 0, statementCacheNumDeferredCloseThreads -> 0, testConnectionOnCheckin -> false, testConnectionOnCheckout -> false, unreturnedConnectionTimeout -> 0, usesTraditionalReflectiveProxies -> false; userOverrides: {} ], dataSourceName -> null, extensions -> {}, factoryClassLocation -> null, identityToken -> 1hgeqrl9qbn6pz6yfah30|4a2e0ba3, numHelperThreads -> 3 ]
19:53:16.650 [Test worker] DEBUG c.m.v.resourcepool.BasicResourcePool - com.mchange.v2.resourcepool.BasicResourcePool@2ccc8e35 config: [start -> 3; min -> 3; max -> 15; inc -> 3; num_acq_attempts -> 30; acq_attempt_delay -> 1000; check_idle_resources_delay -> 0; max_resource_age -> 0; max_idle_time -> 0; excess_max_idle_time -> 0; destroy_unreturned_resc_time -> 0; expiration_enforcement_delay -> 0; break_on_acquisition_failure -> false; debug_store_checkout_exceptions -> false; force_synchronous_checkins -> false]
19:53:16.650 [Test worker] DEBUG c.m.v.c.i.C3P0PooledConnectionPoolManager - Created new pool for auth, username (masked): 'null'.
19:53:16.650 [Test worker] DEBUG c.m.v.resourcepool.BasicResourcePool - acquire test -- pool size: 0; target_pool_size: 3; desired target? 1
19:53:16.650 [Test worker] DEBUG c.m.v.resourcepool.BasicResourcePool - awaitAvailable(): [unknown]
19:53:16.666 [Test worker] DEBUG c.m.v.c.m.ActiveManagementCoordinator - MBean: com.mchange.v2.c3p0:type=PooledDataSource,identityToken=1hgeqrl9qbn6pz6yfah30|4a2e0ba3,name=1hgeqrl9qbn6pz6yfah30|4a2e0ba3 unregistered.
19:53:16.666 [Test worker] DEBUG c.m.v.c.m.ActiveManagementCoordinator - C3P0Registry mbean unregistered.
19:53:16.666 [Resource Destroyer in BasicResourcePool.close()] DEBUG c.m.v.resourcepool.BasicResourcePool - Preparing to destroy resource: com.mchange.v2.c3p0.impl.NewPooledConnection@77e5ccc1
19:53:16.666 [Resource Destroyer in BasicResourcePool.close()] DEBUG c.m.v.c.i.C3P0PooledConnectionPool - Preparing to destroy PooledConnection: com.mchange.v2.c3p0.impl.NewPooledConnection@77e5ccc1
19:53:16.666 [Resource Destroyer in BasicResourcePool.close()] DEBUG c.m.v.c.i.C3P0PooledConnectionPool - Successfully destroyed PooledConnection: com.mchange.v2.c3p0.impl.NewPooledConnection@77e5ccc1
19:53:16.666 [Resource Destroyer in BasicResourcePool.close()] DEBUG c.m.v.resourcepool.BasicResourcePool - Successfully destroyed resource: com.mchange.v2.c3p0.impl.NewPooledConnection@77e5ccc1
19:53:16.666 [Resource Destroyer in BasicResourcePool.close()] DEBUG c.m.v.resourcepool.BasicResourcePool - Preparing to destroy resource: com.mchange.v2.c3p0.impl.NewPooledConnection@3bc0eae4
19:53:16.666 [Resource Destroyer in BasicResourcePool.close()] DEBUG c.m.v.c.i.C3P0PooledConnectionPool - Preparing to destroy PooledConnection: com.mchange.v2.c3p0.impl.NewPooledConnection@3bc0eae4
19:53:16.666 [Resource Destroyer in BasicResourcePool.close()] DEBUG c.m.v.c.i.C3P0PooledConnectionPool - Successfully destroyed PooledConnection: com.mchange.v2.c3p0.impl.NewPooledConnection@3bc0eae4
19:53:16.666 [Resource Destroyer in BasicResourcePool.close()] DEBUG c.m.v.resourcepool.BasicResourcePool - Successfully destroyed resource: com.mchange.v2.c3p0.impl.NewPooledConnection@3bc0eae4
19:53:16.666 [Resource Destroyer in BasicResourcePool.close()] DEBUG c.m.v.resourcepool.BasicResourcePool - Preparing to destroy resource: com.mchange.v2.c3p0.impl.NewPooledConnection@7c95d3c3
19:53:16.666 [Resource Destroyer in BasicResourcePool.close()] DEBUG c.m.v.c.i.C3P0PooledConnectionPool - Preparing to destroy PooledConnection: com.mchange.v2.c3p0.impl.NewPooledConnection@7c95d3c3
19:53:16.666 [Resource Destroyer in BasicResourcePool.close()] DEBUG c.m.v.c.i.C3P0PooledConnectionPool - Successfully destroyed PooledConnection: com.mchange.v2.c3p0.impl.NewPooledConnection@7c95d3c3
19:53:16.666 [Resource Destroyer in BasicResourcePool.close()] DEBUG c.m.v.resourcepool.BasicResourcePool - Successfully destroyed resource: com.mchange.v2.c3p0.impl.NewPooledConnection@7c95d3c3


================================================================================
 TEST SUCCEEDED                                                                 
--------------------------------------------------------------------------------
    Test class:  RollbackToWALTest
    Test method: crashingTxTest_BeforeCacheUpdate_WithThreadKill[Using jdbc]
    End time:    2017/08/28 19:53:16 (Duration: 31ms)
================================================================================





================================================================================
 TEST START                                                                     
--------------------------------------------------------------------------------
    Test class:  RollbackToWALTest
    Test method: crashingTxTest_BeforeCacheUpdate_WithException[Using jdbc]
    Start time:  2017/08/28 19:53:16
================================================================================



19:53:16.670 [Test worker] DEBUG c.m.v.c.m.DynamicPooledDataSourceManagerMBean - MBean: com.mchange.v2.c3p0:type=PooledDataSource,identityToken=1hgeqrl9qbn6pz6yfah30|d5d5972,name=1hgeqrl9qbn6pz6yfah30|d5d5972 registered.
19:53:16.670 [Test worker] DEBUG c.m.v.c.m.DynamicPooledDataSourceManagerMBean - MBean: com.mchange.v2.c3p0:type=PooledDataSource,identityToken=1hgeqrl9qbn6pz6yfah30|d5d5972,name=1hgeqrl9qbn6pz6yfah30|d5d5972 unregistered, in order to be reregistered after update.
19:53:16.670 [Test worker] DEBUG c.m.v.c.m.DynamicPooledDataSourceManagerMBean - MBean: com.mchange.v2.c3p0:type=PooledDataSource,identityToken=1hgeqrl9qbn6pz6yfah30|d5d5972,name=1hgeqrl9qbn6pz6yfah30|d5d5972 registered.
19:53:16.670 [Test worker] INFO  c.m.v.c.i.AbstractPoolBackedDataSource - Initializing c3p0 pool... com.mchange.v2.c3p0.PoolBackedDataSource@d2632088 [ connectionPoolDataSource -> com.mchange.v2.c3p0.WrapperConnectionPoolDataSource@27c4252a [ acquireIncrement -> 3, acquireRetryAttempts -> 30, acquireRetryDelay -> 1000, autoCommitOnClose -> false, automaticTestTable -> null, breakAfterAcquireFailure -> false, checkoutTimeout -> 0, connectionCustomizerClassName -> null, connectionTesterClassName -> com.mchange.v2.c3p0.impl.DefaultConnectionTester, contextClassLoaderSource -> caller, debugUnreturnedConnectionStackTraces -> false, factoryClassLocation -> null, forceIgnoreUnresolvedTransactions -> false, forceSynchronousCheckins -> false, identityToken -> 1hgeqrl9qbn6pz6yfah30|23fca0f3, idleConnectionTestPeriod -> 0, initialPoolSize -> 3, maxAdministrativeTaskTime -> 0, maxConnectionAge -> 0, maxIdleTime -> 0, maxIdleTimeExcessConnections -> 0, maxPoolSize -> 15, maxStatements -> 0, maxStatementsPerConnection -> 0, minPoolSize -> 3, nestedDataSource -> com.mchange.v2.c3p0.DriverManagerDataSource@adef377 [ description -> null, driverClass -> null, factoryClassLocation -> null, forceUseNamedDriverClass -> false, identityToken -> 1hgeqrl9qbn6pz6yfah30|1fce1d58, jdbcUrl -> jdbc:h2:mem:46869bf83cbb493ea37ddeb91cc843a6, properties -> {} ], preferredTestQuery -> null, privilegeSpawnedThreads -> false, propertyCycle -> 0, statementCacheNumDeferredCloseThreads -> 0, testConnectionOnCheckin -> false, testConnectionOnCheckout -> false, unreturnedConnectionTimeout -> 0, usesTraditionalReflectiveProxies -> false; userOverrides: {} ], dataSourceName -> null, extensions -> {}, factoryClassLocation -> null, identityToken -> 1hgeqrl9qbn6pz6yfah30|d5d5972, numHelperThreads -> 3 ]
19:53:16.670 [Test worker] DEBUG c.m.v.resourcepool.BasicResourcePool - com.mchange.v2.resourcepool.BasicResourcePool@40ba9852 config: [start -> 3; min -> 3; max -> 15; inc -> 3; num_acq_attempts -> 30; acq_attempt_delay -> 1000; check_idle_resources_delay -> 0; max_resource_age -> 0; max_idle_time -> 0; excess_max_idle_time -> 0; destroy_unreturned_resc_time -> 0; expiration_enforcement_delay -> 0; break_on_acquisition_failure -> false; debug_store_checkout_exceptions -> false; force_synchronous_checkins -> false]
19:53:16.670 [Test worker] DEBUG c.m.v.c.i.C3P0PooledConnectionPoolManager - Created new pool for auth, username (masked): 'null'.
19:53:16.670 [Test worker] DEBUG c.m.v.resourcepool.BasicResourcePool - acquire test -- pool size: 0; target_pool_size: 3; desired target? 1
19:53:16.670 [Test worker] DEBUG c.m.v.resourcepool.BasicResourcePool - awaitAvailable(): [unknown]
19:53:16.687 [Test worker] DEBUG c.m.v.c.m.ActiveManagementCoordinator - MBean: com.mchange.v2.c3p0:type=PooledDataSource,identityToken=1hgeqrl9qbn6pz6yfah30|d5d5972,name=1hgeqrl9qbn6pz6yfah30|d5d5972 unregistered.
19:53:16.687 [Test worker] DEBUG c.m.v.c.m.ActiveManagementCoordinator - C3P0Registry mbean unregistered.
19:53:16.687 [Resource Destroyer in BasicResourcePool.close()] DEBUG c.m.v.resourcepool.BasicResourcePool - Preparing to destroy resource: com.mchange.v2.c3p0.impl.NewPooledConnection@7f04ad5f
19:53:16.687 [Resource Destroyer in BasicResourcePool.close()] DEBUG c.m.v.c.i.C3P0PooledConnectionPool - Preparing to destroy PooledConnection: com.mchange.v2.c3p0.impl.NewPooledConnection@7f04ad5f
19:53:16.687 [Resource Destroyer in BasicResourcePool.close()] DEBUG c.m.v.c.i.C3P0PooledConnectionPool - Successfully destroyed PooledConnection: com.mchange.v2.c3p0.impl.NewPooledConnection@7f04ad5f
19:53:16.687 [Resource Destroyer in BasicResourcePool.close()] DEBUG c.m.v.resourcepool.BasicResourcePool - Successfully destroyed resource: com.mchange.v2.c3p0.impl.NewPooledConnection@7f04ad5f
19:53:16.687 [Resource Destroyer in BasicResourcePool.close()] DEBUG c.m.v.resourcepool.BasicResourcePool - Preparing to destroy resource: com.mchange.v2.c3p0.impl.NewPooledConnection@7d007296
19:53:16.687 [Resource Destroyer in BasicResourcePool.close()] DEBUG c.m.v.c.i.C3P0PooledConnectionPool - Preparing to destroy PooledConnection: com.mchange.v2.c3p0.impl.NewPooledConnection@7d007296
19:53:16.687 [Resource Destroyer in BasicResourcePool.close()] DEBUG c.m.v.c.i.C3P0PooledConnectionPool - Successfully destroyed PooledConnection: com.mchange.v2.c3p0.impl.NewPooledConnection@7d007296
19:53:16.687 [Resource Destroyer in BasicResourcePool.close()] DEBUG c.m.v.resourcepool.BasicResourcePool - Successfully destroyed resource: com.mchange.v2.c3p0.impl.NewPooledConnection@7d007296
19:53:16.687 [Resource Destroyer in BasicResourcePool.close()] DEBUG c.m.v.resourcepool.BasicResourcePool - Preparing to destroy resource: com.mchange.v2.c3p0.impl.NewPooledConnection@5cfe5f30
19:53:16.687 [Resource Destroyer in BasicResourcePool.close()] DEBUG c.m.v.c.i.C3P0PooledConnectionPool - Preparing to destroy PooledConnection: com.mchange.v2.c3p0.impl.NewPooledConnection@5cfe5f30
19:53:16.687 [Resource Destroyer in BasicResourcePool.close()] DEBUG c.m.v.c.i.C3P0PooledConnectionPool - Successfully destroyed PooledConnection: com.mchange.v2.c3p0.impl.NewPooledConnection@5cfe5f30
19:53:16.687 [Resource Destroyer in BasicResourcePool.close()] DEBUG c.m.v.resourcepool.BasicResourcePool - Successfully destroyed resource: com.mchange.v2.c3p0.impl.NewPooledConnection@5cfe5f30


================================================================================
 TEST SUCCEEDED                                                                 
--------------------------------------------------------------------------------
    Test class:  RollbackToWALTest
    Test method: crashingTxTest_BeforeCacheUpdate_WithException[Using jdbc]
    End time:    2017/08/28 19:53:16 (Duration: 20ms)
================================================================================





================================================================================
 TEST START                                                                     
--------------------------------------------------------------------------------
    Test class:  RollbackToWALTest
    Test method: crashingIncTxTest_BeforeCacheUpdate_WithThreadKill[Using jdbc]
    Start time:  2017/08/28 19:53:16
================================================================================



19:53:16.687 [Test worker] DEBUG c.m.v.c.m.DynamicPooledDataSourceManagerMBean - MBean: com.mchange.v2.c3p0:type=PooledDataSource,identityToken=1hgeqrl9qbn6pz6yfah30|688c8505,name=1hgeqrl9qbn6pz6yfah30|688c8505 registered.
19:53:16.702 [Test worker] DEBUG c.m.v.c.m.DynamicPooledDataSourceManagerMBean - MBean: com.mchange.v2.c3p0:type=PooledDataSource,identityToken=1hgeqrl9qbn6pz6yfah30|688c8505,name=1hgeqrl9qbn6pz6yfah30|688c8505 unregistered, in order to be reregistered after update.
19:53:16.702 [Test worker] DEBUG c.m.v.c.m.DynamicPooledDataSourceManagerMBean - MBean: com.mchange.v2.c3p0:type=PooledDataSource,identityToken=1hgeqrl9qbn6pz6yfah30|688c8505,name=1hgeqrl9qbn6pz6yfah30|688c8505 registered.
19:53:16.702 [Test worker] INFO  c.m.v.c.i.AbstractPoolBackedDataSource - Initializing c3p0 pool... com.mchange.v2.c3p0.PoolBackedDataSource@ce51ccf5 [ connectionPoolDataSource -> com.mchange.v2.c3p0.WrapperConnectionPoolDataSource@8f6b7a00 [ acquireIncrement -> 3, acquireRetryAttempts -> 30, acquireRetryDelay -> 1000, autoCommitOnClose -> false, automaticTestTable -> null, breakAfterAcquireFailure -> false, checkoutTimeout -> 0, connectionCustomizerClassName -> null, connectionTesterClassName -> com.mchange.v2.c3p0.impl.DefaultConnectionTester, contextClassLoaderSource -> caller, debugUnreturnedConnectionStackTraces -> false, factoryClassLocation -> null, forceIgnoreUnresolvedTransactions -> false, forceSynchronousCheckins -> false, identityToken -> 1hgeqrl9qbn6pz6yfah30|6e0cdc47, idleConnectionTestPeriod -> 0, initialPoolSize -> 3, maxAdministrativeTaskTime -> 0, maxConnectionAge -> 0, maxIdleTime -> 0, maxIdleTimeExcessConnections -> 0, maxPoolSize -> 15, maxStatements -> 0, maxStatementsPerConnection -> 0, minPoolSize -> 3, nestedDataSource -> com.mchange.v2.c3p0.DriverManagerDataSource@88f3bd3a [ description -> null, driverClass -> null, factoryClassLocation -> null, forceUseNamedDriverClass -> false, identityToken -> 1hgeqrl9qbn6pz6yfah30|5b99e8f0, jdbcUrl -> jdbc:h2:mem:4ad5bf3fe1ae4bffbe7ec72ce2379a80, properties -> {} ], preferredTestQuery -> null, privilegeSpawnedThreads -> false, propertyCycle -> 0, statementCacheNumDeferredCloseThreads -> 0, testConnectionOnCheckin -> false, testConnectionOnCheckout -> false, unreturnedConnectionTimeout -> 0, usesTraditionalReflectiveProxies -> false; userOverrides: {} ], dataSourceName -> null, extensions -> {}, factoryClassLocation -> null, identityToken -> 1hgeqrl9qbn6pz6yfah30|688c8505, numHelperThreads -> 3 ]
19:53:16.702 [Test worker] DEBUG c.m.v.resourcepool.BasicResourcePool - com.mchange.v2.resourcepool.BasicResourcePool@462eb251 config: [start -> 3; min -> 3; max -> 15; inc -> 3; num_acq_attempts -> 30; acq_attempt_delay -> 1000; check_idle_resources_delay -> 0; max_resource_age -> 0; max_idle_time -> 0; excess_max_idle_time -> 0; destroy_unreturned_resc_time -> 0; expiration_enforcement_delay -> 0; break_on_acquisition_failure -> false; debug_store_checkout_exceptions -> false; force_synchronous_checkins -> false]
19:53:16.702 [Test worker] DEBUG c.m.v.c.i.C3P0PooledConnectionPoolManager - Created new pool for auth, username (masked): 'null'.
19:53:16.702 [Test worker] DEBUG c.m.v.resourcepool.BasicResourcePool - acquire test -- pool size: 0; target_pool_size: 3; desired target? 1
19:53:16.702 [Test worker] DEBUG c.m.v.resourcepool.BasicResourcePool - awaitAvailable(): [unknown]
19:53:16.713 [Test worker] DEBUG c.m.v.c.m.ActiveManagementCoordinator - MBean: com.mchange.v2.c3p0:type=PooledDataSource,identityToken=1hgeqrl9qbn6pz6yfah30|688c8505,name=1hgeqrl9qbn6pz6yfah30|688c8505 unregistered.
19:53:16.713 [Test worker] DEBUG c.m.v.c.m.ActiveManagementCoordinator - C3P0Registry mbean unregistered.
19:53:16.713 [Resource Destroyer in BasicResourcePool.close()] DEBUG c.m.v.resourcepool.BasicResourcePool - Preparing to destroy resource: com.mchange.v2.c3p0.impl.NewPooledConnection@656154e4
19:53:16.713 [Resource Destroyer in BasicResourcePool.close()] DEBUG c.m.v.c.i.C3P0PooledConnectionPool - Preparing to destroy PooledConnection: com.mchange.v2.c3p0.impl.NewPooledConnection@656154e4
19:53:16.713 [Resource Destroyer in BasicResourcePool.close()] DEBUG c.m.v.c.i.C3P0PooledConnectionPool - Successfully destroyed PooledConnection: com.mchange.v2.c3p0.impl.NewPooledConnection@656154e4
19:53:16.713 [Resource Destroyer in BasicResourcePool.close()] DEBUG c.m.v.resourcepool.BasicResourcePool - Successfully destroyed resource: com.mchange.v2.c3p0.impl.NewPooledConnection@656154e4
19:53:16.713 [Resource Destroyer in BasicResourcePool.close()] DEBUG c.m.v.resourcepool.BasicResourcePool - Preparing to destroy resource: com.mchange.v2.c3p0.impl.NewPooledConnection@d25a0d0
19:53:16.713 [Resource Destroyer in BasicResourcePool.close()] DEBUG c.m.v.c.i.C3P0PooledConnectionPool - Preparing to destroy PooledConnection: com.mchange.v2.c3p0.impl.NewPooledConnection@d25a0d0
19:53:16.713 [Resource Destroyer in BasicResourcePool.close()] DEBUG c.m.v.c.i.C3P0PooledConnectionPool - Successfully destroyed PooledConnection: com.mchange.v2.c3p0.impl.NewPooledConnection@d25a0d0
19:53:16.713 [Resource Destroyer in BasicResourcePool.close()] DEBUG c.m.v.resourcepool.BasicResourcePool - Successfully destroyed resource: com.mchange.v2.c3p0.impl.NewPooledConnection@d25a0d0
19:53:16.713 [Resource Destroyer in BasicResourcePool.close()] DEBUG c.m.v.resourcepool.BasicResourcePool - Preparing to destroy resource: com.mchange.v2.c3p0.impl.NewPooledConnection@223535b8
19:53:16.713 [Resource Destroyer in BasicResourcePool.close()] DEBUG c.m.v.c.i.C3P0PooledConnectionPool - Preparing to destroy PooledConnection: com.mchange.v2.c3p0.impl.NewPooledConnection@223535b8
19:53:16.713 [Resource Destroyer in BasicResourcePool.close()] DEBUG c.m.v.c.i.C3P0PooledConnectionPool - Successfully destroyed PooledConnection: com.mchange.v2.c3p0.impl.NewPooledConnection@223535b8
19:53:16.713 [Resource Destroyer in BasicResourcePool.close()] DEBUG c.m.v.resourcepool.BasicResourcePool - Successfully destroyed resource: com.mchange.v2.c3p0.impl.NewPooledConnection@223535b8


================================================================================
 TEST SUCCEEDED                                                                 
--------------------------------------------------------------------------------
    Test class:  RollbackToWALTest
    Test method: crashingIncTxTest_BeforeCacheUpdate_WithThreadKill[Using jdbc]
    End time:    2017/08/28 19:53:16 (Duration: 26ms)
================================================================================





================================================================================
 TEST START                                                                     
--------------------------------------------------------------------------------
    Test class:  RollbackToWALTest
    Test method: crashingTxTest_BeforeSecondaryIndexUpdate_WithException[Using jdbc]
    Start time:  2017/08/28 19:53:16
================================================================================



19:53:16.713 [Test worker] DEBUG c.m.v.c.m.DynamicPooledDataSourceManagerMBean - MBean: com.mchange.v2.c3p0:type=PooledDataSource,identityToken=1hgeqrl9qbn6pz6yfah30|720ce5f5,name=1hgeqrl9qbn6pz6yfah30|720ce5f5 registered.
19:53:16.729 [Test worker] DEBUG c.m.v.c.m.DynamicPooledDataSourceManagerMBean - MBean: com.mchange.v2.c3p0:type=PooledDataSource,identityToken=1hgeqrl9qbn6pz6yfah30|720ce5f5,name=1hgeqrl9qbn6pz6yfah30|720ce5f5 unregistered, in order to be reregistered after update.
19:53:16.729 [Test worker] DEBUG c.m.v.c.m.DynamicPooledDataSourceManagerMBean - MBean: com.mchange.v2.c3p0:type=PooledDataSource,identityToken=1hgeqrl9qbn6pz6yfah30|720ce5f5,name=1hgeqrl9qbn6pz6yfah30|720ce5f5 registered.
19:53:16.729 [Test worker] INFO  c.m.v.c.i.AbstractPoolBackedDataSource - Initializing c3p0 pool... com.mchange.v2.c3p0.PoolBackedDataSource@b1684d57 [ connectionPoolDataSource -> com.mchange.v2.c3p0.WrapperConnectionPoolDataSource@ad07cb4c [ acquireIncrement -> 3, acquireRetryAttempts -> 30, acquireRetryDelay -> 1000, autoCommitOnClose -> false, automaticTestTable -> null, breakAfterAcquireFailure -> false, checkoutTimeout -> 0, connectionCustomizerClassName -> null, connectionTesterClassName -> com.mchange.v2.c3p0.impl.DefaultConnectionTester, contextClassLoaderSource -> caller, debugUnreturnedConnectionStackTraces -> false, factoryClassLocation -> null, forceIgnoreUnresolvedTransactions -> false, forceSynchronousCheckins -> false, identityToken -> 1hgeqrl9qbn6pz6yfah30|1cad67ce, idleConnectionTestPeriod -> 0, initialPoolSize -> 3, maxAdministrativeTaskTime -> 0, maxConnectionAge -> 0, maxIdleTime -> 0, maxIdleTimeExcessConnections -> 0, maxPoolSize -> 15, maxStatements -> 0, maxStatementsPerConnection -> 0, minPoolSize -> 3, nestedDataSource -> com.mchange.v2.c3p0.DriverManagerDataSource@6680ca3e [ description -> null, driverClass -> null, factoryClassLocation -> null, forceUseNamedDriverClass -> false, identityToken -> 1hgeqrl9qbn6pz6yfah30|9ce8339, jdbcUrl -> jdbc:h2:mem:a397ba918e314e1fa55c1b7abfdc9417, properties -> {} ], preferredTestQuery -> null, privilegeSpawnedThreads -> false, propertyCycle -> 0, statementCacheNumDeferredCloseThreads -> 0, testConnectionOnCheckin -> false, testConnectionOnCheckout -> false, unreturnedConnectionTimeout -> 0, usesTraditionalReflectiveProxies -> false; userOverrides: {} ], dataSourceName -> null, extensions -> {}, factoryClassLocation -> null, identityToken -> 1hgeqrl9qbn6pz6yfah30|720ce5f5, numHelperThreads -> 3 ]
19:53:16.729 [Test worker] DEBUG c.m.v.resourcepool.BasicResourcePool - com.mchange.v2.resourcepool.BasicResourcePool@6d5d0ea5 config: [start -> 3; min -> 3; max -> 15; inc -> 3; num_acq_attempts -> 30; acq_attempt_delay -> 1000; check_idle_resources_delay -> 0; max_resource_age -> 0; max_idle_time -> 0; excess_max_idle_time -> 0; destroy_unreturned_resc_time -> 0; expiration_enforcement_delay -> 0; break_on_acquisition_failure -> false; debug_store_checkout_exceptions -> false; force_synchronous_checkins -> false]
19:53:16.729 [Test worker] DEBUG c.m.v.c.i.C3P0PooledConnectionPoolManager - Created new pool for auth, username (masked): 'null'.
19:53:16.729 [Test worker] DEBUG c.m.v.resourcepool.BasicResourcePool - acquire test -- pool size: 0; target_pool_size: 3; desired target? 1
19:53:16.729 [Test worker] DEBUG c.m.v.resourcepool.BasicResourcePool - awaitAvailable(): [unknown]
19:53:16.739 [Test worker] DEBUG c.m.v.c.m.ActiveManagementCoordinator - MBean: com.mchange.v2.c3p0:type=PooledDataSource,identityToken=1hgeqrl9qbn6pz6yfah30|720ce5f5,name=1hgeqrl9qbn6pz6yfah30|720ce5f5 unregistered.
19:53:16.739 [Test worker] DEBUG c.m.v.c.m.ActiveManagementCoordinator - C3P0Registry mbean unregistered.
19:53:16.739 [Resource Destroyer in BasicResourcePool.close()] DEBUG c.m.v.resourcepool.BasicResourcePool - Preparing to destroy resource: com.mchange.v2.c3p0.impl.NewPooledConnection@1daf8887
19:53:16.739 [Resource Destroyer in BasicResourcePool.close()] DEBUG c.m.v.c.i.C3P0PooledConnectionPool - Preparing to destroy PooledConnection: com.mchange.v2.c3p0.impl.NewPooledConnection@1daf8887
19:53:16.739 [Resource Destroyer in BasicResourcePool.close()] DEBUG c.m.v.c.i.C3P0PooledConnectionPool - Successfully destroyed PooledConnection: com.mchange.v2.c3p0.impl.NewPooledConnection@1daf8887
19:53:16.739 [Resource Destroyer in BasicResourcePool.close()] DEBUG c.m.v.resourcepool.BasicResourcePool - Successfully destroyed resource: com.mchange.v2.c3p0.impl.NewPooledConnection@1daf8887
19:53:16.739 [Resource Destroyer in BasicResourcePool.close()] DEBUG c.m.v.resourcepool.BasicResourcePool - Preparing to destroy resource: com.mchange.v2.c3p0.impl.NewPooledConnection@75cb672a
19:53:16.739 [Resource Destroyer in BasicResourcePool.close()] DEBUG c.m.v.c.i.C3P0PooledConnectionPool - Preparing to destroy PooledConnection: com.mchange.v2.c3p0.impl.NewPooledConnection@75cb672a
19:53:16.739 [Resource Destroyer in BasicResourcePool.close()] DEBUG c.m.v.c.i.C3P0PooledConnectionPool - Successfully destroyed PooledConnection: com.mchange.v2.c3p0.impl.NewPooledConnection@75cb672a
19:53:16.739 [Resource Destroyer in BasicResourcePool.close()] DEBUG c.m.v.resourcepool.BasicResourcePool - Successfully destroyed resource: com.mchange.v2.c3p0.impl.NewPooledConnection@75cb672a
19:53:16.739 [Resource Destroyer in BasicResourcePool.close()] DEBUG c.m.v.resourcepool.BasicResourcePool - Preparing to destroy resource: com.mchange.v2.c3p0.impl.NewPooledConnection@7836cddb
19:53:16.739 [Resource Destroyer in BasicResourcePool.close()] DEBUG c.m.v.c.i.C3P0PooledConnectionPool - Preparing to destroy PooledConnection: com.mchange.v2.c3p0.impl.NewPooledConnection@7836cddb
19:53:16.739 [Resource Destroyer in BasicResourcePool.close()] DEBUG c.m.v.c.i.C3P0PooledConnectionPool - Successfully destroyed PooledConnection: com.mchange.v2.c3p0.impl.NewPooledConnection@7836cddb
19:53:16.739 [Resource Destroyer in BasicResourcePool.close()] DEBUG c.m.v.resourcepool.BasicResourcePool - Successfully destroyed resource: com.mchange.v2.c3p0.impl.NewPooledConnection@7836cddb


================================================================================
 TEST SUCCEEDED                                                                 
--------------------------------------------------------------------------------
    Test class:  RollbackToWALTest
    Test method: crashingTxTest_BeforeSecondaryIndexUpdate_WithException[Using jdbc]
    End time:    2017/08/28 19:53:16 (Duration: 26ms)
================================================================================





================================================================================
 TEST START                                                                     
--------------------------------------------------------------------------------
    Test class:  RollbackToWALTest
    Test method: crashingTxTest_BeforePrimaryIndexUpdate_WithThreadKill[Using jdbc]
    Start time:  2017/08/28 19:53:16
================================================================================



19:53:16.739 [Test worker] DEBUG c.m.v.c.m.DynamicPooledDataSourceManagerMBean - MBean: com.mchange.v2.c3p0:type=PooledDataSource,identityToken=1hgeqrl9qbn6pz6yfah30|3689f24c,name=1hgeqrl9qbn6pz6yfah30|3689f24c registered.
19:53:16.739 [Test worker] DEBUG c.m.v.c.m.DynamicPooledDataSourceManagerMBean - MBean: com.mchange.v2.c3p0:type=PooledDataSource,identityToken=1hgeqrl9qbn6pz6yfah30|3689f24c,name=1hgeqrl9qbn6pz6yfah30|3689f24c unregistered, in order to be reregistered after update.
19:53:16.739 [Test worker] DEBUG c.m.v.c.m.DynamicPooledDataSourceManagerMBean - MBean: com.mchange.v2.c3p0:type=PooledDataSource,identityToken=1hgeqrl9qbn6pz6yfah30|3689f24c,name=1hgeqrl9qbn6pz6yfah30|3689f24c registered.
19:53:16.754 [Test worker] INFO  c.m.v.c.i.AbstractPoolBackedDataSource - Initializing c3p0 pool... com.mchange.v2.c3p0.PoolBackedDataSource@71fcc6c5 [ connectionPoolDataSource -> com.mchange.v2.c3p0.WrapperConnectionPoolDataSource@3e358c98 [ acquireIncrement -> 3, acquireRetryAttempts -> 30, acquireRetryDelay -> 1000, autoCommitOnClose -> false, automaticTestTable -> null, breakAfterAcquireFailure -> false, checkoutTimeout -> 0, connectionCustomizerClassName -> null, connectionTesterClassName -> com.mchange.v2.c3p0.impl.DefaultConnectionTester, contextClassLoaderSource -> caller, debugUnreturnedConnectionStackTraces -> false, factoryClassLocation -> null, forceIgnoreUnresolvedTransactions -> false, forceSynchronousCheckins -> false, identityToken -> 1hgeqrl9qbn6pz6yfah30|5b8b5bf, idleConnectionTestPeriod -> 0, initialPoolSize -> 3, maxAdministrativeTaskTime -> 0, maxConnectionAge -> 0, maxIdleTime -> 0, maxIdleTimeExcessConnections -> 0, maxPoolSize -> 15, maxStatements -> 0, maxStatementsPerConnection -> 0, minPoolSize -> 3, nestedDataSource -> com.mchange.v2.c3p0.DriverManagerDataSource@c911e5ca [ description -> null, driverClass -> null, factoryClassLocation -> null, forceUseNamedDriverClass -> false, identityToken -> 1hgeqrl9qbn6pz6yfah30|4c0c0e69, jdbcUrl -> jdbc:h2:mem:9380a2a234cb48d2a38d342ce6fcf82e, properties -> {} ], preferredTestQuery -> null, privilegeSpawnedThreads -> false, propertyCycle -> 0, statementCacheNumDeferredCloseThreads -> 0, testConnectionOnCheckin -> false, testConnectionOnCheckout -> false, unreturnedConnectionTimeout -> 0, usesTraditionalReflectiveProxies -> false; userOverrides: {} ], dataSourceName -> null, extensions -> {}, factoryClassLocation -> null, identityToken -> 1hgeqrl9qbn6pz6yfah30|3689f24c, numHelperThreads -> 3 ]
19:53:16.754 [Test worker] DEBUG c.m.v.resourcepool.BasicResourcePool - com.mchange.v2.resourcepool.BasicResourcePool@341a53ce config: [start -> 3; min -> 3; max -> 15; inc -> 3; num_acq_attempts -> 30; acq_attempt_delay -> 1000; check_idle_resources_delay -> 0; max_resource_age -> 0; max_idle_time -> 0; excess_max_idle_time -> 0; destroy_unreturned_resc_time -> 0; expiration_enforcement_delay -> 0; break_on_acquisition_failure -> false; debug_store_checkout_exceptions -> false; force_synchronous_checkins -> false]
19:53:16.754 [Test worker] DEBUG c.m.v.c.i.C3P0PooledConnectionPoolManager - Created new pool for auth, username (masked): 'null'.
19:53:16.754 [Test worker] DEBUG c.m.v.resourcepool.BasicResourcePool - acquire test -- pool size: 0; target_pool_size: 3; desired target? 1
19:53:16.754 [Test worker] DEBUG c.m.v.resourcepool.BasicResourcePool - awaitAvailable(): [unknown]
19:53:16.768 [Test worker] DEBUG c.m.v.c.m.ActiveManagementCoordinator - MBean: com.mchange.v2.c3p0:type=PooledDataSource,identityToken=1hgeqrl9qbn6pz6yfah30|3689f24c,name=1hgeqrl9qbn6pz6yfah30|3689f24c unregistered.
19:53:16.768 [Test worker] DEBUG c.m.v.c.m.ActiveManagementCoordinator - C3P0Registry mbean unregistered.
19:53:16.768 [Resource Destroyer in BasicResourcePool.close()] DEBUG c.m.v.resourcepool.BasicResourcePool - Preparing to destroy resource: com.mchange.v2.c3p0.impl.NewPooledConnection@73742e2c
19:53:16.768 [Resource Destroyer in BasicResourcePool.close()] DEBUG c.m.v.c.i.C3P0PooledConnectionPool - Preparing to destroy PooledConnection: com.mchange.v2.c3p0.impl.NewPooledConnection@73742e2c
19:53:16.768 [Resource Destroyer in BasicResourcePool.close()] DEBUG c.m.v.c.i.C3P0PooledConnectionPool - Successfully destroyed PooledConnection: com.mchange.v2.c3p0.impl.NewPooledConnection@73742e2c
19:53:16.768 [Resource Destroyer in BasicResourcePool.close()] DEBUG c.m.v.resourcepool.BasicResourcePool - Successfully destroyed resource: com.mchange.v2.c3p0.impl.NewPooledConnection@73742e2c
19:53:16.768 [Resource Destroyer in BasicResourcePool.close()] DEBUG c.m.v.resourcepool.BasicResourcePool - Preparing to destroy resource: com.mchange.v2.c3p0.impl.NewPooledConnection@6581e9fc
19:53:16.768 [Resource Destroyer in BasicResourcePool.close()] DEBUG c.m.v.c.i.C3P0PooledConnectionPool - Preparing to destroy PooledConnection: com.mchange.v2.c3p0.impl.NewPooledConnection@6581e9fc
19:53:16.768 [Resource Destroyer in BasicResourcePool.close()] DEBUG c.m.v.c.i.C3P0PooledConnectionPool - Successfully destroyed PooledConnection: com.mchange.v2.c3p0.impl.NewPooledConnection@6581e9fc
19:53:16.768 [Resource Destroyer in BasicResourcePool.close()] DEBUG c.m.v.resourcepool.BasicResourcePool - Successfully destroyed resource: com.mchange.v2.c3p0.impl.NewPooledConnection@6581e9fc
19:53:16.768 [Resource Destroyer in BasicResourcePool.close()] DEBUG c.m.v.resourcepool.BasicResourcePool - Preparing to destroy resource: com.mchange.v2.c3p0.impl.NewPooledConnection@79120ebd
19:53:16.768 [Resource Destroyer in BasicResourcePool.close()] DEBUG c.m.v.c.i.C3P0PooledConnectionPool - Preparing to destroy PooledConnection: com.mchange.v2.c3p0.impl.NewPooledConnection@79120ebd
19:53:16.768 [Resource Destroyer in BasicResourcePool.close()] DEBUG c.m.v.c.i.C3P0PooledConnectionPool - Successfully destroyed PooledConnection: com.mchange.v2.c3p0.impl.NewPooledConnection@79120ebd
19:53:16.768 [Resource Destroyer in BasicResourcePool.close()] DEBUG c.m.v.resourcepool.BasicResourcePool - Successfully destroyed resource: com.mchange.v2.c3p0.impl.NewPooledConnection@79120ebd


================================================================================
 TEST SUCCEEDED                                                                 
--------------------------------------------------------------------------------
    Test class:  RollbackToWALTest
    Test method: crashingTxTest_BeforePrimaryIndexUpdate_WithThreadKill[Using jdbc]
    End time:    2017/08/28 19:53:16 (Duration: 29ms)
================================================================================





================================================================================
 TEST START                                                                     
--------------------------------------------------------------------------------
    Test class:  RollbackToWALTest
    Test method: crashingTxTest_BeforeNowTimestampUpdate_WithException[Using jdbc]
    Start time:  2017/08/28 19:53:16
================================================================================



19:53:16.772 [Test worker] DEBUG c.m.v.c.m.DynamicPooledDataSourceManagerMBean - MBean: com.mchange.v2.c3p0:type=PooledDataSource,identityToken=1hgeqrl9qbn6pz6yfah30|5477d4d5,name=1hgeqrl9qbn6pz6yfah30|5477d4d5 registered.
19:53:16.779 [Test worker] DEBUG c.m.v.c.m.DynamicPooledDataSourceManagerMBean - MBean: com.mchange.v2.c3p0:type=PooledDataSource,identityToken=1hgeqrl9qbn6pz6yfah30|5477d4d5,name=1hgeqrl9qbn6pz6yfah30|5477d4d5 unregistered, in order to be reregistered after update.
19:53:16.779 [Test worker] DEBUG c.m.v.c.m.DynamicPooledDataSourceManagerMBean - MBean: com.mchange.v2.c3p0:type=PooledDataSource,identityToken=1hgeqrl9qbn6pz6yfah30|5477d4d5,name=1hgeqrl9qbn6pz6yfah30|5477d4d5 registered.
19:53:16.779 [Test worker] INFO  c.m.v.c.i.AbstractPoolBackedDataSource - Initializing c3p0 pool... com.mchange.v2.c3p0.PoolBackedDataSource@dd8c6c4 [ connectionPoolDataSource -> com.mchange.v2.c3p0.WrapperConnectionPoolDataSource@3edb62c3 [ acquireIncrement -> 3, acquireRetryAttempts -> 30, acquireRetryDelay -> 1000, autoCommitOnClose -> false, automaticTestTable -> null, breakAfterAcquireFailure -> false, checkoutTimeout -> 0, connectionCustomizerClassName -> null, connectionTesterClassName -> com.mchange.v2.c3p0.impl.DefaultConnectionTester, contextClassLoaderSource -> caller, debugUnreturnedConnectionStackTraces -> false, factoryClassLocation -> null, forceIgnoreUnresolvedTransactions -> false, forceSynchronousCheckins -> false, identityToken -> 1hgeqrl9qbn6pz6yfah30|2964f2f6, idleConnectionTestPeriod -> 0, initialPoolSize -> 3, maxAdministrativeTaskTime -> 0, maxConnectionAge -> 0, maxIdleTime -> 0, maxIdleTimeExcessConnections -> 0, maxPoolSize -> 15, maxStatements -> 0, maxStatementsPerConnection -> 0, minPoolSize -> 3, nestedDataSource -> com.mchange.v2.c3p0.DriverManagerDataSource@6254a4bc [ description -> null, driverClass -> null, factoryClassLocation -> null, forceUseNamedDriverClass -> false, identityToken -> 1hgeqrl9qbn6pz6yfah30|2d1a37bd, jdbcUrl -> jdbc:h2:mem:247d909e606d48bc996ea313336b7e08, properties -> {} ], preferredTestQuery -> null, privilegeSpawnedThreads -> false, propertyCycle -> 0, statementCacheNumDeferredCloseThreads -> 0, testConnectionOnCheckin -> false, testConnectionOnCheckout -> false, unreturnedConnectionTimeout -> 0, usesTraditionalReflectiveProxies -> false; userOverrides: {} ], dataSourceName -> null, extensions -> {}, factoryClassLocation -> null, identityToken -> 1hgeqrl9qbn6pz6yfah30|5477d4d5, numHelperThreads -> 3 ]
19:53:16.779 [Test worker] DEBUG c.m.v.resourcepool.BasicResourcePool - com.mchange.v2.resourcepool.BasicResourcePool@3a8ca842 config: [start -> 3; min -> 3; max -> 15; inc -> 3; num_acq_attempts -> 30; acq_attempt_delay -> 1000; check_idle_resources_delay -> 0; max_resource_age -> 0; max_idle_time -> 0; excess_max_idle_time -> 0; destroy_unreturned_resc_time -> 0; expiration_enforcement_delay -> 0; break_on_acquisition_failure -> false; debug_store_checkout_exceptions -> false; force_synchronous_checkins -> false]
19:53:16.779 [Test worker] DEBUG c.m.v.c.i.C3P0PooledConnectionPoolManager - Created new pool for auth, username (masked): 'null'.
19:53:16.779 [Test worker] DEBUG c.m.v.resourcepool.BasicResourcePool - acquire test -- pool size: 0; target_pool_size: 3; desired target? 1
19:53:16.779 [Test worker] DEBUG c.m.v.resourcepool.BasicResourcePool - awaitAvailable(): [unknown]
19:53:16.792 [Test worker] DEBUG c.m.v.c.m.ActiveManagementCoordinator - MBean: com.mchange.v2.c3p0:type=PooledDataSource,identityToken=1hgeqrl9qbn6pz6yfah30|5477d4d5,name=1hgeqrl9qbn6pz6yfah30|5477d4d5 unregistered.
19:53:16.792 [Test worker] DEBUG c.m.v.c.m.ActiveManagementCoordinator - C3P0Registry mbean unregistered.
19:53:16.792 [Resource Destroyer in BasicResourcePool.close()] DEBUG c.m.v.resourcepool.BasicResourcePool - Preparing to destroy resource: com.mchange.v2.c3p0.impl.NewPooledConnection@324b78f2
19:53:16.792 [Resource Destroyer in BasicResourcePool.close()] DEBUG c.m.v.c.i.C3P0PooledConnectionPool - Preparing to destroy PooledConnection: com.mchange.v2.c3p0.impl.NewPooledConnection@324b78f2
19:53:16.792 [Resource Destroyer in BasicResourcePool.close()] DEBUG c.m.v.c.i.C3P0PooledConnectionPool - Successfully destroyed PooledConnection: com.mchange.v2.c3p0.impl.NewPooledConnection@324b78f2
19:53:16.792 [Resource Destroyer in BasicResourcePool.close()] DEBUG c.m.v.resourcepool.BasicResourcePool - Successfully destroyed resource: com.mchange.v2.c3p0.impl.NewPooledConnection@324b78f2
19:53:16.792 [Resource Destroyer in BasicResourcePool.close()] DEBUG c.m.v.resourcepool.BasicResourcePool - Preparing to destroy resource: com.mchange.v2.c3p0.impl.NewPooledConnection@423231b9
19:53:16.792 [Resource Destroyer in BasicResourcePool.close()] DEBUG c.m.v.c.i.C3P0PooledConnectionPool - Preparing to destroy PooledConnection: com.mchange.v2.c3p0.impl.NewPooledConnection@423231b9
19:53:16.792 [Resource Destroyer in BasicResourcePool.close()] DEBUG c.m.v.c.i.C3P0PooledConnectionPool - Successfully destroyed PooledConnection: com.mchange.v2.c3p0.impl.NewPooledConnection@423231b9
19:53:16.792 [Resource Destroyer in BasicResourcePool.close()] DEBUG c.m.v.resourcepool.BasicResourcePool - Successfully destroyed resource: com.mchange.v2.c3p0.impl.NewPooledConnection@423231b9
19:53:16.792 [Resource Destroyer in BasicResourcePool.close()] DEBUG c.m.v.resourcepool.BasicResourcePool - Preparing to destroy resource: com.mchange.v2.c3p0.impl.NewPooledConnection@3aa98105
19:53:16.792 [Resource Destroyer in BasicResourcePool.close()] DEBUG c.m.v.c.i.C3P0PooledConnectionPool - Preparing to destroy PooledConnection: com.mchange.v2.c3p0.impl.NewPooledConnection@3aa98105
19:53:16.792 [Resource Destroyer in BasicResourcePool.close()] DEBUG c.m.v.c.i.C3P0PooledConnectionPool - Successfully destroyed PooledConnection: com.mchange.v2.c3p0.impl.NewPooledConnection@3aa98105
19:53:16.792 [Resource Destroyer in BasicResourcePool.close()] DEBUG c.m.v.resourcepool.BasicResourcePool - Successfully destroyed resource: com.mchange.v2.c3p0.impl.NewPooledConnection@3aa98105


================================================================================
 TEST SUCCEEDED                                                                 
--------------------------------------------------------------------------------
    Test class:  RollbackToWALTest
    Test method: crashingTxTest_BeforeNowTimestampUpdate_WithException[Using jdbc]
    End time:    2017/08/28 19:53:16 (Duration: 25ms)
================================================================================





================================================================================
 TEST START                                                                     
--------------------------------------------------------------------------------
    Test class:  RollbackToWALTest
    Test method: crashingIncTxTest_BeforeNowTimestampUpdate_WithException[Using jdbc]
    Start time:  2017/08/28 19:53:16
================================================================================



19:53:16.797 [Test worker] DEBUG c.m.v.c.m.DynamicPooledDataSourceManagerMBean - MBean: com.mchange.v2.c3p0:type=PooledDataSource,identityToken=1hgeqrl9qbn6pz6yfah30|73ad93ec,name=1hgeqrl9qbn6pz6yfah30|73ad93ec registered.
19:53:16.804 [Test worker] DEBUG c.m.v.c.m.DynamicPooledDataSourceManagerMBean - MBean: com.mchange.v2.c3p0:type=PooledDataSource,identityToken=1hgeqrl9qbn6pz6yfah30|73ad93ec,name=1hgeqrl9qbn6pz6yfah30|73ad93ec unregistered, in order to be reregistered after update.
19:53:16.804 [Test worker] DEBUG c.m.v.c.m.DynamicPooledDataSourceManagerMBean - MBean: com.mchange.v2.c3p0:type=PooledDataSource,identityToken=1hgeqrl9qbn6pz6yfah30|73ad93ec,name=1hgeqrl9qbn6pz6yfah30|73ad93ec registered.
19:53:16.804 [Test worker] INFO  c.m.v.c.i.AbstractPoolBackedDataSource - Initializing c3p0 pool... com.mchange.v2.c3p0.PoolBackedDataSource@28ea8bed [ connectionPoolDataSource -> com.mchange.v2.c3p0.WrapperConnectionPoolDataSource@708a10bc [ acquireIncrement -> 3, acquireRetryAttempts -> 30, acquireRetryDelay -> 1000, autoCommitOnClose -> false, automaticTestTable -> null, breakAfterAcquireFailure -> false, checkoutTimeout -> 0, connectionCustomizerClassName -> null, connectionTesterClassName -> com.mchange.v2.c3p0.impl.DefaultConnectionTester, contextClassLoaderSource -> caller, debugUnreturnedConnectionStackTraces -> false, factoryClassLocation -> null, forceIgnoreUnresolvedTransactions -> false, forceSynchronousCheckins -> false, identityToken -> 1hgeqrl9qbn6pz6yfah30|5aec5e4b, idleConnectionTestPeriod -> 0, initialPoolSize -> 3, maxAdministrativeTaskTime -> 0, maxConnectionAge -> 0, maxIdleTime -> 0, maxIdleTimeExcessConnections -> 0, maxPoolSize -> 15, maxStatements -> 0, maxStatementsPerConnection -> 0, minPoolSize -> 3, nestedDataSource -> com.mchange.v2.c3p0.DriverManagerDataSource@4033ac8f [ description -> null, driverClass -> null, factoryClassLocation -> null, forceUseNamedDriverClass -> false, identityToken -> 1hgeqrl9qbn6pz6yfah30|456c1844, jdbcUrl -> jdbc:h2:mem:9c3d5516be964887a982543b2d76ece1, properties -> {} ], preferredTestQuery -> null, privilegeSpawnedThreads -> false, propertyCycle -> 0, statementCacheNumDeferredCloseThreads -> 0, testConnectionOnCheckin -> false, testConnectionOnCheckout -> false, unreturnedConnectionTimeout -> 0, usesTraditionalReflectiveProxies -> false; userOverrides: {} ], dataSourceName -> null, extensions -> {}, factoryClassLocation -> null, identityToken -> 1hgeqrl9qbn6pz6yfah30|73ad93ec, numHelperThreads -> 3 ]
19:53:16.805 [Test worker] DEBUG c.m.v.resourcepool.BasicResourcePool - com.mchange.v2.resourcepool.BasicResourcePool@2ec107bf config: [start -> 3; min -> 3; max -> 15; inc -> 3; num_acq_attempts -> 30; acq_attempt_delay -> 1000; check_idle_resources_delay -> 0; max_resource_age -> 0; max_idle_time -> 0; excess_max_idle_time -> 0; destroy_unreturned_resc_time -> 0; expiration_enforcement_delay -> 0; break_on_acquisition_failure -> false; debug_store_checkout_exceptions -> false; force_synchronous_checkins -> false]
19:53:16.805 [Test worker] DEBUG c.m.v.c.i.C3P0PooledConnectionPoolManager - Created new pool for auth, username (masked): 'null'.
19:53:16.805 [Test worker] DEBUG c.m.v.resourcepool.BasicResourcePool - acquire test -- pool size: 0; target_pool_size: 3; desired target? 1
19:53:16.805 [Test worker] DEBUG c.m.v.resourcepool.BasicResourcePool - awaitAvailable(): [unknown]
19:53:16.817 [Test worker] DEBUG c.m.v.c.m.ActiveManagementCoordinator - MBean: com.mchange.v2.c3p0:type=PooledDataSource,identityToken=1hgeqrl9qbn6pz6yfah30|73ad93ec,name=1hgeqrl9qbn6pz6yfah30|73ad93ec unregistered.
19:53:16.817 [Test worker] DEBUG c.m.v.c.m.ActiveManagementCoordinator - C3P0Registry mbean unregistered.
19:53:16.818 [Resource Destroyer in BasicResourcePool.close()] DEBUG c.m.v.resourcepool.BasicResourcePool - Preparing to destroy resource: com.mchange.v2.c3p0.impl.NewPooledConnection@31cdfc6d
19:53:16.818 [Resource Destroyer in BasicResourcePool.close()] DEBUG c.m.v.c.i.C3P0PooledConnectionPool - Preparing to destroy PooledConnection: com.mchange.v2.c3p0.impl.NewPooledConnection@31cdfc6d
19:53:16.818 [Resource Destroyer in BasicResourcePool.close()] DEBUG c.m.v.c.i.C3P0PooledConnectionPool - Successfully destroyed PooledConnection: com.mchange.v2.c3p0.impl.NewPooledConnection@31cdfc6d
19:53:16.818 [Resource Destroyer in BasicResourcePool.close()] DEBUG c.m.v.resourcepool.BasicResourcePool - Successfully destroyed resource: com.mchange.v2.c3p0.impl.NewPooledConnection@31cdfc6d
19:53:16.818 [Resource Destroyer in BasicResourcePool.close()] DEBUG c.m.v.resourcepool.BasicResourcePool - Preparing to destroy resource: com.mchange.v2.c3p0.impl.NewPooledConnection@125b163
19:53:16.818 [Resource Destroyer in BasicResourcePool.close()] DEBUG c.m.v.c.i.C3P0PooledConnectionPool - Preparing to destroy PooledConnection: com.mchange.v2.c3p0.impl.NewPooledConnection@125b163
19:53:16.818 [Resource Destroyer in BasicResourcePool.close()] DEBUG c.m.v.c.i.C3P0PooledConnectionPool - Successfully destroyed PooledConnection: com.mchange.v2.c3p0.impl.NewPooledConnection@125b163
19:53:16.818 [Resource Destroyer in BasicResourcePool.close()] DEBUG c.m.v.resourcepool.BasicResourcePool - Successfully destroyed resource: com.mchange.v2.c3p0.impl.NewPooledConnection@125b163
19:53:16.818 [Resource Destroyer in BasicResourcePool.close()] DEBUG c.m.v.resourcepool.BasicResourcePool - Preparing to destroy resource: com.mchange.v2.c3p0.impl.NewPooledConnection@1d6669c8
19:53:16.818 [Resource Destroyer in BasicResourcePool.close()] DEBUG c.m.v.c.i.C3P0PooledConnectionPool - Preparing to destroy PooledConnection: com.mchange.v2.c3p0.impl.NewPooledConnection@1d6669c8
19:53:16.818 [Resource Destroyer in BasicResourcePool.close()] DEBUG c.m.v.c.i.C3P0PooledConnectionPool - Successfully destroyed PooledConnection: com.mchange.v2.c3p0.impl.NewPooledConnection@1d6669c8
19:53:16.818 [Resource Destroyer in BasicResourcePool.close()] DEBUG c.m.v.resourcepool.BasicResourcePool - Successfully destroyed resource: com.mchange.v2.c3p0.impl.NewPooledConnection@1d6669c8


================================================================================
 TEST SUCCEEDED                                                                 
--------------------------------------------------------------------------------
    Test class:  RollbackToWALTest
    Test method: crashingIncTxTest_BeforeNowTimestampUpdate_WithException[Using jdbc]
    End time:    2017/08/28 19:53:16 (Duration: 25ms)
================================================================================





================================================================================
 TEST START                                                                     
--------------------------------------------------------------------------------
    Test class:  RollbackToWALTest
    Test method: crashingIncTxTest_BeforeTransactionCommitted_WithThreadKill[Using jdbc]
    Start time:  2017/08/28 19:53:16
================================================================================



19:53:16.822 [Test worker] DEBUG c.m.v.c.m.DynamicPooledDataSourceManagerMBean - MBean: com.mchange.v2.c3p0:type=PooledDataSource,identityToken=1hgeqrl9qbn6pz6yfah30|4d3e766b,name=1hgeqrl9qbn6pz6yfah30|4d3e766b registered.
19:53:16.829 [Test worker] DEBUG c.m.v.c.m.DynamicPooledDataSourceManagerMBean - MBean: com.mchange.v2.c3p0:type=PooledDataSource,identityToken=1hgeqrl9qbn6pz6yfah30|4d3e766b,name=1hgeqrl9qbn6pz6yfah30|4d3e766b unregistered, in order to be reregistered after update.
19:53:16.829 [Test worker] DEBUG c.m.v.c.m.DynamicPooledDataSourceManagerMBean - MBean: com.mchange.v2.c3p0:type=PooledDataSource,identityToken=1hgeqrl9qbn6pz6yfah30|4d3e766b,name=1hgeqrl9qbn6pz6yfah30|4d3e766b registered.
19:53:16.829 [Test worker] INFO  c.m.v.c.i.AbstractPoolBackedDataSource - Initializing c3p0 pool... com.mchange.v2.c3p0.PoolBackedDataSource@8eee7357 [ connectionPoolDataSource -> com.mchange.v2.c3p0.WrapperConnectionPoolDataSource@862d0b4f [ acquireIncrement -> 3, acquireRetryAttempts -> 30, acquireRetryDelay -> 1000, autoCommitOnClose -> false, automaticTestTable -> null, breakAfterAcquireFailure -> false, checkoutTimeout -> 0, connectionCustomizerClassName -> null, connectionTesterClassName -> com.mchange.v2.c3p0.impl.DefaultConnectionTester, contextClassLoaderSource -> caller, debugUnreturnedConnectionStackTraces -> false, factoryClassLocation -> null, forceIgnoreUnresolvedTransactions -> false, forceSynchronousCheckins -> false, identityToken -> 1hgeqrl9qbn6pz6yfah30|76e0da3a, idleConnectionTestPeriod -> 0, initialPoolSize -> 3, maxAdministrativeTaskTime -> 0, maxConnectionAge -> 0, maxIdleTime -> 0, maxIdleTimeExcessConnections -> 0, maxPoolSize -> 15, maxStatements -> 0, maxStatementsPerConnection -> 0, minPoolSize -> 3, nestedDataSource -> com.mchange.v2.c3p0.DriverManagerDataSource@89e35df6 [ description -> null, driverClass -> null, factoryClassLocation -> null, forceUseNamedDriverClass -> false, identityToken -> 1hgeqrl9qbn6pz6yfah30|da573f6, jdbcUrl -> jdbc:h2:mem:b70eaf26ca7c43bda0380a250b1527ed, properties -> {} ], preferredTestQuery -> null, privilegeSpawnedThreads -> false, propertyCycle -> 0, statementCacheNumDeferredCloseThreads -> 0, testConnectionOnCheckin -> false, testConnectionOnCheckout -> false, unreturnedConnectionTimeout -> 0, usesTraditionalReflectiveProxies -> false; userOverrides: {} ], dataSourceName -> null, extensions -> {}, factoryClassLocation -> null, identityToken -> 1hgeqrl9qbn6pz6yfah30|4d3e766b, numHelperThreads -> 3 ]
19:53:16.829 [Test worker] DEBUG c.m.v.resourcepool.BasicResourcePool - com.mchange.v2.resourcepool.BasicResourcePool@488660c4 config: [start -> 3; min -> 3; max -> 15; inc -> 3; num_acq_attempts -> 30; acq_attempt_delay -> 1000; check_idle_resources_delay -> 0; max_resource_age -> 0; max_idle_time -> 0; excess_max_idle_time -> 0; destroy_unreturned_resc_time -> 0; expiration_enforcement_delay -> 0; break_on_acquisition_failure -> false; debug_store_checkout_exceptions -> false; force_synchronous_checkins -> false]
19:53:16.829 [Test worker] DEBUG c.m.v.c.i.C3P0PooledConnectionPoolManager - Created new pool for auth, username (masked): 'null'.
19:53:16.829 [Test worker] DEBUG c.m.v.resourcepool.BasicResourcePool - acquire test -- pool size: 0; target_pool_size: 3; desired target? 1
19:53:16.829 [Test worker] DEBUG c.m.v.resourcepool.BasicResourcePool - awaitAvailable(): [unknown]
19:53:16.843 [Test worker] DEBUG c.m.v.c.m.ActiveManagementCoordinator - MBean: com.mchange.v2.c3p0:type=PooledDataSource,identityToken=1hgeqrl9qbn6pz6yfah30|4d3e766b,name=1hgeqrl9qbn6pz6yfah30|4d3e766b unregistered.
19:53:16.843 [Test worker] DEBUG c.m.v.c.m.ActiveManagementCoordinator - C3P0Registry mbean unregistered.
19:53:16.843 [Resource Destroyer in BasicResourcePool.close()] DEBUG c.m.v.resourcepool.BasicResourcePool - Preparing to destroy resource: com.mchange.v2.c3p0.impl.NewPooledConnection@5cd1ceb0
19:53:16.843 [Resource Destroyer in BasicResourcePool.close()] DEBUG c.m.v.c.i.C3P0PooledConnectionPool - Preparing to destroy PooledConnection: com.mchange.v2.c3p0.impl.NewPooledConnection@5cd1ceb0
19:53:16.843 [Resource Destroyer in BasicResourcePool.close()] DEBUG c.m.v.c.i.C3P0PooledConnectionPool - Successfully destroyed PooledConnection: com.mchange.v2.c3p0.impl.NewPooledConnection@5cd1ceb0
19:53:16.843 [Resource Destroyer in BasicResourcePool.close()] DEBUG c.m.v.resourcepool.BasicResourcePool - Successfully destroyed resource: com.mchange.v2.c3p0.impl.NewPooledConnection@5cd1ceb0
19:53:16.843 [Resource Destroyer in BasicResourcePool.close()] DEBUG c.m.v.resourcepool.BasicResourcePool - Preparing to destroy resource: com.mchange.v2.c3p0.impl.NewPooledConnection@7a88bf1c
19:53:16.843 [Resource Destroyer in BasicResourcePool.close()] DEBUG c.m.v.c.i.C3P0PooledConnectionPool - Preparing to destroy PooledConnection: com.mchange.v2.c3p0.impl.NewPooledConnection@7a88bf1c
19:53:16.843 [Resource Destroyer in BasicResourcePool.close()] DEBUG c.m.v.c.i.C3P0PooledConnectionPool - Successfully destroyed PooledConnection: com.mchange.v2.c3p0.impl.NewPooledConnection@7a88bf1c
19:53:16.843 [Resource Destroyer in BasicResourcePool.close()] DEBUG c.m.v.resourcepool.BasicResourcePool - Successfully destroyed resource: com.mchange.v2.c3p0.impl.NewPooledConnection@7a88bf1c
19:53:16.843 [Resource Destroyer in BasicResourcePool.close()] DEBUG c.m.v.resourcepool.BasicResourcePool - Preparing to destroy resource: com.mchange.v2.c3p0.impl.NewPooledConnection@428c370a
19:53:16.843 [Resource Destroyer in BasicResourcePool.close()] DEBUG c.m.v.c.i.C3P0PooledConnectionPool - Preparing to destroy PooledConnection: com.mchange.v2.c3p0.impl.NewPooledConnection@428c370a
19:53:16.843 [Resource Destroyer in BasicResourcePool.close()] DEBUG c.m.v.c.i.C3P0PooledConnectionPool - Successfully destroyed PooledConnection: com.mchange.v2.c3p0.impl.NewPooledConnection@428c370a
19:53:16.843 [Resource Destroyer in BasicResourcePool.close()] DEBUG c.m.v.resourcepool.BasicResourcePool - Successfully destroyed resource: com.mchange.v2.c3p0.impl.NewPooledConnection@428c370a


================================================================================
 TEST SUCCEEDED                                                                 
--------------------------------------------------------------------------------
    Test class:  RollbackToWALTest
    Test method: crashingIncTxTest_BeforeTransactionCommitted_WithThreadKill[Using jdbc]
    End time:    2017/08/28 19:53:16 (Duration: 26ms)
================================================================================





================================================================================
 TEST START                                                                     
--------------------------------------------------------------------------------
    Test class:  RollbackToWALTest
    Test method: crashingTxTest_BeforeSecondaryIndexUpdate_WithThreadKill[Using jdbc]
    Start time:  2017/08/28 19:53:16
================================================================================



19:53:16.847 [Test worker] DEBUG c.m.v.c.m.DynamicPooledDataSourceManagerMBean - MBean: com.mchange.v2.c3p0:type=PooledDataSource,identityToken=1hgeqrl9qbn6pz6yfah30|6f4f2f90,name=1hgeqrl9qbn6pz6yfah30|6f4f2f90 registered.
19:53:16.854 [Test worker] DEBUG c.m.v.c.m.DynamicPooledDataSourceManagerMBean - MBean: com.mchange.v2.c3p0:type=PooledDataSource,identityToken=1hgeqrl9qbn6pz6yfah30|6f4f2f90,name=1hgeqrl9qbn6pz6yfah30|6f4f2f90 unregistered, in order to be reregistered after update.
19:53:16.854 [Test worker] DEBUG c.m.v.c.m.DynamicPooledDataSourceManagerMBean - MBean: com.mchange.v2.c3p0:type=PooledDataSource,identityToken=1hgeqrl9qbn6pz6yfah30|6f4f2f90,name=1hgeqrl9qbn6pz6yfah30|6f4f2f90 registered.
19:53:16.855 [Test worker] INFO  c.m.v.c.i.AbstractPoolBackedDataSource - Initializing c3p0 pool... com.mchange.v2.c3p0.PoolBackedDataSource@539e4477 [ connectionPoolDataSource -> com.mchange.v2.c3p0.WrapperConnectionPoolDataSource@f0aa4f10 [ acquireIncrement -> 3, acquireRetryAttempts -> 30, acquireRetryDelay -> 1000, autoCommitOnClose -> false, automaticTestTable -> null, breakAfterAcquireFailure -> false, checkoutTimeout -> 0, connectionCustomizerClassName -> null, connectionTesterClassName -> com.mchange.v2.c3p0.impl.DefaultConnectionTester, contextClassLoaderSource -> caller, debugUnreturnedConnectionStackTraces -> false, factoryClassLocation -> null, forceIgnoreUnresolvedTransactions -> false, forceSynchronousCheckins -> false, identityToken -> 1hgeqrl9qbn6pz6yfah30|74cc4c19, idleConnectionTestPeriod -> 0, initialPoolSize -> 3, maxAdministrativeTaskTime -> 0, maxConnectionAge -> 0, maxIdleTime -> 0, maxIdleTimeExcessConnections -> 0, maxPoolSize -> 15, maxStatements -> 0, maxStatementsPerConnection -> 0, minPoolSize -> 3, nestedDataSource -> com.mchange.v2.c3p0.DriverManagerDataSource@80117839 [ description -> null, driverClass -> null, factoryClassLocation -> null, forceUseNamedDriverClass -> false, identityToken -> 1hgeqrl9qbn6pz6yfah30|3152991a, jdbcUrl -> jdbc:h2:mem:28bba568e6cb4b93bb0f6373250cbecc, properties -> {} ], preferredTestQuery -> null, privilegeSpawnedThreads -> false, propertyCycle -> 0, statementCacheNumDeferredCloseThreads -> 0, testConnectionOnCheckin -> false, testConnectionOnCheckout -> false, unreturnedConnectionTimeout -> 0, usesTraditionalReflectiveProxies -> false; userOverrides: {} ], dataSourceName -> null, extensions -> {}, factoryClassLocation -> null, identityToken -> 1hgeqrl9qbn6pz6yfah30|6f4f2f90, numHelperThreads -> 3 ]
19:53:16.855 [Test worker] DEBUG c.m.v.resourcepool.BasicResourcePool - com.mchange.v2.resourcepool.BasicResourcePool@22aebcdc config: [start -> 3; min -> 3; max -> 15; inc -> 3; num_acq_attempts -> 30; acq_attempt_delay -> 1000; check_idle_resources_delay -> 0; max_resource_age -> 0; max_idle_time -> 0; excess_max_idle_time -> 0; destroy_unreturned_resc_time -> 0; expiration_enforcement_delay -> 0; break_on_acquisition_failure -> false; debug_store_checkout_exceptions -> false; force_synchronous_checkins -> false]
19:53:16.855 [Test worker] DEBUG c.m.v.c.i.C3P0PooledConnectionPoolManager - Created new pool for auth, username (masked): 'null'.
19:53:16.855 [Test worker] DEBUG c.m.v.resourcepool.BasicResourcePool - acquire test -- pool size: 0; target_pool_size: 3; desired target? 1
19:53:16.855 [Test worker] DEBUG c.m.v.resourcepool.BasicResourcePool - awaitAvailable(): [unknown]
19:53:16.867 [Test worker] DEBUG c.m.v.c.m.ActiveManagementCoordinator - MBean: com.mchange.v2.c3p0:type=PooledDataSource,identityToken=1hgeqrl9qbn6pz6yfah30|6f4f2f90,name=1hgeqrl9qbn6pz6yfah30|6f4f2f90 unregistered.
19:53:16.867 [Test worker] DEBUG c.m.v.c.m.ActiveManagementCoordinator - C3P0Registry mbean unregistered.
19:53:16.867 [Resource Destroyer in BasicResourcePool.close()] DEBUG c.m.v.resourcepool.BasicResourcePool - Preparing to destroy resource: com.mchange.v2.c3p0.impl.NewPooledConnection@55c90b79
19:53:16.867 [Resource Destroyer in BasicResourcePool.close()] DEBUG c.m.v.c.i.C3P0PooledConnectionPool - Preparing to destroy PooledConnection: com.mchange.v2.c3p0.impl.NewPooledConnection@55c90b79
19:53:16.867 [Resource Destroyer in BasicResourcePool.close()] DEBUG c.m.v.c.i.C3P0PooledConnectionPool - Successfully destroyed PooledConnection: com.mchange.v2.c3p0.impl.NewPooledConnection@55c90b79
19:53:16.867 [Resource Destroyer in BasicResourcePool.close()] DEBUG c.m.v.resourcepool.BasicResourcePool - Successfully destroyed resource: com.mchange.v2.c3p0.impl.NewPooledConnection@55c90b79
19:53:16.867 [Resource Destroyer in BasicResourcePool.close()] DEBUG c.m.v.resourcepool.BasicResourcePool - Preparing to destroy resource: com.mchange.v2.c3p0.impl.NewPooledConnection@1c6a42e3
19:53:16.867 [Resource Destroyer in BasicResourcePool.close()] DEBUG c.m.v.c.i.C3P0PooledConnectionPool - Preparing to destroy PooledConnection: com.mchange.v2.c3p0.impl.NewPooledConnection@1c6a42e3
19:53:16.867 [Resource Destroyer in BasicResourcePool.close()] DEBUG c.m.v.c.i.C3P0PooledConnectionPool - Successfully destroyed PooledConnection: com.mchange.v2.c3p0.impl.NewPooledConnection@1c6a42e3
19:53:16.867 [Resource Destroyer in BasicResourcePool.close()] DEBUG c.m.v.resourcepool.BasicResourcePool - Successfully destroyed resource: com.mchange.v2.c3p0.impl.NewPooledConnection@1c6a42e3
19:53:16.867 [Resource Destroyer in BasicResourcePool.close()] DEBUG c.m.v.resourcepool.BasicResourcePool - Preparing to destroy resource: com.mchange.v2.c3p0.impl.NewPooledConnection@53fc66c
19:53:16.867 [Resource Destroyer in BasicResourcePool.close()] DEBUG c.m.v.c.i.C3P0PooledConnectionPool - Preparing to destroy PooledConnection: com.mchange.v2.c3p0.impl.NewPooledConnection@53fc66c
19:53:16.867 [Resource Destroyer in BasicResourcePool.close()] DEBUG c.m.v.c.i.C3P0PooledConnectionPool - Successfully destroyed PooledConnection: com.mchange.v2.c3p0.impl.NewPooledConnection@53fc66c
19:53:16.867 [Resource Destroyer in BasicResourcePool.close()] DEBUG c.m.v.resourcepool.BasicResourcePool - Successfully destroyed resource: com.mchange.v2.c3p0.impl.NewPooledConnection@53fc66c


================================================================================
 TEST SUCCEEDED                                                                 
--------------------------------------------------------------------------------
    Test class:  RollbackToWALTest
    Test method: crashingTxTest_BeforeSecondaryIndexUpdate_WithThreadKill[Using jdbc]
    End time:    2017/08/28 19:53:16 (Duration: 24ms)
================================================================================





================================================================================
 TEST START                                                                     
--------------------------------------------------------------------------------
    Test class:  RollbackToWALTest
    Test method: crashingTxTest_BeforeNowTimestampUpdate_WithThreadKill[Using jdbc]
    Start time:  2017/08/28 19:53:16
================================================================================



19:53:16.871 [Test worker] DEBUG c.m.v.c.m.DynamicPooledDataSourceManagerMBean - MBean: com.mchange.v2.c3p0:type=PooledDataSource,identityToken=1hgeqrl9qbn6pz6yfah30|3c31ccd,name=1hgeqrl9qbn6pz6yfah30|3c31ccd registered.
19:53:16.878 [Test worker] DEBUG c.m.v.c.m.DynamicPooledDataSourceManagerMBean - MBean: com.mchange.v2.c3p0:type=PooledDataSource,identityToken=1hgeqrl9qbn6pz6yfah30|3c31ccd,name=1hgeqrl9qbn6pz6yfah30|3c31ccd unregistered, in order to be reregistered after update.
19:53:16.878 [Test worker] DEBUG c.m.v.c.m.DynamicPooledDataSourceManagerMBean - MBean: com.mchange.v2.c3p0:type=PooledDataSource,identityToken=1hgeqrl9qbn6pz6yfah30|3c31ccd,name=1hgeqrl9qbn6pz6yfah30|3c31ccd registered.
19:53:16.879 [Test worker] INFO  c.m.v.c.i.AbstractPoolBackedDataSource - Initializing c3p0 pool... com.mchange.v2.c3p0.PoolBackedDataSource@a6a93964 [ connectionPoolDataSource -> com.mchange.v2.c3p0.WrapperConnectionPoolDataSource@d11153b6 [ acquireIncrement -> 3, acquireRetryAttempts -> 30, acquireRetryDelay -> 1000, autoCommitOnClose -> false, automaticTestTable -> null, breakAfterAcquireFailure -> false, checkoutTimeout -> 0, connectionCustomizerClassName -> null, connectionTesterClassName -> com.mchange.v2.c3p0.impl.DefaultConnectionTester, contextClassLoaderSource -> caller, debugUnreturnedConnectionStackTraces -> false, factoryClassLocation -> null, forceIgnoreUnresolvedTransactions -> false, forceSynchronousCheckins -> false, identityToken -> 1hgeqrl9qbn6pz6yfah30|7d89ee2, idleConnectionTestPeriod -> 0, initialPoolSize -> 3, maxAdministrativeTaskTime -> 0, maxConnectionAge -> 0, maxIdleTime -> 0, maxIdleTimeExcessConnections -> 0, maxPoolSize -> 15, maxStatements -> 0, maxStatementsPerConnection -> 0, minPoolSize -> 3, nestedDataSource -> com.mchange.v2.c3p0.DriverManagerDataSource@cb1c663 [ description -> null, driverClass -> null, factoryClassLocation -> null, forceUseNamedDriverClass -> false, identityToken -> 1hgeqrl9qbn6pz6yfah30|5cc50f7b, jdbcUrl -> jdbc:h2:mem:3aeb1cfeaa044c09abd4922a838b819d, properties -> {} ], preferredTestQuery -> null, privilegeSpawnedThreads -> false, propertyCycle -> 0, statementCacheNumDeferredCloseThreads -> 0, testConnectionOnCheckin -> false, testConnectionOnCheckout -> false, unreturnedConnectionTimeout -> 0, usesTraditionalReflectiveProxies -> false; userOverrides: {} ], dataSourceName -> null, extensions -> {}, factoryClassLocation -> null, identityToken -> 1hgeqrl9qbn6pz6yfah30|3c31ccd, numHelperThreads -> 3 ]
19:53:16.879 [Test worker] DEBUG c.m.v.resourcepool.BasicResourcePool - com.mchange.v2.resourcepool.BasicResourcePool@5767a937 config: [start -> 3; min -> 3; max -> 15; inc -> 3; num_acq_attempts -> 30; acq_attempt_delay -> 1000; check_idle_resources_delay -> 0; max_resource_age -> 0; max_idle_time -> 0; excess_max_idle_time -> 0; destroy_unreturned_resc_time -> 0; expiration_enforcement_delay -> 0; break_on_acquisition_failure -> false; debug_store_checkout_exceptions -> false; force_synchronous_checkins -> false]
19:53:16.879 [Test worker] DEBUG c.m.v.c.i.C3P0PooledConnectionPoolManager - Created new pool for auth, username (masked): 'null'.
19:53:16.879 [Test worker] DEBUG c.m.v.resourcepool.BasicResourcePool - acquire test -- pool size: 0; target_pool_size: 3; desired target? 1
19:53:16.879 [Test worker] DEBUG c.m.v.resourcepool.BasicResourcePool - awaitAvailable(): [unknown]
19:53:16.892 [Test worker] DEBUG c.m.v.c.m.ActiveManagementCoordinator - MBean: com.mchange.v2.c3p0:type=PooledDataSource,identityToken=1hgeqrl9qbn6pz6yfah30|3c31ccd,name=1hgeqrl9qbn6pz6yfah30|3c31ccd unregistered.
19:53:16.892 [Test worker] DEBUG c.m.v.c.m.ActiveManagementCoordinator - C3P0Registry mbean unregistered.
19:53:16.892 [Resource Destroyer in BasicResourcePool.close()] DEBUG c.m.v.resourcepool.BasicResourcePool - Preparing to destroy resource: com.mchange.v2.c3p0.impl.NewPooledConnection@5f300ad3
19:53:16.892 [Resource Destroyer in BasicResourcePool.close()] DEBUG c.m.v.c.i.C3P0PooledConnectionPool - Preparing to destroy PooledConnection: com.mchange.v2.c3p0.impl.NewPooledConnection@5f300ad3
19:53:16.892 [Resource Destroyer in BasicResourcePool.close()] DEBUG c.m.v.c.i.C3P0PooledConnectionPool - Successfully destroyed PooledConnection: com.mchange.v2.c3p0.impl.NewPooledConnection@5f300ad3
19:53:16.892 [Resource Destroyer in BasicResourcePool.close()] DEBUG c.m.v.resourcepool.BasicResourcePool - Successfully destroyed resource: com.mchange.v2.c3p0.impl.NewPooledConnection@5f300ad3
19:53:16.892 [Resource Destroyer in BasicResourcePool.close()] DEBUG c.m.v.resourcepool.BasicResourcePool - Preparing to destroy resource: com.mchange.v2.c3p0.impl.NewPooledConnection@4879c942
19:53:16.892 [Resource Destroyer in BasicResourcePool.close()] DEBUG c.m.v.c.i.C3P0PooledConnectionPool - Preparing to destroy PooledConnection: com.mchange.v2.c3p0.impl.NewPooledConnection@4879c942
19:53:16.892 [Resource Destroyer in BasicResourcePool.close()] DEBUG c.m.v.c.i.C3P0PooledConnectionPool - Successfully destroyed PooledConnection: com.mchange.v2.c3p0.impl.NewPooledConnection@4879c942
19:53:16.892 [Resource Destroyer in BasicResourcePool.close()] DEBUG c.m.v.resourcepool.BasicResourcePool - Successfully destroyed resource: com.mchange.v2.c3p0.impl.NewPooledConnection@4879c942
19:53:16.892 [Resource Destroyer in BasicResourcePool.close()] DEBUG c.m.v.resourcepool.BasicResourcePool - Preparing to destroy resource: com.mchange.v2.c3p0.impl.NewPooledConnection@8c570c0
19:53:16.892 [Resource Destroyer in BasicResourcePool.close()] DEBUG c.m.v.c.i.C3P0PooledConnectionPool - Preparing to destroy PooledConnection: com.mchange.v2.c3p0.impl.NewPooledConnection@8c570c0
19:53:16.892 [Resource Destroyer in BasicResourcePool.close()] DEBUG c.m.v.c.i.C3P0PooledConnectionPool - Successfully destroyed PooledConnection: com.mchange.v2.c3p0.impl.NewPooledConnection@8c570c0
19:53:16.892 [Resource Destroyer in BasicResourcePool.close()] DEBUG c.m.v.resourcepool.BasicResourcePool - Successfully destroyed resource: com.mchange.v2.c3p0.impl.NewPooledConnection@8c570c0


================================================================================
 TEST SUCCEEDED                                                                 
--------------------------------------------------------------------------------
    Test class:  RollbackToWALTest
    Test method: crashingTxTest_BeforeNowTimestampUpdate_WithThreadKill[Using jdbc]
    End time:    2017/08/28 19:53:16 (Duration: 25ms)
================================================================================





================================================================================
 TEST START                                                                     
--------------------------------------------------------------------------------
    Test class:  RollbackToWALTest
    Test method: crashingIncTxTest_BeforeTransactionCommittedUpdate_WithException[Using jdbc]
    Start time:  2017/08/28 19:53:16
================================================================================



19:53:16.896 [Test worker] DEBUG c.m.v.c.m.DynamicPooledDataSourceManagerMBean - MBean: com.mchange.v2.c3p0:type=PooledDataSource,identityToken=1hgeqrl9qbn6pz6yfah30|450d86d7,name=1hgeqrl9qbn6pz6yfah30|450d86d7 registered.
19:53:16.903 [Test worker] DEBUG c.m.v.c.m.DynamicPooledDataSourceManagerMBean - MBean: com.mchange.v2.c3p0:type=PooledDataSource,identityToken=1hgeqrl9qbn6pz6yfah30|450d86d7,name=1hgeqrl9qbn6pz6yfah30|450d86d7 unregistered, in order to be reregistered after update.
19:53:16.903 [Test worker] DEBUG c.m.v.c.m.DynamicPooledDataSourceManagerMBean - MBean: com.mchange.v2.c3p0:type=PooledDataSource,identityToken=1hgeqrl9qbn6pz6yfah30|450d86d7,name=1hgeqrl9qbn6pz6yfah30|450d86d7 registered.
19:53:16.904 [Test worker] INFO  c.m.v.c.i.AbstractPoolBackedDataSource - Initializing c3p0 pool... com.mchange.v2.c3p0.PoolBackedDataSource@4a5f7bde [ connectionPoolDataSource -> com.mchange.v2.c3p0.WrapperConnectionPoolDataSource@bc18a5ef [ acquireIncrement -> 3, acquireRetryAttempts -> 30, acquireRetryDelay -> 1000, autoCommitOnClose -> false, automaticTestTable -> null, breakAfterAcquireFailure -> false, checkoutTimeout -> 0, connectionCustomizerClassName -> null, connectionTesterClassName -> com.mchange.v2.c3p0.impl.DefaultConnectionTester, contextClassLoaderSource -> caller, debugUnreturnedConnectionStackTraces -> false, factoryClassLocation -> null, forceIgnoreUnresolvedTransactions -> false, forceSynchronousCheckins -> false, identityToken -> 1hgeqrl9qbn6pz6yfah30|caf2f3b, idleConnectionTestPeriod -> 0, initialPoolSize -> 3, maxAdministrativeTaskTime -> 0, maxConnectionAge -> 0, maxIdleTime -> 0, maxIdleTimeExcessConnections -> 0, maxPoolSize -> 15, maxStatements -> 0, maxStatementsPerConnection -> 0, minPoolSize -> 3, nestedDataSource -> com.mchange.v2.c3p0.DriverManagerDataSource@a570445d [ description -> null, driverClass -> null, factoryClassLocation -> null, forceUseNamedDriverClass -> false, identityToken -> 1hgeqrl9qbn6pz6yfah30|35960c1f, jdbcUrl -> jdbc:h2:mem:3e8898bb763445208cb079f651c82271, properties -> {} ], preferredTestQuery -> null, privilegeSpawnedThreads -> false, propertyCycle -> 0, statementCacheNumDeferredCloseThreads -> 0, testConnectionOnCheckin -> false, testConnectionOnCheckout -> false, unreturnedConnectionTimeout -> 0, usesTraditionalReflectiveProxies -> false; userOverrides: {} ], dataSourceName -> null, extensions -> {}, factoryClassLocation -> null, identityToken -> 1hgeqrl9qbn6pz6yfah30|450d86d7, numHelperThreads -> 3 ]
19:53:16.904 [Test worker] DEBUG c.m.v.resourcepool.BasicResourcePool - com.mchange.v2.resourcepool.BasicResourcePool@6af59b5e config: [start -> 3; min -> 3; max -> 15; inc -> 3; num_acq_attempts -> 30; acq_attempt_delay -> 1000; check_idle_resources_delay -> 0; max_resource_age -> 0; max_idle_time -> 0; excess_max_idle_time -> 0; destroy_unreturned_resc_time -> 0; expiration_enforcement_delay -> 0; break_on_acquisition_failure -> false; debug_store_checkout_exceptions -> false; force_synchronous_checkins -> false]
19:53:16.904 [Test worker] DEBUG c.m.v.c.i.C3P0PooledConnectionPoolManager - Created new pool for auth, username (masked): 'null'.
19:53:16.904 [Test worker] DEBUG c.m.v.resourcepool.BasicResourcePool - acquire test -- pool size: 0; target_pool_size: 3; desired target? 1
19:53:16.904 [Test worker] DEBUG c.m.v.resourcepool.BasicResourcePool - awaitAvailable(): [unknown]
19:53:16.917 [Test worker] DEBUG c.m.v.c.m.ActiveManagementCoordinator - MBean: com.mchange.v2.c3p0:type=PooledDataSource,identityToken=1hgeqrl9qbn6pz6yfah30|450d86d7,name=1hgeqrl9qbn6pz6yfah30|450d86d7 unregistered.
19:53:16.917 [Test worker] DEBUG c.m.v.c.m.ActiveManagementCoordinator - C3P0Registry mbean unregistered.
19:53:16.917 [Resource Destroyer in BasicResourcePool.close()] DEBUG c.m.v.resourcepool.BasicResourcePool - Preparing to destroy resource: com.mchange.v2.c3p0.impl.NewPooledConnection@3fb85136
19:53:16.917 [Resource Destroyer in BasicResourcePool.close()] DEBUG c.m.v.c.i.C3P0PooledConnectionPool - Preparing to destroy PooledConnection: com.mchange.v2.c3p0.impl.NewPooledConnection@3fb85136
19:53:16.917 [Resource Destroyer in BasicResourcePool.close()] DEBUG c.m.v.c.i.C3P0PooledConnectionPool - Successfully destroyed PooledConnection: com.mchange.v2.c3p0.impl.NewPooledConnection@3fb85136
19:53:16.917 [Resource Destroyer in BasicResourcePool.close()] DEBUG c.m.v.resourcepool.BasicResourcePool - Successfully destroyed resource: com.mchange.v2.c3p0.impl.NewPooledConnection@3fb85136
19:53:16.917 [Resource Destroyer in BasicResourcePool.close()] DEBUG c.m.v.resourcepool.BasicResourcePool - Preparing to destroy resource: com.mchange.v2.c3p0.impl.NewPooledConnection@4a5085b7
19:53:16.917 [Resource Destroyer in BasicResourcePool.close()] DEBUG c.m.v.c.i.C3P0PooledConnectionPool - Preparing to destroy PooledConnection: com.mchange.v2.c3p0.impl.NewPooledConnection@4a5085b7
19:53:16.917 [Resource Destroyer in BasicResourcePool.close()] DEBUG c.m.v.c.i.C3P0PooledConnectionPool - Successfully destroyed PooledConnection: com.mchange.v2.c3p0.impl.NewPooledConnection@4a5085b7
19:53:16.917 [Resource Destroyer in BasicResourcePool.close()] DEBUG c.m.v.resourcepool.BasicResourcePool - Successfully destroyed resource: com.mchange.v2.c3p0.impl.NewPooledConnection@4a5085b7
19:53:16.917 [Resource Destroyer in BasicResourcePool.close()] DEBUG c.m.v.resourcepool.BasicResourcePool - Preparing to destroy resource: com.mchange.v2.c3p0.impl.NewPooledConnection@501a34a5
19:53:16.917 [Resource Destroyer in BasicResourcePool.close()] DEBUG c.m.v.c.i.C3P0PooledConnectionPool - Preparing to destroy PooledConnection: com.mchange.v2.c3p0.impl.NewPooledConnection@501a34a5
19:53:16.917 [Resource Destroyer in BasicResourcePool.close()] DEBUG c.m.v.c.i.C3P0PooledConnectionPool - Successfully destroyed PooledConnection: com.mchange.v2.c3p0.impl.NewPooledConnection@501a34a5
19:53:16.917 [Resource Destroyer in BasicResourcePool.close()] DEBUG c.m.v.resourcepool.BasicResourcePool - Successfully destroyed resource: com.mchange.v2.c3p0.impl.NewPooledConnection@501a34a5


================================================================================
 TEST SUCCEEDED                                                                 
--------------------------------------------------------------------------------
    Test class:  RollbackToWALTest
    Test method: crashingIncTxTest_BeforeTransactionCommittedUpdate_WithException[Using jdbc]
    End time:    2017/08/28 19:53:16 (Duration: 24ms)
================================================================================





================================================================================
 TEST START                                                                     
--------------------------------------------------------------------------------
    Test class:  RollbackToWALTest
    Test method: crashingTxTest_BeforeTransactionCommittedUpdate_WithException[Using jdbc]
    Start time:  2017/08/28 19:53:16
================================================================================



19:53:16.921 [Test worker] DEBUG c.m.v.c.m.DynamicPooledDataSourceManagerMBean - MBean: com.mchange.v2.c3p0:type=PooledDataSource,identityToken=1hgeqrl9qbn6pz6yfah30|3a17b26e,name=1hgeqrl9qbn6pz6yfah30|3a17b26e registered.
19:53:16.928 [Test worker] DEBUG c.m.v.c.m.DynamicPooledDataSourceManagerMBean - MBean: com.mchange.v2.c3p0:type=PooledDataSource,identityToken=1hgeqrl9qbn6pz6yfah30|3a17b26e,name=1hgeqrl9qbn6pz6yfah30|3a17b26e unregistered, in order to be reregistered after update.
19:53:16.928 [Test worker] DEBUG c.m.v.c.m.DynamicPooledDataSourceManagerMBean - MBean: com.mchange.v2.c3p0:type=PooledDataSource,identityToken=1hgeqrl9qbn6pz6yfah30|3a17b26e,name=1hgeqrl9qbn6pz6yfah30|3a17b26e registered.
19:53:16.929 [Test worker] INFO  c.m.v.c.i.AbstractPoolBackedDataSource - Initializing c3p0 pool... com.mchange.v2.c3p0.PoolBackedDataSource@9b60bf71 [ connectionPoolDataSource -> com.mchange.v2.c3p0.WrapperConnectionPoolDataSource@e26609ba [ acquireIncrement -> 3, acquireRetryAttempts -> 30, acquireRetryDelay -> 1000, autoCommitOnClose -> false, automaticTestTable -> null, breakAfterAcquireFailure -> false, checkoutTimeout -> 0, connectionCustomizerClassName -> null, connectionTesterClassName -> com.mchange.v2.c3p0.impl.DefaultConnectionTester, contextClassLoaderSource -> caller, debugUnreturnedConnectionStackTraces -> false, factoryClassLocation -> null, forceIgnoreUnresolvedTransactions -> false, forceSynchronousCheckins -> false, identityToken -> 1hgeqrl9qbn6pz6yfah30|505e9d0d, idleConnectionTestPeriod -> 0, initialPoolSize -> 3, maxAdministrativeTaskTime -> 0, maxConnectionAge -> 0, maxIdleTime -> 0, maxIdleTimeExcessConnections -> 0, maxPoolSize -> 15, maxStatements -> 0, maxStatementsPerConnection -> 0, minPoolSize -> 3, nestedDataSource -> com.mchange.v2.c3p0.DriverManagerDataSource@197a2819 [ description -> null, driverClass -> null, factoryClassLocation -> null, forceUseNamedDriverClass -> false, identityToken -> 1hgeqrl9qbn6pz6yfah30|620a8413, jdbcUrl -> jdbc:h2:mem:b671dc82a2444456bfd4c2463726c6da, properties -> {} ], preferredTestQuery -> null, privilegeSpawnedThreads -> false, propertyCycle -> 0, statementCacheNumDeferredCloseThreads -> 0, testConnectionOnCheckin -> false, testConnectionOnCheckout -> false, unreturnedConnectionTimeout -> 0, usesTraditionalReflectiveProxies -> false; userOverrides: {} ], dataSourceName -> null, extensions -> {}, factoryClassLocation -> null, identityToken -> 1hgeqrl9qbn6pz6yfah30|3a17b26e, numHelperThreads -> 3 ]
19:53:16.929 [Test worker] DEBUG c.m.v.resourcepool.BasicResourcePool - com.mchange.v2.resourcepool.BasicResourcePool@187e1a6f config: [start -> 3; min -> 3; max -> 15; inc -> 3; num_acq_attempts -> 30; acq_attempt_delay -> 1000; check_idle_resources_delay -> 0; max_resource_age -> 0; max_idle_time -> 0; excess_max_idle_time -> 0; destroy_unreturned_resc_time -> 0; expiration_enforcement_delay -> 0; break_on_acquisition_failure -> false; debug_store_checkout_exceptions -> false; force_synchronous_checkins -> false]
19:53:16.929 [Test worker] DEBUG c.m.v.c.i.C3P0PooledConnectionPoolManager - Created new pool for auth, username (masked): 'null'.
19:53:16.929 [Test worker] DEBUG c.m.v.resourcepool.BasicResourcePool - acquire test -- pool size: 0; target_pool_size: 3; desired target? 1
19:53:16.929 [Test worker] DEBUG c.m.v.resourcepool.BasicResourcePool - awaitAvailable(): [unknown]
19:53:16.941 [Test worker] DEBUG c.m.v.c.m.ActiveManagementCoordinator - MBean: com.mchange.v2.c3p0:type=PooledDataSource,identityToken=1hgeqrl9qbn6pz6yfah30|3a17b26e,name=1hgeqrl9qbn6pz6yfah30|3a17b26e unregistered.
19:53:16.942 [Test worker] DEBUG c.m.v.c.m.ActiveManagementCoordinator - C3P0Registry mbean unregistered.
19:53:16.942 [Resource Destroyer in BasicResourcePool.close()] DEBUG c.m.v.resourcepool.BasicResourcePool - Preparing to destroy resource: com.mchange.v2.c3p0.impl.NewPooledConnection@2518b7f9
19:53:16.942 [Resource Destroyer in BasicResourcePool.close()] DEBUG c.m.v.c.i.C3P0PooledConnectionPool - Preparing to destroy PooledConnection: com.mchange.v2.c3p0.impl.NewPooledConnection@2518b7f9
19:53:16.942 [Resource Destroyer in BasicResourcePool.close()] DEBUG c.m.v.c.i.C3P0PooledConnectionPool - Successfully destroyed PooledConnection: com.mchange.v2.c3p0.impl.NewPooledConnection@2518b7f9
19:53:16.942 [Resource Destroyer in BasicResourcePool.close()] DEBUG c.m.v.resourcepool.BasicResourcePool - Successfully destroyed resource: com.mchange.v2.c3p0.impl.NewPooledConnection@2518b7f9
19:53:16.942 [Resource Destroyer in BasicResourcePool.close()] DEBUG c.m.v.resourcepool.BasicResourcePool - Preparing to destroy resource: com.mchange.v2.c3p0.impl.NewPooledConnection@5ba4dbb8
19:53:16.942 [Resource Destroyer in BasicResourcePool.close()] DEBUG c.m.v.c.i.C3P0PooledConnectionPool - Preparing to destroy PooledConnection: com.mchange.v2.c3p0.impl.NewPooledConnection@5ba4dbb8
19:53:16.942 [Resource Destroyer in BasicResourcePool.close()] DEBUG c.m.v.c.i.C3P0PooledConnectionPool - Successfully destroyed PooledConnection: com.mchange.v2.c3p0.impl.NewPooledConnection@5ba4dbb8
19:53:16.942 [Resource Destroyer in BasicResourcePool.close()] DEBUG c.m.v.resourcepool.BasicResourcePool - Successfully destroyed resource: com.mchange.v2.c3p0.impl.NewPooledConnection@5ba4dbb8
19:53:16.942 [Resource Destroyer in BasicResourcePool.close()] DEBUG c.m.v.resourcepool.BasicResourcePool - Preparing to destroy resource: com.mchange.v2.c3p0.impl.NewPooledConnection@60ef29a9
19:53:16.942 [Resource Destroyer in BasicResourcePool.close()] DEBUG c.m.v.c.i.C3P0PooledConnectionPool - Preparing to destroy PooledConnection: com.mchange.v2.c3p0.impl.NewPooledConnection@60ef29a9
19:53:16.942 [Resource Destroyer in BasicResourcePool.close()] DEBUG c.m.v.c.i.C3P0PooledConnectionPool - Successfully destroyed PooledConnection: com.mchange.v2.c3p0.impl.NewPooledConnection@60ef29a9
19:53:16.942 [Resource Destroyer in BasicResourcePool.close()] DEBUG c.m.v.resourcepool.BasicResourcePool - Successfully destroyed resource: com.mchange.v2.c3p0.impl.NewPooledConnection@60ef29a9


================================================================================
 TEST SUCCEEDED                                                                 
--------------------------------------------------------------------------------
    Test class:  RollbackToWALTest
    Test method: crashingTxTest_BeforeTransactionCommittedUpdate_WithException[Using jdbc]
    End time:    2017/08/28 19:53:16 (Duration: 24ms)
================================================================================





================================================================================
 TEST START                                                                     
--------------------------------------------------------------------------------
    Test class:  RollbackToWALTest
    Test method: crashingIncTxTest_BeforePrimaryIndexUpdate_WithThreadKill[Using jdbc]
    Start time:  2017/08/28 19:53:16
================================================================================



19:53:16.946 [Test worker] DEBUG c.m.v.c.m.DynamicPooledDataSourceManagerMBean - MBean: com.mchange.v2.c3p0:type=PooledDataSource,identityToken=1hgeqrl9qbn6pz6yfah30|67357946,name=1hgeqrl9qbn6pz6yfah30|67357946 registered.
19:53:16.953 [Test worker] DEBUG c.m.v.c.m.DynamicPooledDataSourceManagerMBean - MBean: com.mchange.v2.c3p0:type=PooledDataSource,identityToken=1hgeqrl9qbn6pz6yfah30|67357946,name=1hgeqrl9qbn6pz6yfah30|67357946 unregistered, in order to be reregistered after update.
19:53:16.953 [Test worker] DEBUG c.m.v.c.m.DynamicPooledDataSourceManagerMBean - MBean: com.mchange.v2.c3p0:type=PooledDataSource,identityToken=1hgeqrl9qbn6pz6yfah30|67357946,name=1hgeqrl9qbn6pz6yfah30|67357946 registered.
19:53:16.954 [Test worker] INFO  c.m.v.c.i.AbstractPoolBackedDataSource - Initializing c3p0 pool... com.mchange.v2.c3p0.PoolBackedDataSource@e48e15d [ connectionPoolDataSource -> com.mchange.v2.c3p0.WrapperConnectionPoolDataSource@15ddc3c1 [ acquireIncrement -> 3, acquireRetryAttempts -> 30, acquireRetryDelay -> 1000, autoCommitOnClose -> false, automaticTestTable -> null, breakAfterAcquireFailure -> false, checkoutTimeout -> 0, connectionCustomizerClassName -> null, connectionTesterClassName -> com.mchange.v2.c3p0.impl.DefaultConnectionTester, contextClassLoaderSource -> caller, debugUnreturnedConnectionStackTraces -> false, factoryClassLocation -> null, forceIgnoreUnresolvedTransactions -> false, forceSynchronousCheckins -> false, identityToken -> 1hgeqrl9qbn6pz6yfah30|20952d90, idleConnectionTestPeriod -> 0, initialPoolSize -> 3, maxAdministrativeTaskTime -> 0, maxConnectionAge -> 0, maxIdleTime -> 0, maxIdleTimeExcessConnections -> 0, maxPoolSize -> 15, maxStatements -> 0, maxStatementsPerConnection -> 0, minPoolSize -> 3, nestedDataSource -> com.mchange.v2.c3p0.DriverManagerDataSource@4e210d7f [ description -> null, driverClass -> null, factoryClassLocation -> null, forceUseNamedDriverClass -> false, identityToken -> 1hgeqrl9qbn6pz6yfah30|1611fd35, jdbcUrl -> jdbc:h2:mem:21fae4b4f4024cb8a30a2c82ca185a9e, properties -> {} ], preferredTestQuery -> null, privilegeSpawnedThreads -> false, propertyCycle -> 0, statementCacheNumDeferredCloseThreads -> 0, testConnectionOnCheckin -> false, testConnectionOnCheckout -> false, unreturnedConnectionTimeout -> 0, usesTraditionalReflectiveProxies -> false; userOverrides: {} ], dataSourceName -> null, extensions -> {}, factoryClassLocation -> null, identityToken -> 1hgeqrl9qbn6pz6yfah30|67357946, numHelperThreads -> 3 ]
19:53:16.954 [Test worker] DEBUG c.m.v.resourcepool.BasicResourcePool - com.mchange.v2.resourcepool.BasicResourcePool@4037db56 config: [start -> 3; min -> 3; max -> 15; inc -> 3; num_acq_attempts -> 30; acq_attempt_delay -> 1000; check_idle_resources_delay -> 0; max_resource_age -> 0; max_idle_time -> 0; excess_max_idle_time -> 0; destroy_unreturned_resc_time -> 0; expiration_enforcement_delay -> 0; break_on_acquisition_failure -> false; debug_store_checkout_exceptions -> false; force_synchronous_checkins -> false]
19:53:16.954 [Test worker] DEBUG c.m.v.c.i.C3P0PooledConnectionPoolManager - Created new pool for auth, username (masked): 'null'.
19:53:16.954 [Test worker] DEBUG c.m.v.resourcepool.BasicResourcePool - acquire test -- pool size: 0; target_pool_size: 3; desired target? 1
19:53:16.954 [Test worker] DEBUG c.m.v.resourcepool.BasicResourcePool - awaitAvailable(): [unknown]
19:53:16.965 [Test worker] DEBUG c.m.v.c.m.ActiveManagementCoordinator - MBean: com.mchange.v2.c3p0:type=PooledDataSource,identityToken=1hgeqrl9qbn6pz6yfah30|67357946,name=1hgeqrl9qbn6pz6yfah30|67357946 unregistered.
19:53:16.966 [Test worker] DEBUG c.m.v.c.m.ActiveManagementCoordinator - C3P0Registry mbean unregistered.
19:53:16.966 [Resource Destroyer in BasicResourcePool.close()] DEBUG c.m.v.resourcepool.BasicResourcePool - Preparing to destroy resource: com.mchange.v2.c3p0.impl.NewPooledConnection@14e2e093
19:53:16.966 [Resource Destroyer in BasicResourcePool.close()] DEBUG c.m.v.c.i.C3P0PooledConnectionPool - Preparing to destroy PooledConnection: com.mchange.v2.c3p0.impl.NewPooledConnection@14e2e093
19:53:16.966 [Resource Destroyer in BasicResourcePool.close()] DEBUG c.m.v.c.i.C3P0PooledConnectionPool - Successfully destroyed PooledConnection: com.mchange.v2.c3p0.impl.NewPooledConnection@14e2e093
19:53:16.966 [Resource Destroyer in BasicResourcePool.close()] DEBUG c.m.v.resourcepool.BasicResourcePool - Successfully destroyed resource: com.mchange.v2.c3p0.impl.NewPooledConnection@14e2e093
19:53:16.966 [Resource Destroyer in BasicResourcePool.close()] DEBUG c.m.v.resourcepool.BasicResourcePool - Preparing to destroy resource: com.mchange.v2.c3p0.impl.NewPooledConnection@7fa8002d
19:53:16.966 [Resource Destroyer in BasicResourcePool.close()] DEBUG c.m.v.c.i.C3P0PooledConnectionPool - Preparing to destroy PooledConnection: com.mchange.v2.c3p0.impl.NewPooledConnection@7fa8002d
19:53:16.966 [Resource Destroyer in BasicResourcePool.close()] DEBUG c.m.v.c.i.C3P0PooledConnectionPool - Successfully destroyed PooledConnection: com.mchange.v2.c3p0.impl.NewPooledConnection@7fa8002d
19:53:16.966 [Resource Destroyer in BasicResourcePool.close()] DEBUG c.m.v.resourcepool.BasicResourcePool - Successfully destroyed resource: com.mchange.v2.c3p0.impl.NewPooledConnection@7fa8002d
19:53:16.966 [Resource Destroyer in BasicResourcePool.close()] DEBUG c.m.v.resourcepool.BasicResourcePool - Preparing to destroy resource: com.mchange.v2.c3p0.impl.NewPooledConnection@5a4aacc7
19:53:16.966 [Resource Destroyer in BasicResourcePool.close()] DEBUG c.m.v.c.i.C3P0PooledConnectionPool - Preparing to destroy PooledConnection: com.mchange.v2.c3p0.impl.NewPooledConnection@5a4aacc7
19:53:16.966 [Resource Destroyer in BasicResourcePool.close()] DEBUG c.m.v.c.i.C3P0PooledConnectionPool - Successfully destroyed PooledConnection: com.mchange.v2.c3p0.impl.NewPooledConnection@5a4aacc7
19:53:16.966 [Resource Destroyer in BasicResourcePool.close()] DEBUG c.m.v.resourcepool.BasicResourcePool - Successfully destroyed resource: com.mchange.v2.c3p0.impl.NewPooledConnection@5a4aacc7


================================================================================
 TEST SUCCEEDED                                                                 
--------------------------------------------------------------------------------
    Test class:  RollbackToWALTest
    Test method: crashingIncTxTest_BeforePrimaryIndexUpdate_WithThreadKill[Using jdbc]
    End time:    2017/08/28 19:53:16 (Duration: 24ms)
================================================================================





================================================================================
 TEST START                                                                     
--------------------------------------------------------------------------------
    Test class:  RollbackToWALTest
    Test method: crashingIncTxTest_BeforeCacheUpdate_WithException[Using jdbc]
    Start time:  2017/08/28 19:53:16
================================================================================



19:53:16.970 [Test worker] DEBUG c.m.v.c.m.DynamicPooledDataSourceManagerMBean - MBean: com.mchange.v2.c3p0:type=PooledDataSource,identityToken=1hgeqrl9qbn6pz6yfah30|36964f73,name=1hgeqrl9qbn6pz6yfah30|36964f73 registered.
19:53:16.977 [Test worker] DEBUG c.m.v.c.m.DynamicPooledDataSourceManagerMBean - MBean: com.mchange.v2.c3p0:type=PooledDataSource,identityToken=1hgeqrl9qbn6pz6yfah30|36964f73,name=1hgeqrl9qbn6pz6yfah30|36964f73 unregistered, in order to be reregistered after update.
19:53:16.977 [Test worker] DEBUG c.m.v.c.m.DynamicPooledDataSourceManagerMBean - MBean: com.mchange.v2.c3p0:type=PooledDataSource,identityToken=1hgeqrl9qbn6pz6yfah30|36964f73,name=1hgeqrl9qbn6pz6yfah30|36964f73 registered.
19:53:16.977 [Test worker] INFO  c.m.v.c.i.AbstractPoolBackedDataSource - Initializing c3p0 pool... com.mchange.v2.c3p0.PoolBackedDataSource@70882bd6 [ connectionPoolDataSource -> com.mchange.v2.c3p0.WrapperConnectionPoolDataSource@8870a412 [ acquireIncrement -> 3, acquireRetryAttempts -> 30, acquireRetryDelay -> 1000, autoCommitOnClose -> false, automaticTestTable -> null, breakAfterAcquireFailure -> false, checkoutTimeout -> 0, connectionCustomizerClassName -> null, connectionTesterClassName -> com.mchange.v2.c3p0.impl.DefaultConnectionTester, contextClassLoaderSource -> caller, debugUnreturnedConnectionStackTraces -> false, factoryClassLocation -> null, forceIgnoreUnresolvedTransactions -> false, forceSynchronousCheckins -> false, identityToken -> 1hgeqrl9qbn6pz6yfah30|31055b57, idleConnectionTestPeriod -> 0, initialPoolSize -> 3, maxAdministrativeTaskTime -> 0, maxConnectionAge -> 0, maxIdleTime -> 0, maxIdleTimeExcessConnections -> 0, maxPoolSize -> 15, maxStatements -> 0, maxStatementsPerConnection -> 0, minPoolSize -> 3, nestedDataSource -> com.mchange.v2.c3p0.DriverManagerDataSource@cf12c270 [ description -> null, driverClass -> null, factoryClassLocation -> null, forceUseNamedDriverClass -> false, identityToken -> 1hgeqrl9qbn6pz6yfah30|20ac4f13, jdbcUrl -> jdbc:h2:mem:6eb14cd14da0440e89f12fbf7782ffd2, properties -> {} ], preferredTestQuery -> null, privilegeSpawnedThreads -> false, propertyCycle -> 0, statementCacheNumDeferredCloseThreads -> 0, testConnectionOnCheckin -> false, testConnectionOnCheckout -> false, unreturnedConnectionTimeout -> 0, usesTraditionalReflectiveProxies -> false; userOverrides: {} ], dataSourceName -> null, extensions -> {}, factoryClassLocation -> null, identityToken -> 1hgeqrl9qbn6pz6yfah30|36964f73, numHelperThreads -> 3 ]
19:53:16.977 [Test worker] DEBUG c.m.v.resourcepool.BasicResourcePool - com.mchange.v2.resourcepool.BasicResourcePool@78cf8c60 config: [start -> 3; min -> 3; max -> 15; inc -> 3; num_acq_attempts -> 30; acq_attempt_delay -> 1000; check_idle_resources_delay -> 0; max_resource_age -> 0; max_idle_time -> 0; excess_max_idle_time -> 0; destroy_unreturned_resc_time -> 0; expiration_enforcement_delay -> 0; break_on_acquisition_failure -> false; debug_store_checkout_exceptions -> false; force_synchronous_checkins -> false]
19:53:16.977 [Test worker] DEBUG c.m.v.c.i.C3P0PooledConnectionPoolManager - Created new pool for auth, username (masked): 'null'.
19:53:16.977 [Test worker] DEBUG c.m.v.resourcepool.BasicResourcePool - acquire test -- pool size: 0; target_pool_size: 3; desired target? 1
19:53:16.977 [Test worker] DEBUG c.m.v.resourcepool.BasicResourcePool - awaitAvailable(): [unknown]
19:53:16.991 [Test worker] DEBUG c.m.v.c.m.ActiveManagementCoordinator - MBean: com.mchange.v2.c3p0:type=PooledDataSource,identityToken=1hgeqrl9qbn6pz6yfah30|36964f73,name=1hgeqrl9qbn6pz6yfah30|36964f73 unregistered.
19:53:16.991 [Test worker] DEBUG c.m.v.c.m.ActiveManagementCoordinator - C3P0Registry mbean unregistered.
19:53:16.991 [Resource Destroyer in BasicResourcePool.close()] DEBUG c.m.v.resourcepool.BasicResourcePool - Preparing to destroy resource: com.mchange.v2.c3p0.impl.NewPooledConnection@3f7ffc7e
19:53:16.991 [Resource Destroyer in BasicResourcePool.close()] DEBUG c.m.v.c.i.C3P0PooledConnectionPool - Preparing to destroy PooledConnection: com.mchange.v2.c3p0.impl.NewPooledConnection@3f7ffc7e
19:53:16.991 [Resource Destroyer in BasicResourcePool.close()] DEBUG c.m.v.c.i.C3P0PooledConnectionPool - Successfully destroyed PooledConnection: com.mchange.v2.c3p0.impl.NewPooledConnection@3f7ffc7e
19:53:16.991 [Resource Destroyer in BasicResourcePool.close()] DEBUG c.m.v.resourcepool.BasicResourcePool - Successfully destroyed resource: com.mchange.v2.c3p0.impl.NewPooledConnection@3f7ffc7e
19:53:16.991 [Resource Destroyer in BasicResourcePool.close()] DEBUG c.m.v.resourcepool.BasicResourcePool - Preparing to destroy resource: com.mchange.v2.c3p0.impl.NewPooledConnection@21945ddf
19:53:16.991 [Resource Destroyer in BasicResourcePool.close()] DEBUG c.m.v.c.i.C3P0PooledConnectionPool - Preparing to destroy PooledConnection: com.mchange.v2.c3p0.impl.NewPooledConnection@21945ddf
19:53:16.991 [Resource Destroyer in BasicResourcePool.close()] DEBUG c.m.v.c.i.C3P0PooledConnectionPool - Successfully destroyed PooledConnection: com.mchange.v2.c3p0.impl.NewPooledConnection@21945ddf
19:53:16.991 [Resource Destroyer in BasicResourcePool.close()] DEBUG c.m.v.resourcepool.BasicResourcePool - Successfully destroyed resource: com.mchange.v2.c3p0.impl.NewPooledConnection@21945ddf
19:53:16.991 [Resource Destroyer in BasicResourcePool.close()] DEBUG c.m.v.resourcepool.BasicResourcePool - Preparing to destroy resource: com.mchange.v2.c3p0.impl.NewPooledConnection@6b27dcfa
19:53:16.991 [Resource Destroyer in BasicResourcePool.close()] DEBUG c.m.v.c.i.C3P0PooledConnectionPool - Preparing to destroy PooledConnection: com.mchange.v2.c3p0.impl.NewPooledConnection@6b27dcfa
19:53:16.991 [Resource Destroyer in BasicResourcePool.close()] DEBUG c.m.v.c.i.C3P0PooledConnectionPool - Successfully destroyed PooledConnection: com.mchange.v2.c3p0.impl.NewPooledConnection@6b27dcfa
19:53:16.991 [Resource Destroyer in BasicResourcePool.close()] DEBUG c.m.v.resourcepool.BasicResourcePool - Successfully destroyed resource: com.mchange.v2.c3p0.impl.NewPooledConnection@6b27dcfa


================================================================================
 TEST SUCCEEDED                                                                 
--------------------------------------------------------------------------------
    Test class:  RollbackToWALTest
    Test method: crashingIncTxTest_BeforeCacheUpdate_WithException[Using jdbc]
    End time:    2017/08/28 19:53:16 (Duration: 25ms)
================================================================================





================================================================================
 TEST START                                                                     
--------------------------------------------------------------------------------
    Test class:  RollbackToWALTest
    Test method: crashingIncTxTest_BeforeSecondaryIndexUpdate_WithException[Using jdbc]
    Start time:  2017/08/28 19:53:16
================================================================================



19:53:16.991 [Test worker] DEBUG c.m.v.c.m.DynamicPooledDataSourceManagerMBean - MBean: com.mchange.v2.c3p0:type=PooledDataSource,identityToken=1hgeqrl9qbn6pz6yfah30|5939fbf6,name=1hgeqrl9qbn6pz6yfah30|5939fbf6 registered.
19:53:17.007 [Test worker] DEBUG c.m.v.c.m.DynamicPooledDataSourceManagerMBean - MBean: com.mchange.v2.c3p0:type=PooledDataSource,identityToken=1hgeqrl9qbn6pz6yfah30|5939fbf6,name=1hgeqrl9qbn6pz6yfah30|5939fbf6 unregistered, in order to be reregistered after update.
19:53:17.007 [Test worker] DEBUG c.m.v.c.m.DynamicPooledDataSourceManagerMBean - MBean: com.mchange.v2.c3p0:type=PooledDataSource,identityToken=1hgeqrl9qbn6pz6yfah30|5939fbf6,name=1hgeqrl9qbn6pz6yfah30|5939fbf6 registered.
19:53:17.007 [Test worker] INFO  c.m.v.c.i.AbstractPoolBackedDataSource - Initializing c3p0 pool... com.mchange.v2.c3p0.PoolBackedDataSource@c0f3c4e [ connectionPoolDataSource -> com.mchange.v2.c3p0.WrapperConnectionPoolDataSource@157afb44 [ acquireIncrement -> 3, acquireRetryAttempts -> 30, acquireRetryDelay -> 1000, autoCommitOnClose -> false, automaticTestTable -> null, breakAfterAcquireFailure -> false, checkoutTimeout -> 0, connectionCustomizerClassName -> null, connectionTesterClassName -> com.mchange.v2.c3p0.impl.DefaultConnectionTester, contextClassLoaderSource -> caller, debugUnreturnedConnectionStackTraces -> false, factoryClassLocation -> null, forceIgnoreUnresolvedTransactions -> false, forceSynchronousCheckins -> false, identityToken -> 1hgeqrl9qbn6pz6yfah30|12888766, idleConnectionTestPeriod -> 0, initialPoolSize -> 3, maxAdministrativeTaskTime -> 0, maxConnectionAge -> 0, maxIdleTime -> 0, maxIdleTimeExcessConnections -> 0, maxPoolSize -> 15, maxStatements -> 0, maxStatementsPerConnection -> 0, minPoolSize -> 3, nestedDataSource -> com.mchange.v2.c3p0.DriverManagerDataSource@14ed84a6 [ description -> null, driverClass -> null, factoryClassLocation -> null, forceUseNamedDriverClass -> false, identityToken -> 1hgeqrl9qbn6pz6yfah30|1abff154, jdbcUrl -> jdbc:h2:mem:bffb0c213cd340278972d80e3a52b366, properties -> {} ], preferredTestQuery -> null, privilegeSpawnedThreads -> false, propertyCycle -> 0, statementCacheNumDeferredCloseThreads -> 0, testConnectionOnCheckin -> false, testConnectionOnCheckout -> false, unreturnedConnectionTimeout -> 0, usesTraditionalReflectiveProxies -> false; userOverrides: {} ], dataSourceName -> null, extensions -> {}, factoryClassLocation -> null, identityToken -> 1hgeqrl9qbn6pz6yfah30|5939fbf6, numHelperThreads -> 3 ]
19:53:17.007 [Test worker] DEBUG c.m.v.resourcepool.BasicResourcePool - com.mchange.v2.resourcepool.BasicResourcePool@46256485 config: [start -> 3; min -> 3; max -> 15; inc -> 3; num_acq_attempts -> 30; acq_attempt_delay -> 1000; check_idle_resources_delay -> 0; max_resource_age -> 0; max_idle_time -> 0; excess_max_idle_time -> 0; destroy_unreturned_resc_time -> 0; expiration_enforcement_delay -> 0; break_on_acquisition_failure -> false; debug_store_checkout_exceptions -> false; force_synchronous_checkins -> false]
19:53:17.007 [Test worker] DEBUG c.m.v.c.i.C3P0PooledConnectionPoolManager - Created new pool for auth, username (masked): 'null'.
19:53:17.007 [Test worker] DEBUG c.m.v.resourcepool.BasicResourcePool - acquire test -- pool size: 0; target_pool_size: 3; desired target? 1
19:53:17.007 [Test worker] DEBUG c.m.v.resourcepool.BasicResourcePool - awaitAvailable(): [unknown]
19:53:17.016 [Test worker] DEBUG c.m.v.c.m.ActiveManagementCoordinator - MBean: com.mchange.v2.c3p0:type=PooledDataSource,identityToken=1hgeqrl9qbn6pz6yfah30|5939fbf6,name=1hgeqrl9qbn6pz6yfah30|5939fbf6 unregistered.
19:53:17.016 [Test worker] DEBUG c.m.v.c.m.ActiveManagementCoordinator - C3P0Registry mbean unregistered.
19:53:17.016 [Resource Destroyer in BasicResourcePool.close()] DEBUG c.m.v.resourcepool.BasicResourcePool - Preparing to destroy resource: com.mchange.v2.c3p0.impl.NewPooledConnection@46a17c71
19:53:17.016 [Resource Destroyer in BasicResourcePool.close()] DEBUG c.m.v.c.i.C3P0PooledConnectionPool - Preparing to destroy PooledConnection: com.mchange.v2.c3p0.impl.NewPooledConnection@46a17c71
19:53:17.016 [Resource Destroyer in BasicResourcePool.close()] DEBUG c.m.v.c.i.C3P0PooledConnectionPool - Successfully destroyed PooledConnection: com.mchange.v2.c3p0.impl.NewPooledConnection@46a17c71
19:53:17.016 [Resource Destroyer in BasicResourcePool.close()] DEBUG c.m.v.resourcepool.BasicResourcePool - Successfully destroyed resource: com.mchange.v2.c3p0.impl.NewPooledConnection@46a17c71
19:53:17.016 [Resource Destroyer in BasicResourcePool.close()] DEBUG c.m.v.resourcepool.BasicResourcePool - Preparing to destroy resource: com.mchange.v2.c3p0.impl.NewPooledConnection@4618c382
19:53:17.016 [Resource Destroyer in BasicResourcePool.close()] DEBUG c.m.v.c.i.C3P0PooledConnectionPool - Preparing to destroy PooledConnection: com.mchange.v2.c3p0.impl.NewPooledConnection@4618c382
19:53:17.016 [Resource Destroyer in BasicResourcePool.close()] DEBUG c.m.v.c.i.C3P0PooledConnectionPool - Successfully destroyed PooledConnection: com.mchange.v2.c3p0.impl.NewPooledConnection@4618c382
19:53:17.016 [Resource Destroyer in BasicResourcePool.close()] DEBUG c.m.v.resourcepool.BasicResourcePool - Successfully destroyed resource: com.mchange.v2.c3p0.impl.NewPooledConnection@4618c382
19:53:17.016 [Resource Destroyer in BasicResourcePool.close()] DEBUG c.m.v.resourcepool.BasicResourcePool - Preparing to destroy resource: com.mchange.v2.c3p0.impl.NewPooledConnection@1ada5d11
19:53:17.016 [Resource Destroyer in BasicResourcePool.close()] DEBUG c.m.v.c.i.C3P0PooledConnectionPool - Preparing to destroy PooledConnection: com.mchange.v2.c3p0.impl.NewPooledConnection@1ada5d11
19:53:17.016 [Resource Destroyer in BasicResourcePool.close()] DEBUG c.m.v.c.i.C3P0PooledConnectionPool - Successfully destroyed PooledConnection: com.mchange.v2.c3p0.impl.NewPooledConnection@1ada5d11
19:53:17.016 [Resource Destroyer in BasicResourcePool.close()] DEBUG c.m.v.resourcepool.BasicResourcePool - Successfully destroyed resource: com.mchange.v2.c3p0.impl.NewPooledConnection@1ada5d11


================================================================================
 TEST SUCCEEDED                                                                 
--------------------------------------------------------------------------------
    Test class:  RollbackToWALTest
    Test method: crashingIncTxTest_BeforeSecondaryIndexUpdate_WithException[Using jdbc]
    End time:    2017/08/28 19:53:17 (Duration: 25ms)
================================================================================





================================================================================
 TEST START                                                                     
--------------------------------------------------------------------------------
    Test class:  RollbackToWALTest
    Test method: crashingIncTxTest_BeforeMetadataUpdate_WithThreadKill[Using tupl]
    Start time:  2017/08/28 19:53:17
================================================================================





================================================================================
 TEST SUCCEEDED                                                                 
--------------------------------------------------------------------------------
    Test class:  RollbackToWALTest
    Test method: crashingIncTxTest_BeforeMetadataUpdate_WithThreadKill[Using tupl]
    End time:    2017/08/28 19:53:17 (Duration: 191ms)
================================================================================





================================================================================
 TEST START                                                                     
--------------------------------------------------------------------------------
    Test class:  RollbackToWALTest
    Test method: crashingIncTxTest_BeforeNowTimestampUpdate_WithThreadKill[Using tupl]
    Start time:  2017/08/28 19:53:17
================================================================================





================================================================================
 TEST SUCCEEDED                                                                 
--------------------------------------------------------------------------------
    Test class:  RollbackToWALTest
    Test method: crashingIncTxTest_BeforeNowTimestampUpdate_WithThreadKill[Using tupl]
    End time:    2017/08/28 19:53:17 (Duration: 185ms)
================================================================================





================================================================================
 TEST START                                                                     
--------------------------------------------------------------------------------
    Test class:  RollbackToWALTest
    Test method: crashingIncTxTest_BeforeSecondaryIndexUpdate_WithThreadKill[Using tupl]
    Start time:  2017/08/28 19:53:17
================================================================================





================================================================================
 TEST SUCCEEDED                                                                 
--------------------------------------------------------------------------------
    Test class:  RollbackToWALTest
    Test method: crashingIncTxTest_BeforeSecondaryIndexUpdate_WithThreadKill[Using tupl]
    End time:    2017/08/28 19:53:17 (Duration: 147ms)
================================================================================





================================================================================
 TEST START                                                                     
--------------------------------------------------------------------------------
    Test class:  RollbackToWALTest
    Test method: crashingTxTest_BeforeMetadataUpdate_WithException[Using tupl]
    Start time:  2017/08/28 19:53:17
================================================================================





================================================================================
 TEST SUCCEEDED                                                                 
--------------------------------------------------------------------------------
    Test class:  RollbackToWALTest
    Test method: crashingTxTest_BeforeMetadataUpdate_WithException[Using tupl]
    End time:    2017/08/28 19:53:17 (Duration: 300ms)
================================================================================





================================================================================
 TEST START                                                                     
--------------------------------------------------------------------------------
    Test class:  RollbackToWALTest
    Test method: crashingTxTest_BeforePrimaryIndexUpdate_WithException[Using tupl]
    Start time:  2017/08/28 19:53:17
================================================================================





================================================================================
 TEST SUCCEEDED                                                                 
--------------------------------------------------------------------------------
    Test class:  RollbackToWALTest
    Test method: crashingTxTest_BeforePrimaryIndexUpdate_WithException[Using tupl]
    End time:    2017/08/28 19:53:18 (Duration: 231ms)
================================================================================





================================================================================
 TEST START                                                                     
--------------------------------------------------------------------------------
    Test class:  RollbackToWALTest
    Test method: crashingIncTxTest_BeforeMetadataUpdate_WithException[Using tupl]
    Start time:  2017/08/28 19:53:18
================================================================================





================================================================================
 TEST SUCCEEDED                                                                 
--------------------------------------------------------------------------------
    Test class:  RollbackToWALTest
    Test method: crashingIncTxTest_BeforeMetadataUpdate_WithException[Using tupl]
    End time:    2017/08/28 19:53:18 (Duration: 322ms)
================================================================================





================================================================================
 TEST START                                                                     
--------------------------------------------------------------------------------
    Test class:  RollbackToWALTest
    Test method: crashingIncTxTest_BeforePrimaryIndexUpdate_WithException[Using tupl]
    Start time:  2017/08/28 19:53:18
================================================================================





================================================================================
 TEST SUCCEEDED                                                                 
--------------------------------------------------------------------------------
    Test class:  RollbackToWALTest
    Test method: crashingIncTxTest_BeforePrimaryIndexUpdate_WithException[Using tupl]
    End time:    2017/08/28 19:53:18 (Duration: 262ms)
================================================================================





================================================================================
 TEST START                                                                     
--------------------------------------------------------------------------------
    Test class:  RollbackToWALTest
    Test method: crashingTxTest_BeforeMetadataUpdate_WithThreadKill[Using tupl]
    Start time:  2017/08/28 19:53:18
================================================================================





================================================================================
 TEST SUCCEEDED                                                                 
--------------------------------------------------------------------------------
    Test class:  RollbackToWALTest
    Test method: crashingTxTest_BeforeMetadataUpdate_WithThreadKill[Using tupl]
    End time:    2017/08/28 19:53:19 (Duration: 338ms)
================================================================================





================================================================================
 TEST START                                                                     
--------------------------------------------------------------------------------
    Test class:  RollbackToWALTest
    Test method: crashingTxTest_BeforeTransactionCommitted_WithThreadKill[Using tupl]
    Start time:  2017/08/28 19:53:19
================================================================================





================================================================================
 TEST SUCCEEDED                                                                 
--------------------------------------------------------------------------------
    Test class:  RollbackToWALTest
    Test method: crashingTxTest_BeforeTransactionCommitted_WithThreadKill[Using tupl]
    End time:    2017/08/28 19:53:19 (Duration: 326ms)
================================================================================





================================================================================
 TEST START                                                                     
--------------------------------------------------------------------------------
    Test class:  RollbackToWALTest
    Test method: crashingTxTest_BeforeCacheUpdate_WithThreadKill[Using tupl]
    Start time:  2017/08/28 19:53:19
================================================================================





================================================================================
 TEST SUCCEEDED                                                                 
--------------------------------------------------------------------------------
    Test class:  RollbackToWALTest
    Test method: crashingTxTest_BeforeCacheUpdate_WithThreadKill[Using tupl]
    End time:    2017/08/28 19:53:19 (Duration: 347ms)
================================================================================





================================================================================
 TEST START                                                                     
--------------------------------------------------------------------------------
    Test class:  RollbackToWALTest
    Test method: crashingTxTest_BeforeCacheUpdate_WithException[Using tupl]
    Start time:  2017/08/28 19:53:19
================================================================================





================================================================================
 TEST SUCCEEDED                                                                 
--------------------------------------------------------------------------------
    Test class:  RollbackToWALTest
    Test method: crashingTxTest_BeforeCacheUpdate_WithException[Using tupl]
    End time:    2017/08/28 19:53:19 (Duration: 284ms)
================================================================================





================================================================================
 TEST START                                                                     
--------------------------------------------------------------------------------
    Test class:  RollbackToWALTest
    Test method: crashingIncTxTest_BeforeCacheUpdate_WithThreadKill[Using tupl]
    Start time:  2017/08/28 19:53:19
================================================================================





================================================================================
 TEST SUCCEEDED                                                                 
--------------------------------------------------------------------------------
    Test class:  RollbackToWALTest
    Test method: crashingIncTxTest_BeforeCacheUpdate_WithThreadKill[Using tupl]
    End time:    2017/08/28 19:53:20 (Duration: 184ms)
================================================================================





================================================================================
 TEST START                                                                     
--------------------------------------------------------------------------------
    Test class:  RollbackToWALTest
    Test method: crashingTxTest_BeforeSecondaryIndexUpdate_WithException[Using tupl]
    Start time:  2017/08/28 19:53:20
================================================================================





================================================================================
 TEST SUCCEEDED                                                                 
--------------------------------------------------------------------------------
    Test class:  RollbackToWALTest
    Test method: crashingTxTest_BeforeSecondaryIndexUpdate_WithException[Using tupl]
    End time:    2017/08/28 19:53:20 (Duration: 131ms)
================================================================================





================================================================================
 TEST START                                                                     
--------------------------------------------------------------------------------
    Test class:  RollbackToWALTest
    Test method: crashingTxTest_BeforePrimaryIndexUpdate_WithThreadKill[Using tupl]
    Start time:  2017/08/28 19:53:20
================================================================================





================================================================================
 TEST SUCCEEDED                                                                 
--------------------------------------------------------------------------------
    Test class:  RollbackToWALTest
    Test method: crashingTxTest_BeforePrimaryIndexUpdate_WithThreadKill[Using tupl]
    End time:    2017/08/28 19:53:20 (Duration: 138ms)
================================================================================





================================================================================
 TEST START                                                                     
--------------------------------------------------------------------------------
    Test class:  RollbackToWALTest
    Test method: crashingTxTest_BeforeNowTimestampUpdate_WithException[Using tupl]
    Start time:  2017/08/28 19:53:20
================================================================================





================================================================================
 TEST SUCCEEDED                                                                 
--------------------------------------------------------------------------------
    Test class:  RollbackToWALTest
    Test method: crashingTxTest_BeforeNowTimestampUpdate_WithException[Using tupl]
    End time:    2017/08/28 19:53:20 (Duration: 200ms)
================================================================================





================================================================================
 TEST START                                                                     
--------------------------------------------------------------------------------
    Test class:  RollbackToWALTest
    Test method: crashingIncTxTest_BeforeNowTimestampUpdate_WithException[Using tupl]
    Start time:  2017/08/28 19:53:20
================================================================================





================================================================================
 TEST SUCCEEDED                                                                 
--------------------------------------------------------------------------------
    Test class:  RollbackToWALTest
    Test method: crashingIncTxTest_BeforeNowTimestampUpdate_WithException[Using tupl]
    End time:    2017/08/28 19:53:20 (Duration: 284ms)
================================================================================





================================================================================
 TEST START                                                                     
--------------------------------------------------------------------------------
    Test class:  RollbackToWALTest
    Test method: crashingIncTxTest_BeforeTransactionCommitted_WithThreadKill[Using tupl]
    Start time:  2017/08/28 19:53:20
================================================================================





================================================================================
 TEST SUCCEEDED                                                                 
--------------------------------------------------------------------------------
    Test class:  RollbackToWALTest
    Test method: crashingIncTxTest_BeforeTransactionCommitted_WithThreadKill[Using tupl]
    End time:    2017/08/28 19:53:21 (Duration: 331ms)
================================================================================





================================================================================
 TEST START                                                                     
--------------------------------------------------------------------------------
    Test class:  RollbackToWALTest
    Test method: crashingTxTest_BeforeSecondaryIndexUpdate_WithThreadKill[Using tupl]
    Start time:  2017/08/28 19:53:21
================================================================================





================================================================================
 TEST SUCCEEDED                                                                 
--------------------------------------------------------------------------------
    Test class:  RollbackToWALTest
    Test method: crashingTxTest_BeforeSecondaryIndexUpdate_WithThreadKill[Using tupl]
    End time:    2017/08/28 19:53:21 (Duration: 247ms)
================================================================================





================================================================================
 TEST START                                                                     
--------------------------------------------------------------------------------
    Test class:  RollbackToWALTest
    Test method: crashingTxTest_BeforeNowTimestampUpdate_WithThreadKill[Using tupl]
    Start time:  2017/08/28 19:53:21
================================================================================





================================================================================
 TEST SUCCEEDED                                                                 
--------------------------------------------------------------------------------
    Test class:  RollbackToWALTest
    Test method: crashingTxTest_BeforeNowTimestampUpdate_WithThreadKill[Using tupl]
    End time:    2017/08/28 19:53:21 (Duration: 337ms)
================================================================================





================================================================================
 TEST START                                                                     
--------------------------------------------------------------------------------
    Test class:  RollbackToWALTest
    Test method: crashingIncTxTest_BeforeTransactionCommittedUpdate_WithException[Using tupl]
    Start time:  2017/08/28 19:53:21
================================================================================





================================================================================
 TEST SUCCEEDED                                                                 
--------------------------------------------------------------------------------
    Test class:  RollbackToWALTest
    Test method: crashingIncTxTest_BeforeTransactionCommittedUpdate_WithException[Using tupl]
    End time:    2017/08/28 19:53:22 (Duration: 325ms)
================================================================================





================================================================================
 TEST START                                                                     
--------------------------------------------------------------------------------
    Test class:  RollbackToWALTest
    Test method: crashingTxTest_BeforeTransactionCommittedUpdate_WithException[Using tupl]
    Start time:  2017/08/28 19:53:22
================================================================================





================================================================================
 TEST SUCCEEDED                                                                 
--------------------------------------------------------------------------------
    Test class:  RollbackToWALTest
    Test method: crashingTxTest_BeforeTransactionCommittedUpdate_WithException[Using tupl]
    End time:    2017/08/28 19:53:22 (Duration: 332ms)
================================================================================





================================================================================
 TEST START                                                                     
--------------------------------------------------------------------------------
    Test class:  RollbackToWALTest
    Test method: crashingIncTxTest_BeforePrimaryIndexUpdate_WithThreadKill[Using tupl]
    Start time:  2017/08/28 19:53:22
================================================================================





================================================================================
 TEST SUCCEEDED                                                                 
--------------------------------------------------------------------------------
    Test class:  RollbackToWALTest
    Test method: crashingIncTxTest_BeforePrimaryIndexUpdate_WithThreadKill[Using tupl]
    End time:    2017/08/28 19:53:22 (Duration: 269ms)
================================================================================





================================================================================
 TEST START                                                                     
--------------------------------------------------------------------------------
    Test class:  RollbackToWALTest
    Test method: crashingIncTxTest_BeforeCacheUpdate_WithException[Using tupl]
    Start time:  2017/08/28 19:53:22
================================================================================





================================================================================
 TEST SUCCEEDED                                                                 
--------------------------------------------------------------------------------
    Test class:  RollbackToWALTest
    Test method: crashingIncTxTest_BeforeCacheUpdate_WithException[Using tupl]
    End time:    2017/08/28 19:53:23 (Duration: 284ms)
================================================================================





================================================================================
 TEST START                                                                     
--------------------------------------------------------------------------------
    Test class:  RollbackToWALTest
    Test method: crashingIncTxTest_BeforeSecondaryIndexUpdate_WithException[Using tupl]
    Start time:  2017/08/28 19:53:23
================================================================================





================================================================================
 TEST SUCCEEDED                                                                 
--------------------------------------------------------------------------------
    Test class:  RollbackToWALTest
    Test method: crashingIncTxTest_BeforeSecondaryIndexUpdate_WithException[Using tupl]
    End time:    2017/08/28 19:53:23 (Duration: 163ms)
================================================================================





================================================================================
 TEST START                                                                     
--------------------------------------------------------------------------------
    Test class:  RollbackToWALTest
    Test method: crashingIncTxTest_BeforeMetadataUpdate_WithThreadKill[Using inmemory]
    Start time:  2017/08/28 19:53:23
================================================================================





================================================================================
 TEST SUCCEEDED                                                                 
--------------------------------------------------------------------------------
    Test class:  RollbackToWALTest
    Test method: crashingIncTxTest_BeforeMetadataUpdate_WithThreadKill[Using inmemory]
    End time:    2017/08/28 19:53:23 (Duration: 4ms)
================================================================================





================================================================================
 TEST START                                                                     
--------------------------------------------------------------------------------
    Test class:  RollbackToWALTest
    Test method: crashingIncTxTest_BeforeNowTimestampUpdate_WithThreadKill[Using inmemory]
    Start time:  2017/08/28 19:53:23
================================================================================





================================================================================
 TEST SUCCEEDED                                                                 
--------------------------------------------------------------------------------
    Test class:  RollbackToWALTest
    Test method: crashingIncTxTest_BeforeNowTimestampUpdate_WithThreadKill[Using inmemory]
    End time:    2017/08/28 19:53:23 (Duration: 5ms)
================================================================================





================================================================================
 TEST START                                                                     
--------------------------------------------------------------------------------
    Test class:  RollbackToWALTest
    Test method: crashingIncTxTest_BeforeSecondaryIndexUpdate_WithThreadKill[Using inmemory]
    Start time:  2017/08/28 19:53:23
================================================================================





================================================================================
 TEST SUCCEEDED                                                                 
--------------------------------------------------------------------------------
    Test class:  RollbackToWALTest
    Test method: crashingIncTxTest_BeforeSecondaryIndexUpdate_WithThreadKill[Using inmemory]
    End time:    2017/08/28 19:53:23 (Duration: 2ms)
================================================================================





================================================================================
 TEST START                                                                     
--------------------------------------------------------------------------------
    Test class:  RollbackToWALTest
    Test method: crashingTxTest_BeforeMetadataUpdate_WithException[Using inmemory]
    Start time:  2017/08/28 19:53:23
================================================================================





================================================================================
 TEST SUCCEEDED                                                                 
--------------------------------------------------------------------------------
    Test class:  RollbackToWALTest
    Test method: crashingTxTest_BeforeMetadataUpdate_WithException[Using inmemory]
    End time:    2017/08/28 19:53:23 (Duration: 4ms)
================================================================================





================================================================================
 TEST START                                                                     
--------------------------------------------------------------------------------
    Test class:  RollbackToWALTest
    Test method: crashingTxTest_BeforePrimaryIndexUpdate_WithException[Using inmemory]
    Start time:  2017/08/28 19:53:23
================================================================================





================================================================================
 TEST SUCCEEDED                                                                 
--------------------------------------------------------------------------------
    Test class:  RollbackToWALTest
    Test method: crashingTxTest_BeforePrimaryIndexUpdate_WithException[Using inmemory]
    End time:    2017/08/28 19:53:23 (Duration: 4ms)
================================================================================





================================================================================
 TEST START                                                                     
--------------------------------------------------------------------------------
    Test class:  RollbackToWALTest
    Test method: crashingIncTxTest_BeforeMetadataUpdate_WithException[Using inmemory]
    Start time:  2017/08/28 19:53:23
================================================================================





================================================================================
 TEST SUCCEEDED                                                                 
--------------------------------------------------------------------------------
    Test class:  RollbackToWALTest
    Test method: crashingIncTxTest_BeforeMetadataUpdate_WithException[Using inmemory]
    End time:    2017/08/28 19:53:23 (Duration: 2ms)
================================================================================





================================================================================
 TEST START                                                                     
--------------------------------------------------------------------------------
    Test class:  RollbackToWALTest
    Test method: crashingIncTxTest_BeforePrimaryIndexUpdate_WithException[Using inmemory]
    Start time:  2017/08/28 19:53:23
================================================================================





================================================================================
 TEST SUCCEEDED                                                                 
--------------------------------------------------------------------------------
    Test class:  RollbackToWALTest
    Test method: crashingIncTxTest_BeforePrimaryIndexUpdate_WithException[Using inmemory]
    End time:    2017/08/28 19:53:23 (Duration: 4ms)
================================================================================





================================================================================
 TEST START                                                                     
--------------------------------------------------------------------------------
    Test class:  RollbackToWALTest
    Test method: crashingTxTest_BeforeMetadataUpdate_WithThreadKill[Using inmemory]
    Start time:  2017/08/28 19:53:23
================================================================================





================================================================================
 TEST SUCCEEDED                                                                 
--------------------------------------------------------------------------------
    Test class:  RollbackToWALTest
    Test method: crashingTxTest_BeforeMetadataUpdate_WithThreadKill[Using inmemory]
    End time:    2017/08/28 19:53:23 (Duration: 4ms)
================================================================================





================================================================================
 TEST START                                                                     
--------------------------------------------------------------------------------
    Test class:  RollbackToWALTest
    Test method: crashingTxTest_BeforeTransactionCommitted_WithThreadKill[Using inmemory]
    Start time:  2017/08/28 19:53:23
================================================================================





================================================================================
 TEST SUCCEEDED                                                                 
--------------------------------------------------------------------------------
    Test class:  RollbackToWALTest
    Test method: crashingTxTest_BeforeTransactionCommitted_WithThreadKill[Using inmemory]
    End time:    2017/08/28 19:53:23 (Duration: 4ms)
================================================================================





================================================================================
 TEST START                                                                     
--------------------------------------------------------------------------------
    Test class:  RollbackToWALTest
    Test method: crashingTxTest_BeforeCacheUpdate_WithThreadKill[Using inmemory]
    Start time:  2017/08/28 19:53:23
================================================================================





================================================================================
 TEST SUCCEEDED                                                                 
--------------------------------------------------------------------------------
    Test class:  RollbackToWALTest
    Test method: crashingTxTest_BeforeCacheUpdate_WithThreadKill[Using inmemory]
    End time:    2017/08/28 19:53:23 (Duration: 4ms)
================================================================================





================================================================================
 TEST START                                                                     
--------------------------------------------------------------------------------
    Test class:  RollbackToWALTest
    Test method: crashingTxTest_BeforeCacheUpdate_WithException[Using inmemory]
    Start time:  2017/08/28 19:53:23
================================================================================





================================================================================
 TEST SUCCEEDED                                                                 
--------------------------------------------------------------------------------
    Test class:  RollbackToWALTest
    Test method: crashingTxTest_BeforeCacheUpdate_WithException[Using inmemory]
    End time:    2017/08/28 19:53:23 (Duration: 3ms)
================================================================================





================================================================================
 TEST START                                                                     
--------------------------------------------------------------------------------
    Test class:  RollbackToWALTest
    Test method: crashingIncTxTest_BeforeCacheUpdate_WithThreadKill[Using inmemory]
    Start time:  2017/08/28 19:53:23
================================================================================





================================================================================
 TEST SUCCEEDED                                                                 
--------------------------------------------------------------------------------
    Test class:  RollbackToWALTest
    Test method: crashingIncTxTest_BeforeCacheUpdate_WithThreadKill[Using inmemory]
    End time:    2017/08/28 19:53:23 (Duration: 4ms)
================================================================================





================================================================================
 TEST START                                                                     
--------------------------------------------------------------------------------
    Test class:  RollbackToWALTest
    Test method: crashingTxTest_BeforeSecondaryIndexUpdate_WithException[Using inmemory]
    Start time:  2017/08/28 19:53:23
================================================================================





================================================================================
 TEST SUCCEEDED                                                                 
--------------------------------------------------------------------------------
    Test class:  RollbackToWALTest
    Test method: crashingTxTest_BeforeSecondaryIndexUpdate_WithException[Using inmemory]
    End time:    2017/08/28 19:53:23 (Duration: 4ms)
================================================================================





================================================================================
 TEST START                                                                     
--------------------------------------------------------------------------------
    Test class:  RollbackToWALTest
    Test method: crashingTxTest_BeforePrimaryIndexUpdate_WithThreadKill[Using inmemory]
    Start time:  2017/08/28 19:53:23
================================================================================





================================================================================
 TEST SUCCEEDED                                                                 
--------------------------------------------------------------------------------
    Test class:  RollbackToWALTest
    Test method: crashingTxTest_BeforePrimaryIndexUpdate_WithThreadKill[Using inmemory]
    End time:    2017/08/28 19:53:23 (Duration: 4ms)
================================================================================





================================================================================
 TEST START                                                                     
--------------------------------------------------------------------------------
    Test class:  RollbackToWALTest
    Test method: crashingTxTest_BeforeNowTimestampUpdate_WithException[Using inmemory]
    Start time:  2017/08/28 19:53:23
================================================================================





================================================================================
 TEST SUCCEEDED                                                                 
--------------------------------------------------------------------------------
    Test class:  RollbackToWALTest
    Test method: crashingTxTest_BeforeNowTimestampUpdate_WithException[Using inmemory]
    End time:    2017/08/28 19:53:23 (Duration: 3ms)
================================================================================





================================================================================
 TEST START                                                                     
--------------------------------------------------------------------------------
    Test class:  RollbackToWALTest
    Test method: crashingIncTxTest_BeforeNowTimestampUpdate_WithException[Using inmemory]
    Start time:  2017/08/28 19:53:23
================================================================================





================================================================================
 TEST SUCCEEDED                                                                 
--------------------------------------------------------------------------------
    Test class:  RollbackToWALTest
    Test method: crashingIncTxTest_BeforeNowTimestampUpdate_WithException[Using inmemory]
    End time:    2017/08/28 19:53:23 (Duration: 4ms)
================================================================================





================================================================================
 TEST START                                                                     
--------------------------------------------------------------------------------
    Test class:  RollbackToWALTest
    Test method: crashingIncTxTest_BeforeTransactionCommitted_WithThreadKill[Using inmemory]
    Start time:  2017/08/28 19:53:23
================================================================================





================================================================================
 TEST SUCCEEDED                                                                 
--------------------------------------------------------------------------------
    Test class:  RollbackToWALTest
    Test method: crashingIncTxTest_BeforeTransactionCommitted_WithThreadKill[Using inmemory]
    End time:    2017/08/28 19:53:23 (Duration: 4ms)
================================================================================





================================================================================
 TEST START                                                                     
--------------------------------------------------------------------------------
    Test class:  RollbackToWALTest
    Test method: crashingTxTest_BeforeSecondaryIndexUpdate_WithThreadKill[Using inmemory]
    Start time:  2017/08/28 19:53:23
================================================================================





================================================================================
 TEST SUCCEEDED                                                                 
--------------------------------------------------------------------------------
    Test class:  RollbackToWALTest
    Test method: crashingTxTest_BeforeSecondaryIndexUpdate_WithThreadKill[Using inmemory]
    End time:    2017/08/28 19:53:23 (Duration: 4ms)
================================================================================





================================================================================
 TEST START                                                                     
--------------------------------------------------------------------------------
    Test class:  RollbackToWALTest
    Test method: crashingTxTest_BeforeNowTimestampUpdate_WithThreadKill[Using inmemory]
    Start time:  2017/08/28 19:53:23
================================================================================





================================================================================
 TEST SUCCEEDED                                                                 
--------------------------------------------------------------------------------
    Test class:  RollbackToWALTest
    Test method: crashingTxTest_BeforeNowTimestampUpdate_WithThreadKill[Using inmemory]
    End time:    2017/08/28 19:53:23 (Duration: 4ms)
================================================================================





================================================================================
 TEST START                                                                     
--------------------------------------------------------------------------------
    Test class:  RollbackToWALTest
    Test method: crashingIncTxTest_BeforeTransactionCommittedUpdate_WithException[Using inmemory]
    Start time:  2017/08/28 19:53:23
================================================================================





================================================================================
 TEST SUCCEEDED                                                                 
--------------------------------------------------------------------------------
    Test class:  RollbackToWALTest
    Test method: crashingIncTxTest_BeforeTransactionCommittedUpdate_WithException[Using inmemory]
    End time:    2017/08/28 19:53:23 (Duration: 3ms)
================================================================================





================================================================================
 TEST START                                                                     
--------------------------------------------------------------------------------
    Test class:  RollbackToWALTest
    Test method: crashingTxTest_BeforeTransactionCommittedUpdate_WithException[Using inmemory]
    Start time:  2017/08/28 19:53:23
================================================================================





================================================================================
 TEST SUCCEEDED                                                                 
--------------------------------------------------------------------------------
    Test class:  RollbackToWALTest
    Test method: crashingTxTest_BeforeTransactionCommittedUpdate_WithException[Using inmemory]
    End time:    2017/08/28 19:53:23 (Duration: 4ms)
================================================================================





================================================================================
 TEST START                                                                     
--------------------------------------------------------------------------------
    Test class:  RollbackToWALTest
    Test method: crashingIncTxTest_BeforePrimaryIndexUpdate_WithThreadKill[Using inmemory]
    Start time:  2017/08/28 19:53:23
================================================================================





================================================================================
 TEST SUCCEEDED                                                                 
--------------------------------------------------------------------------------
    Test class:  RollbackToWALTest
    Test method: crashingIncTxTest_BeforePrimaryIndexUpdate_WithThreadKill[Using inmemory]
    End time:    2017/08/28 19:53:23 (Duration: 5ms)
================================================================================





================================================================================
 TEST START                                                                     
--------------------------------------------------------------------------------
    Test class:  RollbackToWALTest
    Test method: crashingIncTxTest_BeforeCacheUpdate_WithException[Using inmemory]
    Start time:  2017/08/28 19:53:23
================================================================================





================================================================================
 TEST SUCCEEDED                                                                 
--------------------------------------------------------------------------------
    Test class:  RollbackToWALTest
    Test method: crashingIncTxTest_BeforeCacheUpdate_WithException[Using inmemory]
    End time:    2017/08/28 19:53:23 (Duration: 3ms)
================================================================================





================================================================================
 TEST START                                                                     
--------------------------------------------------------------------------------
    Test class:  RollbackToWALTest
    Test method: crashingIncTxTest_BeforeSecondaryIndexUpdate_WithException[Using inmemory]
    Start time:  2017/08/28 19:53:23
================================================================================





================================================================================
 TEST SUCCEEDED                                                                 
--------------------------------------------------------------------------------
    Test class:  RollbackToWALTest
    Test method: crashingIncTxTest_BeforeSecondaryIndexUpdate_WithException[Using inmemory]
    End time:    2017/08/28 19:53:23 (Duration: 4ms)
================================================================================





================================================================================
 TEST START                                                                     
--------------------------------------------------------------------------------
    Test class:  RollbackToWALTest
    Test method: crashingIncTxTest_BeforeMetadataUpdate_WithThreadKill[Using chunked]
    Start time:  2017/08/28 19:53:23
================================================================================





================================================================================
 TEST SUCCEEDED                                                                 
--------------------------------------------------------------------------------
    Test class:  RollbackToWALTest
    Test method: crashingIncTxTest_BeforeMetadataUpdate_WithThreadKill[Using chunked]
    End time:    2017/08/28 19:53:23 (Duration: 201ms)
================================================================================





================================================================================
 TEST START                                                                     
--------------------------------------------------------------------------------
    Test class:  RollbackToWALTest
    Test method: crashingIncTxTest_BeforeNowTimestampUpdate_WithThreadKill[Using chunked]
    Start time:  2017/08/28 19:53:23
================================================================================





================================================================================
 TEST SUCCEEDED                                                                 
--------------------------------------------------------------------------------
    Test class:  RollbackToWALTest
    Test method: crashingIncTxTest_BeforeNowTimestampUpdate_WithThreadKill[Using chunked]
    End time:    2017/08/28 19:53:23 (Duration: 211ms)
================================================================================





================================================================================
 TEST START                                                                     
--------------------------------------------------------------------------------
    Test class:  RollbackToWALTest
    Test method: crashingIncTxTest_BeforeSecondaryIndexUpdate_WithThreadKill[Using chunked]
    Start time:  2017/08/28 19:53:23
================================================================================





================================================================================
 TEST SUCCEEDED                                                                 
--------------------------------------------------------------------------------
    Test class:  RollbackToWALTest
    Test method: crashingIncTxTest_BeforeSecondaryIndexUpdate_WithThreadKill[Using chunked]
    End time:    2017/08/28 19:53:23 (Duration: 299ms)
================================================================================





================================================================================
 TEST START                                                                     
--------------------------------------------------------------------------------
    Test class:  RollbackToWALTest
    Test method: crashingTxTest_BeforeMetadataUpdate_WithException[Using chunked]
    Start time:  2017/08/28 19:53:23
================================================================================





================================================================================
 TEST SUCCEEDED                                                                 
--------------------------------------------------------------------------------
    Test class:  RollbackToWALTest
    Test method: crashingTxTest_BeforeMetadataUpdate_WithException[Using chunked]
    End time:    2017/08/28 19:53:24 (Duration: 395ms)
================================================================================





================================================================================
 TEST START                                                                     
--------------------------------------------------------------------------------
    Test class:  RollbackToWALTest
    Test method: crashingTxTest_BeforePrimaryIndexUpdate_WithException[Using chunked]
    Start time:  2017/08/28 19:53:24
================================================================================





================================================================================
 TEST SUCCEEDED                                                                 
--------------------------------------------------------------------------------
    Test class:  RollbackToWALTest
    Test method: crashingTxTest_BeforePrimaryIndexUpdate_WithException[Using chunked]
    End time:    2017/08/28 19:53:24 (Duration: 368ms)
================================================================================





================================================================================
 TEST START                                                                     
--------------------------------------------------------------------------------
    Test class:  RollbackToWALTest
    Test method: crashingIncTxTest_BeforeMetadataUpdate_WithException[Using chunked]
    Start time:  2017/08/28 19:53:24
================================================================================





================================================================================
 TEST SUCCEEDED                                                                 
--------------------------------------------------------------------------------
    Test class:  RollbackToWALTest
    Test method: crashingIncTxTest_BeforeMetadataUpdate_WithException[Using chunked]
    End time:    2017/08/28 19:53:25 (Duration: 384ms)
================================================================================





================================================================================
 TEST START                                                                     
--------------------------------------------------------------------------------
    Test class:  RollbackToWALTest
    Test method: crashingIncTxTest_BeforePrimaryIndexUpdate_WithException[Using chunked]
    Start time:  2017/08/28 19:53:25
================================================================================





================================================================================
 TEST SUCCEEDED                                                                 
--------------------------------------------------------------------------------
    Test class:  RollbackToWALTest
    Test method: crashingIncTxTest_BeforePrimaryIndexUpdate_WithException[Using chunked]
    End time:    2017/08/28 19:53:25 (Duration: 368ms)
================================================================================





================================================================================
 TEST START                                                                     
--------------------------------------------------------------------------------
    Test class:  RollbackToWALTest
    Test method: crashingTxTest_BeforeMetadataUpdate_WithThreadKill[Using chunked]
    Start time:  2017/08/28 19:53:25
================================================================================





================================================================================
 TEST SUCCEEDED                                                                 
--------------------------------------------------------------------------------
    Test class:  RollbackToWALTest
    Test method: crashingTxTest_BeforeMetadataUpdate_WithThreadKill[Using chunked]
    End time:    2017/08/28 19:53:25 (Duration: 384ms)
================================================================================





================================================================================
 TEST START                                                                     
--------------------------------------------------------------------------------
    Test class:  RollbackToWALTest
    Test method: crashingTxTest_BeforeTransactionCommitted_WithThreadKill[Using chunked]
    Start time:  2017/08/28 19:53:25
================================================================================





================================================================================
 TEST SUCCEEDED                                                                 
--------------------------------------------------------------------------------
    Test class:  RollbackToWALTest
    Test method: crashingTxTest_BeforeTransactionCommitted_WithThreadKill[Using chunked]
    End time:    2017/08/28 19:53:26 (Duration: 232ms)
================================================================================





================================================================================
 TEST START                                                                     
--------------------------------------------------------------------------------
    Test class:  RollbackToWALTest
    Test method: crashingTxTest_BeforeCacheUpdate_WithThreadKill[Using chunked]
    Start time:  2017/08/28 19:53:26
================================================================================





================================================================================
 TEST SUCCEEDED                                                                 
--------------------------------------------------------------------------------
    Test class:  RollbackToWALTest
    Test method: crashingTxTest_BeforeCacheUpdate_WithThreadKill[Using chunked]
    End time:    2017/08/28 19:53:26 (Duration: 215ms)
================================================================================





================================================================================
 TEST START                                                                     
--------------------------------------------------------------------------------
    Test class:  RollbackToWALTest
    Test method: crashingTxTest_BeforeCacheUpdate_WithException[Using chunked]
    Start time:  2017/08/28 19:53:26
================================================================================





================================================================================
 TEST SUCCEEDED                                                                 
--------------------------------------------------------------------------------
    Test class:  RollbackToWALTest
    Test method: crashingTxTest_BeforeCacheUpdate_WithException[Using chunked]
    End time:    2017/08/28 19:53:26 (Duration: 346ms)
================================================================================





================================================================================
 TEST START                                                                     
--------------------------------------------------------------------------------
    Test class:  RollbackToWALTest
    Test method: crashingIncTxTest_BeforeCacheUpdate_WithThreadKill[Using chunked]
    Start time:  2017/08/28 19:53:26
================================================================================





================================================================================
 TEST SUCCEEDED                                                                 
--------------------------------------------------------------------------------
    Test class:  RollbackToWALTest
    Test method: crashingIncTxTest_BeforeCacheUpdate_WithThreadKill[Using chunked]
    End time:    2017/08/28 19:53:27 (Duration: 384ms)
================================================================================





================================================================================
 TEST START                                                                     
--------------------------------------------------------------------------------
    Test class:  RollbackToWALTest
    Test method: crashingTxTest_BeforeSecondaryIndexUpdate_WithException[Using chunked]
    Start time:  2017/08/28 19:53:27
================================================================================





================================================================================
 TEST SUCCEEDED                                                                 
--------------------------------------------------------------------------------
    Test class:  RollbackToWALTest
    Test method: crashingTxTest_BeforeSecondaryIndexUpdate_WithException[Using chunked]
    End time:    2017/08/28 19:53:27 (Duration: 400ms)
================================================================================





================================================================================
 TEST START                                                                     
--------------------------------------------------------------------------------
    Test class:  RollbackToWALTest
    Test method: crashingTxTest_BeforePrimaryIndexUpdate_WithThreadKill[Using chunked]
    Start time:  2017/08/28 19:53:27
================================================================================





================================================================================
 TEST SUCCEEDED                                                                 
--------------------------------------------------------------------------------
    Test class:  RollbackToWALTest
    Test method: crashingTxTest_BeforePrimaryIndexUpdate_WithThreadKill[Using chunked]
    End time:    2017/08/28 19:53:27 (Duration: 384ms)
================================================================================





================================================================================
 TEST START                                                                     
--------------------------------------------------------------------------------
    Test class:  RollbackToWALTest
    Test method: crashingTxTest_BeforeNowTimestampUpdate_WithException[Using chunked]
    Start time:  2017/08/28 19:53:27
================================================================================





================================================================================
 TEST SUCCEEDED                                                                 
--------------------------------------------------------------------------------
    Test class:  RollbackToWALTest
    Test method: crashingTxTest_BeforeNowTimestampUpdate_WithException[Using chunked]
    End time:    2017/08/28 19:53:28 (Duration: 416ms)
================================================================================





================================================================================
 TEST START                                                                     
--------------------------------------------------------------------------------
    Test class:  RollbackToWALTest
    Test method: crashingIncTxTest_BeforeNowTimestampUpdate_WithException[Using chunked]
    Start time:  2017/08/28 19:53:28
================================================================================





================================================================================
 TEST SUCCEEDED                                                                 
--------------------------------------------------------------------------------
    Test class:  RollbackToWALTest
    Test method: crashingIncTxTest_BeforeNowTimestampUpdate_WithException[Using chunked]
    End time:    2017/08/28 19:53:28 (Duration: 251ms)
================================================================================





================================================================================
 TEST START                                                                     
--------------------------------------------------------------------------------
    Test class:  RollbackToWALTest
    Test method: crashingIncTxTest_BeforeTransactionCommitted_WithThreadKill[Using chunked]
    Start time:  2017/08/28 19:53:28
================================================================================





================================================================================
 TEST SUCCEEDED                                                                 
--------------------------------------------------------------------------------
    Test class:  RollbackToWALTest
    Test method: crashingIncTxTest_BeforeTransactionCommitted_WithThreadKill[Using chunked]
    End time:    2017/08/28 19:53:28 (Duration: 217ms)
================================================================================





================================================================================
 TEST START                                                                     
--------------------------------------------------------------------------------
    Test class:  RollbackToWALTest
    Test method: crashingTxTest_BeforeSecondaryIndexUpdate_WithThreadKill[Using chunked]
    Start time:  2017/08/28 19:53:28
================================================================================





================================================================================
 TEST SUCCEEDED                                                                 
--------------------------------------------------------------------------------
    Test class:  RollbackToWALTest
    Test method: crashingTxTest_BeforeSecondaryIndexUpdate_WithThreadKill[Using chunked]
    End time:    2017/08/28 19:53:28 (Duration: 232ms)
================================================================================





================================================================================
 TEST START                                                                     
--------------------------------------------------------------------------------
    Test class:  RollbackToWALTest
    Test method: crashingTxTest_BeforeNowTimestampUpdate_WithThreadKill[Using chunked]
    Start time:  2017/08/28 19:53:28
================================================================================





================================================================================
 TEST SUCCEEDED                                                                 
--------------------------------------------------------------------------------
    Test class:  RollbackToWALTest
    Test method: crashingTxTest_BeforeNowTimestampUpdate_WithThreadKill[Using chunked]
    End time:    2017/08/28 19:53:29 (Duration: 231ms)
================================================================================





================================================================================
 TEST START                                                                     
--------------------------------------------------------------------------------
    Test class:  RollbackToWALTest
    Test method: crashingIncTxTest_BeforeTransactionCommittedUpdate_WithException[Using chunked]
    Start time:  2017/08/28 19:53:29
================================================================================





================================================================================
 TEST SUCCEEDED                                                                 
--------------------------------------------------------------------------------
    Test class:  RollbackToWALTest
    Test method: crashingIncTxTest_BeforeTransactionCommittedUpdate_WithException[Using chunked]
    End time:    2017/08/28 19:53:29 (Duration: 284ms)
================================================================================





================================================================================
 TEST START                                                                     
--------------------------------------------------------------------------------
    Test class:  RollbackToWALTest
    Test method: crashingTxTest_BeforeTransactionCommittedUpdate_WithException[Using chunked]
    Start time:  2017/08/28 19:53:29
================================================================================





================================================================================
 TEST SUCCEEDED                                                                 
--------------------------------------------------------------------------------
    Test class:  RollbackToWALTest
    Test method: crashingTxTest_BeforeTransactionCommittedUpdate_WithException[Using chunked]
    End time:    2017/08/28 19:53:29 (Duration: 401ms)
================================================================================





================================================================================
 TEST START                                                                     
--------------------------------------------------------------------------------
    Test class:  RollbackToWALTest
    Test method: crashingIncTxTest_BeforePrimaryIndexUpdate_WithThreadKill[Using chunked]
    Start time:  2017/08/28 19:53:29
================================================================================





================================================================================
 TEST SUCCEEDED                                                                 
--------------------------------------------------------------------------------
    Test class:  RollbackToWALTest
    Test method: crashingIncTxTest_BeforePrimaryIndexUpdate_WithThreadKill[Using chunked]
    End time:    2017/08/28 19:53:30 (Duration: 385ms)
================================================================================





================================================================================
 TEST START                                                                     
--------------------------------------------------------------------------------
    Test class:  RollbackToWALTest
    Test method: crashingIncTxTest_BeforeCacheUpdate_WithException[Using chunked]
    Start time:  2017/08/28 19:53:30
================================================================================





================================================================================
 TEST SUCCEEDED                                                                 
--------------------------------------------------------------------------------
    Test class:  RollbackToWALTest
    Test method: crashingIncTxTest_BeforeCacheUpdate_WithException[Using chunked]
    End time:    2017/08/28 19:53:30 (Duration: 370ms)
================================================================================





================================================================================
 TEST START                                                                     
--------------------------------------------------------------------------------
    Test class:  RollbackToWALTest
    Test method: crashingIncTxTest_BeforeSecondaryIndexUpdate_WithException[Using chunked]
    Start time:  2017/08/28 19:53:30
================================================================================





================================================================================
 TEST SUCCEEDED                                                                 
--------------------------------------------------------------------------------
    Test class:  RollbackToWALTest
    Test method: crashingIncTxTest_BeforeSecondaryIndexUpdate_WithException[Using chunked]
    End time:    2017/08/28 19:53:31 (Duration: 384ms)
================================================================================





================================================================================
 TEST START                                                                     
--------------------------------------------------------------------------------
    Test class:  RollbackToWALTest
    Test method: crashingIncTxTest_BeforeMetadataUpdate_WithThreadKill[Using mapdb]
    Start time:  2017/08/28 19:53:31
================================================================================





================================================================================
 TEST SUCCEEDED                                                                 
--------------------------------------------------------------------------------
    Test class:  RollbackToWALTest
    Test method: crashingIncTxTest_BeforeMetadataUpdate_WithThreadKill[Using mapdb]
    End time:    2017/08/28 19:53:31 (Duration: 647ms)
================================================================================





================================================================================
 TEST START                                                                     
--------------------------------------------------------------------------------
    Test class:  RollbackToWALTest
    Test method: crashingIncTxTest_BeforeNowTimestampUpdate_WithThreadKill[Using mapdb]
    Start time:  2017/08/28 19:53:31
================================================================================





================================================================================
 TEST SUCCEEDED                                                                 
--------------------------------------------------------------------------------
    Test class:  RollbackToWALTest
    Test method: crashingIncTxTest_BeforeNowTimestampUpdate_WithThreadKill[Using mapdb]
    End time:    2017/08/28 19:53:32 (Duration: 554ms)
================================================================================





================================================================================
 TEST START                                                                     
--------------------------------------------------------------------------------
    Test class:  RollbackToWALTest
    Test method: crashingIncTxTest_BeforeSecondaryIndexUpdate_WithThreadKill[Using mapdb]
    Start time:  2017/08/28 19:53:32
================================================================================





================================================================================
 TEST SUCCEEDED                                                                 
--------------------------------------------------------------------------------
    Test class:  RollbackToWALTest
    Test method: crashingIncTxTest_BeforeSecondaryIndexUpdate_WithThreadKill[Using mapdb]
    End time:    2017/08/28 19:53:32 (Duration: 478ms)
================================================================================





================================================================================
 TEST START                                                                     
--------------------------------------------------------------------------------
    Test class:  RollbackToWALTest
    Test method: crashingTxTest_BeforeMetadataUpdate_WithException[Using mapdb]
    Start time:  2017/08/28 19:53:32
================================================================================





================================================================================
 TEST SUCCEEDED                                                                 
--------------------------------------------------------------------------------
    Test class:  RollbackToWALTest
    Test method: crashingTxTest_BeforeMetadataUpdate_WithException[Using mapdb]
    End time:    2017/08/28 19:53:33 (Duration: 822ms)
================================================================================





================================================================================
 TEST START                                                                     
--------------------------------------------------------------------------------
    Test class:  RollbackToWALTest
    Test method: crashingTxTest_BeforePrimaryIndexUpdate_WithException[Using mapdb]
    Start time:  2017/08/28 19:53:33
================================================================================





================================================================================
 TEST SUCCEEDED                                                                 
--------------------------------------------------------------------------------
    Test class:  RollbackToWALTest
    Test method: crashingTxTest_BeforePrimaryIndexUpdate_WithException[Using mapdb]
    End time:    2017/08/28 19:53:34 (Duration: 762ms)
================================================================================





================================================================================
 TEST START                                                                     
--------------------------------------------------------------------------------
    Test class:  RollbackToWALTest
    Test method: crashingIncTxTest_BeforeMetadataUpdate_WithException[Using mapdb]
    Start time:  2017/08/28 19:53:34
================================================================================





================================================================================
 TEST SUCCEEDED                                                                 
--------------------------------------------------------------------------------
    Test class:  RollbackToWALTest
    Test method: crashingIncTxTest_BeforeMetadataUpdate_WithException[Using mapdb]
    End time:    2017/08/28 19:53:35 (Duration: 800ms)
================================================================================





================================================================================
 TEST START                                                                     
--------------------------------------------------------------------------------
    Test class:  RollbackToWALTest
    Test method: crashingIncTxTest_BeforePrimaryIndexUpdate_WithException[Using mapdb]
    Start time:  2017/08/28 19:53:35
================================================================================





================================================================================
 TEST SUCCEEDED                                                                 
--------------------------------------------------------------------------------
    Test class:  RollbackToWALTest
    Test method: crashingIncTxTest_BeforePrimaryIndexUpdate_WithException[Using mapdb]
    End time:    2017/08/28 19:53:35 (Duration: 600ms)
================================================================================





================================================================================
 TEST START                                                                     
--------------------------------------------------------------------------------
    Test class:  RollbackToWALTest
    Test method: crashingTxTest_BeforeMetadataUpdate_WithThreadKill[Using mapdb]
    Start time:  2017/08/28 19:53:35
================================================================================





================================================================================
 TEST SUCCEEDED                                                                 
--------------------------------------------------------------------------------
    Test class:  RollbackToWALTest
    Test method: crashingTxTest_BeforeMetadataUpdate_WithThreadKill[Using mapdb]
    End time:    2017/08/28 19:53:36 (Duration: 554ms)
================================================================================





================================================================================
 TEST START                                                                     
--------------------------------------------------------------------------------
    Test class:  RollbackToWALTest
    Test method: crashingTxTest_BeforeTransactionCommitted_WithThreadKill[Using mapdb]
    Start time:  2017/08/28 19:53:36
================================================================================





================================================================================
 TEST SUCCEEDED                                                                 
--------------------------------------------------------------------------------
    Test class:  RollbackToWALTest
    Test method: crashingTxTest_BeforeTransactionCommitted_WithThreadKill[Using mapdb]
    End time:    2017/08/28 19:53:37 (Duration: 862ms)
================================================================================





================================================================================
 TEST START                                                                     
--------------------------------------------------------------------------------
    Test class:  RollbackToWALTest
    Test method: crashingTxTest_BeforeCacheUpdate_WithThreadKill[Using mapdb]
    Start time:  2017/08/28 19:53:37
================================================================================





================================================================================
 TEST SUCCEEDED                                                                 
--------------------------------------------------------------------------------
    Test class:  RollbackToWALTest
    Test method: crashingTxTest_BeforeCacheUpdate_WithThreadKill[Using mapdb]
    End time:    2017/08/28 19:53:37 (Duration: 821ms)
================================================================================





================================================================================
 TEST START                                                                     
--------------------------------------------------------------------------------
    Test class:  RollbackToWALTest
    Test method: crashingTxTest_BeforeCacheUpdate_WithException[Using mapdb]
    Start time:  2017/08/28 19:53:37
================================================================================





================================================================================
 TEST SUCCEEDED                                                                 
--------------------------------------------------------------------------------
    Test class:  RollbackToWALTest
    Test method: crashingTxTest_BeforeCacheUpdate_WithException[Using mapdb]
    End time:    2017/08/28 19:53:38 (Duration: 830ms)
================================================================================





================================================================================
 TEST START                                                                     
--------------------------------------------------------------------------------
    Test class:  RollbackToWALTest
    Test method: crashingIncTxTest_BeforeCacheUpdate_WithThreadKill[Using mapdb]
    Start time:  2017/08/28 19:53:38
================================================================================





================================================================================
 TEST SUCCEEDED                                                                 
--------------------------------------------------------------------------------
    Test class:  RollbackToWALTest
    Test method: crashingIncTxTest_BeforeCacheUpdate_WithThreadKill[Using mapdb]
    End time:    2017/08/28 19:53:39 (Duration: 548ms)
================================================================================





================================================================================
 TEST START                                                                     
--------------------------------------------------------------------------------
    Test class:  RollbackToWALTest
    Test method: crashingTxTest_BeforeSecondaryIndexUpdate_WithException[Using mapdb]
    Start time:  2017/08/28 19:53:39
================================================================================





================================================================================
 TEST SUCCEEDED                                                                 
--------------------------------------------------------------------------------
    Test class:  RollbackToWALTest
    Test method: crashingTxTest_BeforeSecondaryIndexUpdate_WithException[Using mapdb]
    End time:    2017/08/28 19:53:39 (Duration: 569ms)
================================================================================





================================================================================
 TEST START                                                                     
--------------------------------------------------------------------------------
    Test class:  RollbackToWALTest
    Test method: crashingTxTest_BeforePrimaryIndexUpdate_WithThreadKill[Using mapdb]
    Start time:  2017/08/28 19:53:39
================================================================================





================================================================================
 TEST SUCCEEDED                                                                 
--------------------------------------------------------------------------------
    Test class:  RollbackToWALTest
    Test method: crashingTxTest_BeforePrimaryIndexUpdate_WithThreadKill[Using mapdb]
    End time:    2017/08/28 19:53:40 (Duration: 731ms)
================================================================================





================================================================================
 TEST START                                                                     
--------------------------------------------------------------------------------
    Test class:  RollbackToWALTest
    Test method: crashingTxTest_BeforeNowTimestampUpdate_WithException[Using mapdb]
    Start time:  2017/08/28 19:53:40
================================================================================





================================================================================
 TEST SUCCEEDED                                                                 
--------------------------------------------------------------------------------
    Test class:  RollbackToWALTest
    Test method: crashingTxTest_BeforeNowTimestampUpdate_WithException[Using mapdb]
    End time:    2017/08/28 19:53:41 (Duration: 838ms)
================================================================================





================================================================================
 TEST START                                                                     
--------------------------------------------------------------------------------
    Test class:  RollbackToWALTest
    Test method: crashingIncTxTest_BeforeNowTimestampUpdate_WithException[Using mapdb]
    Start time:  2017/08/28 19:53:41
================================================================================





================================================================================
 TEST SUCCEEDED                                                                 
--------------------------------------------------------------------------------
    Test class:  RollbackToWALTest
    Test method: crashingIncTxTest_BeforeNowTimestampUpdate_WithException[Using mapdb]
    End time:    2017/08/28 19:53:42 (Duration: 785ms)
================================================================================





================================================================================
 TEST START                                                                     
--------------------------------------------------------------------------------
    Test class:  RollbackToWALTest
    Test method: crashingIncTxTest_BeforeTransactionCommitted_WithThreadKill[Using mapdb]
    Start time:  2017/08/28 19:53:42
================================================================================





================================================================================
 TEST SUCCEEDED                                                                 
--------------------------------------------------------------------------------
    Test class:  RollbackToWALTest
    Test method: crashingIncTxTest_BeforeTransactionCommitted_WithThreadKill[Using mapdb]
    End time:    2017/08/28 19:53:42 (Duration: 579ms)
================================================================================





================================================================================
 TEST START                                                                     
--------------------------------------------------------------------------------
    Test class:  RollbackToWALTest
    Test method: crashingTxTest_BeforeSecondaryIndexUpdate_WithThreadKill[Using mapdb]
    Start time:  2017/08/28 19:53:42
================================================================================





================================================================================
 TEST SUCCEEDED                                                                 
--------------------------------------------------------------------------------
    Test class:  RollbackToWALTest
    Test method: crashingTxTest_BeforeSecondaryIndexUpdate_WithThreadKill[Using mapdb]
    End time:    2017/08/28 19:53:43 (Duration: 668ms)
================================================================================





================================================================================
 TEST START                                                                     
--------------------------------------------------------------------------------
    Test class:  RollbackToWALTest
    Test method: crashingTxTest_BeforeNowTimestampUpdate_WithThreadKill[Using mapdb]
    Start time:  2017/08/28 19:53:43
================================================================================





================================================================================
 TEST SUCCEEDED                                                                 
--------------------------------------------------------------------------------
    Test class:  RollbackToWALTest
    Test method: crashingTxTest_BeforeNowTimestampUpdate_WithThreadKill[Using mapdb]
    End time:    2017/08/28 19:53:44 (Duration: 853ms)
================================================================================





================================================================================
 TEST START                                                                     
--------------------------------------------------------------------------------
    Test class:  RollbackToWALTest
    Test method: crashingIncTxTest_BeforeTransactionCommittedUpdate_WithException[Using mapdb]
    Start time:  2017/08/28 19:53:44
================================================================================





================================================================================
 TEST SUCCEEDED                                                                 
--------------------------------------------------------------------------------
    Test class:  RollbackToWALTest
    Test method: crashingIncTxTest_BeforeTransactionCommittedUpdate_WithException[Using mapdb]
    End time:    2017/08/28 19:53:45 (Duration: 832ms)
================================================================================





================================================================================
 TEST START                                                                     
--------------------------------------------------------------------------------
    Test class:  RollbackToWALTest
    Test method: crashingTxTest_BeforeTransactionCommittedUpdate_WithException[Using mapdb]
    Start time:  2017/08/28 19:53:45
================================================================================





================================================================================
 TEST SUCCEEDED                                                                 
--------------------------------------------------------------------------------
    Test class:  RollbackToWALTest
    Test method: crashingTxTest_BeforeTransactionCommittedUpdate_WithException[Using mapdb]
    End time:    2017/08/28 19:53:45 (Duration: 669ms)
================================================================================





================================================================================
 TEST START                                                                     
--------------------------------------------------------------------------------
    Test class:  RollbackToWALTest
    Test method: crashingIncTxTest_BeforePrimaryIndexUpdate_WithThreadKill[Using mapdb]
    Start time:  2017/08/28 19:53:45
================================================================================





================================================================================
 TEST SUCCEEDED                                                                 
--------------------------------------------------------------------------------
    Test class:  RollbackToWALTest
    Test method: crashingIncTxTest_BeforePrimaryIndexUpdate_WithThreadKill[Using mapdb]
    End time:    2017/08/28 19:53:46 (Duration: 467ms)
================================================================================





================================================================================
 TEST START                                                                     
--------------------------------------------------------------------------------
    Test class:  RollbackToWALTest
    Test method: crashingIncTxTest_BeforeCacheUpdate_WithException[Using mapdb]
    Start time:  2017/08/28 19:53:46
================================================================================





================================================================================
 TEST SUCCEEDED                                                                 
--------------------------------------------------------------------------------
    Test class:  RollbackToWALTest
    Test method: crashingIncTxTest_BeforeCacheUpdate_WithException[Using mapdb]
    End time:    2017/08/28 19:53:47 (Duration: 801ms)
================================================================================





================================================================================
 TEST START                                                                     
--------------------------------------------------------------------------------
    Test class:  RollbackToWALTest
    Test method: crashingIncTxTest_BeforeSecondaryIndexUpdate_WithException[Using mapdb]
    Start time:  2017/08/28 19:53:47
================================================================================





================================================================================
 TEST SUCCEEDED                                                                 
--------------------------------------------------------------------------------
    Test class:  RollbackToWALTest
    Test method: crashingIncTxTest_BeforeSecondaryIndexUpdate_WithException[Using mapdb]
    End time:    2017/08/28 19:53:47 (Duration: 730ms)
================================================================================



19:53:47.823 [Test worker] INFO  o.c.common.test.ChronosUnitTest - Attempting to delete temp directory provided at: C:\Users\Martin\AppData\Local\Temp\ChronoDBTest5529815287975316420
19:53:47.823 [Test worker] INFO  o.c.common.test.ChronosUnitTest - Successfully deleted temp directory
]]></system-out>
  <system-err><![CDATA[]]></system-err>
</testsuite>
