<?xml version="1.0" encoding="UTF-8"?>
<testsuite name="org.chronos.chronodb.test.engine.transaction.RollbackTest" tests="15" skipped="0" failures="0" errors="0" timestamp="2017-08-28T17:54:11" hostname="Aurora" time="3.018">
  <properties/>
  <testcase name="rollbackOnPrimaryIndexWorks[Using chunked]" classname="org.chronos.chronodb.test.engine.transaction.RollbackTest" time="0.199"/>
  <testcase name="rollbackOverriddenEntryWorks[Using chunked]" classname="org.chronos.chronodb.test.engine.transaction.RollbackTest" time="0.286"/>
  <testcase name="rollbackOnSecondaryIndexWorks[Using chunked]" classname="org.chronos.chronodb.test.engine.transaction.RollbackTest" time="0.401"/>
  <testcase name="rollbackOnPrimaryIndexWorks[Using mapdb]" classname="org.chronos.chronodb.test.engine.transaction.RollbackTest" time="0.501"/>
  <testcase name="rollbackOverriddenEntryWorks[Using mapdb]" classname="org.chronos.chronodb.test.engine.transaction.RollbackTest" time="0.501"/>
  <testcase name="rollbackOnSecondaryIndexWorks[Using mapdb]" classname="org.chronos.chronodb.test.engine.transaction.RollbackTest" time="0.683"/>
  <testcase name="rollbackOnPrimaryIndexWorks[Using tupl]" classname="org.chronos.chronodb.test.engine.transaction.RollbackTest" time="0.116"/>
  <testcase name="rollbackOverriddenEntryWorks[Using tupl]" classname="org.chronos.chronodb.test.engine.transaction.RollbackTest" time="0.1"/>
  <testcase name="rollbackOnSecondaryIndexWorks[Using tupl]" classname="org.chronos.chronodb.test.engine.transaction.RollbackTest" time="0.154"/>
  <testcase name="rollbackOnPrimaryIndexWorks[Using jdbc]" classname="org.chronos.chronodb.test.engine.transaction.RollbackTest" time="0.025"/>
  <testcase name="rollbackOverriddenEntryWorks[Using jdbc]" classname="org.chronos.chronodb.test.engine.transaction.RollbackTest" time="0.02"/>
  <testcase name="rollbackOnSecondaryIndexWorks[Using jdbc]" classname="org.chronos.chronodb.test.engine.transaction.RollbackTest" time="0.022"/>
  <testcase name="rollbackOnPrimaryIndexWorks[Using inmemory]" classname="org.chronos.chronodb.test.engine.transaction.RollbackTest" time="0.004"/>
  <testcase name="rollbackOverriddenEntryWorks[Using inmemory]" classname="org.chronos.chronodb.test.engine.transaction.RollbackTest" time="0.003"/>
  <testcase name="rollbackOnSecondaryIndexWorks[Using inmemory]" classname="org.chronos.chronodb.test.engine.transaction.RollbackTest" time="0.003"/>
  <system-out><![CDATA[19:54:11.771 [Test worker] INFO  o.c.common.test.ChronosUnitTest - Temp directory is provided at: C:\Users\Martin\AppData\Local\Temp\ChronoDBTest5529815287975316420


================================================================================
 TEST START                                                                     
--------------------------------------------------------------------------------
    Test class:  RollbackTest
    Test method: rollbackOnPrimaryIndexWorks[Using chunked]
    Start time:  2017/08/28 19:54:11
================================================================================





================================================================================
 TEST SUCCEEDED                                                                 
--------------------------------------------------------------------------------
    Test class:  RollbackTest
    Test method: rollbackOnPrimaryIndexWorks[Using chunked]
    End time:    2017/08/28 19:54:11 (Duration: 199ms)
================================================================================





================================================================================
 TEST START                                                                     
--------------------------------------------------------------------------------
    Test class:  RollbackTest
    Test method: rollbackOverriddenEntryWorks[Using chunked]
    Start time:  2017/08/28 19:54:11
================================================================================





================================================================================
 TEST SUCCEEDED                                                                 
--------------------------------------------------------------------------------
    Test class:  RollbackTest
    Test method: rollbackOverriddenEntryWorks[Using chunked]
    End time:    2017/08/28 19:54:12 (Duration: 286ms)
================================================================================





================================================================================
 TEST START                                                                     
--------------------------------------------------------------------------------
    Test class:  RollbackTest
    Test method: rollbackOnSecondaryIndexWorks[Using chunked]
    Start time:  2017/08/28 19:54:12
================================================================================





================================================================================
 TEST SUCCEEDED                                                                 
--------------------------------------------------------------------------------
    Test class:  RollbackTest
    Test method: rollbackOnSecondaryIndexWorks[Using chunked]
    End time:    2017/08/28 19:54:12 (Duration: 401ms)
================================================================================





================================================================================
 TEST START                                                                     
--------------------------------------------------------------------------------
    Test class:  RollbackTest
    Test method: rollbackOnPrimaryIndexWorks[Using mapdb]
    Start time:  2017/08/28 19:54:12
================================================================================





================================================================================
 TEST SUCCEEDED                                                                 
--------------------------------------------------------------------------------
    Test class:  RollbackTest
    Test method: rollbackOnPrimaryIndexWorks[Using mapdb]
    End time:    2017/08/28 19:54:13 (Duration: 501ms)
================================================================================





================================================================================
 TEST START                                                                     
--------------------------------------------------------------------------------
    Test class:  RollbackTest
    Test method: rollbackOverriddenEntryWorks[Using mapdb]
    Start time:  2017/08/28 19:54:13
================================================================================





================================================================================
 TEST SUCCEEDED                                                                 
--------------------------------------------------------------------------------
    Test class:  RollbackTest
    Test method: rollbackOverriddenEntryWorks[Using mapdb]
    End time:    2017/08/28 19:54:13 (Duration: 501ms)
================================================================================





================================================================================
 TEST START                                                                     
--------------------------------------------------------------------------------
    Test class:  RollbackTest
    Test method: rollbackOnSecondaryIndexWorks[Using mapdb]
    Start time:  2017/08/28 19:54:13
================================================================================





================================================================================
 TEST SUCCEEDED                                                                 
--------------------------------------------------------------------------------
    Test class:  RollbackTest
    Test method: rollbackOnSecondaryIndexWorks[Using mapdb]
    End time:    2017/08/28 19:54:14 (Duration: 683ms)
================================================================================





================================================================================
 TEST START                                                                     
--------------------------------------------------------------------------------
    Test class:  RollbackTest
    Test method: rollbackOnPrimaryIndexWorks[Using tupl]
    Start time:  2017/08/28 19:54:14
================================================================================





================================================================================
 TEST SUCCEEDED                                                                 
--------------------------------------------------------------------------------
    Test class:  RollbackTest
    Test method: rollbackOnPrimaryIndexWorks[Using tupl]
    End time:    2017/08/28 19:54:14 (Duration: 116ms)
================================================================================





================================================================================
 TEST START                                                                     
--------------------------------------------------------------------------------
    Test class:  RollbackTest
    Test method: rollbackOverriddenEntryWorks[Using tupl]
    Start time:  2017/08/28 19:54:14
================================================================================





================================================================================
 TEST SUCCEEDED                                                                 
--------------------------------------------------------------------------------
    Test class:  RollbackTest
    Test method: rollbackOverriddenEntryWorks[Using tupl]
    End time:    2017/08/28 19:54:14 (Duration: 100ms)
================================================================================





================================================================================
 TEST START                                                                     
--------------------------------------------------------------------------------
    Test class:  RollbackTest
    Test method: rollbackOnSecondaryIndexWorks[Using tupl]
    Start time:  2017/08/28 19:54:14
================================================================================





================================================================================
 TEST SUCCEEDED                                                                 
--------------------------------------------------------------------------------
    Test class:  RollbackTest
    Test method: rollbackOnSecondaryIndexWorks[Using tupl]
    End time:    2017/08/28 19:54:14 (Duration: 154ms)
================================================================================





================================================================================
 TEST START                                                                     
--------------------------------------------------------------------------------
    Test class:  RollbackTest
    Test method: rollbackOnPrimaryIndexWorks[Using jdbc]
    Start time:  2017/08/28 19:54:14
================================================================================



19:54:14.712 [Test worker] DEBUG c.m.v.c.m.DynamicPooledDataSourceManagerMBean - MBean: com.mchange.v2.c3p0:type=PooledDataSource,identityToken=1hgeqrl9qbn6pz6yfah30|4d4c680f,name=1hgeqrl9qbn6pz6yfah30|4d4c680f registered.
19:54:14.727 [Test worker] DEBUG c.m.v.c.m.DynamicPooledDataSourceManagerMBean - MBean: com.mchange.v2.c3p0:type=PooledDataSource,identityToken=1hgeqrl9qbn6pz6yfah30|4d4c680f,name=1hgeqrl9qbn6pz6yfah30|4d4c680f unregistered, in order to be reregistered after update.
19:54:14.727 [Test worker] DEBUG c.m.v.c.m.DynamicPooledDataSourceManagerMBean - MBean: com.mchange.v2.c3p0:type=PooledDataSource,identityToken=1hgeqrl9qbn6pz6yfah30|4d4c680f,name=1hgeqrl9qbn6pz6yfah30|4d4c680f registered.
19:54:14.727 [Test worker] INFO  c.m.v.c.i.AbstractPoolBackedDataSource - Initializing c3p0 pool... com.mchange.v2.c3p0.PoolBackedDataSource@8d56374d [ connectionPoolDataSource -> com.mchange.v2.c3p0.WrapperConnectionPoolDataSource@775d262f [ acquireIncrement -> 3, acquireRetryAttempts -> 30, acquireRetryDelay -> 1000, autoCommitOnClose -> false, automaticTestTable -> null, breakAfterAcquireFailure -> false, checkoutTimeout -> 0, connectionCustomizerClassName -> null, connectionTesterClassName -> com.mchange.v2.c3p0.impl.DefaultConnectionTester, contextClassLoaderSource -> caller, debugUnreturnedConnectionStackTraces -> false, factoryClassLocation -> null, forceIgnoreUnresolvedTransactions -> false, forceSynchronousCheckins -> false, identityToken -> 1hgeqrl9qbn6pz6yfah30|733e5815, idleConnectionTestPeriod -> 0, initialPoolSize -> 3, maxAdministrativeTaskTime -> 0, maxConnectionAge -> 0, maxIdleTime -> 0, maxIdleTimeExcessConnections -> 0, maxPoolSize -> 15, maxStatements -> 0, maxStatementsPerConnection -> 0, minPoolSize -> 3, nestedDataSource -> com.mchange.v2.c3p0.DriverManagerDataSource@e7798f8a [ description -> null, driverClass -> null, factoryClassLocation -> null, forceUseNamedDriverClass -> false, identityToken -> 1hgeqrl9qbn6pz6yfah30|421b83b2, jdbcUrl -> jdbc:h2:mem:93862e1f4f0b46d6a1b7bc4440822be4, properties -> {} ], preferredTestQuery -> null, privilegeSpawnedThreads -> false, propertyCycle -> 0, statementCacheNumDeferredCloseThreads -> 0, testConnectionOnCheckin -> false, testConnectionOnCheckout -> false, unreturnedConnectionTimeout -> 0, usesTraditionalReflectiveProxies -> false; userOverrides: {} ], dataSourceName -> null, extensions -> {}, factoryClassLocation -> null, identityToken -> 1hgeqrl9qbn6pz6yfah30|4d4c680f, numHelperThreads -> 3 ]
19:54:14.727 [Test worker] DEBUG c.m.v.resourcepool.BasicResourcePool - com.mchange.v2.resourcepool.BasicResourcePool@68948f97 config: [start -> 3; min -> 3; max -> 15; inc -> 3; num_acq_attempts -> 30; acq_attempt_delay -> 1000; check_idle_resources_delay -> 0; max_resource_age -> 0; max_idle_time -> 0; excess_max_idle_time -> 0; destroy_unreturned_resc_time -> 0; expiration_enforcement_delay -> 0; break_on_acquisition_failure -> false; debug_store_checkout_exceptions -> false; force_synchronous_checkins -> false]
19:54:14.727 [Test worker] DEBUG c.m.v.c.i.C3P0PooledConnectionPoolManager - Created new pool for auth, username (masked): 'null'.
19:54:14.727 [Test worker] DEBUG c.m.v.resourcepool.BasicResourcePool - acquire test -- pool size: 0; target_pool_size: 3; desired target? 1
19:54:14.727 [Test worker] DEBUG c.m.v.resourcepool.BasicResourcePool - awaitAvailable(): [unknown]
19:54:14.737 [Test worker] DEBUG c.m.v.c.m.ActiveManagementCoordinator - MBean: com.mchange.v2.c3p0:type=PooledDataSource,identityToken=1hgeqrl9qbn6pz6yfah30|4d4c680f,name=1hgeqrl9qbn6pz6yfah30|4d4c680f unregistered.
19:54:14.737 [Test worker] DEBUG c.m.v.c.m.ActiveManagementCoordinator - C3P0Registry mbean unregistered.
19:54:14.737 [Resource Destroyer in BasicResourcePool.close()] DEBUG c.m.v.resourcepool.BasicResourcePool - Preparing to destroy resource: com.mchange.v2.c3p0.impl.NewPooledConnection@5c5b5d51
19:54:14.737 [Resource Destroyer in BasicResourcePool.close()] DEBUG c.m.v.c.i.C3P0PooledConnectionPool - Preparing to destroy PooledConnection: com.mchange.v2.c3p0.impl.NewPooledConnection@5c5b5d51
19:54:14.737 [Resource Destroyer in BasicResourcePool.close()] DEBUG c.m.v.c.i.C3P0PooledConnectionPool - Successfully destroyed PooledConnection: com.mchange.v2.c3p0.impl.NewPooledConnection@5c5b5d51
19:54:14.737 [Resource Destroyer in BasicResourcePool.close()] DEBUG c.m.v.resourcepool.BasicResourcePool - Successfully destroyed resource: com.mchange.v2.c3p0.impl.NewPooledConnection@5c5b5d51
19:54:14.737 [Resource Destroyer in BasicResourcePool.close()] DEBUG c.m.v.resourcepool.BasicResourcePool - Preparing to destroy resource: com.mchange.v2.c3p0.impl.NewPooledConnection@4980c75b
19:54:14.737 [Resource Destroyer in BasicResourcePool.close()] DEBUG c.m.v.c.i.C3P0PooledConnectionPool - Preparing to destroy PooledConnection: com.mchange.v2.c3p0.impl.NewPooledConnection@4980c75b
19:54:14.737 [Resource Destroyer in BasicResourcePool.close()] DEBUG c.m.v.c.i.C3P0PooledConnectionPool - Successfully destroyed PooledConnection: com.mchange.v2.c3p0.impl.NewPooledConnection@4980c75b
19:54:14.737 [Resource Destroyer in BasicResourcePool.close()] DEBUG c.m.v.resourcepool.BasicResourcePool - Successfully destroyed resource: com.mchange.v2.c3p0.impl.NewPooledConnection@4980c75b
19:54:14.737 [Resource Destroyer in BasicResourcePool.close()] DEBUG c.m.v.resourcepool.BasicResourcePool - Preparing to destroy resource: com.mchange.v2.c3p0.impl.NewPooledConnection@3ebdd1c
19:54:14.737 [Resource Destroyer in BasicResourcePool.close()] DEBUG c.m.v.c.i.C3P0PooledConnectionPool - Preparing to destroy PooledConnection: com.mchange.v2.c3p0.impl.NewPooledConnection@3ebdd1c
19:54:14.737 [Resource Destroyer in BasicResourcePool.close()] DEBUG c.m.v.c.i.C3P0PooledConnectionPool - Successfully destroyed PooledConnection: com.mchange.v2.c3p0.impl.NewPooledConnection@3ebdd1c
19:54:14.737 [Resource Destroyer in BasicResourcePool.close()] DEBUG c.m.v.resourcepool.BasicResourcePool - Successfully destroyed resource: com.mchange.v2.c3p0.impl.NewPooledConnection@3ebdd1c


================================================================================
 TEST SUCCEEDED                                                                 
--------------------------------------------------------------------------------
    Test class:  RollbackTest
    Test method: rollbackOnPrimaryIndexWorks[Using jdbc]
    End time:    2017/08/28 19:54:14 (Duration: 25ms)
================================================================================





================================================================================
 TEST START                                                                     
--------------------------------------------------------------------------------
    Test class:  RollbackTest
    Test method: rollbackOverriddenEntryWorks[Using jdbc]
    Start time:  2017/08/28 19:54:14
================================================================================



19:54:14.737 [Test worker] DEBUG c.m.v.c.m.DynamicPooledDataSourceManagerMBean - MBean: com.mchange.v2.c3p0:type=PooledDataSource,identityToken=1hgeqrl9qbn6pz6yfah30|2153c5b3,name=1hgeqrl9qbn6pz6yfah30|2153c5b3 registered.
19:54:14.737 [Test worker] DEBUG c.m.v.c.m.DynamicPooledDataSourceManagerMBean - MBean: com.mchange.v2.c3p0:type=PooledDataSource,identityToken=1hgeqrl9qbn6pz6yfah30|2153c5b3,name=1hgeqrl9qbn6pz6yfah30|2153c5b3 unregistered, in order to be reregistered after update.
19:54:14.737 [Test worker] DEBUG c.m.v.c.m.DynamicPooledDataSourceManagerMBean - MBean: com.mchange.v2.c3p0:type=PooledDataSource,identityToken=1hgeqrl9qbn6pz6yfah30|2153c5b3,name=1hgeqrl9qbn6pz6yfah30|2153c5b3 registered.
19:54:14.737 [Test worker] INFO  c.m.v.c.i.AbstractPoolBackedDataSource - Initializing c3p0 pool... com.mchange.v2.c3p0.PoolBackedDataSource@e7d17f44 [ connectionPoolDataSource -> com.mchange.v2.c3p0.WrapperConnectionPoolDataSource@b6ee8be3 [ acquireIncrement -> 3, acquireRetryAttempts -> 30, acquireRetryDelay -> 1000, autoCommitOnClose -> false, automaticTestTable -> null, breakAfterAcquireFailure -> false, checkoutTimeout -> 0, connectionCustomizerClassName -> null, connectionTesterClassName -> com.mchange.v2.c3p0.impl.DefaultConnectionTester, contextClassLoaderSource -> caller, debugUnreturnedConnectionStackTraces -> false, factoryClassLocation -> null, forceIgnoreUnresolvedTransactions -> false, forceSynchronousCheckins -> false, identityToken -> 1hgeqrl9qbn6pz6yfah30|7b9bfd6e, idleConnectionTestPeriod -> 0, initialPoolSize -> 3, maxAdministrativeTaskTime -> 0, maxConnectionAge -> 0, maxIdleTime -> 0, maxIdleTimeExcessConnections -> 0, maxPoolSize -> 15, maxStatements -> 0, maxStatementsPerConnection -> 0, minPoolSize -> 3, nestedDataSource -> com.mchange.v2.c3p0.DriverManagerDataSource@cb415a8 [ description -> null, driverClass -> null, factoryClassLocation -> null, forceUseNamedDriverClass -> false, identityToken -> 1hgeqrl9qbn6pz6yfah30|1fbafc8c, jdbcUrl -> jdbc:h2:mem:ac4de0b7e06d4f94ace2f135d5aa9694, properties -> {} ], preferredTestQuery -> null, privilegeSpawnedThreads -> false, propertyCycle -> 0, statementCacheNumDeferredCloseThreads -> 0, testConnectionOnCheckin -> false, testConnectionOnCheckout -> false, unreturnedConnectionTimeout -> 0, usesTraditionalReflectiveProxies -> false; userOverrides: {} ], dataSourceName -> null, extensions -> {}, factoryClassLocation -> null, identityToken -> 1hgeqrl9qbn6pz6yfah30|2153c5b3, numHelperThreads -> 3 ]
19:54:14.737 [Test worker] DEBUG c.m.v.resourcepool.BasicResourcePool - com.mchange.v2.resourcepool.BasicResourcePool@4700dbc6 config: [start -> 3; min -> 3; max -> 15; inc -> 3; num_acq_attempts -> 30; acq_attempt_delay -> 1000; check_idle_resources_delay -> 0; max_resource_age -> 0; max_idle_time -> 0; excess_max_idle_time -> 0; destroy_unreturned_resc_time -> 0; expiration_enforcement_delay -> 0; break_on_acquisition_failure -> false; debug_store_checkout_exceptions -> false; force_synchronous_checkins -> false]
19:54:14.737 [Test worker] DEBUG c.m.v.c.i.C3P0PooledConnectionPoolManager - Created new pool for auth, username (masked): 'null'.
19:54:14.737 [Test worker] DEBUG c.m.v.resourcepool.BasicResourcePool - acquire test -- pool size: 0; target_pool_size: 3; desired target? 1
19:54:14.737 [Test worker] DEBUG c.m.v.resourcepool.BasicResourcePool - awaitAvailable(): [unknown]
19:54:14.757 [Test worker] DEBUG c.m.v.c.m.ActiveManagementCoordinator - MBean: com.mchange.v2.c3p0:type=PooledDataSource,identityToken=1hgeqrl9qbn6pz6yfah30|2153c5b3,name=1hgeqrl9qbn6pz6yfah30|2153c5b3 unregistered.
19:54:14.757 [Test worker] DEBUG c.m.v.c.m.ActiveManagementCoordinator - C3P0Registry mbean unregistered.
19:54:14.757 [Resource Destroyer in BasicResourcePool.close()] DEBUG c.m.v.resourcepool.BasicResourcePool - Preparing to destroy resource: com.mchange.v2.c3p0.impl.NewPooledConnection@224e495b
19:54:14.757 [Resource Destroyer in BasicResourcePool.close()] DEBUG c.m.v.c.i.C3P0PooledConnectionPool - Preparing to destroy PooledConnection: com.mchange.v2.c3p0.impl.NewPooledConnection@224e495b
19:54:14.757 [Resource Destroyer in BasicResourcePool.close()] DEBUG c.m.v.c.i.C3P0PooledConnectionPool - Successfully destroyed PooledConnection: com.mchange.v2.c3p0.impl.NewPooledConnection@224e495b
19:54:14.757 [Resource Destroyer in BasicResourcePool.close()] DEBUG c.m.v.resourcepool.BasicResourcePool - Successfully destroyed resource: com.mchange.v2.c3p0.impl.NewPooledConnection@224e495b
19:54:14.757 [Resource Destroyer in BasicResourcePool.close()] DEBUG c.m.v.resourcepool.BasicResourcePool - Preparing to destroy resource: com.mchange.v2.c3p0.impl.NewPooledConnection@22b1af3f
19:54:14.757 [Resource Destroyer in BasicResourcePool.close()] DEBUG c.m.v.c.i.C3P0PooledConnectionPool - Preparing to destroy PooledConnection: com.mchange.v2.c3p0.impl.NewPooledConnection@22b1af3f
19:54:14.757 [Resource Destroyer in BasicResourcePool.close()] DEBUG c.m.v.c.i.C3P0PooledConnectionPool - Successfully destroyed PooledConnection: com.mchange.v2.c3p0.impl.NewPooledConnection@22b1af3f
19:54:14.757 [Resource Destroyer in BasicResourcePool.close()] DEBUG c.m.v.resourcepool.BasicResourcePool - Successfully destroyed resource: com.mchange.v2.c3p0.impl.NewPooledConnection@22b1af3f
19:54:14.757 [Resource Destroyer in BasicResourcePool.close()] DEBUG c.m.v.resourcepool.BasicResourcePool - Preparing to destroy resource: com.mchange.v2.c3p0.impl.NewPooledConnection@11851f6b
19:54:14.757 [Resource Destroyer in BasicResourcePool.close()] DEBUG c.m.v.c.i.C3P0PooledConnectionPool - Preparing to destroy PooledConnection: com.mchange.v2.c3p0.impl.NewPooledConnection@11851f6b
19:54:14.757 [Resource Destroyer in BasicResourcePool.close()] DEBUG c.m.v.c.i.C3P0PooledConnectionPool - Successfully destroyed PooledConnection: com.mchange.v2.c3p0.impl.NewPooledConnection@11851f6b
19:54:14.757 [Resource Destroyer in BasicResourcePool.close()] DEBUG c.m.v.resourcepool.BasicResourcePool - Successfully destroyed resource: com.mchange.v2.c3p0.impl.NewPooledConnection@11851f6b


================================================================================
 TEST SUCCEEDED                                                                 
--------------------------------------------------------------------------------
    Test class:  RollbackTest
    Test method: rollbackOverriddenEntryWorks[Using jdbc]
    End time:    2017/08/28 19:54:14 (Duration: 20ms)
================================================================================





================================================================================
 TEST START                                                                     
--------------------------------------------------------------------------------
    Test class:  RollbackTest
    Test method: rollbackOnSecondaryIndexWorks[Using jdbc]
    Start time:  2017/08/28 19:54:14
================================================================================



19:54:14.757 [Test worker] DEBUG c.m.v.c.m.DynamicPooledDataSourceManagerMBean - MBean: com.mchange.v2.c3p0:type=PooledDataSource,identityToken=1hgeqrl9qbn6pz6yfah30|6b7822f9,name=1hgeqrl9qbn6pz6yfah30|6b7822f9 registered.
19:54:14.757 [Test worker] DEBUG c.m.v.c.m.DynamicPooledDataSourceManagerMBean - MBean: com.mchange.v2.c3p0:type=PooledDataSource,identityToken=1hgeqrl9qbn6pz6yfah30|6b7822f9,name=1hgeqrl9qbn6pz6yfah30|6b7822f9 unregistered, in order to be reregistered after update.
19:54:14.757 [Test worker] DEBUG c.m.v.c.m.DynamicPooledDataSourceManagerMBean - MBean: com.mchange.v2.c3p0:type=PooledDataSource,identityToken=1hgeqrl9qbn6pz6yfah30|6b7822f9,name=1hgeqrl9qbn6pz6yfah30|6b7822f9 registered.
19:54:14.757 [Test worker] INFO  c.m.v.c.i.AbstractPoolBackedDataSource - Initializing c3p0 pool... com.mchange.v2.c3p0.PoolBackedDataSource@24a19e84 [ connectionPoolDataSource -> com.mchange.v2.c3p0.WrapperConnectionPoolDataSource@5677cef1 [ acquireIncrement -> 3, acquireRetryAttempts -> 30, acquireRetryDelay -> 1000, autoCommitOnClose -> false, automaticTestTable -> null, breakAfterAcquireFailure -> false, checkoutTimeout -> 0, connectionCustomizerClassName -> null, connectionTesterClassName -> com.mchange.v2.c3p0.impl.DefaultConnectionTester, contextClassLoaderSource -> caller, debugUnreturnedConnectionStackTraces -> false, factoryClassLocation -> null, forceIgnoreUnresolvedTransactions -> false, forceSynchronousCheckins -> false, identityToken -> 1hgeqrl9qbn6pz6yfah30|48bb4dba, idleConnectionTestPeriod -> 0, initialPoolSize -> 3, maxAdministrativeTaskTime -> 0, maxConnectionAge -> 0, maxIdleTime -> 0, maxIdleTimeExcessConnections -> 0, maxPoolSize -> 15, maxStatements -> 0, maxStatementsPerConnection -> 0, minPoolSize -> 3, nestedDataSource -> com.mchange.v2.c3p0.DriverManagerDataSource@8f69553a [ description -> null, driverClass -> null, factoryClassLocation -> null, forceUseNamedDriverClass -> false, identityToken -> 1hgeqrl9qbn6pz6yfah30|47a6e766, jdbcUrl -> jdbc:h2:mem:76a6fcf3b88147b3aa5689274a332e12, properties -> {} ], preferredTestQuery -> null, privilegeSpawnedThreads -> false, propertyCycle -> 0, statementCacheNumDeferredCloseThreads -> 0, testConnectionOnCheckin -> false, testConnectionOnCheckout -> false, unreturnedConnectionTimeout -> 0, usesTraditionalReflectiveProxies -> false; userOverrides: {} ], dataSourceName -> null, extensions -> {}, factoryClassLocation -> null, identityToken -> 1hgeqrl9qbn6pz6yfah30|6b7822f9, numHelperThreads -> 3 ]
19:54:14.757 [Test worker] DEBUG c.m.v.resourcepool.BasicResourcePool - com.mchange.v2.resourcepool.BasicResourcePool@742952fc config: [start -> 3; min -> 3; max -> 15; inc -> 3; num_acq_attempts -> 30; acq_attempt_delay -> 1000; check_idle_resources_delay -> 0; max_resource_age -> 0; max_idle_time -> 0; excess_max_idle_time -> 0; destroy_unreturned_resc_time -> 0; expiration_enforcement_delay -> 0; break_on_acquisition_failure -> false; debug_store_checkout_exceptions -> false; force_synchronous_checkins -> false]
19:54:14.757 [Test worker] DEBUG c.m.v.c.i.C3P0PooledConnectionPoolManager - Created new pool for auth, username (masked): 'null'.
19:54:14.757 [Test worker] DEBUG c.m.v.resourcepool.BasicResourcePool - acquire test -- pool size: 0; target_pool_size: 3; desired target? 1
19:54:14.757 [Test worker] DEBUG c.m.v.resourcepool.BasicResourcePool - awaitAvailable(): [unknown]
19:54:14.779 [Test worker] DEBUG c.m.v.c.m.ActiveManagementCoordinator - MBean: com.mchange.v2.c3p0:type=PooledDataSource,identityToken=1hgeqrl9qbn6pz6yfah30|6b7822f9,name=1hgeqrl9qbn6pz6yfah30|6b7822f9 unregistered.
19:54:14.779 [Test worker] DEBUG c.m.v.c.m.ActiveManagementCoordinator - C3P0Registry mbean unregistered.
19:54:14.779 [Resource Destroyer in BasicResourcePool.close()] DEBUG c.m.v.resourcepool.BasicResourcePool - Preparing to destroy resource: com.mchange.v2.c3p0.impl.NewPooledConnection@1781be69
19:54:14.779 [Resource Destroyer in BasicResourcePool.close()] DEBUG c.m.v.c.i.C3P0PooledConnectionPool - Preparing to destroy PooledConnection: com.mchange.v2.c3p0.impl.NewPooledConnection@1781be69
19:54:14.779 [Resource Destroyer in BasicResourcePool.close()] DEBUG c.m.v.c.i.C3P0PooledConnectionPool - Successfully destroyed PooledConnection: com.mchange.v2.c3p0.impl.NewPooledConnection@1781be69
19:54:14.779 [Resource Destroyer in BasicResourcePool.close()] DEBUG c.m.v.resourcepool.BasicResourcePool - Successfully destroyed resource: com.mchange.v2.c3p0.impl.NewPooledConnection@1781be69
19:54:14.779 [Resource Destroyer in BasicResourcePool.close()] DEBUG c.m.v.resourcepool.BasicResourcePool - Preparing to destroy resource: com.mchange.v2.c3p0.impl.NewPooledConnection@aa47eb5
19:54:14.779 [Resource Destroyer in BasicResourcePool.close()] DEBUG c.m.v.c.i.C3P0PooledConnectionPool - Preparing to destroy PooledConnection: com.mchange.v2.c3p0.impl.NewPooledConnection@aa47eb5
19:54:14.779 [Resource Destroyer in BasicResourcePool.close()] DEBUG c.m.v.c.i.C3P0PooledConnectionPool - Successfully destroyed PooledConnection: com.mchange.v2.c3p0.impl.NewPooledConnection@aa47eb5
19:54:14.779 [Resource Destroyer in BasicResourcePool.close()] DEBUG c.m.v.resourcepool.BasicResourcePool - Successfully destroyed resource: com.mchange.v2.c3p0.impl.NewPooledConnection@aa47eb5
19:54:14.779 [Resource Destroyer in BasicResourcePool.close()] DEBUG c.m.v.resourcepool.BasicResourcePool - Preparing to destroy resource: com.mchange.v2.c3p0.impl.NewPooledConnection@3f20812f
19:54:14.779 [Resource Destroyer in BasicResourcePool.close()] DEBUG c.m.v.c.i.C3P0PooledConnectionPool - Preparing to destroy PooledConnection: com.mchange.v2.c3p0.impl.NewPooledConnection@3f20812f
19:54:14.779 [Resource Destroyer in BasicResourcePool.close()] DEBUG c.m.v.c.i.C3P0PooledConnectionPool - Successfully destroyed PooledConnection: com.mchange.v2.c3p0.impl.NewPooledConnection@3f20812f
19:54:14.779 [Resource Destroyer in BasicResourcePool.close()] DEBUG c.m.v.resourcepool.BasicResourcePool - Successfully destroyed resource: com.mchange.v2.c3p0.impl.NewPooledConnection@3f20812f


================================================================================
 TEST SUCCEEDED                                                                 
--------------------------------------------------------------------------------
    Test class:  RollbackTest
    Test method: rollbackOnSecondaryIndexWorks[Using jdbc]
    End time:    2017/08/28 19:54:14 (Duration: 22ms)
================================================================================





================================================================================
 TEST START                                                                     
--------------------------------------------------------------------------------
    Test class:  RollbackTest
    Test method: rollbackOnPrimaryIndexWorks[Using inmemory]
    Start time:  2017/08/28 19:54:14
================================================================================





================================================================================
 TEST SUCCEEDED                                                                 
--------------------------------------------------------------------------------
    Test class:  RollbackTest
    Test method: rollbackOnPrimaryIndexWorks[Using inmemory]
    End time:    2017/08/28 19:54:14 (Duration: 4ms)
================================================================================





================================================================================
 TEST START                                                                     
--------------------------------------------------------------------------------
    Test class:  RollbackTest
    Test method: rollbackOverriddenEntryWorks[Using inmemory]
    Start time:  2017/08/28 19:54:14
================================================================================





================================================================================
 TEST SUCCEEDED                                                                 
--------------------------------------------------------------------------------
    Test class:  RollbackTest
    Test method: rollbackOverriddenEntryWorks[Using inmemory]
    End time:    2017/08/28 19:54:14 (Duration: 3ms)
================================================================================





================================================================================
 TEST START                                                                     
--------------------------------------------------------------------------------
    Test class:  RollbackTest
    Test method: rollbackOnSecondaryIndexWorks[Using inmemory]
    Start time:  2017/08/28 19:54:14
================================================================================





================================================================================
 TEST SUCCEEDED                                                                 
--------------------------------------------------------------------------------
    Test class:  RollbackTest
    Test method: rollbackOnSecondaryIndexWorks[Using inmemory]
    End time:    2017/08/28 19:54:14 (Duration: 3ms)
================================================================================



19:54:14.789 [Test worker] INFO  o.c.common.test.ChronosUnitTest - Attempting to delete temp directory provided at: C:\Users\Martin\AppData\Local\Temp\ChronoDBTest5529815287975316420
19:54:14.789 [Test worker] INFO  o.c.common.test.ChronosUnitTest - Successfully deleted temp directory
]]></system-out>
  <system-err><![CDATA[]]></system-err>
</testsuite>
