<?xml version="1.0" encoding="UTF-8"?>
<testsuite name="org.chronos.chronodb.test.engine.commitmetadata.GetCommitsBeforeAfterAroundTest" tests="150" skipped="0" failures="0" errors="0" timestamp="2017-08-28T17:51:02" hostname="Aurora" time="33.482">
  <properties/>
  <testcase name="commitsAfterWorksIfThereAreNoCommits[Using chunked]" classname="org.chronos.chronodb.test.engine.commitmetadata.GetCommitsBeforeAfterAroundTest" time="0.147"/>
  <testcase name="commitTimestampsAroundWorksIfExactlyEnoughElementsArePresentOnBothSides[Using chunked]" classname="org.chronos.chronodb.test.engine.commitmetadata.GetCommitsBeforeAfterAroundTest" time="0.238"/>
  <testcase name="commitTimestampsBeforeWorksIfThereAreTooManyCommits[Using chunked]" classname="org.chronos.chronodb.test.engine.commitmetadata.GetCommitsBeforeAfterAroundTest" time="0.462"/>
  <testcase name="commitTimestampsAroundWorksIfNotEnoughCommitsArePresentOnEitherSide[Using chunked]" classname="org.chronos.chronodb.test.engine.commitmetadata.GetCommitsBeforeAfterAroundTest" time="0.385"/>
  <testcase name="commitsAroundWorksIfTimestampIsNotExactlyMatchingACommit[Using chunked]" classname="org.chronos.chronodb.test.engine.commitmetadata.GetCommitsBeforeAfterAroundTest" time="0.514"/>
  <testcase name="commitsAroundWorksIfMoreElementsThanNecessaryArePresentOnBothSides[Using chunked]" classname="org.chronos.chronodb.test.engine.commitmetadata.GetCommitsBeforeAfterAroundTest" time="0.469"/>
  <testcase name="commitsBeforeWorksIfThereAreNotEnoughCommits[Using chunked]" classname="org.chronos.chronodb.test.engine.commitmetadata.GetCommitsBeforeAfterAroundTest" time="0.354"/>
  <testcase name="commitTimestampsAroundWorksIfMoreElementsThanNecessaryArePresentOnBothSides[Using chunked]" classname="org.chronos.chronodb.test.engine.commitmetadata.GetCommitsBeforeAfterAroundTest" time="0.262"/>
  <testcase name="commitTimestampsBeforeWorksIfThereAreNoCommits[Using chunked]" classname="org.chronos.chronodb.test.engine.commitmetadata.GetCommitsBeforeAfterAroundTest" time="0.137"/>
  <testcase name="commitsAfterWorksIfThereAreNotEnoughCommits[Using chunked]" classname="org.chronos.chronodb.test.engine.commitmetadata.GetCommitsBeforeAfterAroundTest" time="0.232"/>
  <testcase name="commitsAroundWorksIfNotEnoughCommitsArePresentOnEitherSide[Using chunked]" classname="org.chronos.chronodb.test.engine.commitmetadata.GetCommitsBeforeAfterAroundTest" time="0.347"/>
  <testcase name="commitsBeforeWorksIfThereAreExactlyEnoughCommits[Using chunked]" classname="org.chronos.chronodb.test.engine.commitmetadata.GetCommitsBeforeAfterAroundTest" time="0.469"/>
  <testcase name="commitTimestampsBeforeWorksIfThereAreExactlyEnoughCommits[Using chunked]" classname="org.chronos.chronodb.test.engine.commitmetadata.GetCommitsBeforeAfterAroundTest" time="0.454"/>
  <testcase name="commitTimestampsAroundWorksIfNotEnoughElementsArePresentBefore[Using chunked]" classname="org.chronos.chronodb.test.engine.commitmetadata.GetCommitsBeforeAfterAroundTest" time="0.447"/>
  <testcase name="commitTimestampsAfterWorksIfThereAreNoCommits[Using chunked]" classname="org.chronos.chronodb.test.engine.commitmetadata.GetCommitsBeforeAfterAroundTest" time="0.253"/>
  <testcase name="commitTimestampsAfterWorksIfThereAreNotEnoughCommits[Using chunked]" classname="org.chronos.chronodb.test.engine.commitmetadata.GetCommitsBeforeAfterAroundTest" time="0.299"/>
  <testcase name="commitTimestampsAfterZeroWorks[Using chunked]" classname="org.chronos.chronodb.test.engine.commitmetadata.GetCommitsBeforeAfterAroundTest" time="0.263"/>
  <testcase name="commitsAroundWorksIfNotEnoughElementsArePresentAfter[Using chunked]" classname="org.chronos.chronodb.test.engine.commitmetadata.GetCommitsBeforeAfterAroundTest" time="0.269"/>
  <testcase name="commitsAfterWorksIfThereAreExactlyEnoughCommits[Using chunked]" classname="org.chronos.chronodb.test.engine.commitmetadata.GetCommitsBeforeAfterAroundTest" time="0.346"/>
  <testcase name="commitTimestampsBeforeWorksIfThereAreNotEnoughCommits[Using chunked]" classname="org.chronos.chronodb.test.engine.commitmetadata.GetCommitsBeforeAfterAroundTest" time="0.454"/>
  <testcase name="commitTimestampsAroundWorksIfTimestampIsNotExactlyMatchingACommit[Using chunked]" classname="org.chronos.chronodb.test.engine.commitmetadata.GetCommitsBeforeAfterAroundTest" time="0.546"/>
  <testcase name="commitsBeforeWorksIfThereAreTooManyCommits[Using chunked]" classname="org.chronos.chronodb.test.engine.commitmetadata.GetCommitsBeforeAfterAroundTest" time="0.469"/>
  <testcase name="commitsAroundWorksIfExactlyEnoughElementsArePresentOnBothSides[Using chunked]" classname="org.chronos.chronodb.test.engine.commitmetadata.GetCommitsBeforeAfterAroundTest" time="0.368"/>
  <testcase name="commitTimestampsAfterWorksIfThereAreExactlyEnoughCommits[Using chunked]" classname="org.chronos.chronodb.test.engine.commitmetadata.GetCommitsBeforeAfterAroundTest" time="0.247"/>
  <testcase name="commitsAfterWorksIfThereAreTooManyCommits[Using chunked]" classname="org.chronos.chronodb.test.engine.commitmetadata.GetCommitsBeforeAfterAroundTest" time="0.253"/>
  <testcase name="commitsAroundWorksIfNoCommitsArePresent[Using chunked]" classname="org.chronos.chronodb.test.engine.commitmetadata.GetCommitsBeforeAfterAroundTest" time="0.147"/>
  <testcase name="commitTimestampsAfterWorksIfThereAreTooManyCommits[Using chunked]" classname="org.chronos.chronodb.test.engine.commitmetadata.GetCommitsBeforeAfterAroundTest" time="0.285"/>
  <testcase name="commitTimestampsAroundWorksIfNotEnoughElementsArePresentAfter[Using chunked]" classname="org.chronos.chronodb.test.engine.commitmetadata.GetCommitsBeforeAfterAroundTest" time="0.431"/>
  <testcase name="commitsAroundWorksIfNotEnoughElementsArePresentBefore[Using chunked]" classname="org.chronos.chronodb.test.engine.commitmetadata.GetCommitsBeforeAfterAroundTest" time="0.422"/>
  <testcase name="commitsBeforeWorksIfThereAreNoCommits[Using chunked]" classname="org.chronos.chronodb.test.engine.commitmetadata.GetCommitsBeforeAfterAroundTest" time="0.247"/>
  <testcase name="commitsAfterWorksIfThereAreNoCommits[Using jdbc]" classname="org.chronos.chronodb.test.engine.commitmetadata.GetCommitsBeforeAfterAroundTest" time="0.038"/>
  <testcase name="commitTimestampsAroundWorksIfExactlyEnoughElementsArePresentOnBothSides[Using jdbc]" classname="org.chronos.chronodb.test.engine.commitmetadata.GetCommitsBeforeAfterAroundTest" time="0.038"/>
  <testcase name="commitTimestampsBeforeWorksIfThereAreTooManyCommits[Using jdbc]" classname="org.chronos.chronodb.test.engine.commitmetadata.GetCommitsBeforeAfterAroundTest" time="0.044"/>
  <testcase name="commitTimestampsAroundWorksIfNotEnoughCommitsArePresentOnEitherSide[Using jdbc]" classname="org.chronos.chronodb.test.engine.commitmetadata.GetCommitsBeforeAfterAroundTest" time="0.031"/>
  <testcase name="commitsAroundWorksIfTimestampIsNotExactlyMatchingACommit[Using jdbc]" classname="org.chronos.chronodb.test.engine.commitmetadata.GetCommitsBeforeAfterAroundTest" time="0.103"/>
  <testcase name="commitsAroundWorksIfMoreElementsThanNecessaryArePresentOnBothSides[Using jdbc]" classname="org.chronos.chronodb.test.engine.commitmetadata.GetCommitsBeforeAfterAroundTest" time="0.038"/>
  <testcase name="commitsBeforeWorksIfThereAreNotEnoughCommits[Using jdbc]" classname="org.chronos.chronodb.test.engine.commitmetadata.GetCommitsBeforeAfterAroundTest" time="0.036"/>
  <testcase name="commitTimestampsAroundWorksIfMoreElementsThanNecessaryArePresentOnBothSides[Using jdbc]" classname="org.chronos.chronodb.test.engine.commitmetadata.GetCommitsBeforeAfterAroundTest" time="0.035"/>
  <testcase name="commitTimestampsBeforeWorksIfThereAreNoCommits[Using jdbc]" classname="org.chronos.chronodb.test.engine.commitmetadata.GetCommitsBeforeAfterAroundTest" time="0.016"/>
  <testcase name="commitsAfterWorksIfThereAreNotEnoughCommits[Using jdbc]" classname="org.chronos.chronodb.test.engine.commitmetadata.GetCommitsBeforeAfterAroundTest" time="0.065"/>
  <testcase name="commitsAroundWorksIfNotEnoughCommitsArePresentOnEitherSide[Using jdbc]" classname="org.chronos.chronodb.test.engine.commitmetadata.GetCommitsBeforeAfterAroundTest" time="0.029"/>
  <testcase name="commitsBeforeWorksIfThereAreExactlyEnoughCommits[Using jdbc]" classname="org.chronos.chronodb.test.engine.commitmetadata.GetCommitsBeforeAfterAroundTest" time="0.036"/>
  <testcase name="commitTimestampsBeforeWorksIfThereAreExactlyEnoughCommits[Using jdbc]" classname="org.chronos.chronodb.test.engine.commitmetadata.GetCommitsBeforeAfterAroundTest" time="0.03"/>
  <testcase name="commitTimestampsAroundWorksIfNotEnoughElementsArePresentBefore[Using jdbc]" classname="org.chronos.chronodb.test.engine.commitmetadata.GetCommitsBeforeAfterAroundTest" time="0.031"/>
  <testcase name="commitTimestampsAfterWorksIfThereAreNoCommits[Using jdbc]" classname="org.chronos.chronodb.test.engine.commitmetadata.GetCommitsBeforeAfterAroundTest" time="0.015"/>
  <testcase name="commitTimestampsAfterWorksIfThereAreNotEnoughCommits[Using jdbc]" classname="org.chronos.chronodb.test.engine.commitmetadata.GetCommitsBeforeAfterAroundTest" time="0.03"/>
  <testcase name="commitTimestampsAfterZeroWorks[Using jdbc]" classname="org.chronos.chronodb.test.engine.commitmetadata.GetCommitsBeforeAfterAroundTest" time="0.029"/>
  <testcase name="commitsAroundWorksIfNotEnoughElementsArePresentAfter[Using jdbc]" classname="org.chronos.chronodb.test.engine.commitmetadata.GetCommitsBeforeAfterAroundTest" time="0.035"/>
  <testcase name="commitsAfterWorksIfThereAreExactlyEnoughCommits[Using jdbc]" classname="org.chronos.chronodb.test.engine.commitmetadata.GetCommitsBeforeAfterAroundTest" time="0.032"/>
  <testcase name="commitTimestampsBeforeWorksIfThereAreNotEnoughCommits[Using jdbc]" classname="org.chronos.chronodb.test.engine.commitmetadata.GetCommitsBeforeAfterAroundTest" time="0.03"/>
  <testcase name="commitTimestampsAroundWorksIfTimestampIsNotExactlyMatchingACommit[Using jdbc]" classname="org.chronos.chronodb.test.engine.commitmetadata.GetCommitsBeforeAfterAroundTest" time="0.09"/>
  <testcase name="commitsBeforeWorksIfThereAreTooManyCommits[Using jdbc]" classname="org.chronos.chronodb.test.engine.commitmetadata.GetCommitsBeforeAfterAroundTest" time="0.03"/>
  <testcase name="commitsAroundWorksIfExactlyEnoughElementsArePresentOnBothSides[Using jdbc]" classname="org.chronos.chronodb.test.engine.commitmetadata.GetCommitsBeforeAfterAroundTest" time="0.026"/>
  <testcase name="commitTimestampsAfterWorksIfThereAreExactlyEnoughCommits[Using jdbc]" classname="org.chronos.chronodb.test.engine.commitmetadata.GetCommitsBeforeAfterAroundTest" time="0.025"/>
  <testcase name="commitsAfterWorksIfThereAreTooManyCommits[Using jdbc]" classname="org.chronos.chronodb.test.engine.commitmetadata.GetCommitsBeforeAfterAroundTest" time="0.03"/>
  <testcase name="commitsAroundWorksIfNoCommitsArePresent[Using jdbc]" classname="org.chronos.chronodb.test.engine.commitmetadata.GetCommitsBeforeAfterAroundTest" time="0.026"/>
  <testcase name="commitTimestampsAfterWorksIfThereAreTooManyCommits[Using jdbc]" classname="org.chronos.chronodb.test.engine.commitmetadata.GetCommitsBeforeAfterAroundTest" time="0.025"/>
  <testcase name="commitTimestampsAroundWorksIfNotEnoughElementsArePresentAfter[Using jdbc]" classname="org.chronos.chronodb.test.engine.commitmetadata.GetCommitsBeforeAfterAroundTest" time="0.026"/>
  <testcase name="commitsAroundWorksIfNotEnoughElementsArePresentBefore[Using jdbc]" classname="org.chronos.chronodb.test.engine.commitmetadata.GetCommitsBeforeAfterAroundTest" time="0.026"/>
  <testcase name="commitsBeforeWorksIfThereAreNoCommits[Using jdbc]" classname="org.chronos.chronodb.test.engine.commitmetadata.GetCommitsBeforeAfterAroundTest" time="0.02"/>
  <testcase name="commitsAfterWorksIfThereAreNoCommits[Using mapdb]" classname="org.chronos.chronodb.test.engine.commitmetadata.GetCommitsBeforeAfterAroundTest" time="0.292"/>
  <testcase name="commitTimestampsAroundWorksIfExactlyEnoughElementsArePresentOnBothSides[Using mapdb]" classname="org.chronos.chronodb.test.engine.commitmetadata.GetCommitsBeforeAfterAroundTest" time="0.369"/>
  <testcase name="commitTimestampsBeforeWorksIfThereAreTooManyCommits[Using mapdb]" classname="org.chronos.chronodb.test.engine.commitmetadata.GetCommitsBeforeAfterAroundTest" time="0.549"/>
  <testcase name="commitTimestampsAroundWorksIfNotEnoughCommitsArePresentOnEitherSide[Using mapdb]" classname="org.chronos.chronodb.test.engine.commitmetadata.GetCommitsBeforeAfterAroundTest" time="0.367"/>
  <testcase name="commitsAroundWorksIfTimestampIsNotExactlyMatchingACommit[Using mapdb]" classname="org.chronos.chronodb.test.engine.commitmetadata.GetCommitsBeforeAfterAroundTest" time="0.738"/>
  <testcase name="commitsAroundWorksIfMoreElementsThanNecessaryArePresentOnBothSides[Using mapdb]" classname="org.chronos.chronodb.test.engine.commitmetadata.GetCommitsBeforeAfterAroundTest" time="0.8"/>
  <testcase name="commitsBeforeWorksIfThereAreNotEnoughCommits[Using mapdb]" classname="org.chronos.chronodb.test.engine.commitmetadata.GetCommitsBeforeAfterAroundTest" time="0.817"/>
  <testcase name="commitTimestampsAroundWorksIfMoreElementsThanNecessaryArePresentOnBothSides[Using mapdb]" classname="org.chronos.chronodb.test.engine.commitmetadata.GetCommitsBeforeAfterAroundTest" time="0.616"/>
  <testcase name="commitTimestampsBeforeWorksIfThereAreNoCommits[Using mapdb]" classname="org.chronos.chronodb.test.engine.commitmetadata.GetCommitsBeforeAfterAroundTest" time="0.2"/>
  <testcase name="commitsAfterWorksIfThereAreNotEnoughCommits[Using mapdb]" classname="org.chronos.chronodb.test.engine.commitmetadata.GetCommitsBeforeAfterAroundTest" time="0.369"/>
  <testcase name="commitsAroundWorksIfNotEnoughCommitsArePresentOnEitherSide[Using mapdb]" classname="org.chronos.chronodb.test.engine.commitmetadata.GetCommitsBeforeAfterAroundTest" time="0.531"/>
  <testcase name="commitsBeforeWorksIfThereAreExactlyEnoughCommits[Using mapdb]" classname="org.chronos.chronodb.test.engine.commitmetadata.GetCommitsBeforeAfterAroundTest" time="0.831"/>
  <testcase name="commitTimestampsBeforeWorksIfThereAreExactlyEnoughCommits[Using mapdb]" classname="org.chronos.chronodb.test.engine.commitmetadata.GetCommitsBeforeAfterAroundTest" time="0.835"/>
  <testcase name="commitTimestampsAroundWorksIfNotEnoughElementsArePresentBefore[Using mapdb]" classname="org.chronos.chronodb.test.engine.commitmetadata.GetCommitsBeforeAfterAroundTest" time="0.466"/>
  <testcase name="commitTimestampsAfterWorksIfThereAreNoCommits[Using mapdb]" classname="org.chronos.chronodb.test.engine.commitmetadata.GetCommitsBeforeAfterAroundTest" time="0.201"/>
  <testcase name="commitTimestampsAfterWorksIfThereAreNotEnoughCommits[Using mapdb]" classname="org.chronos.chronodb.test.engine.commitmetadata.GetCommitsBeforeAfterAroundTest" time="0.368"/>
  <testcase name="commitTimestampsAfterZeroWorks[Using mapdb]" classname="org.chronos.chronodb.test.engine.commitmetadata.GetCommitsBeforeAfterAroundTest" time="0.547"/>
  <testcase name="commitsAroundWorksIfNotEnoughElementsArePresentAfter[Using mapdb]" classname="org.chronos.chronodb.test.engine.commitmetadata.GetCommitsBeforeAfterAroundTest" time="0.585"/>
  <testcase name="commitsAfterWorksIfThereAreExactlyEnoughCommits[Using mapdb]" classname="org.chronos.chronodb.test.engine.commitmetadata.GetCommitsBeforeAfterAroundTest" time="0.669"/>
  <testcase name="commitTimestampsBeforeWorksIfThereAreNotEnoughCommits[Using mapdb]" classname="org.chronos.chronodb.test.engine.commitmetadata.GetCommitsBeforeAfterAroundTest" time="0.832"/>
  <testcase name="commitTimestampsAroundWorksIfTimestampIsNotExactlyMatchingACommit[Using mapdb]" classname="org.chronos.chronodb.test.engine.commitmetadata.GetCommitsBeforeAfterAroundTest" time="0.868"/>
  <testcase name="commitsBeforeWorksIfThereAreTooManyCommits[Using mapdb]" classname="org.chronos.chronodb.test.engine.commitmetadata.GetCommitsBeforeAfterAroundTest" time="0.563"/>
  <testcase name="commitsAroundWorksIfExactlyEnoughElementsArePresentOnBothSides[Using mapdb]" classname="org.chronos.chronodb.test.engine.commitmetadata.GetCommitsBeforeAfterAroundTest" time="0.384"/>
  <testcase name="commitTimestampsAfterWorksIfThereAreExactlyEnoughCommits[Using mapdb]" classname="org.chronos.chronodb.test.engine.commitmetadata.GetCommitsBeforeAfterAroundTest" time="0.452"/>
  <testcase name="commitsAfterWorksIfThereAreTooManyCommits[Using mapdb]" classname="org.chronos.chronodb.test.engine.commitmetadata.GetCommitsBeforeAfterAroundTest" time="0.801"/>
  <testcase name="commitsAroundWorksIfNoCommitsArePresent[Using mapdb]" classname="org.chronos.chronodb.test.engine.commitmetadata.GetCommitsBeforeAfterAroundTest" time="0.269"/>
  <testcase name="commitTimestampsAfterWorksIfThereAreTooManyCommits[Using mapdb]" classname="org.chronos.chronodb.test.engine.commitmetadata.GetCommitsBeforeAfterAroundTest" time="0.797"/>
  <testcase name="commitTimestampsAroundWorksIfNotEnoughElementsArePresentAfter[Using mapdb]" classname="org.chronos.chronodb.test.engine.commitmetadata.GetCommitsBeforeAfterAroundTest" time="0.666"/>
  <testcase name="commitsAroundWorksIfNotEnoughElementsArePresentBefore[Using mapdb]" classname="org.chronos.chronodb.test.engine.commitmetadata.GetCommitsBeforeAfterAroundTest" time="0.485"/>
  <testcase name="commitsBeforeWorksIfThereAreNoCommits[Using mapdb]" classname="org.chronos.chronodb.test.engine.commitmetadata.GetCommitsBeforeAfterAroundTest" time="0.201"/>
  <testcase name="commitsAfterWorksIfThereAreNoCommits[Using tupl]" classname="org.chronos.chronodb.test.engine.commitmetadata.GetCommitsBeforeAfterAroundTest" time="0.084"/>
  <testcase name="commitTimestampsAroundWorksIfExactlyEnoughElementsArePresentOnBothSides[Using tupl]" classname="org.chronos.chronodb.test.engine.commitmetadata.GetCommitsBeforeAfterAroundTest" time="0.2"/>
  <testcase name="commitTimestampsBeforeWorksIfThereAreTooManyCommits[Using tupl]" classname="org.chronos.chronodb.test.engine.commitmetadata.GetCommitsBeforeAfterAroundTest" time="0.268"/>
  <testcase name="commitTimestampsAroundWorksIfNotEnoughCommitsArePresentOnEitherSide[Using tupl]" classname="org.chronos.chronodb.test.engine.commitmetadata.GetCommitsBeforeAfterAroundTest" time="0.198"/>
  <testcase name="commitsAroundWorksIfTimestampIsNotExactlyMatchingACommit[Using tupl]" classname="org.chronos.chronodb.test.engine.commitmetadata.GetCommitsBeforeAfterAroundTest" time="0.281"/>
  <testcase name="commitsAroundWorksIfMoreElementsThanNecessaryArePresentOnBothSides[Using tupl]" classname="org.chronos.chronodb.test.engine.commitmetadata.GetCommitsBeforeAfterAroundTest" time="0.253"/>
  <testcase name="commitsBeforeWorksIfThereAreNotEnoughCommits[Using tupl]" classname="org.chronos.chronodb.test.engine.commitmetadata.GetCommitsBeforeAfterAroundTest" time="0.27"/>
  <testcase name="commitTimestampsAroundWorksIfMoreElementsThanNecessaryArePresentOnBothSides[Using tupl]" classname="org.chronos.chronodb.test.engine.commitmetadata.GetCommitsBeforeAfterAroundTest" time="0.299"/>
  <testcase name="commitTimestampsBeforeWorksIfThereAreNoCommits[Using tupl]" classname="org.chronos.chronodb.test.engine.commitmetadata.GetCommitsBeforeAfterAroundTest" time="0.078"/>
  <testcase name="commitsAfterWorksIfThereAreNotEnoughCommits[Using tupl]" classname="org.chronos.chronodb.test.engine.commitmetadata.GetCommitsBeforeAfterAroundTest" time="0.122"/>
  <testcase name="commitsAroundWorksIfNotEnoughCommitsArePresentOnEitherSide[Using tupl]" classname="org.chronos.chronodb.test.engine.commitmetadata.GetCommitsBeforeAfterAroundTest" time="0.1"/>
  <testcase name="commitsBeforeWorksIfThereAreExactlyEnoughCommits[Using tupl]" classname="org.chronos.chronodb.test.engine.commitmetadata.GetCommitsBeforeAfterAroundTest" time="0.148"/>
  <testcase name="commitTimestampsBeforeWorksIfThereAreExactlyEnoughCommits[Using tupl]" classname="org.chronos.chronodb.test.engine.commitmetadata.GetCommitsBeforeAfterAroundTest" time="0.152"/>
  <testcase name="commitTimestampsAroundWorksIfNotEnoughElementsArePresentBefore[Using tupl]" classname="org.chronos.chronodb.test.engine.commitmetadata.GetCommitsBeforeAfterAroundTest" time="0.129"/>
  <testcase name="commitTimestampsAfterWorksIfThereAreNoCommits[Using tupl]" classname="org.chronos.chronodb.test.engine.commitmetadata.GetCommitsBeforeAfterAroundTest" time="0.071"/>
  <testcase name="commitTimestampsAfterWorksIfThereAreNotEnoughCommits[Using tupl]" classname="org.chronos.chronodb.test.engine.commitmetadata.GetCommitsBeforeAfterAroundTest" time="0.115"/>
  <testcase name="commitTimestampsAfterZeroWorks[Using tupl]" classname="org.chronos.chronodb.test.engine.commitmetadata.GetCommitsBeforeAfterAroundTest" time="0.141"/>
  <testcase name="commitsAroundWorksIfNotEnoughElementsArePresentAfter[Using tupl]" classname="org.chronos.chronodb.test.engine.commitmetadata.GetCommitsBeforeAfterAroundTest" time="0.222"/>
  <testcase name="commitsAfterWorksIfThereAreExactlyEnoughCommits[Using tupl]" classname="org.chronos.chronodb.test.engine.commitmetadata.GetCommitsBeforeAfterAroundTest" time="0.221"/>
  <testcase name="commitTimestampsBeforeWorksIfThereAreNotEnoughCommits[Using tupl]" classname="org.chronos.chronodb.test.engine.commitmetadata.GetCommitsBeforeAfterAroundTest" time="0.263"/>
  <testcase name="commitTimestampsAroundWorksIfTimestampIsNotExactlyMatchingACommit[Using tupl]" classname="org.chronos.chronodb.test.engine.commitmetadata.GetCommitsBeforeAfterAroundTest" time="0.285"/>
  <testcase name="commitsBeforeWorksIfThereAreTooManyCommits[Using tupl]" classname="org.chronos.chronodb.test.engine.commitmetadata.GetCommitsBeforeAfterAroundTest" time="0.253"/>
  <testcase name="commitsAroundWorksIfExactlyEnoughElementsArePresentOnBothSides[Using tupl]" classname="org.chronos.chronodb.test.engine.commitmetadata.GetCommitsBeforeAfterAroundTest" time="0.2"/>
  <testcase name="commitTimestampsAfterWorksIfThereAreExactlyEnoughCommits[Using tupl]" classname="org.chronos.chronodb.test.engine.commitmetadata.GetCommitsBeforeAfterAroundTest" time="0.215"/>
  <testcase name="commitsAfterWorksIfThereAreTooManyCommits[Using tupl]" classname="org.chronos.chronodb.test.engine.commitmetadata.GetCommitsBeforeAfterAroundTest" time="0.285"/>
  <testcase name="commitsAroundWorksIfNoCommitsArePresent[Using tupl]" classname="org.chronos.chronodb.test.engine.commitmetadata.GetCommitsBeforeAfterAroundTest" time="0.062"/>
  <testcase name="commitTimestampsAfterWorksIfThereAreTooManyCommits[Using tupl]" classname="org.chronos.chronodb.test.engine.commitmetadata.GetCommitsBeforeAfterAroundTest" time="0.153"/>
  <testcase name="commitTimestampsAroundWorksIfNotEnoughElementsArePresentAfter[Using tupl]" classname="org.chronos.chronodb.test.engine.commitmetadata.GetCommitsBeforeAfterAroundTest" time="0.145"/>
  <testcase name="commitsAroundWorksIfNotEnoughElementsArePresentBefore[Using tupl]" classname="org.chronos.chronodb.test.engine.commitmetadata.GetCommitsBeforeAfterAroundTest" time="0.14"/>
  <testcase name="commitsBeforeWorksIfThereAreNoCommits[Using tupl]" classname="org.chronos.chronodb.test.engine.commitmetadata.GetCommitsBeforeAfterAroundTest" time="0.063"/>
  <testcase name="commitsAfterWorksIfThereAreNoCommits[Using inmemory]" classname="org.chronos.chronodb.test.engine.commitmetadata.GetCommitsBeforeAfterAroundTest" time="0.0"/>
  <testcase name="commitTimestampsAroundWorksIfExactlyEnoughElementsArePresentOnBothSides[Using inmemory]" classname="org.chronos.chronodb.test.engine.commitmetadata.GetCommitsBeforeAfterAroundTest" time="0.015"/>
  <testcase name="commitTimestampsBeforeWorksIfThereAreTooManyCommits[Using inmemory]" classname="org.chronos.chronodb.test.engine.commitmetadata.GetCommitsBeforeAfterAroundTest" time="0.009"/>
  <testcase name="commitTimestampsAroundWorksIfNotEnoughCommitsArePresentOnEitherSide[Using inmemory]" classname="org.chronos.chronodb.test.engine.commitmetadata.GetCommitsBeforeAfterAroundTest" time="0.003"/>
  <testcase name="commitsAroundWorksIfTimestampIsNotExactlyMatchingACommit[Using inmemory]" classname="org.chronos.chronodb.test.engine.commitmetadata.GetCommitsBeforeAfterAroundTest" time="0.073"/>
  <testcase name="commitsAroundWorksIfMoreElementsThanNecessaryArePresentOnBothSides[Using inmemory]" classname="org.chronos.chronodb.test.engine.commitmetadata.GetCommitsBeforeAfterAroundTest" time="0.008"/>
  <testcase name="commitsBeforeWorksIfThereAreNotEnoughCommits[Using inmemory]" classname="org.chronos.chronodb.test.engine.commitmetadata.GetCommitsBeforeAfterAroundTest" time="0.007"/>
  <testcase name="commitTimestampsAroundWorksIfMoreElementsThanNecessaryArePresentOnBothSides[Using inmemory]" classname="org.chronos.chronodb.test.engine.commitmetadata.GetCommitsBeforeAfterAroundTest" time="0.009"/>
  <testcase name="commitTimestampsBeforeWorksIfThereAreNoCommits[Using inmemory]" classname="org.chronos.chronodb.test.engine.commitmetadata.GetCommitsBeforeAfterAroundTest" time="0.001"/>
  <testcase name="commitsAfterWorksIfThereAreNotEnoughCommits[Using inmemory]" classname="org.chronos.chronodb.test.engine.commitmetadata.GetCommitsBeforeAfterAroundTest" time="0.004"/>
  <testcase name="commitsAroundWorksIfNotEnoughCommitsArePresentOnEitherSide[Using inmemory]" classname="org.chronos.chronodb.test.engine.commitmetadata.GetCommitsBeforeAfterAroundTest" time="0.004"/>
  <testcase name="commitsBeforeWorksIfThereAreExactlyEnoughCommits[Using inmemory]" classname="org.chronos.chronodb.test.engine.commitmetadata.GetCommitsBeforeAfterAroundTest" time="0.006"/>
  <testcase name="commitTimestampsBeforeWorksIfThereAreExactlyEnoughCommits[Using inmemory]" classname="org.chronos.chronodb.test.engine.commitmetadata.GetCommitsBeforeAfterAroundTest" time="0.007"/>
  <testcase name="commitTimestampsAroundWorksIfNotEnoughElementsArePresentBefore[Using inmemory]" classname="org.chronos.chronodb.test.engine.commitmetadata.GetCommitsBeforeAfterAroundTest" time="0.006"/>
  <testcase name="commitTimestampsAfterWorksIfThereAreNoCommits[Using inmemory]" classname="org.chronos.chronodb.test.engine.commitmetadata.GetCommitsBeforeAfterAroundTest" time="0.0"/>
  <testcase name="commitTimestampsAfterWorksIfThereAreNotEnoughCommits[Using inmemory]" classname="org.chronos.chronodb.test.engine.commitmetadata.GetCommitsBeforeAfterAroundTest" time="0.005"/>
  <testcase name="commitTimestampsAfterZeroWorks[Using inmemory]" classname="org.chronos.chronodb.test.engine.commitmetadata.GetCommitsBeforeAfterAroundTest" time="0.008"/>
  <testcase name="commitsAroundWorksIfNotEnoughElementsArePresentAfter[Using inmemory]" classname="org.chronos.chronodb.test.engine.commitmetadata.GetCommitsBeforeAfterAroundTest" time="0.008"/>
  <testcase name="commitsAfterWorksIfThereAreExactlyEnoughCommits[Using inmemory]" classname="org.chronos.chronodb.test.engine.commitmetadata.GetCommitsBeforeAfterAroundTest" time="0.005"/>
  <testcase name="commitTimestampsBeforeWorksIfThereAreNotEnoughCommits[Using inmemory]" classname="org.chronos.chronodb.test.engine.commitmetadata.GetCommitsBeforeAfterAroundTest" time="0.007"/>
  <testcase name="commitTimestampsAroundWorksIfTimestampIsNotExactlyMatchingACommit[Using inmemory]" classname="org.chronos.chronodb.test.engine.commitmetadata.GetCommitsBeforeAfterAroundTest" time="0.068"/>
  <testcase name="commitsBeforeWorksIfThereAreTooManyCommits[Using inmemory]" classname="org.chronos.chronodb.test.engine.commitmetadata.GetCommitsBeforeAfterAroundTest" time="0.008"/>
  <testcase name="commitsAroundWorksIfExactlyEnoughElementsArePresentOnBothSides[Using inmemory]" classname="org.chronos.chronodb.test.engine.commitmetadata.GetCommitsBeforeAfterAroundTest" time="0.004"/>
  <testcase name="commitTimestampsAfterWorksIfThereAreExactlyEnoughCommits[Using inmemory]" classname="org.chronos.chronodb.test.engine.commitmetadata.GetCommitsBeforeAfterAroundTest" time="0.005"/>
  <testcase name="commitsAfterWorksIfThereAreTooManyCommits[Using inmemory]" classname="org.chronos.chronodb.test.engine.commitmetadata.GetCommitsBeforeAfterAroundTest" time="0.008"/>
  <testcase name="commitsAroundWorksIfNoCommitsArePresent[Using inmemory]" classname="org.chronos.chronodb.test.engine.commitmetadata.GetCommitsBeforeAfterAroundTest" time="0.0"/>
  <testcase name="commitTimestampsAfterWorksIfThereAreTooManyCommits[Using inmemory]" classname="org.chronos.chronodb.test.engine.commitmetadata.GetCommitsBeforeAfterAroundTest" time="0.008"/>
  <testcase name="commitTimestampsAroundWorksIfNotEnoughElementsArePresentAfter[Using inmemory]" classname="org.chronos.chronodb.test.engine.commitmetadata.GetCommitsBeforeAfterAroundTest" time="0.008"/>
  <testcase name="commitsAroundWorksIfNotEnoughElementsArePresentBefore[Using inmemory]" classname="org.chronos.chronodb.test.engine.commitmetadata.GetCommitsBeforeAfterAroundTest" time="0.006"/>
  <testcase name="commitsBeforeWorksIfThereAreNoCommits[Using inmemory]" classname="org.chronos.chronodb.test.engine.commitmetadata.GetCommitsBeforeAfterAroundTest" time="0.0"/>
  <system-out><![CDATA[19:51:02.849 [Test worker] INFO  o.c.common.test.ChronosUnitTest - Temp directory is provided at: C:\Users\Martin\AppData\Local\Temp\ChronoDBTest5529815287975316420


================================================================================
 TEST START                                                                     
--------------------------------------------------------------------------------
    Test class:  GetCommitsBeforeAfterAroundTest
    Test method: commitsAfterWorksIfThereAreNoCommits[Using chunked]
    Start time:  2017/08/28 19:51:02
================================================================================





================================================================================
 TEST SUCCEEDED                                                                 
--------------------------------------------------------------------------------
    Test class:  GetCommitsBeforeAfterAroundTest
    Test method: commitsAfterWorksIfThereAreNoCommits[Using chunked]
    End time:    2017/08/28 19:51:02 (Duration: 147ms)
================================================================================





================================================================================
 TEST START                                                                     
--------------------------------------------------------------------------------
    Test class:  GetCommitsBeforeAfterAroundTest
    Test method: commitTimestampsAroundWorksIfExactlyEnoughElementsArePresentOnBothSides[Using chunked]
    Start time:  2017/08/28 19:51:02
================================================================================





================================================================================
 TEST SUCCEEDED                                                                 
--------------------------------------------------------------------------------
    Test class:  GetCommitsBeforeAfterAroundTest
    Test method: commitTimestampsAroundWorksIfExactlyEnoughElementsArePresentOnBothSides[Using chunked]
    End time:    2017/08/28 19:51:03 (Duration: 238ms)
================================================================================





================================================================================
 TEST START                                                                     
--------------------------------------------------------------------------------
    Test class:  GetCommitsBeforeAfterAroundTest
    Test method: commitTimestampsBeforeWorksIfThereAreTooManyCommits[Using chunked]
    Start time:  2017/08/28 19:51:03
================================================================================





================================================================================
 TEST SUCCEEDED                                                                 
--------------------------------------------------------------------------------
    Test class:  GetCommitsBeforeAfterAroundTest
    Test method: commitTimestampsBeforeWorksIfThereAreTooManyCommits[Using chunked]
    End time:    2017/08/28 19:51:03 (Duration: 462ms)
================================================================================





================================================================================
 TEST START                                                                     
--------------------------------------------------------------------------------
    Test class:  GetCommitsBeforeAfterAroundTest
    Test method: commitTimestampsAroundWorksIfNotEnoughCommitsArePresentOnEitherSide[Using chunked]
    Start time:  2017/08/28 19:51:03
================================================================================





================================================================================
 TEST SUCCEEDED                                                                 
--------------------------------------------------------------------------------
    Test class:  GetCommitsBeforeAfterAroundTest
    Test method: commitTimestampsAroundWorksIfNotEnoughCommitsArePresentOnEitherSide[Using chunked]
    End time:    2017/08/28 19:51:04 (Duration: 385ms)
================================================================================





================================================================================
 TEST START                                                                     
--------------------------------------------------------------------------------
    Test class:  GetCommitsBeforeAfterAroundTest
    Test method: commitsAroundWorksIfTimestampIsNotExactlyMatchingACommit[Using chunked]
    Start time:  2017/08/28 19:51:04
================================================================================





================================================================================
 TEST SUCCEEDED                                                                 
--------------------------------------------------------------------------------
    Test class:  GetCommitsBeforeAfterAroundTest
    Test method: commitsAroundWorksIfTimestampIsNotExactlyMatchingACommit[Using chunked]
    End time:    2017/08/28 19:51:04 (Duration: 514ms)
================================================================================





================================================================================
 TEST START                                                                     
--------------------------------------------------------------------------------
    Test class:  GetCommitsBeforeAfterAroundTest
    Test method: commitsAroundWorksIfMoreElementsThanNecessaryArePresentOnBothSides[Using chunked]
    Start time:  2017/08/28 19:51:04
================================================================================





================================================================================
 TEST SUCCEEDED                                                                 
--------------------------------------------------------------------------------
    Test class:  GetCommitsBeforeAfterAroundTest
    Test method: commitsAroundWorksIfMoreElementsThanNecessaryArePresentOnBothSides[Using chunked]
    End time:    2017/08/28 19:51:05 (Duration: 469ms)
================================================================================





================================================================================
 TEST START                                                                     
--------------------------------------------------------------------------------
    Test class:  GetCommitsBeforeAfterAroundTest
    Test method: commitsBeforeWorksIfThereAreNotEnoughCommits[Using chunked]
    Start time:  2017/08/28 19:51:05
================================================================================





================================================================================
 TEST SUCCEEDED                                                                 
--------------------------------------------------------------------------------
    Test class:  GetCommitsBeforeAfterAroundTest
    Test method: commitsBeforeWorksIfThereAreNotEnoughCommits[Using chunked]
    End time:    2017/08/28 19:51:05 (Duration: 354ms)
================================================================================





================================================================================
 TEST START                                                                     
--------------------------------------------------------------------------------
    Test class:  GetCommitsBeforeAfterAroundTest
    Test method: commitTimestampsAroundWorksIfMoreElementsThanNecessaryArePresentOnBothSides[Using chunked]
    Start time:  2017/08/28 19:51:05
================================================================================





================================================================================
 TEST SUCCEEDED                                                                 
--------------------------------------------------------------------------------
    Test class:  GetCommitsBeforeAfterAroundTest
    Test method: commitTimestampsAroundWorksIfMoreElementsThanNecessaryArePresentOnBothSides[Using chunked]
    End time:    2017/08/28 19:51:05 (Duration: 262ms)
================================================================================





================================================================================
 TEST START                                                                     
--------------------------------------------------------------------------------
    Test class:  GetCommitsBeforeAfterAroundTest
    Test method: commitTimestampsBeforeWorksIfThereAreNoCommits[Using chunked]
    Start time:  2017/08/28 19:51:05
================================================================================





================================================================================
 TEST SUCCEEDED                                                                 
--------------------------------------------------------------------------------
    Test class:  GetCommitsBeforeAfterAroundTest
    Test method: commitTimestampsBeforeWorksIfThereAreNoCommits[Using chunked]
    End time:    2017/08/28 19:51:05 (Duration: 137ms)
================================================================================





================================================================================
 TEST START                                                                     
--------------------------------------------------------------------------------
    Test class:  GetCommitsBeforeAfterAroundTest
    Test method: commitsAfterWorksIfThereAreNotEnoughCommits[Using chunked]
    Start time:  2017/08/28 19:51:05
================================================================================





================================================================================
 TEST SUCCEEDED                                                                 
--------------------------------------------------------------------------------
    Test class:  GetCommitsBeforeAfterAroundTest
    Test method: commitsAfterWorksIfThereAreNotEnoughCommits[Using chunked]
    End time:    2017/08/28 19:51:06 (Duration: 232ms)
================================================================================





================================================================================
 TEST START                                                                     
--------------------------------------------------------------------------------
    Test class:  GetCommitsBeforeAfterAroundTest
    Test method: commitsAroundWorksIfNotEnoughCommitsArePresentOnEitherSide[Using chunked]
    Start time:  2017/08/28 19:51:06
================================================================================





================================================================================
 TEST SUCCEEDED                                                                 
--------------------------------------------------------------------------------
    Test class:  GetCommitsBeforeAfterAroundTest
    Test method: commitsAroundWorksIfNotEnoughCommitsArePresentOnEitherSide[Using chunked]
    End time:    2017/08/28 19:51:06 (Duration: 347ms)
================================================================================





================================================================================
 TEST START                                                                     
--------------------------------------------------------------------------------
    Test class:  GetCommitsBeforeAfterAroundTest
    Test method: commitsBeforeWorksIfThereAreExactlyEnoughCommits[Using chunked]
    Start time:  2017/08/28 19:51:06
================================================================================





================================================================================
 TEST SUCCEEDED                                                                 
--------------------------------------------------------------------------------
    Test class:  GetCommitsBeforeAfterAroundTest
    Test method: commitsBeforeWorksIfThereAreExactlyEnoughCommits[Using chunked]
    End time:    2017/08/28 19:51:06 (Duration: 469ms)
================================================================================





================================================================================
 TEST START                                                                     
--------------------------------------------------------------------------------
    Test class:  GetCommitsBeforeAfterAroundTest
    Test method: commitTimestampsBeforeWorksIfThereAreExactlyEnoughCommits[Using chunked]
    Start time:  2017/08/28 19:51:06
================================================================================





================================================================================
 TEST SUCCEEDED                                                                 
--------------------------------------------------------------------------------
    Test class:  GetCommitsBeforeAfterAroundTest
    Test method: commitTimestampsBeforeWorksIfThereAreExactlyEnoughCommits[Using chunked]
    End time:    2017/08/28 19:51:07 (Duration: 454ms)
================================================================================





================================================================================
 TEST START                                                                     
--------------------------------------------------------------------------------
    Test class:  GetCommitsBeforeAfterAroundTest
    Test method: commitTimestampsAroundWorksIfNotEnoughElementsArePresentBefore[Using chunked]
    Start time:  2017/08/28 19:51:07
================================================================================





================================================================================
 TEST SUCCEEDED                                                                 
--------------------------------------------------------------------------------
    Test class:  GetCommitsBeforeAfterAroundTest
    Test method: commitTimestampsAroundWorksIfNotEnoughElementsArePresentBefore[Using chunked]
    End time:    2017/08/28 19:51:07 (Duration: 447ms)
================================================================================





================================================================================
 TEST START                                                                     
--------------------------------------------------------------------------------
    Test class:  GetCommitsBeforeAfterAroundTest
    Test method: commitTimestampsAfterWorksIfThereAreNoCommits[Using chunked]
    Start time:  2017/08/28 19:51:07
================================================================================





================================================================================
 TEST SUCCEEDED                                                                 
--------------------------------------------------------------------------------
    Test class:  GetCommitsBeforeAfterAroundTest
    Test method: commitTimestampsAfterWorksIfThereAreNoCommits[Using chunked]
    End time:    2017/08/28 19:51:08 (Duration: 253ms)
================================================================================





================================================================================
 TEST START                                                                     
--------------------------------------------------------------------------------
    Test class:  GetCommitsBeforeAfterAroundTest
    Test method: commitTimestampsAfterWorksIfThereAreNotEnoughCommits[Using chunked]
    Start time:  2017/08/28 19:51:08
================================================================================





================================================================================
 TEST SUCCEEDED                                                                 
--------------------------------------------------------------------------------
    Test class:  GetCommitsBeforeAfterAroundTest
    Test method: commitTimestampsAfterWorksIfThereAreNotEnoughCommits[Using chunked]
    End time:    2017/08/28 19:51:08 (Duration: 299ms)
================================================================================





================================================================================
 TEST START                                                                     
--------------------------------------------------------------------------------
    Test class:  GetCommitsBeforeAfterAroundTest
    Test method: commitTimestampsAfterZeroWorks[Using chunked]
    Start time:  2017/08/28 19:51:08
================================================================================





================================================================================
 TEST SUCCEEDED                                                                 
--------------------------------------------------------------------------------
    Test class:  GetCommitsBeforeAfterAroundTest
    Test method: commitTimestampsAfterZeroWorks[Using chunked]
    End time:    2017/08/28 19:51:08 (Duration: 263ms)
================================================================================





================================================================================
 TEST START                                                                     
--------------------------------------------------------------------------------
    Test class:  GetCommitsBeforeAfterAroundTest
    Test method: commitsAroundWorksIfNotEnoughElementsArePresentAfter[Using chunked]
    Start time:  2017/08/28 19:51:08
================================================================================





================================================================================
 TEST SUCCEEDED                                                                 
--------------------------------------------------------------------------------
    Test class:  GetCommitsBeforeAfterAroundTest
    Test method: commitsAroundWorksIfNotEnoughElementsArePresentAfter[Using chunked]
    End time:    2017/08/28 19:51:08 (Duration: 269ms)
================================================================================





================================================================================
 TEST START                                                                     
--------------------------------------------------------------------------------
    Test class:  GetCommitsBeforeAfterAroundTest
    Test method: commitsAfterWorksIfThereAreExactlyEnoughCommits[Using chunked]
    Start time:  2017/08/28 19:51:08
================================================================================





================================================================================
 TEST SUCCEEDED                                                                 
--------------------------------------------------------------------------------
    Test class:  GetCommitsBeforeAfterAroundTest
    Test method: commitsAfterWorksIfThereAreExactlyEnoughCommits[Using chunked]
    End time:    2017/08/28 19:51:09 (Duration: 346ms)
================================================================================





================================================================================
 TEST START                                                                     
--------------------------------------------------------------------------------
    Test class:  GetCommitsBeforeAfterAroundTest
    Test method: commitTimestampsBeforeWorksIfThereAreNotEnoughCommits[Using chunked]
    Start time:  2017/08/28 19:51:09
================================================================================





================================================================================
 TEST SUCCEEDED                                                                 
--------------------------------------------------------------------------------
    Test class:  GetCommitsBeforeAfterAroundTest
    Test method: commitTimestampsBeforeWorksIfThereAreNotEnoughCommits[Using chunked]
    End time:    2017/08/28 19:51:09 (Duration: 454ms)
================================================================================





================================================================================
 TEST START                                                                     
--------------------------------------------------------------------------------
    Test class:  GetCommitsBeforeAfterAroundTest
    Test method: commitTimestampsAroundWorksIfTimestampIsNotExactlyMatchingACommit[Using chunked]
    Start time:  2017/08/28 19:51:09
================================================================================





================================================================================
 TEST SUCCEEDED                                                                 
--------------------------------------------------------------------------------
    Test class:  GetCommitsBeforeAfterAroundTest
    Test method: commitTimestampsAroundWorksIfTimestampIsNotExactlyMatchingACommit[Using chunked]
    End time:    2017/08/28 19:51:10 (Duration: 546ms)
================================================================================





================================================================================
 TEST START                                                                     
--------------------------------------------------------------------------------
    Test class:  GetCommitsBeforeAfterAroundTest
    Test method: commitsBeforeWorksIfThereAreTooManyCommits[Using chunked]
    Start time:  2017/08/28 19:51:10
================================================================================





================================================================================
 TEST SUCCEEDED                                                                 
--------------------------------------------------------------------------------
    Test class:  GetCommitsBeforeAfterAroundTest
    Test method: commitsBeforeWorksIfThereAreTooManyCommits[Using chunked]
    End time:    2017/08/28 19:51:10 (Duration: 469ms)
================================================================================





================================================================================
 TEST START                                                                     
--------------------------------------------------------------------------------
    Test class:  GetCommitsBeforeAfterAroundTest
    Test method: commitsAroundWorksIfExactlyEnoughElementsArePresentOnBothSides[Using chunked]
    Start time:  2017/08/28 19:51:10
================================================================================





================================================================================
 TEST SUCCEEDED                                                                 
--------------------------------------------------------------------------------
    Test class:  GetCommitsBeforeAfterAroundTest
    Test method: commitsAroundWorksIfExactlyEnoughElementsArePresentOnBothSides[Using chunked]
    End time:    2017/08/28 19:51:11 (Duration: 368ms)
================================================================================





================================================================================
 TEST START                                                                     
--------------------------------------------------------------------------------
    Test class:  GetCommitsBeforeAfterAroundTest
    Test method: commitTimestampsAfterWorksIfThereAreExactlyEnoughCommits[Using chunked]
    Start time:  2017/08/28 19:51:11
================================================================================





================================================================================
 TEST SUCCEEDED                                                                 
--------------------------------------------------------------------------------
    Test class:  GetCommitsBeforeAfterAroundTest
    Test method: commitTimestampsAfterWorksIfThereAreExactlyEnoughCommits[Using chunked]
    End time:    2017/08/28 19:51:11 (Duration: 247ms)
================================================================================





================================================================================
 TEST START                                                                     
--------------------------------------------------------------------------------
    Test class:  GetCommitsBeforeAfterAroundTest
    Test method: commitsAfterWorksIfThereAreTooManyCommits[Using chunked]
    Start time:  2017/08/28 19:51:11
================================================================================





================================================================================
 TEST SUCCEEDED                                                                 
--------------------------------------------------------------------------------
    Test class:  GetCommitsBeforeAfterAroundTest
    Test method: commitsAfterWorksIfThereAreTooManyCommits[Using chunked]
    End time:    2017/08/28 19:51:11 (Duration: 253ms)
================================================================================





================================================================================
 TEST START                                                                     
--------------------------------------------------------------------------------
    Test class:  GetCommitsBeforeAfterAroundTest
    Test method: commitsAroundWorksIfNoCommitsArePresent[Using chunked]
    Start time:  2017/08/28 19:51:11
================================================================================





================================================================================
 TEST SUCCEEDED                                                                 
--------------------------------------------------------------------------------
    Test class:  GetCommitsBeforeAfterAroundTest
    Test method: commitsAroundWorksIfNoCommitsArePresent[Using chunked]
    End time:    2017/08/28 19:51:11 (Duration: 147ms)
================================================================================





================================================================================
 TEST START                                                                     
--------------------------------------------------------------------------------
    Test class:  GetCommitsBeforeAfterAroundTest
    Test method: commitTimestampsAfterWorksIfThereAreTooManyCommits[Using chunked]
    Start time:  2017/08/28 19:51:11
================================================================================





================================================================================
 TEST SUCCEEDED                                                                 
--------------------------------------------------------------------------------
    Test class:  GetCommitsBeforeAfterAroundTest
    Test method: commitTimestampsAfterWorksIfThereAreTooManyCommits[Using chunked]
    End time:    2017/08/28 19:51:11 (Duration: 285ms)
================================================================================





================================================================================
 TEST START                                                                     
--------------------------------------------------------------------------------
    Test class:  GetCommitsBeforeAfterAroundTest
    Test method: commitTimestampsAroundWorksIfNotEnoughElementsArePresentAfter[Using chunked]
    Start time:  2017/08/28 19:51:11
================================================================================





================================================================================
 TEST SUCCEEDED                                                                 
--------------------------------------------------------------------------------
    Test class:  GetCommitsBeforeAfterAroundTest
    Test method: commitTimestampsAroundWorksIfNotEnoughElementsArePresentAfter[Using chunked]
    End time:    2017/08/28 19:51:12 (Duration: 431ms)
================================================================================





================================================================================
 TEST START                                                                     
--------------------------------------------------------------------------------
    Test class:  GetCommitsBeforeAfterAroundTest
    Test method: commitsAroundWorksIfNotEnoughElementsArePresentBefore[Using chunked]
    Start time:  2017/08/28 19:51:12
================================================================================





================================================================================
 TEST SUCCEEDED                                                                 
--------------------------------------------------------------------------------
    Test class:  GetCommitsBeforeAfterAroundTest
    Test method: commitsAroundWorksIfNotEnoughElementsArePresentBefore[Using chunked]
    End time:    2017/08/28 19:51:12 (Duration: 422ms)
================================================================================





================================================================================
 TEST START                                                                     
--------------------------------------------------------------------------------
    Test class:  GetCommitsBeforeAfterAroundTest
    Test method: commitsBeforeWorksIfThereAreNoCommits[Using chunked]
    Start time:  2017/08/28 19:51:12
================================================================================





================================================================================
 TEST SUCCEEDED                                                                 
--------------------------------------------------------------------------------
    Test class:  GetCommitsBeforeAfterAroundTest
    Test method: commitsBeforeWorksIfThereAreNoCommits[Using chunked]
    End time:    2017/08/28 19:51:13 (Duration: 247ms)
================================================================================





================================================================================
 TEST START                                                                     
--------------------------------------------------------------------------------
    Test class:  GetCommitsBeforeAfterAroundTest
    Test method: commitsAfterWorksIfThereAreNoCommits[Using jdbc]
    Start time:  2017/08/28 19:51:13
================================================================================



19:51:13.096 [Test worker] DEBUG c.m.v.c.m.DynamicPooledDataSourceManagerMBean - MBean: com.mchange.v2.c3p0:type=PooledDataSource,identityToken=1hgeqrl9qbn6pz6yfah30|9701ddb,name=1hgeqrl9qbn6pz6yfah30|9701ddb registered.
19:51:13.096 [Test worker] DEBUG c.m.v.c.m.DynamicPooledDataSourceManagerMBean - MBean: com.mchange.v2.c3p0:type=PooledDataSource,identityToken=1hgeqrl9qbn6pz6yfah30|9701ddb,name=1hgeqrl9qbn6pz6yfah30|9701ddb unregistered, in order to be reregistered after update.
19:51:13.096 [Test worker] DEBUG c.m.v.c.m.DynamicPooledDataSourceManagerMBean - MBean: com.mchange.v2.c3p0:type=PooledDataSource,identityToken=1hgeqrl9qbn6pz6yfah30|9701ddb,name=1hgeqrl9qbn6pz6yfah30|9701ddb registered.
19:51:13.096 [Test worker] INFO  c.m.v.c.i.AbstractPoolBackedDataSource - Initializing c3p0 pool... com.mchange.v2.c3p0.PoolBackedDataSource@b48353d7 [ connectionPoolDataSource -> com.mchange.v2.c3p0.WrapperConnectionPoolDataSource@15ddf554 [ acquireIncrement -> 3, acquireRetryAttempts -> 30, acquireRetryDelay -> 1000, autoCommitOnClose -> false, automaticTestTable -> null, breakAfterAcquireFailure -> false, checkoutTimeout -> 0, connectionCustomizerClassName -> null, connectionTesterClassName -> com.mchange.v2.c3p0.impl.DefaultConnectionTester, contextClassLoaderSource -> caller, debugUnreturnedConnectionStackTraces -> false, factoryClassLocation -> null, forceIgnoreUnresolvedTransactions -> false, forceSynchronousCheckins -> false, identityToken -> 1hgeqrl9qbn6pz6yfah30|1ac6d364, idleConnectionTestPeriod -> 0, initialPoolSize -> 3, maxAdministrativeTaskTime -> 0, maxConnectionAge -> 0, maxIdleTime -> 0, maxIdleTimeExcessConnections -> 0, maxPoolSize -> 15, maxStatements -> 0, maxStatementsPerConnection -> 0, minPoolSize -> 3, nestedDataSource -> com.mchange.v2.c3p0.DriverManagerDataSource@e09c6d5b [ description -> null, driverClass -> null, factoryClassLocation -> null, forceUseNamedDriverClass -> false, identityToken -> 1hgeqrl9qbn6pz6yfah30|1386e9c8, jdbcUrl -> jdbc:h2:mem:98708281622c4b5a8051cba6c3d4cdfd, properties -> {} ], preferredTestQuery -> null, privilegeSpawnedThreads -> false, propertyCycle -> 0, statementCacheNumDeferredCloseThreads -> 0, testConnectionOnCheckin -> false, testConnectionOnCheckout -> false, unreturnedConnectionTimeout -> 0, usesTraditionalReflectiveProxies -> false; userOverrides: {} ], dataSourceName -> null, extensions -> {}, factoryClassLocation -> null, identityToken -> 1hgeqrl9qbn6pz6yfah30|9701ddb, numHelperThreads -> 3 ]
19:51:13.096 [Test worker] DEBUG c.m.v.resourcepool.BasicResourcePool - com.mchange.v2.resourcepool.BasicResourcePool@3c74b887 config: [start -> 3; min -> 3; max -> 15; inc -> 3; num_acq_attempts -> 30; acq_attempt_delay -> 1000; check_idle_resources_delay -> 0; max_resource_age -> 0; max_idle_time -> 0; excess_max_idle_time -> 0; destroy_unreturned_resc_time -> 0; expiration_enforcement_delay -> 0; break_on_acquisition_failure -> false; debug_store_checkout_exceptions -> false; force_synchronous_checkins -> false]
19:51:13.096 [Test worker] DEBUG c.m.v.c.i.C3P0PooledConnectionPoolManager - Created new pool for auth, username (masked): 'null'.
19:51:13.096 [Test worker] DEBUG c.m.v.resourcepool.BasicResourcePool - acquire test -- pool size: 0; target_pool_size: 3; desired target? 1
19:51:13.096 [Test worker] DEBUG c.m.v.resourcepool.BasicResourcePool - awaitAvailable(): [unknown]
19:51:13.119 [Resource Destroyer in BasicResourcePool.close()] DEBUG c.m.v.resourcepool.BasicResourcePool - Preparing to destroy resource: com.mchange.v2.c3p0.impl.NewPooledConnection@1219dea0
19:51:13.119 [Test worker] DEBUG c.m.v.c.m.ActiveManagementCoordinator - MBean: com.mchange.v2.c3p0:type=PooledDataSource,identityToken=1hgeqrl9qbn6pz6yfah30|9701ddb,name=1hgeqrl9qbn6pz6yfah30|9701ddb unregistered.
19:51:13.119 [Resource Destroyer in BasicResourcePool.close()] DEBUG c.m.v.c.i.C3P0PooledConnectionPool - Preparing to destroy PooledConnection: com.mchange.v2.c3p0.impl.NewPooledConnection@1219dea0
19:51:13.119 [Test worker] DEBUG c.m.v.c.m.ActiveManagementCoordinator - C3P0Registry mbean unregistered.
19:51:13.119 [Resource Destroyer in BasicResourcePool.close()] DEBUG c.m.v.c.i.C3P0PooledConnectionPool - Successfully destroyed PooledConnection: com.mchange.v2.c3p0.impl.NewPooledConnection@1219dea0
19:51:13.119 [Resource Destroyer in BasicResourcePool.close()] DEBUG c.m.v.resourcepool.BasicResourcePool - Successfully destroyed resource: com.mchange.v2.c3p0.impl.NewPooledConnection@1219dea0
19:51:13.119 [Resource Destroyer in BasicResourcePool.close()] DEBUG c.m.v.resourcepool.BasicResourcePool - Preparing to destroy resource: com.mchange.v2.c3p0.impl.NewPooledConnection@5a6d77af
19:51:13.119 [Resource Destroyer in BasicResourcePool.close()] DEBUG c.m.v.c.i.C3P0PooledConnectionPool - Preparing to destroy PooledConnection: com.mchange.v2.c3p0.impl.NewPooledConnection@5a6d77af
19:51:13.119 [Resource Destroyer in BasicResourcePool.close()] DEBUG c.m.v.c.i.C3P0PooledConnectionPool - Successfully destroyed PooledConnection: com.mchange.v2.c3p0.impl.NewPooledConnection@5a6d77af
19:51:13.119 [Resource Destroyer in BasicResourcePool.close()] DEBUG c.m.v.resourcepool.BasicResourcePool - Successfully destroyed resource: com.mchange.v2.c3p0.impl.NewPooledConnection@5a6d77af
19:51:13.119 [Resource Destroyer in BasicResourcePool.close()] DEBUG c.m.v.resourcepool.BasicResourcePool - Preparing to destroy resource: com.mchange.v2.c3p0.impl.NewPooledConnection@3990dd3
19:51:13.119 [Resource Destroyer in BasicResourcePool.close()] DEBUG c.m.v.c.i.C3P0PooledConnectionPool - Preparing to destroy PooledConnection: com.mchange.v2.c3p0.impl.NewPooledConnection@3990dd3
19:51:13.119 [Resource Destroyer in BasicResourcePool.close()] DEBUG c.m.v.c.i.C3P0PooledConnectionPool - Successfully destroyed PooledConnection: com.mchange.v2.c3p0.impl.NewPooledConnection@3990dd3
19:51:13.119 [Resource Destroyer in BasicResourcePool.close()] DEBUG c.m.v.resourcepool.BasicResourcePool - Successfully destroyed resource: com.mchange.v2.c3p0.impl.NewPooledConnection@3990dd3


================================================================================
 TEST SUCCEEDED                                                                 
--------------------------------------------------------------------------------
    Test class:  GetCommitsBeforeAfterAroundTest
    Test method: commitsAfterWorksIfThereAreNoCommits[Using jdbc]
    End time:    2017/08/28 19:51:13 (Duration: 38ms)
================================================================================





================================================================================
 TEST START                                                                     
--------------------------------------------------------------------------------
    Test class:  GetCommitsBeforeAfterAroundTest
    Test method: commitTimestampsAroundWorksIfExactlyEnoughElementsArePresentOnBothSides[Using jdbc]
    Start time:  2017/08/28 19:51:13
================================================================================



19:51:13.119 [Test worker] DEBUG c.m.v.c.m.DynamicPooledDataSourceManagerMBean - MBean: com.mchange.v2.c3p0:type=PooledDataSource,identityToken=1hgeqrl9qbn6pz6yfah30|79930f74,name=1hgeqrl9qbn6pz6yfah30|79930f74 registered.
19:51:13.135 [Test worker] DEBUG c.m.v.c.m.DynamicPooledDataSourceManagerMBean - MBean: com.mchange.v2.c3p0:type=PooledDataSource,identityToken=1hgeqrl9qbn6pz6yfah30|79930f74,name=1hgeqrl9qbn6pz6yfah30|79930f74 unregistered, in order to be reregistered after update.
19:51:13.135 [Test worker] DEBUG c.m.v.c.m.DynamicPooledDataSourceManagerMBean - MBean: com.mchange.v2.c3p0:type=PooledDataSource,identityToken=1hgeqrl9qbn6pz6yfah30|79930f74,name=1hgeqrl9qbn6pz6yfah30|79930f74 registered.
19:51:13.135 [Test worker] INFO  c.m.v.c.i.AbstractPoolBackedDataSource - Initializing c3p0 pool... com.mchange.v2.c3p0.PoolBackedDataSource@327cde95 [ connectionPoolDataSource -> com.mchange.v2.c3p0.WrapperConnectionPoolDataSource@a4736e52 [ acquireIncrement -> 3, acquireRetryAttempts -> 30, acquireRetryDelay -> 1000, autoCommitOnClose -> false, automaticTestTable -> null, breakAfterAcquireFailure -> false, checkoutTimeout -> 0, connectionCustomizerClassName -> null, connectionTesterClassName -> com.mchange.v2.c3p0.impl.DefaultConnectionTester, contextClassLoaderSource -> caller, debugUnreturnedConnectionStackTraces -> false, factoryClassLocation -> null, forceIgnoreUnresolvedTransactions -> false, forceSynchronousCheckins -> false, identityToken -> 1hgeqrl9qbn6pz6yfah30|64857361, idleConnectionTestPeriod -> 0, initialPoolSize -> 3, maxAdministrativeTaskTime -> 0, maxConnectionAge -> 0, maxIdleTime -> 0, maxIdleTimeExcessConnections -> 0, maxPoolSize -> 15, maxStatements -> 0, maxStatementsPerConnection -> 0, minPoolSize -> 3, nestedDataSource -> com.mchange.v2.c3p0.DriverManagerDataSource@209e4303 [ description -> null, driverClass -> null, factoryClassLocation -> null, forceUseNamedDriverClass -> false, identityToken -> 1hgeqrl9qbn6pz6yfah30|41045247, jdbcUrl -> jdbc:h2:mem:9f56ec18f7314b08ab6cac4643ff4329, properties -> {} ], preferredTestQuery -> null, privilegeSpawnedThreads -> false, propertyCycle -> 0, statementCacheNumDeferredCloseThreads -> 0, testConnectionOnCheckin -> false, testConnectionOnCheckout -> false, unreturnedConnectionTimeout -> 0, usesTraditionalReflectiveProxies -> false; userOverrides: {} ], dataSourceName -> null, extensions -> {}, factoryClassLocation -> null, identityToken -> 1hgeqrl9qbn6pz6yfah30|79930f74, numHelperThreads -> 3 ]
19:51:13.135 [Test worker] DEBUG c.m.v.resourcepool.BasicResourcePool - com.mchange.v2.resourcepool.BasicResourcePool@7bf1e4ac config: [start -> 3; min -> 3; max -> 15; inc -> 3; num_acq_attempts -> 30; acq_attempt_delay -> 1000; check_idle_resources_delay -> 0; max_resource_age -> 0; max_idle_time -> 0; excess_max_idle_time -> 0; destroy_unreturned_resc_time -> 0; expiration_enforcement_delay -> 0; break_on_acquisition_failure -> false; debug_store_checkout_exceptions -> false; force_synchronous_checkins -> false]
19:51:13.135 [Test worker] DEBUG c.m.v.c.i.C3P0PooledConnectionPoolManager - Created new pool for auth, username (masked): 'null'.
19:51:13.135 [Test worker] DEBUG c.m.v.resourcepool.BasicResourcePool - acquire test -- pool size: 0; target_pool_size: 3; desired target? 1
19:51:13.135 [Test worker] DEBUG c.m.v.resourcepool.BasicResourcePool - awaitAvailable(): [unknown]
19:51:13.157 [Test worker] DEBUG c.m.v.c.m.ActiveManagementCoordinator - MBean: com.mchange.v2.c3p0:type=PooledDataSource,identityToken=1hgeqrl9qbn6pz6yfah30|79930f74,name=1hgeqrl9qbn6pz6yfah30|79930f74 unregistered.
19:51:13.157 [Resource Destroyer in BasicResourcePool.close()] DEBUG c.m.v.resourcepool.BasicResourcePool - Preparing to destroy resource: com.mchange.v2.c3p0.impl.NewPooledConnection@10e0ac82
19:51:13.157 [Test worker] DEBUG c.m.v.c.m.ActiveManagementCoordinator - C3P0Registry mbean unregistered.
19:51:13.157 [Resource Destroyer in BasicResourcePool.close()] DEBUG c.m.v.c.i.C3P0PooledConnectionPool - Preparing to destroy PooledConnection: com.mchange.v2.c3p0.impl.NewPooledConnection@10e0ac82
19:51:13.157 [Resource Destroyer in BasicResourcePool.close()] DEBUG c.m.v.c.i.C3P0PooledConnectionPool - Successfully destroyed PooledConnection: com.mchange.v2.c3p0.impl.NewPooledConnection@10e0ac82
19:51:13.157 [Resource Destroyer in BasicResourcePool.close()] DEBUG c.m.v.resourcepool.BasicResourcePool - Successfully destroyed resource: com.mchange.v2.c3p0.impl.NewPooledConnection@10e0ac82
19:51:13.157 [Resource Destroyer in BasicResourcePool.close()] DEBUG c.m.v.resourcepool.BasicResourcePool - Preparing to destroy resource: com.mchange.v2.c3p0.impl.NewPooledConnection@51273893
19:51:13.157 [Resource Destroyer in BasicResourcePool.close()] DEBUG c.m.v.c.i.C3P0PooledConnectionPool - Preparing to destroy PooledConnection: com.mchange.v2.c3p0.impl.NewPooledConnection@51273893
19:51:13.157 [Resource Destroyer in BasicResourcePool.close()] DEBUG c.m.v.c.i.C3P0PooledConnectionPool - Successfully destroyed PooledConnection: com.mchange.v2.c3p0.impl.NewPooledConnection@51273893
19:51:13.157 [Resource Destroyer in BasicResourcePool.close()] DEBUG c.m.v.resourcepool.BasicResourcePool - Successfully destroyed resource: com.mchange.v2.c3p0.impl.NewPooledConnection@51273893
19:51:13.157 [Resource Destroyer in BasicResourcePool.close()] DEBUG c.m.v.resourcepool.BasicResourcePool - Preparing to destroy resource: com.mchange.v2.c3p0.impl.NewPooledConnection@2f9acd2e
19:51:13.157 [Resource Destroyer in BasicResourcePool.close()] DEBUG c.m.v.c.i.C3P0PooledConnectionPool - Preparing to destroy PooledConnection: com.mchange.v2.c3p0.impl.NewPooledConnection@2f9acd2e
19:51:13.157 [Resource Destroyer in BasicResourcePool.close()] DEBUG c.m.v.c.i.C3P0PooledConnectionPool - Successfully destroyed PooledConnection: com.mchange.v2.c3p0.impl.NewPooledConnection@2f9acd2e
19:51:13.157 [Resource Destroyer in BasicResourcePool.close()] DEBUG c.m.v.resourcepool.BasicResourcePool - Successfully destroyed resource: com.mchange.v2.c3p0.impl.NewPooledConnection@2f9acd2e


================================================================================
 TEST SUCCEEDED                                                                 
--------------------------------------------------------------------------------
    Test class:  GetCommitsBeforeAfterAroundTest
    Test method: commitTimestampsAroundWorksIfExactlyEnoughElementsArePresentOnBothSides[Using jdbc]
    End time:    2017/08/28 19:51:13 (Duration: 38ms)
================================================================================





================================================================================
 TEST START                                                                     
--------------------------------------------------------------------------------
    Test class:  GetCommitsBeforeAfterAroundTest
    Test method: commitTimestampsBeforeWorksIfThereAreTooManyCommits[Using jdbc]
    Start time:  2017/08/28 19:51:13
================================================================================



19:51:13.157 [Test worker] DEBUG c.m.v.c.m.DynamicPooledDataSourceManagerMBean - MBean: com.mchange.v2.c3p0:type=PooledDataSource,identityToken=1hgeqrl9qbn6pz6yfah30|17e208c1,name=1hgeqrl9qbn6pz6yfah30|17e208c1 registered.
19:51:13.173 [Test worker] DEBUG c.m.v.c.m.DynamicPooledDataSourceManagerMBean - MBean: com.mchange.v2.c3p0:type=PooledDataSource,identityToken=1hgeqrl9qbn6pz6yfah30|17e208c1,name=1hgeqrl9qbn6pz6yfah30|17e208c1 unregistered, in order to be reregistered after update.
19:51:13.173 [Test worker] DEBUG c.m.v.c.m.DynamicPooledDataSourceManagerMBean - MBean: com.mchange.v2.c3p0:type=PooledDataSource,identityToken=1hgeqrl9qbn6pz6yfah30|17e208c1,name=1hgeqrl9qbn6pz6yfah30|17e208c1 registered.
19:51:13.173 [Test worker] INFO  c.m.v.c.i.AbstractPoolBackedDataSource - Initializing c3p0 pool... com.mchange.v2.c3p0.PoolBackedDataSource@c089e5db [ connectionPoolDataSource -> com.mchange.v2.c3p0.WrapperConnectionPoolDataSource@b6839f4 [ acquireIncrement -> 3, acquireRetryAttempts -> 30, acquireRetryDelay -> 1000, autoCommitOnClose -> false, automaticTestTable -> null, breakAfterAcquireFailure -> false, checkoutTimeout -> 0, connectionCustomizerClassName -> null, connectionTesterClassName -> com.mchange.v2.c3p0.impl.DefaultConnectionTester, contextClassLoaderSource -> caller, debugUnreturnedConnectionStackTraces -> false, factoryClassLocation -> null, forceIgnoreUnresolvedTransactions -> false, forceSynchronousCheckins -> false, identityToken -> 1hgeqrl9qbn6pz6yfah30|547e0388, idleConnectionTestPeriod -> 0, initialPoolSize -> 3, maxAdministrativeTaskTime -> 0, maxConnectionAge -> 0, maxIdleTime -> 0, maxIdleTimeExcessConnections -> 0, maxPoolSize -> 15, maxStatements -> 0, maxStatementsPerConnection -> 0, minPoolSize -> 3, nestedDataSource -> com.mchange.v2.c3p0.DriverManagerDataSource@d604c40e [ description -> null, driverClass -> null, factoryClassLocation -> null, forceUseNamedDriverClass -> false, identityToken -> 1hgeqrl9qbn6pz6yfah30|395f5202, jdbcUrl -> jdbc:h2:mem:d6e934860ae943d98a564c6c42ccdf3b, properties -> {} ], preferredTestQuery -> null, privilegeSpawnedThreads -> false, propertyCycle -> 0, statementCacheNumDeferredCloseThreads -> 0, testConnectionOnCheckin -> false, testConnectionOnCheckout -> false, unreturnedConnectionTimeout -> 0, usesTraditionalReflectiveProxies -> false; userOverrides: {} ], dataSourceName -> null, extensions -> {}, factoryClassLocation -> null, identityToken -> 1hgeqrl9qbn6pz6yfah30|17e208c1, numHelperThreads -> 3 ]
19:51:13.173 [Test worker] DEBUG c.m.v.resourcepool.BasicResourcePool - com.mchange.v2.resourcepool.BasicResourcePool@4f669d27 config: [start -> 3; min -> 3; max -> 15; inc -> 3; num_acq_attempts -> 30; acq_attempt_delay -> 1000; check_idle_resources_delay -> 0; max_resource_age -> 0; max_idle_time -> 0; excess_max_idle_time -> 0; destroy_unreturned_resc_time -> 0; expiration_enforcement_delay -> 0; break_on_acquisition_failure -> false; debug_store_checkout_exceptions -> false; force_synchronous_checkins -> false]
19:51:13.173 [Test worker] DEBUG c.m.v.c.i.C3P0PooledConnectionPoolManager - Created new pool for auth, username (masked): 'null'.
19:51:13.173 [Test worker] DEBUG c.m.v.resourcepool.BasicResourcePool - acquire test -- pool size: 0; target_pool_size: 3; desired target? 1
19:51:13.173 [Test worker] DEBUG c.m.v.resourcepool.BasicResourcePool - awaitAvailable(): [unknown]
19:51:13.201 [Test worker] DEBUG c.m.v.c.m.ActiveManagementCoordinator - MBean: com.mchange.v2.c3p0:type=PooledDataSource,identityToken=1hgeqrl9qbn6pz6yfah30|17e208c1,name=1hgeqrl9qbn6pz6yfah30|17e208c1 unregistered.
19:51:13.201 [Resource Destroyer in BasicResourcePool.close()] DEBUG c.m.v.resourcepool.BasicResourcePool - Preparing to destroy resource: com.mchange.v2.c3p0.impl.NewPooledConnection@3e86b07e
19:51:13.201 [Test worker] DEBUG c.m.v.c.m.ActiveManagementCoordinator - C3P0Registry mbean unregistered.
19:51:13.201 [Resource Destroyer in BasicResourcePool.close()] DEBUG c.m.v.c.i.C3P0PooledConnectionPool - Preparing to destroy PooledConnection: com.mchange.v2.c3p0.impl.NewPooledConnection@3e86b07e
19:51:13.201 [Resource Destroyer in BasicResourcePool.close()] DEBUG c.m.v.c.i.C3P0PooledConnectionPool - Successfully destroyed PooledConnection: com.mchange.v2.c3p0.impl.NewPooledConnection@3e86b07e
19:51:13.201 [Resource Destroyer in BasicResourcePool.close()] DEBUG c.m.v.resourcepool.BasicResourcePool - Successfully destroyed resource: com.mchange.v2.c3p0.impl.NewPooledConnection@3e86b07e
19:51:13.201 [Resource Destroyer in BasicResourcePool.close()] DEBUG c.m.v.resourcepool.BasicResourcePool - Preparing to destroy resource: com.mchange.v2.c3p0.impl.NewPooledConnection@42e03df8
19:51:13.201 [Resource Destroyer in BasicResourcePool.close()] DEBUG c.m.v.c.i.C3P0PooledConnectionPool - Preparing to destroy PooledConnection: com.mchange.v2.c3p0.impl.NewPooledConnection@42e03df8
19:51:13.201 [Resource Destroyer in BasicResourcePool.close()] DEBUG c.m.v.c.i.C3P0PooledConnectionPool - Successfully destroyed PooledConnection: com.mchange.v2.c3p0.impl.NewPooledConnection@42e03df8
19:51:13.201 [Resource Destroyer in BasicResourcePool.close()] DEBUG c.m.v.resourcepool.BasicResourcePool - Successfully destroyed resource: com.mchange.v2.c3p0.impl.NewPooledConnection@42e03df8
19:51:13.201 [Resource Destroyer in BasicResourcePool.close()] DEBUG c.m.v.resourcepool.BasicResourcePool - Preparing to destroy resource: com.mchange.v2.c3p0.impl.NewPooledConnection@9f44ae3
19:51:13.201 [Resource Destroyer in BasicResourcePool.close()] DEBUG c.m.v.c.i.C3P0PooledConnectionPool - Preparing to destroy PooledConnection: com.mchange.v2.c3p0.impl.NewPooledConnection@9f44ae3
19:51:13.201 [Resource Destroyer in BasicResourcePool.close()] DEBUG c.m.v.c.i.C3P0PooledConnectionPool - Successfully destroyed PooledConnection: com.mchange.v2.c3p0.impl.NewPooledConnection@9f44ae3
19:51:13.201 [Resource Destroyer in BasicResourcePool.close()] DEBUG c.m.v.resourcepool.BasicResourcePool - Successfully destroyed resource: com.mchange.v2.c3p0.impl.NewPooledConnection@9f44ae3


================================================================================
 TEST SUCCEEDED                                                                 
--------------------------------------------------------------------------------
    Test class:  GetCommitsBeforeAfterAroundTest
    Test method: commitTimestampsBeforeWorksIfThereAreTooManyCommits[Using jdbc]
    End time:    2017/08/28 19:51:13 (Duration: 44ms)
================================================================================





================================================================================
 TEST START                                                                     
--------------------------------------------------------------------------------
    Test class:  GetCommitsBeforeAfterAroundTest
    Test method: commitTimestampsAroundWorksIfNotEnoughCommitsArePresentOnEitherSide[Using jdbc]
    Start time:  2017/08/28 19:51:13
================================================================================



19:51:13.201 [Test worker] DEBUG c.m.v.c.m.DynamicPooledDataSourceManagerMBean - MBean: com.mchange.v2.c3p0:type=PooledDataSource,identityToken=1hgeqrl9qbn6pz6yfah30|6bec1a3c,name=1hgeqrl9qbn6pz6yfah30|6bec1a3c registered.
19:51:13.201 [Test worker] DEBUG c.m.v.c.m.DynamicPooledDataSourceManagerMBean - MBean: com.mchange.v2.c3p0:type=PooledDataSource,identityToken=1hgeqrl9qbn6pz6yfah30|6bec1a3c,name=1hgeqrl9qbn6pz6yfah30|6bec1a3c unregistered, in order to be reregistered after update.
19:51:13.201 [Test worker] DEBUG c.m.v.c.m.DynamicPooledDataSourceManagerMBean - MBean: com.mchange.v2.c3p0:type=PooledDataSource,identityToken=1hgeqrl9qbn6pz6yfah30|6bec1a3c,name=1hgeqrl9qbn6pz6yfah30|6bec1a3c registered.
19:51:13.217 [Test worker] INFO  c.m.v.c.i.AbstractPoolBackedDataSource - Initializing c3p0 pool... com.mchange.v2.c3p0.PoolBackedDataSource@d3c4893a [ connectionPoolDataSource -> com.mchange.v2.c3p0.WrapperConnectionPoolDataSource@8727454d [ acquireIncrement -> 3, acquireRetryAttempts -> 30, acquireRetryDelay -> 1000, autoCommitOnClose -> false, automaticTestTable -> null, breakAfterAcquireFailure -> false, checkoutTimeout -> 0, connectionCustomizerClassName -> null, connectionTesterClassName -> com.mchange.v2.c3p0.impl.DefaultConnectionTester, contextClassLoaderSource -> caller, debugUnreturnedConnectionStackTraces -> false, factoryClassLocation -> null, forceIgnoreUnresolvedTransactions -> false, forceSynchronousCheckins -> false, identityToken -> 1hgeqrl9qbn6pz6yfah30|7c6beefe, idleConnectionTestPeriod -> 0, initialPoolSize -> 3, maxAdministrativeTaskTime -> 0, maxConnectionAge -> 0, maxIdleTime -> 0, maxIdleTimeExcessConnections -> 0, maxPoolSize -> 15, maxStatements -> 0, maxStatementsPerConnection -> 0, minPoolSize -> 3, nestedDataSource -> com.mchange.v2.c3p0.DriverManagerDataSource@ec35e15e [ description -> null, driverClass -> null, factoryClassLocation -> null, forceUseNamedDriverClass -> false, identityToken -> 1hgeqrl9qbn6pz6yfah30|29eb3c3e, jdbcUrl -> jdbc:h2:mem:78c1ca80abeb4872a5523ec66aa21101, properties -> {} ], preferredTestQuery -> null, privilegeSpawnedThreads -> false, propertyCycle -> 0, statementCacheNumDeferredCloseThreads -> 0, testConnectionOnCheckin -> false, testConnectionOnCheckout -> false, unreturnedConnectionTimeout -> 0, usesTraditionalReflectiveProxies -> false; userOverrides: {} ], dataSourceName -> null, extensions -> {}, factoryClassLocation -> null, identityToken -> 1hgeqrl9qbn6pz6yfah30|6bec1a3c, numHelperThreads -> 3 ]
19:51:13.217 [Test worker] DEBUG c.m.v.resourcepool.BasicResourcePool - com.mchange.v2.resourcepool.BasicResourcePool@41988f35 config: [start -> 3; min -> 3; max -> 15; inc -> 3; num_acq_attempts -> 30; acq_attempt_delay -> 1000; check_idle_resources_delay -> 0; max_resource_age -> 0; max_idle_time -> 0; excess_max_idle_time -> 0; destroy_unreturned_resc_time -> 0; expiration_enforcement_delay -> 0; break_on_acquisition_failure -> false; debug_store_checkout_exceptions -> false; force_synchronous_checkins -> false]
19:51:13.217 [Test worker] DEBUG c.m.v.c.i.C3P0PooledConnectionPoolManager - Created new pool for auth, username (masked): 'null'.
19:51:13.217 [Test worker] DEBUG c.m.v.resourcepool.BasicResourcePool - acquire test -- pool size: 0; target_pool_size: 3; desired target? 1
19:51:13.217 [Test worker] DEBUG c.m.v.resourcepool.BasicResourcePool - awaitAvailable(): [unknown]
19:51:13.232 [Test worker] DEBUG c.m.v.c.m.ActiveManagementCoordinator - MBean: com.mchange.v2.c3p0:type=PooledDataSource,identityToken=1hgeqrl9qbn6pz6yfah30|6bec1a3c,name=1hgeqrl9qbn6pz6yfah30|6bec1a3c unregistered.
19:51:13.232 [Resource Destroyer in BasicResourcePool.close()] DEBUG c.m.v.resourcepool.BasicResourcePool - Preparing to destroy resource: com.mchange.v2.c3p0.impl.NewPooledConnection@4e729cf7
19:51:13.232 [Test worker] DEBUG c.m.v.c.m.ActiveManagementCoordinator - C3P0Registry mbean unregistered.
19:51:13.232 [Resource Destroyer in BasicResourcePool.close()] DEBUG c.m.v.c.i.C3P0PooledConnectionPool - Preparing to destroy PooledConnection: com.mchange.v2.c3p0.impl.NewPooledConnection@4e729cf7
19:51:13.232 [Resource Destroyer in BasicResourcePool.close()] DEBUG c.m.v.c.i.C3P0PooledConnectionPool - Successfully destroyed PooledConnection: com.mchange.v2.c3p0.impl.NewPooledConnection@4e729cf7
19:51:13.232 [Resource Destroyer in BasicResourcePool.close()] DEBUG c.m.v.resourcepool.BasicResourcePool - Successfully destroyed resource: com.mchange.v2.c3p0.impl.NewPooledConnection@4e729cf7
19:51:13.232 [Resource Destroyer in BasicResourcePool.close()] DEBUG c.m.v.resourcepool.BasicResourcePool - Preparing to destroy resource: com.mchange.v2.c3p0.impl.NewPooledConnection@7e3a2414
19:51:13.232 [Resource Destroyer in BasicResourcePool.close()] DEBUG c.m.v.c.i.C3P0PooledConnectionPool - Preparing to destroy PooledConnection: com.mchange.v2.c3p0.impl.NewPooledConnection@7e3a2414
19:51:13.232 [Resource Destroyer in BasicResourcePool.close()] DEBUG c.m.v.c.i.C3P0PooledConnectionPool - Successfully destroyed PooledConnection: com.mchange.v2.c3p0.impl.NewPooledConnection@7e3a2414
19:51:13.232 [Resource Destroyer in BasicResourcePool.close()] DEBUG c.m.v.resourcepool.BasicResourcePool - Successfully destroyed resource: com.mchange.v2.c3p0.impl.NewPooledConnection@7e3a2414
19:51:13.232 [Resource Destroyer in BasicResourcePool.close()] DEBUG c.m.v.resourcepool.BasicResourcePool - Preparing to destroy resource: com.mchange.v2.c3p0.impl.NewPooledConnection@4955eb02
19:51:13.232 [Resource Destroyer in BasicResourcePool.close()] DEBUG c.m.v.c.i.C3P0PooledConnectionPool - Preparing to destroy PooledConnection: com.mchange.v2.c3p0.impl.NewPooledConnection@4955eb02
19:51:13.232 [Resource Destroyer in BasicResourcePool.close()] DEBUG c.m.v.c.i.C3P0PooledConnectionPool - Successfully destroyed PooledConnection: com.mchange.v2.c3p0.impl.NewPooledConnection@4955eb02
19:51:13.232 [Resource Destroyer in BasicResourcePool.close()] DEBUG c.m.v.resourcepool.BasicResourcePool - Successfully destroyed resource: com.mchange.v2.c3p0.impl.NewPooledConnection@4955eb02


================================================================================
 TEST SUCCEEDED                                                                 
--------------------------------------------------------------------------------
    Test class:  GetCommitsBeforeAfterAroundTest
    Test method: commitTimestampsAroundWorksIfNotEnoughCommitsArePresentOnEitherSide[Using jdbc]
    End time:    2017/08/28 19:51:13 (Duration: 31ms)
================================================================================





================================================================================
 TEST START                                                                     
--------------------------------------------------------------------------------
    Test class:  GetCommitsBeforeAfterAroundTest
    Test method: commitsAroundWorksIfTimestampIsNotExactlyMatchingACommit[Using jdbc]
    Start time:  2017/08/28 19:51:13
================================================================================



19:51:13.232 [Test worker] DEBUG c.m.v.c.m.DynamicPooledDataSourceManagerMBean - MBean: com.mchange.v2.c3p0:type=PooledDataSource,identityToken=1hgeqrl9qbn6pz6yfah30|4f6dcf0e,name=1hgeqrl9qbn6pz6yfah30|4f6dcf0e registered.
19:51:13.232 [Test worker] DEBUG c.m.v.c.m.DynamicPooledDataSourceManagerMBean - MBean: com.mchange.v2.c3p0:type=PooledDataSource,identityToken=1hgeqrl9qbn6pz6yfah30|4f6dcf0e,name=1hgeqrl9qbn6pz6yfah30|4f6dcf0e unregistered, in order to be reregistered after update.
19:51:13.232 [Test worker] DEBUG c.m.v.c.m.DynamicPooledDataSourceManagerMBean - MBean: com.mchange.v2.c3p0:type=PooledDataSource,identityToken=1hgeqrl9qbn6pz6yfah30|4f6dcf0e,name=1hgeqrl9qbn6pz6yfah30|4f6dcf0e registered.
19:51:13.232 [Test worker] INFO  c.m.v.c.i.AbstractPoolBackedDataSource - Initializing c3p0 pool... com.mchange.v2.c3p0.PoolBackedDataSource@1ffcd6ac [ connectionPoolDataSource -> com.mchange.v2.c3p0.WrapperConnectionPoolDataSource@ee952f2 [ acquireIncrement -> 3, acquireRetryAttempts -> 30, acquireRetryDelay -> 1000, autoCommitOnClose -> false, automaticTestTable -> null, breakAfterAcquireFailure -> false, checkoutTimeout -> 0, connectionCustomizerClassName -> null, connectionTesterClassName -> com.mchange.v2.c3p0.impl.DefaultConnectionTester, contextClassLoaderSource -> caller, debugUnreturnedConnectionStackTraces -> false, factoryClassLocation -> null, forceIgnoreUnresolvedTransactions -> false, forceSynchronousCheckins -> false, identityToken -> 1hgeqrl9qbn6pz6yfah30|c25c6e4, idleConnectionTestPeriod -> 0, initialPoolSize -> 3, maxAdministrativeTaskTime -> 0, maxConnectionAge -> 0, maxIdleTime -> 0, maxIdleTimeExcessConnections -> 0, maxPoolSize -> 15, maxStatements -> 0, maxStatementsPerConnection -> 0, minPoolSize -> 3, nestedDataSource -> com.mchange.v2.c3p0.DriverManagerDataSource@1c677329 [ description -> null, driverClass -> null, factoryClassLocation -> null, forceUseNamedDriverClass -> false, identityToken -> 1hgeqrl9qbn6pz6yfah30|7e8712f3, jdbcUrl -> jdbc:h2:mem:9d3009c276a44892a7910dbaa1dcddf9, properties -> {} ], preferredTestQuery -> null, privilegeSpawnedThreads -> false, propertyCycle -> 0, statementCacheNumDeferredCloseThreads -> 0, testConnectionOnCheckin -> false, testConnectionOnCheckout -> false, unreturnedConnectionTimeout -> 0, usesTraditionalReflectiveProxies -> false; userOverrides: {} ], dataSourceName -> null, extensions -> {}, factoryClassLocation -> null, identityToken -> 1hgeqrl9qbn6pz6yfah30|4f6dcf0e, numHelperThreads -> 3 ]
19:51:13.232 [Test worker] DEBUG c.m.v.resourcepool.BasicResourcePool - com.mchange.v2.resourcepool.BasicResourcePool@32803713 config: [start -> 3; min -> 3; max -> 15; inc -> 3; num_acq_attempts -> 30; acq_attempt_delay -> 1000; check_idle_resources_delay -> 0; max_resource_age -> 0; max_idle_time -> 0; excess_max_idle_time -> 0; destroy_unreturned_resc_time -> 0; expiration_enforcement_delay -> 0; break_on_acquisition_failure -> false; debug_store_checkout_exceptions -> false; force_synchronous_checkins -> false]
19:51:13.232 [Test worker] DEBUG c.m.v.c.i.C3P0PooledConnectionPoolManager - Created new pool for auth, username (masked): 'null'.
19:51:13.232 [Test worker] DEBUG c.m.v.resourcepool.BasicResourcePool - acquire test -- pool size: 0; target_pool_size: 3; desired target? 1
19:51:13.232 [Test worker] DEBUG c.m.v.resourcepool.BasicResourcePool - awaitAvailable(): [unknown]
19:51:13.335 [Test worker] DEBUG c.m.v.c.m.ActiveManagementCoordinator - MBean: com.mchange.v2.c3p0:type=PooledDataSource,identityToken=1hgeqrl9qbn6pz6yfah30|4f6dcf0e,name=1hgeqrl9qbn6pz6yfah30|4f6dcf0e unregistered.
19:51:13.335 [Resource Destroyer in BasicResourcePool.close()] DEBUG c.m.v.resourcepool.BasicResourcePool - Preparing to destroy resource: com.mchange.v2.c3p0.impl.NewPooledConnection@4b20d2d1
19:51:13.335 [Test worker] DEBUG c.m.v.c.m.ActiveManagementCoordinator - C3P0Registry mbean unregistered.
19:51:13.335 [Resource Destroyer in BasicResourcePool.close()] DEBUG c.m.v.c.i.C3P0PooledConnectionPool - Preparing to destroy PooledConnection: com.mchange.v2.c3p0.impl.NewPooledConnection@4b20d2d1
19:51:13.335 [Resource Destroyer in BasicResourcePool.close()] DEBUG c.m.v.c.i.C3P0PooledConnectionPool - Successfully destroyed PooledConnection: com.mchange.v2.c3p0.impl.NewPooledConnection@4b20d2d1
19:51:13.335 [Resource Destroyer in BasicResourcePool.close()] DEBUG c.m.v.resourcepool.BasicResourcePool - Successfully destroyed resource: com.mchange.v2.c3p0.impl.NewPooledConnection@4b20d2d1
19:51:13.335 [Resource Destroyer in BasicResourcePool.close()] DEBUG c.m.v.resourcepool.BasicResourcePool - Preparing to destroy resource: com.mchange.v2.c3p0.impl.NewPooledConnection@1ffb8a20
19:51:13.335 [Resource Destroyer in BasicResourcePool.close()] DEBUG c.m.v.c.i.C3P0PooledConnectionPool - Preparing to destroy PooledConnection: com.mchange.v2.c3p0.impl.NewPooledConnection@1ffb8a20
19:51:13.335 [Resource Destroyer in BasicResourcePool.close()] DEBUG c.m.v.c.i.C3P0PooledConnectionPool - Successfully destroyed PooledConnection: com.mchange.v2.c3p0.impl.NewPooledConnection@1ffb8a20
19:51:13.335 [Resource Destroyer in BasicResourcePool.close()] DEBUG c.m.v.resourcepool.BasicResourcePool - Successfully destroyed resource: com.mchange.v2.c3p0.impl.NewPooledConnection@1ffb8a20
19:51:13.335 [Resource Destroyer in BasicResourcePool.close()] DEBUG c.m.v.resourcepool.BasicResourcePool - Preparing to destroy resource: com.mchange.v2.c3p0.impl.NewPooledConnection@224fee73
19:51:13.335 [Resource Destroyer in BasicResourcePool.close()] DEBUG c.m.v.c.i.C3P0PooledConnectionPool - Preparing to destroy PooledConnection: com.mchange.v2.c3p0.impl.NewPooledConnection@224fee73
19:51:13.335 [Resource Destroyer in BasicResourcePool.close()] DEBUG c.m.v.c.i.C3P0PooledConnectionPool - Successfully destroyed PooledConnection: com.mchange.v2.c3p0.impl.NewPooledConnection@224fee73
19:51:13.335 [Resource Destroyer in BasicResourcePool.close()] DEBUG c.m.v.resourcepool.BasicResourcePool - Successfully destroyed resource: com.mchange.v2.c3p0.impl.NewPooledConnection@224fee73


================================================================================
 TEST SUCCEEDED                                                                 
--------------------------------------------------------------------------------
    Test class:  GetCommitsBeforeAfterAroundTest
    Test method: commitsAroundWorksIfTimestampIsNotExactlyMatchingACommit[Using jdbc]
    End time:    2017/08/28 19:51:13 (Duration: 103ms)
================================================================================





================================================================================
 TEST START                                                                     
--------------------------------------------------------------------------------
    Test class:  GetCommitsBeforeAfterAroundTest
    Test method: commitsAroundWorksIfMoreElementsThanNecessaryArePresentOnBothSides[Using jdbc]
    Start time:  2017/08/28 19:51:13
================================================================================



19:51:13.335 [Test worker] DEBUG c.m.v.c.m.DynamicPooledDataSourceManagerMBean - MBean: com.mchange.v2.c3p0:type=PooledDataSource,identityToken=1hgeqrl9qbn6pz6yfah30|3260fa93,name=1hgeqrl9qbn6pz6yfah30|3260fa93 registered.
19:51:13.335 [Test worker] DEBUG c.m.v.c.m.DynamicPooledDataSourceManagerMBean - MBean: com.mchange.v2.c3p0:type=PooledDataSource,identityToken=1hgeqrl9qbn6pz6yfah30|3260fa93,name=1hgeqrl9qbn6pz6yfah30|3260fa93 unregistered, in order to be reregistered after update.
19:51:13.335 [Test worker] DEBUG c.m.v.c.m.DynamicPooledDataSourceManagerMBean - MBean: com.mchange.v2.c3p0:type=PooledDataSource,identityToken=1hgeqrl9qbn6pz6yfah30|3260fa93,name=1hgeqrl9qbn6pz6yfah30|3260fa93 registered.
19:51:13.335 [Test worker] INFO  c.m.v.c.i.AbstractPoolBackedDataSource - Initializing c3p0 pool... com.mchange.v2.c3p0.PoolBackedDataSource@497d87b6 [ connectionPoolDataSource -> com.mchange.v2.c3p0.WrapperConnectionPoolDataSource@2543248e [ acquireIncrement -> 3, acquireRetryAttempts -> 30, acquireRetryDelay -> 1000, autoCommitOnClose -> false, automaticTestTable -> null, breakAfterAcquireFailure -> false, checkoutTimeout -> 0, connectionCustomizerClassName -> null, connectionTesterClassName -> com.mchange.v2.c3p0.impl.DefaultConnectionTester, contextClassLoaderSource -> caller, debugUnreturnedConnectionStackTraces -> false, factoryClassLocation -> null, forceIgnoreUnresolvedTransactions -> false, forceSynchronousCheckins -> false, identityToken -> 1hgeqrl9qbn6pz6yfah30|28d4e41b, idleConnectionTestPeriod -> 0, initialPoolSize -> 3, maxAdministrativeTaskTime -> 0, maxConnectionAge -> 0, maxIdleTime -> 0, maxIdleTimeExcessConnections -> 0, maxPoolSize -> 15, maxStatements -> 0, maxStatementsPerConnection -> 0, minPoolSize -> 3, nestedDataSource -> com.mchange.v2.c3p0.DriverManagerDataSource@7a50b33f [ description -> null, driverClass -> null, factoryClassLocation -> null, forceUseNamedDriverClass -> false, identityToken -> 1hgeqrl9qbn6pz6yfah30|15661c4c, jdbcUrl -> jdbc:h2:mem:7cb4691550f0482ba23f9ad68ba80048, properties -> {} ], preferredTestQuery -> null, privilegeSpawnedThreads -> false, propertyCycle -> 0, statementCacheNumDeferredCloseThreads -> 0, testConnectionOnCheckin -> false, testConnectionOnCheckout -> false, unreturnedConnectionTimeout -> 0, usesTraditionalReflectiveProxies -> false; userOverrides: {} ], dataSourceName -> null, extensions -> {}, factoryClassLocation -> null, identityToken -> 1hgeqrl9qbn6pz6yfah30|3260fa93, numHelperThreads -> 3 ]
19:51:13.335 [Test worker] DEBUG c.m.v.resourcepool.BasicResourcePool - com.mchange.v2.resourcepool.BasicResourcePool@29c276e2 config: [start -> 3; min -> 3; max -> 15; inc -> 3; num_acq_attempts -> 30; acq_attempt_delay -> 1000; check_idle_resources_delay -> 0; max_resource_age -> 0; max_idle_time -> 0; excess_max_idle_time -> 0; destroy_unreturned_resc_time -> 0; expiration_enforcement_delay -> 0; break_on_acquisition_failure -> false; debug_store_checkout_exceptions -> false; force_synchronous_checkins -> false]
19:51:13.335 [Test worker] DEBUG c.m.v.c.i.C3P0PooledConnectionPoolManager - Created new pool for auth, username (masked): 'null'.
19:51:13.335 [Test worker] DEBUG c.m.v.resourcepool.BasicResourcePool - acquire test -- pool size: 0; target_pool_size: 3; desired target? 1
19:51:13.335 [Test worker] DEBUG c.m.v.resourcepool.BasicResourcePool - awaitAvailable(): [unknown]
19:51:13.373 [Test worker] DEBUG c.m.v.c.m.ActiveManagementCoordinator - MBean: com.mchange.v2.c3p0:type=PooledDataSource,identityToken=1hgeqrl9qbn6pz6yfah30|3260fa93,name=1hgeqrl9qbn6pz6yfah30|3260fa93 unregistered.
19:51:13.373 [Resource Destroyer in BasicResourcePool.close()] DEBUG c.m.v.resourcepool.BasicResourcePool - Preparing to destroy resource: com.mchange.v2.c3p0.impl.NewPooledConnection@4bdab05a
19:51:13.373 [Test worker] DEBUG c.m.v.c.m.ActiveManagementCoordinator - C3P0Registry mbean unregistered.
19:51:13.373 [Resource Destroyer in BasicResourcePool.close()] DEBUG c.m.v.c.i.C3P0PooledConnectionPool - Preparing to destroy PooledConnection: com.mchange.v2.c3p0.impl.NewPooledConnection@4bdab05a
19:51:13.373 [Resource Destroyer in BasicResourcePool.close()] DEBUG c.m.v.c.i.C3P0PooledConnectionPool - Successfully destroyed PooledConnection: com.mchange.v2.c3p0.impl.NewPooledConnection@4bdab05a
19:51:13.373 [Resource Destroyer in BasicResourcePool.close()] DEBUG c.m.v.resourcepool.BasicResourcePool - Successfully destroyed resource: com.mchange.v2.c3p0.impl.NewPooledConnection@4bdab05a
19:51:13.373 [Resource Destroyer in BasicResourcePool.close()] DEBUG c.m.v.resourcepool.BasicResourcePool - Preparing to destroy resource: com.mchange.v2.c3p0.impl.NewPooledConnection@5ef15a38
19:51:13.373 [Resource Destroyer in BasicResourcePool.close()] DEBUG c.m.v.c.i.C3P0PooledConnectionPool - Preparing to destroy PooledConnection: com.mchange.v2.c3p0.impl.NewPooledConnection@5ef15a38
19:51:13.373 [Resource Destroyer in BasicResourcePool.close()] DEBUG c.m.v.c.i.C3P0PooledConnectionPool - Successfully destroyed PooledConnection: com.mchange.v2.c3p0.impl.NewPooledConnection@5ef15a38
19:51:13.373 [Resource Destroyer in BasicResourcePool.close()] DEBUG c.m.v.resourcepool.BasicResourcePool - Successfully destroyed resource: com.mchange.v2.c3p0.impl.NewPooledConnection@5ef15a38
19:51:13.373 [Resource Destroyer in BasicResourcePool.close()] DEBUG c.m.v.resourcepool.BasicResourcePool - Preparing to destroy resource: com.mchange.v2.c3p0.impl.NewPooledConnection@1cf7f258
19:51:13.373 [Resource Destroyer in BasicResourcePool.close()] DEBUG c.m.v.c.i.C3P0PooledConnectionPool - Preparing to destroy PooledConnection: com.mchange.v2.c3p0.impl.NewPooledConnection@1cf7f258
19:51:13.373 [Resource Destroyer in BasicResourcePool.close()] DEBUG c.m.v.c.i.C3P0PooledConnectionPool - Successfully destroyed PooledConnection: com.mchange.v2.c3p0.impl.NewPooledConnection@1cf7f258
19:51:13.373 [Resource Destroyer in BasicResourcePool.close()] DEBUG c.m.v.resourcepool.BasicResourcePool - Successfully destroyed resource: com.mchange.v2.c3p0.impl.NewPooledConnection@1cf7f258


================================================================================
 TEST SUCCEEDED                                                                 
--------------------------------------------------------------------------------
    Test class:  GetCommitsBeforeAfterAroundTest
    Test method: commitsAroundWorksIfMoreElementsThanNecessaryArePresentOnBothSides[Using jdbc]
    End time:    2017/08/28 19:51:13 (Duration: 38ms)
================================================================================





================================================================================
 TEST START                                                                     
--------------------------------------------------------------------------------
    Test class:  GetCommitsBeforeAfterAroundTest
    Test method: commitsBeforeWorksIfThereAreNotEnoughCommits[Using jdbc]
    Start time:  2017/08/28 19:51:13
================================================================================



19:51:13.373 [Test worker] DEBUG c.m.v.c.m.DynamicPooledDataSourceManagerMBean - MBean: com.mchange.v2.c3p0:type=PooledDataSource,identityToken=1hgeqrl9qbn6pz6yfah30|2278c3de,name=1hgeqrl9qbn6pz6yfah30|2278c3de registered.
19:51:13.373 [Test worker] DEBUG c.m.v.c.m.DynamicPooledDataSourceManagerMBean - MBean: com.mchange.v2.c3p0:type=PooledDataSource,identityToken=1hgeqrl9qbn6pz6yfah30|2278c3de,name=1hgeqrl9qbn6pz6yfah30|2278c3de unregistered, in order to be reregistered after update.
19:51:13.373 [Test worker] DEBUG c.m.v.c.m.DynamicPooledDataSourceManagerMBean - MBean: com.mchange.v2.c3p0:type=PooledDataSource,identityToken=1hgeqrl9qbn6pz6yfah30|2278c3de,name=1hgeqrl9qbn6pz6yfah30|2278c3de registered.
19:51:13.373 [Test worker] INFO  c.m.v.c.i.AbstractPoolBackedDataSource - Initializing c3p0 pool... com.mchange.v2.c3p0.PoolBackedDataSource@af3b2452 [ connectionPoolDataSource -> com.mchange.v2.c3p0.WrapperConnectionPoolDataSource@4254bbce [ acquireIncrement -> 3, acquireRetryAttempts -> 30, acquireRetryDelay -> 1000, autoCommitOnClose -> false, automaticTestTable -> null, breakAfterAcquireFailure -> false, checkoutTimeout -> 0, connectionCustomizerClassName -> null, connectionTesterClassName -> com.mchange.v2.c3p0.impl.DefaultConnectionTester, contextClassLoaderSource -> caller, debugUnreturnedConnectionStackTraces -> false, factoryClassLocation -> null, forceIgnoreUnresolvedTransactions -> false, forceSynchronousCheckins -> false, identityToken -> 1hgeqrl9qbn6pz6yfah30|617c1dfb, idleConnectionTestPeriod -> 0, initialPoolSize -> 3, maxAdministrativeTaskTime -> 0, maxConnectionAge -> 0, maxIdleTime -> 0, maxIdleTimeExcessConnections -> 0, maxPoolSize -> 15, maxStatements -> 0, maxStatementsPerConnection -> 0, minPoolSize -> 3, nestedDataSource -> com.mchange.v2.c3p0.DriverManagerDataSource@9b6770b2 [ description -> null, driverClass -> null, factoryClassLocation -> null, forceUseNamedDriverClass -> false, identityToken -> 1hgeqrl9qbn6pz6yfah30|778b1d1f, jdbcUrl -> jdbc:h2:mem:233a80dcd6ce44ab8b0a8d512aa3d0be, properties -> {} ], preferredTestQuery -> null, privilegeSpawnedThreads -> false, propertyCycle -> 0, statementCacheNumDeferredCloseThreads -> 0, testConnectionOnCheckin -> false, testConnectionOnCheckout -> false, unreturnedConnectionTimeout -> 0, usesTraditionalReflectiveProxies -> false; userOverrides: {} ], dataSourceName -> null, extensions -> {}, factoryClassLocation -> null, identityToken -> 1hgeqrl9qbn6pz6yfah30|2278c3de, numHelperThreads -> 3 ]
19:51:13.373 [Test worker] DEBUG c.m.v.resourcepool.BasicResourcePool - com.mchange.v2.resourcepool.BasicResourcePool@4441281b config: [start -> 3; min -> 3; max -> 15; inc -> 3; num_acq_attempts -> 30; acq_attempt_delay -> 1000; check_idle_resources_delay -> 0; max_resource_age -> 0; max_idle_time -> 0; excess_max_idle_time -> 0; destroy_unreturned_resc_time -> 0; expiration_enforcement_delay -> 0; break_on_acquisition_failure -> false; debug_store_checkout_exceptions -> false; force_synchronous_checkins -> false]
19:51:13.373 [Test worker] DEBUG c.m.v.c.i.C3P0PooledConnectionPoolManager - Created new pool for auth, username (masked): 'null'.
19:51:13.373 [Test worker] DEBUG c.m.v.resourcepool.BasicResourcePool - acquire test -- pool size: 0; target_pool_size: 3; desired target? 1
19:51:13.373 [Test worker] DEBUG c.m.v.resourcepool.BasicResourcePool - awaitAvailable(): [unknown]
19:51:13.408 [Resource Destroyer in BasicResourcePool.close()] DEBUG c.m.v.resourcepool.BasicResourcePool - Preparing to destroy resource: com.mchange.v2.c3p0.impl.NewPooledConnection@7d773ce
19:51:13.408 [Test worker] DEBUG c.m.v.c.m.ActiveManagementCoordinator - MBean: com.mchange.v2.c3p0:type=PooledDataSource,identityToken=1hgeqrl9qbn6pz6yfah30|2278c3de,name=1hgeqrl9qbn6pz6yfah30|2278c3de unregistered.
19:51:13.408 [Resource Destroyer in BasicResourcePool.close()] DEBUG c.m.v.c.i.C3P0PooledConnectionPool - Preparing to destroy PooledConnection: com.mchange.v2.c3p0.impl.NewPooledConnection@7d773ce
19:51:13.409 [Test worker] DEBUG c.m.v.c.m.ActiveManagementCoordinator - C3P0Registry mbean unregistered.
19:51:13.409 [Resource Destroyer in BasicResourcePool.close()] DEBUG c.m.v.c.i.C3P0PooledConnectionPool - Successfully destroyed PooledConnection: com.mchange.v2.c3p0.impl.NewPooledConnection@7d773ce
19:51:13.409 [Resource Destroyer in BasicResourcePool.close()] DEBUG c.m.v.resourcepool.BasicResourcePool - Successfully destroyed resource: com.mchange.v2.c3p0.impl.NewPooledConnection@7d773ce
19:51:13.409 [Resource Destroyer in BasicResourcePool.close()] DEBUG c.m.v.resourcepool.BasicResourcePool - Preparing to destroy resource: com.mchange.v2.c3p0.impl.NewPooledConnection@3dcad8f7
19:51:13.409 [Resource Destroyer in BasicResourcePool.close()] DEBUG c.m.v.c.i.C3P0PooledConnectionPool - Preparing to destroy PooledConnection: com.mchange.v2.c3p0.impl.NewPooledConnection@3dcad8f7
19:51:13.409 [Resource Destroyer in BasicResourcePool.close()] DEBUG c.m.v.c.i.C3P0PooledConnectionPool - Successfully destroyed PooledConnection: com.mchange.v2.c3p0.impl.NewPooledConnection@3dcad8f7
19:51:13.409 [Resource Destroyer in BasicResourcePool.close()] DEBUG c.m.v.resourcepool.BasicResourcePool - Successfully destroyed resource: com.mchange.v2.c3p0.impl.NewPooledConnection@3dcad8f7
19:51:13.409 [Resource Destroyer in BasicResourcePool.close()] DEBUG c.m.v.resourcepool.BasicResourcePool - Preparing to destroy resource: com.mchange.v2.c3p0.impl.NewPooledConnection@5db9b946
19:51:13.409 [Resource Destroyer in BasicResourcePool.close()] DEBUG c.m.v.c.i.C3P0PooledConnectionPool - Preparing to destroy PooledConnection: com.mchange.v2.c3p0.impl.NewPooledConnection@5db9b946
19:51:13.409 [Resource Destroyer in BasicResourcePool.close()] DEBUG c.m.v.c.i.C3P0PooledConnectionPool - Successfully destroyed PooledConnection: com.mchange.v2.c3p0.impl.NewPooledConnection@5db9b946
19:51:13.409 [Resource Destroyer in BasicResourcePool.close()] DEBUG c.m.v.resourcepool.BasicResourcePool - Successfully destroyed resource: com.mchange.v2.c3p0.impl.NewPooledConnection@5db9b946


================================================================================
 TEST SUCCEEDED                                                                 
--------------------------------------------------------------------------------
    Test class:  GetCommitsBeforeAfterAroundTest
    Test method: commitsBeforeWorksIfThereAreNotEnoughCommits[Using jdbc]
    End time:    2017/08/28 19:51:13 (Duration: 36ms)
================================================================================





================================================================================
 TEST START                                                                     
--------------------------------------------------------------------------------
    Test class:  GetCommitsBeforeAfterAroundTest
    Test method: commitTimestampsAroundWorksIfMoreElementsThanNecessaryArePresentOnBothSides[Using jdbc]
    Start time:  2017/08/28 19:51:13
================================================================================



19:51:13.414 [Test worker] DEBUG c.m.v.c.m.DynamicPooledDataSourceManagerMBean - MBean: com.mchange.v2.c3p0:type=PooledDataSource,identityToken=1hgeqrl9qbn6pz6yfah30|2ec6ea07,name=1hgeqrl9qbn6pz6yfah30|2ec6ea07 registered.
19:51:13.420 [Test worker] DEBUG c.m.v.c.m.DynamicPooledDataSourceManagerMBean - MBean: com.mchange.v2.c3p0:type=PooledDataSource,identityToken=1hgeqrl9qbn6pz6yfah30|2ec6ea07,name=1hgeqrl9qbn6pz6yfah30|2ec6ea07 unregistered, in order to be reregistered after update.
19:51:13.420 [Test worker] DEBUG c.m.v.c.m.DynamicPooledDataSourceManagerMBean - MBean: com.mchange.v2.c3p0:type=PooledDataSource,identityToken=1hgeqrl9qbn6pz6yfah30|2ec6ea07,name=1hgeqrl9qbn6pz6yfah30|2ec6ea07 registered.
19:51:13.420 [Test worker] INFO  c.m.v.c.i.AbstractPoolBackedDataSource - Initializing c3p0 pool... com.mchange.v2.c3p0.PoolBackedDataSource@da62bb1b [ connectionPoolDataSource -> com.mchange.v2.c3p0.WrapperConnectionPoolDataSource@8f2169f7 [ acquireIncrement -> 3, acquireRetryAttempts -> 30, acquireRetryDelay -> 1000, autoCommitOnClose -> false, automaticTestTable -> null, breakAfterAcquireFailure -> false, checkoutTimeout -> 0, connectionCustomizerClassName -> null, connectionTesterClassName -> com.mchange.v2.c3p0.impl.DefaultConnectionTester, contextClassLoaderSource -> caller, debugUnreturnedConnectionStackTraces -> false, factoryClassLocation -> null, forceIgnoreUnresolvedTransactions -> false, forceSynchronousCheckins -> false, identityToken -> 1hgeqrl9qbn6pz6yfah30|34e88e8d, idleConnectionTestPeriod -> 0, initialPoolSize -> 3, maxAdministrativeTaskTime -> 0, maxConnectionAge -> 0, maxIdleTime -> 0, maxIdleTimeExcessConnections -> 0, maxPoolSize -> 15, maxStatements -> 0, maxStatementsPerConnection -> 0, minPoolSize -> 3, nestedDataSource -> com.mchange.v2.c3p0.DriverManagerDataSource@addd3790 [ description -> null, driverClass -> null, factoryClassLocation -> null, forceUseNamedDriverClass -> false, identityToken -> 1hgeqrl9qbn6pz6yfah30|1920844f, jdbcUrl -> jdbc:h2:mem:7b1a43367c0c4cb9a7c4d011e7826370, properties -> {} ], preferredTestQuery -> null, privilegeSpawnedThreads -> false, propertyCycle -> 0, statementCacheNumDeferredCloseThreads -> 0, testConnectionOnCheckin -> false, testConnectionOnCheckout -> false, unreturnedConnectionTimeout -> 0, usesTraditionalReflectiveProxies -> false; userOverrides: {} ], dataSourceName -> null, extensions -> {}, factoryClassLocation -> null, identityToken -> 1hgeqrl9qbn6pz6yfah30|2ec6ea07, numHelperThreads -> 3 ]
19:51:13.420 [Test worker] DEBUG c.m.v.resourcepool.BasicResourcePool - com.mchange.v2.resourcepool.BasicResourcePool@d3a7710 config: [start -> 3; min -> 3; max -> 15; inc -> 3; num_acq_attempts -> 30; acq_attempt_delay -> 1000; check_idle_resources_delay -> 0; max_resource_age -> 0; max_idle_time -> 0; excess_max_idle_time -> 0; destroy_unreturned_resc_time -> 0; expiration_enforcement_delay -> 0; break_on_acquisition_failure -> false; debug_store_checkout_exceptions -> false; force_synchronous_checkins -> false]
19:51:13.420 [Test worker] DEBUG c.m.v.c.i.C3P0PooledConnectionPoolManager - Created new pool for auth, username (masked): 'null'.
19:51:13.420 [Test worker] DEBUG c.m.v.resourcepool.BasicResourcePool - acquire test -- pool size: 0; target_pool_size: 3; desired target? 1
19:51:13.420 [Test worker] DEBUG c.m.v.resourcepool.BasicResourcePool - awaitAvailable(): [unknown]
19:51:13.444 [Test worker] DEBUG c.m.v.c.m.ActiveManagementCoordinator - MBean: com.mchange.v2.c3p0:type=PooledDataSource,identityToken=1hgeqrl9qbn6pz6yfah30|2ec6ea07,name=1hgeqrl9qbn6pz6yfah30|2ec6ea07 unregistered.
19:51:13.444 [Resource Destroyer in BasicResourcePool.close()] DEBUG c.m.v.resourcepool.BasicResourcePool - Preparing to destroy resource: com.mchange.v2.c3p0.impl.NewPooledConnection@54321c09
19:51:13.444 [Test worker] DEBUG c.m.v.c.m.ActiveManagementCoordinator - C3P0Registry mbean unregistered.
19:51:13.444 [Resource Destroyer in BasicResourcePool.close()] DEBUG c.m.v.c.i.C3P0PooledConnectionPool - Preparing to destroy PooledConnection: com.mchange.v2.c3p0.impl.NewPooledConnection@54321c09
19:51:13.444 [Resource Destroyer in BasicResourcePool.close()] DEBUG c.m.v.c.i.C3P0PooledConnectionPool - Successfully destroyed PooledConnection: com.mchange.v2.c3p0.impl.NewPooledConnection@54321c09
19:51:13.444 [Resource Destroyer in BasicResourcePool.close()] DEBUG c.m.v.resourcepool.BasicResourcePool - Successfully destroyed resource: com.mchange.v2.c3p0.impl.NewPooledConnection@54321c09
19:51:13.444 [Resource Destroyer in BasicResourcePool.close()] DEBUG c.m.v.resourcepool.BasicResourcePool - Preparing to destroy resource: com.mchange.v2.c3p0.impl.NewPooledConnection@1219b5bd
19:51:13.444 [Resource Destroyer in BasicResourcePool.close()] DEBUG c.m.v.c.i.C3P0PooledConnectionPool - Preparing to destroy PooledConnection: com.mchange.v2.c3p0.impl.NewPooledConnection@1219b5bd
19:51:13.444 [Resource Destroyer in BasicResourcePool.close()] DEBUG c.m.v.c.i.C3P0PooledConnectionPool - Successfully destroyed PooledConnection: com.mchange.v2.c3p0.impl.NewPooledConnection@1219b5bd
19:51:13.444 [Resource Destroyer in BasicResourcePool.close()] DEBUG c.m.v.resourcepool.BasicResourcePool - Successfully destroyed resource: com.mchange.v2.c3p0.impl.NewPooledConnection@1219b5bd
19:51:13.444 [Resource Destroyer in BasicResourcePool.close()] DEBUG c.m.v.resourcepool.BasicResourcePool - Preparing to destroy resource: com.mchange.v2.c3p0.impl.NewPooledConnection@5818ea35
19:51:13.444 [Resource Destroyer in BasicResourcePool.close()] DEBUG c.m.v.c.i.C3P0PooledConnectionPool - Preparing to destroy PooledConnection: com.mchange.v2.c3p0.impl.NewPooledConnection@5818ea35
19:51:13.444 [Resource Destroyer in BasicResourcePool.close()] DEBUG c.m.v.c.i.C3P0PooledConnectionPool - Successfully destroyed PooledConnection: com.mchange.v2.c3p0.impl.NewPooledConnection@5818ea35
19:51:13.444 [Resource Destroyer in BasicResourcePool.close()] DEBUG c.m.v.resourcepool.BasicResourcePool - Successfully destroyed resource: com.mchange.v2.c3p0.impl.NewPooledConnection@5818ea35


================================================================================
 TEST SUCCEEDED                                                                 
--------------------------------------------------------------------------------
    Test class:  GetCommitsBeforeAfterAroundTest
    Test method: commitTimestampsAroundWorksIfMoreElementsThanNecessaryArePresentOnBothSides[Using jdbc]
    End time:    2017/08/28 19:51:13 (Duration: 35ms)
================================================================================





================================================================================
 TEST START                                                                     
--------------------------------------------------------------------------------
    Test class:  GetCommitsBeforeAfterAroundTest
    Test method: commitTimestampsBeforeWorksIfThereAreNoCommits[Using jdbc]
    Start time:  2017/08/28 19:51:13
================================================================================



19:51:13.444 [Test worker] DEBUG c.m.v.c.m.DynamicPooledDataSourceManagerMBean - MBean: com.mchange.v2.c3p0:type=PooledDataSource,identityToken=1hgeqrl9qbn6pz6yfah30|3326e2cb,name=1hgeqrl9qbn6pz6yfah30|3326e2cb registered.
19:51:13.444 [Test worker] DEBUG c.m.v.c.m.DynamicPooledDataSourceManagerMBean - MBean: com.mchange.v2.c3p0:type=PooledDataSource,identityToken=1hgeqrl9qbn6pz6yfah30|3326e2cb,name=1hgeqrl9qbn6pz6yfah30|3326e2cb unregistered, in order to be reregistered after update.
19:51:13.444 [Test worker] DEBUG c.m.v.c.m.DynamicPooledDataSourceManagerMBean - MBean: com.mchange.v2.c3p0:type=PooledDataSource,identityToken=1hgeqrl9qbn6pz6yfah30|3326e2cb,name=1hgeqrl9qbn6pz6yfah30|3326e2cb registered.
19:51:13.444 [Test worker] INFO  c.m.v.c.i.AbstractPoolBackedDataSource - Initializing c3p0 pool... com.mchange.v2.c3p0.PoolBackedDataSource@1b174174 [ connectionPoolDataSource -> com.mchange.v2.c3p0.WrapperConnectionPoolDataSource@9fffde47 [ acquireIncrement -> 3, acquireRetryAttempts -> 30, acquireRetryDelay -> 1000, autoCommitOnClose -> false, automaticTestTable -> null, breakAfterAcquireFailure -> false, checkoutTimeout -> 0, connectionCustomizerClassName -> null, connectionTesterClassName -> com.mchange.v2.c3p0.impl.DefaultConnectionTester, contextClassLoaderSource -> caller, debugUnreturnedConnectionStackTraces -> false, factoryClassLocation -> null, forceIgnoreUnresolvedTransactions -> false, forceSynchronousCheckins -> false, identityToken -> 1hgeqrl9qbn6pz6yfah30|568c75e8, idleConnectionTestPeriod -> 0, initialPoolSize -> 3, maxAdministrativeTaskTime -> 0, maxConnectionAge -> 0, maxIdleTime -> 0, maxIdleTimeExcessConnections -> 0, maxPoolSize -> 15, maxStatements -> 0, maxStatementsPerConnection -> 0, minPoolSize -> 3, nestedDataSource -> com.mchange.v2.c3p0.DriverManagerDataSource@4eff2df3 [ description -> null, driverClass -> null, factoryClassLocation -> null, forceUseNamedDriverClass -> false, identityToken -> 1hgeqrl9qbn6pz6yfah30|69e87de3, jdbcUrl -> jdbc:h2:mem:7c2065c91ba643c9806a38437546e7dc, properties -> {} ], preferredTestQuery -> null, privilegeSpawnedThreads -> false, propertyCycle -> 0, statementCacheNumDeferredCloseThreads -> 0, testConnectionOnCheckin -> false, testConnectionOnCheckout -> false, unreturnedConnectionTimeout -> 0, usesTraditionalReflectiveProxies -> false; userOverrides: {} ], dataSourceName -> null, extensions -> {}, factoryClassLocation -> null, identityToken -> 1hgeqrl9qbn6pz6yfah30|3326e2cb, numHelperThreads -> 3 ]
19:51:13.444 [Test worker] DEBUG c.m.v.resourcepool.BasicResourcePool - com.mchange.v2.resourcepool.BasicResourcePool@3f21a604 config: [start -> 3; min -> 3; max -> 15; inc -> 3; num_acq_attempts -> 30; acq_attempt_delay -> 1000; check_idle_resources_delay -> 0; max_resource_age -> 0; max_idle_time -> 0; excess_max_idle_time -> 0; destroy_unreturned_resc_time -> 0; expiration_enforcement_delay -> 0; break_on_acquisition_failure -> false; debug_store_checkout_exceptions -> false; force_synchronous_checkins -> false]
19:51:13.444 [Test worker] DEBUG c.m.v.c.i.C3P0PooledConnectionPoolManager - Created new pool for auth, username (masked): 'null'.
19:51:13.444 [Test worker] DEBUG c.m.v.resourcepool.BasicResourcePool - acquire test -- pool size: 0; target_pool_size: 3; desired target? 1
19:51:13.444 [Test worker] DEBUG c.m.v.resourcepool.BasicResourcePool - awaitAvailable(): [unknown]
19:51:13.460 [Test worker] DEBUG c.m.v.c.m.ActiveManagementCoordinator - MBean: com.mchange.v2.c3p0:type=PooledDataSource,identityToken=1hgeqrl9qbn6pz6yfah30|3326e2cb,name=1hgeqrl9qbn6pz6yfah30|3326e2cb unregistered.
19:51:13.460 [Resource Destroyer in BasicResourcePool.close()] DEBUG c.m.v.resourcepool.BasicResourcePool - Preparing to destroy resource: com.mchange.v2.c3p0.impl.NewPooledConnection@28d3dfb1
19:51:13.460 [Test worker] DEBUG c.m.v.c.m.ActiveManagementCoordinator - C3P0Registry mbean unregistered.
19:51:13.460 [Resource Destroyer in BasicResourcePool.close()] DEBUG c.m.v.c.i.C3P0PooledConnectionPool - Preparing to destroy PooledConnection: com.mchange.v2.c3p0.impl.NewPooledConnection@28d3dfb1
19:51:13.460 [Resource Destroyer in BasicResourcePool.close()] DEBUG c.m.v.c.i.C3P0PooledConnectionPool - Successfully destroyed PooledConnection: com.mchange.v2.c3p0.impl.NewPooledConnection@28d3dfb1
19:51:13.460 [Resource Destroyer in BasicResourcePool.close()] DEBUG c.m.v.resourcepool.BasicResourcePool - Successfully destroyed resource: com.mchange.v2.c3p0.impl.NewPooledConnection@28d3dfb1
19:51:13.460 [Resource Destroyer in BasicResourcePool.close()] DEBUG c.m.v.resourcepool.BasicResourcePool - Preparing to destroy resource: com.mchange.v2.c3p0.impl.NewPooledConnection@5d5b9821
19:51:13.460 [Resource Destroyer in BasicResourcePool.close()] DEBUG c.m.v.c.i.C3P0PooledConnectionPool - Preparing to destroy PooledConnection: com.mchange.v2.c3p0.impl.NewPooledConnection@5d5b9821
19:51:13.460 [Resource Destroyer in BasicResourcePool.close()] DEBUG c.m.v.c.i.C3P0PooledConnectionPool - Successfully destroyed PooledConnection: com.mchange.v2.c3p0.impl.NewPooledConnection@5d5b9821
19:51:13.460 [Resource Destroyer in BasicResourcePool.close()] DEBUG c.m.v.resourcepool.BasicResourcePool - Successfully destroyed resource: com.mchange.v2.c3p0.impl.NewPooledConnection@5d5b9821
19:51:13.460 [Resource Destroyer in BasicResourcePool.close()] DEBUG c.m.v.resourcepool.BasicResourcePool - Preparing to destroy resource: com.mchange.v2.c3p0.impl.NewPooledConnection@350a8911
19:51:13.460 [Resource Destroyer in BasicResourcePool.close()] DEBUG c.m.v.c.i.C3P0PooledConnectionPool - Preparing to destroy PooledConnection: com.mchange.v2.c3p0.impl.NewPooledConnection@350a8911
19:51:13.460 [Resource Destroyer in BasicResourcePool.close()] DEBUG c.m.v.c.i.C3P0PooledConnectionPool - Successfully destroyed PooledConnection: com.mchange.v2.c3p0.impl.NewPooledConnection@350a8911
19:51:13.460 [Resource Destroyer in BasicResourcePool.close()] DEBUG c.m.v.resourcepool.BasicResourcePool - Successfully destroyed resource: com.mchange.v2.c3p0.impl.NewPooledConnection@350a8911


================================================================================
 TEST SUCCEEDED                                                                 
--------------------------------------------------------------------------------
    Test class:  GetCommitsBeforeAfterAroundTest
    Test method: commitTimestampsBeforeWorksIfThereAreNoCommits[Using jdbc]
    End time:    2017/08/28 19:51:13 (Duration: 16ms)
================================================================================





================================================================================
 TEST START                                                                     
--------------------------------------------------------------------------------
    Test class:  GetCommitsBeforeAfterAroundTest
    Test method: commitsAfterWorksIfThereAreNotEnoughCommits[Using jdbc]
    Start time:  2017/08/28 19:51:13
================================================================================



19:51:13.475 [Test worker] DEBUG c.m.v.c.m.DynamicPooledDataSourceManagerMBean - MBean: com.mchange.v2.c3p0:type=PooledDataSource,identityToken=1hgeqrl9qbn6pz6yfah30|5bb64c68,name=1hgeqrl9qbn6pz6yfah30|5bb64c68 registered.
19:51:13.475 [Test worker] DEBUG c.m.v.c.m.DynamicPooledDataSourceManagerMBean - MBean: com.mchange.v2.c3p0:type=PooledDataSource,identityToken=1hgeqrl9qbn6pz6yfah30|5bb64c68,name=1hgeqrl9qbn6pz6yfah30|5bb64c68 unregistered, in order to be reregistered after update.
19:51:13.475 [Test worker] DEBUG c.m.v.c.m.DynamicPooledDataSourceManagerMBean - MBean: com.mchange.v2.c3p0:type=PooledDataSource,identityToken=1hgeqrl9qbn6pz6yfah30|5bb64c68,name=1hgeqrl9qbn6pz6yfah30|5bb64c68 registered.
19:51:13.475 [Test worker] INFO  c.m.v.c.i.AbstractPoolBackedDataSource - Initializing c3p0 pool... com.mchange.v2.c3p0.PoolBackedDataSource@433cfcd2 [ connectionPoolDataSource -> com.mchange.v2.c3p0.WrapperConnectionPoolDataSource@1452c7e8 [ acquireIncrement -> 3, acquireRetryAttempts -> 30, acquireRetryDelay -> 1000, autoCommitOnClose -> false, automaticTestTable -> null, breakAfterAcquireFailure -> false, checkoutTimeout -> 0, connectionCustomizerClassName -> null, connectionTesterClassName -> com.mchange.v2.c3p0.impl.DefaultConnectionTester, contextClassLoaderSource -> caller, debugUnreturnedConnectionStackTraces -> false, factoryClassLocation -> null, forceIgnoreUnresolvedTransactions -> false, forceSynchronousCheckins -> false, identityToken -> 1hgeqrl9qbn6pz6yfah30|381797d7, idleConnectionTestPeriod -> 0, initialPoolSize -> 3, maxAdministrativeTaskTime -> 0, maxConnectionAge -> 0, maxIdleTime -> 0, maxIdleTimeExcessConnections -> 0, maxPoolSize -> 15, maxStatements -> 0, maxStatementsPerConnection -> 0, minPoolSize -> 3, nestedDataSource -> com.mchange.v2.c3p0.DriverManagerDataSource@30812ba5 [ description -> null, driverClass -> null, factoryClassLocation -> null, forceUseNamedDriverClass -> false, identityToken -> 1hgeqrl9qbn6pz6yfah30|31bccd21, jdbcUrl -> jdbc:h2:mem:e9d52bfb9e1d42959f424b160b971ee0, properties -> {} ], preferredTestQuery -> null, privilegeSpawnedThreads -> false, propertyCycle -> 0, statementCacheNumDeferredCloseThreads -> 0, testConnectionOnCheckin -> false, testConnectionOnCheckout -> false, unreturnedConnectionTimeout -> 0, usesTraditionalReflectiveProxies -> false; userOverrides: {} ], dataSourceName -> null, extensions -> {}, factoryClassLocation -> null, identityToken -> 1hgeqrl9qbn6pz6yfah30|5bb64c68, numHelperThreads -> 3 ]
19:51:13.475 [Test worker] DEBUG c.m.v.resourcepool.BasicResourcePool - com.mchange.v2.resourcepool.BasicResourcePool@647465ed config: [start -> 3; min -> 3; max -> 15; inc -> 3; num_acq_attempts -> 30; acq_attempt_delay -> 1000; check_idle_resources_delay -> 0; max_resource_age -> 0; max_idle_time -> 0; excess_max_idle_time -> 0; destroy_unreturned_resc_time -> 0; expiration_enforcement_delay -> 0; break_on_acquisition_failure -> false; debug_store_checkout_exceptions -> false; force_synchronous_checkins -> false]
19:51:13.511 [Test worker] DEBUG c.m.v.c.i.C3P0PooledConnectionPoolManager - Created new pool for auth, username (masked): 'null'.
19:51:13.511 [Test worker] DEBUG c.m.v.resourcepool.BasicResourcePool - acquire test -- pool size: 0; target_pool_size: 3; desired target? 1
19:51:13.511 [Test worker] DEBUG c.m.v.resourcepool.BasicResourcePool - awaitAvailable(): [unknown]
19:51:13.525 [Test worker] DEBUG c.m.v.c.m.ActiveManagementCoordinator - MBean: com.mchange.v2.c3p0:type=PooledDataSource,identityToken=1hgeqrl9qbn6pz6yfah30|5bb64c68,name=1hgeqrl9qbn6pz6yfah30|5bb64c68 unregistered.
19:51:13.525 [Resource Destroyer in BasicResourcePool.close()] DEBUG c.m.v.resourcepool.BasicResourcePool - Preparing to destroy resource: com.mchange.v2.c3p0.impl.NewPooledConnection@4b790c7d
19:51:13.525 [Test worker] DEBUG c.m.v.c.m.ActiveManagementCoordinator - C3P0Registry mbean unregistered.
19:51:13.525 [Resource Destroyer in BasicResourcePool.close()] DEBUG c.m.v.c.i.C3P0PooledConnectionPool - Preparing to destroy PooledConnection: com.mchange.v2.c3p0.impl.NewPooledConnection@4b790c7d
19:51:13.525 [Resource Destroyer in BasicResourcePool.close()] DEBUG c.m.v.c.i.C3P0PooledConnectionPool - Successfully destroyed PooledConnection: com.mchange.v2.c3p0.impl.NewPooledConnection@4b790c7d
19:51:13.525 [Resource Destroyer in BasicResourcePool.close()] DEBUG c.m.v.resourcepool.BasicResourcePool - Successfully destroyed resource: com.mchange.v2.c3p0.impl.NewPooledConnection@4b790c7d
19:51:13.525 [Resource Destroyer in BasicResourcePool.close()] DEBUG c.m.v.resourcepool.BasicResourcePool - Preparing to destroy resource: com.mchange.v2.c3p0.impl.NewPooledConnection@47373e61
19:51:13.525 [Resource Destroyer in BasicResourcePool.close()] DEBUG c.m.v.c.i.C3P0PooledConnectionPool - Preparing to destroy PooledConnection: com.mchange.v2.c3p0.impl.NewPooledConnection@47373e61
19:51:13.525 [Resource Destroyer in BasicResourcePool.close()] DEBUG c.m.v.c.i.C3P0PooledConnectionPool - Successfully destroyed PooledConnection: com.mchange.v2.c3p0.impl.NewPooledConnection@47373e61
19:51:13.525 [Resource Destroyer in BasicResourcePool.close()] DEBUG c.m.v.resourcepool.BasicResourcePool - Successfully destroyed resource: com.mchange.v2.c3p0.impl.NewPooledConnection@47373e61
19:51:13.525 [Resource Destroyer in BasicResourcePool.close()] DEBUG c.m.v.resourcepool.BasicResourcePool - Preparing to destroy resource: com.mchange.v2.c3p0.impl.NewPooledConnection@70534add
19:51:13.525 [Resource Destroyer in BasicResourcePool.close()] DEBUG c.m.v.c.i.C3P0PooledConnectionPool - Preparing to destroy PooledConnection: com.mchange.v2.c3p0.impl.NewPooledConnection@70534add
19:51:13.525 [Resource Destroyer in BasicResourcePool.close()] DEBUG c.m.v.c.i.C3P0PooledConnectionPool - Successfully destroyed PooledConnection: com.mchange.v2.c3p0.impl.NewPooledConnection@70534add
19:51:13.525 [Resource Destroyer in BasicResourcePool.close()] DEBUG c.m.v.resourcepool.BasicResourcePool - Successfully destroyed resource: com.mchange.v2.c3p0.impl.NewPooledConnection@70534add


================================================================================
 TEST SUCCEEDED                                                                 
--------------------------------------------------------------------------------
    Test class:  GetCommitsBeforeAfterAroundTest
    Test method: commitsAfterWorksIfThereAreNotEnoughCommits[Using jdbc]
    End time:    2017/08/28 19:51:13 (Duration: 65ms)
================================================================================





================================================================================
 TEST START                                                                     
--------------------------------------------------------------------------------
    Test class:  GetCommitsBeforeAfterAroundTest
    Test method: commitsAroundWorksIfNotEnoughCommitsArePresentOnEitherSide[Using jdbc]
    Start time:  2017/08/28 19:51:13
================================================================================



19:51:13.525 [Test worker] DEBUG c.m.v.c.m.DynamicPooledDataSourceManagerMBean - MBean: com.mchange.v2.c3p0:type=PooledDataSource,identityToken=1hgeqrl9qbn6pz6yfah30|1859c88e,name=1hgeqrl9qbn6pz6yfah30|1859c88e registered.
19:51:13.525 [Test worker] DEBUG c.m.v.c.m.DynamicPooledDataSourceManagerMBean - MBean: com.mchange.v2.c3p0:type=PooledDataSource,identityToken=1hgeqrl9qbn6pz6yfah30|1859c88e,name=1hgeqrl9qbn6pz6yfah30|1859c88e unregistered, in order to be reregistered after update.
19:51:13.525 [Test worker] DEBUG c.m.v.c.m.DynamicPooledDataSourceManagerMBean - MBean: com.mchange.v2.c3p0:type=PooledDataSource,identityToken=1hgeqrl9qbn6pz6yfah30|1859c88e,name=1hgeqrl9qbn6pz6yfah30|1859c88e registered.
19:51:13.525 [Test worker] INFO  c.m.v.c.i.AbstractPoolBackedDataSource - Initializing c3p0 pool... com.mchange.v2.c3p0.PoolBackedDataSource@dd1279f7 [ connectionPoolDataSource -> com.mchange.v2.c3p0.WrapperConnectionPoolDataSource@2eafb719 [ acquireIncrement -> 3, acquireRetryAttempts -> 30, acquireRetryDelay -> 1000, autoCommitOnClose -> false, automaticTestTable -> null, breakAfterAcquireFailure -> false, checkoutTimeout -> 0, connectionCustomizerClassName -> null, connectionTesterClassName -> com.mchange.v2.c3p0.impl.DefaultConnectionTester, contextClassLoaderSource -> caller, debugUnreturnedConnectionStackTraces -> false, factoryClassLocation -> null, forceIgnoreUnresolvedTransactions -> false, forceSynchronousCheckins -> false, identityToken -> 1hgeqrl9qbn6pz6yfah30|52b13365, idleConnectionTestPeriod -> 0, initialPoolSize -> 3, maxAdministrativeTaskTime -> 0, maxConnectionAge -> 0, maxIdleTime -> 0, maxIdleTimeExcessConnections -> 0, maxPoolSize -> 15, maxStatements -> 0, maxStatementsPerConnection -> 0, minPoolSize -> 3, nestedDataSource -> com.mchange.v2.c3p0.DriverManagerDataSource@664ac13c [ description -> null, driverClass -> null, factoryClassLocation -> null, forceUseNamedDriverClass -> false, identityToken -> 1hgeqrl9qbn6pz6yfah30|1a42ac80, jdbcUrl -> jdbc:h2:mem:3ec2d16481814ab195c1565c89088355, properties -> {} ], preferredTestQuery -> null, privilegeSpawnedThreads -> false, propertyCycle -> 0, statementCacheNumDeferredCloseThreads -> 0, testConnectionOnCheckin -> false, testConnectionOnCheckout -> false, unreturnedConnectionTimeout -> 0, usesTraditionalReflectiveProxies -> false; userOverrides: {} ], dataSourceName -> null, extensions -> {}, factoryClassLocation -> null, identityToken -> 1hgeqrl9qbn6pz6yfah30|1859c88e, numHelperThreads -> 3 ]
19:51:13.525 [Test worker] DEBUG c.m.v.resourcepool.BasicResourcePool - com.mchange.v2.resourcepool.BasicResourcePool@2609d440 config: [start -> 3; min -> 3; max -> 15; inc -> 3; num_acq_attempts -> 30; acq_attempt_delay -> 1000; check_idle_resources_delay -> 0; max_resource_age -> 0; max_idle_time -> 0; excess_max_idle_time -> 0; destroy_unreturned_resc_time -> 0; expiration_enforcement_delay -> 0; break_on_acquisition_failure -> false; debug_store_checkout_exceptions -> false; force_synchronous_checkins -> false]
19:51:13.525 [Test worker] DEBUG c.m.v.c.i.C3P0PooledConnectionPoolManager - Created new pool for auth, username (masked): 'null'.
19:51:13.525 [Test worker] DEBUG c.m.v.resourcepool.BasicResourcePool - acquire test -- pool size: 0; target_pool_size: 3; desired target? 1
19:51:13.525 [Test worker] DEBUG c.m.v.resourcepool.BasicResourcePool - awaitAvailable(): [unknown]
19:51:13.554 [Resource Destroyer in BasicResourcePool.close()] DEBUG c.m.v.resourcepool.BasicResourcePool - Preparing to destroy resource: com.mchange.v2.c3p0.impl.NewPooledConnection@18a1230b
19:51:13.554 [Test worker] DEBUG c.m.v.c.m.ActiveManagementCoordinator - MBean: com.mchange.v2.c3p0:type=PooledDataSource,identityToken=1hgeqrl9qbn6pz6yfah30|1859c88e,name=1hgeqrl9qbn6pz6yfah30|1859c88e unregistered.
19:51:13.554 [Resource Destroyer in BasicResourcePool.close()] DEBUG c.m.v.c.i.C3P0PooledConnectionPool - Preparing to destroy PooledConnection: com.mchange.v2.c3p0.impl.NewPooledConnection@18a1230b
19:51:13.554 [Test worker] DEBUG c.m.v.c.m.ActiveManagementCoordinator - C3P0Registry mbean unregistered.
19:51:13.554 [Resource Destroyer in BasicResourcePool.close()] DEBUG c.m.v.c.i.C3P0PooledConnectionPool - Successfully destroyed PooledConnection: com.mchange.v2.c3p0.impl.NewPooledConnection@18a1230b
19:51:13.554 [Resource Destroyer in BasicResourcePool.close()] DEBUG c.m.v.resourcepool.BasicResourcePool - Successfully destroyed resource: com.mchange.v2.c3p0.impl.NewPooledConnection@18a1230b
19:51:13.554 [Resource Destroyer in BasicResourcePool.close()] DEBUG c.m.v.resourcepool.BasicResourcePool - Preparing to destroy resource: com.mchange.v2.c3p0.impl.NewPooledConnection@4c57f9dd
19:51:13.554 [Resource Destroyer in BasicResourcePool.close()] DEBUG c.m.v.c.i.C3P0PooledConnectionPool - Preparing to destroy PooledConnection: com.mchange.v2.c3p0.impl.NewPooledConnection@4c57f9dd
19:51:13.554 [Resource Destroyer in BasicResourcePool.close()] DEBUG c.m.v.c.i.C3P0PooledConnectionPool - Successfully destroyed PooledConnection: com.mchange.v2.c3p0.impl.NewPooledConnection@4c57f9dd
19:51:13.554 [Resource Destroyer in BasicResourcePool.close()] DEBUG c.m.v.resourcepool.BasicResourcePool - Successfully destroyed resource: com.mchange.v2.c3p0.impl.NewPooledConnection@4c57f9dd
19:51:13.554 [Resource Destroyer in BasicResourcePool.close()] DEBUG c.m.v.resourcepool.BasicResourcePool - Preparing to destroy resource: com.mchange.v2.c3p0.impl.NewPooledConnection@51fbffad
19:51:13.554 [Resource Destroyer in BasicResourcePool.close()] DEBUG c.m.v.c.i.C3P0PooledConnectionPool - Preparing to destroy PooledConnection: com.mchange.v2.c3p0.impl.NewPooledConnection@51fbffad
19:51:13.554 [Resource Destroyer in BasicResourcePool.close()] DEBUG c.m.v.c.i.C3P0PooledConnectionPool - Successfully destroyed PooledConnection: com.mchange.v2.c3p0.impl.NewPooledConnection@51fbffad
19:51:13.554 [Resource Destroyer in BasicResourcePool.close()] DEBUG c.m.v.resourcepool.BasicResourcePool - Successfully destroyed resource: com.mchange.v2.c3p0.impl.NewPooledConnection@51fbffad


================================================================================
 TEST SUCCEEDED                                                                 
--------------------------------------------------------------------------------
    Test class:  GetCommitsBeforeAfterAroundTest
    Test method: commitsAroundWorksIfNotEnoughCommitsArePresentOnEitherSide[Using jdbc]
    End time:    2017/08/28 19:51:13 (Duration: 29ms)
================================================================================





================================================================================
 TEST START                                                                     
--------------------------------------------------------------------------------
    Test class:  GetCommitsBeforeAfterAroundTest
    Test method: commitsBeforeWorksIfThereAreExactlyEnoughCommits[Using jdbc]
    Start time:  2017/08/28 19:51:13
================================================================================



19:51:13.554 [Test worker] DEBUG c.m.v.c.m.DynamicPooledDataSourceManagerMBean - MBean: com.mchange.v2.c3p0:type=PooledDataSource,identityToken=1hgeqrl9qbn6pz6yfah30|7c08dd92,name=1hgeqrl9qbn6pz6yfah30|7c08dd92 registered.
19:51:13.554 [Test worker] DEBUG c.m.v.c.m.DynamicPooledDataSourceManagerMBean - MBean: com.mchange.v2.c3p0:type=PooledDataSource,identityToken=1hgeqrl9qbn6pz6yfah30|7c08dd92,name=1hgeqrl9qbn6pz6yfah30|7c08dd92 unregistered, in order to be reregistered after update.
19:51:13.554 [Test worker] DEBUG c.m.v.c.m.DynamicPooledDataSourceManagerMBean - MBean: com.mchange.v2.c3p0:type=PooledDataSource,identityToken=1hgeqrl9qbn6pz6yfah30|7c08dd92,name=1hgeqrl9qbn6pz6yfah30|7c08dd92 registered.
19:51:13.554 [Test worker] INFO  c.m.v.c.i.AbstractPoolBackedDataSource - Initializing c3p0 pool... com.mchange.v2.c3p0.PoolBackedDataSource@93b4b1f7 [ connectionPoolDataSource -> com.mchange.v2.c3p0.WrapperConnectionPoolDataSource@a7629b2b [ acquireIncrement -> 3, acquireRetryAttempts -> 30, acquireRetryDelay -> 1000, autoCommitOnClose -> false, automaticTestTable -> null, breakAfterAcquireFailure -> false, checkoutTimeout -> 0, connectionCustomizerClassName -> null, connectionTesterClassName -> com.mchange.v2.c3p0.impl.DefaultConnectionTester, contextClassLoaderSource -> caller, debugUnreturnedConnectionStackTraces -> false, factoryClassLocation -> null, forceIgnoreUnresolvedTransactions -> false, forceSynchronousCheckins -> false, identityToken -> 1hgeqrl9qbn6pz6yfah30|2fb485c9, idleConnectionTestPeriod -> 0, initialPoolSize -> 3, maxAdministrativeTaskTime -> 0, maxConnectionAge -> 0, maxIdleTime -> 0, maxIdleTimeExcessConnections -> 0, maxPoolSize -> 15, maxStatements -> 0, maxStatementsPerConnection -> 0, minPoolSize -> 3, nestedDataSource -> com.mchange.v2.c3p0.DriverManagerDataSource@f36a69c6 [ description -> null, driverClass -> null, factoryClassLocation -> null, forceUseNamedDriverClass -> false, identityToken -> 1hgeqrl9qbn6pz6yfah30|74c15e69, jdbcUrl -> jdbc:h2:mem:31548e7354234f0f800cb88f0f4d3072, properties -> {} ], preferredTestQuery -> null, privilegeSpawnedThreads -> false, propertyCycle -> 0, statementCacheNumDeferredCloseThreads -> 0, testConnectionOnCheckin -> false, testConnectionOnCheckout -> false, unreturnedConnectionTimeout -> 0, usesTraditionalReflectiveProxies -> false; userOverrides: {} ], dataSourceName -> null, extensions -> {}, factoryClassLocation -> null, identityToken -> 1hgeqrl9qbn6pz6yfah30|7c08dd92, numHelperThreads -> 3 ]
19:51:13.554 [Test worker] DEBUG c.m.v.resourcepool.BasicResourcePool - com.mchange.v2.resourcepool.BasicResourcePool@5009ebc9 config: [start -> 3; min -> 3; max -> 15; inc -> 3; num_acq_attempts -> 30; acq_attempt_delay -> 1000; check_idle_resources_delay -> 0; max_resource_age -> 0; max_idle_time -> 0; excess_max_idle_time -> 0; destroy_unreturned_resc_time -> 0; expiration_enforcement_delay -> 0; break_on_acquisition_failure -> false; debug_store_checkout_exceptions -> false; force_synchronous_checkins -> false]
19:51:13.554 [Test worker] DEBUG c.m.v.c.i.C3P0PooledConnectionPoolManager - Created new pool for auth, username (masked): 'null'.
19:51:13.554 [Test worker] DEBUG c.m.v.resourcepool.BasicResourcePool - acquire test -- pool size: 0; target_pool_size: 3; desired target? 1
19:51:13.554 [Test worker] DEBUG c.m.v.resourcepool.BasicResourcePool - awaitAvailable(): [unknown]
19:51:13.590 [Test worker] DEBUG c.m.v.c.m.ActiveManagementCoordinator - MBean: com.mchange.v2.c3p0:type=PooledDataSource,identityToken=1hgeqrl9qbn6pz6yfah30|7c08dd92,name=1hgeqrl9qbn6pz6yfah30|7c08dd92 unregistered.
19:51:13.590 [Resource Destroyer in BasicResourcePool.close()] DEBUG c.m.v.resourcepool.BasicResourcePool - Preparing to destroy resource: com.mchange.v2.c3p0.impl.NewPooledConnection@21080139
19:51:13.590 [Test worker] DEBUG c.m.v.c.m.ActiveManagementCoordinator - C3P0Registry mbean unregistered.
19:51:13.590 [Resource Destroyer in BasicResourcePool.close()] DEBUG c.m.v.c.i.C3P0PooledConnectionPool - Preparing to destroy PooledConnection: com.mchange.v2.c3p0.impl.NewPooledConnection@21080139
19:51:13.590 [Resource Destroyer in BasicResourcePool.close()] DEBUG c.m.v.c.i.C3P0PooledConnectionPool - Successfully destroyed PooledConnection: com.mchange.v2.c3p0.impl.NewPooledConnection@21080139
19:51:13.590 [Resource Destroyer in BasicResourcePool.close()] DEBUG c.m.v.resourcepool.BasicResourcePool - Successfully destroyed resource: com.mchange.v2.c3p0.impl.NewPooledConnection@21080139
19:51:13.590 [Resource Destroyer in BasicResourcePool.close()] DEBUG c.m.v.resourcepool.BasicResourcePool - Preparing to destroy resource: com.mchange.v2.c3p0.impl.NewPooledConnection@2e7d8d37
19:51:13.590 [Resource Destroyer in BasicResourcePool.close()] DEBUG c.m.v.c.i.C3P0PooledConnectionPool - Preparing to destroy PooledConnection: com.mchange.v2.c3p0.impl.NewPooledConnection@2e7d8d37
19:51:13.590 [Resource Destroyer in BasicResourcePool.close()] DEBUG c.m.v.c.i.C3P0PooledConnectionPool - Successfully destroyed PooledConnection: com.mchange.v2.c3p0.impl.NewPooledConnection@2e7d8d37
19:51:13.590 [Resource Destroyer in BasicResourcePool.close()] DEBUG c.m.v.resourcepool.BasicResourcePool - Successfully destroyed resource: com.mchange.v2.c3p0.impl.NewPooledConnection@2e7d8d37
19:51:13.590 [Resource Destroyer in BasicResourcePool.close()] DEBUG c.m.v.resourcepool.BasicResourcePool - Preparing to destroy resource: com.mchange.v2.c3p0.impl.NewPooledConnection@6bb5f83a
19:51:13.590 [Resource Destroyer in BasicResourcePool.close()] DEBUG c.m.v.c.i.C3P0PooledConnectionPool - Preparing to destroy PooledConnection: com.mchange.v2.c3p0.impl.NewPooledConnection@6bb5f83a
19:51:13.590 [Resource Destroyer in BasicResourcePool.close()] DEBUG c.m.v.c.i.C3P0PooledConnectionPool - Successfully destroyed PooledConnection: com.mchange.v2.c3p0.impl.NewPooledConnection@6bb5f83a
19:51:13.590 [Resource Destroyer in BasicResourcePool.close()] DEBUG c.m.v.resourcepool.BasicResourcePool - Successfully destroyed resource: com.mchange.v2.c3p0.impl.NewPooledConnection@6bb5f83a


================================================================================
 TEST SUCCEEDED                                                                 
--------------------------------------------------------------------------------
    Test class:  GetCommitsBeforeAfterAroundTest
    Test method: commitsBeforeWorksIfThereAreExactlyEnoughCommits[Using jdbc]
    End time:    2017/08/28 19:51:13 (Duration: 36ms)
================================================================================





================================================================================
 TEST START                                                                     
--------------------------------------------------------------------------------
    Test class:  GetCommitsBeforeAfterAroundTest
    Test method: commitTimestampsBeforeWorksIfThereAreExactlyEnoughCommits[Using jdbc]
    Start time:  2017/08/28 19:51:13
================================================================================



19:51:13.590 [Test worker] DEBUG c.m.v.c.m.DynamicPooledDataSourceManagerMBean - MBean: com.mchange.v2.c3p0:type=PooledDataSource,identityToken=1hgeqrl9qbn6pz6yfah30|7b8a579b,name=1hgeqrl9qbn6pz6yfah30|7b8a579b registered.
19:51:13.590 [Test worker] DEBUG c.m.v.c.m.DynamicPooledDataSourceManagerMBean - MBean: com.mchange.v2.c3p0:type=PooledDataSource,identityToken=1hgeqrl9qbn6pz6yfah30|7b8a579b,name=1hgeqrl9qbn6pz6yfah30|7b8a579b unregistered, in order to be reregistered after update.
19:51:13.590 [Test worker] DEBUG c.m.v.c.m.DynamicPooledDataSourceManagerMBean - MBean: com.mchange.v2.c3p0:type=PooledDataSource,identityToken=1hgeqrl9qbn6pz6yfah30|7b8a579b,name=1hgeqrl9qbn6pz6yfah30|7b8a579b registered.
19:51:13.590 [Test worker] INFO  c.m.v.c.i.AbstractPoolBackedDataSource - Initializing c3p0 pool... com.mchange.v2.c3p0.PoolBackedDataSource@b8c86ac5 [ connectionPoolDataSource -> com.mchange.v2.c3p0.WrapperConnectionPoolDataSource@70184b5e [ acquireIncrement -> 3, acquireRetryAttempts -> 30, acquireRetryDelay -> 1000, autoCommitOnClose -> false, automaticTestTable -> null, breakAfterAcquireFailure -> false, checkoutTimeout -> 0, connectionCustomizerClassName -> null, connectionTesterClassName -> com.mchange.v2.c3p0.impl.DefaultConnectionTester, contextClassLoaderSource -> caller, debugUnreturnedConnectionStackTraces -> false, factoryClassLocation -> null, forceIgnoreUnresolvedTransactions -> false, forceSynchronousCheckins -> false, identityToken -> 1hgeqrl9qbn6pz6yfah30|6dc0fe8d, idleConnectionTestPeriod -> 0, initialPoolSize -> 3, maxAdministrativeTaskTime -> 0, maxConnectionAge -> 0, maxIdleTime -> 0, maxIdleTimeExcessConnections -> 0, maxPoolSize -> 15, maxStatements -> 0, maxStatementsPerConnection -> 0, minPoolSize -> 3, nestedDataSource -> com.mchange.v2.c3p0.DriverManagerDataSource@bfd24657 [ description -> null, driverClass -> null, factoryClassLocation -> null, forceUseNamedDriverClass -> false, identityToken -> 1hgeqrl9qbn6pz6yfah30|4c7223df, jdbcUrl -> jdbc:h2:mem:6b56b284220d49de9a93781644d2b4ba, properties -> {} ], preferredTestQuery -> null, privilegeSpawnedThreads -> false, propertyCycle -> 0, statementCacheNumDeferredCloseThreads -> 0, testConnectionOnCheckin -> false, testConnectionOnCheckout -> false, unreturnedConnectionTimeout -> 0, usesTraditionalReflectiveProxies -> false; userOverrides: {} ], dataSourceName -> null, extensions -> {}, factoryClassLocation -> null, identityToken -> 1hgeqrl9qbn6pz6yfah30|7b8a579b, numHelperThreads -> 3 ]
19:51:13.590 [Test worker] DEBUG c.m.v.resourcepool.BasicResourcePool - com.mchange.v2.resourcepool.BasicResourcePool@4885e8dc config: [start -> 3; min -> 3; max -> 15; inc -> 3; num_acq_attempts -> 30; acq_attempt_delay -> 1000; check_idle_resources_delay -> 0; max_resource_age -> 0; max_idle_time -> 0; excess_max_idle_time -> 0; destroy_unreturned_resc_time -> 0; expiration_enforcement_delay -> 0; break_on_acquisition_failure -> false; debug_store_checkout_exceptions -> false; force_synchronous_checkins -> false]
19:51:13.590 [Test worker] DEBUG c.m.v.c.i.C3P0PooledConnectionPoolManager - Created new pool for auth, username (masked): 'null'.
19:51:13.590 [Test worker] DEBUG c.m.v.resourcepool.BasicResourcePool - acquire test -- pool size: 0; target_pool_size: 3; desired target? 1
19:51:13.590 [Test worker] DEBUG c.m.v.resourcepool.BasicResourcePool - awaitAvailable(): [unknown]
19:51:13.620 [Resource Destroyer in BasicResourcePool.close()] DEBUG c.m.v.resourcepool.BasicResourcePool - Preparing to destroy resource: com.mchange.v2.c3p0.impl.NewPooledConnection@7902cac2
19:51:13.620 [Test worker] DEBUG c.m.v.c.m.ActiveManagementCoordinator - MBean: com.mchange.v2.c3p0:type=PooledDataSource,identityToken=1hgeqrl9qbn6pz6yfah30|7b8a579b,name=1hgeqrl9qbn6pz6yfah30|7b8a579b unregistered.
19:51:13.620 [Resource Destroyer in BasicResourcePool.close()] DEBUG c.m.v.c.i.C3P0PooledConnectionPool - Preparing to destroy PooledConnection: com.mchange.v2.c3p0.impl.NewPooledConnection@7902cac2
19:51:13.620 [Test worker] DEBUG c.m.v.c.m.ActiveManagementCoordinator - C3P0Registry mbean unregistered.
19:51:13.620 [Resource Destroyer in BasicResourcePool.close()] DEBUG c.m.v.c.i.C3P0PooledConnectionPool - Successfully destroyed PooledConnection: com.mchange.v2.c3p0.impl.NewPooledConnection@7902cac2
19:51:13.620 [Resource Destroyer in BasicResourcePool.close()] DEBUG c.m.v.resourcepool.BasicResourcePool - Successfully destroyed resource: com.mchange.v2.c3p0.impl.NewPooledConnection@7902cac2
19:51:13.620 [Resource Destroyer in BasicResourcePool.close()] DEBUG c.m.v.resourcepool.BasicResourcePool - Preparing to destroy resource: com.mchange.v2.c3p0.impl.NewPooledConnection@148c3424
19:51:13.620 [Resource Destroyer in BasicResourcePool.close()] DEBUG c.m.v.c.i.C3P0PooledConnectionPool - Preparing to destroy PooledConnection: com.mchange.v2.c3p0.impl.NewPooledConnection@148c3424
19:51:13.620 [Resource Destroyer in BasicResourcePool.close()] DEBUG c.m.v.c.i.C3P0PooledConnectionPool - Successfully destroyed PooledConnection: com.mchange.v2.c3p0.impl.NewPooledConnection@148c3424
19:51:13.620 [Resource Destroyer in BasicResourcePool.close()] DEBUG c.m.v.resourcepool.BasicResourcePool - Successfully destroyed resource: com.mchange.v2.c3p0.impl.NewPooledConnection@148c3424
19:51:13.620 [Resource Destroyer in BasicResourcePool.close()] DEBUG c.m.v.resourcepool.BasicResourcePool - Preparing to destroy resource: com.mchange.v2.c3p0.impl.NewPooledConnection@78356a44
19:51:13.620 [Resource Destroyer in BasicResourcePool.close()] DEBUG c.m.v.c.i.C3P0PooledConnectionPool - Preparing to destroy PooledConnection: com.mchange.v2.c3p0.impl.NewPooledConnection@78356a44
19:51:13.620 [Resource Destroyer in BasicResourcePool.close()] DEBUG c.m.v.c.i.C3P0PooledConnectionPool - Successfully destroyed PooledConnection: com.mchange.v2.c3p0.impl.NewPooledConnection@78356a44
19:51:13.620 [Resource Destroyer in BasicResourcePool.close()] DEBUG c.m.v.resourcepool.BasicResourcePool - Successfully destroyed resource: com.mchange.v2.c3p0.impl.NewPooledConnection@78356a44


================================================================================
 TEST SUCCEEDED                                                                 
--------------------------------------------------------------------------------
    Test class:  GetCommitsBeforeAfterAroundTest
    Test method: commitTimestampsBeforeWorksIfThereAreExactlyEnoughCommits[Using jdbc]
    End time:    2017/08/28 19:51:13 (Duration: 30ms)
================================================================================





================================================================================
 TEST START                                                                     
--------------------------------------------------------------------------------
    Test class:  GetCommitsBeforeAfterAroundTest
    Test method: commitTimestampsAroundWorksIfNotEnoughElementsArePresentBefore[Using jdbc]
    Start time:  2017/08/28 19:51:13
================================================================================



19:51:13.620 [Test worker] DEBUG c.m.v.c.m.DynamicPooledDataSourceManagerMBean - MBean: com.mchange.v2.c3p0:type=PooledDataSource,identityToken=1hgeqrl9qbn6pz6yfah30|38ee7618,name=1hgeqrl9qbn6pz6yfah30|38ee7618 registered.
19:51:13.620 [Test worker] DEBUG c.m.v.c.m.DynamicPooledDataSourceManagerMBean - MBean: com.mchange.v2.c3p0:type=PooledDataSource,identityToken=1hgeqrl9qbn6pz6yfah30|38ee7618,name=1hgeqrl9qbn6pz6yfah30|38ee7618 unregistered, in order to be reregistered after update.
19:51:13.620 [Test worker] DEBUG c.m.v.c.m.DynamicPooledDataSourceManagerMBean - MBean: com.mchange.v2.c3p0:type=PooledDataSource,identityToken=1hgeqrl9qbn6pz6yfah30|38ee7618,name=1hgeqrl9qbn6pz6yfah30|38ee7618 registered.
19:51:13.620 [Test worker] INFO  c.m.v.c.i.AbstractPoolBackedDataSource - Initializing c3p0 pool... com.mchange.v2.c3p0.PoolBackedDataSource@b90f8119 [ connectionPoolDataSource -> com.mchange.v2.c3p0.WrapperConnectionPoolDataSource@d3ae3b12 [ acquireIncrement -> 3, acquireRetryAttempts -> 30, acquireRetryDelay -> 1000, autoCommitOnClose -> false, automaticTestTable -> null, breakAfterAcquireFailure -> false, checkoutTimeout -> 0, connectionCustomizerClassName -> null, connectionTesterClassName -> com.mchange.v2.c3p0.impl.DefaultConnectionTester, contextClassLoaderSource -> caller, debugUnreturnedConnectionStackTraces -> false, factoryClassLocation -> null, forceIgnoreUnresolvedTransactions -> false, forceSynchronousCheckins -> false, identityToken -> 1hgeqrl9qbn6pz6yfah30|2fe78b8, idleConnectionTestPeriod -> 0, initialPoolSize -> 3, maxAdministrativeTaskTime -> 0, maxConnectionAge -> 0, maxIdleTime -> 0, maxIdleTimeExcessConnections -> 0, maxPoolSize -> 15, maxStatements -> 0, maxStatementsPerConnection -> 0, minPoolSize -> 3, nestedDataSource -> com.mchange.v2.c3p0.DriverManagerDataSource@259d5ed2 [ description -> null, driverClass -> null, factoryClassLocation -> null, forceUseNamedDriverClass -> false, identityToken -> 1hgeqrl9qbn6pz6yfah30|44f71596, jdbcUrl -> jdbc:h2:mem:0eef4a6587cb41a49ea6a8d82245e6ca, properties -> {} ], preferredTestQuery -> null, privilegeSpawnedThreads -> false, propertyCycle -> 0, statementCacheNumDeferredCloseThreads -> 0, testConnectionOnCheckin -> false, testConnectionOnCheckout -> false, unreturnedConnectionTimeout -> 0, usesTraditionalReflectiveProxies -> false; userOverrides: {} ], dataSourceName -> null, extensions -> {}, factoryClassLocation -> null, identityToken -> 1hgeqrl9qbn6pz6yfah30|38ee7618, numHelperThreads -> 3 ]
19:51:13.620 [Test worker] DEBUG c.m.v.resourcepool.BasicResourcePool - com.mchange.v2.resourcepool.BasicResourcePool@37610b7 config: [start -> 3; min -> 3; max -> 15; inc -> 3; num_acq_attempts -> 30; acq_attempt_delay -> 1000; check_idle_resources_delay -> 0; max_resource_age -> 0; max_idle_time -> 0; excess_max_idle_time -> 0; destroy_unreturned_resc_time -> 0; expiration_enforcement_delay -> 0; break_on_acquisition_failure -> false; debug_store_checkout_exceptions -> false; force_synchronous_checkins -> false]
19:51:13.620 [Test worker] DEBUG c.m.v.c.i.C3P0PooledConnectionPoolManager - Created new pool for auth, username (masked): 'null'.
19:51:13.620 [Test worker] DEBUG c.m.v.resourcepool.BasicResourcePool - acquire test -- pool size: 0; target_pool_size: 3; desired target? 1
19:51:13.620 [Test worker] DEBUG c.m.v.resourcepool.BasicResourcePool - awaitAvailable(): [unknown]
19:51:13.651 [Test worker] DEBUG c.m.v.c.m.ActiveManagementCoordinator - MBean: com.mchange.v2.c3p0:type=PooledDataSource,identityToken=1hgeqrl9qbn6pz6yfah30|38ee7618,name=1hgeqrl9qbn6pz6yfah30|38ee7618 unregistered.
19:51:13.651 [Test worker] DEBUG c.m.v.c.m.ActiveManagementCoordinator - C3P0Registry mbean unregistered.
19:51:13.651 [Resource Destroyer in BasicResourcePool.close()] DEBUG c.m.v.resourcepool.BasicResourcePool - Preparing to destroy resource: com.mchange.v2.c3p0.impl.NewPooledConnection@5d957c5c
19:51:13.651 [Resource Destroyer in BasicResourcePool.close()] DEBUG c.m.v.c.i.C3P0PooledConnectionPool - Preparing to destroy PooledConnection: com.mchange.v2.c3p0.impl.NewPooledConnection@5d957c5c
19:51:13.651 [Resource Destroyer in BasicResourcePool.close()] DEBUG c.m.v.c.i.C3P0PooledConnectionPool - Successfully destroyed PooledConnection: com.mchange.v2.c3p0.impl.NewPooledConnection@5d957c5c
19:51:13.651 [Resource Destroyer in BasicResourcePool.close()] DEBUG c.m.v.resourcepool.BasicResourcePool - Successfully destroyed resource: com.mchange.v2.c3p0.impl.NewPooledConnection@5d957c5c
19:51:13.651 [Resource Destroyer in BasicResourcePool.close()] DEBUG c.m.v.resourcepool.BasicResourcePool - Preparing to destroy resource: com.mchange.v2.c3p0.impl.NewPooledConnection@19e76e05
19:51:13.651 [Resource Destroyer in BasicResourcePool.close()] DEBUG c.m.v.c.i.C3P0PooledConnectionPool - Preparing to destroy PooledConnection: com.mchange.v2.c3p0.impl.NewPooledConnection@19e76e05
19:51:13.651 [Resource Destroyer in BasicResourcePool.close()] DEBUG c.m.v.c.i.C3P0PooledConnectionPool - Successfully destroyed PooledConnection: com.mchange.v2.c3p0.impl.NewPooledConnection@19e76e05
19:51:13.651 [Resource Destroyer in BasicResourcePool.close()] DEBUG c.m.v.resourcepool.BasicResourcePool - Successfully destroyed resource: com.mchange.v2.c3p0.impl.NewPooledConnection@19e76e05
19:51:13.651 [Resource Destroyer in BasicResourcePool.close()] DEBUG c.m.v.resourcepool.BasicResourcePool - Preparing to destroy resource: com.mchange.v2.c3p0.impl.NewPooledConnection@6cc89c45
19:51:13.651 [Resource Destroyer in BasicResourcePool.close()] DEBUG c.m.v.c.i.C3P0PooledConnectionPool - Preparing to destroy PooledConnection: com.mchange.v2.c3p0.impl.NewPooledConnection@6cc89c45
19:51:13.651 [Resource Destroyer in BasicResourcePool.close()] DEBUG c.m.v.c.i.C3P0PooledConnectionPool - Successfully destroyed PooledConnection: com.mchange.v2.c3p0.impl.NewPooledConnection@6cc89c45
19:51:13.651 [Resource Destroyer in BasicResourcePool.close()] DEBUG c.m.v.resourcepool.BasicResourcePool - Successfully destroyed resource: com.mchange.v2.c3p0.impl.NewPooledConnection@6cc89c45


================================================================================
 TEST SUCCEEDED                                                                 
--------------------------------------------------------------------------------
    Test class:  GetCommitsBeforeAfterAroundTest
    Test method: commitTimestampsAroundWorksIfNotEnoughElementsArePresentBefore[Using jdbc]
    End time:    2017/08/28 19:51:13 (Duration: 31ms)
================================================================================





================================================================================
 TEST START                                                                     
--------------------------------------------------------------------------------
    Test class:  GetCommitsBeforeAfterAroundTest
    Test method: commitTimestampsAfterWorksIfThereAreNoCommits[Using jdbc]
    Start time:  2017/08/28 19:51:13
================================================================================



19:51:13.651 [Test worker] DEBUG c.m.v.c.m.DynamicPooledDataSourceManagerMBean - MBean: com.mchange.v2.c3p0:type=PooledDataSource,identityToken=1hgeqrl9qbn6pz6yfah30|2429b7a7,name=1hgeqrl9qbn6pz6yfah30|2429b7a7 registered.
19:51:13.651 [Test worker] DEBUG c.m.v.c.m.DynamicPooledDataSourceManagerMBean - MBean: com.mchange.v2.c3p0:type=PooledDataSource,identityToken=1hgeqrl9qbn6pz6yfah30|2429b7a7,name=1hgeqrl9qbn6pz6yfah30|2429b7a7 unregistered, in order to be reregistered after update.
19:51:13.651 [Test worker] DEBUG c.m.v.c.m.DynamicPooledDataSourceManagerMBean - MBean: com.mchange.v2.c3p0:type=PooledDataSource,identityToken=1hgeqrl9qbn6pz6yfah30|2429b7a7,name=1hgeqrl9qbn6pz6yfah30|2429b7a7 registered.
19:51:13.651 [Test worker] INFO  c.m.v.c.i.AbstractPoolBackedDataSource - Initializing c3p0 pool... com.mchange.v2.c3p0.PoolBackedDataSource@4de93750 [ connectionPoolDataSource -> com.mchange.v2.c3p0.WrapperConnectionPoolDataSource@f41391d3 [ acquireIncrement -> 3, acquireRetryAttempts -> 30, acquireRetryDelay -> 1000, autoCommitOnClose -> false, automaticTestTable -> null, breakAfterAcquireFailure -> false, checkoutTimeout -> 0, connectionCustomizerClassName -> null, connectionTesterClassName -> com.mchange.v2.c3p0.impl.DefaultConnectionTester, contextClassLoaderSource -> caller, debugUnreturnedConnectionStackTraces -> false, factoryClassLocation -> null, forceIgnoreUnresolvedTransactions -> false, forceSynchronousCheckins -> false, identityToken -> 1hgeqrl9qbn6pz6yfah30|5e2a7e48, idleConnectionTestPeriod -> 0, initialPoolSize -> 3, maxAdministrativeTaskTime -> 0, maxConnectionAge -> 0, maxIdleTime -> 0, maxIdleTimeExcessConnections -> 0, maxPoolSize -> 15, maxStatements -> 0, maxStatementsPerConnection -> 0, minPoolSize -> 3, nestedDataSource -> com.mchange.v2.c3p0.DriverManagerDataSource@517e734b [ description -> null, driverClass -> null, factoryClassLocation -> null, forceUseNamedDriverClass -> false, identityToken -> 1hgeqrl9qbn6pz6yfah30|4e8e9a2e, jdbcUrl -> jdbc:h2:mem:cc017f0d25964d1db010df135ebf9c53, properties -> {} ], preferredTestQuery -> null, privilegeSpawnedThreads -> false, propertyCycle -> 0, statementCacheNumDeferredCloseThreads -> 0, testConnectionOnCheckin -> false, testConnectionOnCheckout -> false, unreturnedConnectionTimeout -> 0, usesTraditionalReflectiveProxies -> false; userOverrides: {} ], dataSourceName -> null, extensions -> {}, factoryClassLocation -> null, identityToken -> 1hgeqrl9qbn6pz6yfah30|2429b7a7, numHelperThreads -> 3 ]
19:51:13.651 [Test worker] DEBUG c.m.v.resourcepool.BasicResourcePool - com.mchange.v2.resourcepool.BasicResourcePool@13c942 config: [start -> 3; min -> 3; max -> 15; inc -> 3; num_acq_attempts -> 30; acq_attempt_delay -> 1000; check_idle_resources_delay -> 0; max_resource_age -> 0; max_idle_time -> 0; excess_max_idle_time -> 0; destroy_unreturned_resc_time -> 0; expiration_enforcement_delay -> 0; break_on_acquisition_failure -> false; debug_store_checkout_exceptions -> false; force_synchronous_checkins -> false]
19:51:13.651 [Test worker] DEBUG c.m.v.c.i.C3P0PooledConnectionPoolManager - Created new pool for auth, username (masked): 'null'.
19:51:13.651 [Test worker] DEBUG c.m.v.resourcepool.BasicResourcePool - acquire test -- pool size: 0; target_pool_size: 3; desired target? 1
19:51:13.651 [Test worker] DEBUG c.m.v.resourcepool.BasicResourcePool - awaitAvailable(): [unknown]
19:51:13.666 [Test worker] DEBUG c.m.v.c.m.ActiveManagementCoordinator - MBean: com.mchange.v2.c3p0:type=PooledDataSource,identityToken=1hgeqrl9qbn6pz6yfah30|2429b7a7,name=1hgeqrl9qbn6pz6yfah30|2429b7a7 unregistered.
19:51:13.666 [Test worker] DEBUG c.m.v.c.m.ActiveManagementCoordinator - C3P0Registry mbean unregistered.
19:51:13.666 [Resource Destroyer in BasicResourcePool.close()] DEBUG c.m.v.resourcepool.BasicResourcePool - Preparing to destroy resource: com.mchange.v2.c3p0.impl.NewPooledConnection@7995ee1d
19:51:13.666 [Resource Destroyer in BasicResourcePool.close()] DEBUG c.m.v.c.i.C3P0PooledConnectionPool - Preparing to destroy PooledConnection: com.mchange.v2.c3p0.impl.NewPooledConnection@7995ee1d
19:51:13.666 [Resource Destroyer in BasicResourcePool.close()] DEBUG c.m.v.c.i.C3P0PooledConnectionPool - Successfully destroyed PooledConnection: com.mchange.v2.c3p0.impl.NewPooledConnection@7995ee1d
19:51:13.666 [Resource Destroyer in BasicResourcePool.close()] DEBUG c.m.v.resourcepool.BasicResourcePool - Successfully destroyed resource: com.mchange.v2.c3p0.impl.NewPooledConnection@7995ee1d
19:51:13.666 [Resource Destroyer in BasicResourcePool.close()] DEBUG c.m.v.resourcepool.BasicResourcePool - Preparing to destroy resource: com.mchange.v2.c3p0.impl.NewPooledConnection@55ba04ff
19:51:13.666 [Resource Destroyer in BasicResourcePool.close()] DEBUG c.m.v.c.i.C3P0PooledConnectionPool - Preparing to destroy PooledConnection: com.mchange.v2.c3p0.impl.NewPooledConnection@55ba04ff
19:51:13.666 [Resource Destroyer in BasicResourcePool.close()] DEBUG c.m.v.c.i.C3P0PooledConnectionPool - Successfully destroyed PooledConnection: com.mchange.v2.c3p0.impl.NewPooledConnection@55ba04ff
19:51:13.666 [Resource Destroyer in BasicResourcePool.close()] DEBUG c.m.v.resourcepool.BasicResourcePool - Successfully destroyed resource: com.mchange.v2.c3p0.impl.NewPooledConnection@55ba04ff
19:51:13.666 [Resource Destroyer in BasicResourcePool.close()] DEBUG c.m.v.resourcepool.BasicResourcePool - Preparing to destroy resource: com.mchange.v2.c3p0.impl.NewPooledConnection@15e62fd3
19:51:13.666 [Resource Destroyer in BasicResourcePool.close()] DEBUG c.m.v.c.i.C3P0PooledConnectionPool - Preparing to destroy PooledConnection: com.mchange.v2.c3p0.impl.NewPooledConnection@15e62fd3
19:51:13.666 [Resource Destroyer in BasicResourcePool.close()] DEBUG c.m.v.c.i.C3P0PooledConnectionPool - Successfully destroyed PooledConnection: com.mchange.v2.c3p0.impl.NewPooledConnection@15e62fd3
19:51:13.666 [Resource Destroyer in BasicResourcePool.close()] DEBUG c.m.v.resourcepool.BasicResourcePool - Successfully destroyed resource: com.mchange.v2.c3p0.impl.NewPooledConnection@15e62fd3


================================================================================
 TEST SUCCEEDED                                                                 
--------------------------------------------------------------------------------
    Test class:  GetCommitsBeforeAfterAroundTest
    Test method: commitTimestampsAfterWorksIfThereAreNoCommits[Using jdbc]
    End time:    2017/08/28 19:51:13 (Duration: 15ms)
================================================================================





================================================================================
 TEST START                                                                     
--------------------------------------------------------------------------------
    Test class:  GetCommitsBeforeAfterAroundTest
    Test method: commitTimestampsAfterWorksIfThereAreNotEnoughCommits[Using jdbc]
    Start time:  2017/08/28 19:51:13
================================================================================



19:51:13.666 [Test worker] DEBUG c.m.v.c.m.DynamicPooledDataSourceManagerMBean - MBean: com.mchange.v2.c3p0:type=PooledDataSource,identityToken=1hgeqrl9qbn6pz6yfah30|499b02fe,name=1hgeqrl9qbn6pz6yfah30|499b02fe registered.
19:51:13.682 [Test worker] DEBUG c.m.v.c.m.DynamicPooledDataSourceManagerMBean - MBean: com.mchange.v2.c3p0:type=PooledDataSource,identityToken=1hgeqrl9qbn6pz6yfah30|499b02fe,name=1hgeqrl9qbn6pz6yfah30|499b02fe unregistered, in order to be reregistered after update.
19:51:13.682 [Test worker] DEBUG c.m.v.c.m.DynamicPooledDataSourceManagerMBean - MBean: com.mchange.v2.c3p0:type=PooledDataSource,identityToken=1hgeqrl9qbn6pz6yfah30|499b02fe,name=1hgeqrl9qbn6pz6yfah30|499b02fe registered.
19:51:13.682 [Test worker] INFO  c.m.v.c.i.AbstractPoolBackedDataSource - Initializing c3p0 pool... com.mchange.v2.c3p0.PoolBackedDataSource@678ad1d5 [ connectionPoolDataSource -> com.mchange.v2.c3p0.WrapperConnectionPoolDataSource@a3226c96 [ acquireIncrement -> 3, acquireRetryAttempts -> 30, acquireRetryDelay -> 1000, autoCommitOnClose -> false, automaticTestTable -> null, breakAfterAcquireFailure -> false, checkoutTimeout -> 0, connectionCustomizerClassName -> null, connectionTesterClassName -> com.mchange.v2.c3p0.impl.DefaultConnectionTester, contextClassLoaderSource -> caller, debugUnreturnedConnectionStackTraces -> false, factoryClassLocation -> null, forceIgnoreUnresolvedTransactions -> false, forceSynchronousCheckins -> false, identityToken -> 1hgeqrl9qbn6pz6yfah30|7751c610, idleConnectionTestPeriod -> 0, initialPoolSize -> 3, maxAdministrativeTaskTime -> 0, maxConnectionAge -> 0, maxIdleTime -> 0, maxIdleTimeExcessConnections -> 0, maxPoolSize -> 15, maxStatements -> 0, maxStatementsPerConnection -> 0, minPoolSize -> 3, nestedDataSource -> com.mchange.v2.c3p0.DriverManagerDataSource@6e758fc [ description -> null, driverClass -> null, factoryClassLocation -> null, forceUseNamedDriverClass -> false, identityToken -> 1hgeqrl9qbn6pz6yfah30|757b4ed2, jdbcUrl -> jdbc:h2:mem:0321b7b3e0bc4e86933a6f8305810821, properties -> {} ], preferredTestQuery -> null, privilegeSpawnedThreads -> false, propertyCycle -> 0, statementCacheNumDeferredCloseThreads -> 0, testConnectionOnCheckin -> false, testConnectionOnCheckout -> false, unreturnedConnectionTimeout -> 0, usesTraditionalReflectiveProxies -> false; userOverrides: {} ], dataSourceName -> null, extensions -> {}, factoryClassLocation -> null, identityToken -> 1hgeqrl9qbn6pz6yfah30|499b02fe, numHelperThreads -> 3 ]
19:51:13.682 [Test worker] DEBUG c.m.v.resourcepool.BasicResourcePool - com.mchange.v2.resourcepool.BasicResourcePool@18804861 config: [start -> 3; min -> 3; max -> 15; inc -> 3; num_acq_attempts -> 30; acq_attempt_delay -> 1000; check_idle_resources_delay -> 0; max_resource_age -> 0; max_idle_time -> 0; excess_max_idle_time -> 0; destroy_unreturned_resc_time -> 0; expiration_enforcement_delay -> 0; break_on_acquisition_failure -> false; debug_store_checkout_exceptions -> false; force_synchronous_checkins -> false]
19:51:13.682 [Test worker] DEBUG c.m.v.c.i.C3P0PooledConnectionPoolManager - Created new pool for auth, username (masked): 'null'.
19:51:13.682 [Test worker] DEBUG c.m.v.resourcepool.BasicResourcePool - acquire test -- pool size: 0; target_pool_size: 3; desired target? 1
19:51:13.682 [Test worker] DEBUG c.m.v.resourcepool.BasicResourcePool - awaitAvailable(): [unknown]
19:51:13.696 [Test worker] DEBUG c.m.v.c.m.ActiveManagementCoordinator - MBean: com.mchange.v2.c3p0:type=PooledDataSource,identityToken=1hgeqrl9qbn6pz6yfah30|499b02fe,name=1hgeqrl9qbn6pz6yfah30|499b02fe unregistered.
19:51:13.696 [Test worker] DEBUG c.m.v.c.m.ActiveManagementCoordinator - C3P0Registry mbean unregistered.
19:51:13.696 [Resource Destroyer in BasicResourcePool.close()] DEBUG c.m.v.resourcepool.BasicResourcePool - Preparing to destroy resource: com.mchange.v2.c3p0.impl.NewPooledConnection@fd31a83
19:51:13.696 [Resource Destroyer in BasicResourcePool.close()] DEBUG c.m.v.c.i.C3P0PooledConnectionPool - Preparing to destroy PooledConnection: com.mchange.v2.c3p0.impl.NewPooledConnection@fd31a83
19:51:13.696 [Resource Destroyer in BasicResourcePool.close()] DEBUG c.m.v.c.i.C3P0PooledConnectionPool - Successfully destroyed PooledConnection: com.mchange.v2.c3p0.impl.NewPooledConnection@fd31a83
19:51:13.696 [Resource Destroyer in BasicResourcePool.close()] DEBUG c.m.v.resourcepool.BasicResourcePool - Successfully destroyed resource: com.mchange.v2.c3p0.impl.NewPooledConnection@fd31a83
19:51:13.696 [Resource Destroyer in BasicResourcePool.close()] DEBUG c.m.v.resourcepool.BasicResourcePool - Preparing to destroy resource: com.mchange.v2.c3p0.impl.NewPooledConnection@3995c1fd
19:51:13.696 [Resource Destroyer in BasicResourcePool.close()] DEBUG c.m.v.c.i.C3P0PooledConnectionPool - Preparing to destroy PooledConnection: com.mchange.v2.c3p0.impl.NewPooledConnection@3995c1fd
19:51:13.696 [Resource Destroyer in BasicResourcePool.close()] DEBUG c.m.v.c.i.C3P0PooledConnectionPool - Successfully destroyed PooledConnection: com.mchange.v2.c3p0.impl.NewPooledConnection@3995c1fd
19:51:13.696 [Resource Destroyer in BasicResourcePool.close()] DEBUG c.m.v.resourcepool.BasicResourcePool - Successfully destroyed resource: com.mchange.v2.c3p0.impl.NewPooledConnection@3995c1fd
19:51:13.696 [Resource Destroyer in BasicResourcePool.close()] DEBUG c.m.v.resourcepool.BasicResourcePool - Preparing to destroy resource: com.mchange.v2.c3p0.impl.NewPooledConnection@17aec49b
19:51:13.696 [Resource Destroyer in BasicResourcePool.close()] DEBUG c.m.v.c.i.C3P0PooledConnectionPool - Preparing to destroy PooledConnection: com.mchange.v2.c3p0.impl.NewPooledConnection@17aec49b
19:51:13.696 [Resource Destroyer in BasicResourcePool.close()] DEBUG c.m.v.c.i.C3P0PooledConnectionPool - Successfully destroyed PooledConnection: com.mchange.v2.c3p0.impl.NewPooledConnection@17aec49b
19:51:13.696 [Resource Destroyer in BasicResourcePool.close()] DEBUG c.m.v.resourcepool.BasicResourcePool - Successfully destroyed resource: com.mchange.v2.c3p0.impl.NewPooledConnection@17aec49b


================================================================================
 TEST SUCCEEDED                                                                 
--------------------------------------------------------------------------------
    Test class:  GetCommitsBeforeAfterAroundTest
    Test method: commitTimestampsAfterWorksIfThereAreNotEnoughCommits[Using jdbc]
    End time:    2017/08/28 19:51:13 (Duration: 30ms)
================================================================================





================================================================================
 TEST START                                                                     
--------------------------------------------------------------------------------
    Test class:  GetCommitsBeforeAfterAroundTest
    Test method: commitTimestampsAfterZeroWorks[Using jdbc]
    Start time:  2017/08/28 19:51:13
================================================================================



19:51:13.696 [Test worker] DEBUG c.m.v.c.m.DynamicPooledDataSourceManagerMBean - MBean: com.mchange.v2.c3p0:type=PooledDataSource,identityToken=1hgeqrl9qbn6pz6yfah30|3a7ebe99,name=1hgeqrl9qbn6pz6yfah30|3a7ebe99 registered.
19:51:13.696 [Test worker] DEBUG c.m.v.c.m.DynamicPooledDataSourceManagerMBean - MBean: com.mchange.v2.c3p0:type=PooledDataSource,identityToken=1hgeqrl9qbn6pz6yfah30|3a7ebe99,name=1hgeqrl9qbn6pz6yfah30|3a7ebe99 unregistered, in order to be reregistered after update.
19:51:13.696 [Test worker] DEBUG c.m.v.c.m.DynamicPooledDataSourceManagerMBean - MBean: com.mchange.v2.c3p0:type=PooledDataSource,identityToken=1hgeqrl9qbn6pz6yfah30|3a7ebe99,name=1hgeqrl9qbn6pz6yfah30|3a7ebe99 registered.
19:51:13.696 [Test worker] INFO  c.m.v.c.i.AbstractPoolBackedDataSource - Initializing c3p0 pool... com.mchange.v2.c3p0.PoolBackedDataSource@8e9ab2e5 [ connectionPoolDataSource -> com.mchange.v2.c3p0.WrapperConnectionPoolDataSource@585f907a [ acquireIncrement -> 3, acquireRetryAttempts -> 30, acquireRetryDelay -> 1000, autoCommitOnClose -> false, automaticTestTable -> null, breakAfterAcquireFailure -> false, checkoutTimeout -> 0, connectionCustomizerClassName -> null, connectionTesterClassName -> com.mchange.v2.c3p0.impl.DefaultConnectionTester, contextClassLoaderSource -> caller, debugUnreturnedConnectionStackTraces -> false, factoryClassLocation -> null, forceIgnoreUnresolvedTransactions -> false, forceSynchronousCheckins -> false, identityToken -> 1hgeqrl9qbn6pz6yfah30|27e766e8, idleConnectionTestPeriod -> 0, initialPoolSize -> 3, maxAdministrativeTaskTime -> 0, maxConnectionAge -> 0, maxIdleTime -> 0, maxIdleTimeExcessConnections -> 0, maxPoolSize -> 15, maxStatements -> 0, maxStatementsPerConnection -> 0, minPoolSize -> 3, nestedDataSource -> com.mchange.v2.c3p0.DriverManagerDataSource@edd42408 [ description -> null, driverClass -> null, factoryClassLocation -> null, forceUseNamedDriverClass -> false, identityToken -> 1hgeqrl9qbn6pz6yfah30|37efb328, jdbcUrl -> jdbc:h2:mem:b2a65ceee63e4f67a7aebf1f1f06e1f1, properties -> {} ], preferredTestQuery -> null, privilegeSpawnedThreads -> false, propertyCycle -> 0, statementCacheNumDeferredCloseThreads -> 0, testConnectionOnCheckin -> false, testConnectionOnCheckout -> false, unreturnedConnectionTimeout -> 0, usesTraditionalReflectiveProxies -> false; userOverrides: {} ], dataSourceName -> null, extensions -> {}, factoryClassLocation -> null, identityToken -> 1hgeqrl9qbn6pz6yfah30|3a7ebe99, numHelperThreads -> 3 ]
19:51:13.696 [Test worker] DEBUG c.m.v.resourcepool.BasicResourcePool - com.mchange.v2.resourcepool.BasicResourcePool@1e3d47b0 config: [start -> 3; min -> 3; max -> 15; inc -> 3; num_acq_attempts -> 30; acq_attempt_delay -> 1000; check_idle_resources_delay -> 0; max_resource_age -> 0; max_idle_time -> 0; excess_max_idle_time -> 0; destroy_unreturned_resc_time -> 0; expiration_enforcement_delay -> 0; break_on_acquisition_failure -> false; debug_store_checkout_exceptions -> false; force_synchronous_checkins -> false]
19:51:13.696 [Test worker] DEBUG c.m.v.c.i.C3P0PooledConnectionPoolManager - Created new pool for auth, username (masked): 'null'.
19:51:13.696 [Test worker] DEBUG c.m.v.resourcepool.BasicResourcePool - acquire test -- pool size: 0; target_pool_size: 3; desired target? 1
19:51:13.696 [Test worker] DEBUG c.m.v.resourcepool.BasicResourcePool - awaitAvailable(): [unknown]
19:51:13.725 [Test worker] DEBUG c.m.v.c.m.ActiveManagementCoordinator - MBean: com.mchange.v2.c3p0:type=PooledDataSource,identityToken=1hgeqrl9qbn6pz6yfah30|3a7ebe99,name=1hgeqrl9qbn6pz6yfah30|3a7ebe99 unregistered.
19:51:13.725 [Test worker] DEBUG c.m.v.c.m.ActiveManagementCoordinator - C3P0Registry mbean unregistered.
19:51:13.725 [Resource Destroyer in BasicResourcePool.close()] DEBUG c.m.v.resourcepool.BasicResourcePool - Preparing to destroy resource: com.mchange.v2.c3p0.impl.NewPooledConnection@5af2af7a
19:51:13.725 [Resource Destroyer in BasicResourcePool.close()] DEBUG c.m.v.c.i.C3P0PooledConnectionPool - Preparing to destroy PooledConnection: com.mchange.v2.c3p0.impl.NewPooledConnection@5af2af7a
19:51:13.725 [Resource Destroyer in BasicResourcePool.close()] DEBUG c.m.v.c.i.C3P0PooledConnectionPool - Successfully destroyed PooledConnection: com.mchange.v2.c3p0.impl.NewPooledConnection@5af2af7a
19:51:13.725 [Resource Destroyer in BasicResourcePool.close()] DEBUG c.m.v.resourcepool.BasicResourcePool - Successfully destroyed resource: com.mchange.v2.c3p0.impl.NewPooledConnection@5af2af7a
19:51:13.725 [Resource Destroyer in BasicResourcePool.close()] DEBUG c.m.v.resourcepool.BasicResourcePool - Preparing to destroy resource: com.mchange.v2.c3p0.impl.NewPooledConnection@631f790a
19:51:13.725 [Resource Destroyer in BasicResourcePool.close()] DEBUG c.m.v.c.i.C3P0PooledConnectionPool - Preparing to destroy PooledConnection: com.mchange.v2.c3p0.impl.NewPooledConnection@631f790a
19:51:13.725 [Resource Destroyer in BasicResourcePool.close()] DEBUG c.m.v.c.i.C3P0PooledConnectionPool - Successfully destroyed PooledConnection: com.mchange.v2.c3p0.impl.NewPooledConnection@631f790a
19:51:13.725 [Resource Destroyer in BasicResourcePool.close()] DEBUG c.m.v.resourcepool.BasicResourcePool - Successfully destroyed resource: com.mchange.v2.c3p0.impl.NewPooledConnection@631f790a
19:51:13.725 [Resource Destroyer in BasicResourcePool.close()] DEBUG c.m.v.resourcepool.BasicResourcePool - Preparing to destroy resource: com.mchange.v2.c3p0.impl.NewPooledConnection@770ced51
19:51:13.725 [Resource Destroyer in BasicResourcePool.close()] DEBUG c.m.v.c.i.C3P0PooledConnectionPool - Preparing to destroy PooledConnection: com.mchange.v2.c3p0.impl.NewPooledConnection@770ced51
19:51:13.725 [Resource Destroyer in BasicResourcePool.close()] DEBUG c.m.v.c.i.C3P0PooledConnectionPool - Successfully destroyed PooledConnection: com.mchange.v2.c3p0.impl.NewPooledConnection@770ced51
19:51:13.725 [Resource Destroyer in BasicResourcePool.close()] DEBUG c.m.v.resourcepool.BasicResourcePool - Successfully destroyed resource: com.mchange.v2.c3p0.impl.NewPooledConnection@770ced51


================================================================================
 TEST SUCCEEDED                                                                 
--------------------------------------------------------------------------------
    Test class:  GetCommitsBeforeAfterAroundTest
    Test method: commitTimestampsAfterZeroWorks[Using jdbc]
    End time:    2017/08/28 19:51:13 (Duration: 29ms)
================================================================================





================================================================================
 TEST START                                                                     
--------------------------------------------------------------------------------
    Test class:  GetCommitsBeforeAfterAroundTest
    Test method: commitsAroundWorksIfNotEnoughElementsArePresentAfter[Using jdbc]
    Start time:  2017/08/28 19:51:13
================================================================================



19:51:13.725 [Test worker] DEBUG c.m.v.c.m.DynamicPooledDataSourceManagerMBean - MBean: com.mchange.v2.c3p0:type=PooledDataSource,identityToken=1hgeqrl9qbn6pz6yfah30|1d98a334,name=1hgeqrl9qbn6pz6yfah30|1d98a334 registered.
19:51:13.725 [Test worker] DEBUG c.m.v.c.m.DynamicPooledDataSourceManagerMBean - MBean: com.mchange.v2.c3p0:type=PooledDataSource,identityToken=1hgeqrl9qbn6pz6yfah30|1d98a334,name=1hgeqrl9qbn6pz6yfah30|1d98a334 unregistered, in order to be reregistered after update.
19:51:13.725 [Test worker] DEBUG c.m.v.c.m.DynamicPooledDataSourceManagerMBean - MBean: com.mchange.v2.c3p0:type=PooledDataSource,identityToken=1hgeqrl9qbn6pz6yfah30|1d98a334,name=1hgeqrl9qbn6pz6yfah30|1d98a334 registered.
19:51:13.725 [Test worker] INFO  c.m.v.c.i.AbstractPoolBackedDataSource - Initializing c3p0 pool... com.mchange.v2.c3p0.PoolBackedDataSource@bebbfc1f [ connectionPoolDataSource -> com.mchange.v2.c3p0.WrapperConnectionPoolDataSource@36c6ded2 [ acquireIncrement -> 3, acquireRetryAttempts -> 30, acquireRetryDelay -> 1000, autoCommitOnClose -> false, automaticTestTable -> null, breakAfterAcquireFailure -> false, checkoutTimeout -> 0, connectionCustomizerClassName -> null, connectionTesterClassName -> com.mchange.v2.c3p0.impl.DefaultConnectionTester, contextClassLoaderSource -> caller, debugUnreturnedConnectionStackTraces -> false, factoryClassLocation -> null, forceIgnoreUnresolvedTransactions -> false, forceSynchronousCheckins -> false, identityToken -> 1hgeqrl9qbn6pz6yfah30|6edc24ce, idleConnectionTestPeriod -> 0, initialPoolSize -> 3, maxAdministrativeTaskTime -> 0, maxConnectionAge -> 0, maxIdleTime -> 0, maxIdleTimeExcessConnections -> 0, maxPoolSize -> 15, maxStatements -> 0, maxStatementsPerConnection -> 0, minPoolSize -> 3, nestedDataSource -> com.mchange.v2.c3p0.DriverManagerDataSource@dc94b339 [ description -> null, driverClass -> null, factoryClassLocation -> null, forceUseNamedDriverClass -> false, identityToken -> 1hgeqrl9qbn6pz6yfah30|68194cb4, jdbcUrl -> jdbc:h2:mem:9391c8668a6a443aaa617c8c475fb0da, properties -> {} ], preferredTestQuery -> null, privilegeSpawnedThreads -> false, propertyCycle -> 0, statementCacheNumDeferredCloseThreads -> 0, testConnectionOnCheckin -> false, testConnectionOnCheckout -> false, unreturnedConnectionTimeout -> 0, usesTraditionalReflectiveProxies -> false; userOverrides: {} ], dataSourceName -> null, extensions -> {}, factoryClassLocation -> null, identityToken -> 1hgeqrl9qbn6pz6yfah30|1d98a334, numHelperThreads -> 3 ]
19:51:13.725 [Test worker] DEBUG c.m.v.resourcepool.BasicResourcePool - com.mchange.v2.resourcepool.BasicResourcePool@641b36cb config: [start -> 3; min -> 3; max -> 15; inc -> 3; num_acq_attempts -> 30; acq_attempt_delay -> 1000; check_idle_resources_delay -> 0; max_resource_age -> 0; max_idle_time -> 0; excess_max_idle_time -> 0; destroy_unreturned_resc_time -> 0; expiration_enforcement_delay -> 0; break_on_acquisition_failure -> false; debug_store_checkout_exceptions -> false; force_synchronous_checkins -> false]
19:51:13.725 [Test worker] DEBUG c.m.v.c.i.C3P0PooledConnectionPoolManager - Created new pool for auth, username (masked): 'null'.
19:51:13.725 [Test worker] DEBUG c.m.v.resourcepool.BasicResourcePool - acquire test -- pool size: 0; target_pool_size: 3; desired target? 1
19:51:13.725 [Test worker] DEBUG c.m.v.resourcepool.BasicResourcePool - awaitAvailable(): [unknown]
19:51:13.760 [Test worker] DEBUG c.m.v.c.m.ActiveManagementCoordinator - MBean: com.mchange.v2.c3p0:type=PooledDataSource,identityToken=1hgeqrl9qbn6pz6yfah30|1d98a334,name=1hgeqrl9qbn6pz6yfah30|1d98a334 unregistered.
19:51:13.760 [Test worker] DEBUG c.m.v.c.m.ActiveManagementCoordinator - C3P0Registry mbean unregistered.
19:51:13.760 [Resource Destroyer in BasicResourcePool.close()] DEBUG c.m.v.resourcepool.BasicResourcePool - Preparing to destroy resource: com.mchange.v2.c3p0.impl.NewPooledConnection@c5f8e07
19:51:13.760 [Resource Destroyer in BasicResourcePool.close()] DEBUG c.m.v.c.i.C3P0PooledConnectionPool - Preparing to destroy PooledConnection: com.mchange.v2.c3p0.impl.NewPooledConnection@c5f8e07
19:51:13.760 [Resource Destroyer in BasicResourcePool.close()] DEBUG c.m.v.c.i.C3P0PooledConnectionPool - Successfully destroyed PooledConnection: com.mchange.v2.c3p0.impl.NewPooledConnection@c5f8e07
19:51:13.760 [Resource Destroyer in BasicResourcePool.close()] DEBUG c.m.v.resourcepool.BasicResourcePool - Successfully destroyed resource: com.mchange.v2.c3p0.impl.NewPooledConnection@c5f8e07
19:51:13.760 [Resource Destroyer in BasicResourcePool.close()] DEBUG c.m.v.resourcepool.BasicResourcePool - Preparing to destroy resource: com.mchange.v2.c3p0.impl.NewPooledConnection@647c0112
19:51:13.760 [Resource Destroyer in BasicResourcePool.close()] DEBUG c.m.v.c.i.C3P0PooledConnectionPool - Preparing to destroy PooledConnection: com.mchange.v2.c3p0.impl.NewPooledConnection@647c0112
19:51:13.760 [Resource Destroyer in BasicResourcePool.close()] DEBUG c.m.v.c.i.C3P0PooledConnectionPool - Successfully destroyed PooledConnection: com.mchange.v2.c3p0.impl.NewPooledConnection@647c0112
19:51:13.760 [Resource Destroyer in BasicResourcePool.close()] DEBUG c.m.v.resourcepool.BasicResourcePool - Successfully destroyed resource: com.mchange.v2.c3p0.impl.NewPooledConnection@647c0112
19:51:13.760 [Resource Destroyer in BasicResourcePool.close()] DEBUG c.m.v.resourcepool.BasicResourcePool - Preparing to destroy resource: com.mchange.v2.c3p0.impl.NewPooledConnection@3c2c38f3
19:51:13.760 [Resource Destroyer in BasicResourcePool.close()] DEBUG c.m.v.c.i.C3P0PooledConnectionPool - Preparing to destroy PooledConnection: com.mchange.v2.c3p0.impl.NewPooledConnection@3c2c38f3
19:51:13.760 [Resource Destroyer in BasicResourcePool.close()] DEBUG c.m.v.c.i.C3P0PooledConnectionPool - Successfully destroyed PooledConnection: com.mchange.v2.c3p0.impl.NewPooledConnection@3c2c38f3
19:51:13.760 [Resource Destroyer in BasicResourcePool.close()] DEBUG c.m.v.resourcepool.BasicResourcePool - Successfully destroyed resource: com.mchange.v2.c3p0.impl.NewPooledConnection@3c2c38f3


================================================================================
 TEST SUCCEEDED                                                                 
--------------------------------------------------------------------------------
    Test class:  GetCommitsBeforeAfterAroundTest
    Test method: commitsAroundWorksIfNotEnoughElementsArePresentAfter[Using jdbc]
    End time:    2017/08/28 19:51:13 (Duration: 35ms)
================================================================================





================================================================================
 TEST START                                                                     
--------------------------------------------------------------------------------
    Test class:  GetCommitsBeforeAfterAroundTest
    Test method: commitsAfterWorksIfThereAreExactlyEnoughCommits[Using jdbc]
    Start time:  2017/08/28 19:51:13
================================================================================



19:51:13.760 [Test worker] DEBUG c.m.v.c.m.DynamicPooledDataSourceManagerMBean - MBean: com.mchange.v2.c3p0:type=PooledDataSource,identityToken=1hgeqrl9qbn6pz6yfah30|3080bd68,name=1hgeqrl9qbn6pz6yfah30|3080bd68 registered.
19:51:13.760 [Test worker] DEBUG c.m.v.c.m.DynamicPooledDataSourceManagerMBean - MBean: com.mchange.v2.c3p0:type=PooledDataSource,identityToken=1hgeqrl9qbn6pz6yfah30|3080bd68,name=1hgeqrl9qbn6pz6yfah30|3080bd68 unregistered, in order to be reregistered after update.
19:51:13.760 [Test worker] DEBUG c.m.v.c.m.DynamicPooledDataSourceManagerMBean - MBean: com.mchange.v2.c3p0:type=PooledDataSource,identityToken=1hgeqrl9qbn6pz6yfah30|3080bd68,name=1hgeqrl9qbn6pz6yfah30|3080bd68 registered.
19:51:13.760 [Test worker] INFO  c.m.v.c.i.AbstractPoolBackedDataSource - Initializing c3p0 pool... com.mchange.v2.c3p0.PoolBackedDataSource@afe2138b [ connectionPoolDataSource -> com.mchange.v2.c3p0.WrapperConnectionPoolDataSource@93e9247e [ acquireIncrement -> 3, acquireRetryAttempts -> 30, acquireRetryDelay -> 1000, autoCommitOnClose -> false, automaticTestTable -> null, breakAfterAcquireFailure -> false, checkoutTimeout -> 0, connectionCustomizerClassName -> null, connectionTesterClassName -> com.mchange.v2.c3p0.impl.DefaultConnectionTester, contextClassLoaderSource -> caller, debugUnreturnedConnectionStackTraces -> false, factoryClassLocation -> null, forceIgnoreUnresolvedTransactions -> false, forceSynchronousCheckins -> false, identityToken -> 1hgeqrl9qbn6pz6yfah30|13e6366f, idleConnectionTestPeriod -> 0, initialPoolSize -> 3, maxAdministrativeTaskTime -> 0, maxConnectionAge -> 0, maxIdleTime -> 0, maxIdleTimeExcessConnections -> 0, maxPoolSize -> 15, maxStatements -> 0, maxStatementsPerConnection -> 0, minPoolSize -> 3, nestedDataSource -> com.mchange.v2.c3p0.DriverManagerDataSource@bc9608c8 [ description -> null, driverClass -> null, factoryClassLocation -> null, forceUseNamedDriverClass -> false, identityToken -> 1hgeqrl9qbn6pz6yfah30|6d675c76, jdbcUrl -> jdbc:h2:mem:09cdc715800e4880b863916ee1b97125, properties -> {} ], preferredTestQuery -> null, privilegeSpawnedThreads -> false, propertyCycle -> 0, statementCacheNumDeferredCloseThreads -> 0, testConnectionOnCheckin -> false, testConnectionOnCheckout -> false, unreturnedConnectionTimeout -> 0, usesTraditionalReflectiveProxies -> false; userOverrides: {} ], dataSourceName -> null, extensions -> {}, factoryClassLocation -> null, identityToken -> 1hgeqrl9qbn6pz6yfah30|3080bd68, numHelperThreads -> 3 ]
19:51:13.760 [Test worker] DEBUG c.m.v.resourcepool.BasicResourcePool - com.mchange.v2.resourcepool.BasicResourcePool@5c1bc46a config: [start -> 3; min -> 3; max -> 15; inc -> 3; num_acq_attempts -> 30; acq_attempt_delay -> 1000; check_idle_resources_delay -> 0; max_resource_age -> 0; max_idle_time -> 0; excess_max_idle_time -> 0; destroy_unreturned_resc_time -> 0; expiration_enforcement_delay -> 0; break_on_acquisition_failure -> false; debug_store_checkout_exceptions -> false; force_synchronous_checkins -> false]
19:51:13.760 [Test worker] DEBUG c.m.v.c.i.C3P0PooledConnectionPoolManager - Created new pool for auth, username (masked): 'null'.
19:51:13.760 [Test worker] DEBUG c.m.v.resourcepool.BasicResourcePool - acquire test -- pool size: 0; target_pool_size: 3; desired target? 1
19:51:13.760 [Test worker] DEBUG c.m.v.resourcepool.BasicResourcePool - awaitAvailable(): [unknown]
19:51:13.792 [Test worker] DEBUG c.m.v.c.m.ActiveManagementCoordinator - MBean: com.mchange.v2.c3p0:type=PooledDataSource,identityToken=1hgeqrl9qbn6pz6yfah30|3080bd68,name=1hgeqrl9qbn6pz6yfah30|3080bd68 unregistered.
19:51:13.792 [Test worker] DEBUG c.m.v.c.m.ActiveManagementCoordinator - C3P0Registry mbean unregistered.
19:51:13.792 [Resource Destroyer in BasicResourcePool.close()] DEBUG c.m.v.resourcepool.BasicResourcePool - Preparing to destroy resource: com.mchange.v2.c3p0.impl.NewPooledConnection@38db4b70
19:51:13.792 [Resource Destroyer in BasicResourcePool.close()] DEBUG c.m.v.c.i.C3P0PooledConnectionPool - Preparing to destroy PooledConnection: com.mchange.v2.c3p0.impl.NewPooledConnection@38db4b70
19:51:13.792 [Resource Destroyer in BasicResourcePool.close()] DEBUG c.m.v.c.i.C3P0PooledConnectionPool - Successfully destroyed PooledConnection: com.mchange.v2.c3p0.impl.NewPooledConnection@38db4b70
19:51:13.792 [Resource Destroyer in BasicResourcePool.close()] DEBUG c.m.v.resourcepool.BasicResourcePool - Successfully destroyed resource: com.mchange.v2.c3p0.impl.NewPooledConnection@38db4b70
19:51:13.792 [Resource Destroyer in BasicResourcePool.close()] DEBUG c.m.v.resourcepool.BasicResourcePool - Preparing to destroy resource: com.mchange.v2.c3p0.impl.NewPooledConnection@369a6894
19:51:13.792 [Resource Destroyer in BasicResourcePool.close()] DEBUG c.m.v.c.i.C3P0PooledConnectionPool - Preparing to destroy PooledConnection: com.mchange.v2.c3p0.impl.NewPooledConnection@369a6894
19:51:13.792 [Resource Destroyer in BasicResourcePool.close()] DEBUG c.m.v.c.i.C3P0PooledConnectionPool - Successfully destroyed PooledConnection: com.mchange.v2.c3p0.impl.NewPooledConnection@369a6894
19:51:13.792 [Resource Destroyer in BasicResourcePool.close()] DEBUG c.m.v.resourcepool.BasicResourcePool - Successfully destroyed resource: com.mchange.v2.c3p0.impl.NewPooledConnection@369a6894
19:51:13.792 [Resource Destroyer in BasicResourcePool.close()] DEBUG c.m.v.resourcepool.BasicResourcePool - Preparing to destroy resource: com.mchange.v2.c3p0.impl.NewPooledConnection@28e81f96
19:51:13.792 [Resource Destroyer in BasicResourcePool.close()] DEBUG c.m.v.c.i.C3P0PooledConnectionPool - Preparing to destroy PooledConnection: com.mchange.v2.c3p0.impl.NewPooledConnection@28e81f96
19:51:13.792 [Resource Destroyer in BasicResourcePool.close()] DEBUG c.m.v.c.i.C3P0PooledConnectionPool - Successfully destroyed PooledConnection: com.mchange.v2.c3p0.impl.NewPooledConnection@28e81f96
19:51:13.792 [Resource Destroyer in BasicResourcePool.close()] DEBUG c.m.v.resourcepool.BasicResourcePool - Successfully destroyed resource: com.mchange.v2.c3p0.impl.NewPooledConnection@28e81f96


================================================================================
 TEST SUCCEEDED                                                                 
--------------------------------------------------------------------------------
    Test class:  GetCommitsBeforeAfterAroundTest
    Test method: commitsAfterWorksIfThereAreExactlyEnoughCommits[Using jdbc]
    End time:    2017/08/28 19:51:13 (Duration: 32ms)
================================================================================





================================================================================
 TEST START                                                                     
--------------------------------------------------------------------------------
    Test class:  GetCommitsBeforeAfterAroundTest
    Test method: commitTimestampsBeforeWorksIfThereAreNotEnoughCommits[Using jdbc]
    Start time:  2017/08/28 19:51:13
================================================================================



19:51:13.792 [Test worker] DEBUG c.m.v.c.m.DynamicPooledDataSourceManagerMBean - MBean: com.mchange.v2.c3p0:type=PooledDataSource,identityToken=1hgeqrl9qbn6pz6yfah30|30e9bfc2,name=1hgeqrl9qbn6pz6yfah30|30e9bfc2 registered.
19:51:13.792 [Test worker] DEBUG c.m.v.c.m.DynamicPooledDataSourceManagerMBean - MBean: com.mchange.v2.c3p0:type=PooledDataSource,identityToken=1hgeqrl9qbn6pz6yfah30|30e9bfc2,name=1hgeqrl9qbn6pz6yfah30|30e9bfc2 unregistered, in order to be reregistered after update.
19:51:13.792 [Test worker] DEBUG c.m.v.c.m.DynamicPooledDataSourceManagerMBean - MBean: com.mchange.v2.c3p0:type=PooledDataSource,identityToken=1hgeqrl9qbn6pz6yfah30|30e9bfc2,name=1hgeqrl9qbn6pz6yfah30|30e9bfc2 registered.
19:51:13.792 [Test worker] INFO  c.m.v.c.i.AbstractPoolBackedDataSource - Initializing c3p0 pool... com.mchange.v2.c3p0.PoolBackedDataSource@62991f20 [ connectionPoolDataSource -> com.mchange.v2.c3p0.WrapperConnectionPoolDataSource@a7c321e6 [ acquireIncrement -> 3, acquireRetryAttempts -> 30, acquireRetryDelay -> 1000, autoCommitOnClose -> false, automaticTestTable -> null, breakAfterAcquireFailure -> false, checkoutTimeout -> 0, connectionCustomizerClassName -> null, connectionTesterClassName -> com.mchange.v2.c3p0.impl.DefaultConnectionTester, contextClassLoaderSource -> caller, debugUnreturnedConnectionStackTraces -> false, factoryClassLocation -> null, forceIgnoreUnresolvedTransactions -> false, forceSynchronousCheckins -> false, identityToken -> 1hgeqrl9qbn6pz6yfah30|3dc17ac8, idleConnectionTestPeriod -> 0, initialPoolSize -> 3, maxAdministrativeTaskTime -> 0, maxConnectionAge -> 0, maxIdleTime -> 0, maxIdleTimeExcessConnections -> 0, maxPoolSize -> 15, maxStatements -> 0, maxStatementsPerConnection -> 0, minPoolSize -> 3, nestedDataSource -> com.mchange.v2.c3p0.DriverManagerDataSource@3b35937f [ description -> null, driverClass -> null, factoryClassLocation -> null, forceUseNamedDriverClass -> false, identityToken -> 1hgeqrl9qbn6pz6yfah30|5d22c29, jdbcUrl -> jdbc:h2:mem:7db00239cf9f425f9045f674d43957f2, properties -> {} ], preferredTestQuery -> null, privilegeSpawnedThreads -> false, propertyCycle -> 0, statementCacheNumDeferredCloseThreads -> 0, testConnectionOnCheckin -> false, testConnectionOnCheckout -> false, unreturnedConnectionTimeout -> 0, usesTraditionalReflectiveProxies -> false; userOverrides: {} ], dataSourceName -> null, extensions -> {}, factoryClassLocation -> null, identityToken -> 1hgeqrl9qbn6pz6yfah30|30e9bfc2, numHelperThreads -> 3 ]
19:51:13.792 [Test worker] DEBUG c.m.v.resourcepool.BasicResourcePool - com.mchange.v2.resourcepool.BasicResourcePool@74242d93 config: [start -> 3; min -> 3; max -> 15; inc -> 3; num_acq_attempts -> 30; acq_attempt_delay -> 1000; check_idle_resources_delay -> 0; max_resource_age -> 0; max_idle_time -> 0; excess_max_idle_time -> 0; destroy_unreturned_resc_time -> 0; expiration_enforcement_delay -> 0; break_on_acquisition_failure -> false; debug_store_checkout_exceptions -> false; force_synchronous_checkins -> false]
19:51:13.792 [Test worker] DEBUG c.m.v.c.i.C3P0PooledConnectionPoolManager - Created new pool for auth, username (masked): 'null'.
19:51:13.792 [Test worker] DEBUG c.m.v.resourcepool.BasicResourcePool - acquire test -- pool size: 0; target_pool_size: 3; desired target? 1
19:51:13.792 [Test worker] DEBUG c.m.v.resourcepool.BasicResourcePool - awaitAvailable(): [unknown]
19:51:13.822 [Test worker] DEBUG c.m.v.c.m.ActiveManagementCoordinator - MBean: com.mchange.v2.c3p0:type=PooledDataSource,identityToken=1hgeqrl9qbn6pz6yfah30|30e9bfc2,name=1hgeqrl9qbn6pz6yfah30|30e9bfc2 unregistered.
19:51:13.822 [Test worker] DEBUG c.m.v.c.m.ActiveManagementCoordinator - C3P0Registry mbean unregistered.
19:51:13.822 [Resource Destroyer in BasicResourcePool.close()] DEBUG c.m.v.resourcepool.BasicResourcePool - Preparing to destroy resource: com.mchange.v2.c3p0.impl.NewPooledConnection@4ff54986
19:51:13.822 [Resource Destroyer in BasicResourcePool.close()] DEBUG c.m.v.c.i.C3P0PooledConnectionPool - Preparing to destroy PooledConnection: com.mchange.v2.c3p0.impl.NewPooledConnection@4ff54986
19:51:13.822 [Resource Destroyer in BasicResourcePool.close()] DEBUG c.m.v.c.i.C3P0PooledConnectionPool - Successfully destroyed PooledConnection: com.mchange.v2.c3p0.impl.NewPooledConnection@4ff54986
19:51:13.822 [Resource Destroyer in BasicResourcePool.close()] DEBUG c.m.v.resourcepool.BasicResourcePool - Successfully destroyed resource: com.mchange.v2.c3p0.impl.NewPooledConnection@4ff54986
19:51:13.822 [Resource Destroyer in BasicResourcePool.close()] DEBUG c.m.v.resourcepool.BasicResourcePool - Preparing to destroy resource: com.mchange.v2.c3p0.impl.NewPooledConnection@6c6f8a8b
19:51:13.822 [Resource Destroyer in BasicResourcePool.close()] DEBUG c.m.v.c.i.C3P0PooledConnectionPool - Preparing to destroy PooledConnection: com.mchange.v2.c3p0.impl.NewPooledConnection@6c6f8a8b
19:51:13.822 [Resource Destroyer in BasicResourcePool.close()] DEBUG c.m.v.c.i.C3P0PooledConnectionPool - Successfully destroyed PooledConnection: com.mchange.v2.c3p0.impl.NewPooledConnection@6c6f8a8b
19:51:13.822 [Resource Destroyer in BasicResourcePool.close()] DEBUG c.m.v.resourcepool.BasicResourcePool - Successfully destroyed resource: com.mchange.v2.c3p0.impl.NewPooledConnection@6c6f8a8b
19:51:13.822 [Resource Destroyer in BasicResourcePool.close()] DEBUG c.m.v.resourcepool.BasicResourcePool - Preparing to destroy resource: com.mchange.v2.c3p0.impl.NewPooledConnection@205abf06
19:51:13.822 [Resource Destroyer in BasicResourcePool.close()] DEBUG c.m.v.c.i.C3P0PooledConnectionPool - Preparing to destroy PooledConnection: com.mchange.v2.c3p0.impl.NewPooledConnection@205abf06
19:51:13.822 [Resource Destroyer in BasicResourcePool.close()] DEBUG c.m.v.c.i.C3P0PooledConnectionPool - Successfully destroyed PooledConnection: com.mchange.v2.c3p0.impl.NewPooledConnection@205abf06
19:51:13.822 [Resource Destroyer in BasicResourcePool.close()] DEBUG c.m.v.resourcepool.BasicResourcePool - Successfully destroyed resource: com.mchange.v2.c3p0.impl.NewPooledConnection@205abf06


================================================================================
 TEST SUCCEEDED                                                                 
--------------------------------------------------------------------------------
    Test class:  GetCommitsBeforeAfterAroundTest
    Test method: commitTimestampsBeforeWorksIfThereAreNotEnoughCommits[Using jdbc]
    End time:    2017/08/28 19:51:13 (Duration: 30ms)
================================================================================





================================================================================
 TEST START                                                                     
--------------------------------------------------------------------------------
    Test class:  GetCommitsBeforeAfterAroundTest
    Test method: commitTimestampsAroundWorksIfTimestampIsNotExactlyMatchingACommit[Using jdbc]
    Start time:  2017/08/28 19:51:13
================================================================================



19:51:13.822 [Test worker] DEBUG c.m.v.c.m.DynamicPooledDataSourceManagerMBean - MBean: com.mchange.v2.c3p0:type=PooledDataSource,identityToken=1hgeqrl9qbn6pz6yfah30|318c5574,name=1hgeqrl9qbn6pz6yfah30|318c5574 registered.
19:51:13.822 [Test worker] DEBUG c.m.v.c.m.DynamicPooledDataSourceManagerMBean - MBean: com.mchange.v2.c3p0:type=PooledDataSource,identityToken=1hgeqrl9qbn6pz6yfah30|318c5574,name=1hgeqrl9qbn6pz6yfah30|318c5574 unregistered, in order to be reregistered after update.
19:51:13.822 [Test worker] DEBUG c.m.v.c.m.DynamicPooledDataSourceManagerMBean - MBean: com.mchange.v2.c3p0:type=PooledDataSource,identityToken=1hgeqrl9qbn6pz6yfah30|318c5574,name=1hgeqrl9qbn6pz6yfah30|318c5574 registered.
19:51:13.822 [Test worker] INFO  c.m.v.c.i.AbstractPoolBackedDataSource - Initializing c3p0 pool... com.mchange.v2.c3p0.PoolBackedDataSource@78424e9e [ connectionPoolDataSource -> com.mchange.v2.c3p0.WrapperConnectionPoolDataSource@89003460 [ acquireIncrement -> 3, acquireRetryAttempts -> 30, acquireRetryDelay -> 1000, autoCommitOnClose -> false, automaticTestTable -> null, breakAfterAcquireFailure -> false, checkoutTimeout -> 0, connectionCustomizerClassName -> null, connectionTesterClassName -> com.mchange.v2.c3p0.impl.DefaultConnectionTester, contextClassLoaderSource -> caller, debugUnreturnedConnectionStackTraces -> false, factoryClassLocation -> null, forceIgnoreUnresolvedTransactions -> false, forceSynchronousCheckins -> false, identityToken -> 1hgeqrl9qbn6pz6yfah30|55f416c4, idleConnectionTestPeriod -> 0, initialPoolSize -> 3, maxAdministrativeTaskTime -> 0, maxConnectionAge -> 0, maxIdleTime -> 0, maxIdleTimeExcessConnections -> 0, maxPoolSize -> 15, maxStatements -> 0, maxStatementsPerConnection -> 0, minPoolSize -> 3, nestedDataSource -> com.mchange.v2.c3p0.DriverManagerDataSource@7fea775e [ description -> null, driverClass -> null, factoryClassLocation -> null, forceUseNamedDriverClass -> false, identityToken -> 1hgeqrl9qbn6pz6yfah30|3604e0e9, jdbcUrl -> jdbc:h2:mem:7e376a22ac504b54887e57259a1ac470, properties -> {} ], preferredTestQuery -> null, privilegeSpawnedThreads -> false, propertyCycle -> 0, statementCacheNumDeferredCloseThreads -> 0, testConnectionOnCheckin -> false, testConnectionOnCheckout -> false, unreturnedConnectionTimeout -> 0, usesTraditionalReflectiveProxies -> false; userOverrides: {} ], dataSourceName -> null, extensions -> {}, factoryClassLocation -> null, identityToken -> 1hgeqrl9qbn6pz6yfah30|318c5574, numHelperThreads -> 3 ]
19:51:13.822 [Test worker] DEBUG c.m.v.resourcepool.BasicResourcePool - com.mchange.v2.resourcepool.BasicResourcePool@2000968 config: [start -> 3; min -> 3; max -> 15; inc -> 3; num_acq_attempts -> 30; acq_attempt_delay -> 1000; check_idle_resources_delay -> 0; max_resource_age -> 0; max_idle_time -> 0; excess_max_idle_time -> 0; destroy_unreturned_resc_time -> 0; expiration_enforcement_delay -> 0; break_on_acquisition_failure -> false; debug_store_checkout_exceptions -> false; force_synchronous_checkins -> false]
19:51:13.822 [Test worker] DEBUG c.m.v.c.i.C3P0PooledConnectionPoolManager - Created new pool for auth, username (masked): 'null'.
19:51:13.822 [Test worker] DEBUG c.m.v.resourcepool.BasicResourcePool - acquire test -- pool size: 0; target_pool_size: 3; desired target? 1
19:51:13.822 [Test worker] DEBUG c.m.v.resourcepool.BasicResourcePool - awaitAvailable(): [unknown]
19:51:13.911 [Test worker] DEBUG c.m.v.c.m.ActiveManagementCoordinator - MBean: com.mchange.v2.c3p0:type=PooledDataSource,identityToken=1hgeqrl9qbn6pz6yfah30|318c5574,name=1hgeqrl9qbn6pz6yfah30|318c5574 unregistered.
19:51:13.911 [Test worker] DEBUG c.m.v.c.m.ActiveManagementCoordinator - C3P0Registry mbean unregistered.
19:51:13.911 [Resource Destroyer in BasicResourcePool.close()] DEBUG c.m.v.resourcepool.BasicResourcePool - Preparing to destroy resource: com.mchange.v2.c3p0.impl.NewPooledConnection@366f8ede
19:51:13.911 [Resource Destroyer in BasicResourcePool.close()] DEBUG c.m.v.c.i.C3P0PooledConnectionPool - Preparing to destroy PooledConnection: com.mchange.v2.c3p0.impl.NewPooledConnection@366f8ede
19:51:13.911 [Resource Destroyer in BasicResourcePool.close()] DEBUG c.m.v.c.i.C3P0PooledConnectionPool - Successfully destroyed PooledConnection: com.mchange.v2.c3p0.impl.NewPooledConnection@366f8ede
19:51:13.911 [Resource Destroyer in BasicResourcePool.close()] DEBUG c.m.v.resourcepool.BasicResourcePool - Successfully destroyed resource: com.mchange.v2.c3p0.impl.NewPooledConnection@366f8ede
19:51:13.911 [Resource Destroyer in BasicResourcePool.close()] DEBUG c.m.v.resourcepool.BasicResourcePool - Preparing to destroy resource: com.mchange.v2.c3p0.impl.NewPooledConnection@1243a0d9
19:51:13.911 [Resource Destroyer in BasicResourcePool.close()] DEBUG c.m.v.c.i.C3P0PooledConnectionPool - Preparing to destroy PooledConnection: com.mchange.v2.c3p0.impl.NewPooledConnection@1243a0d9
19:51:13.911 [Resource Destroyer in BasicResourcePool.close()] DEBUG c.m.v.c.i.C3P0PooledConnectionPool - Successfully destroyed PooledConnection: com.mchange.v2.c3p0.impl.NewPooledConnection@1243a0d9
19:51:13.911 [Resource Destroyer in BasicResourcePool.close()] DEBUG c.m.v.resourcepool.BasicResourcePool - Successfully destroyed resource: com.mchange.v2.c3p0.impl.NewPooledConnection@1243a0d9
19:51:13.911 [Resource Destroyer in BasicResourcePool.close()] DEBUG c.m.v.resourcepool.BasicResourcePool - Preparing to destroy resource: com.mchange.v2.c3p0.impl.NewPooledConnection@181b6286
19:51:13.911 [Resource Destroyer in BasicResourcePool.close()] DEBUG c.m.v.c.i.C3P0PooledConnectionPool - Preparing to destroy PooledConnection: com.mchange.v2.c3p0.impl.NewPooledConnection@181b6286
19:51:13.911 [Resource Destroyer in BasicResourcePool.close()] DEBUG c.m.v.c.i.C3P0PooledConnectionPool - Successfully destroyed PooledConnection: com.mchange.v2.c3p0.impl.NewPooledConnection@181b6286
19:51:13.911 [Resource Destroyer in BasicResourcePool.close()] DEBUG c.m.v.resourcepool.BasicResourcePool - Successfully destroyed resource: com.mchange.v2.c3p0.impl.NewPooledConnection@181b6286


================================================================================
 TEST SUCCEEDED                                                                 
--------------------------------------------------------------------------------
    Test class:  GetCommitsBeforeAfterAroundTest
    Test method: commitTimestampsAroundWorksIfTimestampIsNotExactlyMatchingACommit[Using jdbc]
    End time:    2017/08/28 19:51:13 (Duration: 90ms)
================================================================================





================================================================================
 TEST START                                                                     
--------------------------------------------------------------------------------
    Test class:  GetCommitsBeforeAfterAroundTest
    Test method: commitsBeforeWorksIfThereAreTooManyCommits[Using jdbc]
    Start time:  2017/08/28 19:51:13
================================================================================



19:51:13.916 [Test worker] DEBUG c.m.v.c.m.DynamicPooledDataSourceManagerMBean - MBean: com.mchange.v2.c3p0:type=PooledDataSource,identityToken=1hgeqrl9qbn6pz6yfah30|a6d10b0,name=1hgeqrl9qbn6pz6yfah30|a6d10b0 registered.
19:51:13.923 [Test worker] DEBUG c.m.v.c.m.DynamicPooledDataSourceManagerMBean - MBean: com.mchange.v2.c3p0:type=PooledDataSource,identityToken=1hgeqrl9qbn6pz6yfah30|a6d10b0,name=1hgeqrl9qbn6pz6yfah30|a6d10b0 unregistered, in order to be reregistered after update.
19:51:13.923 [Test worker] DEBUG c.m.v.c.m.DynamicPooledDataSourceManagerMBean - MBean: com.mchange.v2.c3p0:type=PooledDataSource,identityToken=1hgeqrl9qbn6pz6yfah30|a6d10b0,name=1hgeqrl9qbn6pz6yfah30|a6d10b0 registered.
19:51:13.924 [Test worker] INFO  c.m.v.c.i.AbstractPoolBackedDataSource - Initializing c3p0 pool... com.mchange.v2.c3p0.PoolBackedDataSource@6f62e7be [ connectionPoolDataSource -> com.mchange.v2.c3p0.WrapperConnectionPoolDataSource@16e7d466 [ acquireIncrement -> 3, acquireRetryAttempts -> 30, acquireRetryDelay -> 1000, autoCommitOnClose -> false, automaticTestTable -> null, breakAfterAcquireFailure -> false, checkoutTimeout -> 0, connectionCustomizerClassName -> null, connectionTesterClassName -> com.mchange.v2.c3p0.impl.DefaultConnectionTester, contextClassLoaderSource -> caller, debugUnreturnedConnectionStackTraces -> false, factoryClassLocation -> null, forceIgnoreUnresolvedTransactions -> false, forceSynchronousCheckins -> false, identityToken -> 1hgeqrl9qbn6pz6yfah30|333cf389, idleConnectionTestPeriod -> 0, initialPoolSize -> 3, maxAdministrativeTaskTime -> 0, maxConnectionAge -> 0, maxIdleTime -> 0, maxIdleTimeExcessConnections -> 0, maxPoolSize -> 15, maxStatements -> 0, maxStatementsPerConnection -> 0, minPoolSize -> 3, nestedDataSource -> com.mchange.v2.c3p0.DriverManagerDataSource@afe28dc [ description -> null, driverClass -> null, factoryClassLocation -> null, forceUseNamedDriverClass -> false, identityToken -> 1hgeqrl9qbn6pz6yfah30|67531505, jdbcUrl -> jdbc:h2:mem:60b14254072348feadfa470c62bd11b8, properties -> {} ], preferredTestQuery -> null, privilegeSpawnedThreads -> false, propertyCycle -> 0, statementCacheNumDeferredCloseThreads -> 0, testConnectionOnCheckin -> false, testConnectionOnCheckout -> false, unreturnedConnectionTimeout -> 0, usesTraditionalReflectiveProxies -> false; userOverrides: {} ], dataSourceName -> null, extensions -> {}, factoryClassLocation -> null, identityToken -> 1hgeqrl9qbn6pz6yfah30|a6d10b0, numHelperThreads -> 3 ]
19:51:13.924 [Test worker] DEBUG c.m.v.resourcepool.BasicResourcePool - com.mchange.v2.resourcepool.BasicResourcePool@18ef1df4 config: [start -> 3; min -> 3; max -> 15; inc -> 3; num_acq_attempts -> 30; acq_attempt_delay -> 1000; check_idle_resources_delay -> 0; max_resource_age -> 0; max_idle_time -> 0; excess_max_idle_time -> 0; destroy_unreturned_resc_time -> 0; expiration_enforcement_delay -> 0; break_on_acquisition_failure -> false; debug_store_checkout_exceptions -> false; force_synchronous_checkins -> false]
19:51:13.924 [Test worker] DEBUG c.m.v.c.i.C3P0PooledConnectionPoolManager - Created new pool for auth, username (masked): 'null'.
19:51:13.924 [Test worker] DEBUG c.m.v.resourcepool.BasicResourcePool - acquire test -- pool size: 0; target_pool_size: 3; desired target? 1
19:51:13.924 [Test worker] DEBUG c.m.v.resourcepool.BasicResourcePool - awaitAvailable(): [unknown]
19:51:13.941 [Test worker] DEBUG c.m.v.c.m.ActiveManagementCoordinator - MBean: com.mchange.v2.c3p0:type=PooledDataSource,identityToken=1hgeqrl9qbn6pz6yfah30|a6d10b0,name=1hgeqrl9qbn6pz6yfah30|a6d10b0 unregistered.
19:51:13.941 [Test worker] DEBUG c.m.v.c.m.ActiveManagementCoordinator - C3P0Registry mbean unregistered.
19:51:13.941 [Resource Destroyer in BasicResourcePool.close()] DEBUG c.m.v.resourcepool.BasicResourcePool - Preparing to destroy resource: com.mchange.v2.c3p0.impl.NewPooledConnection@20619afb
19:51:13.941 [Resource Destroyer in BasicResourcePool.close()] DEBUG c.m.v.c.i.C3P0PooledConnectionPool - Preparing to destroy PooledConnection: com.mchange.v2.c3p0.impl.NewPooledConnection@20619afb
19:51:13.941 [Resource Destroyer in BasicResourcePool.close()] DEBUG c.m.v.c.i.C3P0PooledConnectionPool - Successfully destroyed PooledConnection: com.mchange.v2.c3p0.impl.NewPooledConnection@20619afb
19:51:13.941 [Resource Destroyer in BasicResourcePool.close()] DEBUG c.m.v.resourcepool.BasicResourcePool - Successfully destroyed resource: com.mchange.v2.c3p0.impl.NewPooledConnection@20619afb
19:51:13.941 [Resource Destroyer in BasicResourcePool.close()] DEBUG c.m.v.resourcepool.BasicResourcePool - Preparing to destroy resource: com.mchange.v2.c3p0.impl.NewPooledConnection@3efab65f
19:51:13.941 [Resource Destroyer in BasicResourcePool.close()] DEBUG c.m.v.c.i.C3P0PooledConnectionPool - Preparing to destroy PooledConnection: com.mchange.v2.c3p0.impl.NewPooledConnection@3efab65f
19:51:13.941 [Resource Destroyer in BasicResourcePool.close()] DEBUG c.m.v.c.i.C3P0PooledConnectionPool - Successfully destroyed PooledConnection: com.mchange.v2.c3p0.impl.NewPooledConnection@3efab65f
19:51:13.941 [Resource Destroyer in BasicResourcePool.close()] DEBUG c.m.v.resourcepool.BasicResourcePool - Successfully destroyed resource: com.mchange.v2.c3p0.impl.NewPooledConnection@3efab65f
19:51:13.941 [Resource Destroyer in BasicResourcePool.close()] DEBUG c.m.v.resourcepool.BasicResourcePool - Preparing to destroy resource: com.mchange.v2.c3p0.impl.NewPooledConnection@44d7e409
19:51:13.941 [Resource Destroyer in BasicResourcePool.close()] DEBUG c.m.v.c.i.C3P0PooledConnectionPool - Preparing to destroy PooledConnection: com.mchange.v2.c3p0.impl.NewPooledConnection@44d7e409
19:51:13.941 [Resource Destroyer in BasicResourcePool.close()] DEBUG c.m.v.c.i.C3P0PooledConnectionPool - Successfully destroyed PooledConnection: com.mchange.v2.c3p0.impl.NewPooledConnection@44d7e409
19:51:13.941 [Resource Destroyer in BasicResourcePool.close()] DEBUG c.m.v.resourcepool.BasicResourcePool - Successfully destroyed resource: com.mchange.v2.c3p0.impl.NewPooledConnection@44d7e409


================================================================================
 TEST SUCCEEDED                                                                 
--------------------------------------------------------------------------------
    Test class:  GetCommitsBeforeAfterAroundTest
    Test method: commitsBeforeWorksIfThereAreTooManyCommits[Using jdbc]
    End time:    2017/08/28 19:51:13 (Duration: 30ms)
================================================================================





================================================================================
 TEST START                                                                     
--------------------------------------------------------------------------------
    Test class:  GetCommitsBeforeAfterAroundTest
    Test method: commitsAroundWorksIfExactlyEnoughElementsArePresentOnBothSides[Using jdbc]
    Start time:  2017/08/28 19:51:13
================================================================================



19:51:13.948 [Test worker] DEBUG c.m.v.c.m.DynamicPooledDataSourceManagerMBean - MBean: com.mchange.v2.c3p0:type=PooledDataSource,identityToken=1hgeqrl9qbn6pz6yfah30|3b38db3c,name=1hgeqrl9qbn6pz6yfah30|3b38db3c registered.
19:51:13.955 [Test worker] DEBUG c.m.v.c.m.DynamicPooledDataSourceManagerMBean - MBean: com.mchange.v2.c3p0:type=PooledDataSource,identityToken=1hgeqrl9qbn6pz6yfah30|3b38db3c,name=1hgeqrl9qbn6pz6yfah30|3b38db3c unregistered, in order to be reregistered after update.
19:51:13.955 [Test worker] DEBUG c.m.v.c.m.DynamicPooledDataSourceManagerMBean - MBean: com.mchange.v2.c3p0:type=PooledDataSource,identityToken=1hgeqrl9qbn6pz6yfah30|3b38db3c,name=1hgeqrl9qbn6pz6yfah30|3b38db3c registered.
19:51:13.956 [Test worker] INFO  c.m.v.c.i.AbstractPoolBackedDataSource - Initializing c3p0 pool... com.mchange.v2.c3p0.PoolBackedDataSource@63011ee2 [ connectionPoolDataSource -> com.mchange.v2.c3p0.WrapperConnectionPoolDataSource@bce85a39 [ acquireIncrement -> 3, acquireRetryAttempts -> 30, acquireRetryDelay -> 1000, autoCommitOnClose -> false, automaticTestTable -> null, breakAfterAcquireFailure -> false, checkoutTimeout -> 0, connectionCustomizerClassName -> null, connectionTesterClassName -> com.mchange.v2.c3p0.impl.DefaultConnectionTester, contextClassLoaderSource -> caller, debugUnreturnedConnectionStackTraces -> false, factoryClassLocation -> null, forceIgnoreUnresolvedTransactions -> false, forceSynchronousCheckins -> false, identityToken -> 1hgeqrl9qbn6pz6yfah30|54ee2619, idleConnectionTestPeriod -> 0, initialPoolSize -> 3, maxAdministrativeTaskTime -> 0, maxConnectionAge -> 0, maxIdleTime -> 0, maxIdleTimeExcessConnections -> 0, maxPoolSize -> 15, maxStatements -> 0, maxStatementsPerConnection -> 0, minPoolSize -> 3, nestedDataSource -> com.mchange.v2.c3p0.DriverManagerDataSource@78ee111e [ description -> null, driverClass -> null, factoryClassLocation -> null, forceUseNamedDriverClass -> false, identityToken -> 1hgeqrl9qbn6pz6yfah30|732fe968, jdbcUrl -> jdbc:h2:mem:5b1faa221cb0498f86cd09987d57487d, properties -> {} ], preferredTestQuery -> null, privilegeSpawnedThreads -> false, propertyCycle -> 0, statementCacheNumDeferredCloseThreads -> 0, testConnectionOnCheckin -> false, testConnectionOnCheckout -> false, unreturnedConnectionTimeout -> 0, usesTraditionalReflectiveProxies -> false; userOverrides: {} ], dataSourceName -> null, extensions -> {}, factoryClassLocation -> null, identityToken -> 1hgeqrl9qbn6pz6yfah30|3b38db3c, numHelperThreads -> 3 ]
19:51:13.956 [Test worker] DEBUG c.m.v.resourcepool.BasicResourcePool - com.mchange.v2.resourcepool.BasicResourcePool@3b3bba12 config: [start -> 3; min -> 3; max -> 15; inc -> 3; num_acq_attempts -> 30; acq_attempt_delay -> 1000; check_idle_resources_delay -> 0; max_resource_age -> 0; max_idle_time -> 0; excess_max_idle_time -> 0; destroy_unreturned_resc_time -> 0; expiration_enforcement_delay -> 0; break_on_acquisition_failure -> false; debug_store_checkout_exceptions -> false; force_synchronous_checkins -> false]
19:51:13.956 [Test worker] DEBUG c.m.v.c.i.C3P0PooledConnectionPoolManager - Created new pool for auth, username (masked): 'null'.
19:51:13.956 [Test worker] DEBUG c.m.v.resourcepool.BasicResourcePool - acquire test -- pool size: 0; target_pool_size: 3; desired target? 1
19:51:13.956 [Test worker] DEBUG c.m.v.resourcepool.BasicResourcePool - awaitAvailable(): [unknown]
19:51:13.967 [Test worker] DEBUG c.m.v.c.m.ActiveManagementCoordinator - MBean: com.mchange.v2.c3p0:type=PooledDataSource,identityToken=1hgeqrl9qbn6pz6yfah30|3b38db3c,name=1hgeqrl9qbn6pz6yfah30|3b38db3c unregistered.
19:51:13.967 [Test worker] DEBUG c.m.v.c.m.ActiveManagementCoordinator - C3P0Registry mbean unregistered.
19:51:13.967 [Resource Destroyer in BasicResourcePool.close()] DEBUG c.m.v.resourcepool.BasicResourcePool - Preparing to destroy resource: com.mchange.v2.c3p0.impl.NewPooledConnection@42111ca0
19:51:13.967 [Resource Destroyer in BasicResourcePool.close()] DEBUG c.m.v.c.i.C3P0PooledConnectionPool - Preparing to destroy PooledConnection: com.mchange.v2.c3p0.impl.NewPooledConnection@42111ca0
19:51:13.967 [Resource Destroyer in BasicResourcePool.close()] DEBUG c.m.v.c.i.C3P0PooledConnectionPool - Successfully destroyed PooledConnection: com.mchange.v2.c3p0.impl.NewPooledConnection@42111ca0
19:51:13.967 [Resource Destroyer in BasicResourcePool.close()] DEBUG c.m.v.resourcepool.BasicResourcePool - Successfully destroyed resource: com.mchange.v2.c3p0.impl.NewPooledConnection@42111ca0
19:51:13.967 [Resource Destroyer in BasicResourcePool.close()] DEBUG c.m.v.resourcepool.BasicResourcePool - Preparing to destroy resource: com.mchange.v2.c3p0.impl.NewPooledConnection@6b6861c3
19:51:13.967 [Resource Destroyer in BasicResourcePool.close()] DEBUG c.m.v.c.i.C3P0PooledConnectionPool - Preparing to destroy PooledConnection: com.mchange.v2.c3p0.impl.NewPooledConnection@6b6861c3
19:51:13.967 [Resource Destroyer in BasicResourcePool.close()] DEBUG c.m.v.c.i.C3P0PooledConnectionPool - Successfully destroyed PooledConnection: com.mchange.v2.c3p0.impl.NewPooledConnection@6b6861c3
19:51:13.967 [Resource Destroyer in BasicResourcePool.close()] DEBUG c.m.v.resourcepool.BasicResourcePool - Successfully destroyed resource: com.mchange.v2.c3p0.impl.NewPooledConnection@6b6861c3
19:51:13.967 [Resource Destroyer in BasicResourcePool.close()] DEBUG c.m.v.resourcepool.BasicResourcePool - Preparing to destroy resource: com.mchange.v2.c3p0.impl.NewPooledConnection@4da6a9e
19:51:13.967 [Resource Destroyer in BasicResourcePool.close()] DEBUG c.m.v.c.i.C3P0PooledConnectionPool - Preparing to destroy PooledConnection: com.mchange.v2.c3p0.impl.NewPooledConnection@4da6a9e
19:51:13.967 [Resource Destroyer in BasicResourcePool.close()] DEBUG c.m.v.c.i.C3P0PooledConnectionPool - Successfully destroyed PooledConnection: com.mchange.v2.c3p0.impl.NewPooledConnection@4da6a9e
19:51:13.967 [Resource Destroyer in BasicResourcePool.close()] DEBUG c.m.v.resourcepool.BasicResourcePool - Successfully destroyed resource: com.mchange.v2.c3p0.impl.NewPooledConnection@4da6a9e


================================================================================
 TEST SUCCEEDED                                                                 
--------------------------------------------------------------------------------
    Test class:  GetCommitsBeforeAfterAroundTest
    Test method: commitsAroundWorksIfExactlyEnoughElementsArePresentOnBothSides[Using jdbc]
    End time:    2017/08/28 19:51:13 (Duration: 25ms)
================================================================================





================================================================================
 TEST START                                                                     
--------------------------------------------------------------------------------
    Test class:  GetCommitsBeforeAfterAroundTest
    Test method: commitTimestampsAfterWorksIfThereAreExactlyEnoughCommits[Using jdbc]
    Start time:  2017/08/28 19:51:13
================================================================================



19:51:13.971 [Test worker] DEBUG c.m.v.c.m.DynamicPooledDataSourceManagerMBean - MBean: com.mchange.v2.c3p0:type=PooledDataSource,identityToken=1hgeqrl9qbn6pz6yfah30|2c617eb9,name=1hgeqrl9qbn6pz6yfah30|2c617eb9 registered.
19:51:13.979 [Test worker] DEBUG c.m.v.c.m.DynamicPooledDataSourceManagerMBean - MBean: com.mchange.v2.c3p0:type=PooledDataSource,identityToken=1hgeqrl9qbn6pz6yfah30|2c617eb9,name=1hgeqrl9qbn6pz6yfah30|2c617eb9 unregistered, in order to be reregistered after update.
19:51:13.979 [Test worker] DEBUG c.m.v.c.m.DynamicPooledDataSourceManagerMBean - MBean: com.mchange.v2.c3p0:type=PooledDataSource,identityToken=1hgeqrl9qbn6pz6yfah30|2c617eb9,name=1hgeqrl9qbn6pz6yfah30|2c617eb9 registered.
19:51:13.979 [Test worker] INFO  c.m.v.c.i.AbstractPoolBackedDataSource - Initializing c3p0 pool... com.mchange.v2.c3p0.PoolBackedDataSource@91548f13 [ connectionPoolDataSource -> com.mchange.v2.c3p0.WrapperConnectionPoolDataSource@77474e4f [ acquireIncrement -> 3, acquireRetryAttempts -> 30, acquireRetryDelay -> 1000, autoCommitOnClose -> false, automaticTestTable -> null, breakAfterAcquireFailure -> false, checkoutTimeout -> 0, connectionCustomizerClassName -> null, connectionTesterClassName -> com.mchange.v2.c3p0.impl.DefaultConnectionTester, contextClassLoaderSource -> caller, debugUnreturnedConnectionStackTraces -> false, factoryClassLocation -> null, forceIgnoreUnresolvedTransactions -> false, forceSynchronousCheckins -> false, identityToken -> 1hgeqrl9qbn6pz6yfah30|733ee8c7, idleConnectionTestPeriod -> 0, initialPoolSize -> 3, maxAdministrativeTaskTime -> 0, maxConnectionAge -> 0, maxIdleTime -> 0, maxIdleTimeExcessConnections -> 0, maxPoolSize -> 15, maxStatements -> 0, maxStatementsPerConnection -> 0, minPoolSize -> 3, nestedDataSource -> com.mchange.v2.c3p0.DriverManagerDataSource@c2be4ab5 [ description -> null, driverClass -> null, factoryClassLocation -> null, forceUseNamedDriverClass -> false, identityToken -> 1hgeqrl9qbn6pz6yfah30|2b81b42f, jdbcUrl -> jdbc:h2:mem:efc486466bf3430fbad486d7911c9029, properties -> {} ], preferredTestQuery -> null, privilegeSpawnedThreads -> false, propertyCycle -> 0, statementCacheNumDeferredCloseThreads -> 0, testConnectionOnCheckin -> false, testConnectionOnCheckout -> false, unreturnedConnectionTimeout -> 0, usesTraditionalReflectiveProxies -> false; userOverrides: {} ], dataSourceName -> null, extensions -> {}, factoryClassLocation -> null, identityToken -> 1hgeqrl9qbn6pz6yfah30|2c617eb9, numHelperThreads -> 3 ]
19:51:13.979 [Test worker] DEBUG c.m.v.resourcepool.BasicResourcePool - com.mchange.v2.resourcepool.BasicResourcePool@2a76226e config: [start -> 3; min -> 3; max -> 15; inc -> 3; num_acq_attempts -> 30; acq_attempt_delay -> 1000; check_idle_resources_delay -> 0; max_resource_age -> 0; max_idle_time -> 0; excess_max_idle_time -> 0; destroy_unreturned_resc_time -> 0; expiration_enforcement_delay -> 0; break_on_acquisition_failure -> false; debug_store_checkout_exceptions -> false; force_synchronous_checkins -> false]
19:51:13.979 [Test worker] DEBUG c.m.v.c.i.C3P0PooledConnectionPoolManager - Created new pool for auth, username (masked): 'null'.
19:51:13.979 [Test worker] DEBUG c.m.v.resourcepool.BasicResourcePool - acquire test -- pool size: 0; target_pool_size: 3; desired target? 1
19:51:13.979 [Test worker] DEBUG c.m.v.resourcepool.BasicResourcePool - awaitAvailable(): [unknown]
19:51:13.992 [Test worker] DEBUG c.m.v.c.m.ActiveManagementCoordinator - MBean: com.mchange.v2.c3p0:type=PooledDataSource,identityToken=1hgeqrl9qbn6pz6yfah30|2c617eb9,name=1hgeqrl9qbn6pz6yfah30|2c617eb9 unregistered.
19:51:13.992 [Test worker] DEBUG c.m.v.c.m.ActiveManagementCoordinator - C3P0Registry mbean unregistered.
19:51:13.992 [Resource Destroyer in BasicResourcePool.close()] DEBUG c.m.v.resourcepool.BasicResourcePool - Preparing to destroy resource: com.mchange.v2.c3p0.impl.NewPooledConnection@24e7cff7
19:51:13.992 [Resource Destroyer in BasicResourcePool.close()] DEBUG c.m.v.c.i.C3P0PooledConnectionPool - Preparing to destroy PooledConnection: com.mchange.v2.c3p0.impl.NewPooledConnection@24e7cff7
19:51:13.992 [Resource Destroyer in BasicResourcePool.close()] DEBUG c.m.v.c.i.C3P0PooledConnectionPool - Successfully destroyed PooledConnection: com.mchange.v2.c3p0.impl.NewPooledConnection@24e7cff7
19:51:13.992 [Resource Destroyer in BasicResourcePool.close()] DEBUG c.m.v.resourcepool.BasicResourcePool - Successfully destroyed resource: com.mchange.v2.c3p0.impl.NewPooledConnection@24e7cff7
19:51:13.992 [Resource Destroyer in BasicResourcePool.close()] DEBUG c.m.v.resourcepool.BasicResourcePool - Preparing to destroy resource: com.mchange.v2.c3p0.impl.NewPooledConnection@26523c8a
19:51:13.992 [Resource Destroyer in BasicResourcePool.close()] DEBUG c.m.v.c.i.C3P0PooledConnectionPool - Preparing to destroy PooledConnection: com.mchange.v2.c3p0.impl.NewPooledConnection@26523c8a
19:51:13.992 [Resource Destroyer in BasicResourcePool.close()] DEBUG c.m.v.c.i.C3P0PooledConnectionPool - Successfully destroyed PooledConnection: com.mchange.v2.c3p0.impl.NewPooledConnection@26523c8a
19:51:13.992 [Resource Destroyer in BasicResourcePool.close()] DEBUG c.m.v.resourcepool.BasicResourcePool - Successfully destroyed resource: com.mchange.v2.c3p0.impl.NewPooledConnection@26523c8a
19:51:13.992 [Resource Destroyer in BasicResourcePool.close()] DEBUG c.m.v.resourcepool.BasicResourcePool - Preparing to destroy resource: com.mchange.v2.c3p0.impl.NewPooledConnection@53464530
19:51:13.992 [Resource Destroyer in BasicResourcePool.close()] DEBUG c.m.v.c.i.C3P0PooledConnectionPool - Preparing to destroy PooledConnection: com.mchange.v2.c3p0.impl.NewPooledConnection@53464530
19:51:13.992 [Resource Destroyer in BasicResourcePool.close()] DEBUG c.m.v.c.i.C3P0PooledConnectionPool - Successfully destroyed PooledConnection: com.mchange.v2.c3p0.impl.NewPooledConnection@53464530
19:51:13.992 [Resource Destroyer in BasicResourcePool.close()] DEBUG c.m.v.resourcepool.BasicResourcePool - Successfully destroyed resource: com.mchange.v2.c3p0.impl.NewPooledConnection@53464530


================================================================================
 TEST SUCCEEDED                                                                 
--------------------------------------------------------------------------------
    Test class:  GetCommitsBeforeAfterAroundTest
    Test method: commitTimestampsAfterWorksIfThereAreExactlyEnoughCommits[Using jdbc]
    End time:    2017/08/28 19:51:13 (Duration: 25ms)
================================================================================





================================================================================
 TEST START                                                                     
--------------------------------------------------------------------------------
    Test class:  GetCommitsBeforeAfterAroundTest
    Test method: commitsAfterWorksIfThereAreTooManyCommits[Using jdbc]
    Start time:  2017/08/28 19:51:13
================================================================================



19:51:13.997 [Test worker] DEBUG c.m.v.c.m.DynamicPooledDataSourceManagerMBean - MBean: com.mchange.v2.c3p0:type=PooledDataSource,identityToken=1hgeqrl9qbn6pz6yfah30|22473a89,name=1hgeqrl9qbn6pz6yfah30|22473a89 registered.
19:51:14.004 [Test worker] DEBUG c.m.v.c.m.DynamicPooledDataSourceManagerMBean - MBean: com.mchange.v2.c3p0:type=PooledDataSource,identityToken=1hgeqrl9qbn6pz6yfah30|22473a89,name=1hgeqrl9qbn6pz6yfah30|22473a89 unregistered, in order to be reregistered after update.
19:51:14.004 [Test worker] DEBUG c.m.v.c.m.DynamicPooledDataSourceManagerMBean - MBean: com.mchange.v2.c3p0:type=PooledDataSource,identityToken=1hgeqrl9qbn6pz6yfah30|22473a89,name=1hgeqrl9qbn6pz6yfah30|22473a89 registered.
19:51:14.005 [Test worker] INFO  c.m.v.c.i.AbstractPoolBackedDataSource - Initializing c3p0 pool... com.mchange.v2.c3p0.PoolBackedDataSource@b47cf052 [ connectionPoolDataSource -> com.mchange.v2.c3p0.WrapperConnectionPoolDataSource@170029b2 [ acquireIncrement -> 3, acquireRetryAttempts -> 30, acquireRetryDelay -> 1000, autoCommitOnClose -> false, automaticTestTable -> null, breakAfterAcquireFailure -> false, checkoutTimeout -> 0, connectionCustomizerClassName -> null, connectionTesterClassName -> com.mchange.v2.c3p0.impl.DefaultConnectionTester, contextClassLoaderSource -> caller, debugUnreturnedConnectionStackTraces -> false, factoryClassLocation -> null, forceIgnoreUnresolvedTransactions -> false, forceSynchronousCheckins -> false, identityToken -> 1hgeqrl9qbn6pz6yfah30|70452a8a, idleConnectionTestPeriod -> 0, initialPoolSize -> 3, maxAdministrativeTaskTime -> 0, maxConnectionAge -> 0, maxIdleTime -> 0, maxIdleTimeExcessConnections -> 0, maxPoolSize -> 15, maxStatements -> 0, maxStatementsPerConnection -> 0, minPoolSize -> 3, nestedDataSource -> com.mchange.v2.c3p0.DriverManagerDataSource@23532adf [ description -> null, driverClass -> null, factoryClassLocation -> null, forceUseNamedDriverClass -> false, identityToken -> 1hgeqrl9qbn6pz6yfah30|7e458a9f, jdbcUrl -> jdbc:h2:mem:1ed0d1092014461897d6d604cabbec13, properties -> {} ], preferredTestQuery -> null, privilegeSpawnedThreads -> false, propertyCycle -> 0, statementCacheNumDeferredCloseThreads -> 0, testConnectionOnCheckin -> false, testConnectionOnCheckout -> false, unreturnedConnectionTimeout -> 0, usesTraditionalReflectiveProxies -> false; userOverrides: {} ], dataSourceName -> null, extensions -> {}, factoryClassLocation -> null, identityToken -> 1hgeqrl9qbn6pz6yfah30|22473a89, numHelperThreads -> 3 ]
19:51:14.005 [Test worker] DEBUG c.m.v.resourcepool.BasicResourcePool - com.mchange.v2.resourcepool.BasicResourcePool@156e1eb2 config: [start -> 3; min -> 3; max -> 15; inc -> 3; num_acq_attempts -> 30; acq_attempt_delay -> 1000; check_idle_resources_delay -> 0; max_resource_age -> 0; max_idle_time -> 0; excess_max_idle_time -> 0; destroy_unreturned_resc_time -> 0; expiration_enforcement_delay -> 0; break_on_acquisition_failure -> false; debug_store_checkout_exceptions -> false; force_synchronous_checkins -> false]
19:51:14.005 [Test worker] DEBUG c.m.v.c.i.C3P0PooledConnectionPoolManager - Created new pool for auth, username (masked): 'null'.
19:51:14.005 [Test worker] DEBUG c.m.v.resourcepool.BasicResourcePool - acquire test -- pool size: 0; target_pool_size: 3; desired target? 1
19:51:14.005 [Test worker] DEBUG c.m.v.resourcepool.BasicResourcePool - awaitAvailable(): [unknown]
19:51:14.022 [Test worker] DEBUG c.m.v.c.m.ActiveManagementCoordinator - MBean: com.mchange.v2.c3p0:type=PooledDataSource,identityToken=1hgeqrl9qbn6pz6yfah30|22473a89,name=1hgeqrl9qbn6pz6yfah30|22473a89 unregistered.
19:51:14.022 [Test worker] DEBUG c.m.v.c.m.ActiveManagementCoordinator - C3P0Registry mbean unregistered.
19:51:14.022 [Resource Destroyer in BasicResourcePool.close()] DEBUG c.m.v.resourcepool.BasicResourcePool - Preparing to destroy resource: com.mchange.v2.c3p0.impl.NewPooledConnection@21d29fc6
19:51:14.022 [Resource Destroyer in BasicResourcePool.close()] DEBUG c.m.v.c.i.C3P0PooledConnectionPool - Preparing to destroy PooledConnection: com.mchange.v2.c3p0.impl.NewPooledConnection@21d29fc6
19:51:14.022 [Resource Destroyer in BasicResourcePool.close()] DEBUG c.m.v.c.i.C3P0PooledConnectionPool - Successfully destroyed PooledConnection: com.mchange.v2.c3p0.impl.NewPooledConnection@21d29fc6
19:51:14.022 [Resource Destroyer in BasicResourcePool.close()] DEBUG c.m.v.resourcepool.BasicResourcePool - Successfully destroyed resource: com.mchange.v2.c3p0.impl.NewPooledConnection@21d29fc6
19:51:14.022 [Resource Destroyer in BasicResourcePool.close()] DEBUG c.m.v.resourcepool.BasicResourcePool - Preparing to destroy resource: com.mchange.v2.c3p0.impl.NewPooledConnection@4e22e3f
19:51:14.022 [Resource Destroyer in BasicResourcePool.close()] DEBUG c.m.v.c.i.C3P0PooledConnectionPool - Preparing to destroy PooledConnection: com.mchange.v2.c3p0.impl.NewPooledConnection@4e22e3f
19:51:14.022 [Resource Destroyer in BasicResourcePool.close()] DEBUG c.m.v.c.i.C3P0PooledConnectionPool - Successfully destroyed PooledConnection: com.mchange.v2.c3p0.impl.NewPooledConnection@4e22e3f
19:51:14.022 [Resource Destroyer in BasicResourcePool.close()] DEBUG c.m.v.resourcepool.BasicResourcePool - Successfully destroyed resource: com.mchange.v2.c3p0.impl.NewPooledConnection@4e22e3f
19:51:14.022 [Resource Destroyer in BasicResourcePool.close()] DEBUG c.m.v.resourcepool.BasicResourcePool - Preparing to destroy resource: com.mchange.v2.c3p0.impl.NewPooledConnection@4befff01
19:51:14.022 [Resource Destroyer in BasicResourcePool.close()] DEBUG c.m.v.c.i.C3P0PooledConnectionPool - Preparing to destroy PooledConnection: com.mchange.v2.c3p0.impl.NewPooledConnection@4befff01
19:51:14.022 [Resource Destroyer in BasicResourcePool.close()] DEBUG c.m.v.c.i.C3P0PooledConnectionPool - Successfully destroyed PooledConnection: com.mchange.v2.c3p0.impl.NewPooledConnection@4befff01
19:51:14.022 [Resource Destroyer in BasicResourcePool.close()] DEBUG c.m.v.resourcepool.BasicResourcePool - Successfully destroyed resource: com.mchange.v2.c3p0.impl.NewPooledConnection@4befff01


================================================================================
 TEST SUCCEEDED                                                                 
--------------------------------------------------------------------------------
    Test class:  GetCommitsBeforeAfterAroundTest
    Test method: commitsAfterWorksIfThereAreTooManyCommits[Using jdbc]
    End time:    2017/08/28 19:51:14 (Duration: 30ms)
================================================================================





================================================================================
 TEST START                                                                     
--------------------------------------------------------------------------------
    Test class:  GetCommitsBeforeAfterAroundTest
    Test method: commitsAroundWorksIfNoCommitsArePresent[Using jdbc]
    Start time:  2017/08/28 19:51:14
================================================================================



19:51:14.027 [Test worker] DEBUG c.m.v.c.m.DynamicPooledDataSourceManagerMBean - MBean: com.mchange.v2.c3p0:type=PooledDataSource,identityToken=1hgeqrl9qbn6pz6yfah30|97d24de,name=1hgeqrl9qbn6pz6yfah30|97d24de registered.
19:51:14.034 [Test worker] DEBUG c.m.v.c.m.DynamicPooledDataSourceManagerMBean - MBean: com.mchange.v2.c3p0:type=PooledDataSource,identityToken=1hgeqrl9qbn6pz6yfah30|97d24de,name=1hgeqrl9qbn6pz6yfah30|97d24de unregistered, in order to be reregistered after update.
19:51:14.034 [Test worker] DEBUG c.m.v.c.m.DynamicPooledDataSourceManagerMBean - MBean: com.mchange.v2.c3p0:type=PooledDataSource,identityToken=1hgeqrl9qbn6pz6yfah30|97d24de,name=1hgeqrl9qbn6pz6yfah30|97d24de registered.
19:51:14.035 [Test worker] INFO  c.m.v.c.i.AbstractPoolBackedDataSource - Initializing c3p0 pool... com.mchange.v2.c3p0.PoolBackedDataSource@b1a6cd71 [ connectionPoolDataSource -> com.mchange.v2.c3p0.WrapperConnectionPoolDataSource@f0d5ed80 [ acquireIncrement -> 3, acquireRetryAttempts -> 30, acquireRetryDelay -> 1000, autoCommitOnClose -> false, automaticTestTable -> null, breakAfterAcquireFailure -> false, checkoutTimeout -> 0, connectionCustomizerClassName -> null, connectionTesterClassName -> com.mchange.v2.c3p0.impl.DefaultConnectionTester, contextClassLoaderSource -> caller, debugUnreturnedConnectionStackTraces -> false, factoryClassLocation -> null, forceIgnoreUnresolvedTransactions -> false, forceSynchronousCheckins -> false, identityToken -> 1hgeqrl9qbn6pz6yfah30|36aa739, idleConnectionTestPeriod -> 0, initialPoolSize -> 3, maxAdministrativeTaskTime -> 0, maxConnectionAge -> 0, maxIdleTime -> 0, maxIdleTimeExcessConnections -> 0, maxPoolSize -> 15, maxStatements -> 0, maxStatementsPerConnection -> 0, minPoolSize -> 3, nestedDataSource -> com.mchange.v2.c3p0.DriverManagerDataSource@a29d87bf [ description -> null, driverClass -> null, factoryClassLocation -> null, forceUseNamedDriverClass -> false, identityToken -> 1hgeqrl9qbn6pz6yfah30|5682e0cb, jdbcUrl -> jdbc:h2:mem:77ab47b3cdb244469e9e7b2e9c767b4d, properties -> {} ], preferredTestQuery -> null, privilegeSpawnedThreads -> false, propertyCycle -> 0, statementCacheNumDeferredCloseThreads -> 0, testConnectionOnCheckin -> false, testConnectionOnCheckout -> false, unreturnedConnectionTimeout -> 0, usesTraditionalReflectiveProxies -> false; userOverrides: {} ], dataSourceName -> null, extensions -> {}, factoryClassLocation -> null, identityToken -> 1hgeqrl9qbn6pz6yfah30|97d24de, numHelperThreads -> 3 ]
19:51:14.035 [Test worker] DEBUG c.m.v.resourcepool.BasicResourcePool - com.mchange.v2.resourcepool.BasicResourcePool@4e69640c config: [start -> 3; min -> 3; max -> 15; inc -> 3; num_acq_attempts -> 30; acq_attempt_delay -> 1000; check_idle_resources_delay -> 0; max_resource_age -> 0; max_idle_time -> 0; excess_max_idle_time -> 0; destroy_unreturned_resc_time -> 0; expiration_enforcement_delay -> 0; break_on_acquisition_failure -> false; debug_store_checkout_exceptions -> false; force_synchronous_checkins -> false]
19:51:14.035 [Test worker] DEBUG c.m.v.c.i.C3P0PooledConnectionPoolManager - Created new pool for auth, username (masked): 'null'.
19:51:14.035 [Test worker] DEBUG c.m.v.resourcepool.BasicResourcePool - acquire test -- pool size: 0; target_pool_size: 3; desired target? 1
19:51:14.035 [Test worker] DEBUG c.m.v.resourcepool.BasicResourcePool - awaitAvailable(): [unknown]
19:51:14.048 [Test worker] DEBUG c.m.v.c.m.ActiveManagementCoordinator - MBean: com.mchange.v2.c3p0:type=PooledDataSource,identityToken=1hgeqrl9qbn6pz6yfah30|97d24de,name=1hgeqrl9qbn6pz6yfah30|97d24de unregistered.
19:51:14.048 [Test worker] DEBUG c.m.v.c.m.ActiveManagementCoordinator - C3P0Registry mbean unregistered.
19:51:14.048 [Resource Destroyer in BasicResourcePool.close()] DEBUG c.m.v.resourcepool.BasicResourcePool - Preparing to destroy resource: com.mchange.v2.c3p0.impl.NewPooledConnection@35fc3d01
19:51:14.048 [Resource Destroyer in BasicResourcePool.close()] DEBUG c.m.v.c.i.C3P0PooledConnectionPool - Preparing to destroy PooledConnection: com.mchange.v2.c3p0.impl.NewPooledConnection@35fc3d01
19:51:14.048 [Resource Destroyer in BasicResourcePool.close()] DEBUG c.m.v.c.i.C3P0PooledConnectionPool - Successfully destroyed PooledConnection: com.mchange.v2.c3p0.impl.NewPooledConnection@35fc3d01
19:51:14.048 [Resource Destroyer in BasicResourcePool.close()] DEBUG c.m.v.resourcepool.BasicResourcePool - Successfully destroyed resource: com.mchange.v2.c3p0.impl.NewPooledConnection@35fc3d01
19:51:14.048 [Resource Destroyer in BasicResourcePool.close()] DEBUG c.m.v.resourcepool.BasicResourcePool - Preparing to destroy resource: com.mchange.v2.c3p0.impl.NewPooledConnection@2d5f90a8
19:51:14.048 [Resource Destroyer in BasicResourcePool.close()] DEBUG c.m.v.c.i.C3P0PooledConnectionPool - Preparing to destroy PooledConnection: com.mchange.v2.c3p0.impl.NewPooledConnection@2d5f90a8
19:51:14.048 [Resource Destroyer in BasicResourcePool.close()] DEBUG c.m.v.c.i.C3P0PooledConnectionPool - Successfully destroyed PooledConnection: com.mchange.v2.c3p0.impl.NewPooledConnection@2d5f90a8
19:51:14.048 [Resource Destroyer in BasicResourcePool.close()] DEBUG c.m.v.resourcepool.BasicResourcePool - Successfully destroyed resource: com.mchange.v2.c3p0.impl.NewPooledConnection@2d5f90a8
19:51:14.048 [Resource Destroyer in BasicResourcePool.close()] DEBUG c.m.v.resourcepool.BasicResourcePool - Preparing to destroy resource: com.mchange.v2.c3p0.impl.NewPooledConnection@7e1dfd2a
19:51:14.048 [Resource Destroyer in BasicResourcePool.close()] DEBUG c.m.v.c.i.C3P0PooledConnectionPool - Preparing to destroy PooledConnection: com.mchange.v2.c3p0.impl.NewPooledConnection@7e1dfd2a
19:51:14.048 [Resource Destroyer in BasicResourcePool.close()] DEBUG c.m.v.c.i.C3P0PooledConnectionPool - Successfully destroyed PooledConnection: com.mchange.v2.c3p0.impl.NewPooledConnection@7e1dfd2a
19:51:14.048 [Resource Destroyer in BasicResourcePool.close()] DEBUG c.m.v.resourcepool.BasicResourcePool - Successfully destroyed resource: com.mchange.v2.c3p0.impl.NewPooledConnection@7e1dfd2a


================================================================================
 TEST SUCCEEDED                                                                 
--------------------------------------------------------------------------------
    Test class:  GetCommitsBeforeAfterAroundTest
    Test method: commitsAroundWorksIfNoCommitsArePresent[Using jdbc]
    End time:    2017/08/28 19:51:14 (Duration: 25ms)
================================================================================





================================================================================
 TEST START                                                                     
--------------------------------------------------------------------------------
    Test class:  GetCommitsBeforeAfterAroundTest
    Test method: commitTimestampsAfterWorksIfThereAreTooManyCommits[Using jdbc]
    Start time:  2017/08/28 19:51:14
================================================================================



19:51:14.053 [Test worker] DEBUG c.m.v.c.m.DynamicPooledDataSourceManagerMBean - MBean: com.mchange.v2.c3p0:type=PooledDataSource,identityToken=1hgeqrl9qbn6pz6yfah30|4c92394,name=1hgeqrl9qbn6pz6yfah30|4c92394 registered.
19:51:14.060 [Test worker] DEBUG c.m.v.c.m.DynamicPooledDataSourceManagerMBean - MBean: com.mchange.v2.c3p0:type=PooledDataSource,identityToken=1hgeqrl9qbn6pz6yfah30|4c92394,name=1hgeqrl9qbn6pz6yfah30|4c92394 unregistered, in order to be reregistered after update.
19:51:14.060 [Test worker] DEBUG c.m.v.c.m.DynamicPooledDataSourceManagerMBean - MBean: com.mchange.v2.c3p0:type=PooledDataSource,identityToken=1hgeqrl9qbn6pz6yfah30|4c92394,name=1hgeqrl9qbn6pz6yfah30|4c92394 registered.
19:51:14.060 [Test worker] INFO  c.m.v.c.i.AbstractPoolBackedDataSource - Initializing c3p0 pool... com.mchange.v2.c3p0.PoolBackedDataSource@716eb634 [ connectionPoolDataSource -> com.mchange.v2.c3p0.WrapperConnectionPoolDataSource@c6606f2e [ acquireIncrement -> 3, acquireRetryAttempts -> 30, acquireRetryDelay -> 1000, autoCommitOnClose -> false, automaticTestTable -> null, breakAfterAcquireFailure -> false, checkoutTimeout -> 0, connectionCustomizerClassName -> null, connectionTesterClassName -> com.mchange.v2.c3p0.impl.DefaultConnectionTester, contextClassLoaderSource -> caller, debugUnreturnedConnectionStackTraces -> false, factoryClassLocation -> null, forceIgnoreUnresolvedTransactions -> false, forceSynchronousCheckins -> false, identityToken -> 1hgeqrl9qbn6pz6yfah30|20ff59d8, idleConnectionTestPeriod -> 0, initialPoolSize -> 3, maxAdministrativeTaskTime -> 0, maxConnectionAge -> 0, maxIdleTime -> 0, maxIdleTimeExcessConnections -> 0, maxPoolSize -> 15, maxStatements -> 0, maxStatementsPerConnection -> 0, minPoolSize -> 3, nestedDataSource -> com.mchange.v2.c3p0.DriverManagerDataSource@8fc28794 [ description -> null, driverClass -> null, factoryClassLocation -> null, forceUseNamedDriverClass -> false, identityToken -> 1hgeqrl9qbn6pz6yfah30|18ac3ea6, jdbcUrl -> jdbc:h2:mem:4d2a48aab9bd47529c4214a28e7e4c01, properties -> {} ], preferredTestQuery -> null, privilegeSpawnedThreads -> false, propertyCycle -> 0, statementCacheNumDeferredCloseThreads -> 0, testConnectionOnCheckin -> false, testConnectionOnCheckout -> false, unreturnedConnectionTimeout -> 0, usesTraditionalReflectiveProxies -> false; userOverrides: {} ], dataSourceName -> null, extensions -> {}, factoryClassLocation -> null, identityToken -> 1hgeqrl9qbn6pz6yfah30|4c92394, numHelperThreads -> 3 ]
19:51:14.060 [Test worker] DEBUG c.m.v.resourcepool.BasicResourcePool - com.mchange.v2.resourcepool.BasicResourcePool@7ed73703 config: [start -> 3; min -> 3; max -> 15; inc -> 3; num_acq_attempts -> 30; acq_attempt_delay -> 1000; check_idle_resources_delay -> 0; max_resource_age -> 0; max_idle_time -> 0; excess_max_idle_time -> 0; destroy_unreturned_resc_time -> 0; expiration_enforcement_delay -> 0; break_on_acquisition_failure -> false; debug_store_checkout_exceptions -> false; force_synchronous_checkins -> false]
19:51:14.060 [Test worker] DEBUG c.m.v.c.i.C3P0PooledConnectionPoolManager - Created new pool for auth, username (masked): 'null'.
19:51:14.060 [Test worker] DEBUG c.m.v.resourcepool.BasicResourcePool - acquire test -- pool size: 0; target_pool_size: 3; desired target? 1
19:51:14.060 [Test worker] DEBUG c.m.v.resourcepool.BasicResourcePool - awaitAvailable(): [unknown]
19:51:14.073 [Test worker] DEBUG c.m.v.c.m.ActiveManagementCoordinator - MBean: com.mchange.v2.c3p0:type=PooledDataSource,identityToken=1hgeqrl9qbn6pz6yfah30|4c92394,name=1hgeqrl9qbn6pz6yfah30|4c92394 unregistered.
19:51:14.073 [Test worker] DEBUG c.m.v.c.m.ActiveManagementCoordinator - C3P0Registry mbean unregistered.
19:51:14.073 [Resource Destroyer in BasicResourcePool.close()] DEBUG c.m.v.resourcepool.BasicResourcePool - Preparing to destroy resource: com.mchange.v2.c3p0.impl.NewPooledConnection@77c407a0
19:51:14.073 [Resource Destroyer in BasicResourcePool.close()] DEBUG c.m.v.c.i.C3P0PooledConnectionPool - Preparing to destroy PooledConnection: com.mchange.v2.c3p0.impl.NewPooledConnection@77c407a0
19:51:14.073 [Resource Destroyer in BasicResourcePool.close()] DEBUG c.m.v.c.i.C3P0PooledConnectionPool - Successfully destroyed PooledConnection: com.mchange.v2.c3p0.impl.NewPooledConnection@77c407a0
19:51:14.073 [Resource Destroyer in BasicResourcePool.close()] DEBUG c.m.v.resourcepool.BasicResourcePool - Successfully destroyed resource: com.mchange.v2.c3p0.impl.NewPooledConnection@77c407a0
19:51:14.073 [Resource Destroyer in BasicResourcePool.close()] DEBUG c.m.v.resourcepool.BasicResourcePool - Preparing to destroy resource: com.mchange.v2.c3p0.impl.NewPooledConnection@53a05774
19:51:14.073 [Resource Destroyer in BasicResourcePool.close()] DEBUG c.m.v.c.i.C3P0PooledConnectionPool - Preparing to destroy PooledConnection: com.mchange.v2.c3p0.impl.NewPooledConnection@53a05774
19:51:14.073 [Resource Destroyer in BasicResourcePool.close()] DEBUG c.m.v.c.i.C3P0PooledConnectionPool - Successfully destroyed PooledConnection: com.mchange.v2.c3p0.impl.NewPooledConnection@53a05774
19:51:14.073 [Resource Destroyer in BasicResourcePool.close()] DEBUG c.m.v.resourcepool.BasicResourcePool - Successfully destroyed resource: com.mchange.v2.c3p0.impl.NewPooledConnection@53a05774
19:51:14.073 [Resource Destroyer in BasicResourcePool.close()] DEBUG c.m.v.resourcepool.BasicResourcePool - Preparing to destroy resource: com.mchange.v2.c3p0.impl.NewPooledConnection@24995796
19:51:14.073 [Resource Destroyer in BasicResourcePool.close()] DEBUG c.m.v.c.i.C3P0PooledConnectionPool - Preparing to destroy PooledConnection: com.mchange.v2.c3p0.impl.NewPooledConnection@24995796
19:51:14.073 [Resource Destroyer in BasicResourcePool.close()] DEBUG c.m.v.c.i.C3P0PooledConnectionPool - Successfully destroyed PooledConnection: com.mchange.v2.c3p0.impl.NewPooledConnection@24995796
19:51:14.073 [Resource Destroyer in BasicResourcePool.close()] DEBUG c.m.v.resourcepool.BasicResourcePool - Successfully destroyed resource: com.mchange.v2.c3p0.impl.NewPooledConnection@24995796


================================================================================
 TEST SUCCEEDED                                                                 
--------------------------------------------------------------------------------
    Test class:  GetCommitsBeforeAfterAroundTest
    Test method: commitTimestampsAfterWorksIfThereAreTooManyCommits[Using jdbc]
    End time:    2017/08/28 19:51:14 (Duration: 25ms)
================================================================================





================================================================================
 TEST START                                                                     
--------------------------------------------------------------------------------
    Test class:  GetCommitsBeforeAfterAroundTest
    Test method: commitTimestampsAroundWorksIfNotEnoughElementsArePresentAfter[Using jdbc]
    Start time:  2017/08/28 19:51:14
================================================================================



19:51:14.077 [Test worker] DEBUG c.m.v.c.m.DynamicPooledDataSourceManagerMBean - MBean: com.mchange.v2.c3p0:type=PooledDataSource,identityToken=1hgeqrl9qbn6pz6yfah30|60643671,name=1hgeqrl9qbn6pz6yfah30|60643671 registered.
19:51:14.084 [Test worker] DEBUG c.m.v.c.m.DynamicPooledDataSourceManagerMBean - MBean: com.mchange.v2.c3p0:type=PooledDataSource,identityToken=1hgeqrl9qbn6pz6yfah30|60643671,name=1hgeqrl9qbn6pz6yfah30|60643671 unregistered, in order to be reregistered after update.
19:51:14.084 [Test worker] DEBUG c.m.v.c.m.DynamicPooledDataSourceManagerMBean - MBean: com.mchange.v2.c3p0:type=PooledDataSource,identityToken=1hgeqrl9qbn6pz6yfah30|60643671,name=1hgeqrl9qbn6pz6yfah30|60643671 registered.
19:51:14.085 [Test worker] INFO  c.m.v.c.i.AbstractPoolBackedDataSource - Initializing c3p0 pool... com.mchange.v2.c3p0.PoolBackedDataSource@7b85ea2f [ connectionPoolDataSource -> com.mchange.v2.c3p0.WrapperConnectionPoolDataSource@b1301f28 [ acquireIncrement -> 3, acquireRetryAttempts -> 30, acquireRetryDelay -> 1000, autoCommitOnClose -> false, automaticTestTable -> null, breakAfterAcquireFailure -> false, checkoutTimeout -> 0, connectionCustomizerClassName -> null, connectionTesterClassName -> com.mchange.v2.c3p0.impl.DefaultConnectionTester, contextClassLoaderSource -> caller, debugUnreturnedConnectionStackTraces -> false, factoryClassLocation -> null, forceIgnoreUnresolvedTransactions -> false, forceSynchronousCheckins -> false, identityToken -> 1hgeqrl9qbn6pz6yfah30|22653231, idleConnectionTestPeriod -> 0, initialPoolSize -> 3, maxAdministrativeTaskTime -> 0, maxConnectionAge -> 0, maxIdleTime -> 0, maxIdleTimeExcessConnections -> 0, maxPoolSize -> 15, maxStatements -> 0, maxStatementsPerConnection -> 0, minPoolSize -> 3, nestedDataSource -> com.mchange.v2.c3p0.DriverManagerDataSource@da566e1f [ description -> null, driverClass -> null, factoryClassLocation -> null, forceUseNamedDriverClass -> false, identityToken -> 1hgeqrl9qbn6pz6yfah30|34960ff7, jdbcUrl -> jdbc:h2:mem:5f7b6d20a2ff4cb8bcf168b356706030, properties -> {} ], preferredTestQuery -> null, privilegeSpawnedThreads -> false, propertyCycle -> 0, statementCacheNumDeferredCloseThreads -> 0, testConnectionOnCheckin -> false, testConnectionOnCheckout -> false, unreturnedConnectionTimeout -> 0, usesTraditionalReflectiveProxies -> false; userOverrides: {} ], dataSourceName -> null, extensions -> {}, factoryClassLocation -> null, identityToken -> 1hgeqrl9qbn6pz6yfah30|60643671, numHelperThreads -> 3 ]
19:51:14.085 [Test worker] DEBUG c.m.v.resourcepool.BasicResourcePool - com.mchange.v2.resourcepool.BasicResourcePool@2fe5d9c1 config: [start -> 3; min -> 3; max -> 15; inc -> 3; num_acq_attempts -> 30; acq_attempt_delay -> 1000; check_idle_resources_delay -> 0; max_resource_age -> 0; max_idle_time -> 0; excess_max_idle_time -> 0; destroy_unreturned_resc_time -> 0; expiration_enforcement_delay -> 0; break_on_acquisition_failure -> false; debug_store_checkout_exceptions -> false; force_synchronous_checkins -> false]
19:51:14.085 [Test worker] DEBUG c.m.v.c.i.C3P0PooledConnectionPoolManager - Created new pool for auth, username (masked): 'null'.
19:51:14.085 [Test worker] DEBUG c.m.v.resourcepool.BasicResourcePool - acquire test -- pool size: 0; target_pool_size: 3; desired target? 1
19:51:14.085 [Test worker] DEBUG c.m.v.resourcepool.BasicResourcePool - awaitAvailable(): [unknown]
19:51:14.099 [Test worker] DEBUG c.m.v.c.m.ActiveManagementCoordinator - MBean: com.mchange.v2.c3p0:type=PooledDataSource,identityToken=1hgeqrl9qbn6pz6yfah30|60643671,name=1hgeqrl9qbn6pz6yfah30|60643671 unregistered.
19:51:14.099 [Test worker] DEBUG c.m.v.c.m.ActiveManagementCoordinator - C3P0Registry mbean unregistered.
19:51:14.099 [Resource Destroyer in BasicResourcePool.close()] DEBUG c.m.v.resourcepool.BasicResourcePool - Preparing to destroy resource: com.mchange.v2.c3p0.impl.NewPooledConnection@70e26138
19:51:14.099 [Resource Destroyer in BasicResourcePool.close()] DEBUG c.m.v.c.i.C3P0PooledConnectionPool - Preparing to destroy PooledConnection: com.mchange.v2.c3p0.impl.NewPooledConnection@70e26138
19:51:14.100 [Resource Destroyer in BasicResourcePool.close()] DEBUG c.m.v.c.i.C3P0PooledConnectionPool - Successfully destroyed PooledConnection: com.mchange.v2.c3p0.impl.NewPooledConnection@70e26138
19:51:14.100 [Resource Destroyer in BasicResourcePool.close()] DEBUG c.m.v.resourcepool.BasicResourcePool - Successfully destroyed resource: com.mchange.v2.c3p0.impl.NewPooledConnection@70e26138
19:51:14.100 [Resource Destroyer in BasicResourcePool.close()] DEBUG c.m.v.resourcepool.BasicResourcePool - Preparing to destroy resource: com.mchange.v2.c3p0.impl.NewPooledConnection@62bf529a
19:51:14.100 [Resource Destroyer in BasicResourcePool.close()] DEBUG c.m.v.c.i.C3P0PooledConnectionPool - Preparing to destroy PooledConnection: com.mchange.v2.c3p0.impl.NewPooledConnection@62bf529a
19:51:14.100 [Resource Destroyer in BasicResourcePool.close()] DEBUG c.m.v.c.i.C3P0PooledConnectionPool - Successfully destroyed PooledConnection: com.mchange.v2.c3p0.impl.NewPooledConnection@62bf529a
19:51:14.100 [Resource Destroyer in BasicResourcePool.close()] DEBUG c.m.v.resourcepool.BasicResourcePool - Successfully destroyed resource: com.mchange.v2.c3p0.impl.NewPooledConnection@62bf529a
19:51:14.100 [Resource Destroyer in BasicResourcePool.close()] DEBUG c.m.v.resourcepool.BasicResourcePool - Preparing to destroy resource: com.mchange.v2.c3p0.impl.NewPooledConnection@10097c2e
19:51:14.100 [Resource Destroyer in BasicResourcePool.close()] DEBUG c.m.v.c.i.C3P0PooledConnectionPool - Preparing to destroy PooledConnection: com.mchange.v2.c3p0.impl.NewPooledConnection@10097c2e
19:51:14.100 [Resource Destroyer in BasicResourcePool.close()] DEBUG c.m.v.c.i.C3P0PooledConnectionPool - Successfully destroyed PooledConnection: com.mchange.v2.c3p0.impl.NewPooledConnection@10097c2e
19:51:14.100 [Resource Destroyer in BasicResourcePool.close()] DEBUG c.m.v.resourcepool.BasicResourcePool - Successfully destroyed resource: com.mchange.v2.c3p0.impl.NewPooledConnection@10097c2e


================================================================================
 TEST SUCCEEDED                                                                 
--------------------------------------------------------------------------------
    Test class:  GetCommitsBeforeAfterAroundTest
    Test method: commitTimestampsAroundWorksIfNotEnoughElementsArePresentAfter[Using jdbc]
    End time:    2017/08/28 19:51:14 (Duration: 26ms)
================================================================================





================================================================================
 TEST START                                                                     
--------------------------------------------------------------------------------
    Test class:  GetCommitsBeforeAfterAroundTest
    Test method: commitsAroundWorksIfNotEnoughElementsArePresentBefore[Using jdbc]
    Start time:  2017/08/28 19:51:14
================================================================================



19:51:14.104 [Test worker] DEBUG c.m.v.c.m.DynamicPooledDataSourceManagerMBean - MBean: com.mchange.v2.c3p0:type=PooledDataSource,identityToken=1hgeqrl9qbn6pz6yfah30|20978e4,name=1hgeqrl9qbn6pz6yfah30|20978e4 registered.
19:51:14.111 [Test worker] DEBUG c.m.v.c.m.DynamicPooledDataSourceManagerMBean - MBean: com.mchange.v2.c3p0:type=PooledDataSource,identityToken=1hgeqrl9qbn6pz6yfah30|20978e4,name=1hgeqrl9qbn6pz6yfah30|20978e4 unregistered, in order to be reregistered after update.
19:51:14.111 [Test worker] DEBUG c.m.v.c.m.DynamicPooledDataSourceManagerMBean - MBean: com.mchange.v2.c3p0:type=PooledDataSource,identityToken=1hgeqrl9qbn6pz6yfah30|20978e4,name=1hgeqrl9qbn6pz6yfah30|20978e4 registered.
19:51:14.111 [Test worker] INFO  c.m.v.c.i.AbstractPoolBackedDataSource - Initializing c3p0 pool... com.mchange.v2.c3p0.PoolBackedDataSource@323ff66f [ connectionPoolDataSource -> com.mchange.v2.c3p0.WrapperConnectionPoolDataSource@51a46abe [ acquireIncrement -> 3, acquireRetryAttempts -> 30, acquireRetryDelay -> 1000, autoCommitOnClose -> false, automaticTestTable -> null, breakAfterAcquireFailure -> false, checkoutTimeout -> 0, connectionCustomizerClassName -> null, connectionTesterClassName -> com.mchange.v2.c3p0.impl.DefaultConnectionTester, contextClassLoaderSource -> caller, debugUnreturnedConnectionStackTraces -> false, factoryClassLocation -> null, forceIgnoreUnresolvedTransactions -> false, forceSynchronousCheckins -> false, identityToken -> 1hgeqrl9qbn6pz6yfah30|3217cddd, idleConnectionTestPeriod -> 0, initialPoolSize -> 3, maxAdministrativeTaskTime -> 0, maxConnectionAge -> 0, maxIdleTime -> 0, maxIdleTimeExcessConnections -> 0, maxPoolSize -> 15, maxStatements -> 0, maxStatementsPerConnection -> 0, minPoolSize -> 3, nestedDataSource -> com.mchange.v2.c3p0.DriverManagerDataSource@794817bf [ description -> null, driverClass -> null, factoryClassLocation -> null, forceUseNamedDriverClass -> false, identityToken -> 1hgeqrl9qbn6pz6yfah30|44563018, jdbcUrl -> jdbc:h2:mem:ac8462423aa44c5597bced33023dd7bf, properties -> {} ], preferredTestQuery -> null, privilegeSpawnedThreads -> false, propertyCycle -> 0, statementCacheNumDeferredCloseThreads -> 0, testConnectionOnCheckin -> false, testConnectionOnCheckout -> false, unreturnedConnectionTimeout -> 0, usesTraditionalReflectiveProxies -> false; userOverrides: {} ], dataSourceName -> null, extensions -> {}, factoryClassLocation -> null, identityToken -> 1hgeqrl9qbn6pz6yfah30|20978e4, numHelperThreads -> 3 ]
19:51:14.112 [Test worker] DEBUG c.m.v.resourcepool.BasicResourcePool - com.mchange.v2.resourcepool.BasicResourcePool@4ed06c64 config: [start -> 3; min -> 3; max -> 15; inc -> 3; num_acq_attempts -> 30; acq_attempt_delay -> 1000; check_idle_resources_delay -> 0; max_resource_age -> 0; max_idle_time -> 0; excess_max_idle_time -> 0; destroy_unreturned_resc_time -> 0; expiration_enforcement_delay -> 0; break_on_acquisition_failure -> false; debug_store_checkout_exceptions -> false; force_synchronous_checkins -> false]
19:51:14.112 [Test worker] DEBUG c.m.v.c.i.C3P0PooledConnectionPoolManager - Created new pool for auth, username (masked): 'null'.
19:51:14.112 [Test worker] DEBUG c.m.v.resourcepool.BasicResourcePool - acquire test -- pool size: 0; target_pool_size: 3; desired target? 1
19:51:14.112 [Test worker] DEBUG c.m.v.resourcepool.BasicResourcePool - awaitAvailable(): [unknown]
19:51:14.125 [Test worker] DEBUG c.m.v.c.m.ActiveManagementCoordinator - MBean: com.mchange.v2.c3p0:type=PooledDataSource,identityToken=1hgeqrl9qbn6pz6yfah30|20978e4,name=1hgeqrl9qbn6pz6yfah30|20978e4 unregistered.
19:51:14.125 [Test worker] DEBUG c.m.v.c.m.ActiveManagementCoordinator - C3P0Registry mbean unregistered.
19:51:14.125 [Resource Destroyer in BasicResourcePool.close()] DEBUG c.m.v.resourcepool.BasicResourcePool - Preparing to destroy resource: com.mchange.v2.c3p0.impl.NewPooledConnection@32ff14b5
19:51:14.125 [Resource Destroyer in BasicResourcePool.close()] DEBUG c.m.v.c.i.C3P0PooledConnectionPool - Preparing to destroy PooledConnection: com.mchange.v2.c3p0.impl.NewPooledConnection@32ff14b5
19:51:14.126 [Resource Destroyer in BasicResourcePool.close()] DEBUG c.m.v.c.i.C3P0PooledConnectionPool - Successfully destroyed PooledConnection: com.mchange.v2.c3p0.impl.NewPooledConnection@32ff14b5
19:51:14.126 [Resource Destroyer in BasicResourcePool.close()] DEBUG c.m.v.resourcepool.BasicResourcePool - Successfully destroyed resource: com.mchange.v2.c3p0.impl.NewPooledConnection@32ff14b5
19:51:14.126 [Resource Destroyer in BasicResourcePool.close()] DEBUG c.m.v.resourcepool.BasicResourcePool - Preparing to destroy resource: com.mchange.v2.c3p0.impl.NewPooledConnection@43792f3d
19:51:14.126 [Resource Destroyer in BasicResourcePool.close()] DEBUG c.m.v.c.i.C3P0PooledConnectionPool - Preparing to destroy PooledConnection: com.mchange.v2.c3p0.impl.NewPooledConnection@43792f3d
19:51:14.126 [Resource Destroyer in BasicResourcePool.close()] DEBUG c.m.v.c.i.C3P0PooledConnectionPool - Successfully destroyed PooledConnection: com.mchange.v2.c3p0.impl.NewPooledConnection@43792f3d
19:51:14.126 [Resource Destroyer in BasicResourcePool.close()] DEBUG c.m.v.resourcepool.BasicResourcePool - Successfully destroyed resource: com.mchange.v2.c3p0.impl.NewPooledConnection@43792f3d
19:51:14.126 [Resource Destroyer in BasicResourcePool.close()] DEBUG c.m.v.resourcepool.BasicResourcePool - Preparing to destroy resource: com.mchange.v2.c3p0.impl.NewPooledConnection@2579fda4
19:51:14.126 [Resource Destroyer in BasicResourcePool.close()] DEBUG c.m.v.c.i.C3P0PooledConnectionPool - Preparing to destroy PooledConnection: com.mchange.v2.c3p0.impl.NewPooledConnection@2579fda4
19:51:14.126 [Resource Destroyer in BasicResourcePool.close()] DEBUG c.m.v.c.i.C3P0PooledConnectionPool - Successfully destroyed PooledConnection: com.mchange.v2.c3p0.impl.NewPooledConnection@2579fda4
19:51:14.126 [Resource Destroyer in BasicResourcePool.close()] DEBUG c.m.v.resourcepool.BasicResourcePool - Successfully destroyed resource: com.mchange.v2.c3p0.impl.NewPooledConnection@2579fda4


================================================================================
 TEST SUCCEEDED                                                                 
--------------------------------------------------------------------------------
    Test class:  GetCommitsBeforeAfterAroundTest
    Test method: commitsAroundWorksIfNotEnoughElementsArePresentBefore[Using jdbc]
    End time:    2017/08/28 19:51:14 (Duration: 26ms)
================================================================================





================================================================================
 TEST START                                                                     
--------------------------------------------------------------------------------
    Test class:  GetCommitsBeforeAfterAroundTest
    Test method: commitsBeforeWorksIfThereAreNoCommits[Using jdbc]
    Start time:  2017/08/28 19:51:14
================================================================================



19:51:14.130 [Test worker] DEBUG c.m.v.c.m.DynamicPooledDataSourceManagerMBean - MBean: com.mchange.v2.c3p0:type=PooledDataSource,identityToken=1hgeqrl9qbn6pz6yfah30|15ab1455,name=1hgeqrl9qbn6pz6yfah30|15ab1455 registered.
19:51:14.137 [Test worker] DEBUG c.m.v.c.m.DynamicPooledDataSourceManagerMBean - MBean: com.mchange.v2.c3p0:type=PooledDataSource,identityToken=1hgeqrl9qbn6pz6yfah30|15ab1455,name=1hgeqrl9qbn6pz6yfah30|15ab1455 unregistered, in order to be reregistered after update.
19:51:14.137 [Test worker] DEBUG c.m.v.c.m.DynamicPooledDataSourceManagerMBean - MBean: com.mchange.v2.c3p0:type=PooledDataSource,identityToken=1hgeqrl9qbn6pz6yfah30|15ab1455,name=1hgeqrl9qbn6pz6yfah30|15ab1455 registered.
19:51:14.137 [Test worker] INFO  c.m.v.c.i.AbstractPoolBackedDataSource - Initializing c3p0 pool... com.mchange.v2.c3p0.PoolBackedDataSource@2e84f6dc [ connectionPoolDataSource -> com.mchange.v2.c3p0.WrapperConnectionPoolDataSource@716b2c8d [ acquireIncrement -> 3, acquireRetryAttempts -> 30, acquireRetryDelay -> 1000, autoCommitOnClose -> false, automaticTestTable -> null, breakAfterAcquireFailure -> false, checkoutTimeout -> 0, connectionCustomizerClassName -> null, connectionTesterClassName -> com.mchange.v2.c3p0.impl.DefaultConnectionTester, contextClassLoaderSource -> caller, debugUnreturnedConnectionStackTraces -> false, factoryClassLocation -> null, forceIgnoreUnresolvedTransactions -> false, forceSynchronousCheckins -> false, identityToken -> 1hgeqrl9qbn6pz6yfah30|6db7f769, idleConnectionTestPeriod -> 0, initialPoolSize -> 3, maxAdministrativeTaskTime -> 0, maxConnectionAge -> 0, maxIdleTime -> 0, maxIdleTimeExcessConnections -> 0, maxPoolSize -> 15, maxStatements -> 0, maxStatementsPerConnection -> 0, minPoolSize -> 3, nestedDataSource -> com.mchange.v2.c3p0.DriverManagerDataSource@4a736141 [ description -> null, driverClass -> null, factoryClassLocation -> null, forceUseNamedDriverClass -> false, identityToken -> 1hgeqrl9qbn6pz6yfah30|1636b728, jdbcUrl -> jdbc:h2:mem:bc964d820f8644f4bc5ac7618fc392c9, properties -> {} ], preferredTestQuery -> null, privilegeSpawnedThreads -> false, propertyCycle -> 0, statementCacheNumDeferredCloseThreads -> 0, testConnectionOnCheckin -> false, testConnectionOnCheckout -> false, unreturnedConnectionTimeout -> 0, usesTraditionalReflectiveProxies -> false; userOverrides: {} ], dataSourceName -> null, extensions -> {}, factoryClassLocation -> null, identityToken -> 1hgeqrl9qbn6pz6yfah30|15ab1455, numHelperThreads -> 3 ]
19:51:14.138 [Test worker] DEBUG c.m.v.resourcepool.BasicResourcePool - com.mchange.v2.resourcepool.BasicResourcePool@736e2391 config: [start -> 3; min -> 3; max -> 15; inc -> 3; num_acq_attempts -> 30; acq_attempt_delay -> 1000; check_idle_resources_delay -> 0; max_resource_age -> 0; max_idle_time -> 0; excess_max_idle_time -> 0; destroy_unreturned_resc_time -> 0; expiration_enforcement_delay -> 0; break_on_acquisition_failure -> false; debug_store_checkout_exceptions -> false; force_synchronous_checkins -> false]
19:51:14.138 [Test worker] DEBUG c.m.v.c.i.C3P0PooledConnectionPoolManager - Created new pool for auth, username (masked): 'null'.
19:51:14.138 [Test worker] DEBUG c.m.v.resourcepool.BasicResourcePool - acquire test -- pool size: 0; target_pool_size: 3; desired target? 1
19:51:14.138 [Test worker] DEBUG c.m.v.resourcepool.BasicResourcePool - awaitAvailable(): [unknown]
19:51:14.145 [Test worker] DEBUG c.m.v.c.m.ActiveManagementCoordinator - MBean: com.mchange.v2.c3p0:type=PooledDataSource,identityToken=1hgeqrl9qbn6pz6yfah30|15ab1455,name=1hgeqrl9qbn6pz6yfah30|15ab1455 unregistered.
19:51:14.145 [Test worker] DEBUG c.m.v.c.m.ActiveManagementCoordinator - C3P0Registry mbean unregistered.
19:51:14.145 [Resource Destroyer in BasicResourcePool.close()] DEBUG c.m.v.resourcepool.BasicResourcePool - Preparing to destroy resource: com.mchange.v2.c3p0.impl.NewPooledConnection@419b0efb
19:51:14.146 [Resource Destroyer in BasicResourcePool.close()] DEBUG c.m.v.c.i.C3P0PooledConnectionPool - Preparing to destroy PooledConnection: com.mchange.v2.c3p0.impl.NewPooledConnection@419b0efb
19:51:14.146 [Resource Destroyer in BasicResourcePool.close()] DEBUG c.m.v.c.i.C3P0PooledConnectionPool - Successfully destroyed PooledConnection: com.mchange.v2.c3p0.impl.NewPooledConnection@419b0efb
19:51:14.146 [Resource Destroyer in BasicResourcePool.close()] DEBUG c.m.v.resourcepool.BasicResourcePool - Successfully destroyed resource: com.mchange.v2.c3p0.impl.NewPooledConnection@419b0efb
19:51:14.146 [Resource Destroyer in BasicResourcePool.close()] DEBUG c.m.v.resourcepool.BasicResourcePool - Preparing to destroy resource: com.mchange.v2.c3p0.impl.NewPooledConnection@34917f0b
19:51:14.146 [Resource Destroyer in BasicResourcePool.close()] DEBUG c.m.v.c.i.C3P0PooledConnectionPool - Preparing to destroy PooledConnection: com.mchange.v2.c3p0.impl.NewPooledConnection@34917f0b
19:51:14.146 [Resource Destroyer in BasicResourcePool.close()] DEBUG c.m.v.c.i.C3P0PooledConnectionPool - Successfully destroyed PooledConnection: com.mchange.v2.c3p0.impl.NewPooledConnection@34917f0b
19:51:14.146 [Resource Destroyer in BasicResourcePool.close()] DEBUG c.m.v.resourcepool.BasicResourcePool - Successfully destroyed resource: com.mchange.v2.c3p0.impl.NewPooledConnection@34917f0b
19:51:14.146 [Resource Destroyer in BasicResourcePool.close()] DEBUG c.m.v.resourcepool.BasicResourcePool - Preparing to destroy resource: com.mchange.v2.c3p0.impl.NewPooledConnection@3feaa956
19:51:14.146 [Resource Destroyer in BasicResourcePool.close()] DEBUG c.m.v.c.i.C3P0PooledConnectionPool - Preparing to destroy PooledConnection: com.mchange.v2.c3p0.impl.NewPooledConnection@3feaa956
19:51:14.146 [Resource Destroyer in BasicResourcePool.close()] DEBUG c.m.v.c.i.C3P0PooledConnectionPool - Successfully destroyed PooledConnection: com.mchange.v2.c3p0.impl.NewPooledConnection@3feaa956
19:51:14.146 [Resource Destroyer in BasicResourcePool.close()] DEBUG c.m.v.resourcepool.BasicResourcePool - Successfully destroyed resource: com.mchange.v2.c3p0.impl.NewPooledConnection@3feaa956


================================================================================
 TEST SUCCEEDED                                                                 
--------------------------------------------------------------------------------
    Test class:  GetCommitsBeforeAfterAroundTest
    Test method: commitsBeforeWorksIfThereAreNoCommits[Using jdbc]
    End time:    2017/08/28 19:51:14 (Duration: 20ms)
================================================================================





================================================================================
 TEST START                                                                     
--------------------------------------------------------------------------------
    Test class:  GetCommitsBeforeAfterAroundTest
    Test method: commitsAfterWorksIfThereAreNoCommits[Using mapdb]
    Start time:  2017/08/28 19:51:14
================================================================================





================================================================================
 TEST SUCCEEDED                                                                 
--------------------------------------------------------------------------------
    Test class:  GetCommitsBeforeAfterAroundTest
    Test method: commitsAfterWorksIfThereAreNoCommits[Using mapdb]
    End time:    2017/08/28 19:51:14 (Duration: 292ms)
================================================================================





================================================================================
 TEST START                                                                     
--------------------------------------------------------------------------------
    Test class:  GetCommitsBeforeAfterAroundTest
    Test method: commitTimestampsAroundWorksIfExactlyEnoughElementsArePresentOnBothSides[Using mapdb]
    Start time:  2017/08/28 19:51:14
================================================================================





================================================================================
 TEST SUCCEEDED                                                                 
--------------------------------------------------------------------------------
    Test class:  GetCommitsBeforeAfterAroundTest
    Test method: commitTimestampsAroundWorksIfExactlyEnoughElementsArePresentOnBothSides[Using mapdb]
    End time:    2017/08/28 19:51:14 (Duration: 369ms)
================================================================================





================================================================================
 TEST START                                                                     
--------------------------------------------------------------------------------
    Test class:  GetCommitsBeforeAfterAroundTest
    Test method: commitTimestampsBeforeWorksIfThereAreTooManyCommits[Using mapdb]
    Start time:  2017/08/28 19:51:14
================================================================================





================================================================================
 TEST SUCCEEDED                                                                 
--------------------------------------------------------------------------------
    Test class:  GetCommitsBeforeAfterAroundTest
    Test method: commitTimestampsBeforeWorksIfThereAreTooManyCommits[Using mapdb]
    End time:    2017/08/28 19:51:15 (Duration: 549ms)
================================================================================





================================================================================
 TEST START                                                                     
--------------------------------------------------------------------------------
    Test class:  GetCommitsBeforeAfterAroundTest
    Test method: commitTimestampsAroundWorksIfNotEnoughCommitsArePresentOnEitherSide[Using mapdb]
    Start time:  2017/08/28 19:51:15
================================================================================





================================================================================
 TEST SUCCEEDED                                                                 
--------------------------------------------------------------------------------
    Test class:  GetCommitsBeforeAfterAroundTest
    Test method: commitTimestampsAroundWorksIfNotEnoughCommitsArePresentOnEitherSide[Using mapdb]
    End time:    2017/08/28 19:51:15 (Duration: 367ms)
================================================================================





================================================================================
 TEST START                                                                     
--------------------------------------------------------------------------------
    Test class:  GetCommitsBeforeAfterAroundTest
    Test method: commitsAroundWorksIfTimestampIsNotExactlyMatchingACommit[Using mapdb]
    Start time:  2017/08/28 19:51:15
================================================================================





================================================================================
 TEST SUCCEEDED                                                                 
--------------------------------------------------------------------------------
    Test class:  GetCommitsBeforeAfterAroundTest
    Test method: commitsAroundWorksIfTimestampIsNotExactlyMatchingACommit[Using mapdb]
    End time:    2017/08/28 19:51:16 (Duration: 738ms)
================================================================================





================================================================================
 TEST START                                                                     
--------------------------------------------------------------------------------
    Test class:  GetCommitsBeforeAfterAroundTest
    Test method: commitsAroundWorksIfMoreElementsThanNecessaryArePresentOnBothSides[Using mapdb]
    Start time:  2017/08/28 19:51:16
================================================================================





================================================================================
 TEST SUCCEEDED                                                                 
--------------------------------------------------------------------------------
    Test class:  GetCommitsBeforeAfterAroundTest
    Test method: commitsAroundWorksIfMoreElementsThanNecessaryArePresentOnBothSides[Using mapdb]
    End time:    2017/08/28 19:51:17 (Duration: 800ms)
================================================================================





================================================================================
 TEST START                                                                     
--------------------------------------------------------------------------------
    Test class:  GetCommitsBeforeAfterAroundTest
    Test method: commitsBeforeWorksIfThereAreNotEnoughCommits[Using mapdb]
    Start time:  2017/08/28 19:51:17
================================================================================





================================================================================
 TEST SUCCEEDED                                                                 
--------------------------------------------------------------------------------
    Test class:  GetCommitsBeforeAfterAroundTest
    Test method: commitsBeforeWorksIfThereAreNotEnoughCommits[Using mapdb]
    End time:    2017/08/28 19:51:18 (Duration: 817ms)
================================================================================





================================================================================
 TEST START                                                                     
--------------------------------------------------------------------------------
    Test class:  GetCommitsBeforeAfterAroundTest
    Test method: commitTimestampsAroundWorksIfMoreElementsThanNecessaryArePresentOnBothSides[Using mapdb]
    Start time:  2017/08/28 19:51:18
================================================================================





================================================================================
 TEST SUCCEEDED                                                                 
--------------------------------------------------------------------------------
    Test class:  GetCommitsBeforeAfterAroundTest
    Test method: commitTimestampsAroundWorksIfMoreElementsThanNecessaryArePresentOnBothSides[Using mapdb]
    End time:    2017/08/28 19:51:18 (Duration: 616ms)
================================================================================





================================================================================
 TEST START                                                                     
--------------------------------------------------------------------------------
    Test class:  GetCommitsBeforeAfterAroundTest
    Test method: commitTimestampsBeforeWorksIfThereAreNoCommits[Using mapdb]
    Start time:  2017/08/28 19:51:18
================================================================================





================================================================================
 TEST SUCCEEDED                                                                 
--------------------------------------------------------------------------------
    Test class:  GetCommitsBeforeAfterAroundTest
    Test method: commitTimestampsBeforeWorksIfThereAreNoCommits[Using mapdb]
    End time:    2017/08/28 19:51:18 (Duration: 200ms)
================================================================================





================================================================================
 TEST START                                                                     
--------------------------------------------------------------------------------
    Test class:  GetCommitsBeforeAfterAroundTest
    Test method: commitsAfterWorksIfThereAreNotEnoughCommits[Using mapdb]
    Start time:  2017/08/28 19:51:18
================================================================================





================================================================================
 TEST SUCCEEDED                                                                 
--------------------------------------------------------------------------------
    Test class:  GetCommitsBeforeAfterAroundTest
    Test method: commitsAfterWorksIfThereAreNotEnoughCommits[Using mapdb]
    End time:    2017/08/28 19:51:19 (Duration: 369ms)
================================================================================





================================================================================
 TEST START                                                                     
--------------------------------------------------------------------------------
    Test class:  GetCommitsBeforeAfterAroundTest
    Test method: commitsAroundWorksIfNotEnoughCommitsArePresentOnEitherSide[Using mapdb]
    Start time:  2017/08/28 19:51:19
================================================================================





================================================================================
 TEST SUCCEEDED                                                                 
--------------------------------------------------------------------------------
    Test class:  GetCommitsBeforeAfterAroundTest
    Test method: commitsAroundWorksIfNotEnoughCommitsArePresentOnEitherSide[Using mapdb]
    End time:    2017/08/28 19:51:19 (Duration: 531ms)
================================================================================





================================================================================
 TEST START                                                                     
--------------------------------------------------------------------------------
    Test class:  GetCommitsBeforeAfterAroundTest
    Test method: commitsBeforeWorksIfThereAreExactlyEnoughCommits[Using mapdb]
    Start time:  2017/08/28 19:51:19
================================================================================





================================================================================
 TEST SUCCEEDED                                                                 
--------------------------------------------------------------------------------
    Test class:  GetCommitsBeforeAfterAroundTest
    Test method: commitsBeforeWorksIfThereAreExactlyEnoughCommits[Using mapdb]
    End time:    2017/08/28 19:51:20 (Duration: 831ms)
================================================================================





================================================================================
 TEST START                                                                     
--------------------------------------------------------------------------------
    Test class:  GetCommitsBeforeAfterAroundTest
    Test method: commitTimestampsBeforeWorksIfThereAreExactlyEnoughCommits[Using mapdb]
    Start time:  2017/08/28 19:51:20
================================================================================





================================================================================
 TEST SUCCEEDED                                                                 
--------------------------------------------------------------------------------
    Test class:  GetCommitsBeforeAfterAroundTest
    Test method: commitTimestampsBeforeWorksIfThereAreExactlyEnoughCommits[Using mapdb]
    End time:    2017/08/28 19:51:21 (Duration: 835ms)
================================================================================





================================================================================
 TEST START                                                                     
--------------------------------------------------------------------------------
    Test class:  GetCommitsBeforeAfterAroundTest
    Test method: commitTimestampsAroundWorksIfNotEnoughElementsArePresentBefore[Using mapdb]
    Start time:  2017/08/28 19:51:21
================================================================================





================================================================================
 TEST SUCCEEDED                                                                 
--------------------------------------------------------------------------------
    Test class:  GetCommitsBeforeAfterAroundTest
    Test method: commitTimestampsAroundWorksIfNotEnoughElementsArePresentBefore[Using mapdb]
    End time:    2017/08/28 19:51:21 (Duration: 466ms)
================================================================================





================================================================================
 TEST START                                                                     
--------------------------------------------------------------------------------
    Test class:  GetCommitsBeforeAfterAroundTest
    Test method: commitTimestampsAfterWorksIfThereAreNoCommits[Using mapdb]
    Start time:  2017/08/28 19:51:21
================================================================================





================================================================================
 TEST SUCCEEDED                                                                 
--------------------------------------------------------------------------------
    Test class:  GetCommitsBeforeAfterAroundTest
    Test method: commitTimestampsAfterWorksIfThereAreNoCommits[Using mapdb]
    End time:    2017/08/28 19:51:22 (Duration: 201ms)
================================================================================





================================================================================
 TEST START                                                                     
--------------------------------------------------------------------------------
    Test class:  GetCommitsBeforeAfterAroundTest
    Test method: commitTimestampsAfterWorksIfThereAreNotEnoughCommits[Using mapdb]
    Start time:  2017/08/28 19:51:22
================================================================================





================================================================================
 TEST SUCCEEDED                                                                 
--------------------------------------------------------------------------------
    Test class:  GetCommitsBeforeAfterAroundTest
    Test method: commitTimestampsAfterWorksIfThereAreNotEnoughCommits[Using mapdb]
    End time:    2017/08/28 19:51:22 (Duration: 368ms)
================================================================================





================================================================================
 TEST START                                                                     
--------------------------------------------------------------------------------
    Test class:  GetCommitsBeforeAfterAroundTest
    Test method: commitTimestampsAfterZeroWorks[Using mapdb]
    Start time:  2017/08/28 19:51:22
================================================================================





================================================================================
 TEST SUCCEEDED                                                                 
--------------------------------------------------------------------------------
    Test class:  GetCommitsBeforeAfterAroundTest
    Test method: commitTimestampsAfterZeroWorks[Using mapdb]
    End time:    2017/08/28 19:51:23 (Duration: 547ms)
================================================================================





================================================================================
 TEST START                                                                     
--------------------------------------------------------------------------------
    Test class:  GetCommitsBeforeAfterAroundTest
    Test method: commitsAroundWorksIfNotEnoughElementsArePresentAfter[Using mapdb]
    Start time:  2017/08/28 19:51:23
================================================================================





================================================================================
 TEST SUCCEEDED                                                                 
--------------------------------------------------------------------------------
    Test class:  GetCommitsBeforeAfterAroundTest
    Test method: commitsAroundWorksIfNotEnoughElementsArePresentAfter[Using mapdb]
    End time:    2017/08/28 19:51:23 (Duration: 585ms)
================================================================================





================================================================================
 TEST START                                                                     
--------------------------------------------------------------------------------
    Test class:  GetCommitsBeforeAfterAroundTest
    Test method: commitsAfterWorksIfThereAreExactlyEnoughCommits[Using mapdb]
    Start time:  2017/08/28 19:51:23
================================================================================





================================================================================
 TEST SUCCEEDED                                                                 
--------------------------------------------------------------------------------
    Test class:  GetCommitsBeforeAfterAroundTest
    Test method: commitsAfterWorksIfThereAreExactlyEnoughCommits[Using mapdb]
    End time:    2017/08/28 19:51:24 (Duration: 669ms)
================================================================================





================================================================================
 TEST START                                                                     
--------------------------------------------------------------------------------
    Test class:  GetCommitsBeforeAfterAroundTest
    Test method: commitTimestampsBeforeWorksIfThereAreNotEnoughCommits[Using mapdb]
    Start time:  2017/08/28 19:51:24
================================================================================





================================================================================
 TEST SUCCEEDED                                                                 
--------------------------------------------------------------------------------
    Test class:  GetCommitsBeforeAfterAroundTest
    Test method: commitTimestampsBeforeWorksIfThereAreNotEnoughCommits[Using mapdb]
    End time:    2017/08/28 19:51:25 (Duration: 832ms)
================================================================================





================================================================================
 TEST START                                                                     
--------------------------------------------------------------------------------
    Test class:  GetCommitsBeforeAfterAroundTest
    Test method: commitTimestampsAroundWorksIfTimestampIsNotExactlyMatchingACommit[Using mapdb]
    Start time:  2017/08/28 19:51:25
================================================================================





================================================================================
 TEST SUCCEEDED                                                                 
--------------------------------------------------------------------------------
    Test class:  GetCommitsBeforeAfterAroundTest
    Test method: commitTimestampsAroundWorksIfTimestampIsNotExactlyMatchingACommit[Using mapdb]
    End time:    2017/08/28 19:51:25 (Duration: 868ms)
================================================================================





================================================================================
 TEST START                                                                     
--------------------------------------------------------------------------------
    Test class:  GetCommitsBeforeAfterAroundTest
    Test method: commitsBeforeWorksIfThereAreTooManyCommits[Using mapdb]
    Start time:  2017/08/28 19:51:25
================================================================================





================================================================================
 TEST SUCCEEDED                                                                 
--------------------------------------------------------------------------------
    Test class:  GetCommitsBeforeAfterAroundTest
    Test method: commitsBeforeWorksIfThereAreTooManyCommits[Using mapdb]
    End time:    2017/08/28 19:51:26 (Duration: 563ms)
================================================================================





================================================================================
 TEST START                                                                     
--------------------------------------------------------------------------------
    Test class:  GetCommitsBeforeAfterAroundTest
    Test method: commitsAroundWorksIfExactlyEnoughElementsArePresentOnBothSides[Using mapdb]
    Start time:  2017/08/28 19:51:26
================================================================================





================================================================================
 TEST SUCCEEDED                                                                 
--------------------------------------------------------------------------------
    Test class:  GetCommitsBeforeAfterAroundTest
    Test method: commitsAroundWorksIfExactlyEnoughElementsArePresentOnBothSides[Using mapdb]
    End time:    2017/08/28 19:51:26 (Duration: 384ms)
================================================================================





================================================================================
 TEST START                                                                     
--------------------------------------------------------------------------------
    Test class:  GetCommitsBeforeAfterAroundTest
    Test method: commitTimestampsAfterWorksIfThereAreExactlyEnoughCommits[Using mapdb]
    Start time:  2017/08/28 19:51:26
================================================================================





================================================================================
 TEST SUCCEEDED                                                                 
--------------------------------------------------------------------------------
    Test class:  GetCommitsBeforeAfterAroundTest
    Test method: commitTimestampsAfterWorksIfThereAreExactlyEnoughCommits[Using mapdb]
    End time:    2017/08/28 19:51:27 (Duration: 452ms)
================================================================================





================================================================================
 TEST START                                                                     
--------------------------------------------------------------------------------
    Test class:  GetCommitsBeforeAfterAroundTest
    Test method: commitsAfterWorksIfThereAreTooManyCommits[Using mapdb]
    Start time:  2017/08/28 19:51:27
================================================================================





================================================================================
 TEST SUCCEEDED                                                                 
--------------------------------------------------------------------------------
    Test class:  GetCommitsBeforeAfterAroundTest
    Test method: commitsAfterWorksIfThereAreTooManyCommits[Using mapdb]
    End time:    2017/08/28 19:51:28 (Duration: 801ms)
================================================================================





================================================================================
 TEST START                                                                     
--------------------------------------------------------------------------------
    Test class:  GetCommitsBeforeAfterAroundTest
    Test method: commitsAroundWorksIfNoCommitsArePresent[Using mapdb]
    Start time:  2017/08/28 19:51:28
================================================================================





================================================================================
 TEST SUCCEEDED                                                                 
--------------------------------------------------------------------------------
    Test class:  GetCommitsBeforeAfterAroundTest
    Test method: commitsAroundWorksIfNoCommitsArePresent[Using mapdb]
    End time:    2017/08/28 19:51:28 (Duration: 269ms)
================================================================================





================================================================================
 TEST START                                                                     
--------------------------------------------------------------------------------
    Test class:  GetCommitsBeforeAfterAroundTest
    Test method: commitTimestampsAfterWorksIfThereAreTooManyCommits[Using mapdb]
    Start time:  2017/08/28 19:51:28
================================================================================





================================================================================
 TEST SUCCEEDED                                                                 
--------------------------------------------------------------------------------
    Test class:  GetCommitsBeforeAfterAroundTest
    Test method: commitTimestampsAfterWorksIfThereAreTooManyCommits[Using mapdb]
    End time:    2017/08/28 19:51:29 (Duration: 797ms)
================================================================================





================================================================================
 TEST START                                                                     
--------------------------------------------------------------------------------
    Test class:  GetCommitsBeforeAfterAroundTest
    Test method: commitTimestampsAroundWorksIfNotEnoughElementsArePresentAfter[Using mapdb]
    Start time:  2017/08/28 19:51:29
================================================================================





================================================================================
 TEST SUCCEEDED                                                                 
--------------------------------------------------------------------------------
    Test class:  GetCommitsBeforeAfterAroundTest
    Test method: commitTimestampsAroundWorksIfNotEnoughElementsArePresentAfter[Using mapdb]
    End time:    2017/08/28 19:51:29 (Duration: 666ms)
================================================================================





================================================================================
 TEST START                                                                     
--------------------------------------------------------------------------------
    Test class:  GetCommitsBeforeAfterAroundTest
    Test method: commitsAroundWorksIfNotEnoughElementsArePresentBefore[Using mapdb]
    Start time:  2017/08/28 19:51:29
================================================================================





================================================================================
 TEST SUCCEEDED                                                                 
--------------------------------------------------------------------------------
    Test class:  GetCommitsBeforeAfterAroundTest
    Test method: commitsAroundWorksIfNotEnoughElementsArePresentBefore[Using mapdb]
    End time:    2017/08/28 19:51:30 (Duration: 485ms)
================================================================================





================================================================================
 TEST START                                                                     
--------------------------------------------------------------------------------
    Test class:  GetCommitsBeforeAfterAroundTest
    Test method: commitsBeforeWorksIfThereAreNoCommits[Using mapdb]
    Start time:  2017/08/28 19:51:30
================================================================================





================================================================================
 TEST SUCCEEDED                                                                 
--------------------------------------------------------------------------------
    Test class:  GetCommitsBeforeAfterAroundTest
    Test method: commitsBeforeWorksIfThereAreNoCommits[Using mapdb]
    End time:    2017/08/28 19:51:30 (Duration: 201ms)
================================================================================





================================================================================
 TEST START                                                                     
--------------------------------------------------------------------------------
    Test class:  GetCommitsBeforeAfterAroundTest
    Test method: commitsAfterWorksIfThereAreNoCommits[Using tupl]
    Start time:  2017/08/28 19:51:30
================================================================================





================================================================================
 TEST SUCCEEDED                                                                 
--------------------------------------------------------------------------------
    Test class:  GetCommitsBeforeAfterAroundTest
    Test method: commitsAfterWorksIfThereAreNoCommits[Using tupl]
    End time:    2017/08/28 19:51:30 (Duration: 84ms)
================================================================================





================================================================================
 TEST START                                                                     
--------------------------------------------------------------------------------
    Test class:  GetCommitsBeforeAfterAroundTest
    Test method: commitTimestampsAroundWorksIfExactlyEnoughElementsArePresentOnBothSides[Using tupl]
    Start time:  2017/08/28 19:51:30
================================================================================





================================================================================
 TEST SUCCEEDED                                                                 
--------------------------------------------------------------------------------
    Test class:  GetCommitsBeforeAfterAroundTest
    Test method: commitTimestampsAroundWorksIfExactlyEnoughElementsArePresentOnBothSides[Using tupl]
    End time:    2017/08/28 19:51:30 (Duration: 200ms)
================================================================================





================================================================================
 TEST START                                                                     
--------------------------------------------------------------------------------
    Test class:  GetCommitsBeforeAfterAroundTest
    Test method: commitTimestampsBeforeWorksIfThereAreTooManyCommits[Using tupl]
    Start time:  2017/08/28 19:51:30
================================================================================





================================================================================
 TEST SUCCEEDED                                                                 
--------------------------------------------------------------------------------
    Test class:  GetCommitsBeforeAfterAroundTest
    Test method: commitTimestampsBeforeWorksIfThereAreTooManyCommits[Using tupl]
    End time:    2017/08/28 19:51:31 (Duration: 268ms)
================================================================================





================================================================================
 TEST START                                                                     
--------------------------------------------------------------------------------
    Test class:  GetCommitsBeforeAfterAroundTest
    Test method: commitTimestampsAroundWorksIfNotEnoughCommitsArePresentOnEitherSide[Using tupl]
    Start time:  2017/08/28 19:51:31
================================================================================





================================================================================
 TEST SUCCEEDED                                                                 
--------------------------------------------------------------------------------
    Test class:  GetCommitsBeforeAfterAroundTest
    Test method: commitTimestampsAroundWorksIfNotEnoughCommitsArePresentOnEitherSide[Using tupl]
    End time:    2017/08/28 19:51:31 (Duration: 198ms)
================================================================================





================================================================================
 TEST START                                                                     
--------------------------------------------------------------------------------
    Test class:  GetCommitsBeforeAfterAroundTest
    Test method: commitsAroundWorksIfTimestampIsNotExactlyMatchingACommit[Using tupl]
    Start time:  2017/08/28 19:51:31
================================================================================





================================================================================
 TEST SUCCEEDED                                                                 
--------------------------------------------------------------------------------
    Test class:  GetCommitsBeforeAfterAroundTest
    Test method: commitsAroundWorksIfTimestampIsNotExactlyMatchingACommit[Using tupl]
    End time:    2017/08/28 19:51:31 (Duration: 281ms)
================================================================================





================================================================================
 TEST START                                                                     
--------------------------------------------------------------------------------
    Test class:  GetCommitsBeforeAfterAroundTest
    Test method: commitsAroundWorksIfMoreElementsThanNecessaryArePresentOnBothSides[Using tupl]
    Start time:  2017/08/28 19:51:31
================================================================================





================================================================================
 TEST SUCCEEDED                                                                 
--------------------------------------------------------------------------------
    Test class:  GetCommitsBeforeAfterAroundTest
    Test method: commitsAroundWorksIfMoreElementsThanNecessaryArePresentOnBothSides[Using tupl]
    End time:    2017/08/28 19:51:31 (Duration: 253ms)
================================================================================





================================================================================
 TEST START                                                                     
--------------------------------------------------------------------------------
    Test class:  GetCommitsBeforeAfterAroundTest
    Test method: commitsBeforeWorksIfThereAreNotEnoughCommits[Using tupl]
    Start time:  2017/08/28 19:51:31
================================================================================





================================================================================
 TEST SUCCEEDED                                                                 
--------------------------------------------------------------------------------
    Test class:  GetCommitsBeforeAfterAroundTest
    Test method: commitsBeforeWorksIfThereAreNotEnoughCommits[Using tupl]
    End time:    2017/08/28 19:51:32 (Duration: 270ms)
================================================================================





================================================================================
 TEST START                                                                     
--------------------------------------------------------------------------------
    Test class:  GetCommitsBeforeAfterAroundTest
    Test method: commitTimestampsAroundWorksIfMoreElementsThanNecessaryArePresentOnBothSides[Using tupl]
    Start time:  2017/08/28 19:51:32
================================================================================





================================================================================
 TEST SUCCEEDED                                                                 
--------------------------------------------------------------------------------
    Test class:  GetCommitsBeforeAfterAroundTest
    Test method: commitTimestampsAroundWorksIfMoreElementsThanNecessaryArePresentOnBothSides[Using tupl]
    End time:    2017/08/28 19:51:32 (Duration: 299ms)
================================================================================





================================================================================
 TEST START                                                                     
--------------------------------------------------------------------------------
    Test class:  GetCommitsBeforeAfterAroundTest
    Test method: commitTimestampsBeforeWorksIfThereAreNoCommits[Using tupl]
    Start time:  2017/08/28 19:51:32
================================================================================





================================================================================
 TEST SUCCEEDED                                                                 
--------------------------------------------------------------------------------
    Test class:  GetCommitsBeforeAfterAroundTest
    Test method: commitTimestampsBeforeWorksIfThereAreNoCommits[Using tupl]
    End time:    2017/08/28 19:51:32 (Duration: 78ms)
================================================================================





================================================================================
 TEST START                                                                     
--------------------------------------------------------------------------------
    Test class:  GetCommitsBeforeAfterAroundTest
    Test method: commitsAfterWorksIfThereAreNotEnoughCommits[Using tupl]
    Start time:  2017/08/28 19:51:32
================================================================================





================================================================================
 TEST SUCCEEDED                                                                 
--------------------------------------------------------------------------------
    Test class:  GetCommitsBeforeAfterAroundTest
    Test method: commitsAfterWorksIfThereAreNotEnoughCommits[Using tupl]
    End time:    2017/08/28 19:51:32 (Duration: 122ms)
================================================================================





================================================================================
 TEST START                                                                     
--------------------------------------------------------------------------------
    Test class:  GetCommitsBeforeAfterAroundTest
    Test method: commitsAroundWorksIfNotEnoughCommitsArePresentOnEitherSide[Using tupl]
    Start time:  2017/08/28 19:51:32
================================================================================





================================================================================
 TEST SUCCEEDED                                                                 
--------------------------------------------------------------------------------
    Test class:  GetCommitsBeforeAfterAroundTest
    Test method: commitsAroundWorksIfNotEnoughCommitsArePresentOnEitherSide[Using tupl]
    End time:    2017/08/28 19:51:32 (Duration: 100ms)
================================================================================





================================================================================
 TEST START                                                                     
--------------------------------------------------------------------------------
    Test class:  GetCommitsBeforeAfterAroundTest
    Test method: commitsBeforeWorksIfThereAreExactlyEnoughCommits[Using tupl]
    Start time:  2017/08/28 19:51:32
================================================================================





================================================================================
 TEST SUCCEEDED                                                                 
--------------------------------------------------------------------------------
    Test class:  GetCommitsBeforeAfterAroundTest
    Test method: commitsBeforeWorksIfThereAreExactlyEnoughCommits[Using tupl]
    End time:    2017/08/28 19:51:32 (Duration: 148ms)
================================================================================





================================================================================
 TEST START                                                                     
--------------------------------------------------------------------------------
    Test class:  GetCommitsBeforeAfterAroundTest
    Test method: commitTimestampsBeforeWorksIfThereAreExactlyEnoughCommits[Using tupl]
    Start time:  2017/08/28 19:51:32
================================================================================





================================================================================
 TEST SUCCEEDED                                                                 
--------------------------------------------------------------------------------
    Test class:  GetCommitsBeforeAfterAroundTest
    Test method: commitTimestampsBeforeWorksIfThereAreExactlyEnoughCommits[Using tupl]
    End time:    2017/08/28 19:51:33 (Duration: 152ms)
================================================================================





================================================================================
 TEST START                                                                     
--------------------------------------------------------------------------------
    Test class:  GetCommitsBeforeAfterAroundTest
    Test method: commitTimestampsAroundWorksIfNotEnoughElementsArePresentBefore[Using tupl]
    Start time:  2017/08/28 19:51:33
================================================================================





================================================================================
 TEST SUCCEEDED                                                                 
--------------------------------------------------------------------------------
    Test class:  GetCommitsBeforeAfterAroundTest
    Test method: commitTimestampsAroundWorksIfNotEnoughElementsArePresentBefore[Using tupl]
    End time:    2017/08/28 19:51:33 (Duration: 129ms)
================================================================================





================================================================================
 TEST START                                                                     
--------------------------------------------------------------------------------
    Test class:  GetCommitsBeforeAfterAroundTest
    Test method: commitTimestampsAfterWorksIfThereAreNoCommits[Using tupl]
    Start time:  2017/08/28 19:51:33
================================================================================





================================================================================
 TEST SUCCEEDED                                                                 
--------------------------------------------------------------------------------
    Test class:  GetCommitsBeforeAfterAroundTest
    Test method: commitTimestampsAfterWorksIfThereAreNoCommits[Using tupl]
    End time:    2017/08/28 19:51:33 (Duration: 71ms)
================================================================================





================================================================================
 TEST START                                                                     
--------------------------------------------------------------------------------
    Test class:  GetCommitsBeforeAfterAroundTest
    Test method: commitTimestampsAfterWorksIfThereAreNotEnoughCommits[Using tupl]
    Start time:  2017/08/28 19:51:33
================================================================================





================================================================================
 TEST SUCCEEDED                                                                 
--------------------------------------------------------------------------------
    Test class:  GetCommitsBeforeAfterAroundTest
    Test method: commitTimestampsAfterWorksIfThereAreNotEnoughCommits[Using tupl]
    End time:    2017/08/28 19:51:33 (Duration: 115ms)
================================================================================





================================================================================
 TEST START                                                                     
--------------------------------------------------------------------------------
    Test class:  GetCommitsBeforeAfterAroundTest
    Test method: commitTimestampsAfterZeroWorks[Using tupl]
    Start time:  2017/08/28 19:51:33
================================================================================





================================================================================
 TEST SUCCEEDED                                                                 
--------------------------------------------------------------------------------
    Test class:  GetCommitsBeforeAfterAroundTest
    Test method: commitTimestampsAfterZeroWorks[Using tupl]
    End time:    2017/08/28 19:51:33 (Duration: 141ms)
================================================================================





================================================================================
 TEST START                                                                     
--------------------------------------------------------------------------------
    Test class:  GetCommitsBeforeAfterAroundTest
    Test method: commitsAroundWorksIfNotEnoughElementsArePresentAfter[Using tupl]
    Start time:  2017/08/28 19:51:33
================================================================================





================================================================================
 TEST SUCCEEDED                                                                 
--------------------------------------------------------------------------------
    Test class:  GetCommitsBeforeAfterAroundTest
    Test method: commitsAroundWorksIfNotEnoughElementsArePresentAfter[Using tupl]
    End time:    2017/08/28 19:51:33 (Duration: 222ms)
================================================================================





================================================================================
 TEST START                                                                     
--------------------------------------------------------------------------------
    Test class:  GetCommitsBeforeAfterAroundTest
    Test method: commitsAfterWorksIfThereAreExactlyEnoughCommits[Using tupl]
    Start time:  2017/08/28 19:51:33
================================================================================





================================================================================
 TEST SUCCEEDED                                                                 
--------------------------------------------------------------------------------
    Test class:  GetCommitsBeforeAfterAroundTest
    Test method: commitsAfterWorksIfThereAreExactlyEnoughCommits[Using tupl]
    End time:    2017/08/28 19:51:33 (Duration: 221ms)
================================================================================





================================================================================
 TEST START                                                                     
--------------------------------------------------------------------------------
    Test class:  GetCommitsBeforeAfterAroundTest
    Test method: commitTimestampsBeforeWorksIfThereAreNotEnoughCommits[Using tupl]
    Start time:  2017/08/28 19:51:33
================================================================================





================================================================================
 TEST SUCCEEDED                                                                 
--------------------------------------------------------------------------------
    Test class:  GetCommitsBeforeAfterAroundTest
    Test method: commitTimestampsBeforeWorksIfThereAreNotEnoughCommits[Using tupl]
    End time:    2017/08/28 19:51:34 (Duration: 263ms)
================================================================================





================================================================================
 TEST START                                                                     
--------------------------------------------------------------------------------
    Test class:  GetCommitsBeforeAfterAroundTest
    Test method: commitTimestampsAroundWorksIfTimestampIsNotExactlyMatchingACommit[Using tupl]
    Start time:  2017/08/28 19:51:34
================================================================================





================================================================================
 TEST SUCCEEDED                                                                 
--------------------------------------------------------------------------------
    Test class:  GetCommitsBeforeAfterAroundTest
    Test method: commitTimestampsAroundWorksIfTimestampIsNotExactlyMatchingACommit[Using tupl]
    End time:    2017/08/28 19:51:34 (Duration: 285ms)
================================================================================





================================================================================
 TEST START                                                                     
--------------------------------------------------------------------------------
    Test class:  GetCommitsBeforeAfterAroundTest
    Test method: commitsBeforeWorksIfThereAreTooManyCommits[Using tupl]
    Start time:  2017/08/28 19:51:34
================================================================================





================================================================================
 TEST SUCCEEDED                                                                 
--------------------------------------------------------------------------------
    Test class:  GetCommitsBeforeAfterAroundTest
    Test method: commitsBeforeWorksIfThereAreTooManyCommits[Using tupl]
    End time:    2017/08/28 19:51:34 (Duration: 253ms)
================================================================================





================================================================================
 TEST START                                                                     
--------------------------------------------------------------------------------
    Test class:  GetCommitsBeforeAfterAroundTest
    Test method: commitsAroundWorksIfExactlyEnoughElementsArePresentOnBothSides[Using tupl]
    Start time:  2017/08/28 19:51:34
================================================================================





================================================================================
 TEST SUCCEEDED                                                                 
--------------------------------------------------------------------------------
    Test class:  GetCommitsBeforeAfterAroundTest
    Test method: commitsAroundWorksIfExactlyEnoughElementsArePresentOnBothSides[Using tupl]
    End time:    2017/08/28 19:51:34 (Duration: 200ms)
================================================================================





================================================================================
 TEST START                                                                     
--------------------------------------------------------------------------------
    Test class:  GetCommitsBeforeAfterAroundTest
    Test method: commitTimestampsAfterWorksIfThereAreExactlyEnoughCommits[Using tupl]
    Start time:  2017/08/28 19:51:34
================================================================================





================================================================================
 TEST SUCCEEDED                                                                 
--------------------------------------------------------------------------------
    Test class:  GetCommitsBeforeAfterAroundTest
    Test method: commitTimestampsAfterWorksIfThereAreExactlyEnoughCommits[Using tupl]
    End time:    2017/08/28 19:51:35 (Duration: 215ms)
================================================================================





================================================================================
 TEST START                                                                     
--------------------------------------------------------------------------------
    Test class:  GetCommitsBeforeAfterAroundTest
    Test method: commitsAfterWorksIfThereAreTooManyCommits[Using tupl]
    Start time:  2017/08/28 19:51:35
================================================================================





================================================================================
 TEST SUCCEEDED                                                                 
--------------------------------------------------------------------------------
    Test class:  GetCommitsBeforeAfterAroundTest
    Test method: commitsAfterWorksIfThereAreTooManyCommits[Using tupl]
    End time:    2017/08/28 19:51:35 (Duration: 285ms)
================================================================================





================================================================================
 TEST START                                                                     
--------------------------------------------------------------------------------
    Test class:  GetCommitsBeforeAfterAroundTest
    Test method: commitsAroundWorksIfNoCommitsArePresent[Using tupl]
    Start time:  2017/08/28 19:51:35
================================================================================





================================================================================
 TEST SUCCEEDED                                                                 
--------------------------------------------------------------------------------
    Test class:  GetCommitsBeforeAfterAroundTest
    Test method: commitsAroundWorksIfNoCommitsArePresent[Using tupl]
    End time:    2017/08/28 19:51:35 (Duration: 62ms)
================================================================================





================================================================================
 TEST START                                                                     
--------------------------------------------------------------------------------
    Test class:  GetCommitsBeforeAfterAroundTest
    Test method: commitTimestampsAfterWorksIfThereAreTooManyCommits[Using tupl]
    Start time:  2017/08/28 19:51:35
================================================================================





================================================================================
 TEST SUCCEEDED                                                                 
--------------------------------------------------------------------------------
    Test class:  GetCommitsBeforeAfterAroundTest
    Test method: commitTimestampsAfterWorksIfThereAreTooManyCommits[Using tupl]
    End time:    2017/08/28 19:51:35 (Duration: 153ms)
================================================================================





================================================================================
 TEST START                                                                     
--------------------------------------------------------------------------------
    Test class:  GetCommitsBeforeAfterAroundTest
    Test method: commitTimestampsAroundWorksIfNotEnoughElementsArePresentAfter[Using tupl]
    Start time:  2017/08/28 19:51:35
================================================================================





================================================================================
 TEST SUCCEEDED                                                                 
--------------------------------------------------------------------------------
    Test class:  GetCommitsBeforeAfterAroundTest
    Test method: commitTimestampsAroundWorksIfNotEnoughElementsArePresentAfter[Using tupl]
    End time:    2017/08/28 19:51:35 (Duration: 145ms)
================================================================================





================================================================================
 TEST START                                                                     
--------------------------------------------------------------------------------
    Test class:  GetCommitsBeforeAfterAroundTest
    Test method: commitsAroundWorksIfNotEnoughElementsArePresentBefore[Using tupl]
    Start time:  2017/08/28 19:51:35
================================================================================





================================================================================
 TEST SUCCEEDED                                                                 
--------------------------------------------------------------------------------
    Test class:  GetCommitsBeforeAfterAroundTest
    Test method: commitsAroundWorksIfNotEnoughElementsArePresentBefore[Using tupl]
    End time:    2017/08/28 19:51:35 (Duration: 140ms)
================================================================================





================================================================================
 TEST START                                                                     
--------------------------------------------------------------------------------
    Test class:  GetCommitsBeforeAfterAroundTest
    Test method: commitsBeforeWorksIfThereAreNoCommits[Using tupl]
    Start time:  2017/08/28 19:51:35
================================================================================





================================================================================
 TEST SUCCEEDED                                                                 
--------------------------------------------------------------------------------
    Test class:  GetCommitsBeforeAfterAroundTest
    Test method: commitsBeforeWorksIfThereAreNoCommits[Using tupl]
    End time:    2017/08/28 19:51:36 (Duration: 63ms)
================================================================================





================================================================================
 TEST START                                                                     
--------------------------------------------------------------------------------
    Test class:  GetCommitsBeforeAfterAroundTest
    Test method: commitsAfterWorksIfThereAreNoCommits[Using inmemory]
    Start time:  2017/08/28 19:51:36
================================================================================





================================================================================
 TEST SUCCEEDED                                                                 
--------------------------------------------------------------------------------
    Test class:  GetCommitsBeforeAfterAroundTest
    Test method: commitsAfterWorksIfThereAreNoCommits[Using inmemory]
    End time:    2017/08/28 19:51:36 (Duration: 0ms)
================================================================================





================================================================================
 TEST START                                                                     
--------------------------------------------------------------------------------
    Test class:  GetCommitsBeforeAfterAroundTest
    Test method: commitTimestampsAroundWorksIfExactlyEnoughElementsArePresentOnBothSides[Using inmemory]
    Start time:  2017/08/28 19:51:36
================================================================================





================================================================================
 TEST SUCCEEDED                                                                 
--------------------------------------------------------------------------------
    Test class:  GetCommitsBeforeAfterAroundTest
    Test method: commitTimestampsAroundWorksIfExactlyEnoughElementsArePresentOnBothSides[Using inmemory]
    End time:    2017/08/28 19:51:36 (Duration: 15ms)
================================================================================





================================================================================
 TEST START                                                                     
--------------------------------------------------------------------------------
    Test class:  GetCommitsBeforeAfterAroundTest
    Test method: commitTimestampsBeforeWorksIfThereAreTooManyCommits[Using inmemory]
    Start time:  2017/08/28 19:51:36
================================================================================





================================================================================
 TEST SUCCEEDED                                                                 
--------------------------------------------------------------------------------
    Test class:  GetCommitsBeforeAfterAroundTest
    Test method: commitTimestampsBeforeWorksIfThereAreTooManyCommits[Using inmemory]
    End time:    2017/08/28 19:51:36 (Duration: 9ms)
================================================================================





================================================================================
 TEST START                                                                     
--------------------------------------------------------------------------------
    Test class:  GetCommitsBeforeAfterAroundTest
    Test method: commitTimestampsAroundWorksIfNotEnoughCommitsArePresentOnEitherSide[Using inmemory]
    Start time:  2017/08/28 19:51:36
================================================================================





================================================================================
 TEST SUCCEEDED                                                                 
--------------------------------------------------------------------------------
    Test class:  GetCommitsBeforeAfterAroundTest
    Test method: commitTimestampsAroundWorksIfNotEnoughCommitsArePresentOnEitherSide[Using inmemory]
    End time:    2017/08/28 19:51:36 (Duration: 3ms)
================================================================================





================================================================================
 TEST START                                                                     
--------------------------------------------------------------------------------
    Test class:  GetCommitsBeforeAfterAroundTest
    Test method: commitsAroundWorksIfTimestampIsNotExactlyMatchingACommit[Using inmemory]
    Start time:  2017/08/28 19:51:36
================================================================================





================================================================================
 TEST SUCCEEDED                                                                 
--------------------------------------------------------------------------------
    Test class:  GetCommitsBeforeAfterAroundTest
    Test method: commitsAroundWorksIfTimestampIsNotExactlyMatchingACommit[Using inmemory]
    End time:    2017/08/28 19:51:36 (Duration: 73ms)
================================================================================





================================================================================
 TEST START                                                                     
--------------------------------------------------------------------------------
    Test class:  GetCommitsBeforeAfterAroundTest
    Test method: commitsAroundWorksIfMoreElementsThanNecessaryArePresentOnBothSides[Using inmemory]
    Start time:  2017/08/28 19:51:36
================================================================================





================================================================================
 TEST SUCCEEDED                                                                 
--------------------------------------------------------------------------------
    Test class:  GetCommitsBeforeAfterAroundTest
    Test method: commitsAroundWorksIfMoreElementsThanNecessaryArePresentOnBothSides[Using inmemory]
    End time:    2017/08/28 19:51:36 (Duration: 8ms)
================================================================================





================================================================================
 TEST START                                                                     
--------------------------------------------------------------------------------
    Test class:  GetCommitsBeforeAfterAroundTest
    Test method: commitsBeforeWorksIfThereAreNotEnoughCommits[Using inmemory]
    Start time:  2017/08/28 19:51:36
================================================================================





================================================================================
 TEST SUCCEEDED                                                                 
--------------------------------------------------------------------------------
    Test class:  GetCommitsBeforeAfterAroundTest
    Test method: commitsBeforeWorksIfThereAreNotEnoughCommits[Using inmemory]
    End time:    2017/08/28 19:51:36 (Duration: 7ms)
================================================================================





================================================================================
 TEST START                                                                     
--------------------------------------------------------------------------------
    Test class:  GetCommitsBeforeAfterAroundTest
    Test method: commitTimestampsAroundWorksIfMoreElementsThanNecessaryArePresentOnBothSides[Using inmemory]
    Start time:  2017/08/28 19:51:36
================================================================================





================================================================================
 TEST SUCCEEDED                                                                 
--------------------------------------------------------------------------------
    Test class:  GetCommitsBeforeAfterAroundTest
    Test method: commitTimestampsAroundWorksIfMoreElementsThanNecessaryArePresentOnBothSides[Using inmemory]
    End time:    2017/08/28 19:51:36 (Duration: 9ms)
================================================================================





================================================================================
 TEST START                                                                     
--------------------------------------------------------------------------------
    Test class:  GetCommitsBeforeAfterAroundTest
    Test method: commitTimestampsBeforeWorksIfThereAreNoCommits[Using inmemory]
    Start time:  2017/08/28 19:51:36
================================================================================





================================================================================
 TEST SUCCEEDED                                                                 
--------------------------------------------------------------------------------
    Test class:  GetCommitsBeforeAfterAroundTest
    Test method: commitTimestampsBeforeWorksIfThereAreNoCommits[Using inmemory]
    End time:    2017/08/28 19:51:36 (Duration: 1ms)
================================================================================





================================================================================
 TEST START                                                                     
--------------------------------------------------------------------------------
    Test class:  GetCommitsBeforeAfterAroundTest
    Test method: commitsAfterWorksIfThereAreNotEnoughCommits[Using inmemory]
    Start time:  2017/08/28 19:51:36
================================================================================





================================================================================
 TEST SUCCEEDED                                                                 
--------------------------------------------------------------------------------
    Test class:  GetCommitsBeforeAfterAroundTest
    Test method: commitsAfterWorksIfThereAreNotEnoughCommits[Using inmemory]
    End time:    2017/08/28 19:51:36 (Duration: 4ms)
================================================================================





================================================================================
 TEST START                                                                     
--------------------------------------------------------------------------------
    Test class:  GetCommitsBeforeAfterAroundTest
    Test method: commitsAroundWorksIfNotEnoughCommitsArePresentOnEitherSide[Using inmemory]
    Start time:  2017/08/28 19:51:36
================================================================================





================================================================================
 TEST SUCCEEDED                                                                 
--------------------------------------------------------------------------------
    Test class:  GetCommitsBeforeAfterAroundTest
    Test method: commitsAroundWorksIfNotEnoughCommitsArePresentOnEitherSide[Using inmemory]
    End time:    2017/08/28 19:51:36 (Duration: 4ms)
================================================================================





================================================================================
 TEST START                                                                     
--------------------------------------------------------------------------------
    Test class:  GetCommitsBeforeAfterAroundTest
    Test method: commitsBeforeWorksIfThereAreExactlyEnoughCommits[Using inmemory]
    Start time:  2017/08/28 19:51:36
================================================================================





================================================================================
 TEST SUCCEEDED                                                                 
--------------------------------------------------------------------------------
    Test class:  GetCommitsBeforeAfterAroundTest
    Test method: commitsBeforeWorksIfThereAreExactlyEnoughCommits[Using inmemory]
    End time:    2017/08/28 19:51:36 (Duration: 6ms)
================================================================================





================================================================================
 TEST START                                                                     
--------------------------------------------------------------------------------
    Test class:  GetCommitsBeforeAfterAroundTest
    Test method: commitTimestampsBeforeWorksIfThereAreExactlyEnoughCommits[Using inmemory]
    Start time:  2017/08/28 19:51:36
================================================================================





================================================================================
 TEST SUCCEEDED                                                                 
--------------------------------------------------------------------------------
    Test class:  GetCommitsBeforeAfterAroundTest
    Test method: commitTimestampsBeforeWorksIfThereAreExactlyEnoughCommits[Using inmemory]
    End time:    2017/08/28 19:51:36 (Duration: 7ms)
================================================================================





================================================================================
 TEST START                                                                     
--------------------------------------------------------------------------------
    Test class:  GetCommitsBeforeAfterAroundTest
    Test method: commitTimestampsAroundWorksIfNotEnoughElementsArePresentBefore[Using inmemory]
    Start time:  2017/08/28 19:51:36
================================================================================





================================================================================
 TEST SUCCEEDED                                                                 
--------------------------------------------------------------------------------
    Test class:  GetCommitsBeforeAfterAroundTest
    Test method: commitTimestampsAroundWorksIfNotEnoughElementsArePresentBefore[Using inmemory]
    End time:    2017/08/28 19:51:36 (Duration: 6ms)
================================================================================





================================================================================
 TEST START                                                                     
--------------------------------------------------------------------------------
    Test class:  GetCommitsBeforeAfterAroundTest
    Test method: commitTimestampsAfterWorksIfThereAreNoCommits[Using inmemory]
    Start time:  2017/08/28 19:51:36
================================================================================





================================================================================
 TEST SUCCEEDED                                                                 
--------------------------------------------------------------------------------
    Test class:  GetCommitsBeforeAfterAroundTest
    Test method: commitTimestampsAfterWorksIfThereAreNoCommits[Using inmemory]
    End time:    2017/08/28 19:51:36 (Duration: 0ms)
================================================================================





================================================================================
 TEST START                                                                     
--------------------------------------------------------------------------------
    Test class:  GetCommitsBeforeAfterAroundTest
    Test method: commitTimestampsAfterWorksIfThereAreNotEnoughCommits[Using inmemory]
    Start time:  2017/08/28 19:51:36
================================================================================





================================================================================
 TEST SUCCEEDED                                                                 
--------------------------------------------------------------------------------
    Test class:  GetCommitsBeforeAfterAroundTest
    Test method: commitTimestampsAfterWorksIfThereAreNotEnoughCommits[Using inmemory]
    End time:    2017/08/28 19:51:36 (Duration: 5ms)
================================================================================





================================================================================
 TEST START                                                                     
--------------------------------------------------------------------------------
    Test class:  GetCommitsBeforeAfterAroundTest
    Test method: commitTimestampsAfterZeroWorks[Using inmemory]
    Start time:  2017/08/28 19:51:36
================================================================================





================================================================================
 TEST SUCCEEDED                                                                 
--------------------------------------------------------------------------------
    Test class:  GetCommitsBeforeAfterAroundTest
    Test method: commitTimestampsAfterZeroWorks[Using inmemory]
    End time:    2017/08/28 19:51:36 (Duration: 8ms)
================================================================================





================================================================================
 TEST START                                                                     
--------------------------------------------------------------------------------
    Test class:  GetCommitsBeforeAfterAroundTest
    Test method: commitsAroundWorksIfNotEnoughElementsArePresentAfter[Using inmemory]
    Start time:  2017/08/28 19:51:36
================================================================================





================================================================================
 TEST SUCCEEDED                                                                 
--------------------------------------------------------------------------------
    Test class:  GetCommitsBeforeAfterAroundTest
    Test method: commitsAroundWorksIfNotEnoughElementsArePresentAfter[Using inmemory]
    End time:    2017/08/28 19:51:36 (Duration: 8ms)
================================================================================





================================================================================
 TEST START                                                                     
--------------------------------------------------------------------------------
    Test class:  GetCommitsBeforeAfterAroundTest
    Test method: commitsAfterWorksIfThereAreExactlyEnoughCommits[Using inmemory]
    Start time:  2017/08/28 19:51:36
================================================================================





================================================================================
 TEST SUCCEEDED                                                                 
--------------------------------------------------------------------------------
    Test class:  GetCommitsBeforeAfterAroundTest
    Test method: commitsAfterWorksIfThereAreExactlyEnoughCommits[Using inmemory]
    End time:    2017/08/28 19:51:36 (Duration: 5ms)
================================================================================





================================================================================
 TEST START                                                                     
--------------------------------------------------------------------------------
    Test class:  GetCommitsBeforeAfterAroundTest
    Test method: commitTimestampsBeforeWorksIfThereAreNotEnoughCommits[Using inmemory]
    Start time:  2017/08/28 19:51:36
================================================================================





================================================================================
 TEST SUCCEEDED                                                                 
--------------------------------------------------------------------------------
    Test class:  GetCommitsBeforeAfterAroundTest
    Test method: commitTimestampsBeforeWorksIfThereAreNotEnoughCommits[Using inmemory]
    End time:    2017/08/28 19:51:36 (Duration: 7ms)
================================================================================





================================================================================
 TEST START                                                                     
--------------------------------------------------------------------------------
    Test class:  GetCommitsBeforeAfterAroundTest
    Test method: commitTimestampsAroundWorksIfTimestampIsNotExactlyMatchingACommit[Using inmemory]
    Start time:  2017/08/28 19:51:36
================================================================================





================================================================================
 TEST SUCCEEDED                                                                 
--------------------------------------------------------------------------------
    Test class:  GetCommitsBeforeAfterAroundTest
    Test method: commitTimestampsAroundWorksIfTimestampIsNotExactlyMatchingACommit[Using inmemory]
    End time:    2017/08/28 19:51:36 (Duration: 68ms)
================================================================================





================================================================================
 TEST START                                                                     
--------------------------------------------------------------------------------
    Test class:  GetCommitsBeforeAfterAroundTest
    Test method: commitsBeforeWorksIfThereAreTooManyCommits[Using inmemory]
    Start time:  2017/08/28 19:51:36
================================================================================





================================================================================
 TEST SUCCEEDED                                                                 
--------------------------------------------------------------------------------
    Test class:  GetCommitsBeforeAfterAroundTest
    Test method: commitsBeforeWorksIfThereAreTooManyCommits[Using inmemory]
    End time:    2017/08/28 19:51:36 (Duration: 8ms)
================================================================================





================================================================================
 TEST START                                                                     
--------------------------------------------------------------------------------
    Test class:  GetCommitsBeforeAfterAroundTest
    Test method: commitsAroundWorksIfExactlyEnoughElementsArePresentOnBothSides[Using inmemory]
    Start time:  2017/08/28 19:51:36
================================================================================





================================================================================
 TEST SUCCEEDED                                                                 
--------------------------------------------------------------------------------
    Test class:  GetCommitsBeforeAfterAroundTest
    Test method: commitsAroundWorksIfExactlyEnoughElementsArePresentOnBothSides[Using inmemory]
    End time:    2017/08/28 19:51:36 (Duration: 4ms)
================================================================================





================================================================================
 TEST START                                                                     
--------------------------------------------------------------------------------
    Test class:  GetCommitsBeforeAfterAroundTest
    Test method: commitTimestampsAfterWorksIfThereAreExactlyEnoughCommits[Using inmemory]
    Start time:  2017/08/28 19:51:36
================================================================================





================================================================================
 TEST SUCCEEDED                                                                 
--------------------------------------------------------------------------------
    Test class:  GetCommitsBeforeAfterAroundTest
    Test method: commitTimestampsAfterWorksIfThereAreExactlyEnoughCommits[Using inmemory]
    End time:    2017/08/28 19:51:36 (Duration: 5ms)
================================================================================





================================================================================
 TEST START                                                                     
--------------------------------------------------------------------------------
    Test class:  GetCommitsBeforeAfterAroundTest
    Test method: commitsAfterWorksIfThereAreTooManyCommits[Using inmemory]
    Start time:  2017/08/28 19:51:36
================================================================================





================================================================================
 TEST SUCCEEDED                                                                 
--------------------------------------------------------------------------------
    Test class:  GetCommitsBeforeAfterAroundTest
    Test method: commitsAfterWorksIfThereAreTooManyCommits[Using inmemory]
    End time:    2017/08/28 19:51:36 (Duration: 8ms)
================================================================================





================================================================================
 TEST START                                                                     
--------------------------------------------------------------------------------
    Test class:  GetCommitsBeforeAfterAroundTest
    Test method: commitsAroundWorksIfNoCommitsArePresent[Using inmemory]
    Start time:  2017/08/28 19:51:36
================================================================================





================================================================================
 TEST SUCCEEDED                                                                 
--------------------------------------------------------------------------------
    Test class:  GetCommitsBeforeAfterAroundTest
    Test method: commitsAroundWorksIfNoCommitsArePresent[Using inmemory]
    End time:    2017/08/28 19:51:36 (Duration: 0ms)
================================================================================





================================================================================
 TEST START                                                                     
--------------------------------------------------------------------------------
    Test class:  GetCommitsBeforeAfterAroundTest
    Test method: commitTimestampsAfterWorksIfThereAreTooManyCommits[Using inmemory]
    Start time:  2017/08/28 19:51:36
================================================================================





================================================================================
 TEST SUCCEEDED                                                                 
--------------------------------------------------------------------------------
    Test class:  GetCommitsBeforeAfterAroundTest
    Test method: commitTimestampsAfterWorksIfThereAreTooManyCommits[Using inmemory]
    End time:    2017/08/28 19:51:36 (Duration: 8ms)
================================================================================





================================================================================
 TEST START                                                                     
--------------------------------------------------------------------------------
    Test class:  GetCommitsBeforeAfterAroundTest
    Test method: commitTimestampsAroundWorksIfNotEnoughElementsArePresentAfter[Using inmemory]
    Start time:  2017/08/28 19:51:36
================================================================================





================================================================================
 TEST SUCCEEDED                                                                 
--------------------------------------------------------------------------------
    Test class:  GetCommitsBeforeAfterAroundTest
    Test method: commitTimestampsAroundWorksIfNotEnoughElementsArePresentAfter[Using inmemory]
    End time:    2017/08/28 19:51:36 (Duration: 8ms)
================================================================================





================================================================================
 TEST START                                                                     
--------------------------------------------------------------------------------
    Test class:  GetCommitsBeforeAfterAroundTest
    Test method: commitsAroundWorksIfNotEnoughElementsArePresentBefore[Using inmemory]
    Start time:  2017/08/28 19:51:36
================================================================================





================================================================================
 TEST SUCCEEDED                                                                 
--------------------------------------------------------------------------------
    Test class:  GetCommitsBeforeAfterAroundTest
    Test method: commitsAroundWorksIfNotEnoughElementsArePresentBefore[Using inmemory]
    End time:    2017/08/28 19:51:36 (Duration: 6ms)
================================================================================





================================================================================
 TEST START                                                                     
--------------------------------------------------------------------------------
    Test class:  GetCommitsBeforeAfterAroundTest
    Test method: commitsBeforeWorksIfThereAreNoCommits[Using inmemory]
    Start time:  2017/08/28 19:51:36
================================================================================





================================================================================
 TEST SUCCEEDED                                                                 
--------------------------------------------------------------------------------
    Test class:  GetCommitsBeforeAfterAroundTest
    Test method: commitsBeforeWorksIfThereAreNoCommits[Using inmemory]
    End time:    2017/08/28 19:51:36 (Duration: 0ms)
================================================================================



19:51:36.331 [Test worker] INFO  o.c.common.test.ChronosUnitTest - Attempting to delete temp directory provided at: C:\Users\Martin\AppData\Local\Temp\ChronoDBTest5529815287975316420
19:51:36.331 [Test worker] INFO  o.c.common.test.ChronosUnitTest - Successfully deleted temp directory
]]></system-out>
  <system-err><![CDATA[]]></system-err>
</testsuite>
