<?xml version="1.0" encoding="UTF-8"?>
<testsuite name="org.chronos.chronodb.test.query.condition.DoubleQueryConditionEqualityToleranceTest" tests="2" skipped="0" failures="0" errors="0" timestamp="2017-08-28T17:54:29" hostname="Aurora" time="0.0">
  <properties/>
  <testcase name="equalityToleranceWorksInPositiveAndNegativeDirection" classname="org.chronos.chronodb.test.query.condition.DoubleQueryConditionEqualityToleranceTest" time="0.0"/>
  <testcase name="equalityToleranceWorks" classname="org.chronos.chronodb.test.query.condition.DoubleQueryConditionEqualityToleranceTest" time="0.0"/>
  <system-out><![CDATA[19:54:29.863 [Test worker] INFO  o.c.common.test.ChronosUnitTest - Temp directory is provided at: C:\Users\Martin\AppData\Local\Temp\ChronoDBTest5529815287975316420


================================================================================
 TEST START                                                                     
--------------------------------------------------------------------------------
    Test class:  DoubleQueryConditionEqualityToleranceTest
    Test method: equalityToleranceWorksInPositiveAndNegativeDirection
    Start time:  2017/08/28 19:54:29
================================================================================





================================================================================
 TEST SUCCEEDED                                                                 
--------------------------------------------------------------------------------
    Test class:  DoubleQueryConditionEqualityToleranceTest
    Test method: equalityToleranceWorksInPositiveAndNegativeDirection
    End time:    2017/08/28 19:54:29 (Duration: 0ms)
================================================================================





================================================================================
 TEST START                                                                     
--------------------------------------------------------------------------------
    Test class:  DoubleQueryConditionEqualityToleranceTest
    Test method: equalityToleranceWorks
    Start time:  2017/08/28 19:54:29
================================================================================





================================================================================
 TEST SUCCEEDED                                                                 
--------------------------------------------------------------------------------
    Test class:  DoubleQueryConditionEqualityToleranceTest
    Test method: equalityToleranceWorks
    End time:    2017/08/28 19:54:29 (Duration: 0ms)
================================================================================



19:54:29.863 [Test worker] INFO  o.c.common.test.ChronosUnitTest - Attempting to delete temp directory provided at: C:\Users\Martin\AppData\Local\Temp\ChronoDBTest5529815287975316420
19:54:29.863 [Test worker] INFO  o.c.common.test.ChronosUnitTest - Successfully deleted temp directory
]]></system-out>
  <system-err><![CDATA[]]></system-err>
</testsuite>
