<?xml version="1.0" encoding="UTF-8"?>
<testsuite name="org.chronos.chronodb.test.settings.ChronoDBPropertiesFileTest" tests="2" skipped="0" failures="0" errors="0" timestamp="2017-08-28T17:54:30" hostname="Aurora" time="0.279">
  <properties/>
  <testcase name="loadingFullChronoConfigFromPropertiesFileWorks" classname="org.chronos.chronodb.test.settings.ChronoDBPropertiesFileTest" time="0.0"/>
  <testcase name="loadingPartialChronoConfigFromPropertiesFileWorks" classname="org.chronos.chronodb.test.settings.ChronoDBPropertiesFileTest" time="0.279"/>
  <system-out><![CDATA[19:54:30.586 [Test worker] INFO  o.c.common.test.ChronosUnitTest - Temp directory is provided at: C:\Users\Martin\AppData\Local\Temp\ChronoDBTest5529815287975316420


================================================================================
 TEST START                                                                     
--------------------------------------------------------------------------------
    Test class:  ChronoDBPropertiesFileTest
    Test method: loadingFullChronoConfigFromPropertiesFileWorks
    Start time:  2017/08/28 19:54:30
================================================================================





================================================================================
 TEST SUCCEEDED                                                                 
--------------------------------------------------------------------------------
    Test class:  ChronoDBPropertiesFileTest
    Test method: loadingFullChronoConfigFromPropertiesFileWorks
    End time:    2017/08/28 19:54:30 (Duration: 0ms)
================================================================================





================================================================================
 TEST START                                                                     
--------------------------------------------------------------------------------
    Test class:  ChronoDBPropertiesFileTest
    Test method: loadingPartialChronoConfigFromPropertiesFileWorks
    Start time:  2017/08/28 19:54:30
================================================================================





================================================================================
 TEST SUCCEEDED                                                                 
--------------------------------------------------------------------------------
    Test class:  ChronoDBPropertiesFileTest
    Test method: loadingPartialChronoConfigFromPropertiesFileWorks
    End time:    2017/08/28 19:54:30 (Duration: 279ms)
================================================================================



19:54:30.865 [Test worker] INFO  o.c.common.test.ChronosUnitTest - Attempting to delete temp directory provided at: C:\Users\Martin\AppData\Local\Temp\ChronoDBTest5529815287975316420
19:54:30.865 [Test worker] INFO  o.c.common.test.ChronosUnitTest - Successfully deleted temp directory
]]></system-out>
  <system-err><![CDATA[]]></system-err>
</testsuite>
