<?xml version="1.0" encoding="UTF-8"?>
<testsuite name="org.chronos.chronodb.test.engine.dbdump.DBDumpTest" tests="60" skipped="0" failures="0" errors="0" timestamp="2017-08-28T17:51:49" hostname="Aurora" time="22.602">
  <properties/>
  <testcase name="canOverrideDefaultConverterWithAnnotation[Using inmemory]" classname="org.chronos.chronodb.test.engine.dbdump.DBDumpTest" time="0.165"/>
  <testcase name="canReadWriteZippedDump[Using inmemory]" classname="org.chronos.chronodb.test.engine.dbdump.DBDumpTest" time="0.016"/>
  <testcase name="canExportAndImportDumpOnSameDBType[Using inmemory]" classname="org.chronos.chronodb.test.engine.dbdump.DBDumpTest" time="0.036"/>
  <testcase name="canCreateDumpFileIfNotExists[Using inmemory]" classname="org.chronos.chronodb.test.engine.dbdump.DBDumpTest" time="0.017"/>
  <testcase name="canExportAndImportWellKnownValues[Using inmemory]" classname="org.chronos.chronodb.test.engine.dbdump.DBDumpTest" time="0.015"/>
  <testcase name="canAccessCommitMetadataAfterReadingDump[Using inmemory]" classname="org.chronos.chronodb.test.engine.dbdump.DBDumpTest" time="0.007"/>
  <testcase name="canExportAndImportIndexers[Using inmemory]" classname="org.chronos.chronodb.test.engine.dbdump.DBDumpTest" time="0.031"/>
  <testcase name="canRegisterDefaultConverters[Using inmemory]" classname="org.chronos.chronodb.test.engine.dbdump.DBDumpTest" time="0.0"/>
  <testcase name="canLoadDumpWithInMemoryDB[Using inmemory]" classname="org.chronos.chronodb.test.engine.dbdump.DBDumpTest" time="0.043"/>
  <testcase name="canAccessCommitTimestampsAfterReadingDump[Using inmemory]" classname="org.chronos.chronodb.test.engine.dbdump.DBDumpTest" time="0.005"/>
  <testcase name="canFallBackToBinaryForUnknownValueTypes[Using inmemory]" classname="org.chronos.chronodb.test.engine.dbdump.DBDumpTest" time="0.015"/>
  <testcase name="canExportInPlainTextFormat[Using inmemory]" classname="org.chronos.chronodb.test.engine.dbdump.DBDumpTest" time="0.0"/>
  <testcase name="canOverrideDefaultConverterWithAnnotation[Using chunked]" classname="org.chronos.chronodb.test.engine.dbdump.DBDumpTest" time="0.731"/>
  <testcase name="canReadWriteZippedDump[Using chunked]" classname="org.chronos.chronodb.test.engine.dbdump.DBDumpTest" time="0.684"/>
  <testcase name="canExportAndImportDumpOnSameDBType[Using chunked]" classname="org.chronos.chronodb.test.engine.dbdump.DBDumpTest" time="0.947"/>
  <testcase name="canCreateDumpFileIfNotExists[Using chunked]" classname="org.chronos.chronodb.test.engine.dbdump.DBDumpTest" time="0.201"/>
  <testcase name="canExportAndImportWellKnownValues[Using chunked]" classname="org.chronos.chronodb.test.engine.dbdump.DBDumpTest" time="0.616"/>
  <testcase name="canAccessCommitMetadataAfterReadingDump[Using chunked]" classname="org.chronos.chronodb.test.engine.dbdump.DBDumpTest" time="1.438"/>
  <testcase name="canExportAndImportIndexers[Using chunked]" classname="org.chronos.chronodb.test.engine.dbdump.DBDumpTest" time="0.547"/>
  <testcase name="canRegisterDefaultConverters[Using chunked]" classname="org.chronos.chronodb.test.engine.dbdump.DBDumpTest" time="0.4"/>
  <testcase name="canLoadDumpWithInMemoryDB[Using chunked]" classname="org.chronos.chronodb.test.engine.dbdump.DBDumpTest" time="0.637"/>
  <testcase name="canAccessCommitTimestampsAfterReadingDump[Using chunked]" classname="org.chronos.chronodb.test.engine.dbdump.DBDumpTest" time="1.431"/>
  <testcase name="canFallBackToBinaryForUnknownValueTypes[Using chunked]" classname="org.chronos.chronodb.test.engine.dbdump.DBDumpTest" time="0.569"/>
  <testcase name="canExportInPlainTextFormat[Using chunked]" classname="org.chronos.chronodb.test.engine.dbdump.DBDumpTest" time="0.432"/>
  <testcase name="canOverrideDefaultConverterWithAnnotation[Using tupl]" classname="org.chronos.chronodb.test.engine.dbdump.DBDumpTest" time="0.154"/>
  <testcase name="canReadWriteZippedDump[Using tupl]" classname="org.chronos.chronodb.test.engine.dbdump.DBDumpTest" time="0.3"/>
  <testcase name="canExportAndImportDumpOnSameDBType[Using tupl]" classname="org.chronos.chronodb.test.engine.dbdump.DBDumpTest" time="0.578"/>
  <testcase name="canCreateDumpFileIfNotExists[Using tupl]" classname="org.chronos.chronodb.test.engine.dbdump.DBDumpTest" time="0.153"/>
  <testcase name="canExportAndImportWellKnownValues[Using tupl]" classname="org.chronos.chronodb.test.engine.dbdump.DBDumpTest" time="0.284"/>
  <testcase name="canAccessCommitMetadataAfterReadingDump[Using tupl]" classname="org.chronos.chronodb.test.engine.dbdump.DBDumpTest" time="0.485"/>
  <testcase name="canExportAndImportIndexers[Using tupl]" classname="org.chronos.chronodb.test.engine.dbdump.DBDumpTest" time="0.578"/>
  <testcase name="canRegisterDefaultConverters[Using tupl]" classname="org.chronos.chronodb.test.engine.dbdump.DBDumpTest" time="0.168"/>
  <testcase name="canLoadDumpWithInMemoryDB[Using tupl]" classname="org.chronos.chronodb.test.engine.dbdump.DBDumpTest" time="0.2"/>
  <testcase name="canAccessCommitTimestampsAfterReadingDump[Using tupl]" classname="org.chronos.chronodb.test.engine.dbdump.DBDumpTest" time="0.269"/>
  <testcase name="canFallBackToBinaryForUnknownValueTypes[Using tupl]" classname="org.chronos.chronodb.test.engine.dbdump.DBDumpTest" time="0.216"/>
  <testcase name="canExportInPlainTextFormat[Using tupl]" classname="org.chronos.chronodb.test.engine.dbdump.DBDumpTest" time="0.284"/>
  <testcase name="canOverrideDefaultConverterWithAnnotation[Using mapdb]" classname="org.chronos.chronodb.test.engine.dbdump.DBDumpTest" time="0.685"/>
  <testcase name="canReadWriteZippedDump[Using mapdb]" classname="org.chronos.chronodb.test.engine.dbdump.DBDumpTest" time="1.162"/>
  <testcase name="canExportAndImportDumpOnSameDBType[Using mapdb]" classname="org.chronos.chronodb.test.engine.dbdump.DBDumpTest" time="0.941"/>
  <testcase name="canCreateDumpFileIfNotExists[Using mapdb]" classname="org.chronos.chronodb.test.engine.dbdump.DBDumpTest" time="0.245"/>
  <testcase name="canExportAndImportWellKnownValues[Using mapdb]" classname="org.chronos.chronodb.test.engine.dbdump.DBDumpTest" time="0.515"/>
  <testcase name="canAccessCommitMetadataAfterReadingDump[Using mapdb]" classname="org.chronos.chronodb.test.engine.dbdump.DBDumpTest" time="1.136"/>
  <testcase name="canExportAndImportIndexers[Using mapdb]" classname="org.chronos.chronodb.test.engine.dbdump.DBDumpTest" time="1.284"/>
  <testcase name="canRegisterDefaultConverters[Using mapdb]" classname="org.chronos.chronodb.test.engine.dbdump.DBDumpTest" time="0.505"/>
  <testcase name="canLoadDumpWithInMemoryDB[Using mapdb]" classname="org.chronos.chronodb.test.engine.dbdump.DBDumpTest" time="0.463"/>
  <testcase name="canAccessCommitTimestampsAfterReadingDump[Using mapdb]" classname="org.chronos.chronodb.test.engine.dbdump.DBDumpTest" time="1.001"/>
  <testcase name="canFallBackToBinaryForUnknownValueTypes[Using mapdb]" classname="org.chronos.chronodb.test.engine.dbdump.DBDumpTest" time="0.684"/>
  <testcase name="canExportInPlainTextFormat[Using mapdb]" classname="org.chronos.chronodb.test.engine.dbdump.DBDumpTest" time="0.684"/>
  <testcase name="canOverrideDefaultConverterWithAnnotation[Using jdbc]" classname="org.chronos.chronodb.test.engine.dbdump.DBDumpTest" time="0.052"/>
  <testcase name="canReadWriteZippedDump[Using jdbc]" classname="org.chronos.chronodb.test.engine.dbdump.DBDumpTest" time="0.049"/>
  <testcase name="canExportAndImportDumpOnSameDBType[Using jdbc]" classname="org.chronos.chronodb.test.engine.dbdump.DBDumpTest" time="0.085"/>
  <testcase name="canCreateDumpFileIfNotExists[Using jdbc]" classname="org.chronos.chronodb.test.engine.dbdump.DBDumpTest" time="0.015"/>
  <testcase name="canExportAndImportWellKnownValues[Using jdbc]" classname="org.chronos.chronodb.test.engine.dbdump.DBDumpTest" time="0.054"/>
  <testcase name="canAccessCommitMetadataAfterReadingDump[Using jdbc]" classname="org.chronos.chronodb.test.engine.dbdump.DBDumpTest" time="0.048"/>
  <testcase name="canExportAndImportIndexers[Using jdbc]" classname="org.chronos.chronodb.test.engine.dbdump.DBDumpTest" time="0.067"/>
  <testcase name="canRegisterDefaultConverters[Using jdbc]" classname="org.chronos.chronodb.test.engine.dbdump.DBDumpTest" time="0.063"/>
  <testcase name="canLoadDumpWithInMemoryDB[Using jdbc]" classname="org.chronos.chronodb.test.engine.dbdump.DBDumpTest" time="0.052"/>
  <testcase name="canAccessCommitTimestampsAfterReadingDump[Using jdbc]" classname="org.chronos.chronodb.test.engine.dbdump.DBDumpTest" time="0.068"/>
  <testcase name="canFallBackToBinaryForUnknownValueTypes[Using jdbc]" classname="org.chronos.chronodb.test.engine.dbdump.DBDumpTest" time="0.048"/>
  <testcase name="canExportInPlainTextFormat[Using jdbc]" classname="org.chronos.chronodb.test.engine.dbdump.DBDumpTest" time="0.043"/>
  <system-out><![CDATA[19:51:49.980 [Test worker] INFO  o.c.common.test.ChronosUnitTest - Temp directory is provided at: C:\Users\Martin\AppData\Local\Temp\ChronoDBTest5529815287975316420


================================================================================
 TEST START                                                                     
--------------------------------------------------------------------------------
    Test class:  DBDumpTest
    Test method: canOverrideDefaultConverterWithAnnotation[Using inmemory]
    Start time:  2017/08/28 19:51:49
================================================================================



<chronodump>
  <dbmetadata>
    <creationDate>2017-08-28 17:51:50.92 UTC</creationDate>
    <chronosVersion>0.7.3-RELEASE</chronosVersion>
    <commitMetadata>
      <org.chronos.chronodb.internal.impl.dump.meta.CommitDumpMetadata>
        <timestamp>1503942709980</timestamp>
        <branch>master</branch>
      </org.chronos.chronodb.internal.impl.dump.meta.CommitDumpMetadata>
    </commitMetadata>
    <branchMetadata>
      <branch>
        <name>master</name>
        <branchingTimestamp>0</branchingTimestamp>
      </branch>
    </branchMetadata>
    <indexerMetadata/>
  </dbmetadata>
  <dbentryPlain>
    <timestamp>1503942709980</timestamp>
    <branch>master</branch>
    <keyspace>default</keyspace>
    <key>p1</key>
    <value class="person">
      <firstName>John</firstName>
      <lastName>Doe</lastName>
      <nickNames/>
    </value>
    <converterClassName>org.chronos.chronodb.test.engine.dbdump.DBDumpTest$PersonExternalizer</converterClassName>
  </dbentryPlain>
  <dbentryPlain>
    <timestamp>1503942709980</timestamp>
    <branch>master</branch>
    <keyspace>default</keyspace>
    <key>p2</key>
    <value class="person">
      <firstName>Jane</firstName>
      <lastName>Doe</lastName>
      <nickNames/>
    </value>
    <converterClassName>org.chronos.chronodb.test.engine.dbdump.DBDumpTest$PersonExternalizer</converterClassName>
  </dbentryPlain>
</chronodump>


================================================================================
 TEST SUCCEEDED                                                                 
--------------------------------------------------------------------------------
    Test class:  DBDumpTest
    Test method: canOverrideDefaultConverterWithAnnotation[Using inmemory]
    End time:    2017/08/28 19:51:50 (Duration: 165ms)
================================================================================





================================================================================
 TEST START                                                                     
--------------------------------------------------------------------------------
    Test class:  DBDumpTest
    Test method: canReadWriteZippedDump[Using inmemory]
    Start time:  2017/08/28 19:51:50
================================================================================





================================================================================
 TEST SUCCEEDED                                                                 
--------------------------------------------------------------------------------
    Test class:  DBDumpTest
    Test method: canReadWriteZippedDump[Using inmemory]
    End time:    2017/08/28 19:51:50 (Duration: 16ms)
================================================================================





================================================================================
 TEST START                                                                     
--------------------------------------------------------------------------------
    Test class:  DBDumpTest
    Test method: canExportAndImportDumpOnSameDBType[Using inmemory]
    Start time:  2017/08/28 19:51:50
================================================================================





================================================================================
 TEST SUCCEEDED                                                                 
--------------------------------------------------------------------------------
    Test class:  DBDumpTest
    Test method: canExportAndImportDumpOnSameDBType[Using inmemory]
    End time:    2017/08/28 19:51:50 (Duration: 36ms)
================================================================================





================================================================================
 TEST START                                                                     
--------------------------------------------------------------------------------
    Test class:  DBDumpTest
    Test method: canCreateDumpFileIfNotExists[Using inmemory]
    Start time:  2017/08/28 19:51:50
================================================================================





================================================================================
 TEST SUCCEEDED                                                                 
--------------------------------------------------------------------------------
    Test class:  DBDumpTest
    Test method: canCreateDumpFileIfNotExists[Using inmemory]
    End time:    2017/08/28 19:51:50 (Duration: 17ms)
================================================================================





================================================================================
 TEST START                                                                     
--------------------------------------------------------------------------------
    Test class:  DBDumpTest
    Test method: canExportAndImportWellKnownValues[Using inmemory]
    Start time:  2017/08/28 19:51:50
================================================================================



<chronodump>
  <dbmetadata>
    <creationDate>2017-08-28 17:51:50.214 UTC</creationDate>
    <chronosVersion>0.7.3-RELEASE</chronosVersion>
    <commitMetadata>
      <org.chronos.chronodb.internal.impl.dump.meta.CommitDumpMetadata>
        <timestamp>1503942710214</timestamp>
        <branch>master</branch>
      </org.chronos.chronodb.internal.impl.dump.meta.CommitDumpMetadata>
    </commitMetadata>
    <branchMetadata>
      <branch>
        <name>master</name>
        <branchingTimestamp>0</branchingTimestamp>
      </branch>
    </branchMetadata>
    <indexerMetadata/>
  </dbmetadata>
  <dbentryPlain>
    <timestamp>1503942710214</timestamp>
    <branch>master</branch>
    <keyspace>default</keyspace>
    <key>enum</key>
    <value class="java.time.DayOfWeek">MONDAY</value>
  </dbentryPlain>
  <dbentryPlain>
    <timestamp>1503942710214</timestamp>
    <branch>master</branch>
    <keyspace>default</keyspace>
    <key>enumList</key>
    <value class="list">
      <java.time.DayOfWeek>MONDAY</java.time.DayOfWeek>
      <java.time.DayOfWeek>FRIDAY</java.time.DayOfWeek>
    </value>
  </dbentryPlain>
  <dbentryPlain>
    <timestamp>1503942710214</timestamp>
    <branch>master</branch>
    <keyspace>default</keyspace>
    <key>list</key>
    <value class="list">
      <int>1</int>
      <int>2</int>
      <int>3</int>
      <int>4</int>
      <int>5</int>
    </value>
  </dbentryPlain>
  <dbentryPlain>
    <timestamp>1503942710214</timestamp>
    <branch>master</branch>
    <keyspace>default</keyspace>
    <key>map</key>
    <value class="map">
      <entry>
        <string>zero</string>
        <int>0</int>
      </entry>
      <entry>
        <string>one</string>
        <int>1</int>
      </entry>
      <entry>
        <string>pi</string>
        <int>31415</int>
      </entry>
    </value>
  </dbentryPlain>
  <dbentryPlain>
    <timestamp>1503942710214</timestamp>
    <branch>master</branch>
    <keyspace>default</keyspace>
    <key>multimap</key>
    <value class="map">
      <entry>
        <string>persons</string>
        <set>
          <string>John</string>
          <string>Jack</string>
          <string>Jane</string>
        </set>
      </entry>
      <entry>
        <string>numbers</string>
        <set>
          <string>1</string>
          <string>2</string>
          <string>3</string>
        </set>
      </entry>
    </value>
  </dbentryPlain>
  <dbentryPlain>
    <timestamp>1503942710214</timestamp>
    <branch>master</branch>
    <keyspace>default</keyspace>
    <key>set</key>
    <value class="set">
      <string>Hello</string>
      <string>World</string>
    </value>
  </dbentryPlain>
</chronodump>


================================================================================
 TEST SUCCEEDED                                                                 
--------------------------------------------------------------------------------
    Test class:  DBDumpTest
    Test method: canExportAndImportWellKnownValues[Using inmemory]
    End time:    2017/08/28 19:51:50 (Duration: 15ms)
================================================================================





================================================================================
 TEST START                                                                     
--------------------------------------------------------------------------------
    Test class:  DBDumpTest
    Test method: canAccessCommitMetadataAfterReadingDump[Using inmemory]
    Start time:  2017/08/28 19:51:50
================================================================================





================================================================================
 TEST SUCCEEDED                                                                 
--------------------------------------------------------------------------------
    Test class:  DBDumpTest
    Test method: canAccessCommitMetadataAfterReadingDump[Using inmemory]
    End time:    2017/08/28 19:51:50 (Duration: 7ms)
================================================================================





================================================================================
 TEST START                                                                     
--------------------------------------------------------------------------------
    Test class:  DBDumpTest
    Test method: canExportAndImportIndexers[Using inmemory]
    Start time:  2017/08/28 19:51:50
================================================================================



<chronodump>
  <dbmetadata>
    <creationDate>2017-08-28 17:51:50.252 UTC</creationDate>
    <chronosVersion>0.7.3-RELEASE</chronosVersion>
    <commitMetadata>
      <org.chronos.chronodb.internal.impl.dump.meta.CommitDumpMetadata>
        <timestamp>1503942710252</timestamp>
        <branch>master</branch>
      </org.chronos.chronodb.internal.impl.dump.meta.CommitDumpMetadata>
      <org.chronos.chronodb.internal.impl.dump.meta.CommitDumpMetadata>
        <timestamp>1503942710236</timestamp>
        <branch>master</branch>
      </org.chronos.chronodb.internal.impl.dump.meta.CommitDumpMetadata>
    </commitMetadata>
    <branchMetadata>
      <branch>
        <name>master</name>
        <branchingTimestamp>0</branchingTimestamp>
      </branch>
    </branchMetadata>
    <indexerMetadata>
      <indexer>
        <indexName>firstname</indexName>
        <indexerData>AQDEAW9yZy5jaHJvbm9zLmNocm9ub2RiLnRlc3QuZW5naW5lLmRiZHVtcC5EQkR1bXBUZXN0JEZpcnN0TmFtZUluZGV4ZXIB</indexerData>
      </indexer>
      <indexer>
        <indexName>nickname</indexName>
        <indexerData>AQDDAW9yZy5jaHJvbm9zLmNocm9ub2RiLnRlc3QuZW5naW5lLmRiZHVtcC5EQkR1bXBUZXN0JE5pY2tuYW1lSW5kZXhlcgE=</indexerData>
      </indexer>
      <indexer>
        <indexName>lastname</indexName>
        <indexerData>AQDDAW9yZy5jaHJvbm9zLmNocm9ub2RiLnRlc3QuZW5naW5lLmRiZHVtcC5EQkR1bXBUZXN0JExhc3ROYW1lSW5kZXhlcgE=</indexerData>
      </indexer>
    </indexerMetadata>
  </dbmetadata>
  <dbentryBinary>
    <timestamp>1503942710236</timestamp>
    <branch>master</branch>
    <keyspace>default</keyspace>
    <key>p1</key>
    <binaryValue>AQBvcmcuY2hyb25vcy5jaHJvbm9kYi50ZXN0LmVuZ2luZS5kYmR1bXAuREJEdW1wVGVzdCRQZXJzb+4BAUpvaO4BRG/lAQFqYXZhLnV0aWwuSGFzaFNl9AECAUpvaG5u+QFKxA==</binaryValue>
  </dbentryBinary>
  <dbentryBinary>
    <timestamp>1503942710236</timestamp>
    <branch>master</branch>
    <keyspace>default</keyspace>
    <key>p2</key>
    <binaryValue>AQBvcmcuY2hyb25vcy5jaHJvbm9kYi50ZXN0LmVuZ2luZS5kYmR1bXAuREJEdW1wVGVzdCRQZXJzb+4BAUphbuUBRG/lAQFqYXZhLnV0aWwuSGFzaFNl9AECAUrEAUplbm75</binaryValue>
  </dbentryBinary>
  <dbentryBinary>
    <timestamp>1503942710252</timestamp>
    <branch>master</branch>
    <keyspace>default</keyspace>
    <key>p2</key>
    <binaryValue>AQBvcmcuY2hyb25vcy5jaHJvbm9kYi50ZXN0LmVuZ2luZS5kYmR1bXAuREJEdW1wVGVzdCRQZXJzb+4BAUphbuUBU21pdOgBAWphdmEudXRpbC5IYXNoU2X0AQIBStMBSmVubvk=</binaryValue>
  </dbentryBinary>
  <dbentryBinary>
    <timestamp>1503942710236</timestamp>
    <branch>master</branch>
    <keyspace>default</keyspace>
    <key>p3</key>
    <binaryValue>AQBvcmcuY2hyb25vcy5jaHJvbm9kYi50ZXN0LmVuZ2luZS5kYmR1bXAuREJEdW1wVGVzdCRQZXJzb+4BAUphY+sBRG/lAQFqYXZhLnV0aWwuSGFzaFNl9AECAUphY2v5AUrE</binaryValue>
  </dbentryBinary>
  <dbentryBinary>
    <timestamp>1503942710252</timestamp>
    <branch>master</branch>
    <keyspace>default</keyspace>
    <key>p3</key>
    <binaryValue></binaryValue>
  </dbentryBinary>
  <dbentryBinary>
    <timestamp>1503942710236</timestamp>
    <branch>master</branch>
    <keyspace>default</keyspace>
    <key>p4</key>
    <binaryValue>AQBvcmcuY2hyb25vcy5jaHJvbm9kYi50ZXN0LmVuZ2luZS5kYmR1bXAuREJEdW1wVGVzdCRQZXJzb+4BAUpvaO4BU21pdOgBAWphdmEudXRpbC5IYXNoU2X0AQIBSm9obm75AUrT</binaryValue>
  </dbentryBinary>
</chronodump>


================================================================================
 TEST SUCCEEDED                                                                 
--------------------------------------------------------------------------------
    Test class:  DBDumpTest
    Test method: canExportAndImportIndexers[Using inmemory]
    End time:    2017/08/28 19:51:50 (Duration: 31ms)
================================================================================





================================================================================
 TEST START                                                                     
--------------------------------------------------------------------------------
    Test class:  DBDumpTest
    Test method: canRegisterDefaultConverters[Using inmemory]
    Start time:  2017/08/28 19:51:50
================================================================================



<chronodump>
  <dbmetadata>
    <creationDate>2017-08-28 17:51:50.267 UTC</creationDate>
    <chronosVersion>0.7.3-RELEASE</chronosVersion>
    <commitMetadata>
      <org.chronos.chronodb.internal.impl.dump.meta.CommitDumpMetadata>
        <timestamp>1503942710267</timestamp>
        <branch>master</branch>
      </org.chronos.chronodb.internal.impl.dump.meta.CommitDumpMetadata>
    </commitMetadata>
    <branchMetadata>
      <branch>
        <name>master</name>
        <branchingTimestamp>0</branchingTimestamp>
      </branch>
    </branchMetadata>
    <indexerMetadata/>
  </dbmetadata>
  <dbentryPlain>
    <timestamp>1503942710267</timestamp>
    <branch>master</branch>
    <keyspace>default</keyspace>
    <key>p1</key>
    <value class="person">
      <firstName>John</firstName>
      <lastName>Doe</lastName>
      <nickNames/>
    </value>
  </dbentryPlain>
  <dbentryPlain>
    <timestamp>1503942710267</timestamp>
    <branch>master</branch>
    <keyspace>default</keyspace>
    <key>p2</key>
    <value class="person">
      <firstName>Jane</firstName>
      <lastName>Doe</lastName>
      <nickNames/>
    </value>
  </dbentryPlain>
</chronodump>


================================================================================
 TEST SUCCEEDED                                                                 
--------------------------------------------------------------------------------
    Test class:  DBDumpTest
    Test method: canRegisterDefaultConverters[Using inmemory]
    End time:    2017/08/28 19:51:50 (Duration: 0ms)
================================================================================





================================================================================
 TEST START                                                                     
--------------------------------------------------------------------------------
    Test class:  DBDumpTest
    Test method: canLoadDumpWithInMemoryDB[Using inmemory]
    Start time:  2017/08/28 19:51:50
================================================================================



<chronodump>
  <dbmetadata>
    <creationDate>2017-08-28 17:51:50.302 UTC</creationDate>
    <chronosVersion>0.7.3-RELEASE</chronosVersion>
    <commitMetadata>
      <org.chronos.chronodb.internal.impl.dump.meta.CommitDumpMetadata>
        <timestamp>1503942710288</timestamp>
        <branch>MyBranch</branch>
      </org.chronos.chronodb.internal.impl.dump.meta.CommitDumpMetadata>
      <org.chronos.chronodb.internal.impl.dump.meta.CommitDumpMetadata>
        <timestamp>1503942710299</timestamp>
        <branch>master</branch>
      </org.chronos.chronodb.internal.impl.dump.meta.CommitDumpMetadata>
      <org.chronos.chronodb.internal.impl.dump.meta.CommitDumpMetadata>
        <timestamp>1503942710267</timestamp>
        <branch>master</branch>
      </org.chronos.chronodb.internal.impl.dump.meta.CommitDumpMetadata>
    </commitMetadata>
    <branchMetadata>
      <branch>
        <name>MySubBranch</name>
        <parentName>MyBranch</parentName>
        <branchingTimestamp>1503942710288</branchingTimestamp>
      </branch>
      <branch>
        <name>master</name>
        <branchingTimestamp>0</branchingTimestamp>
      </branch>
      <branch>
        <name>MyBranch</name>
        <parentName>master</parentName>
        <branchingTimestamp>1503942710267</branchingTimestamp>
      </branch>
    </branchMetadata>
    <indexerMetadata/>
  </dbmetadata>
  <dbentryPlain>
    <timestamp>1503942710288</timestamp>
    <branch>MyBranch</branch>
    <keyspace>Math</keyspace>
    <key>Pi</key>
    <value class="int">31415</value>
  </dbentryPlain>
  <dbentryPlain>
    <timestamp>1503942710267</timestamp>
    <branch>master</branch>
    <keyspace>default</keyspace>
    <key>first</key>
    <value class="int">123</value>
  </dbentryPlain>
  <dbentryPlain>
    <timestamp>1503942710267</timestamp>
    <branch>master</branch>
    <keyspace>MyKeyspace</keyspace>
    <key>second</key>
    <value class="int">456</value>
  </dbentryPlain>
  <dbentryPlain>
    <timestamp>1503942710299</timestamp>
    <branch>master</branch>
    <keyspace>MyAwesomeKeyspace</keyspace>
    <key>third</key>
    <value class="int">789</value>
  </dbentryPlain>
</chronodump>


================================================================================
 TEST SUCCEEDED                                                                 
--------------------------------------------------------------------------------
    Test class:  DBDumpTest
    Test method: canLoadDumpWithInMemoryDB[Using inmemory]
    End time:    2017/08/28 19:51:50 (Duration: 43ms)
================================================================================





================================================================================
 TEST START                                                                     
--------------------------------------------------------------------------------
    Test class:  DBDumpTest
    Test method: canAccessCommitTimestampsAfterReadingDump[Using inmemory]
    Start time:  2017/08/28 19:51:50
================================================================================





================================================================================
 TEST SUCCEEDED                                                                 
--------------------------------------------------------------------------------
    Test class:  DBDumpTest
    Test method: canAccessCommitTimestampsAfterReadingDump[Using inmemory]
    End time:    2017/08/28 19:51:50 (Duration: 5ms)
================================================================================





================================================================================
 TEST START                                                                     
--------------------------------------------------------------------------------
    Test class:  DBDumpTest
    Test method: canFallBackToBinaryForUnknownValueTypes[Using inmemory]
    Start time:  2017/08/28 19:51:50
================================================================================



<chronodump>
  <dbmetadata>
    <creationDate>2017-08-28 17:51:50.315 UTC</creationDate>
    <chronosVersion>0.7.3-RELEASE</chronosVersion>
    <commitMetadata>
      <org.chronos.chronodb.internal.impl.dump.meta.CommitDumpMetadata>
        <timestamp>1503942710315</timestamp>
        <branch>master</branch>
      </org.chronos.chronodb.internal.impl.dump.meta.CommitDumpMetadata>
    </commitMetadata>
    <branchMetadata>
      <branch>
        <name>master</name>
        <branchingTimestamp>0</branchingTimestamp>
      </branch>
    </branchMetadata>
    <indexerMetadata/>
  </dbmetadata>
  <dbentryBinary>
    <timestamp>1503942710315</timestamp>
    <branch>master</branch>
    <keyspace>default</keyspace>
    <key>p1</key>
    <binaryValue>AQBvcmcuY2hyb25vcy5jaHJvbm9kYi50ZXN0LmVuZ2luZS5kYmR1bXAuREJEdW1wVGVzdCRQZXJzb+4BAUpvaO4BRG/lAQFqYXZhLnV0aWwuSGFzaFNl9AEA</binaryValue>
  </dbentryBinary>
  <dbentryBinary>
    <timestamp>1503942710315</timestamp>
    <branch>master</branch>
    <keyspace>default</keyspace>
    <key>p2</key>
    <binaryValue>AQBvcmcuY2hyb25vcy5jaHJvbm9kYi50ZXN0LmVuZ2luZS5kYmR1bXAuREJEdW1wVGVzdCRQZXJzb+4BAUphbuUBRG/lAQFqYXZhLnV0aWwuSGFzaFNl9AEA</binaryValue>
  </dbentryBinary>
  <dbentryBinary>
    <timestamp>1503942710315</timestamp>
    <branch>master</branch>
    <keyspace>default</keyspace>
    <key>persons</key>
    <binaryValue>AQBqYXZhLnV0aWwuQXJyYXlMaXP0AQIBAW9yZy5jaHJvbm9zLmNocm9ub2RiLnRlc3QuZW5naW5lLmRiZHVtcC5EQkR1bXBUZXN0JFBlcnNv7gEBSm9o7gFEb+UBAmphdmEudXRpbC5IYXNoU2X0AQABAQEBSmFu5QUBAgEA</binaryValue>
  </dbentryBinary>
</chronodump>


================================================================================
 TEST SUCCEEDED                                                                 
--------------------------------------------------------------------------------
    Test class:  DBDumpTest
    Test method: canFallBackToBinaryForUnknownValueTypes[Using inmemory]
    End time:    2017/08/28 19:51:50 (Duration: 15ms)
================================================================================





================================================================================
 TEST START                                                                     
--------------------------------------------------------------------------------
    Test class:  DBDumpTest
    Test method: canExportInPlainTextFormat[Using inmemory]
    Start time:  2017/08/28 19:51:50
================================================================================



<chronodump>
  <dbmetadata>
    <creationDate>2017-08-28 17:51:50.330 UTC</creationDate>
    <chronosVersion>0.7.3-RELEASE</chronosVersion>
    <commitMetadata>
      <org.chronos.chronodb.internal.impl.dump.meta.CommitDumpMetadata>
        <timestamp>1503942710330</timestamp>
        <branch>master</branch>
      </org.chronos.chronodb.internal.impl.dump.meta.CommitDumpMetadata>
    </commitMetadata>
    <branchMetadata>
      <branch>
        <name>master</name>
        <branchingTimestamp>0</branchingTimestamp>
      </branch>
    </branchMetadata>
    <indexerMetadata/>
  </dbmetadata>
  <dbentryPlain>
    <timestamp>1503942710330</timestamp>
    <branch>master</branch>
    <keyspace>default</keyspace>
    <key>p1</key>
    <value class="org.chronos.chronodb.test.engine.dbdump.DBDumpTest$PersonDump">
      <firstName>John</firstName>
      <lastName>Doe</lastName>
      <nickNames>
        <string>Johnny</string>
        <string>JD</string>
      </nickNames>
    </value>
    <converterClassName>org.chronos.chronodb.test.engine.dbdump.DBDumpTest$PersonExternalizer</converterClassName>
  </dbentryPlain>
  <dbentryPlain>
    <timestamp>1503942710330</timestamp>
    <branch>master</branch>
    <keyspace>default</keyspace>
    <key>p2</key>
    <value class="org.chronos.chronodb.test.engine.dbdump.DBDumpTest$PersonDump">
      <firstName>Jane</firstName>
      <lastName>Doe</lastName>
      <nickNames>
        <string>JD</string>
        <string>Jenny</string>
      </nickNames>
    </value>
    <converterClassName>org.chronos.chronodb.test.engine.dbdump.DBDumpTest$PersonExternalizer</converterClassName>
  </dbentryPlain>
</chronodump>


================================================================================
 TEST SUCCEEDED                                                                 
--------------------------------------------------------------------------------
    Test class:  DBDumpTest
    Test method: canExportInPlainTextFormat[Using inmemory]
    End time:    2017/08/28 19:51:50 (Duration: 0ms)
================================================================================





================================================================================
 TEST START                                                                     
--------------------------------------------------------------------------------
    Test class:  DBDumpTest
    Test method: canOverrideDefaultConverterWithAnnotation[Using chunked]
    Start time:  2017/08/28 19:51:50
================================================================================



<chronodump>
  <dbmetadata>
    <creationDate>2017-08-28 17:51:50.629 UTC</creationDate>
    <chronosVersion>0.7.3-RELEASE</chronosVersion>
    <commitMetadata>
      <org.chronos.chronodb.internal.impl.dump.meta.CommitDumpMetadata>
        <timestamp>1503942710545</timestamp>
        <branch>master</branch>
      </org.chronos.chronodb.internal.impl.dump.meta.CommitDumpMetadata>
    </commitMetadata>
    <branchMetadata>
      <branch>
        <name>master</name>
        <branchingTimestamp>0</branchingTimestamp>
      </branch>
    </branchMetadata>
    <indexerMetadata/>
  </dbmetadata>
  <dbentryPlain>
    <timestamp>1503942710545</timestamp>
    <branch>master</branch>
    <keyspace>default</keyspace>
    <key>p1</key>
    <value class="person">
      <firstName>John</firstName>
      <lastName>Doe</lastName>
      <nickNames/>
    </value>
    <converterClassName>org.chronos.chronodb.test.engine.dbdump.DBDumpTest$PersonExternalizer</converterClassName>
  </dbentryPlain>
  <dbentryPlain>
    <timestamp>1503942710545</timestamp>
    <branch>master</branch>
    <keyspace>default</keyspace>
    <key>p2</key>
    <value class="person">
      <firstName>Jane</firstName>
      <lastName>Doe</lastName>
      <nickNames/>
    </value>
    <converterClassName>org.chronos.chronodb.test.engine.dbdump.DBDumpTest$PersonExternalizer</converterClassName>
  </dbentryPlain>
</chronodump>


================================================================================
 TEST SUCCEEDED                                                                 
--------------------------------------------------------------------------------
    Test class:  DBDumpTest
    Test method: canOverrideDefaultConverterWithAnnotation[Using chunked]
    End time:    2017/08/28 19:51:51 (Duration: 731ms)
================================================================================





================================================================================
 TEST START                                                                     
--------------------------------------------------------------------------------
    Test class:  DBDumpTest
    Test method: canReadWriteZippedDump[Using chunked]
    Start time:  2017/08/28 19:51:51
================================================================================





================================================================================
 TEST SUCCEEDED                                                                 
--------------------------------------------------------------------------------
    Test class:  DBDumpTest
    Test method: canReadWriteZippedDump[Using chunked]
    End time:    2017/08/28 19:51:51 (Duration: 684ms)
================================================================================





================================================================================
 TEST START                                                                     
--------------------------------------------------------------------------------
    Test class:  DBDumpTest
    Test method: canExportAndImportDumpOnSameDBType[Using chunked]
    Start time:  2017/08/28 19:51:51
================================================================================





================================================================================
 TEST SUCCEEDED                                                                 
--------------------------------------------------------------------------------
    Test class:  DBDumpTest
    Test method: canExportAndImportDumpOnSameDBType[Using chunked]
    End time:    2017/08/28 19:51:52 (Duration: 947ms)
================================================================================





================================================================================
 TEST START                                                                     
--------------------------------------------------------------------------------
    Test class:  DBDumpTest
    Test method: canCreateDumpFileIfNotExists[Using chunked]
    Start time:  2017/08/28 19:51:52
================================================================================





================================================================================
 TEST SUCCEEDED                                                                 
--------------------------------------------------------------------------------
    Test class:  DBDumpTest
    Test method: canCreateDumpFileIfNotExists[Using chunked]
    End time:    2017/08/28 19:51:52 (Duration: 201ms)
================================================================================





================================================================================
 TEST START                                                                     
--------------------------------------------------------------------------------
    Test class:  DBDumpTest
    Test method: canExportAndImportWellKnownValues[Using chunked]
    Start time:  2017/08/28 19:51:52
================================================================================



<chronodump>
  <dbmetadata>
    <creationDate>2017-08-28 17:51:53.93 UTC</creationDate>
    <chronosVersion>0.7.3-RELEASE</chronosVersion>
    <commitMetadata>
      <org.chronos.chronodb.internal.impl.dump.meta.CommitDumpMetadata>
        <timestamp>1503942713031</timestamp>
        <branch>master</branch>
      </org.chronos.chronodb.internal.impl.dump.meta.CommitDumpMetadata>
    </commitMetadata>
    <branchMetadata>
      <branch>
        <name>master</name>
        <branchingTimestamp>0</branchingTimestamp>
      </branch>
    </branchMetadata>
    <indexerMetadata/>
  </dbmetadata>
  <dbentryPlain>
    <timestamp>1503942713031</timestamp>
    <branch>master</branch>
    <keyspace>default</keyspace>
    <key>enum</key>
    <value class="java.time.DayOfWeek">MONDAY</value>
  </dbentryPlain>
  <dbentryPlain>
    <timestamp>1503942713031</timestamp>
    <branch>master</branch>
    <keyspace>default</keyspace>
    <key>enumList</key>
    <value class="list">
      <java.time.DayOfWeek>MONDAY</java.time.DayOfWeek>
      <java.time.DayOfWeek>FRIDAY</java.time.DayOfWeek>
    </value>
  </dbentryPlain>
  <dbentryPlain>
    <timestamp>1503942713031</timestamp>
    <branch>master</branch>
    <keyspace>default</keyspace>
    <key>list</key>
    <value class="list">
      <int>1</int>
      <int>2</int>
      <int>3</int>
      <int>4</int>
      <int>5</int>
    </value>
  </dbentryPlain>
  <dbentryPlain>
    <timestamp>1503942713031</timestamp>
    <branch>master</branch>
    <keyspace>default</keyspace>
    <key>map</key>
    <value class="map">
      <entry>
        <string>zero</string>
        <int>0</int>
      </entry>
      <entry>
        <string>one</string>
        <int>1</int>
      </entry>
      <entry>
        <string>pi</string>
        <int>31415</int>
      </entry>
    </value>
  </dbentryPlain>
  <dbentryPlain>
    <timestamp>1503942713031</timestamp>
    <branch>master</branch>
    <keyspace>default</keyspace>
    <key>multimap</key>
    <value class="map">
      <entry>
        <string>persons</string>
        <set>
          <string>John</string>
          <string>Jack</string>
          <string>Jane</string>
        </set>
      </entry>
      <entry>
        <string>numbers</string>
        <set>
          <string>1</string>
          <string>2</string>
          <string>3</string>
        </set>
      </entry>
    </value>
  </dbentryPlain>
  <dbentryPlain>
    <timestamp>1503942713031</timestamp>
    <branch>master</branch>
    <keyspace>default</keyspace>
    <key>set</key>
    <value class="set">
      <string>Hello</string>
      <string>World</string>
    </value>
  </dbentryPlain>
</chronodump>


================================================================================
 TEST SUCCEEDED                                                                 
--------------------------------------------------------------------------------
    Test class:  DBDumpTest
    Test method: canExportAndImportWellKnownValues[Using chunked]
    End time:    2017/08/28 19:51:53 (Duration: 616ms)
================================================================================





================================================================================
 TEST START                                                                     
--------------------------------------------------------------------------------
    Test class:  DBDumpTest
    Test method: canAccessCommitMetadataAfterReadingDump[Using chunked]
    Start time:  2017/08/28 19:51:53
================================================================================





================================================================================
 TEST SUCCEEDED                                                                 
--------------------------------------------------------------------------------
    Test class:  DBDumpTest
    Test method: canAccessCommitMetadataAfterReadingDump[Using chunked]
    End time:    2017/08/28 19:51:54 (Duration: 1438ms)
================================================================================





================================================================================
 TEST START                                                                     
--------------------------------------------------------------------------------
    Test class:  DBDumpTest
    Test method: canExportAndImportIndexers[Using chunked]
    Start time:  2017/08/28 19:51:54
================================================================================



<chronodump>
  <dbmetadata>
    <creationDate>2017-08-28 17:51:55.231 UTC</creationDate>
    <chronosVersion>0.7.3-RELEASE</chronosVersion>
    <commitMetadata>
      <org.chronos.chronodb.internal.impl.dump.meta.CommitDumpMetadata>
        <timestamp>1503942715215</timestamp>
        <branch>master</branch>
      </org.chronos.chronodb.internal.impl.dump.meta.CommitDumpMetadata>
      <org.chronos.chronodb.internal.impl.dump.meta.CommitDumpMetadata>
        <timestamp>1503942715194</timestamp>
        <branch>master</branch>
      </org.chronos.chronodb.internal.impl.dump.meta.CommitDumpMetadata>
    </commitMetadata>
    <branchMetadata>
      <branch>
        <name>master</name>
        <branchingTimestamp>0</branchingTimestamp>
      </branch>
    </branchMetadata>
    <indexerMetadata>
      <indexer>
        <indexName>firstname</indexName>
        <indexerData>AQDEAW9yZy5jaHJvbm9zLmNocm9ub2RiLnRlc3QuZW5naW5lLmRiZHVtcC5EQkR1bXBUZXN0JEZpcnN0TmFtZUluZGV4ZXIB</indexerData>
      </indexer>
      <indexer>
        <indexName>lastname</indexName>
        <indexerData>AQDDAW9yZy5jaHJvbm9zLmNocm9ub2RiLnRlc3QuZW5naW5lLmRiZHVtcC5EQkR1bXBUZXN0JExhc3ROYW1lSW5kZXhlcgE=</indexerData>
      </indexer>
      <indexer>
        <indexName>nickname</indexName>
        <indexerData>AQDDAW9yZy5jaHJvbm9zLmNocm9ub2RiLnRlc3QuZW5naW5lLmRiZHVtcC5EQkR1bXBUZXN0JE5pY2tuYW1lSW5kZXhlcgE=</indexerData>
      </indexer>
    </indexerMetadata>
  </dbmetadata>
  <dbentryBinary>
    <timestamp>1503942715194</timestamp>
    <branch>master</branch>
    <keyspace>default</keyspace>
    <key>p1</key>
    <binaryValue>AQBvcmcuY2hyb25vcy5jaHJvbm9kYi50ZXN0LmVuZ2luZS5kYmR1bXAuREJEdW1wVGVzdCRQZXJzb+4BAUpvaO4BRG/lAQFqYXZhLnV0aWwuSGFzaFNl9AECAUpvaG5u+QFKxA==</binaryValue>
  </dbentryBinary>
  <dbentryBinary>
    <timestamp>1503942715194</timestamp>
    <branch>master</branch>
    <keyspace>default</keyspace>
    <key>p2</key>
    <binaryValue>AQBvcmcuY2hyb25vcy5jaHJvbm9kYi50ZXN0LmVuZ2luZS5kYmR1bXAuREJEdW1wVGVzdCRQZXJzb+4BAUphbuUBRG/lAQFqYXZhLnV0aWwuSGFzaFNl9AECAUrEAUplbm75</binaryValue>
  </dbentryBinary>
  <dbentryBinary>
    <timestamp>1503942715215</timestamp>
    <branch>master</branch>
    <keyspace>default</keyspace>
    <key>p2</key>
    <binaryValue>AQBvcmcuY2hyb25vcy5jaHJvbm9kYi50ZXN0LmVuZ2luZS5kYmR1bXAuREJEdW1wVGVzdCRQZXJzb+4BAUphbuUBU21pdOgBAWphdmEudXRpbC5IYXNoU2X0AQIBStMBSmVubvk=</binaryValue>
  </dbentryBinary>
  <dbentryBinary>
    <timestamp>1503942715194</timestamp>
    <branch>master</branch>
    <keyspace>default</keyspace>
    <key>p3</key>
    <binaryValue>AQBvcmcuY2hyb25vcy5jaHJvbm9kYi50ZXN0LmVuZ2luZS5kYmR1bXAuREJEdW1wVGVzdCRQZXJzb+4BAUphY+sBRG/lAQFqYXZhLnV0aWwuSGFzaFNl9AECAUphY2v5AUrE</binaryValue>
  </dbentryBinary>
  <dbentryBinary>
    <timestamp>1503942715215</timestamp>
    <branch>master</branch>
    <keyspace>default</keyspace>
    <key>p3</key>
    <binaryValue></binaryValue>
  </dbentryBinary>
  <dbentryBinary>
    <timestamp>1503942715194</timestamp>
    <branch>master</branch>
    <keyspace>default</keyspace>
    <key>p4</key>
    <binaryValue>AQBvcmcuY2hyb25vcy5jaHJvbm9kYi50ZXN0LmVuZ2luZS5kYmR1bXAuREJEdW1wVGVzdCRQZXJzb+4BAUpvaO4BU21pdOgBAWphdmEudXRpbC5IYXNoU2X0AQIBSm9obm75AUrT</binaryValue>
  </dbentryBinary>
</chronodump>


================================================================================
 TEST SUCCEEDED                                                                 
--------------------------------------------------------------------------------
    Test class:  DBDumpTest
    Test method: canExportAndImportIndexers[Using chunked]
    End time:    2017/08/28 19:51:55 (Duration: 547ms)
================================================================================





================================================================================
 TEST START                                                                     
--------------------------------------------------------------------------------
    Test class:  DBDumpTest
    Test method: canRegisterDefaultConverters[Using chunked]
    Start time:  2017/08/28 19:51:55
================================================================================



<chronodump>
  <dbmetadata>
    <creationDate>2017-08-28 17:51:55.647 UTC</creationDate>
    <chronosVersion>0.7.3-RELEASE</chronosVersion>
    <commitMetadata>
      <org.chronos.chronodb.internal.impl.dump.meta.CommitDumpMetadata>
        <timestamp>1503942715616</timestamp>
        <branch>master</branch>
      </org.chronos.chronodb.internal.impl.dump.meta.CommitDumpMetadata>
    </commitMetadata>
    <branchMetadata>
      <branch>
        <name>master</name>
        <branchingTimestamp>0</branchingTimestamp>
      </branch>
    </branchMetadata>
    <indexerMetadata/>
  </dbmetadata>
  <dbentryPlain>
    <timestamp>1503942715616</timestamp>
    <branch>master</branch>
    <keyspace>default</keyspace>
    <key>p1</key>
    <value class="person">
      <firstName>John</firstName>
      <lastName>Doe</lastName>
      <nickNames/>
    </value>
  </dbentryPlain>
  <dbentryPlain>
    <timestamp>1503942715616</timestamp>
    <branch>master</branch>
    <keyspace>default</keyspace>
    <key>p2</key>
    <value class="person">
      <firstName>Jane</firstName>
      <lastName>Doe</lastName>
      <nickNames/>
    </value>
  </dbentryPlain>
</chronodump>


================================================================================
 TEST SUCCEEDED                                                                 
--------------------------------------------------------------------------------
    Test class:  DBDumpTest
    Test method: canRegisterDefaultConverters[Using chunked]
    End time:    2017/08/28 19:51:55 (Duration: 400ms)
================================================================================





================================================================================
 TEST START                                                                     
--------------------------------------------------------------------------------
    Test class:  DBDumpTest
    Test method: canLoadDumpWithInMemoryDB[Using chunked]
    Start time:  2017/08/28 19:51:55
================================================================================



<chronodump>
  <dbmetadata>
    <creationDate>2017-08-28 17:51:56.356 UTC</creationDate>
    <chronosVersion>0.7.3-RELEASE</chronosVersion>
    <commitMetadata>
      <org.chronos.chronodb.internal.impl.dump.meta.CommitDumpMetadata>
        <timestamp>1503942716153</timestamp>
        <branch>MyBranch</branch>
      </org.chronos.chronodb.internal.impl.dump.meta.CommitDumpMetadata>
      <org.chronos.chronodb.internal.impl.dump.meta.CommitDumpMetadata>
        <timestamp>1503942716325</timestamp>
        <branch>master</branch>
      </org.chronos.chronodb.internal.impl.dump.meta.CommitDumpMetadata>
      <org.chronos.chronodb.internal.impl.dump.meta.CommitDumpMetadata>
        <timestamp>1503942716016</timestamp>
        <branch>master</branch>
      </org.chronos.chronodb.internal.impl.dump.meta.CommitDumpMetadata>
    </commitMetadata>
    <branchMetadata>
      <branch>
        <name>MyBranch</name>
        <parentName>master</parentName>
        <branchingTimestamp>1503942716016</branchingTimestamp>
      </branch>
      <branch>
        <name>master</name>
        <branchingTimestamp>0</branchingTimestamp>
      </branch>
      <branch>
        <name>MySubBranch</name>
        <parentName>MyBranch</parentName>
        <branchingTimestamp>1503942716153</branchingTimestamp>
      </branch>
    </branchMetadata>
    <indexerMetadata/>
  </dbmetadata>
  <dbentryPlain>
    <timestamp>1503942716153</timestamp>
    <branch>MyBranch</branch>
    <keyspace>Math</keyspace>
    <key>Pi</key>
    <value class="int">31415</value>
  </dbentryPlain>
  <dbentryPlain>
    <timestamp>1503942716016</timestamp>
    <branch>master</branch>
    <keyspace>default</keyspace>
    <key>first</key>
    <value class="int">123</value>
  </dbentryPlain>
  <dbentryPlain>
    <timestamp>1503942716016</timestamp>
    <branch>master</branch>
    <keyspace>MyKeyspace</keyspace>
    <key>second</key>
    <value class="int">456</value>
  </dbentryPlain>
  <dbentryPlain>
    <timestamp>1503942716325</timestamp>
    <branch>master</branch>
    <keyspace>MyAwesomeKeyspace</keyspace>
    <key>third</key>
    <value class="int">789</value>
  </dbentryPlain>
</chronodump>


================================================================================
 TEST SUCCEEDED                                                                 
--------------------------------------------------------------------------------
    Test class:  DBDumpTest
    Test method: canLoadDumpWithInMemoryDB[Using chunked]
    End time:    2017/08/28 19:51:56 (Duration: 637ms)
================================================================================





================================================================================
 TEST START                                                                     
--------------------------------------------------------------------------------
    Test class:  DBDumpTest
    Test method: canAccessCommitTimestampsAfterReadingDump[Using chunked]
    Start time:  2017/08/28 19:51:56
================================================================================





================================================================================
 TEST SUCCEEDED                                                                 
--------------------------------------------------------------------------------
    Test class:  DBDumpTest
    Test method: canAccessCommitTimestampsAfterReadingDump[Using chunked]
    End time:    2017/08/28 19:51:57 (Duration: 1431ms)
================================================================================





================================================================================
 TEST START                                                                     
--------------------------------------------------------------------------------
    Test class:  DBDumpTest
    Test method: canFallBackToBinaryForUnknownValueTypes[Using chunked]
    Start time:  2017/08/28 19:51:57
================================================================================



<chronodump>
  <dbmetadata>
    <creationDate>2017-08-28 17:51:58.262 UTC</creationDate>
    <chronosVersion>0.7.3-RELEASE</chronosVersion>
    <commitMetadata>
      <org.chronos.chronodb.internal.impl.dump.meta.CommitDumpMetadata>
        <timestamp>1503942718193</timestamp>
        <branch>master</branch>
      </org.chronos.chronodb.internal.impl.dump.meta.CommitDumpMetadata>
    </commitMetadata>
    <branchMetadata>
      <branch>
        <name>master</name>
        <branchingTimestamp>0</branchingTimestamp>
      </branch>
    </branchMetadata>
    <indexerMetadata/>
  </dbmetadata>
  <dbentryBinary>
    <timestamp>1503942718193</timestamp>
    <branch>master</branch>
    <keyspace>default</keyspace>
    <key>p1</key>
    <binaryValue>AQBvcmcuY2hyb25vcy5jaHJvbm9kYi50ZXN0LmVuZ2luZS5kYmR1bXAuREJEdW1wVGVzdCRQZXJzb+4BAUpvaO4BRG/lAQFqYXZhLnV0aWwuSGFzaFNl9AEA</binaryValue>
  </dbentryBinary>
  <dbentryBinary>
    <timestamp>1503942718193</timestamp>
    <branch>master</branch>
    <keyspace>default</keyspace>
    <key>p2</key>
    <binaryValue>AQBvcmcuY2hyb25vcy5jaHJvbm9kYi50ZXN0LmVuZ2luZS5kYmR1bXAuREJEdW1wVGVzdCRQZXJzb+4BAUphbuUBRG/lAQFqYXZhLnV0aWwuSGFzaFNl9AEA</binaryValue>
  </dbentryBinary>
  <dbentryBinary>
    <timestamp>1503942718193</timestamp>
    <branch>master</branch>
    <keyspace>default</keyspace>
    <key>persons</key>
    <binaryValue>AQBqYXZhLnV0aWwuQXJyYXlMaXP0AQIBAW9yZy5jaHJvbm9zLmNocm9ub2RiLnRlc3QuZW5naW5lLmRiZHVtcC5EQkR1bXBUZXN0JFBlcnNv7gEBSm9o7gFEb+UBAmphdmEudXRpbC5IYXNoU2X0AQABAQEBSmFu5QUBAgEA</binaryValue>
  </dbentryBinary>
</chronodump>


================================================================================
 TEST SUCCEEDED                                                                 
--------------------------------------------------------------------------------
    Test class:  DBDumpTest
    Test method: canFallBackToBinaryForUnknownValueTypes[Using chunked]
    End time:    2017/08/28 19:51:58 (Duration: 569ms)
================================================================================





================================================================================
 TEST START                                                                     
--------------------------------------------------------------------------------
    Test class:  DBDumpTest
    Test method: canExportInPlainTextFormat[Using chunked]
    Start time:  2017/08/28 19:51:58
================================================================================



<chronodump>
  <dbmetadata>
    <creationDate>2017-08-28 17:51:58.694 UTC</creationDate>
    <chronosVersion>0.7.3-RELEASE</chronosVersion>
    <commitMetadata>
      <org.chronos.chronodb.internal.impl.dump.meta.CommitDumpMetadata>
        <timestamp>1503942718647</timestamp>
        <branch>master</branch>
      </org.chronos.chronodb.internal.impl.dump.meta.CommitDumpMetadata>
    </commitMetadata>
    <branchMetadata>
      <branch>
        <name>master</name>
        <branchingTimestamp>0</branchingTimestamp>
      </branch>
    </branchMetadata>
    <indexerMetadata/>
  </dbmetadata>
  <dbentryPlain>
    <timestamp>1503942718647</timestamp>
    <branch>master</branch>
    <keyspace>default</keyspace>
    <key>p1</key>
    <value class="org.chronos.chronodb.test.engine.dbdump.DBDumpTest$PersonDump">
      <firstName>John</firstName>
      <lastName>Doe</lastName>
      <nickNames>
        <string>Johnny</string>
        <string>JD</string>
      </nickNames>
    </value>
    <converterClassName>org.chronos.chronodb.test.engine.dbdump.DBDumpTest$PersonExternalizer</converterClassName>
  </dbentryPlain>
  <dbentryPlain>
    <timestamp>1503942718647</timestamp>
    <branch>master</branch>
    <keyspace>default</keyspace>
    <key>p2</key>
    <value class="org.chronos.chronodb.test.engine.dbdump.DBDumpTest$PersonDump">
      <firstName>Jane</firstName>
      <lastName>Doe</lastName>
      <nickNames>
        <string>JD</string>
        <string>Jenny</string>
      </nickNames>
    </value>
    <converterClassName>org.chronos.chronodb.test.engine.dbdump.DBDumpTest$PersonExternalizer</converterClassName>
  </dbentryPlain>
</chronodump>


================================================================================
 TEST SUCCEEDED                                                                 
--------------------------------------------------------------------------------
    Test class:  DBDumpTest
    Test method: canExportInPlainTextFormat[Using chunked]
    End time:    2017/08/28 19:51:58 (Duration: 432ms)
================================================================================





================================================================================
 TEST START                                                                     
--------------------------------------------------------------------------------
    Test class:  DBDumpTest
    Test method: canOverrideDefaultConverterWithAnnotation[Using tupl]
    Start time:  2017/08/28 19:51:58
================================================================================



<chronodump>
  <dbmetadata>
    <creationDate>2017-08-28 17:51:59.32 UTC</creationDate>
    <chronosVersion>0.7.3-RELEASE</chronosVersion>
    <commitMetadata>
      <org.chronos.chronodb.internal.impl.dump.meta.CommitDumpMetadata>
        <timestamp>1503942719016</timestamp>
        <branch>master</branch>
      </org.chronos.chronodb.internal.impl.dump.meta.CommitDumpMetadata>
    </commitMetadata>
    <branchMetadata>
      <branch>
        <name>master</name>
        <branchingTimestamp>0</branchingTimestamp>
      </branch>
    </branchMetadata>
    <indexerMetadata/>
  </dbmetadata>
  <dbentryPlain>
    <timestamp>1503942719016</timestamp>
    <branch>master</branch>
    <keyspace>default</keyspace>
    <key>p1</key>
    <value class="person">
      <firstName>John</firstName>
      <lastName>Doe</lastName>
      <nickNames/>
    </value>
    <converterClassName>org.chronos.chronodb.test.engine.dbdump.DBDumpTest$PersonExternalizer</converterClassName>
  </dbentryPlain>
  <dbentryPlain>
    <timestamp>1503942719016</timestamp>
    <branch>master</branch>
    <keyspace>default</keyspace>
    <key>p2</key>
    <value class="person">
      <firstName>Jane</firstName>
      <lastName>Doe</lastName>
      <nickNames/>
    </value>
    <converterClassName>org.chronos.chronodb.test.engine.dbdump.DBDumpTest$PersonExternalizer</converterClassName>
  </dbentryPlain>
</chronodump>


================================================================================
 TEST SUCCEEDED                                                                 
--------------------------------------------------------------------------------
    Test class:  DBDumpTest
    Test method: canOverrideDefaultConverterWithAnnotation[Using tupl]
    End time:    2017/08/28 19:51:59 (Duration: 154ms)
================================================================================





================================================================================
 TEST START                                                                     
--------------------------------------------------------------------------------
    Test class:  DBDumpTest
    Test method: canReadWriteZippedDump[Using tupl]
    Start time:  2017/08/28 19:51:59
================================================================================





================================================================================
 TEST SUCCEEDED                                                                 
--------------------------------------------------------------------------------
    Test class:  DBDumpTest
    Test method: canReadWriteZippedDump[Using tupl]
    End time:    2017/08/28 19:51:59 (Duration: 300ms)
================================================================================





================================================================================
 TEST START                                                                     
--------------------------------------------------------------------------------
    Test class:  DBDumpTest
    Test method: canExportAndImportDumpOnSameDBType[Using tupl]
    Start time:  2017/08/28 19:51:59
================================================================================





================================================================================
 TEST SUCCEEDED                                                                 
--------------------------------------------------------------------------------
    Test class:  DBDumpTest
    Test method: canExportAndImportDumpOnSameDBType[Using tupl]
    End time:    2017/08/28 19:51:59 (Duration: 578ms)
================================================================================





================================================================================
 TEST START                                                                     
--------------------------------------------------------------------------------
    Test class:  DBDumpTest
    Test method: canCreateDumpFileIfNotExists[Using tupl]
    Start time:  2017/08/28 19:51:59
================================================================================





================================================================================
 TEST SUCCEEDED                                                                 
--------------------------------------------------------------------------------
    Test class:  DBDumpTest
    Test method: canCreateDumpFileIfNotExists[Using tupl]
    End time:    2017/08/28 19:52:00 (Duration: 153ms)
================================================================================





================================================================================
 TEST START                                                                     
--------------------------------------------------------------------------------
    Test class:  DBDumpTest
    Test method: canExportAndImportWellKnownValues[Using tupl]
    Start time:  2017/08/28 19:52:00
================================================================================



<chronodump>
  <dbmetadata>
    <creationDate>2017-08-28 17:52:00.279 UTC</creationDate>
    <chronosVersion>0.7.3-RELEASE</chronosVersion>
    <commitMetadata>
      <org.chronos.chronodb.internal.impl.dump.meta.CommitDumpMetadata>
        <timestamp>1503942720233</timestamp>
        <branch>master</branch>
      </org.chronos.chronodb.internal.impl.dump.meta.CommitDumpMetadata>
    </commitMetadata>
    <branchMetadata>
      <branch>
        <name>master</name>
        <branchingTimestamp>0</branchingTimestamp>
      </branch>
    </branchMetadata>
    <indexerMetadata/>
  </dbmetadata>
  <dbentryPlain>
    <timestamp>1503942720233</timestamp>
    <branch>master</branch>
    <keyspace>default</keyspace>
    <key>enum</key>
    <value class="java.time.DayOfWeek">MONDAY</value>
  </dbentryPlain>
  <dbentryPlain>
    <timestamp>1503942720233</timestamp>
    <branch>master</branch>
    <keyspace>default</keyspace>
    <key>enumList</key>
    <value class="list">
      <java.time.DayOfWeek>MONDAY</java.time.DayOfWeek>
      <java.time.DayOfWeek>FRIDAY</java.time.DayOfWeek>
    </value>
  </dbentryPlain>
  <dbentryPlain>
    <timestamp>1503942720233</timestamp>
    <branch>master</branch>
    <keyspace>default</keyspace>
    <key>list</key>
    <value class="list">
      <int>1</int>
      <int>2</int>
      <int>3</int>
      <int>4</int>
      <int>5</int>
    </value>
  </dbentryPlain>
  <dbentryPlain>
    <timestamp>1503942720233</timestamp>
    <branch>master</branch>
    <keyspace>default</keyspace>
    <key>map</key>
    <value class="map">
      <entry>
        <string>zero</string>
        <int>0</int>
      </entry>
      <entry>
        <string>one</string>
        <int>1</int>
      </entry>
      <entry>
        <string>pi</string>
        <int>31415</int>
      </entry>
    </value>
  </dbentryPlain>
  <dbentryPlain>
    <timestamp>1503942720233</timestamp>
    <branch>master</branch>
    <keyspace>default</keyspace>
    <key>multimap</key>
    <value class="map">
      <entry>
        <string>persons</string>
        <set>
          <string>John</string>
          <string>Jack</string>
          <string>Jane</string>
        </set>
      </entry>
      <entry>
        <string>numbers</string>
        <set>
          <string>1</string>
          <string>2</string>
          <string>3</string>
        </set>
      </entry>
    </value>
  </dbentryPlain>
  <dbentryPlain>
    <timestamp>1503942720233</timestamp>
    <branch>master</branch>
    <keyspace>default</keyspace>
    <key>set</key>
    <value class="set">
      <string>Hello</string>
      <string>World</string>
    </value>
  </dbentryPlain>
</chronodump>


================================================================================
 TEST SUCCEEDED                                                                 
--------------------------------------------------------------------------------
    Test class:  DBDumpTest
    Test method: canExportAndImportWellKnownValues[Using tupl]
    End time:    2017/08/28 19:52:00 (Duration: 284ms)
================================================================================





================================================================================
 TEST START                                                                     
--------------------------------------------------------------------------------
    Test class:  DBDumpTest
    Test method: canAccessCommitMetadataAfterReadingDump[Using tupl]
    Start time:  2017/08/28 19:52:00
================================================================================





================================================================================
 TEST SUCCEEDED                                                                 
--------------------------------------------------------------------------------
    Test class:  DBDumpTest
    Test method: canAccessCommitMetadataAfterReadingDump[Using tupl]
    End time:    2017/08/28 19:52:00 (Duration: 485ms)
================================================================================





================================================================================
 TEST START                                                                     
--------------------------------------------------------------------------------
    Test class:  DBDumpTest
    Test method: canExportAndImportIndexers[Using tupl]
    Start time:  2017/08/28 19:52:00
================================================================================



<chronodump>
  <dbmetadata>
    <creationDate>2017-08-28 17:52:01.210 UTC</creationDate>
    <chronosVersion>0.7.3-RELEASE</chronosVersion>
    <commitMetadata>
      <org.chronos.chronodb.internal.impl.dump.meta.CommitDumpMetadata>
        <timestamp>1503942721132</timestamp>
        <branch>master</branch>
      </org.chronos.chronodb.internal.impl.dump.meta.CommitDumpMetadata>
      <org.chronos.chronodb.internal.impl.dump.meta.CommitDumpMetadata>
        <timestamp>1503942721063</timestamp>
        <branch>master</branch>
      </org.chronos.chronodb.internal.impl.dump.meta.CommitDumpMetadata>
    </commitMetadata>
    <branchMetadata>
      <branch>
        <name>master</name>
        <branchingTimestamp>0</branchingTimestamp>
      </branch>
    </branchMetadata>
    <indexerMetadata>
      <indexer>
        <indexName>nickname</indexName>
        <indexerData>AQDDAW9yZy5jaHJvbm9zLmNocm9ub2RiLnRlc3QuZW5naW5lLmRiZHVtcC5EQkR1bXBUZXN0JE5pY2tuYW1lSW5kZXhlcgE=</indexerData>
      </indexer>
      <indexer>
        <indexName>firstname</indexName>
        <indexerData>AQDEAW9yZy5jaHJvbm9zLmNocm9ub2RiLnRlc3QuZW5naW5lLmRiZHVtcC5EQkR1bXBUZXN0JEZpcnN0TmFtZUluZGV4ZXIB</indexerData>
      </indexer>
      <indexer>
        <indexName>lastname</indexName>
        <indexerData>AQDDAW9yZy5jaHJvbm9zLmNocm9ub2RiLnRlc3QuZW5naW5lLmRiZHVtcC5EQkR1bXBUZXN0JExhc3ROYW1lSW5kZXhlcgE=</indexerData>
      </indexer>
    </indexerMetadata>
  </dbmetadata>
  <dbentryBinary>
    <timestamp>1503942721063</timestamp>
    <branch>master</branch>
    <keyspace>default</keyspace>
    <key>p1</key>
    <binaryValue>AQBvcmcuY2hyb25vcy5jaHJvbm9kYi50ZXN0LmVuZ2luZS5kYmR1bXAuREJEdW1wVGVzdCRQZXJzb+4BAUpvaO4BRG/lAQFqYXZhLnV0aWwuSGFzaFNl9AECAUpvaG5u+QFKxA==</binaryValue>
  </dbentryBinary>
  <dbentryBinary>
    <timestamp>1503942721063</timestamp>
    <branch>master</branch>
    <keyspace>default</keyspace>
    <key>p2</key>
    <binaryValue>AQBvcmcuY2hyb25vcy5jaHJvbm9kYi50ZXN0LmVuZ2luZS5kYmR1bXAuREJEdW1wVGVzdCRQZXJzb+4BAUphbuUBRG/lAQFqYXZhLnV0aWwuSGFzaFNl9AECAUrEAUplbm75</binaryValue>
  </dbentryBinary>
  <dbentryBinary>
    <timestamp>1503942721132</timestamp>
    <branch>master</branch>
    <keyspace>default</keyspace>
    <key>p2</key>
    <binaryValue>AQBvcmcuY2hyb25vcy5jaHJvbm9kYi50ZXN0LmVuZ2luZS5kYmR1bXAuREJEdW1wVGVzdCRQZXJzb+4BAUphbuUBU21pdOgBAWphdmEudXRpbC5IYXNoU2X0AQIBStMBSmVubvk=</binaryValue>
  </dbentryBinary>
  <dbentryBinary>
    <timestamp>1503942721063</timestamp>
    <branch>master</branch>
    <keyspace>default</keyspace>
    <key>p3</key>
    <binaryValue>AQBvcmcuY2hyb25vcy5jaHJvbm9kYi50ZXN0LmVuZ2luZS5kYmR1bXAuREJEdW1wVGVzdCRQZXJzb+4BAUphY+sBRG/lAQFqYXZhLnV0aWwuSGFzaFNl9AECAUphY2v5AUrE</binaryValue>
  </dbentryBinary>
  <dbentryBinary>
    <timestamp>1503942721132</timestamp>
    <branch>master</branch>
    <keyspace>default</keyspace>
    <key>p3</key>
    <binaryValue></binaryValue>
  </dbentryBinary>
  <dbentryBinary>
    <timestamp>1503942721063</timestamp>
    <branch>master</branch>
    <keyspace>default</keyspace>
    <key>p4</key>
    <binaryValue>AQBvcmcuY2hyb25vcy5jaHJvbm9kYi50ZXN0LmVuZ2luZS5kYmR1bXAuREJEdW1wVGVzdCRQZXJzb+4BAUpvaO4BU21pdOgBAWphdmEudXRpbC5IYXNoU2X0AQIBSm9obm75AUrT</binaryValue>
  </dbentryBinary>
</chronodump>


================================================================================
 TEST SUCCEEDED                                                                 
--------------------------------------------------------------------------------
    Test class:  DBDumpTest
    Test method: canExportAndImportIndexers[Using tupl]
    End time:    2017/08/28 19:52:01 (Duration: 578ms)
================================================================================





================================================================================
 TEST START                                                                     
--------------------------------------------------------------------------------
    Test class:  DBDumpTest
    Test method: canRegisterDefaultConverters[Using tupl]
    Start time:  2017/08/28 19:52:01
================================================================================



<chronodump>
  <dbmetadata>
    <creationDate>2017-08-28 17:52:01.579 UTC</creationDate>
    <chronosVersion>0.7.3-RELEASE</chronosVersion>
    <commitMetadata>
      <org.chronos.chronodb.internal.impl.dump.meta.CommitDumpMetadata>
        <timestamp>1503942721548</timestamp>
        <branch>master</branch>
      </org.chronos.chronodb.internal.impl.dump.meta.CommitDumpMetadata>
    </commitMetadata>
    <branchMetadata>
      <branch>
        <name>master</name>
        <branchingTimestamp>0</branchingTimestamp>
      </branch>
    </branchMetadata>
    <indexerMetadata/>
  </dbmetadata>
  <dbentryPlain>
    <timestamp>1503942721548</timestamp>
    <branch>master</branch>
    <keyspace>default</keyspace>
    <key>p1</key>
    <value class="person">
      <firstName>John</firstName>
      <lastName>Doe</lastName>
      <nickNames/>
    </value>
  </dbentryPlain>
  <dbentryPlain>
    <timestamp>1503942721548</timestamp>
    <branch>master</branch>
    <keyspace>default</keyspace>
    <key>p2</key>
    <value class="person">
      <firstName>Jane</firstName>
      <lastName>Doe</lastName>
      <nickNames/>
    </value>
  </dbentryPlain>
</chronodump>


================================================================================
 TEST SUCCEEDED                                                                 
--------------------------------------------------------------------------------
    Test class:  DBDumpTest
    Test method: canRegisterDefaultConverters[Using tupl]
    End time:    2017/08/28 19:52:01 (Duration: 168ms)
================================================================================





================================================================================
 TEST START                                                                     
--------------------------------------------------------------------------------
    Test class:  DBDumpTest
    Test method: canLoadDumpWithInMemoryDB[Using tupl]
    Start time:  2017/08/28 19:52:01
================================================================================



<chronodump>
  <dbmetadata>
    <creationDate>2017-08-28 17:52:01.832 UTC</creationDate>
    <chronosVersion>0.7.3-RELEASE</chronosVersion>
    <commitMetadata>
      <org.chronos.chronodb.internal.impl.dump.meta.CommitDumpMetadata>
        <timestamp>1503942721775</timestamp>
        <branch>MyBranch</branch>
      </org.chronos.chronodb.internal.impl.dump.meta.CommitDumpMetadata>
      <org.chronos.chronodb.internal.impl.dump.meta.CommitDumpMetadata>
        <timestamp>1503942721814</timestamp>
        <branch>master</branch>
      </org.chronos.chronodb.internal.impl.dump.meta.CommitDumpMetadata>
      <org.chronos.chronodb.internal.impl.dump.meta.CommitDumpMetadata>
        <timestamp>1503942721716</timestamp>
        <branch>master</branch>
      </org.chronos.chronodb.internal.impl.dump.meta.CommitDumpMetadata>
    </commitMetadata>
    <branchMetadata>
      <branch>
        <name>master</name>
        <branchingTimestamp>0</branchingTimestamp>
      </branch>
      <branch>
        <name>MyBranch</name>
        <parentName>master</parentName>
        <branchingTimestamp>1503942721716</branchingTimestamp>
      </branch>
      <branch>
        <name>MySubBranch</name>
        <parentName>MyBranch</parentName>
        <branchingTimestamp>1503942721775</branchingTimestamp>
      </branch>
    </branchMetadata>
    <indexerMetadata/>
  </dbmetadata>
  <dbentryPlain>
    <timestamp>1503942721775</timestamp>
    <branch>MyBranch</branch>
    <keyspace>Math</keyspace>
    <key>Pi</key>
    <value class="int">31415</value>
  </dbentryPlain>
  <dbentryPlain>
    <timestamp>1503942721716</timestamp>
    <branch>master</branch>
    <keyspace>default</keyspace>
    <key>first</key>
    <value class="int">123</value>
  </dbentryPlain>
  <dbentryPlain>
    <timestamp>1503942721716</timestamp>
    <branch>master</branch>
    <keyspace>MyKeyspace</keyspace>
    <key>second</key>
    <value class="int">456</value>
  </dbentryPlain>
  <dbentryPlain>
    <timestamp>1503942721814</timestamp>
    <branch>master</branch>
    <keyspace>MyAwesomeKeyspace</keyspace>
    <key>third</key>
    <value class="int">789</value>
  </dbentryPlain>
</chronodump>


================================================================================
 TEST SUCCEEDED                                                                 
--------------------------------------------------------------------------------
    Test class:  DBDumpTest
    Test method: canLoadDumpWithInMemoryDB[Using tupl]
    End time:    2017/08/28 19:52:01 (Duration: 200ms)
================================================================================





================================================================================
 TEST START                                                                     
--------------------------------------------------------------------------------
    Test class:  DBDumpTest
    Test method: canAccessCommitTimestampsAfterReadingDump[Using tupl]
    Start time:  2017/08/28 19:52:01
================================================================================





================================================================================
 TEST SUCCEEDED                                                                 
--------------------------------------------------------------------------------
    Test class:  DBDumpTest
    Test method: canAccessCommitTimestampsAfterReadingDump[Using tupl]
    End time:    2017/08/28 19:52:02 (Duration: 269ms)
================================================================================





================================================================================
 TEST START                                                                     
--------------------------------------------------------------------------------
    Test class:  DBDumpTest
    Test method: canFallBackToBinaryForUnknownValueTypes[Using tupl]
    Start time:  2017/08/28 19:52:02
================================================================================



<chronodump>
  <dbmetadata>
    <creationDate>2017-08-28 17:52:02.216 UTC</creationDate>
    <chronosVersion>0.7.3-RELEASE</chronosVersion>
    <commitMetadata>
      <org.chronos.chronodb.internal.impl.dump.meta.CommitDumpMetadata>
        <timestamp>1503942722179</timestamp>
        <branch>master</branch>
      </org.chronos.chronodb.internal.impl.dump.meta.CommitDumpMetadata>
    </commitMetadata>
    <branchMetadata>
      <branch>
        <name>master</name>
        <branchingTimestamp>0</branchingTimestamp>
      </branch>
    </branchMetadata>
    <indexerMetadata/>
  </dbmetadata>
  <dbentryBinary>
    <timestamp>1503942722179</timestamp>
    <branch>master</branch>
    <keyspace>default</keyspace>
    <key>p1</key>
    <binaryValue>AQBvcmcuY2hyb25vcy5jaHJvbm9kYi50ZXN0LmVuZ2luZS5kYmR1bXAuREJEdW1wVGVzdCRQZXJzb+4BAUpvaO4BRG/lAQFqYXZhLnV0aWwuSGFzaFNl9AEA</binaryValue>
  </dbentryBinary>
  <dbentryBinary>
    <timestamp>1503942722179</timestamp>
    <branch>master</branch>
    <keyspace>default</keyspace>
    <key>p2</key>
    <binaryValue>AQBvcmcuY2hyb25vcy5jaHJvbm9kYi50ZXN0LmVuZ2luZS5kYmR1bXAuREJEdW1wVGVzdCRQZXJzb+4BAUphbuUBRG/lAQFqYXZhLnV0aWwuSGFzaFNl9AEA</binaryValue>
  </dbentryBinary>
  <dbentryBinary>
    <timestamp>1503942722179</timestamp>
    <branch>master</branch>
    <keyspace>default</keyspace>
    <key>persons</key>
    <binaryValue>AQBqYXZhLnV0aWwuQXJyYXlMaXP0AQIBAW9yZy5jaHJvbm9zLmNocm9ub2RiLnRlc3QuZW5naW5lLmRiZHVtcC5EQkR1bXBUZXN0JFBlcnNv7gEBSm9o7gFEb+UBAmphdmEudXRpbC5IYXNoU2X0AQABAQEBSmFu5QUBAgEA</binaryValue>
  </dbentryBinary>
</chronodump>


================================================================================
 TEST SUCCEEDED                                                                 
--------------------------------------------------------------------------------
    Test class:  DBDumpTest
    Test method: canFallBackToBinaryForUnknownValueTypes[Using tupl]
    End time:    2017/08/28 19:52:02 (Duration: 216ms)
================================================================================





================================================================================
 TEST START                                                                     
--------------------------------------------------------------------------------
    Test class:  DBDumpTest
    Test method: canExportInPlainTextFormat[Using tupl]
    Start time:  2017/08/28 19:52:02
================================================================================



<chronodump>
  <dbmetadata>
    <creationDate>2017-08-28 17:52:02.495 UTC</creationDate>
    <chronosVersion>0.7.3-RELEASE</chronosVersion>
    <commitMetadata>
      <org.chronos.chronodb.internal.impl.dump.meta.CommitDumpMetadata>
        <timestamp>1503942722448</timestamp>
        <branch>master</branch>
      </org.chronos.chronodb.internal.impl.dump.meta.CommitDumpMetadata>
    </commitMetadata>
    <branchMetadata>
      <branch>
        <name>master</name>
        <branchingTimestamp>0</branchingTimestamp>
      </branch>
    </branchMetadata>
    <indexerMetadata/>
  </dbmetadata>
  <dbentryPlain>
    <timestamp>1503942722448</timestamp>
    <branch>master</branch>
    <keyspace>default</keyspace>
    <key>p1</key>
    <value class="org.chronos.chronodb.test.engine.dbdump.DBDumpTest$PersonDump">
      <firstName>John</firstName>
      <lastName>Doe</lastName>
      <nickNames>
        <string>Johnny</string>
        <string>JD</string>
      </nickNames>
    </value>
    <converterClassName>org.chronos.chronodb.test.engine.dbdump.DBDumpTest$PersonExternalizer</converterClassName>
  </dbentryPlain>
  <dbentryPlain>
    <timestamp>1503942722448</timestamp>
    <branch>master</branch>
    <keyspace>default</keyspace>
    <key>p2</key>
    <value class="org.chronos.chronodb.test.engine.dbdump.DBDumpTest$PersonDump">
      <firstName>Jane</firstName>
      <lastName>Doe</lastName>
      <nickNames>
        <string>JD</string>
        <string>Jenny</string>
      </nickNames>
    </value>
    <converterClassName>org.chronos.chronodb.test.engine.dbdump.DBDumpTest$PersonExternalizer</converterClassName>
  </dbentryPlain>
</chronodump>


================================================================================
 TEST SUCCEEDED                                                                 
--------------------------------------------------------------------------------
    Test class:  DBDumpTest
    Test method: canExportInPlainTextFormat[Using tupl]
    End time:    2017/08/28 19:52:02 (Duration: 284ms)
================================================================================





================================================================================
 TEST START                                                                     
--------------------------------------------------------------------------------
    Test class:  DBDumpTest
    Test method: canOverrideDefaultConverterWithAnnotation[Using mapdb]
    Start time:  2017/08/28 19:52:02
================================================================================



<chronodump>
  <dbmetadata>
    <creationDate>2017-08-28 17:52:02.979 UTC</creationDate>
    <chronosVersion>0.7.3-RELEASE</chronosVersion>
    <commitMetadata>
      <org.chronos.chronodb.internal.impl.dump.meta.CommitDumpMetadata>
        <timestamp>1503942722880</timestamp>
        <branch>master</branch>
      </org.chronos.chronodb.internal.impl.dump.meta.CommitDumpMetadata>
    </commitMetadata>
    <branchMetadata>
      <branch>
        <name>master</name>
        <branchingTimestamp>0</branchingTimestamp>
      </branch>
    </branchMetadata>
    <indexerMetadata/>
  </dbmetadata>
  <dbentryPlain>
    <timestamp>1503942722880</timestamp>
    <branch>master</branch>
    <keyspace>default</keyspace>
    <key>p1</key>
    <value class="person">
      <firstName>John</firstName>
      <lastName>Doe</lastName>
      <nickNames/>
    </value>
    <converterClassName>org.chronos.chronodb.test.engine.dbdump.DBDumpTest$PersonExternalizer</converterClassName>
  </dbentryPlain>
  <dbentryPlain>
    <timestamp>1503942722880</timestamp>
    <branch>master</branch>
    <keyspace>default</keyspace>
    <key>p2</key>
    <value class="person">
      <firstName>Jane</firstName>
      <lastName>Doe</lastName>
      <nickNames/>
    </value>
    <converterClassName>org.chronos.chronodb.test.engine.dbdump.DBDumpTest$PersonExternalizer</converterClassName>
  </dbentryPlain>
</chronodump>


================================================================================
 TEST SUCCEEDED                                                                 
--------------------------------------------------------------------------------
    Test class:  DBDumpTest
    Test method: canOverrideDefaultConverterWithAnnotation[Using mapdb]
    End time:    2017/08/28 19:52:03 (Duration: 685ms)
================================================================================





================================================================================
 TEST START                                                                     
--------------------------------------------------------------------------------
    Test class:  DBDumpTest
    Test method: canReadWriteZippedDump[Using mapdb]
    Start time:  2017/08/28 19:52:03
================================================================================





================================================================================
 TEST SUCCEEDED                                                                 
--------------------------------------------------------------------------------
    Test class:  DBDumpTest
    Test method: canReadWriteZippedDump[Using mapdb]
    End time:    2017/08/28 19:52:04 (Duration: 1162ms)
================================================================================





================================================================================
 TEST START                                                                     
--------------------------------------------------------------------------------
    Test class:  DBDumpTest
    Test method: canExportAndImportDumpOnSameDBType[Using mapdb]
    Start time:  2017/08/28 19:52:04
================================================================================





================================================================================
 TEST SUCCEEDED                                                                 
--------------------------------------------------------------------------------
    Test class:  DBDumpTest
    Test method: canExportAndImportDumpOnSameDBType[Using mapdb]
    End time:    2017/08/28 19:52:05 (Duration: 941ms)
================================================================================





================================================================================
 TEST START                                                                     
--------------------------------------------------------------------------------
    Test class:  DBDumpTest
    Test method: canCreateDumpFileIfNotExists[Using mapdb]
    Start time:  2017/08/28 19:52:05
================================================================================





================================================================================
 TEST SUCCEEDED                                                                 
--------------------------------------------------------------------------------
    Test class:  DBDumpTest
    Test method: canCreateDumpFileIfNotExists[Using mapdb]
    End time:    2017/08/28 19:52:05 (Duration: 245ms)
================================================================================





================================================================================
 TEST START                                                                     
--------------------------------------------------------------------------------
    Test class:  DBDumpTest
    Test method: canExportAndImportWellKnownValues[Using mapdb]
    Start time:  2017/08/28 19:52:05
================================================================================



<chronodump>
  <dbmetadata>
    <creationDate>2017-08-28 17:52:05.912 UTC</creationDate>
    <chronosVersion>0.7.3-RELEASE</chronosVersion>
    <commitMetadata>
      <org.chronos.chronodb.internal.impl.dump.meta.CommitDumpMetadata>
        <timestamp>1503942725849</timestamp>
        <branch>master</branch>
      </org.chronos.chronodb.internal.impl.dump.meta.CommitDumpMetadata>
    </commitMetadata>
    <branchMetadata>
      <branch>
        <name>master</name>
        <branchingTimestamp>0</branchingTimestamp>
      </branch>
    </branchMetadata>
    <indexerMetadata/>
  </dbmetadata>
  <dbentryPlain>
    <timestamp>1503942725849</timestamp>
    <branch>master</branch>
    <keyspace>default</keyspace>
    <key>enum</key>
    <value class="java.time.DayOfWeek">MONDAY</value>
  </dbentryPlain>
  <dbentryPlain>
    <timestamp>1503942725849</timestamp>
    <branch>master</branch>
    <keyspace>default</keyspace>
    <key>enumList</key>
    <value class="list">
      <java.time.DayOfWeek>MONDAY</java.time.DayOfWeek>
      <java.time.DayOfWeek>FRIDAY</java.time.DayOfWeek>
    </value>
  </dbentryPlain>
  <dbentryPlain>
    <timestamp>1503942725849</timestamp>
    <branch>master</branch>
    <keyspace>default</keyspace>
    <key>list</key>
    <value class="list">
      <int>1</int>
      <int>2</int>
      <int>3</int>
      <int>4</int>
      <int>5</int>
    </value>
  </dbentryPlain>
  <dbentryPlain>
    <timestamp>1503942725849</timestamp>
    <branch>master</branch>
    <keyspace>default</keyspace>
    <key>map</key>
    <value class="map">
      <entry>
        <string>zero</string>
        <int>0</int>
      </entry>
      <entry>
        <string>one</string>
        <int>1</int>
      </entry>
      <entry>
        <string>pi</string>
        <int>31415</int>
      </entry>
    </value>
  </dbentryPlain>
  <dbentryPlain>
    <timestamp>1503942725849</timestamp>
    <branch>master</branch>
    <keyspace>default</keyspace>
    <key>multimap</key>
    <value class="map">
      <entry>
        <string>persons</string>
        <set>
          <string>John</string>
          <string>Jack</string>
          <string>Jane</string>
        </set>
      </entry>
      <entry>
        <string>numbers</string>
        <set>
          <string>1</string>
          <string>2</string>
          <string>3</string>
        </set>
      </entry>
    </value>
  </dbentryPlain>
  <dbentryPlain>
    <timestamp>1503942725849</timestamp>
    <branch>master</branch>
    <keyspace>default</keyspace>
    <key>set</key>
    <value class="set">
      <string>Hello</string>
      <string>World</string>
    </value>
  </dbentryPlain>
</chronodump>


================================================================================
 TEST SUCCEEDED                                                                 
--------------------------------------------------------------------------------
    Test class:  DBDumpTest
    Test method: canExportAndImportWellKnownValues[Using mapdb]
    End time:    2017/08/28 19:52:06 (Duration: 515ms)
================================================================================





================================================================================
 TEST START                                                                     
--------------------------------------------------------------------------------
    Test class:  DBDumpTest
    Test method: canAccessCommitMetadataAfterReadingDump[Using mapdb]
    Start time:  2017/08/28 19:52:06
================================================================================





================================================================================
 TEST SUCCEEDED                                                                 
--------------------------------------------------------------------------------
    Test class:  DBDumpTest
    Test method: canAccessCommitMetadataAfterReadingDump[Using mapdb]
    End time:    2017/08/28 19:52:07 (Duration: 1136ms)
================================================================================





================================================================================
 TEST START                                                                     
--------------------------------------------------------------------------------
    Test class:  DBDumpTest
    Test method: canExportAndImportIndexers[Using mapdb]
    Start time:  2017/08/28 19:52:07
================================================================================



<chronodump>
  <dbmetadata>
    <creationDate>2017-08-28 17:52:08.0 UTC</creationDate>
    <chronosVersion>0.7.3-RELEASE</chronosVersion>
    <commitMetadata>
      <org.chronos.chronodb.internal.impl.dump.meta.CommitDumpMetadata>
        <timestamp>1503942727832</timestamp>
        <branch>master</branch>
      </org.chronos.chronodb.internal.impl.dump.meta.CommitDumpMetadata>
      <org.chronos.chronodb.internal.impl.dump.meta.CommitDumpMetadata>
        <timestamp>1503942727716</timestamp>
        <branch>master</branch>
      </org.chronos.chronodb.internal.impl.dump.meta.CommitDumpMetadata>
    </commitMetadata>
    <branchMetadata>
      <branch>
        <name>master</name>
        <branchingTimestamp>0</branchingTimestamp>
      </branch>
    </branchMetadata>
    <indexerMetadata>
      <indexer>
        <indexName>nickname</indexName>
        <indexerData>AQDDAW9yZy5jaHJvbm9zLmNocm9ub2RiLnRlc3QuZW5naW5lLmRiZHVtcC5EQkR1bXBUZXN0JE5pY2tuYW1lSW5kZXhlcgE=</indexerData>
      </indexer>
      <indexer>
        <indexName>firstname</indexName>
        <indexerData>AQDEAW9yZy5jaHJvbm9zLmNocm9ub2RiLnRlc3QuZW5naW5lLmRiZHVtcC5EQkR1bXBUZXN0JEZpcnN0TmFtZUluZGV4ZXIB</indexerData>
      </indexer>
      <indexer>
        <indexName>lastname</indexName>
        <indexerData>AQDDAW9yZy5jaHJvbm9zLmNocm9ub2RiLnRlc3QuZW5naW5lLmRiZHVtcC5EQkR1bXBUZXN0JExhc3ROYW1lSW5kZXhlcgE=</indexerData>
      </indexer>
    </indexerMetadata>
  </dbmetadata>
  <dbentryBinary>
    <timestamp>1503942727716</timestamp>
    <branch>master</branch>
    <keyspace>default</keyspace>
    <key>p1</key>
    <binaryValue>AQBvcmcuY2hyb25vcy5jaHJvbm9kYi50ZXN0LmVuZ2luZS5kYmR1bXAuREJEdW1wVGVzdCRQZXJzb+4BAUpvaO4BRG/lAQFqYXZhLnV0aWwuSGFzaFNl9AECAUpvaG5u+QFKxA==</binaryValue>
  </dbentryBinary>
  <dbentryBinary>
    <timestamp>1503942727716</timestamp>
    <branch>master</branch>
    <keyspace>default</keyspace>
    <key>p2</key>
    <binaryValue>AQBvcmcuY2hyb25vcy5jaHJvbm9kYi50ZXN0LmVuZ2luZS5kYmR1bXAuREJEdW1wVGVzdCRQZXJzb+4BAUphbuUBRG/lAQFqYXZhLnV0aWwuSGFzaFNl9AECAUrEAUplbm75</binaryValue>
  </dbentryBinary>
  <dbentryBinary>
    <timestamp>1503942727832</timestamp>
    <branch>master</branch>
    <keyspace>default</keyspace>
    <key>p2</key>
    <binaryValue>AQBvcmcuY2hyb25vcy5jaHJvbm9kYi50ZXN0LmVuZ2luZS5kYmR1bXAuREJEdW1wVGVzdCRQZXJzb+4BAUphbuUBU21pdOgBAWphdmEudXRpbC5IYXNoU2X0AQIBStMBSmVubvk=</binaryValue>
  </dbentryBinary>
  <dbentryBinary>
    <timestamp>1503942727716</timestamp>
    <branch>master</branch>
    <keyspace>default</keyspace>
    <key>p3</key>
    <binaryValue>AQBvcmcuY2hyb25vcy5jaHJvbm9kYi50ZXN0LmVuZ2luZS5kYmR1bXAuREJEdW1wVGVzdCRQZXJzb+4BAUphY+sBRG/lAQFqYXZhLnV0aWwuSGFzaFNl9AECAUphY2v5AUrE</binaryValue>
  </dbentryBinary>
  <dbentryBinary>
    <timestamp>1503942727832</timestamp>
    <branch>master</branch>
    <keyspace>default</keyspace>
    <key>p3</key>
    <binaryValue></binaryValue>
  </dbentryBinary>
  <dbentryBinary>
    <timestamp>1503942727716</timestamp>
    <branch>master</branch>
    <keyspace>default</keyspace>
    <key>p4</key>
    <binaryValue>AQBvcmcuY2hyb25vcy5jaHJvbm9kYi50ZXN0LmVuZ2luZS5kYmR1bXAuREJEdW1wVGVzdCRQZXJzb+4BAUpvaO4BU21pdOgBAWphdmEudXRpbC5IYXNoU2X0AQIBSm9obm75AUrT</binaryValue>
  </dbentryBinary>
</chronodump>


================================================================================
 TEST SUCCEEDED                                                                 
--------------------------------------------------------------------------------
    Test class:  DBDumpTest
    Test method: canExportAndImportIndexers[Using mapdb]
    End time:    2017/08/28 19:52:08 (Duration: 1284ms)
================================================================================





================================================================================
 TEST START                                                                     
--------------------------------------------------------------------------------
    Test class:  DBDumpTest
    Test method: canRegisterDefaultConverters[Using mapdb]
    Start time:  2017/08/28 19:52:08
================================================================================



<chronodump>
  <dbmetadata>
    <creationDate>2017-08-28 17:52:08.847 UTC</creationDate>
    <chronosVersion>0.7.3-RELEASE</chronosVersion>
    <commitMetadata>
      <org.chronos.chronodb.internal.impl.dump.meta.CommitDumpMetadata>
        <timestamp>1503942728785</timestamp>
        <branch>master</branch>
      </org.chronos.chronodb.internal.impl.dump.meta.CommitDumpMetadata>
    </commitMetadata>
    <branchMetadata>
      <branch>
        <name>master</name>
        <branchingTimestamp>0</branchingTimestamp>
      </branch>
    </branchMetadata>
    <indexerMetadata/>
  </dbmetadata>
  <dbentryPlain>
    <timestamp>1503942728785</timestamp>
    <branch>master</branch>
    <keyspace>default</keyspace>
    <key>p1</key>
    <value class="person">
      <firstName>John</firstName>
      <lastName>Doe</lastName>
      <nickNames/>
    </value>
  </dbentryPlain>
  <dbentryPlain>
    <timestamp>1503942728785</timestamp>
    <branch>master</branch>
    <keyspace>default</keyspace>
    <key>p2</key>
    <value class="person">
      <firstName>Jane</firstName>
      <lastName>Doe</lastName>
      <nickNames/>
    </value>
  </dbentryPlain>
</chronodump>


================================================================================
 TEST SUCCEEDED                                                                 
--------------------------------------------------------------------------------
    Test class:  DBDumpTest
    Test method: canRegisterDefaultConverters[Using mapdb]
    End time:    2017/08/28 19:52:09 (Duration: 505ms)
================================================================================





================================================================================
 TEST START                                                                     
--------------------------------------------------------------------------------
    Test class:  DBDumpTest
    Test method: canLoadDumpWithInMemoryDB[Using mapdb]
    Start time:  2017/08/28 19:52:09
================================================================================



<chronodump>
  <dbmetadata>
    <creationDate>2017-08-28 17:52:09.537 UTC</creationDate>
    <chronosVersion>0.7.3-RELEASE</chronosVersion>
    <commitMetadata>
      <org.chronos.chronodb.internal.impl.dump.meta.CommitDumpMetadata>
        <timestamp>1503942729483</timestamp>
        <branch>master</branch>
      </org.chronos.chronodb.internal.impl.dump.meta.CommitDumpMetadata>
      <org.chronos.chronodb.internal.impl.dump.meta.CommitDumpMetadata>
        <timestamp>1503942729286</timestamp>
        <branch>master</branch>
      </org.chronos.chronodb.internal.impl.dump.meta.CommitDumpMetadata>
      <org.chronos.chronodb.internal.impl.dump.meta.CommitDumpMetadata>
        <timestamp>1503942729391</timestamp>
        <branch>MyBranch</branch>
      </org.chronos.chronodb.internal.impl.dump.meta.CommitDumpMetadata>
    </commitMetadata>
    <branchMetadata>
      <branch>
        <name>MySubBranch</name>
        <parentName>MyBranch</parentName>
        <branchingTimestamp>1503942729391</branchingTimestamp>
      </branch>
      <branch>
        <name>MyBranch</name>
        <parentName>master</parentName>
        <branchingTimestamp>1503942729286</branchingTimestamp>
      </branch>
      <branch>
        <name>master</name>
        <branchingTimestamp>0</branchingTimestamp>
      </branch>
    </branchMetadata>
    <indexerMetadata/>
  </dbmetadata>
  <dbentryPlain>
    <timestamp>1503942729391</timestamp>
    <branch>MyBranch</branch>
    <keyspace>Math</keyspace>
    <key>Pi</key>
    <value class="int">31415</value>
  </dbentryPlain>
  <dbentryPlain>
    <timestamp>1503942729286</timestamp>
    <branch>master</branch>
    <keyspace>default</keyspace>
    <key>first</key>
    <value class="int">123</value>
  </dbentryPlain>
  <dbentryPlain>
    <timestamp>1503942729286</timestamp>
    <branch>master</branch>
    <keyspace>MyKeyspace</keyspace>
    <key>second</key>
    <value class="int">456</value>
  </dbentryPlain>
  <dbentryPlain>
    <timestamp>1503942729483</timestamp>
    <branch>master</branch>
    <keyspace>MyAwesomeKeyspace</keyspace>
    <key>third</key>
    <value class="int">789</value>
  </dbentryPlain>
</chronodump>


================================================================================
 TEST SUCCEEDED                                                                 
--------------------------------------------------------------------------------
    Test class:  DBDumpTest
    Test method: canLoadDumpWithInMemoryDB[Using mapdb]
    End time:    2017/08/28 19:52:09 (Duration: 463ms)
================================================================================





================================================================================
 TEST START                                                                     
--------------------------------------------------------------------------------
    Test class:  DBDumpTest
    Test method: canAccessCommitTimestampsAfterReadingDump[Using mapdb]
    Start time:  2017/08/28 19:52:09
================================================================================





================================================================================
 TEST SUCCEEDED                                                                 
--------------------------------------------------------------------------------
    Test class:  DBDumpTest
    Test method: canAccessCommitTimestampsAfterReadingDump[Using mapdb]
    End time:    2017/08/28 19:52:10 (Duration: 1001ms)
================================================================================





================================================================================
 TEST START                                                                     
--------------------------------------------------------------------------------
    Test class:  DBDumpTest
    Test method: canFallBackToBinaryForUnknownValueTypes[Using mapdb]
    Start time:  2017/08/28 19:52:10
================================================================================



<chronodump>
  <dbmetadata>
    <creationDate>2017-08-28 17:52:10.921 UTC</creationDate>
    <chronosVersion>0.7.3-RELEASE</chronosVersion>
    <commitMetadata>
      <org.chronos.chronodb.internal.impl.dump.meta.CommitDumpMetadata>
        <timestamp>1503942730821</timestamp>
        <branch>master</branch>
      </org.chronos.chronodb.internal.impl.dump.meta.CommitDumpMetadata>
    </commitMetadata>
    <branchMetadata>
      <branch>
        <name>master</name>
        <branchingTimestamp>0</branchingTimestamp>
      </branch>
    </branchMetadata>
    <indexerMetadata/>
  </dbmetadata>
  <dbentryBinary>
    <timestamp>1503942730821</timestamp>
    <branch>master</branch>
    <keyspace>default</keyspace>
    <key>p1</key>
    <binaryValue>AQBvcmcuY2hyb25vcy5jaHJvbm9kYi50ZXN0LmVuZ2luZS5kYmR1bXAuREJEdW1wVGVzdCRQZXJzb+4BAUpvaO4BRG/lAQFqYXZhLnV0aWwuSGFzaFNl9AEA</binaryValue>
  </dbentryBinary>
  <dbentryBinary>
    <timestamp>1503942730821</timestamp>
    <branch>master</branch>
    <keyspace>default</keyspace>
    <key>p2</key>
    <binaryValue>AQBvcmcuY2hyb25vcy5jaHJvbm9kYi50ZXN0LmVuZ2luZS5kYmR1bXAuREJEdW1wVGVzdCRQZXJzb+4BAUphbuUBRG/lAQFqYXZhLnV0aWwuSGFzaFNl9AEA</binaryValue>
  </dbentryBinary>
  <dbentryBinary>
    <timestamp>1503942730821</timestamp>
    <branch>master</branch>
    <keyspace>default</keyspace>
    <key>persons</key>
    <binaryValue>AQBqYXZhLnV0aWwuQXJyYXlMaXP0AQIBAW9yZy5jaHJvbm9zLmNocm9ub2RiLnRlc3QuZW5naW5lLmRiZHVtcC5EQkR1bXBUZXN0JFBlcnNv7gEBSm9o7gFEb+UBAmphdmEudXRpbC5IYXNoU2X0AQABAQEBSmFu5QUBAgEA</binaryValue>
  </dbentryBinary>
</chronodump>


================================================================================
 TEST SUCCEEDED                                                                 
--------------------------------------------------------------------------------
    Test class:  DBDumpTest
    Test method: canFallBackToBinaryForUnknownValueTypes[Using mapdb]
    End time:    2017/08/28 19:52:11 (Duration: 684ms)
================================================================================





================================================================================
 TEST START                                                                     
--------------------------------------------------------------------------------
    Test class:  DBDumpTest
    Test method: canExportInPlainTextFormat[Using mapdb]
    Start time:  2017/08/28 19:52:11
================================================================================



<chronodump>
  <dbmetadata>
    <creationDate>2017-08-28 17:52:11.590 UTC</creationDate>
    <chronosVersion>0.7.3-RELEASE</chronosVersion>
    <commitMetadata>
      <org.chronos.chronodb.internal.impl.dump.meta.CommitDumpMetadata>
        <timestamp>1503942731490</timestamp>
        <branch>master</branch>
      </org.chronos.chronodb.internal.impl.dump.meta.CommitDumpMetadata>
    </commitMetadata>
    <branchMetadata>
      <branch>
        <name>master</name>
        <branchingTimestamp>0</branchingTimestamp>
      </branch>
    </branchMetadata>
    <indexerMetadata/>
  </dbmetadata>
  <dbentryPlain>
    <timestamp>1503942731490</timestamp>
    <branch>master</branch>
    <keyspace>default</keyspace>
    <key>p1</key>
    <value class="org.chronos.chronodb.test.engine.dbdump.DBDumpTest$PersonDump">
      <firstName>John</firstName>
      <lastName>Doe</lastName>
      <nickNames>
        <string>Johnny</string>
        <string>JD</string>
      </nickNames>
    </value>
    <converterClassName>org.chronos.chronodb.test.engine.dbdump.DBDumpTest$PersonExternalizer</converterClassName>
  </dbentryPlain>
  <dbentryPlain>
    <timestamp>1503942731490</timestamp>
    <branch>master</branch>
    <keyspace>default</keyspace>
    <key>p2</key>
    <value class="org.chronos.chronodb.test.engine.dbdump.DBDumpTest$PersonDump">
      <firstName>Jane</firstName>
      <lastName>Doe</lastName>
      <nickNames>
        <string>JD</string>
        <string>Jenny</string>
      </nickNames>
    </value>
    <converterClassName>org.chronos.chronodb.test.engine.dbdump.DBDumpTest$PersonExternalizer</converterClassName>
  </dbentryPlain>
</chronodump>


================================================================================
 TEST SUCCEEDED                                                                 
--------------------------------------------------------------------------------
    Test class:  DBDumpTest
    Test method: canExportInPlainTextFormat[Using mapdb]
    End time:    2017/08/28 19:52:11 (Duration: 684ms)
================================================================================





================================================================================
 TEST START                                                                     
--------------------------------------------------------------------------------
    Test class:  DBDumpTest
    Test method: canOverrideDefaultConverterWithAnnotation[Using jdbc]
    Start time:  2017/08/28 19:52:11
================================================================================



19:52:11.937 [Test worker] DEBUG c.m.v.c.m.DynamicPooledDataSourceManagerMBean - MBean: com.mchange.v2.c3p0:type=PooledDataSource,identityToken=1hgeqrl9qbn6pz6yfah30|55954098,name=1hgeqrl9qbn6pz6yfah30|55954098 registered.
19:52:11.937 [Test worker] DEBUG c.m.v.c.m.DynamicPooledDataSourceManagerMBean - MBean: com.mchange.v2.c3p0:type=PooledDataSource,identityToken=1hgeqrl9qbn6pz6yfah30|55954098,name=1hgeqrl9qbn6pz6yfah30|55954098 unregistered, in order to be reregistered after update.
19:52:11.937 [Test worker] DEBUG c.m.v.c.m.DynamicPooledDataSourceManagerMBean - MBean: com.mchange.v2.c3p0:type=PooledDataSource,identityToken=1hgeqrl9qbn6pz6yfah30|55954098,name=1hgeqrl9qbn6pz6yfah30|55954098 registered.
19:52:11.937 [Test worker] INFO  c.m.v.c.i.AbstractPoolBackedDataSource - Initializing c3p0 pool... com.mchange.v2.c3p0.PoolBackedDataSource@d5baef4d [ connectionPoolDataSource -> com.mchange.v2.c3p0.WrapperConnectionPoolDataSource@8e646d5c [ acquireIncrement -> 3, acquireRetryAttempts -> 30, acquireRetryDelay -> 1000, autoCommitOnClose -> false, automaticTestTable -> null, breakAfterAcquireFailure -> false, checkoutTimeout -> 0, connectionCustomizerClassName -> null, connectionTesterClassName -> com.mchange.v2.c3p0.impl.DefaultConnectionTester, contextClassLoaderSource -> caller, debugUnreturnedConnectionStackTraces -> false, factoryClassLocation -> null, forceIgnoreUnresolvedTransactions -> false, forceSynchronousCheckins -> false, identityToken -> 1hgeqrl9qbn6pz6yfah30|2c6ec9e7, idleConnectionTestPeriod -> 0, initialPoolSize -> 3, maxAdministrativeTaskTime -> 0, maxConnectionAge -> 0, maxIdleTime -> 0, maxIdleTimeExcessConnections -> 0, maxPoolSize -> 15, maxStatements -> 0, maxStatementsPerConnection -> 0, minPoolSize -> 3, nestedDataSource -> com.mchange.v2.c3p0.DriverManagerDataSource@be7522b4 [ description -> null, driverClass -> null, factoryClassLocation -> null, forceUseNamedDriverClass -> false, identityToken -> 1hgeqrl9qbn6pz6yfah30|6d545cb7, jdbcUrl -> jdbc:h2:mem:d13632716217472898a461ac8b3d66ae, properties -> {} ], preferredTestQuery -> null, privilegeSpawnedThreads -> false, propertyCycle -> 0, statementCacheNumDeferredCloseThreads -> 0, testConnectionOnCheckin -> false, testConnectionOnCheckout -> false, unreturnedConnectionTimeout -> 0, usesTraditionalReflectiveProxies -> false; userOverrides: {} ], dataSourceName -> null, extensions -> {}, factoryClassLocation -> null, identityToken -> 1hgeqrl9qbn6pz6yfah30|55954098, numHelperThreads -> 3 ]
19:52:11.937 [Test worker] DEBUG c.m.v.resourcepool.BasicResourcePool - com.mchange.v2.resourcepool.BasicResourcePool@7b744b70 config: [start -> 3; min -> 3; max -> 15; inc -> 3; num_acq_attempts -> 30; acq_attempt_delay -> 1000; check_idle_resources_delay -> 0; max_resource_age -> 0; max_idle_time -> 0; excess_max_idle_time -> 0; destroy_unreturned_resc_time -> 0; expiration_enforcement_delay -> 0; break_on_acquisition_failure -> false; debug_store_checkout_exceptions -> false; force_synchronous_checkins -> false]
19:52:11.937 [Test worker] DEBUG c.m.v.c.i.C3P0PooledConnectionPoolManager - Created new pool for auth, username (masked): 'null'.
19:52:11.937 [Test worker] DEBUG c.m.v.resourcepool.BasicResourcePool - acquire test -- pool size: 0; target_pool_size: 3; desired target? 1
19:52:11.937 [Test worker] DEBUG c.m.v.resourcepool.BasicResourcePool - awaitAvailable(): [unknown]
<chronodump>
  <dbmetadata>
    <creationDate>2017-08-28 17:52:11.953 UTC</creationDate>
    <chronosVersion>0.7.3-RELEASE</chronosVersion>
    <commitMetadata>
      <org.chronos.chronodb.internal.impl.dump.meta.CommitDumpMetadata>
        <timestamp>1503942731953</timestamp>
        <branch>master</branch>
      </org.chronos.chronodb.internal.impl.dump.meta.CommitDumpMetadata>
    </commitMetadata>
    <branchMetadata>
      <branch>
        <name>master</name>
        <branchingTimestamp>0</branchingTimestamp>
      </branch>
    </branchMetadata>
    <indexerMetadata/>
  </dbmetadata>
  <dbentryPlain>
    <timestamp>1503942731953</timestamp>
    <branch>master</branch>
    <keyspace>default</keyspace>
    <key>p1</key>
    <value class="person">
      <firstName>John</firstName>
      <lastName>Doe</lastName>
      <nickNames/>
    </value>
    <converterClassName>org.chronos.chronodb.test.engine.dbdump.DBDumpTest$PersonExternalizer</converterClassName>
  </dbentryPlain>
  <dbentryPlain>
    <timestamp>1503942731953</timestamp>
    <branch>master</branch>
    <keyspace>default</keyspace>
    <key>p2</key>
    <value class="person">
      <firstName>Jane</firstName>
      <lastName>Doe</lastName>
      <nickNames/>
    </value>
    <converterClassName>org.chronos.chronodb.test.engine.dbdump.DBDumpTest$PersonExternalizer</converterClassName>
  </dbentryPlain>
</chronodump>
19:52:11.953 [Test worker] DEBUG c.m.v.c.m.ActiveManagementCoordinator - MBean: com.mchange.v2.c3p0:type=PooledDataSource,identityToken=1hgeqrl9qbn6pz6yfah30|55954098,name=1hgeqrl9qbn6pz6yfah30|55954098 unregistered.
19:52:11.953 [Test worker] DEBUG c.m.v.c.m.ActiveManagementCoordinator - C3P0Registry mbean unregistered.
19:52:11.953 [Resource Destroyer in BasicResourcePool.close()] DEBUG c.m.v.resourcepool.BasicResourcePool - Preparing to destroy resource: com.mchange.v2.c3p0.impl.NewPooledConnection@671e819f
19:52:11.953 [Resource Destroyer in BasicResourcePool.close()] DEBUG c.m.v.c.i.C3P0PooledConnectionPool - Preparing to destroy PooledConnection: com.mchange.v2.c3p0.impl.NewPooledConnection@671e819f
19:52:11.953 [Resource Destroyer in BasicResourcePool.close()] DEBUG c.m.v.c.i.C3P0PooledConnectionPool - Successfully destroyed PooledConnection: com.mchange.v2.c3p0.impl.NewPooledConnection@671e819f
19:52:11.953 [Resource Destroyer in BasicResourcePool.close()] DEBUG c.m.v.resourcepool.BasicResourcePool - Successfully destroyed resource: com.mchange.v2.c3p0.impl.NewPooledConnection@671e819f
19:52:11.953 [Resource Destroyer in BasicResourcePool.close()] DEBUG c.m.v.resourcepool.BasicResourcePool - Preparing to destroy resource: com.mchange.v2.c3p0.impl.NewPooledConnection@3d7d8034
19:52:11.953 [Resource Destroyer in BasicResourcePool.close()] DEBUG c.m.v.c.i.C3P0PooledConnectionPool - Preparing to destroy PooledConnection: com.mchange.v2.c3p0.impl.NewPooledConnection@3d7d8034
19:52:11.953 [Resource Destroyer in BasicResourcePool.close()] DEBUG c.m.v.c.i.C3P0PooledConnectionPool - Successfully destroyed PooledConnection: com.mchange.v2.c3p0.impl.NewPooledConnection@3d7d8034
19:52:11.953 [Resource Destroyer in BasicResourcePool.close()] DEBUG c.m.v.resourcepool.BasicResourcePool - Successfully destroyed resource: com.mchange.v2.c3p0.impl.NewPooledConnection@3d7d8034
19:52:11.953 [Resource Destroyer in BasicResourcePool.close()] DEBUG c.m.v.resourcepool.BasicResourcePool - Preparing to destroy resource: com.mchange.v2.c3p0.impl.NewPooledConnection@6880e1e3
19:52:11.953 [Resource Destroyer in BasicResourcePool.close()] DEBUG c.m.v.c.i.C3P0PooledConnectionPool - Preparing to destroy PooledConnection: com.mchange.v2.c3p0.impl.NewPooledConnection@6880e1e3
19:52:11.953 [Resource Destroyer in BasicResourcePool.close()] DEBUG c.m.v.c.i.C3P0PooledConnectionPool - Successfully destroyed PooledConnection: com.mchange.v2.c3p0.impl.NewPooledConnection@6880e1e3
19:52:11.953 [Resource Destroyer in BasicResourcePool.close()] DEBUG c.m.v.resourcepool.BasicResourcePool - Successfully destroyed resource: com.mchange.v2.c3p0.impl.NewPooledConnection@6880e1e3
19:52:11.953 [Test worker] DEBUG c.m.v.c.m.DynamicPooledDataSourceManagerMBean - MBean: com.mchange.v2.c3p0:type=PooledDataSource,identityToken=1hgeqrl9qbn6pz6yfah30|7366f2e2,name=1hgeqrl9qbn6pz6yfah30|7366f2e2 registered.
19:52:11.969 [Test worker] DEBUG c.m.v.c.m.DynamicPooledDataSourceManagerMBean - MBean: com.mchange.v2.c3p0:type=PooledDataSource,identityToken=1hgeqrl9qbn6pz6yfah30|7366f2e2,name=1hgeqrl9qbn6pz6yfah30|7366f2e2 unregistered, in order to be reregistered after update.
19:52:11.969 [Test worker] DEBUG c.m.v.c.m.DynamicPooledDataSourceManagerMBean - MBean: com.mchange.v2.c3p0:type=PooledDataSource,identityToken=1hgeqrl9qbn6pz6yfah30|7366f2e2,name=1hgeqrl9qbn6pz6yfah30|7366f2e2 registered.
19:52:11.969 [Test worker] INFO  c.m.v.c.i.AbstractPoolBackedDataSource - Initializing c3p0 pool... com.mchange.v2.c3p0.PoolBackedDataSource@74beb70f [ connectionPoolDataSource -> com.mchange.v2.c3p0.WrapperConnectionPoolDataSource@1b31fe90 [ acquireIncrement -> 3, acquireRetryAttempts -> 30, acquireRetryDelay -> 1000, autoCommitOnClose -> false, automaticTestTable -> null, breakAfterAcquireFailure -> false, checkoutTimeout -> 0, connectionCustomizerClassName -> null, connectionTesterClassName -> com.mchange.v2.c3p0.impl.DefaultConnectionTester, contextClassLoaderSource -> caller, debugUnreturnedConnectionStackTraces -> false, factoryClassLocation -> null, forceIgnoreUnresolvedTransactions -> false, forceSynchronousCheckins -> false, identityToken -> 1hgeqrl9qbn6pz6yfah30|78df676f, idleConnectionTestPeriod -> 0, initialPoolSize -> 3, maxAdministrativeTaskTime -> 0, maxConnectionAge -> 0, maxIdleTime -> 0, maxIdleTimeExcessConnections -> 0, maxPoolSize -> 15, maxStatements -> 0, maxStatementsPerConnection -> 0, minPoolSize -> 3, nestedDataSource -> com.mchange.v2.c3p0.DriverManagerDataSource@8bd50348 [ description -> null, driverClass -> null, factoryClassLocation -> null, forceUseNamedDriverClass -> false, identityToken -> 1hgeqrl9qbn6pz6yfah30|47c9f070, jdbcUrl -> jdbc:h2:mem:c3e62741645c41bd99a3d7b6c00cee4a, properties -> {} ], preferredTestQuery -> null, privilegeSpawnedThreads -> false, propertyCycle -> 0, statementCacheNumDeferredCloseThreads -> 0, testConnectionOnCheckin -> false, testConnectionOnCheckout -> false, unreturnedConnectionTimeout -> 0, usesTraditionalReflectiveProxies -> false; userOverrides: {} ], dataSourceName -> null, extensions -> {}, factoryClassLocation -> null, identityToken -> 1hgeqrl9qbn6pz6yfah30|7366f2e2, numHelperThreads -> 3 ]
19:52:11.969 [Test worker] DEBUG c.m.v.resourcepool.BasicResourcePool - com.mchange.v2.resourcepool.BasicResourcePool@7bc7897b config: [start -> 3; min -> 3; max -> 15; inc -> 3; num_acq_attempts -> 30; acq_attempt_delay -> 1000; check_idle_resources_delay -> 0; max_resource_age -> 0; max_idle_time -> 0; excess_max_idle_time -> 0; destroy_unreturned_resc_time -> 0; expiration_enforcement_delay -> 0; break_on_acquisition_failure -> false; debug_store_checkout_exceptions -> false; force_synchronous_checkins -> false]
19:52:11.969 [Test worker] DEBUG c.m.v.c.i.C3P0PooledConnectionPoolManager - Created new pool for auth, username (masked): 'null'.
19:52:11.969 [Test worker] DEBUG c.m.v.resourcepool.BasicResourcePool - acquire test -- pool size: 0; target_pool_size: 3; desired target? 1
19:52:11.969 [Test worker] DEBUG c.m.v.resourcepool.BasicResourcePool - awaitAvailable(): [unknown]
19:52:11.988 [Test worker] DEBUG c.m.v.c.m.ActiveManagementCoordinator - MBean: com.mchange.v2.c3p0:type=PooledDataSource,identityToken=1hgeqrl9qbn6pz6yfah30|7366f2e2,name=1hgeqrl9qbn6pz6yfah30|7366f2e2 unregistered.
19:52:11.988 [Test worker] DEBUG c.m.v.c.m.ActiveManagementCoordinator - C3P0Registry mbean unregistered.
19:52:11.988 [Resource Destroyer in BasicResourcePool.close()] DEBUG c.m.v.resourcepool.BasicResourcePool - Preparing to destroy resource: com.mchange.v2.c3p0.impl.NewPooledConnection@420cb3cf
19:52:11.988 [Resource Destroyer in BasicResourcePool.close()] DEBUG c.m.v.c.i.C3P0PooledConnectionPool - Preparing to destroy PooledConnection: com.mchange.v2.c3p0.impl.NewPooledConnection@420cb3cf
19:52:11.988 [Resource Destroyer in BasicResourcePool.close()] DEBUG c.m.v.c.i.C3P0PooledConnectionPool - Successfully destroyed PooledConnection: com.mchange.v2.c3p0.impl.NewPooledConnection@420cb3cf
19:52:11.988 [Resource Destroyer in BasicResourcePool.close()] DEBUG c.m.v.resourcepool.BasicResourcePool - Successfully destroyed resource: com.mchange.v2.c3p0.impl.NewPooledConnection@420cb3cf
19:52:11.988 [Resource Destroyer in BasicResourcePool.close()] DEBUG c.m.v.resourcepool.BasicResourcePool - Preparing to destroy resource: com.mchange.v2.c3p0.impl.NewPooledConnection@20f46b57
19:52:11.988 [Resource Destroyer in BasicResourcePool.close()] DEBUG c.m.v.c.i.C3P0PooledConnectionPool - Preparing to destroy PooledConnection: com.mchange.v2.c3p0.impl.NewPooledConnection@20f46b57
19:52:11.988 [Resource Destroyer in BasicResourcePool.close()] DEBUG c.m.v.c.i.C3P0PooledConnectionPool - Successfully destroyed PooledConnection: com.mchange.v2.c3p0.impl.NewPooledConnection@20f46b57
19:52:11.988 [Resource Destroyer in BasicResourcePool.close()] DEBUG c.m.v.resourcepool.BasicResourcePool - Successfully destroyed resource: com.mchange.v2.c3p0.impl.NewPooledConnection@20f46b57
19:52:11.988 [Resource Destroyer in BasicResourcePool.close()] DEBUG c.m.v.resourcepool.BasicResourcePool - Preparing to destroy resource: com.mchange.v2.c3p0.impl.NewPooledConnection@79aea981
19:52:11.988 [Resource Destroyer in BasicResourcePool.close()] DEBUG c.m.v.c.i.C3P0PooledConnectionPool - Preparing to destroy PooledConnection: com.mchange.v2.c3p0.impl.NewPooledConnection@79aea981
19:52:11.988 [Resource Destroyer in BasicResourcePool.close()] DEBUG c.m.v.c.i.C3P0PooledConnectionPool - Successfully destroyed PooledConnection: com.mchange.v2.c3p0.impl.NewPooledConnection@79aea981
19:52:11.988 [Resource Destroyer in BasicResourcePool.close()] DEBUG c.m.v.resourcepool.BasicResourcePool - Successfully destroyed resource: com.mchange.v2.c3p0.impl.NewPooledConnection@79aea981


================================================================================
 TEST SUCCEEDED                                                                 
--------------------------------------------------------------------------------
    Test class:  DBDumpTest
    Test method: canOverrideDefaultConverterWithAnnotation[Using jdbc]
    End time:    2017/08/28 19:52:11 (Duration: 52ms)
================================================================================





================================================================================
 TEST START                                                                     
--------------------------------------------------------------------------------
    Test class:  DBDumpTest
    Test method: canReadWriteZippedDump[Using jdbc]
    Start time:  2017/08/28 19:52:11
================================================================================



19:52:11.991 [Test worker] DEBUG c.m.v.c.m.DynamicPooledDataSourceManagerMBean - MBean: com.mchange.v2.c3p0:type=PooledDataSource,identityToken=1hgeqrl9qbn6pz6yfah30|8b9d736,name=1hgeqrl9qbn6pz6yfah30|8b9d736 registered.
19:52:11.991 [Test worker] DEBUG c.m.v.c.m.DynamicPooledDataSourceManagerMBean - MBean: com.mchange.v2.c3p0:type=PooledDataSource,identityToken=1hgeqrl9qbn6pz6yfah30|8b9d736,name=1hgeqrl9qbn6pz6yfah30|8b9d736 unregistered, in order to be reregistered after update.
19:52:11.991 [Test worker] DEBUG c.m.v.c.m.DynamicPooledDataSourceManagerMBean - MBean: com.mchange.v2.c3p0:type=PooledDataSource,identityToken=1hgeqrl9qbn6pz6yfah30|8b9d736,name=1hgeqrl9qbn6pz6yfah30|8b9d736 registered.
19:52:11.991 [Test worker] INFO  c.m.v.c.i.AbstractPoolBackedDataSource - Initializing c3p0 pool... com.mchange.v2.c3p0.PoolBackedDataSource@9f73d8f5 [ connectionPoolDataSource -> com.mchange.v2.c3p0.WrapperConnectionPoolDataSource@2725a49b [ acquireIncrement -> 3, acquireRetryAttempts -> 30, acquireRetryDelay -> 1000, autoCommitOnClose -> false, automaticTestTable -> null, breakAfterAcquireFailure -> false, checkoutTimeout -> 0, connectionCustomizerClassName -> null, connectionTesterClassName -> com.mchange.v2.c3p0.impl.DefaultConnectionTester, contextClassLoaderSource -> caller, debugUnreturnedConnectionStackTraces -> false, factoryClassLocation -> null, forceIgnoreUnresolvedTransactions -> false, forceSynchronousCheckins -> false, identityToken -> 1hgeqrl9qbn6pz6yfah30|2e6889d7, idleConnectionTestPeriod -> 0, initialPoolSize -> 3, maxAdministrativeTaskTime -> 0, maxConnectionAge -> 0, maxIdleTime -> 0, maxIdleTimeExcessConnections -> 0, maxPoolSize -> 15, maxStatements -> 0, maxStatementsPerConnection -> 0, minPoolSize -> 3, nestedDataSource -> com.mchange.v2.c3p0.DriverManagerDataSource@e46eb35a [ description -> null, driverClass -> null, factoryClassLocation -> null, forceUseNamedDriverClass -> false, identityToken -> 1hgeqrl9qbn6pz6yfah30|136097d4, jdbcUrl -> jdbc:h2:mem:7ae1fbfffe3942c4b4f0e03c8bc854fe, properties -> {} ], preferredTestQuery -> null, privilegeSpawnedThreads -> false, propertyCycle -> 0, statementCacheNumDeferredCloseThreads -> 0, testConnectionOnCheckin -> false, testConnectionOnCheckout -> false, unreturnedConnectionTimeout -> 0, usesTraditionalReflectiveProxies -> false; userOverrides: {} ], dataSourceName -> null, extensions -> {}, factoryClassLocation -> null, identityToken -> 1hgeqrl9qbn6pz6yfah30|8b9d736, numHelperThreads -> 3 ]
19:52:11.991 [Test worker] DEBUG c.m.v.resourcepool.BasicResourcePool - com.mchange.v2.resourcepool.BasicResourcePool@361321ca config: [start -> 3; min -> 3; max -> 15; inc -> 3; num_acq_attempts -> 30; acq_attempt_delay -> 1000; check_idle_resources_delay -> 0; max_resource_age -> 0; max_idle_time -> 0; excess_max_idle_time -> 0; destroy_unreturned_resc_time -> 0; expiration_enforcement_delay -> 0; break_on_acquisition_failure -> false; debug_store_checkout_exceptions -> false; force_synchronous_checkins -> false]
19:52:11.991 [Test worker] DEBUG c.m.v.c.i.C3P0PooledConnectionPoolManager - Created new pool for auth, username (masked): 'null'.
19:52:11.991 [Test worker] DEBUG c.m.v.resourcepool.BasicResourcePool - acquire test -- pool size: 0; target_pool_size: 3; desired target? 1
19:52:11.991 [Test worker] DEBUG c.m.v.resourcepool.BasicResourcePool - awaitAvailable(): [unknown]
19:52:12.007 [Test worker] DEBUG c.m.v.c.m.ActiveManagementCoordinator - MBean: com.mchange.v2.c3p0:type=PooledDataSource,identityToken=1hgeqrl9qbn6pz6yfah30|8b9d736,name=1hgeqrl9qbn6pz6yfah30|8b9d736 unregistered.
19:52:12.007 [Test worker] DEBUG c.m.v.c.m.ActiveManagementCoordinator - C3P0Registry mbean unregistered.
19:52:12.007 [Resource Destroyer in BasicResourcePool.close()] DEBUG c.m.v.resourcepool.BasicResourcePool - Preparing to destroy resource: com.mchange.v2.c3p0.impl.NewPooledConnection@47bbf072
19:52:12.007 [Resource Destroyer in BasicResourcePool.close()] DEBUG c.m.v.c.i.C3P0PooledConnectionPool - Preparing to destroy PooledConnection: com.mchange.v2.c3p0.impl.NewPooledConnection@47bbf072
19:52:12.007 [Resource Destroyer in BasicResourcePool.close()] DEBUG c.m.v.c.i.C3P0PooledConnectionPool - Successfully destroyed PooledConnection: com.mchange.v2.c3p0.impl.NewPooledConnection@47bbf072
19:52:12.007 [Resource Destroyer in BasicResourcePool.close()] DEBUG c.m.v.resourcepool.BasicResourcePool - Successfully destroyed resource: com.mchange.v2.c3p0.impl.NewPooledConnection@47bbf072
19:52:12.007 [Resource Destroyer in BasicResourcePool.close()] DEBUG c.m.v.resourcepool.BasicResourcePool - Preparing to destroy resource: com.mchange.v2.c3p0.impl.NewPooledConnection@20d15fa8
19:52:12.007 [Resource Destroyer in BasicResourcePool.close()] DEBUG c.m.v.c.i.C3P0PooledConnectionPool - Preparing to destroy PooledConnection: com.mchange.v2.c3p0.impl.NewPooledConnection@20d15fa8
19:52:12.007 [Resource Destroyer in BasicResourcePool.close()] DEBUG c.m.v.c.i.C3P0PooledConnectionPool - Successfully destroyed PooledConnection: com.mchange.v2.c3p0.impl.NewPooledConnection@20d15fa8
19:52:12.007 [Resource Destroyer in BasicResourcePool.close()] DEBUG c.m.v.resourcepool.BasicResourcePool - Successfully destroyed resource: com.mchange.v2.c3p0.impl.NewPooledConnection@20d15fa8
19:52:12.007 [Resource Destroyer in BasicResourcePool.close()] DEBUG c.m.v.resourcepool.BasicResourcePool - Preparing to destroy resource: com.mchange.v2.c3p0.impl.NewPooledConnection@1990a597
19:52:12.007 [Resource Destroyer in BasicResourcePool.close()] DEBUG c.m.v.c.i.C3P0PooledConnectionPool - Preparing to destroy PooledConnection: com.mchange.v2.c3p0.impl.NewPooledConnection@1990a597
19:52:12.007 [Resource Destroyer in BasicResourcePool.close()] DEBUG c.m.v.c.i.C3P0PooledConnectionPool - Successfully destroyed PooledConnection: com.mchange.v2.c3p0.impl.NewPooledConnection@1990a597
19:52:12.007 [Resource Destroyer in BasicResourcePool.close()] DEBUG c.m.v.resourcepool.BasicResourcePool - Successfully destroyed resource: com.mchange.v2.c3p0.impl.NewPooledConnection@1990a597
19:52:12.007 [Test worker] DEBUG c.m.v.c.m.DynamicPooledDataSourceManagerMBean - MBean: com.mchange.v2.c3p0:type=PooledDataSource,identityToken=1hgeqrl9qbn6pz6yfah30|39f66024,name=1hgeqrl9qbn6pz6yfah30|39f66024 registered.
19:52:12.023 [Test worker] DEBUG c.m.v.c.m.DynamicPooledDataSourceManagerMBean - MBean: com.mchange.v2.c3p0:type=PooledDataSource,identityToken=1hgeqrl9qbn6pz6yfah30|39f66024,name=1hgeqrl9qbn6pz6yfah30|39f66024 unregistered, in order to be reregistered after update.
19:52:12.023 [Test worker] DEBUG c.m.v.c.m.DynamicPooledDataSourceManagerMBean - MBean: com.mchange.v2.c3p0:type=PooledDataSource,identityToken=1hgeqrl9qbn6pz6yfah30|39f66024,name=1hgeqrl9qbn6pz6yfah30|39f66024 registered.
19:52:12.023 [Test worker] INFO  c.m.v.c.i.AbstractPoolBackedDataSource - Initializing c3p0 pool... com.mchange.v2.c3p0.PoolBackedDataSource@850b48b2 [ connectionPoolDataSource -> com.mchange.v2.c3p0.WrapperConnectionPoolDataSource@f9425ad2 [ acquireIncrement -> 3, acquireRetryAttempts -> 30, acquireRetryDelay -> 1000, autoCommitOnClose -> false, automaticTestTable -> null, breakAfterAcquireFailure -> false, checkoutTimeout -> 0, connectionCustomizerClassName -> null, connectionTesterClassName -> com.mchange.v2.c3p0.impl.DefaultConnectionTester, contextClassLoaderSource -> caller, debugUnreturnedConnectionStackTraces -> false, factoryClassLocation -> null, forceIgnoreUnresolvedTransactions -> false, forceSynchronousCheckins -> false, identityToken -> 1hgeqrl9qbn6pz6yfah30|2a746eb9, idleConnectionTestPeriod -> 0, initialPoolSize -> 3, maxAdministrativeTaskTime -> 0, maxConnectionAge -> 0, maxIdleTime -> 0, maxIdleTimeExcessConnections -> 0, maxPoolSize -> 15, maxStatements -> 0, maxStatementsPerConnection -> 0, minPoolSize -> 3, nestedDataSource -> com.mchange.v2.c3p0.DriverManagerDataSource@c3539633 [ description -> null, driverClass -> null, factoryClassLocation -> null, forceUseNamedDriverClass -> false, identityToken -> 1hgeqrl9qbn6pz6yfah30|6d27ed32, jdbcUrl -> jdbc:h2:mem:06a0d1a7a40340ad8ebd9ef602c678b0, properties -> {} ], preferredTestQuery -> null, privilegeSpawnedThreads -> false, propertyCycle -> 0, statementCacheNumDeferredCloseThreads -> 0, testConnectionOnCheckin -> false, testConnectionOnCheckout -> false, unreturnedConnectionTimeout -> 0, usesTraditionalReflectiveProxies -> false; userOverrides: {} ], dataSourceName -> null, extensions -> {}, factoryClassLocation -> null, identityToken -> 1hgeqrl9qbn6pz6yfah30|39f66024, numHelperThreads -> 3 ]
19:52:12.023 [Test worker] DEBUG c.m.v.resourcepool.BasicResourcePool - com.mchange.v2.resourcepool.BasicResourcePool@c8f4576 config: [start -> 3; min -> 3; max -> 15; inc -> 3; num_acq_attempts -> 30; acq_attempt_delay -> 1000; check_idle_resources_delay -> 0; max_resource_age -> 0; max_idle_time -> 0; excess_max_idle_time -> 0; destroy_unreturned_resc_time -> 0; expiration_enforcement_delay -> 0; break_on_acquisition_failure -> false; debug_store_checkout_exceptions -> false; force_synchronous_checkins -> false]
19:52:12.023 [Test worker] DEBUG c.m.v.c.i.C3P0PooledConnectionPoolManager - Created new pool for auth, username (masked): 'null'.
19:52:12.023 [Test worker] DEBUG c.m.v.resourcepool.BasicResourcePool - acquire test -- pool size: 0; target_pool_size: 3; desired target? 1
19:52:12.023 [Test worker] DEBUG c.m.v.resourcepool.BasicResourcePool - awaitAvailable(): [unknown]
19:52:12.038 [Test worker] DEBUG c.m.v.c.m.ActiveManagementCoordinator - MBean: com.mchange.v2.c3p0:type=PooledDataSource,identityToken=1hgeqrl9qbn6pz6yfah30|39f66024,name=1hgeqrl9qbn6pz6yfah30|39f66024 unregistered.
19:52:12.038 [Test worker] DEBUG c.m.v.c.m.ActiveManagementCoordinator - C3P0Registry mbean unregistered.
19:52:12.038 [Resource Destroyer in BasicResourcePool.close()] DEBUG c.m.v.resourcepool.BasicResourcePool - Preparing to destroy resource: com.mchange.v2.c3p0.impl.NewPooledConnection@2fb426cc
19:52:12.038 [Resource Destroyer in BasicResourcePool.close()] DEBUG c.m.v.c.i.C3P0PooledConnectionPool - Preparing to destroy PooledConnection: com.mchange.v2.c3p0.impl.NewPooledConnection@2fb426cc
19:52:12.038 [Resource Destroyer in BasicResourcePool.close()] DEBUG c.m.v.c.i.C3P0PooledConnectionPool - Successfully destroyed PooledConnection: com.mchange.v2.c3p0.impl.NewPooledConnection@2fb426cc
19:52:12.038 [Resource Destroyer in BasicResourcePool.close()] DEBUG c.m.v.resourcepool.BasicResourcePool - Successfully destroyed resource: com.mchange.v2.c3p0.impl.NewPooledConnection@2fb426cc
19:52:12.038 [Resource Destroyer in BasicResourcePool.close()] DEBUG c.m.v.resourcepool.BasicResourcePool - Preparing to destroy resource: com.mchange.v2.c3p0.impl.NewPooledConnection@9fd7d71
19:52:12.038 [Resource Destroyer in BasicResourcePool.close()] DEBUG c.m.v.c.i.C3P0PooledConnectionPool - Preparing to destroy PooledConnection: com.mchange.v2.c3p0.impl.NewPooledConnection@9fd7d71
19:52:12.038 [Resource Destroyer in BasicResourcePool.close()] DEBUG c.m.v.c.i.C3P0PooledConnectionPool - Successfully destroyed PooledConnection: com.mchange.v2.c3p0.impl.NewPooledConnection@9fd7d71
19:52:12.038 [Resource Destroyer in BasicResourcePool.close()] DEBUG c.m.v.resourcepool.BasicResourcePool - Successfully destroyed resource: com.mchange.v2.c3p0.impl.NewPooledConnection@9fd7d71
19:52:12.038 [Resource Destroyer in BasicResourcePool.close()] DEBUG c.m.v.resourcepool.BasicResourcePool - Preparing to destroy resource: com.mchange.v2.c3p0.impl.NewPooledConnection@386a1146
19:52:12.038 [Resource Destroyer in BasicResourcePool.close()] DEBUG c.m.v.c.i.C3P0PooledConnectionPool - Preparing to destroy PooledConnection: com.mchange.v2.c3p0.impl.NewPooledConnection@386a1146
19:52:12.038 [Resource Destroyer in BasicResourcePool.close()] DEBUG c.m.v.c.i.C3P0PooledConnectionPool - Successfully destroyed PooledConnection: com.mchange.v2.c3p0.impl.NewPooledConnection@386a1146
19:52:12.038 [Resource Destroyer in BasicResourcePool.close()] DEBUG c.m.v.resourcepool.BasicResourcePool - Successfully destroyed resource: com.mchange.v2.c3p0.impl.NewPooledConnection@386a1146


================================================================================
 TEST SUCCEEDED                                                                 
--------------------------------------------------------------------------------
    Test class:  DBDumpTest
    Test method: canReadWriteZippedDump[Using jdbc]
    End time:    2017/08/28 19:52:12 (Duration: 49ms)
================================================================================





================================================================================
 TEST START                                                                     
--------------------------------------------------------------------------------
    Test class:  DBDumpTest
    Test method: canExportAndImportDumpOnSameDBType[Using jdbc]
    Start time:  2017/08/28 19:52:12
================================================================================



19:52:12.038 [Test worker] DEBUG c.m.v.c.m.DynamicPooledDataSourceManagerMBean - MBean: com.mchange.v2.c3p0:type=PooledDataSource,identityToken=1hgeqrl9qbn6pz6yfah30|2fdae071,name=1hgeqrl9qbn6pz6yfah30|2fdae071 registered.
19:52:12.054 [Test worker] DEBUG c.m.v.c.m.DynamicPooledDataSourceManagerMBean - MBean: com.mchange.v2.c3p0:type=PooledDataSource,identityToken=1hgeqrl9qbn6pz6yfah30|2fdae071,name=1hgeqrl9qbn6pz6yfah30|2fdae071 unregistered, in order to be reregistered after update.
19:52:12.054 [Test worker] DEBUG c.m.v.c.m.DynamicPooledDataSourceManagerMBean - MBean: com.mchange.v2.c3p0:type=PooledDataSource,identityToken=1hgeqrl9qbn6pz6yfah30|2fdae071,name=1hgeqrl9qbn6pz6yfah30|2fdae071 registered.
19:52:12.054 [Test worker] INFO  c.m.v.c.i.AbstractPoolBackedDataSource - Initializing c3p0 pool... com.mchange.v2.c3p0.PoolBackedDataSource@a16a6bae [ connectionPoolDataSource -> com.mchange.v2.c3p0.WrapperConnectionPoolDataSource@40532b03 [ acquireIncrement -> 3, acquireRetryAttempts -> 30, acquireRetryDelay -> 1000, autoCommitOnClose -> false, automaticTestTable -> null, breakAfterAcquireFailure -> false, checkoutTimeout -> 0, connectionCustomizerClassName -> null, connectionTesterClassName -> com.mchange.v2.c3p0.impl.DefaultConnectionTester, contextClassLoaderSource -> caller, debugUnreturnedConnectionStackTraces -> false, factoryClassLocation -> null, forceIgnoreUnresolvedTransactions -> false, forceSynchronousCheckins -> false, identityToken -> 1hgeqrl9qbn6pz6yfah30|537cbf0c, idleConnectionTestPeriod -> 0, initialPoolSize -> 3, maxAdministrativeTaskTime -> 0, maxConnectionAge -> 0, maxIdleTime -> 0, maxIdleTimeExcessConnections -> 0, maxPoolSize -> 15, maxStatements -> 0, maxStatementsPerConnection -> 0, minPoolSize -> 3, nestedDataSource -> com.mchange.v2.c3p0.DriverManagerDataSource@887134cb [ description -> null, driverClass -> null, factoryClassLocation -> null, forceUseNamedDriverClass -> false, identityToken -> 1hgeqrl9qbn6pz6yfah30|63fa0a4d, jdbcUrl -> jdbc:h2:mem:531e2cacfc07453db1e65292baa61a9e, properties -> {} ], preferredTestQuery -> null, privilegeSpawnedThreads -> false, propertyCycle -> 0, statementCacheNumDeferredCloseThreads -> 0, testConnectionOnCheckin -> false, testConnectionOnCheckout -> false, unreturnedConnectionTimeout -> 0, usesTraditionalReflectiveProxies -> false; userOverrides: {} ], dataSourceName -> null, extensions -> {}, factoryClassLocation -> null, identityToken -> 1hgeqrl9qbn6pz6yfah30|2fdae071, numHelperThreads -> 3 ]
19:52:12.054 [Test worker] DEBUG c.m.v.resourcepool.BasicResourcePool - com.mchange.v2.resourcepool.BasicResourcePool@545ed2c5 config: [start -> 3; min -> 3; max -> 15; inc -> 3; num_acq_attempts -> 30; acq_attempt_delay -> 1000; check_idle_resources_delay -> 0; max_resource_age -> 0; max_idle_time -> 0; excess_max_idle_time -> 0; destroy_unreturned_resc_time -> 0; expiration_enforcement_delay -> 0; break_on_acquisition_failure -> false; debug_store_checkout_exceptions -> false; force_synchronous_checkins -> false]
19:52:12.054 [Test worker] DEBUG c.m.v.c.i.C3P0PooledConnectionPoolManager - Created new pool for auth, username (masked): 'null'.
19:52:12.054 [Test worker] DEBUG c.m.v.resourcepool.BasicResourcePool - acquire test -- pool size: 0; target_pool_size: 3; desired target? 1
19:52:12.054 [Test worker] DEBUG c.m.v.resourcepool.BasicResourcePool - awaitAvailable(): [unknown]
19:52:12.091 [Test worker] DEBUG c.m.v.c.m.ActiveManagementCoordinator - MBean: com.mchange.v2.c3p0:type=PooledDataSource,identityToken=1hgeqrl9qbn6pz6yfah30|2fdae071,name=1hgeqrl9qbn6pz6yfah30|2fdae071 unregistered.
19:52:12.091 [Test worker] DEBUG c.m.v.c.m.ActiveManagementCoordinator - C3P0Registry mbean unregistered.
19:52:12.091 [Resource Destroyer in BasicResourcePool.close()] DEBUG c.m.v.resourcepool.BasicResourcePool - Preparing to destroy resource: com.mchange.v2.c3p0.impl.NewPooledConnection@5d2faf96
19:52:12.091 [Resource Destroyer in BasicResourcePool.close()] DEBUG c.m.v.c.i.C3P0PooledConnectionPool - Preparing to destroy PooledConnection: com.mchange.v2.c3p0.impl.NewPooledConnection@5d2faf96
19:52:12.091 [Resource Destroyer in BasicResourcePool.close()] DEBUG c.m.v.c.i.C3P0PooledConnectionPool - Successfully destroyed PooledConnection: com.mchange.v2.c3p0.impl.NewPooledConnection@5d2faf96
19:52:12.091 [Resource Destroyer in BasicResourcePool.close()] DEBUG c.m.v.resourcepool.BasicResourcePool - Successfully destroyed resource: com.mchange.v2.c3p0.impl.NewPooledConnection@5d2faf96
19:52:12.091 [Resource Destroyer in BasicResourcePool.close()] DEBUG c.m.v.resourcepool.BasicResourcePool - Preparing to destroy resource: com.mchange.v2.c3p0.impl.NewPooledConnection@fa40500
19:52:12.091 [Resource Destroyer in BasicResourcePool.close()] DEBUG c.m.v.c.i.C3P0PooledConnectionPool - Preparing to destroy PooledConnection: com.mchange.v2.c3p0.impl.NewPooledConnection@fa40500
19:52:12.091 [Resource Destroyer in BasicResourcePool.close()] DEBUG c.m.v.c.i.C3P0PooledConnectionPool - Successfully destroyed PooledConnection: com.mchange.v2.c3p0.impl.NewPooledConnection@fa40500
19:52:12.091 [Resource Destroyer in BasicResourcePool.close()] DEBUG c.m.v.resourcepool.BasicResourcePool - Successfully destroyed resource: com.mchange.v2.c3p0.impl.NewPooledConnection@fa40500
19:52:12.091 [Resource Destroyer in BasicResourcePool.close()] DEBUG c.m.v.resourcepool.BasicResourcePool - Preparing to destroy resource: com.mchange.v2.c3p0.impl.NewPooledConnection@4f7e024a
19:52:12.091 [Resource Destroyer in BasicResourcePool.close()] DEBUG c.m.v.c.i.C3P0PooledConnectionPool - Preparing to destroy PooledConnection: com.mchange.v2.c3p0.impl.NewPooledConnection@4f7e024a
19:52:12.091 [Resource Destroyer in BasicResourcePool.close()] DEBUG c.m.v.c.i.C3P0PooledConnectionPool - Successfully destroyed PooledConnection: com.mchange.v2.c3p0.impl.NewPooledConnection@4f7e024a
19:52:12.091 [Resource Destroyer in BasicResourcePool.close()] DEBUG c.m.v.resourcepool.BasicResourcePool - Successfully destroyed resource: com.mchange.v2.c3p0.impl.NewPooledConnection@4f7e024a
19:52:12.091 [Test worker] DEBUG c.m.v.c.m.DynamicPooledDataSourceManagerMBean - MBean: com.mchange.v2.c3p0:type=PooledDataSource,identityToken=1hgeqrl9qbn6pz6yfah30|58642a47,name=1hgeqrl9qbn6pz6yfah30|58642a47 registered.
19:52:12.091 [Test worker] DEBUG c.m.v.c.m.DynamicPooledDataSourceManagerMBean - MBean: com.mchange.v2.c3p0:type=PooledDataSource,identityToken=1hgeqrl9qbn6pz6yfah30|58642a47,name=1hgeqrl9qbn6pz6yfah30|58642a47 unregistered, in order to be reregistered after update.
19:52:12.091 [Test worker] DEBUG c.m.v.c.m.DynamicPooledDataSourceManagerMBean - MBean: com.mchange.v2.c3p0:type=PooledDataSource,identityToken=1hgeqrl9qbn6pz6yfah30|58642a47,name=1hgeqrl9qbn6pz6yfah30|58642a47 registered.
19:52:12.107 [Test worker] INFO  c.m.v.c.i.AbstractPoolBackedDataSource - Initializing c3p0 pool... com.mchange.v2.c3p0.PoolBackedDataSource@3c351051 [ connectionPoolDataSource -> com.mchange.v2.c3p0.WrapperConnectionPoolDataSource@238101e6 [ acquireIncrement -> 3, acquireRetryAttempts -> 30, acquireRetryDelay -> 1000, autoCommitOnClose -> false, automaticTestTable -> null, breakAfterAcquireFailure -> false, checkoutTimeout -> 0, connectionCustomizerClassName -> null, connectionTesterClassName -> com.mchange.v2.c3p0.impl.DefaultConnectionTester, contextClassLoaderSource -> caller, debugUnreturnedConnectionStackTraces -> false, factoryClassLocation -> null, forceIgnoreUnresolvedTransactions -> false, forceSynchronousCheckins -> false, identityToken -> 1hgeqrl9qbn6pz6yfah30|7e420f84, idleConnectionTestPeriod -> 0, initialPoolSize -> 3, maxAdministrativeTaskTime -> 0, maxConnectionAge -> 0, maxIdleTime -> 0, maxIdleTimeExcessConnections -> 0, maxPoolSize -> 15, maxStatements -> 0, maxStatementsPerConnection -> 0, minPoolSize -> 3, nestedDataSource -> com.mchange.v2.c3p0.DriverManagerDataSource@8d2d6c48 [ description -> null, driverClass -> null, factoryClassLocation -> null, forceUseNamedDriverClass -> false, identityToken -> 1hgeqrl9qbn6pz6yfah30|3f3b7793, jdbcUrl -> jdbc:h2:mem:a7700a65a99b45e4a2130c0b020e6c23, properties -> {} ], preferredTestQuery -> null, privilegeSpawnedThreads -> false, propertyCycle -> 0, statementCacheNumDeferredCloseThreads -> 0, testConnectionOnCheckin -> false, testConnectionOnCheckout -> false, unreturnedConnectionTimeout -> 0, usesTraditionalReflectiveProxies -> false; userOverrides: {} ], dataSourceName -> null, extensions -> {}, factoryClassLocation -> null, identityToken -> 1hgeqrl9qbn6pz6yfah30|58642a47, numHelperThreads -> 3 ]
19:52:12.107 [Test worker] DEBUG c.m.v.resourcepool.BasicResourcePool - com.mchange.v2.resourcepool.BasicResourcePool@672cf448 config: [start -> 3; min -> 3; max -> 15; inc -> 3; num_acq_attempts -> 30; acq_attempt_delay -> 1000; check_idle_resources_delay -> 0; max_resource_age -> 0; max_idle_time -> 0; excess_max_idle_time -> 0; destroy_unreturned_resc_time -> 0; expiration_enforcement_delay -> 0; break_on_acquisition_failure -> false; debug_store_checkout_exceptions -> false; force_synchronous_checkins -> false]
19:52:12.107 [Test worker] DEBUG c.m.v.c.i.C3P0PooledConnectionPoolManager - Created new pool for auth, username (masked): 'null'.
19:52:12.107 [Test worker] DEBUG c.m.v.resourcepool.BasicResourcePool - acquire test -- pool size: 0; target_pool_size: 3; desired target? 1
19:52:12.107 [Test worker] DEBUG c.m.v.resourcepool.BasicResourcePool - awaitAvailable(): [unknown]
19:52:12.123 [Test worker] DEBUG c.m.v.c.m.ActiveManagementCoordinator - MBean: com.mchange.v2.c3p0:type=PooledDataSource,identityToken=1hgeqrl9qbn6pz6yfah30|58642a47,name=1hgeqrl9qbn6pz6yfah30|58642a47 unregistered.
19:52:12.123 [Test worker] DEBUG c.m.v.c.m.ActiveManagementCoordinator - C3P0Registry mbean unregistered.
19:52:12.123 [Resource Destroyer in BasicResourcePool.close()] DEBUG c.m.v.resourcepool.BasicResourcePool - Preparing to destroy resource: com.mchange.v2.c3p0.impl.NewPooledConnection@7be09822
19:52:12.123 [Resource Destroyer in BasicResourcePool.close()] DEBUG c.m.v.c.i.C3P0PooledConnectionPool - Preparing to destroy PooledConnection: com.mchange.v2.c3p0.impl.NewPooledConnection@7be09822
19:52:12.123 [Resource Destroyer in BasicResourcePool.close()] DEBUG c.m.v.c.i.C3P0PooledConnectionPool - Successfully destroyed PooledConnection: com.mchange.v2.c3p0.impl.NewPooledConnection@7be09822
19:52:12.123 [Resource Destroyer in BasicResourcePool.close()] DEBUG c.m.v.resourcepool.BasicResourcePool - Successfully destroyed resource: com.mchange.v2.c3p0.impl.NewPooledConnection@7be09822
19:52:12.123 [Resource Destroyer in BasicResourcePool.close()] DEBUG c.m.v.resourcepool.BasicResourcePool - Preparing to destroy resource: com.mchange.v2.c3p0.impl.NewPooledConnection@41659601
19:52:12.123 [Resource Destroyer in BasicResourcePool.close()] DEBUG c.m.v.c.i.C3P0PooledConnectionPool - Preparing to destroy PooledConnection: com.mchange.v2.c3p0.impl.NewPooledConnection@41659601
19:52:12.123 [Resource Destroyer in BasicResourcePool.close()] DEBUG c.m.v.c.i.C3P0PooledConnectionPool - Successfully destroyed PooledConnection: com.mchange.v2.c3p0.impl.NewPooledConnection@41659601
19:52:12.123 [Resource Destroyer in BasicResourcePool.close()] DEBUG c.m.v.resourcepool.BasicResourcePool - Successfully destroyed resource: com.mchange.v2.c3p0.impl.NewPooledConnection@41659601
19:52:12.123 [Resource Destroyer in BasicResourcePool.close()] DEBUG c.m.v.resourcepool.BasicResourcePool - Preparing to destroy resource: com.mchange.v2.c3p0.impl.NewPooledConnection@1b6d2aea
19:52:12.123 [Resource Destroyer in BasicResourcePool.close()] DEBUG c.m.v.c.i.C3P0PooledConnectionPool - Preparing to destroy PooledConnection: com.mchange.v2.c3p0.impl.NewPooledConnection@1b6d2aea
19:52:12.123 [Resource Destroyer in BasicResourcePool.close()] DEBUG c.m.v.c.i.C3P0PooledConnectionPool - Successfully destroyed PooledConnection: com.mchange.v2.c3p0.impl.NewPooledConnection@1b6d2aea
19:52:12.123 [Resource Destroyer in BasicResourcePool.close()] DEBUG c.m.v.resourcepool.BasicResourcePool - Successfully destroyed resource: com.mchange.v2.c3p0.impl.NewPooledConnection@1b6d2aea


================================================================================
 TEST SUCCEEDED                                                                 
--------------------------------------------------------------------------------
    Test class:  DBDumpTest
    Test method: canExportAndImportDumpOnSameDBType[Using jdbc]
    End time:    2017/08/28 19:52:12 (Duration: 85ms)
================================================================================





================================================================================
 TEST START                                                                     
--------------------------------------------------------------------------------
    Test class:  DBDumpTest
    Test method: canCreateDumpFileIfNotExists[Using jdbc]
    Start time:  2017/08/28 19:52:12
================================================================================



19:52:12.123 [Test worker] DEBUG c.m.v.c.m.DynamicPooledDataSourceManagerMBean - MBean: com.mchange.v2.c3p0:type=PooledDataSource,identityToken=1hgeqrl9qbn6pz6yfah30|7a1348e,name=1hgeqrl9qbn6pz6yfah30|7a1348e registered.
19:52:12.123 [Test worker] DEBUG c.m.v.c.m.DynamicPooledDataSourceManagerMBean - MBean: com.mchange.v2.c3p0:type=PooledDataSource,identityToken=1hgeqrl9qbn6pz6yfah30|7a1348e,name=1hgeqrl9qbn6pz6yfah30|7a1348e unregistered, in order to be reregistered after update.
19:52:12.123 [Test worker] DEBUG c.m.v.c.m.DynamicPooledDataSourceManagerMBean - MBean: com.mchange.v2.c3p0:type=PooledDataSource,identityToken=1hgeqrl9qbn6pz6yfah30|7a1348e,name=1hgeqrl9qbn6pz6yfah30|7a1348e registered.
19:52:12.123 [Test worker] INFO  c.m.v.c.i.AbstractPoolBackedDataSource - Initializing c3p0 pool... com.mchange.v2.c3p0.PoolBackedDataSource@d695f985 [ connectionPoolDataSource -> com.mchange.v2.c3p0.WrapperConnectionPoolDataSource@64414024 [ acquireIncrement -> 3, acquireRetryAttempts -> 30, acquireRetryDelay -> 1000, autoCommitOnClose -> false, automaticTestTable -> null, breakAfterAcquireFailure -> false, checkoutTimeout -> 0, connectionCustomizerClassName -> null, connectionTesterClassName -> com.mchange.v2.c3p0.impl.DefaultConnectionTester, contextClassLoaderSource -> caller, debugUnreturnedConnectionStackTraces -> false, factoryClassLocation -> null, forceIgnoreUnresolvedTransactions -> false, forceSynchronousCheckins -> false, identityToken -> 1hgeqrl9qbn6pz6yfah30|22c6e079, idleConnectionTestPeriod -> 0, initialPoolSize -> 3, maxAdministrativeTaskTime -> 0, maxConnectionAge -> 0, maxIdleTime -> 0, maxIdleTimeExcessConnections -> 0, maxPoolSize -> 15, maxStatements -> 0, maxStatementsPerConnection -> 0, minPoolSize -> 3, nestedDataSource -> com.mchange.v2.c3p0.DriverManagerDataSource@c904756c [ description -> null, driverClass -> null, factoryClassLocation -> null, forceUseNamedDriverClass -> false, identityToken -> 1hgeqrl9qbn6pz6yfah30|4c0d07d2, jdbcUrl -> jdbc:h2:mem:f37dff862d2c4833a693444c1ee06a36, properties -> {} ], preferredTestQuery -> null, privilegeSpawnedThreads -> false, propertyCycle -> 0, statementCacheNumDeferredCloseThreads -> 0, testConnectionOnCheckin -> false, testConnectionOnCheckout -> false, unreturnedConnectionTimeout -> 0, usesTraditionalReflectiveProxies -> false; userOverrides: {} ], dataSourceName -> null, extensions -> {}, factoryClassLocation -> null, identityToken -> 1hgeqrl9qbn6pz6yfah30|7a1348e, numHelperThreads -> 3 ]
19:52:12.123 [Test worker] DEBUG c.m.v.resourcepool.BasicResourcePool - com.mchange.v2.resourcepool.BasicResourcePool@32ba32ad config: [start -> 3; min -> 3; max -> 15; inc -> 3; num_acq_attempts -> 30; acq_attempt_delay -> 1000; check_idle_resources_delay -> 0; max_resource_age -> 0; max_idle_time -> 0; excess_max_idle_time -> 0; destroy_unreturned_resc_time -> 0; expiration_enforcement_delay -> 0; break_on_acquisition_failure -> false; debug_store_checkout_exceptions -> false; force_synchronous_checkins -> false]
19:52:12.123 [Test worker] DEBUG c.m.v.c.i.C3P0PooledConnectionPoolManager - Created new pool for auth, username (masked): 'null'.
19:52:12.123 [Test worker] DEBUG c.m.v.resourcepool.BasicResourcePool - acquire test -- pool size: 0; target_pool_size: 3; desired target? 1
19:52:12.123 [Test worker] DEBUG c.m.v.resourcepool.BasicResourcePool - awaitAvailable(): [unknown]
19:52:12.138 [Test worker] DEBUG c.m.v.c.m.ActiveManagementCoordinator - MBean: com.mchange.v2.c3p0:type=PooledDataSource,identityToken=1hgeqrl9qbn6pz6yfah30|7a1348e,name=1hgeqrl9qbn6pz6yfah30|7a1348e unregistered.
19:52:12.138 [Test worker] DEBUG c.m.v.c.m.ActiveManagementCoordinator - C3P0Registry mbean unregistered.
19:52:12.138 [Resource Destroyer in BasicResourcePool.close()] DEBUG c.m.v.resourcepool.BasicResourcePool - Preparing to destroy resource: com.mchange.v2.c3p0.impl.NewPooledConnection@55c19673
19:52:12.138 [Resource Destroyer in BasicResourcePool.close()] DEBUG c.m.v.c.i.C3P0PooledConnectionPool - Preparing to destroy PooledConnection: com.mchange.v2.c3p0.impl.NewPooledConnection@55c19673
19:52:12.138 [Resource Destroyer in BasicResourcePool.close()] DEBUG c.m.v.c.i.C3P0PooledConnectionPool - Successfully destroyed PooledConnection: com.mchange.v2.c3p0.impl.NewPooledConnection@55c19673
19:52:12.138 [Resource Destroyer in BasicResourcePool.close()] DEBUG c.m.v.resourcepool.BasicResourcePool - Successfully destroyed resource: com.mchange.v2.c3p0.impl.NewPooledConnection@55c19673
19:52:12.138 [Resource Destroyer in BasicResourcePool.close()] DEBUG c.m.v.resourcepool.BasicResourcePool - Preparing to destroy resource: com.mchange.v2.c3p0.impl.NewPooledConnection@6a619cb7
19:52:12.138 [Resource Destroyer in BasicResourcePool.close()] DEBUG c.m.v.c.i.C3P0PooledConnectionPool - Preparing to destroy PooledConnection: com.mchange.v2.c3p0.impl.NewPooledConnection@6a619cb7
19:52:12.138 [Resource Destroyer in BasicResourcePool.close()] DEBUG c.m.v.c.i.C3P0PooledConnectionPool - Successfully destroyed PooledConnection: com.mchange.v2.c3p0.impl.NewPooledConnection@6a619cb7
19:52:12.138 [Resource Destroyer in BasicResourcePool.close()] DEBUG c.m.v.resourcepool.BasicResourcePool - Successfully destroyed resource: com.mchange.v2.c3p0.impl.NewPooledConnection@6a619cb7
19:52:12.138 [Resource Destroyer in BasicResourcePool.close()] DEBUG c.m.v.resourcepool.BasicResourcePool - Preparing to destroy resource: com.mchange.v2.c3p0.impl.NewPooledConnection@4c0d727a
19:52:12.138 [Resource Destroyer in BasicResourcePool.close()] DEBUG c.m.v.c.i.C3P0PooledConnectionPool - Preparing to destroy PooledConnection: com.mchange.v2.c3p0.impl.NewPooledConnection@4c0d727a
19:52:12.138 [Resource Destroyer in BasicResourcePool.close()] DEBUG c.m.v.c.i.C3P0PooledConnectionPool - Successfully destroyed PooledConnection: com.mchange.v2.c3p0.impl.NewPooledConnection@4c0d727a
19:52:12.138 [Resource Destroyer in BasicResourcePool.close()] DEBUG c.m.v.resourcepool.BasicResourcePool - Successfully destroyed resource: com.mchange.v2.c3p0.impl.NewPooledConnection@4c0d727a


================================================================================
 TEST SUCCEEDED                                                                 
--------------------------------------------------------------------------------
    Test class:  DBDumpTest
    Test method: canCreateDumpFileIfNotExists[Using jdbc]
    End time:    2017/08/28 19:52:12 (Duration: 15ms)
================================================================================





================================================================================
 TEST START                                                                     
--------------------------------------------------------------------------------
    Test class:  DBDumpTest
    Test method: canExportAndImportWellKnownValues[Using jdbc]
    Start time:  2017/08/28 19:52:12
================================================================================



19:52:12.138 [Test worker] DEBUG c.m.v.c.m.DynamicPooledDataSourceManagerMBean - MBean: com.mchange.v2.c3p0:type=PooledDataSource,identityToken=1hgeqrl9qbn6pz6yfah30|21686f68,name=1hgeqrl9qbn6pz6yfah30|21686f68 registered.
19:52:12.154 [Test worker] DEBUG c.m.v.c.m.DynamicPooledDataSourceManagerMBean - MBean: com.mchange.v2.c3p0:type=PooledDataSource,identityToken=1hgeqrl9qbn6pz6yfah30|21686f68,name=1hgeqrl9qbn6pz6yfah30|21686f68 unregistered, in order to be reregistered after update.
19:52:12.154 [Test worker] DEBUG c.m.v.c.m.DynamicPooledDataSourceManagerMBean - MBean: com.mchange.v2.c3p0:type=PooledDataSource,identityToken=1hgeqrl9qbn6pz6yfah30|21686f68,name=1hgeqrl9qbn6pz6yfah30|21686f68 registered.
19:52:12.154 [Test worker] INFO  c.m.v.c.i.AbstractPoolBackedDataSource - Initializing c3p0 pool... com.mchange.v2.c3p0.PoolBackedDataSource@e5e9f331 [ connectionPoolDataSource -> com.mchange.v2.c3p0.WrapperConnectionPoolDataSource@9fa38621 [ acquireIncrement -> 3, acquireRetryAttempts -> 30, acquireRetryDelay -> 1000, autoCommitOnClose -> false, automaticTestTable -> null, breakAfterAcquireFailure -> false, checkoutTimeout -> 0, connectionCustomizerClassName -> null, connectionTesterClassName -> com.mchange.v2.c3p0.impl.DefaultConnectionTester, contextClassLoaderSource -> caller, debugUnreturnedConnectionStackTraces -> false, factoryClassLocation -> null, forceIgnoreUnresolvedTransactions -> false, forceSynchronousCheckins -> false, identityToken -> 1hgeqrl9qbn6pz6yfah30|696091c1, idleConnectionTestPeriod -> 0, initialPoolSize -> 3, maxAdministrativeTaskTime -> 0, maxConnectionAge -> 0, maxIdleTime -> 0, maxIdleTimeExcessConnections -> 0, maxPoolSize -> 15, maxStatements -> 0, maxStatementsPerConnection -> 0, minPoolSize -> 3, nestedDataSource -> com.mchange.v2.c3p0.DriverManagerDataSource@80a71115 [ description -> null, driverClass -> null, factoryClassLocation -> null, forceUseNamedDriverClass -> false, identityToken -> 1hgeqrl9qbn6pz6yfah30|313dd65c, jdbcUrl -> jdbc:h2:mem:15005188e1e84ea4a626f6bdd3ea4e61, properties -> {} ], preferredTestQuery -> null, privilegeSpawnedThreads -> false, propertyCycle -> 0, statementCacheNumDeferredCloseThreads -> 0, testConnectionOnCheckin -> false, testConnectionOnCheckout -> false, unreturnedConnectionTimeout -> 0, usesTraditionalReflectiveProxies -> false; userOverrides: {} ], dataSourceName -> null, extensions -> {}, factoryClassLocation -> null, identityToken -> 1hgeqrl9qbn6pz6yfah30|21686f68, numHelperThreads -> 3 ]
19:52:12.154 [Test worker] DEBUG c.m.v.resourcepool.BasicResourcePool - com.mchange.v2.resourcepool.BasicResourcePool@7bb9abe3 config: [start -> 3; min -> 3; max -> 15; inc -> 3; num_acq_attempts -> 30; acq_attempt_delay -> 1000; check_idle_resources_delay -> 0; max_resource_age -> 0; max_idle_time -> 0; excess_max_idle_time -> 0; destroy_unreturned_resc_time -> 0; expiration_enforcement_delay -> 0; break_on_acquisition_failure -> false; debug_store_checkout_exceptions -> false; force_synchronous_checkins -> false]
19:52:12.154 [Test worker] DEBUG c.m.v.c.i.C3P0PooledConnectionPoolManager - Created new pool for auth, username (masked): 'null'.
19:52:12.154 [Test worker] DEBUG c.m.v.resourcepool.BasicResourcePool - acquire test -- pool size: 0; target_pool_size: 3; desired target? 1
19:52:12.154 [Test worker] DEBUG c.m.v.resourcepool.BasicResourcePool - awaitAvailable(): [unknown]
<chronodump>
  <dbmetadata>
    <creationDate>2017-08-28 17:52:12.170 UTC</creationDate>
    <chronosVersion>0.7.3-RELEASE</chronosVersion>
    <commitMetadata>
      <org.chronos.chronodb.internal.impl.dump.meta.CommitDumpMetadata>
        <timestamp>1503942732154</timestamp>
        <branch>master</branch>
      </org.chronos.chronodb.internal.impl.dump.meta.CommitDumpMetadata>
    </commitMetadata>
    <branchMetadata>
      <branch>
        <name>master</name>
        <branchingTimestamp>0</branchingTimestamp>
      </branch>
    </branchMetadata>
    <indexerMetadata/>
  </dbmetadata>
  <dbentryPlain>
    <timestamp>1503942732154</timestamp>
    <branch>master</branch>
    <keyspace>default</keyspace>
    <key>enumList</key>
    <value class="list">
      <java.time.DayOfWeek>MONDAY</java.time.DayOfWeek>
      <java.time.DayOfWeek>FRIDAY</java.time.DayOfWeek>
    </value>
  </dbentryPlain>
  <dbentryPlain>
    <timestamp>1503942732154</timestamp>
    <branch>master</branch>
    <keyspace>default</keyspace>
    <key>set</key>
    <value class="set">
      <string>Hello</string>
      <string>World</string>
    </value>
  </dbentryPlain>
  <dbentryPlain>
    <timestamp>1503942732154</timestamp>
    <branch>master</branch>
    <keyspace>default</keyspace>
    <key>multimap</key>
    <value class="map">
      <entry>
        <string>persons</string>
        <set>
          <string>John</string>
          <string>Jack</string>
          <string>Jane</string>
        </set>
      </entry>
      <entry>
        <string>numbers</string>
        <set>
          <string>1</string>
          <string>2</string>
          <string>3</string>
        </set>
      </entry>
    </value>
  </dbentryPlain>
  <dbentryPlain>
    <timestamp>1503942732154</timestamp>
    <branch>master</branch>
    <keyspace>default</keyspace>
    <key>list</key>
    <value class="list">
      <int>1</int>
      <int>2</int>
      <int>3</int>
      <int>4</int>
      <int>5</int>
    </value>
  </dbentryPlain>
  <dbentryPlain>
    <timestamp>1503942732154</timestamp>
    <branch>master</branch>
    <keyspace>default</keyspace>
    <key>map</key>
    <value class="map">
      <entry>
        <string>zero</string>
        <int>0</int>
      </entry>
      <entry>
        <string>one</string>
        <int>1</int>
      </entry>
      <entry>
        <string>pi</string>
        <int>31415</int>
      </entry>
    </value>
  </dbentryPlain>
  <dbentryPlain>
    <timestamp>1503942732154</timestamp>
    <branch>master</branch>
    <keyspace>default</keyspace>
    <key>enum</key>
    <value class="java.time.DayOfWeek">MONDAY</value>
  </dbentryPlain>
</chronodump>
19:52:12.170 [Test worker] DEBUG c.m.v.c.m.ActiveManagementCoordinator - MBean: com.mchange.v2.c3p0:type=PooledDataSource,identityToken=1hgeqrl9qbn6pz6yfah30|21686f68,name=1hgeqrl9qbn6pz6yfah30|21686f68 unregistered.
19:52:12.170 [Test worker] DEBUG c.m.v.c.m.ActiveManagementCoordinator - C3P0Registry mbean unregistered.
19:52:12.170 [Resource Destroyer in BasicResourcePool.close()] DEBUG c.m.v.resourcepool.BasicResourcePool - Preparing to destroy resource: com.mchange.v2.c3p0.impl.NewPooledConnection@1b840b04
19:52:12.170 [Resource Destroyer in BasicResourcePool.close()] DEBUG c.m.v.c.i.C3P0PooledConnectionPool - Preparing to destroy PooledConnection: com.mchange.v2.c3p0.impl.NewPooledConnection@1b840b04
19:52:12.170 [Resource Destroyer in BasicResourcePool.close()] DEBUG c.m.v.c.i.C3P0PooledConnectionPool - Successfully destroyed PooledConnection: com.mchange.v2.c3p0.impl.NewPooledConnection@1b840b04
19:52:12.170 [Resource Destroyer in BasicResourcePool.close()] DEBUG c.m.v.resourcepool.BasicResourcePool - Successfully destroyed resource: com.mchange.v2.c3p0.impl.NewPooledConnection@1b840b04
19:52:12.170 [Resource Destroyer in BasicResourcePool.close()] DEBUG c.m.v.resourcepool.BasicResourcePool - Preparing to destroy resource: com.mchange.v2.c3p0.impl.NewPooledConnection@64004471
19:52:12.170 [Resource Destroyer in BasicResourcePool.close()] DEBUG c.m.v.c.i.C3P0PooledConnectionPool - Preparing to destroy PooledConnection: com.mchange.v2.c3p0.impl.NewPooledConnection@64004471
19:52:12.170 [Resource Destroyer in BasicResourcePool.close()] DEBUG c.m.v.c.i.C3P0PooledConnectionPool - Successfully destroyed PooledConnection: com.mchange.v2.c3p0.impl.NewPooledConnection@64004471
19:52:12.170 [Resource Destroyer in BasicResourcePool.close()] DEBUG c.m.v.resourcepool.BasicResourcePool - Successfully destroyed resource: com.mchange.v2.c3p0.impl.NewPooledConnection@64004471
19:52:12.170 [Resource Destroyer in BasicResourcePool.close()] DEBUG c.m.v.resourcepool.BasicResourcePool - Preparing to destroy resource: com.mchange.v2.c3p0.impl.NewPooledConnection@6ef075d6
19:52:12.170 [Resource Destroyer in BasicResourcePool.close()] DEBUG c.m.v.c.i.C3P0PooledConnectionPool - Preparing to destroy PooledConnection: com.mchange.v2.c3p0.impl.NewPooledConnection@6ef075d6
19:52:12.170 [Resource Destroyer in BasicResourcePool.close()] DEBUG c.m.v.c.i.C3P0PooledConnectionPool - Successfully destroyed PooledConnection: com.mchange.v2.c3p0.impl.NewPooledConnection@6ef075d6
19:52:12.170 [Resource Destroyer in BasicResourcePool.close()] DEBUG c.m.v.resourcepool.BasicResourcePool - Successfully destroyed resource: com.mchange.v2.c3p0.impl.NewPooledConnection@6ef075d6
19:52:12.170 [Test worker] DEBUG c.m.v.c.m.DynamicPooledDataSourceManagerMBean - MBean: com.mchange.v2.c3p0:type=PooledDataSource,identityToken=1hgeqrl9qbn6pz6yfah30|44fe3405,name=1hgeqrl9qbn6pz6yfah30|44fe3405 registered.
19:52:12.170 [Test worker] DEBUG c.m.v.c.m.DynamicPooledDataSourceManagerMBean - MBean: com.mchange.v2.c3p0:type=PooledDataSource,identityToken=1hgeqrl9qbn6pz6yfah30|44fe3405,name=1hgeqrl9qbn6pz6yfah30|44fe3405 unregistered, in order to be reregistered after update.
19:52:12.170 [Test worker] DEBUG c.m.v.c.m.DynamicPooledDataSourceManagerMBean - MBean: com.mchange.v2.c3p0:type=PooledDataSource,identityToken=1hgeqrl9qbn6pz6yfah30|44fe3405,name=1hgeqrl9qbn6pz6yfah30|44fe3405 registered.
19:52:12.170 [Test worker] INFO  c.m.v.c.i.AbstractPoolBackedDataSource - Initializing c3p0 pool... com.mchange.v2.c3p0.PoolBackedDataSource@231441bf [ connectionPoolDataSource -> com.mchange.v2.c3p0.WrapperConnectionPoolDataSource@f70463d5 [ acquireIncrement -> 3, acquireRetryAttempts -> 30, acquireRetryDelay -> 1000, autoCommitOnClose -> false, automaticTestTable -> null, breakAfterAcquireFailure -> false, checkoutTimeout -> 0, connectionCustomizerClassName -> null, connectionTesterClassName -> com.mchange.v2.c3p0.impl.DefaultConnectionTester, contextClassLoaderSource -> caller, debugUnreturnedConnectionStackTraces -> false, factoryClassLocation -> null, forceIgnoreUnresolvedTransactions -> false, forceSynchronousCheckins -> false, identityToken -> 1hgeqrl9qbn6pz6yfah30|3409131, idleConnectionTestPeriod -> 0, initialPoolSize -> 3, maxAdministrativeTaskTime -> 0, maxConnectionAge -> 0, maxIdleTime -> 0, maxIdleTimeExcessConnections -> 0, maxPoolSize -> 15, maxStatements -> 0, maxStatementsPerConnection -> 0, minPoolSize -> 3, nestedDataSource -> com.mchange.v2.c3p0.DriverManagerDataSource@ffbe5b4c [ description -> null, driverClass -> null, factoryClassLocation -> null, forceUseNamedDriverClass -> false, identityToken -> 1hgeqrl9qbn6pz6yfah30|11d03b96, jdbcUrl -> jdbc:h2:mem:44e39b3a8f044dfca249484196795d53, properties -> {} ], preferredTestQuery -> null, privilegeSpawnedThreads -> false, propertyCycle -> 0, statementCacheNumDeferredCloseThreads -> 0, testConnectionOnCheckin -> false, testConnectionOnCheckout -> false, unreturnedConnectionTimeout -> 0, usesTraditionalReflectiveProxies -> false; userOverrides: {} ], dataSourceName -> null, extensions -> {}, factoryClassLocation -> null, identityToken -> 1hgeqrl9qbn6pz6yfah30|44fe3405, numHelperThreads -> 3 ]
19:52:12.170 [Test worker] DEBUG c.m.v.resourcepool.BasicResourcePool - com.mchange.v2.resourcepool.BasicResourcePool@4c98b6e6 config: [start -> 3; min -> 3; max -> 15; inc -> 3; num_acq_attempts -> 30; acq_attempt_delay -> 1000; check_idle_resources_delay -> 0; max_resource_age -> 0; max_idle_time -> 0; excess_max_idle_time -> 0; destroy_unreturned_resc_time -> 0; expiration_enforcement_delay -> 0; break_on_acquisition_failure -> false; debug_store_checkout_exceptions -> false; force_synchronous_checkins -> false]
19:52:12.170 [Test worker] DEBUG c.m.v.c.i.C3P0PooledConnectionPoolManager - Created new pool for auth, username (masked): 'null'.
19:52:12.170 [Test worker] DEBUG c.m.v.resourcepool.BasicResourcePool - acquire test -- pool size: 0; target_pool_size: 3; desired target? 1
19:52:12.170 [Test worker] DEBUG c.m.v.resourcepool.BasicResourcePool - awaitAvailable(): [unknown]
19:52:12.192 [Test worker] DEBUG c.m.v.c.m.ActiveManagementCoordinator - MBean: com.mchange.v2.c3p0:type=PooledDataSource,identityToken=1hgeqrl9qbn6pz6yfah30|44fe3405,name=1hgeqrl9qbn6pz6yfah30|44fe3405 unregistered.
19:52:12.192 [Test worker] DEBUG c.m.v.c.m.ActiveManagementCoordinator - C3P0Registry mbean unregistered.
19:52:12.192 [Resource Destroyer in BasicResourcePool.close()] DEBUG c.m.v.resourcepool.BasicResourcePool - Preparing to destroy resource: com.mchange.v2.c3p0.impl.NewPooledConnection@113e2ecf
19:52:12.192 [Resource Destroyer in BasicResourcePool.close()] DEBUG c.m.v.c.i.C3P0PooledConnectionPool - Preparing to destroy PooledConnection: com.mchange.v2.c3p0.impl.NewPooledConnection@113e2ecf
19:52:12.192 [Resource Destroyer in BasicResourcePool.close()] DEBUG c.m.v.c.i.C3P0PooledConnectionPool - Successfully destroyed PooledConnection: com.mchange.v2.c3p0.impl.NewPooledConnection@113e2ecf
19:52:12.192 [Resource Destroyer in BasicResourcePool.close()] DEBUG c.m.v.resourcepool.BasicResourcePool - Successfully destroyed resource: com.mchange.v2.c3p0.impl.NewPooledConnection@113e2ecf
19:52:12.192 [Resource Destroyer in BasicResourcePool.close()] DEBUG c.m.v.resourcepool.BasicResourcePool - Preparing to destroy resource: com.mchange.v2.c3p0.impl.NewPooledConnection@4a1f81d5
19:52:12.192 [Resource Destroyer in BasicResourcePool.close()] DEBUG c.m.v.c.i.C3P0PooledConnectionPool - Preparing to destroy PooledConnection: com.mchange.v2.c3p0.impl.NewPooledConnection@4a1f81d5
19:52:12.192 [Resource Destroyer in BasicResourcePool.close()] DEBUG c.m.v.c.i.C3P0PooledConnectionPool - Successfully destroyed PooledConnection: com.mchange.v2.c3p0.impl.NewPooledConnection@4a1f81d5
19:52:12.192 [Resource Destroyer in BasicResourcePool.close()] DEBUG c.m.v.resourcepool.BasicResourcePool - Successfully destroyed resource: com.mchange.v2.c3p0.impl.NewPooledConnection@4a1f81d5
19:52:12.192 [Resource Destroyer in BasicResourcePool.close()] DEBUG c.m.v.resourcepool.BasicResourcePool - Preparing to destroy resource: com.mchange.v2.c3p0.impl.NewPooledConnection@512b3756
19:52:12.192 [Resource Destroyer in BasicResourcePool.close()] DEBUG c.m.v.c.i.C3P0PooledConnectionPool - Preparing to destroy PooledConnection: com.mchange.v2.c3p0.impl.NewPooledConnection@512b3756
19:52:12.192 [Resource Destroyer in BasicResourcePool.close()] DEBUG c.m.v.c.i.C3P0PooledConnectionPool - Successfully destroyed PooledConnection: com.mchange.v2.c3p0.impl.NewPooledConnection@512b3756
19:52:12.192 [Resource Destroyer in BasicResourcePool.close()] DEBUG c.m.v.resourcepool.BasicResourcePool - Successfully destroyed resource: com.mchange.v2.c3p0.impl.NewPooledConnection@512b3756


================================================================================
 TEST SUCCEEDED                                                                 
--------------------------------------------------------------------------------
    Test class:  DBDumpTest
    Test method: canExportAndImportWellKnownValues[Using jdbc]
    End time:    2017/08/28 19:52:12 (Duration: 54ms)
================================================================================





================================================================================
 TEST START                                                                     
--------------------------------------------------------------------------------
    Test class:  DBDumpTest
    Test method: canAccessCommitMetadataAfterReadingDump[Using jdbc]
    Start time:  2017/08/28 19:52:12
================================================================================



19:52:12.192 [Test worker] DEBUG c.m.v.c.m.DynamicPooledDataSourceManagerMBean - MBean: com.mchange.v2.c3p0:type=PooledDataSource,identityToken=1hgeqrl9qbn6pz6yfah30|320b1e07,name=1hgeqrl9qbn6pz6yfah30|320b1e07 registered.
19:52:12.192 [Test worker] DEBUG c.m.v.c.m.DynamicPooledDataSourceManagerMBean - MBean: com.mchange.v2.c3p0:type=PooledDataSource,identityToken=1hgeqrl9qbn6pz6yfah30|320b1e07,name=1hgeqrl9qbn6pz6yfah30|320b1e07 unregistered, in order to be reregistered after update.
19:52:12.192 [Test worker] DEBUG c.m.v.c.m.DynamicPooledDataSourceManagerMBean - MBean: com.mchange.v2.c3p0:type=PooledDataSource,identityToken=1hgeqrl9qbn6pz6yfah30|320b1e07,name=1hgeqrl9qbn6pz6yfah30|320b1e07 registered.
19:52:12.192 [Test worker] INFO  c.m.v.c.i.AbstractPoolBackedDataSource - Initializing c3p0 pool... com.mchange.v2.c3p0.PoolBackedDataSource@51120df8 [ connectionPoolDataSource -> com.mchange.v2.c3p0.WrapperConnectionPoolDataSource@4f6d3855 [ acquireIncrement -> 3, acquireRetryAttempts -> 30, acquireRetryDelay -> 1000, autoCommitOnClose -> false, automaticTestTable -> null, breakAfterAcquireFailure -> false, checkoutTimeout -> 0, connectionCustomizerClassName -> null, connectionTesterClassName -> com.mchange.v2.c3p0.impl.DefaultConnectionTester, contextClassLoaderSource -> caller, debugUnreturnedConnectionStackTraces -> false, factoryClassLocation -> null, forceIgnoreUnresolvedTransactions -> false, forceSynchronousCheckins -> false, identityToken -> 1hgeqrl9qbn6pz6yfah30|48ff358a, idleConnectionTestPeriod -> 0, initialPoolSize -> 3, maxAdministrativeTaskTime -> 0, maxConnectionAge -> 0, maxIdleTime -> 0, maxIdleTimeExcessConnections -> 0, maxPoolSize -> 15, maxStatements -> 0, maxStatementsPerConnection -> 0, minPoolSize -> 3, nestedDataSource -> com.mchange.v2.c3p0.DriverManagerDataSource@4445b515 [ description -> null, driverClass -> null, factoryClassLocation -> null, forceUseNamedDriverClass -> false, identityToken -> 1hgeqrl9qbn6pz6yfah30|2cc650d4, jdbcUrl -> jdbc:h2:mem:803eddc7b23f49ceba6494de291d6c73, properties -> {} ], preferredTestQuery -> null, privilegeSpawnedThreads -> false, propertyCycle -> 0, statementCacheNumDeferredCloseThreads -> 0, testConnectionOnCheckin -> false, testConnectionOnCheckout -> false, unreturnedConnectionTimeout -> 0, usesTraditionalReflectiveProxies -> false; userOverrides: {} ], dataSourceName -> null, extensions -> {}, factoryClassLocation -> null, identityToken -> 1hgeqrl9qbn6pz6yfah30|320b1e07, numHelperThreads -> 3 ]
19:52:12.192 [Test worker] DEBUG c.m.v.resourcepool.BasicResourcePool - com.mchange.v2.resourcepool.BasicResourcePool@135ab44 config: [start -> 3; min -> 3; max -> 15; inc -> 3; num_acq_attempts -> 30; acq_attempt_delay -> 1000; check_idle_resources_delay -> 0; max_resource_age -> 0; max_idle_time -> 0; excess_max_idle_time -> 0; destroy_unreturned_resc_time -> 0; expiration_enforcement_delay -> 0; break_on_acquisition_failure -> false; debug_store_checkout_exceptions -> false; force_synchronous_checkins -> false]
19:52:12.192 [Test worker] DEBUG c.m.v.c.i.C3P0PooledConnectionPoolManager - Created new pool for auth, username (masked): 'null'.
19:52:12.192 [Test worker] DEBUG c.m.v.resourcepool.BasicResourcePool - acquire test -- pool size: 0; target_pool_size: 3; desired target? 1
19:52:12.192 [Test worker] DEBUG c.m.v.resourcepool.BasicResourcePool - awaitAvailable(): [unknown]
19:52:12.224 [Test worker] DEBUG c.m.v.c.m.ActiveManagementCoordinator - MBean: com.mchange.v2.c3p0:type=PooledDataSource,identityToken=1hgeqrl9qbn6pz6yfah30|320b1e07,name=1hgeqrl9qbn6pz6yfah30|320b1e07 unregistered.
19:52:12.224 [Test worker] DEBUG c.m.v.c.m.ActiveManagementCoordinator - C3P0Registry mbean unregistered.
19:52:12.224 [Resource Destroyer in BasicResourcePool.close()] DEBUG c.m.v.resourcepool.BasicResourcePool - Preparing to destroy resource: com.mchange.v2.c3p0.impl.NewPooledConnection@716ee996
19:52:12.224 [Resource Destroyer in BasicResourcePool.close()] DEBUG c.m.v.c.i.C3P0PooledConnectionPool - Preparing to destroy PooledConnection: com.mchange.v2.c3p0.impl.NewPooledConnection@716ee996
19:52:12.224 [Resource Destroyer in BasicResourcePool.close()] DEBUG c.m.v.c.i.C3P0PooledConnectionPool - Successfully destroyed PooledConnection: com.mchange.v2.c3p0.impl.NewPooledConnection@716ee996
19:52:12.224 [Resource Destroyer in BasicResourcePool.close()] DEBUG c.m.v.resourcepool.BasicResourcePool - Successfully destroyed resource: com.mchange.v2.c3p0.impl.NewPooledConnection@716ee996
19:52:12.224 [Resource Destroyer in BasicResourcePool.close()] DEBUG c.m.v.resourcepool.BasicResourcePool - Preparing to destroy resource: com.mchange.v2.c3p0.impl.NewPooledConnection@730f9a85
19:52:12.224 [Resource Destroyer in BasicResourcePool.close()] DEBUG c.m.v.c.i.C3P0PooledConnectionPool - Preparing to destroy PooledConnection: com.mchange.v2.c3p0.impl.NewPooledConnection@730f9a85
19:52:12.224 [Resource Destroyer in BasicResourcePool.close()] DEBUG c.m.v.c.i.C3P0PooledConnectionPool - Successfully destroyed PooledConnection: com.mchange.v2.c3p0.impl.NewPooledConnection@730f9a85
19:52:12.224 [Resource Destroyer in BasicResourcePool.close()] DEBUG c.m.v.resourcepool.BasicResourcePool - Successfully destroyed resource: com.mchange.v2.c3p0.impl.NewPooledConnection@730f9a85
19:52:12.224 [Resource Destroyer in BasicResourcePool.close()] DEBUG c.m.v.resourcepool.BasicResourcePool - Preparing to destroy resource: com.mchange.v2.c3p0.impl.NewPooledConnection@5cc1e68
19:52:12.224 [Resource Destroyer in BasicResourcePool.close()] DEBUG c.m.v.c.i.C3P0PooledConnectionPool - Preparing to destroy PooledConnection: com.mchange.v2.c3p0.impl.NewPooledConnection@5cc1e68
19:52:12.224 [Resource Destroyer in BasicResourcePool.close()] DEBUG c.m.v.c.i.C3P0PooledConnectionPool - Successfully destroyed PooledConnection: com.mchange.v2.c3p0.impl.NewPooledConnection@5cc1e68
19:52:12.224 [Resource Destroyer in BasicResourcePool.close()] DEBUG c.m.v.resourcepool.BasicResourcePool - Successfully destroyed resource: com.mchange.v2.c3p0.impl.NewPooledConnection@5cc1e68
19:52:12.224 [Test worker] DEBUG c.m.v.c.m.DynamicPooledDataSourceManagerMBean - MBean: com.mchange.v2.c3p0:type=PooledDataSource,identityToken=1hgeqrl9qbn6pz6yfah30|23b2e1ae,name=1hgeqrl9qbn6pz6yfah30|23b2e1ae registered.
19:52:12.240 [Test worker] DEBUG c.m.v.c.m.DynamicPooledDataSourceManagerMBean - MBean: com.mchange.v2.c3p0:type=PooledDataSource,identityToken=1hgeqrl9qbn6pz6yfah30|23b2e1ae,name=1hgeqrl9qbn6pz6yfah30|23b2e1ae unregistered, in order to be reregistered after update.
19:52:12.240 [Test worker] DEBUG c.m.v.c.m.DynamicPooledDataSourceManagerMBean - MBean: com.mchange.v2.c3p0:type=PooledDataSource,identityToken=1hgeqrl9qbn6pz6yfah30|23b2e1ae,name=1hgeqrl9qbn6pz6yfah30|23b2e1ae registered.
19:52:12.240 [Test worker] INFO  c.m.v.c.i.AbstractPoolBackedDataSource - Initializing c3p0 pool... com.mchange.v2.c3p0.PoolBackedDataSource@31483283 [ connectionPoolDataSource -> com.mchange.v2.c3p0.WrapperConnectionPoolDataSource@35d103ff [ acquireIncrement -> 3, acquireRetryAttempts -> 30, acquireRetryDelay -> 1000, autoCommitOnClose -> false, automaticTestTable -> null, breakAfterAcquireFailure -> false, checkoutTimeout -> 0, connectionCustomizerClassName -> null, connectionTesterClassName -> com.mchange.v2.c3p0.impl.DefaultConnectionTester, contextClassLoaderSource -> caller, debugUnreturnedConnectionStackTraces -> false, factoryClassLocation -> null, forceIgnoreUnresolvedTransactions -> false, forceSynchronousCheckins -> false, identityToken -> 1hgeqrl9qbn6pz6yfah30|7973a3a6, idleConnectionTestPeriod -> 0, initialPoolSize -> 3, maxAdministrativeTaskTime -> 0, maxConnectionAge -> 0, maxIdleTime -> 0, maxIdleTimeExcessConnections -> 0, maxPoolSize -> 15, maxStatements -> 0, maxStatementsPerConnection -> 0, minPoolSize -> 3, nestedDataSource -> com.mchange.v2.c3p0.DriverManagerDataSource@1c0c7285 [ description -> null, driverClass -> null, factoryClassLocation -> null, forceUseNamedDriverClass -> false, identityToken -> 1hgeqrl9qbn6pz6yfah30|78e6cbe3, jdbcUrl -> jdbc:h2:mem:390c01f5240145e8be01b6badff2fa3b, properties -> {} ], preferredTestQuery -> null, privilegeSpawnedThreads -> false, propertyCycle -> 0, statementCacheNumDeferredCloseThreads -> 0, testConnectionOnCheckin -> false, testConnectionOnCheckout -> false, unreturnedConnectionTimeout -> 0, usesTraditionalReflectiveProxies -> false; userOverrides: {} ], dataSourceName -> null, extensions -> {}, factoryClassLocation -> null, identityToken -> 1hgeqrl9qbn6pz6yfah30|23b2e1ae, numHelperThreads -> 3 ]
19:52:12.240 [Test worker] DEBUG c.m.v.resourcepool.BasicResourcePool - com.mchange.v2.resourcepool.BasicResourcePool@71a30d92 config: [start -> 3; min -> 3; max -> 15; inc -> 3; num_acq_attempts -> 30; acq_attempt_delay -> 1000; check_idle_resources_delay -> 0; max_resource_age -> 0; max_idle_time -> 0; excess_max_idle_time -> 0; destroy_unreturned_resc_time -> 0; expiration_enforcement_delay -> 0; break_on_acquisition_failure -> false; debug_store_checkout_exceptions -> false; force_synchronous_checkins -> false]
19:52:12.240 [Test worker] DEBUG c.m.v.c.i.C3P0PooledConnectionPoolManager - Created new pool for auth, username (masked): 'null'.
19:52:12.240 [Test worker] DEBUG c.m.v.resourcepool.BasicResourcePool - acquire test -- pool size: 0; target_pool_size: 3; desired target? 1
19:52:12.240 [Test worker] DEBUG c.m.v.resourcepool.BasicResourcePool - awaitAvailable(): [unknown]
19:52:12.240 [Test worker] DEBUG c.m.v.c.m.ActiveManagementCoordinator - MBean: com.mchange.v2.c3p0:type=PooledDataSource,identityToken=1hgeqrl9qbn6pz6yfah30|23b2e1ae,name=1hgeqrl9qbn6pz6yfah30|23b2e1ae unregistered.
19:52:12.240 [Test worker] DEBUG c.m.v.c.m.ActiveManagementCoordinator - C3P0Registry mbean unregistered.
19:52:12.240 [Resource Destroyer in BasicResourcePool.close()] DEBUG c.m.v.resourcepool.BasicResourcePool - Preparing to destroy resource: com.mchange.v2.c3p0.impl.NewPooledConnection@3504b085
19:52:12.240 [Resource Destroyer in BasicResourcePool.close()] DEBUG c.m.v.c.i.C3P0PooledConnectionPool - Preparing to destroy PooledConnection: com.mchange.v2.c3p0.impl.NewPooledConnection@3504b085
19:52:12.240 [Resource Destroyer in BasicResourcePool.close()] DEBUG c.m.v.c.i.C3P0PooledConnectionPool - Successfully destroyed PooledConnection: com.mchange.v2.c3p0.impl.NewPooledConnection@3504b085
19:52:12.240 [Resource Destroyer in BasicResourcePool.close()] DEBUG c.m.v.resourcepool.BasicResourcePool - Successfully destroyed resource: com.mchange.v2.c3p0.impl.NewPooledConnection@3504b085
19:52:12.240 [Resource Destroyer in BasicResourcePool.close()] DEBUG c.m.v.resourcepool.BasicResourcePool - Preparing to destroy resource: com.mchange.v2.c3p0.impl.NewPooledConnection@a5627b4
19:52:12.240 [Resource Destroyer in BasicResourcePool.close()] DEBUG c.m.v.c.i.C3P0PooledConnectionPool - Preparing to destroy PooledConnection: com.mchange.v2.c3p0.impl.NewPooledConnection@a5627b4
19:52:12.240 [Resource Destroyer in BasicResourcePool.close()] DEBUG c.m.v.c.i.C3P0PooledConnectionPool - Successfully destroyed PooledConnection: com.mchange.v2.c3p0.impl.NewPooledConnection@a5627b4
19:52:12.240 [Resource Destroyer in BasicResourcePool.close()] DEBUG c.m.v.resourcepool.BasicResourcePool - Successfully destroyed resource: com.mchange.v2.c3p0.impl.NewPooledConnection@a5627b4
19:52:12.240 [Resource Destroyer in BasicResourcePool.close()] DEBUG c.m.v.resourcepool.BasicResourcePool - Preparing to destroy resource: com.mchange.v2.c3p0.impl.NewPooledConnection@6f138d04
19:52:12.240 [Resource Destroyer in BasicResourcePool.close()] DEBUG c.m.v.c.i.C3P0PooledConnectionPool - Preparing to destroy PooledConnection: com.mchange.v2.c3p0.impl.NewPooledConnection@6f138d04
19:52:12.240 [Resource Destroyer in BasicResourcePool.close()] DEBUG c.m.v.c.i.C3P0PooledConnectionPool - Successfully destroyed PooledConnection: com.mchange.v2.c3p0.impl.NewPooledConnection@6f138d04
19:52:12.240 [Resource Destroyer in BasicResourcePool.close()] DEBUG c.m.v.resourcepool.BasicResourcePool - Successfully destroyed resource: com.mchange.v2.c3p0.impl.NewPooledConnection@6f138d04


================================================================================
 TEST SUCCEEDED                                                                 
--------------------------------------------------------------------------------
    Test class:  DBDumpTest
    Test method: canAccessCommitMetadataAfterReadingDump[Using jdbc]
    End time:    2017/08/28 19:52:12 (Duration: 48ms)
================================================================================





================================================================================
 TEST START                                                                     
--------------------------------------------------------------------------------
    Test class:  DBDumpTest
    Test method: canExportAndImportIndexers[Using jdbc]
    Start time:  2017/08/28 19:52:12
================================================================================



19:52:12.256 [Test worker] DEBUG c.m.v.c.m.DynamicPooledDataSourceManagerMBean - MBean: com.mchange.v2.c3p0:type=PooledDataSource,identityToken=1hgeqrl9qbn6pz6yfah30|1bd7a637,name=1hgeqrl9qbn6pz6yfah30|1bd7a637 registered.
19:52:12.256 [Test worker] DEBUG c.m.v.c.m.DynamicPooledDataSourceManagerMBean - MBean: com.mchange.v2.c3p0:type=PooledDataSource,identityToken=1hgeqrl9qbn6pz6yfah30|1bd7a637,name=1hgeqrl9qbn6pz6yfah30|1bd7a637 unregistered, in order to be reregistered after update.
19:52:12.256 [Test worker] DEBUG c.m.v.c.m.DynamicPooledDataSourceManagerMBean - MBean: com.mchange.v2.c3p0:type=PooledDataSource,identityToken=1hgeqrl9qbn6pz6yfah30|1bd7a637,name=1hgeqrl9qbn6pz6yfah30|1bd7a637 registered.
19:52:12.256 [Test worker] INFO  c.m.v.c.i.AbstractPoolBackedDataSource - Initializing c3p0 pool... com.mchange.v2.c3p0.PoolBackedDataSource@df361c27 [ connectionPoolDataSource -> com.mchange.v2.c3p0.WrapperConnectionPoolDataSource@28aa3b72 [ acquireIncrement -> 3, acquireRetryAttempts -> 30, acquireRetryDelay -> 1000, autoCommitOnClose -> false, automaticTestTable -> null, breakAfterAcquireFailure -> false, checkoutTimeout -> 0, connectionCustomizerClassName -> null, connectionTesterClassName -> com.mchange.v2.c3p0.impl.DefaultConnectionTester, contextClassLoaderSource -> caller, debugUnreturnedConnectionStackTraces -> false, factoryClassLocation -> null, forceIgnoreUnresolvedTransactions -> false, forceSynchronousCheckins -> false, identityToken -> 1hgeqrl9qbn6pz6yfah30|36c8eb85, idleConnectionTestPeriod -> 0, initialPoolSize -> 3, maxAdministrativeTaskTime -> 0, maxConnectionAge -> 0, maxIdleTime -> 0, maxIdleTimeExcessConnections -> 0, maxPoolSize -> 15, maxStatements -> 0, maxStatementsPerConnection -> 0, minPoolSize -> 3, nestedDataSource -> com.mchange.v2.c3p0.DriverManagerDataSource@d01d4303 [ description -> null, driverClass -> null, factoryClassLocation -> null, forceUseNamedDriverClass -> false, identityToken -> 1hgeqrl9qbn6pz6yfah30|5dfba931, jdbcUrl -> jdbc:h2:mem:2e59ac3ccca94a9196f08c81e015f9ec, properties -> {} ], preferredTestQuery -> null, privilegeSpawnedThreads -> false, propertyCycle -> 0, statementCacheNumDeferredCloseThreads -> 0, testConnectionOnCheckin -> false, testConnectionOnCheckout -> false, unreturnedConnectionTimeout -> 0, usesTraditionalReflectiveProxies -> false; userOverrides: {} ], dataSourceName -> null, extensions -> {}, factoryClassLocation -> null, identityToken -> 1hgeqrl9qbn6pz6yfah30|1bd7a637, numHelperThreads -> 3 ]
19:52:12.256 [Test worker] DEBUG c.m.v.resourcepool.BasicResourcePool - com.mchange.v2.resourcepool.BasicResourcePool@39cf8c02 config: [start -> 3; min -> 3; max -> 15; inc -> 3; num_acq_attempts -> 30; acq_attempt_delay -> 1000; check_idle_resources_delay -> 0; max_resource_age -> 0; max_idle_time -> 0; excess_max_idle_time -> 0; destroy_unreturned_resc_time -> 0; expiration_enforcement_delay -> 0; break_on_acquisition_failure -> false; debug_store_checkout_exceptions -> false; force_synchronous_checkins -> false]
19:52:12.256 [Test worker] DEBUG c.m.v.c.i.C3P0PooledConnectionPoolManager - Created new pool for auth, username (masked): 'null'.
19:52:12.256 [Test worker] DEBUG c.m.v.resourcepool.BasicResourcePool - acquire test -- pool size: 0; target_pool_size: 3; desired target? 1
19:52:12.256 [Test worker] DEBUG c.m.v.resourcepool.BasicResourcePool - awaitAvailable(): [unknown]
<chronodump>
  <dbmetadata>
    <creationDate>2017-08-28 17:52:12.284 UTC</creationDate>
    <chronosVersion>0.7.3-RELEASE</chronosVersion>
    <commitMetadata>
      <org.chronos.chronodb.internal.impl.dump.meta.CommitDumpMetadata>
        <timestamp>1503942732279</timestamp>
        <branch>master</branch>
      </org.chronos.chronodb.internal.impl.dump.meta.CommitDumpMetadata>
      <org.chronos.chronodb.internal.impl.dump.meta.CommitDumpMetadata>
        <timestamp>1503942732271</timestamp>
        <branch>master</branch>
      </org.chronos.chronodb.internal.impl.dump.meta.CommitDumpMetadata>
    </commitMetadata>
    <branchMetadata>
      <branch>
        <name>master</name>
        <branchingTimestamp>0</branchingTimestamp>
      </branch>
    </branchMetadata>
    <indexerMetadata>
      <indexer>
        <indexName>lastname</indexName>
        <indexerData>AQDDAW9yZy5jaHJvbm9zLmNocm9ub2RiLnRlc3QuZW5naW5lLmRiZHVtcC5EQkR1bXBUZXN0JExhc3ROYW1lSW5kZXhlcgE=</indexerData>
      </indexer>
      <indexer>
        <indexName>nickname</indexName>
        <indexerData>AQDDAW9yZy5jaHJvbm9zLmNocm9ub2RiLnRlc3QuZW5naW5lLmRiZHVtcC5EQkR1bXBUZXN0JE5pY2tuYW1lSW5kZXhlcgE=</indexerData>
      </indexer>
      <indexer>
        <indexName>firstname</indexName>
        <indexerData>AQDEAW9yZy5jaHJvbm9zLmNocm9ub2RiLnRlc3QuZW5naW5lLmRiZHVtcC5EQkR1bXBUZXN0JEZpcnN0TmFtZUluZGV4ZXIB</indexerData>
      </indexer>
    </indexerMetadata>
  </dbmetadata>
  <dbentryBinary>
    <timestamp>1503942732271</timestamp>
    <branch>master</branch>
    <keyspace>default</keyspace>
    <key>p1</key>
    <binaryValue>AQBvcmcuY2hyb25vcy5jaHJvbm9kYi50ZXN0LmVuZ2luZS5kYmR1bXAuREJEdW1wVGVzdCRQZXJzb+4BAUpvaO4BRG/lAQFqYXZhLnV0aWwuSGFzaFNl9AECAUpvaG5u+QFKxA==</binaryValue>
  </dbentryBinary>
  <dbentryBinary>
    <timestamp>1503942732271</timestamp>
    <branch>master</branch>
    <keyspace>default</keyspace>
    <key>p2</key>
    <binaryValue>AQBvcmcuY2hyb25vcy5jaHJvbm9kYi50ZXN0LmVuZ2luZS5kYmR1bXAuREJEdW1wVGVzdCRQZXJzb+4BAUphbuUBRG/lAQFqYXZhLnV0aWwuSGFzaFNl9AECAUrEAUplbm75</binaryValue>
  </dbentryBinary>
  <dbentryBinary>
    <timestamp>1503942732271</timestamp>
    <branch>master</branch>
    <keyspace>default</keyspace>
    <key>p3</key>
    <binaryValue>AQBvcmcuY2hyb25vcy5jaHJvbm9kYi50ZXN0LmVuZ2luZS5kYmR1bXAuREJEdW1wVGVzdCRQZXJzb+4BAUphY+sBRG/lAQFqYXZhLnV0aWwuSGFzaFNl9AECAUphY2v5AUrE</binaryValue>
  </dbentryBinary>
  <dbentryBinary>
    <timestamp>1503942732271</timestamp>
    <branch>master</branch>
    <keyspace>default</keyspace>
    <key>p4</key>
    <binaryValue>AQBvcmcuY2hyb25vcy5jaHJvbm9kYi50ZXN0LmVuZ2luZS5kYmR1bXAuREJEdW1wVGVzdCRQZXJzb+4BAUpvaO4BU21pdOgBAWphdmEudXRpbC5IYXNoU2X0AQIBSm9obm75AUrT</binaryValue>
  </dbentryBinary>
  <dbentryBinary>
    <timestamp>1503942732279</timestamp>
    <branch>master</branch>
    <keyspace>default</keyspace>
    <key>p2</key>
    <binaryValue>AQBvcmcuY2hyb25vcy5jaHJvbm9kYi50ZXN0LmVuZ2luZS5kYmR1bXAuREJEdW1wVGVzdCRQZXJzb+4BAUphbuUBU21pdOgBAWphdmEudXRpbC5IYXNoU2X0AQIBStMBSmVubvk=</binaryValue>
  </dbentryBinary>
  <dbentryBinary>
    <timestamp>1503942732279</timestamp>
    <branch>master</branch>
    <keyspace>default</keyspace>
    <key>p3</key>
  </dbentryBinary>
</chronodump>
19:52:12.286 [Test worker] DEBUG c.m.v.c.m.ActiveManagementCoordinator - MBean: com.mchange.v2.c3p0:type=PooledDataSource,identityToken=1hgeqrl9qbn6pz6yfah30|1bd7a637,name=1hgeqrl9qbn6pz6yfah30|1bd7a637 unregistered.
19:52:12.286 [Test worker] DEBUG c.m.v.c.m.ActiveManagementCoordinator - C3P0Registry mbean unregistered.
19:52:12.286 [Resource Destroyer in BasicResourcePool.close()] DEBUG c.m.v.resourcepool.BasicResourcePool - Preparing to destroy resource: com.mchange.v2.c3p0.impl.NewPooledConnection@63b3d438
19:52:12.286 [Resource Destroyer in BasicResourcePool.close()] DEBUG c.m.v.c.i.C3P0PooledConnectionPool - Preparing to destroy PooledConnection: com.mchange.v2.c3p0.impl.NewPooledConnection@63b3d438
19:52:12.286 [Resource Destroyer in BasicResourcePool.close()] DEBUG c.m.v.c.i.C3P0PooledConnectionPool - Successfully destroyed PooledConnection: com.mchange.v2.c3p0.impl.NewPooledConnection@63b3d438
19:52:12.286 [Resource Destroyer in BasicResourcePool.close()] DEBUG c.m.v.resourcepool.BasicResourcePool - Successfully destroyed resource: com.mchange.v2.c3p0.impl.NewPooledConnection@63b3d438
19:52:12.286 [Resource Destroyer in BasicResourcePool.close()] DEBUG c.m.v.resourcepool.BasicResourcePool - Preparing to destroy resource: com.mchange.v2.c3p0.impl.NewPooledConnection@5116515
19:52:12.286 [Resource Destroyer in BasicResourcePool.close()] DEBUG c.m.v.c.i.C3P0PooledConnectionPool - Preparing to destroy PooledConnection: com.mchange.v2.c3p0.impl.NewPooledConnection@5116515
19:52:12.286 [Resource Destroyer in BasicResourcePool.close()] DEBUG c.m.v.c.i.C3P0PooledConnectionPool - Successfully destroyed PooledConnection: com.mchange.v2.c3p0.impl.NewPooledConnection@5116515
19:52:12.286 [Resource Destroyer in BasicResourcePool.close()] DEBUG c.m.v.resourcepool.BasicResourcePool - Successfully destroyed resource: com.mchange.v2.c3p0.impl.NewPooledConnection@5116515
19:52:12.286 [Resource Destroyer in BasicResourcePool.close()] DEBUG c.m.v.resourcepool.BasicResourcePool - Preparing to destroy resource: com.mchange.v2.c3p0.impl.NewPooledConnection@174c78
19:52:12.286 [Resource Destroyer in BasicResourcePool.close()] DEBUG c.m.v.c.i.C3P0PooledConnectionPool - Preparing to destroy PooledConnection: com.mchange.v2.c3p0.impl.NewPooledConnection@174c78
19:52:12.286 [Resource Destroyer in BasicResourcePool.close()] DEBUG c.m.v.c.i.C3P0PooledConnectionPool - Successfully destroyed PooledConnection: com.mchange.v2.c3p0.impl.NewPooledConnection@174c78
19:52:12.286 [Resource Destroyer in BasicResourcePool.close()] DEBUG c.m.v.resourcepool.BasicResourcePool - Successfully destroyed resource: com.mchange.v2.c3p0.impl.NewPooledConnection@174c78
19:52:12.290 [Test worker] DEBUG c.m.v.c.m.DynamicPooledDataSourceManagerMBean - MBean: com.mchange.v2.c3p0:type=PooledDataSource,identityToken=1hgeqrl9qbn6pz6yfah30|53747a2e,name=1hgeqrl9qbn6pz6yfah30|53747a2e registered.
19:52:12.292 [Test worker] DEBUG c.m.v.c.m.DynamicPooledDataSourceManagerMBean - MBean: com.mchange.v2.c3p0:type=PooledDataSource,identityToken=1hgeqrl9qbn6pz6yfah30|53747a2e,name=1hgeqrl9qbn6pz6yfah30|53747a2e unregistered, in order to be reregistered after update.
19:52:12.292 [Test worker] DEBUG c.m.v.c.m.DynamicPooledDataSourceManagerMBean - MBean: com.mchange.v2.c3p0:type=PooledDataSource,identityToken=1hgeqrl9qbn6pz6yfah30|53747a2e,name=1hgeqrl9qbn6pz6yfah30|53747a2e registered.
19:52:12.292 [Test worker] INFO  c.m.v.c.i.AbstractPoolBackedDataSource - Initializing c3p0 pool... com.mchange.v2.c3p0.PoolBackedDataSource@42fd1a2c [ connectionPoolDataSource -> com.mchange.v2.c3p0.WrapperConnectionPoolDataSource@96da9d08 [ acquireIncrement -> 3, acquireRetryAttempts -> 30, acquireRetryDelay -> 1000, autoCommitOnClose -> false, automaticTestTable -> null, breakAfterAcquireFailure -> false, checkoutTimeout -> 0, connectionCustomizerClassName -> null, connectionTesterClassName -> com.mchange.v2.c3p0.impl.DefaultConnectionTester, contextClassLoaderSource -> caller, debugUnreturnedConnectionStackTraces -> false, factoryClassLocation -> null, forceIgnoreUnresolvedTransactions -> false, forceSynchronousCheckins -> false, identityToken -> 1hgeqrl9qbn6pz6yfah30|1e0d27b1, idleConnectionTestPeriod -> 0, initialPoolSize -> 3, maxAdministrativeTaskTime -> 0, maxConnectionAge -> 0, maxIdleTime -> 0, maxIdleTimeExcessConnections -> 0, maxPoolSize -> 15, maxStatements -> 0, maxStatementsPerConnection -> 0, minPoolSize -> 3, nestedDataSource -> com.mchange.v2.c3p0.DriverManagerDataSource@2ec6bcb6 [ description -> null, driverClass -> null, factoryClassLocation -> null, forceUseNamedDriverClass -> false, identityToken -> 1hgeqrl9qbn6pz6yfah30|1b4c51f8, jdbcUrl -> jdbc:h2:mem:76f9f313568b4e32a734ab92c24b0927, properties -> {} ], preferredTestQuery -> null, privilegeSpawnedThreads -> false, propertyCycle -> 0, statementCacheNumDeferredCloseThreads -> 0, testConnectionOnCheckin -> false, testConnectionOnCheckout -> false, unreturnedConnectionTimeout -> 0, usesTraditionalReflectiveProxies -> false; userOverrides: {} ], dataSourceName -> null, extensions -> {}, factoryClassLocation -> null, identityToken -> 1hgeqrl9qbn6pz6yfah30|53747a2e, numHelperThreads -> 3 ]
19:52:12.292 [Test worker] DEBUG c.m.v.resourcepool.BasicResourcePool - com.mchange.v2.resourcepool.BasicResourcePool@3af9729a config: [start -> 3; min -> 3; max -> 15; inc -> 3; num_acq_attempts -> 30; acq_attempt_delay -> 1000; check_idle_resources_delay -> 0; max_resource_age -> 0; max_idle_time -> 0; excess_max_idle_time -> 0; destroy_unreturned_resc_time -> 0; expiration_enforcement_delay -> 0; break_on_acquisition_failure -> false; debug_store_checkout_exceptions -> false; force_synchronous_checkins -> false]
19:52:12.292 [Test worker] DEBUG c.m.v.c.i.C3P0PooledConnectionPoolManager - Created new pool for auth, username (masked): 'null'.
19:52:12.292 [Test worker] DEBUG c.m.v.resourcepool.BasicResourcePool - acquire test -- pool size: 0; target_pool_size: 3; desired target? 1
19:52:12.292 [Test worker] DEBUG c.m.v.resourcepool.BasicResourcePool - awaitAvailable(): [unknown]
19:52:12.307 [Test worker] DEBUG c.m.v.c.m.ActiveManagementCoordinator - MBean: com.mchange.v2.c3p0:type=PooledDataSource,identityToken=1hgeqrl9qbn6pz6yfah30|53747a2e,name=1hgeqrl9qbn6pz6yfah30|53747a2e unregistered.
19:52:12.307 [Test worker] DEBUG c.m.v.c.m.ActiveManagementCoordinator - C3P0Registry mbean unregistered.
19:52:12.307 [Resource Destroyer in BasicResourcePool.close()] DEBUG c.m.v.resourcepool.BasicResourcePool - Preparing to destroy resource: com.mchange.v2.c3p0.impl.NewPooledConnection@4e33beb3
19:52:12.307 [Resource Destroyer in BasicResourcePool.close()] DEBUG c.m.v.c.i.C3P0PooledConnectionPool - Preparing to destroy PooledConnection: com.mchange.v2.c3p0.impl.NewPooledConnection@4e33beb3
19:52:12.307 [Resource Destroyer in BasicResourcePool.close()] DEBUG c.m.v.c.i.C3P0PooledConnectionPool - Successfully destroyed PooledConnection: com.mchange.v2.c3p0.impl.NewPooledConnection@4e33beb3
19:52:12.307 [Resource Destroyer in BasicResourcePool.close()] DEBUG c.m.v.resourcepool.BasicResourcePool - Successfully destroyed resource: com.mchange.v2.c3p0.impl.NewPooledConnection@4e33beb3
19:52:12.307 [Resource Destroyer in BasicResourcePool.close()] DEBUG c.m.v.resourcepool.BasicResourcePool - Preparing to destroy resource: com.mchange.v2.c3p0.impl.NewPooledConnection@56ba8b3f
19:52:12.307 [Resource Destroyer in BasicResourcePool.close()] DEBUG c.m.v.c.i.C3P0PooledConnectionPool - Preparing to destroy PooledConnection: com.mchange.v2.c3p0.impl.NewPooledConnection@56ba8b3f
19:52:12.307 [Resource Destroyer in BasicResourcePool.close()] DEBUG c.m.v.c.i.C3P0PooledConnectionPool - Successfully destroyed PooledConnection: com.mchange.v2.c3p0.impl.NewPooledConnection@56ba8b3f
19:52:12.307 [Resource Destroyer in BasicResourcePool.close()] DEBUG c.m.v.resourcepool.BasicResourcePool - Successfully destroyed resource: com.mchange.v2.c3p0.impl.NewPooledConnection@56ba8b3f
19:52:12.307 [Resource Destroyer in BasicResourcePool.close()] DEBUG c.m.v.resourcepool.BasicResourcePool - Preparing to destroy resource: com.mchange.v2.c3p0.impl.NewPooledConnection@5ce78f49
19:52:12.307 [Resource Destroyer in BasicResourcePool.close()] DEBUG c.m.v.c.i.C3P0PooledConnectionPool - Preparing to destroy PooledConnection: com.mchange.v2.c3p0.impl.NewPooledConnection@5ce78f49
19:52:12.307 [Resource Destroyer in BasicResourcePool.close()] DEBUG c.m.v.c.i.C3P0PooledConnectionPool - Successfully destroyed PooledConnection: com.mchange.v2.c3p0.impl.NewPooledConnection@5ce78f49
19:52:12.307 [Resource Destroyer in BasicResourcePool.close()] DEBUG c.m.v.resourcepool.BasicResourcePool - Successfully destroyed resource: com.mchange.v2.c3p0.impl.NewPooledConnection@5ce78f49


================================================================================
 TEST SUCCEEDED                                                                 
--------------------------------------------------------------------------------
    Test class:  DBDumpTest
    Test method: canExportAndImportIndexers[Using jdbc]
    End time:    2017/08/28 19:52:12 (Duration: 67ms)
================================================================================





================================================================================
 TEST START                                                                     
--------------------------------------------------------------------------------
    Test class:  DBDumpTest
    Test method: canRegisterDefaultConverters[Using jdbc]
    Start time:  2017/08/28 19:52:12
================================================================================



19:52:12.307 [Test worker] DEBUG c.m.v.c.m.DynamicPooledDataSourceManagerMBean - MBean: com.mchange.v2.c3p0:type=PooledDataSource,identityToken=1hgeqrl9qbn6pz6yfah30|20f8af91,name=1hgeqrl9qbn6pz6yfah30|20f8af91 registered.
19:52:12.323 [Test worker] DEBUG c.m.v.c.m.DynamicPooledDataSourceManagerMBean - MBean: com.mchange.v2.c3p0:type=PooledDataSource,identityToken=1hgeqrl9qbn6pz6yfah30|20f8af91,name=1hgeqrl9qbn6pz6yfah30|20f8af91 unregistered, in order to be reregistered after update.
19:52:12.323 [Test worker] DEBUG c.m.v.c.m.DynamicPooledDataSourceManagerMBean - MBean: com.mchange.v2.c3p0:type=PooledDataSource,identityToken=1hgeqrl9qbn6pz6yfah30|20f8af91,name=1hgeqrl9qbn6pz6yfah30|20f8af91 registered.
19:52:12.323 [Test worker] INFO  c.m.v.c.i.AbstractPoolBackedDataSource - Initializing c3p0 pool... com.mchange.v2.c3p0.PoolBackedDataSource@c8d40457 [ connectionPoolDataSource -> com.mchange.v2.c3p0.WrapperConnectionPoolDataSource@3bd4f358 [ acquireIncrement -> 3, acquireRetryAttempts -> 30, acquireRetryDelay -> 1000, autoCommitOnClose -> false, automaticTestTable -> null, breakAfterAcquireFailure -> false, checkoutTimeout -> 0, connectionCustomizerClassName -> null, connectionTesterClassName -> com.mchange.v2.c3p0.impl.DefaultConnectionTester, contextClassLoaderSource -> caller, debugUnreturnedConnectionStackTraces -> false, factoryClassLocation -> null, forceIgnoreUnresolvedTransactions -> false, forceSynchronousCheckins -> false, identityToken -> 1hgeqrl9qbn6pz6yfah30|3fd90499, idleConnectionTestPeriod -> 0, initialPoolSize -> 3, maxAdministrativeTaskTime -> 0, maxConnectionAge -> 0, maxIdleTime -> 0, maxIdleTimeExcessConnections -> 0, maxPoolSize -> 15, maxStatements -> 0, maxStatementsPerConnection -> 0, minPoolSize -> 3, nestedDataSource -> com.mchange.v2.c3p0.DriverManagerDataSource@84710ba5 [ description -> null, driverClass -> null, factoryClassLocation -> null, forceUseNamedDriverClass -> false, identityToken -> 1hgeqrl9qbn6pz6yfah30|47fd0240, jdbcUrl -> jdbc:h2:mem:b76c2f84c3ab499e821fb1ea811b375e, properties -> {} ], preferredTestQuery -> null, privilegeSpawnedThreads -> false, propertyCycle -> 0, statementCacheNumDeferredCloseThreads -> 0, testConnectionOnCheckin -> false, testConnectionOnCheckout -> false, unreturnedConnectionTimeout -> 0, usesTraditionalReflectiveProxies -> false; userOverrides: {} ], dataSourceName -> null, extensions -> {}, factoryClassLocation -> null, identityToken -> 1hgeqrl9qbn6pz6yfah30|20f8af91, numHelperThreads -> 3 ]
19:52:12.323 [Test worker] DEBUG c.m.v.resourcepool.BasicResourcePool - com.mchange.v2.resourcepool.BasicResourcePool@20b832ff config: [start -> 3; min -> 3; max -> 15; inc -> 3; num_acq_attempts -> 30; acq_attempt_delay -> 1000; check_idle_resources_delay -> 0; max_resource_age -> 0; max_idle_time -> 0; excess_max_idle_time -> 0; destroy_unreturned_resc_time -> 0; expiration_enforcement_delay -> 0; break_on_acquisition_failure -> false; debug_store_checkout_exceptions -> false; force_synchronous_checkins -> false]
19:52:12.323 [Test worker] DEBUG c.m.v.c.i.C3P0PooledConnectionPoolManager - Created new pool for auth, username (masked): 'null'.
19:52:12.323 [Test worker] DEBUG c.m.v.resourcepool.BasicResourcePool - acquire test -- pool size: 0; target_pool_size: 3; desired target? 1
19:52:12.323 [Test worker] DEBUG c.m.v.resourcepool.BasicResourcePool - awaitAvailable(): [unknown]
<chronodump>
  <dbmetadata>
    <creationDate>2017-08-28 17:52:12.323 UTC</creationDate>
    <chronosVersion>0.7.3-RELEASE</chronosVersion>
    <commitMetadata>
      <org.chronos.chronodb.internal.impl.dump.meta.CommitDumpMetadata>
        <timestamp>1503942732323</timestamp>
        <branch>master</branch>
      </org.chronos.chronodb.internal.impl.dump.meta.CommitDumpMetadata>
    </commitMetadata>
    <branchMetadata>
      <branch>
        <name>master</name>
        <branchingTimestamp>0</branchingTimestamp>
      </branch>
    </branchMetadata>
    <indexerMetadata/>
  </dbmetadata>
  <dbentryPlain>
    <timestamp>1503942732323</timestamp>
    <branch>master</branch>
    <keyspace>default</keyspace>
    <key>p1</key>
    <value class="person">
      <firstName>John</firstName>
      <lastName>Doe</lastName>
      <nickNames/>
    </value>
  </dbentryPlain>
  <dbentryPlain>
    <timestamp>1503942732323</timestamp>
    <branch>master</branch>
    <keyspace>default</keyspace>
    <key>p2</key>
    <value class="person">
      <firstName>Jane</firstName>
      <lastName>Doe</lastName>
      <nickNames/>
    </value>
  </dbentryPlain>
</chronodump>
19:52:12.323 [Test worker] DEBUG c.m.v.c.m.ActiveManagementCoordinator - MBean: com.mchange.v2.c3p0:type=PooledDataSource,identityToken=1hgeqrl9qbn6pz6yfah30|20f8af91,name=1hgeqrl9qbn6pz6yfah30|20f8af91 unregistered.
19:52:12.323 [Test worker] DEBUG c.m.v.c.m.ActiveManagementCoordinator - C3P0Registry mbean unregistered.
19:52:12.323 [Resource Destroyer in BasicResourcePool.close()] DEBUG c.m.v.resourcepool.BasicResourcePool - Preparing to destroy resource: com.mchange.v2.c3p0.impl.NewPooledConnection@cae6c67
19:52:12.323 [Resource Destroyer in BasicResourcePool.close()] DEBUG c.m.v.c.i.C3P0PooledConnectionPool - Preparing to destroy PooledConnection: com.mchange.v2.c3p0.impl.NewPooledConnection@cae6c67
19:52:12.323 [Resource Destroyer in BasicResourcePool.close()] DEBUG c.m.v.c.i.C3P0PooledConnectionPool - Successfully destroyed PooledConnection: com.mchange.v2.c3p0.impl.NewPooledConnection@cae6c67
19:52:12.323 [Resource Destroyer in BasicResourcePool.close()] DEBUG c.m.v.resourcepool.BasicResourcePool - Successfully destroyed resource: com.mchange.v2.c3p0.impl.NewPooledConnection@cae6c67
19:52:12.323 [Resource Destroyer in BasicResourcePool.close()] DEBUG c.m.v.resourcepool.BasicResourcePool - Preparing to destroy resource: com.mchange.v2.c3p0.impl.NewPooledConnection@694d3aaf
19:52:12.323 [Resource Destroyer in BasicResourcePool.close()] DEBUG c.m.v.c.i.C3P0PooledConnectionPool - Preparing to destroy PooledConnection: com.mchange.v2.c3p0.impl.NewPooledConnection@694d3aaf
19:52:12.323 [Resource Destroyer in BasicResourcePool.close()] DEBUG c.m.v.c.i.C3P0PooledConnectionPool - Successfully destroyed PooledConnection: com.mchange.v2.c3p0.impl.NewPooledConnection@694d3aaf
19:52:12.323 [Resource Destroyer in BasicResourcePool.close()] DEBUG c.m.v.resourcepool.BasicResourcePool - Successfully destroyed resource: com.mchange.v2.c3p0.impl.NewPooledConnection@694d3aaf
19:52:12.323 [Resource Destroyer in BasicResourcePool.close()] DEBUG c.m.v.resourcepool.BasicResourcePool - Preparing to destroy resource: com.mchange.v2.c3p0.impl.NewPooledConnection@7b158173
19:52:12.323 [Resource Destroyer in BasicResourcePool.close()] DEBUG c.m.v.c.i.C3P0PooledConnectionPool - Preparing to destroy PooledConnection: com.mchange.v2.c3p0.impl.NewPooledConnection@7b158173
19:52:12.323 [Resource Destroyer in BasicResourcePool.close()] DEBUG c.m.v.c.i.C3P0PooledConnectionPool - Successfully destroyed PooledConnection: com.mchange.v2.c3p0.impl.NewPooledConnection@7b158173
19:52:12.323 [Resource Destroyer in BasicResourcePool.close()] DEBUG c.m.v.resourcepool.BasicResourcePool - Successfully destroyed resource: com.mchange.v2.c3p0.impl.NewPooledConnection@7b158173
19:52:12.339 [Test worker] DEBUG c.m.v.c.m.DynamicPooledDataSourceManagerMBean - MBean: com.mchange.v2.c3p0:type=PooledDataSource,identityToken=1hgeqrl9qbn6pz6yfah30|23dfc316,name=1hgeqrl9qbn6pz6yfah30|23dfc316 registered.
19:52:12.339 [Test worker] DEBUG c.m.v.c.m.DynamicPooledDataSourceManagerMBean - MBean: com.mchange.v2.c3p0:type=PooledDataSource,identityToken=1hgeqrl9qbn6pz6yfah30|23dfc316,name=1hgeqrl9qbn6pz6yfah30|23dfc316 unregistered, in order to be reregistered after update.
19:52:12.339 [Test worker] DEBUG c.m.v.c.m.DynamicPooledDataSourceManagerMBean - MBean: com.mchange.v2.c3p0:type=PooledDataSource,identityToken=1hgeqrl9qbn6pz6yfah30|23dfc316,name=1hgeqrl9qbn6pz6yfah30|23dfc316 registered.
19:52:12.339 [Test worker] INFO  c.m.v.c.i.AbstractPoolBackedDataSource - Initializing c3p0 pool... com.mchange.v2.c3p0.PoolBackedDataSource@2b02a24c [ connectionPoolDataSource -> com.mchange.v2.c3p0.WrapperConnectionPoolDataSource@15029363 [ acquireIncrement -> 3, acquireRetryAttempts -> 30, acquireRetryDelay -> 1000, autoCommitOnClose -> false, automaticTestTable -> null, breakAfterAcquireFailure -> false, checkoutTimeout -> 0, connectionCustomizerClassName -> null, connectionTesterClassName -> com.mchange.v2.c3p0.impl.DefaultConnectionTester, contextClassLoaderSource -> caller, debugUnreturnedConnectionStackTraces -> false, factoryClassLocation -> null, forceIgnoreUnresolvedTransactions -> false, forceSynchronousCheckins -> false, identityToken -> 1hgeqrl9qbn6pz6yfah30|1abf6e42, idleConnectionTestPeriod -> 0, initialPoolSize -> 3, maxAdministrativeTaskTime -> 0, maxConnectionAge -> 0, maxIdleTime -> 0, maxIdleTimeExcessConnections -> 0, maxPoolSize -> 15, maxStatements -> 0, maxStatementsPerConnection -> 0, minPoolSize -> 3, nestedDataSource -> com.mchange.v2.c3p0.DriverManagerDataSource@877661bb [ description -> null, driverClass -> null, factoryClassLocation -> null, forceUseNamedDriverClass -> false, identityToken -> 1hgeqrl9qbn6pz6yfah30|daa9774, jdbcUrl -> jdbc:h2:mem:7290ce1dbe614f47b4cce9ee9fd0065b, properties -> {} ], preferredTestQuery -> null, privilegeSpawnedThreads -> false, propertyCycle -> 0, statementCacheNumDeferredCloseThreads -> 0, testConnectionOnCheckin -> false, testConnectionOnCheckout -> false, unreturnedConnectionTimeout -> 0, usesTraditionalReflectiveProxies -> false; userOverrides: {} ], dataSourceName -> null, extensions -> {}, factoryClassLocation -> null, identityToken -> 1hgeqrl9qbn6pz6yfah30|23dfc316, numHelperThreads -> 3 ]
19:52:12.339 [Test worker] DEBUG c.m.v.resourcepool.BasicResourcePool - com.mchange.v2.resourcepool.BasicResourcePool@136412e9 config: [start -> 3; min -> 3; max -> 15; inc -> 3; num_acq_attempts -> 30; acq_attempt_delay -> 1000; check_idle_resources_delay -> 0; max_resource_age -> 0; max_idle_time -> 0; excess_max_idle_time -> 0; destroy_unreturned_resc_time -> 0; expiration_enforcement_delay -> 0; break_on_acquisition_failure -> false; debug_store_checkout_exceptions -> false; force_synchronous_checkins -> false]
19:52:12.339 [Test worker] DEBUG c.m.v.c.i.C3P0PooledConnectionPoolManager - Created new pool for auth, username (masked): 'null'.
19:52:12.339 [Test worker] DEBUG c.m.v.resourcepool.BasicResourcePool - acquire test -- pool size: 0; target_pool_size: 3; desired target? 1
19:52:12.339 [Test worker] DEBUG c.m.v.resourcepool.BasicResourcePool - awaitAvailable(): [unknown]
19:52:12.370 [Test worker] DEBUG c.m.v.c.m.ActiveManagementCoordinator - MBean: com.mchange.v2.c3p0:type=PooledDataSource,identityToken=1hgeqrl9qbn6pz6yfah30|23dfc316,name=1hgeqrl9qbn6pz6yfah30|23dfc316 unregistered.
19:52:12.370 [Test worker] DEBUG c.m.v.c.m.ActiveManagementCoordinator - C3P0Registry mbean unregistered.
19:52:12.370 [Resource Destroyer in BasicResourcePool.close()] DEBUG c.m.v.resourcepool.BasicResourcePool - Preparing to destroy resource: com.mchange.v2.c3p0.impl.NewPooledConnection@6651a0b7
19:52:12.370 [Resource Destroyer in BasicResourcePool.close()] DEBUG c.m.v.c.i.C3P0PooledConnectionPool - Preparing to destroy PooledConnection: com.mchange.v2.c3p0.impl.NewPooledConnection@6651a0b7
19:52:12.370 [Resource Destroyer in BasicResourcePool.close()] DEBUG c.m.v.c.i.C3P0PooledConnectionPool - Successfully destroyed PooledConnection: com.mchange.v2.c3p0.impl.NewPooledConnection@6651a0b7
19:52:12.370 [Resource Destroyer in BasicResourcePool.close()] DEBUG c.m.v.resourcepool.BasicResourcePool - Successfully destroyed resource: com.mchange.v2.c3p0.impl.NewPooledConnection@6651a0b7
19:52:12.370 [Resource Destroyer in BasicResourcePool.close()] DEBUG c.m.v.resourcepool.BasicResourcePool - Preparing to destroy resource: com.mchange.v2.c3p0.impl.NewPooledConnection@56c2d524
19:52:12.370 [Resource Destroyer in BasicResourcePool.close()] DEBUG c.m.v.c.i.C3P0PooledConnectionPool - Preparing to destroy PooledConnection: com.mchange.v2.c3p0.impl.NewPooledConnection@56c2d524
19:52:12.370 [Resource Destroyer in BasicResourcePool.close()] DEBUG c.m.v.c.i.C3P0PooledConnectionPool - Successfully destroyed PooledConnection: com.mchange.v2.c3p0.impl.NewPooledConnection@56c2d524
19:52:12.370 [Resource Destroyer in BasicResourcePool.close()] DEBUG c.m.v.resourcepool.BasicResourcePool - Successfully destroyed resource: com.mchange.v2.c3p0.impl.NewPooledConnection@56c2d524
19:52:12.370 [Resource Destroyer in BasicResourcePool.close()] DEBUG c.m.v.resourcepool.BasicResourcePool - Preparing to destroy resource: com.mchange.v2.c3p0.impl.NewPooledConnection@4ff22e45
19:52:12.370 [Resource Destroyer in BasicResourcePool.close()] DEBUG c.m.v.c.i.C3P0PooledConnectionPool - Preparing to destroy PooledConnection: com.mchange.v2.c3p0.impl.NewPooledConnection@4ff22e45
19:52:12.370 [Resource Destroyer in BasicResourcePool.close()] DEBUG c.m.v.c.i.C3P0PooledConnectionPool - Successfully destroyed PooledConnection: com.mchange.v2.c3p0.impl.NewPooledConnection@4ff22e45
19:52:12.370 [Resource Destroyer in BasicResourcePool.close()] DEBUG c.m.v.resourcepool.BasicResourcePool - Successfully destroyed resource: com.mchange.v2.c3p0.impl.NewPooledConnection@4ff22e45


================================================================================
 TEST SUCCEEDED                                                                 
--------------------------------------------------------------------------------
    Test class:  DBDumpTest
    Test method: canRegisterDefaultConverters[Using jdbc]
    End time:    2017/08/28 19:52:12 (Duration: 63ms)
================================================================================





================================================================================
 TEST START                                                                     
--------------------------------------------------------------------------------
    Test class:  DBDumpTest
    Test method: canLoadDumpWithInMemoryDB[Using jdbc]
    Start time:  2017/08/28 19:52:12
================================================================================



19:52:12.370 [Test worker] DEBUG c.m.v.c.m.DynamicPooledDataSourceManagerMBean - MBean: com.mchange.v2.c3p0:type=PooledDataSource,identityToken=1hgeqrl9qbn6pz6yfah30|2b9f4eeb,name=1hgeqrl9qbn6pz6yfah30|2b9f4eeb registered.
19:52:12.389 [Test worker] DEBUG c.m.v.c.m.DynamicPooledDataSourceManagerMBean - MBean: com.mchange.v2.c3p0:type=PooledDataSource,identityToken=1hgeqrl9qbn6pz6yfah30|2b9f4eeb,name=1hgeqrl9qbn6pz6yfah30|2b9f4eeb unregistered, in order to be reregistered after update.
19:52:12.389 [Test worker] DEBUG c.m.v.c.m.DynamicPooledDataSourceManagerMBean - MBean: com.mchange.v2.c3p0:type=PooledDataSource,identityToken=1hgeqrl9qbn6pz6yfah30|2b9f4eeb,name=1hgeqrl9qbn6pz6yfah30|2b9f4eeb registered.
19:52:12.390 [Test worker] INFO  c.m.v.c.i.AbstractPoolBackedDataSource - Initializing c3p0 pool... com.mchange.v2.c3p0.PoolBackedDataSource@be32bf59 [ connectionPoolDataSource -> com.mchange.v2.c3p0.WrapperConnectionPoolDataSource@be6ac34d [ acquireIncrement -> 3, acquireRetryAttempts -> 30, acquireRetryDelay -> 1000, autoCommitOnClose -> false, automaticTestTable -> null, breakAfterAcquireFailure -> false, checkoutTimeout -> 0, connectionCustomizerClassName -> null, connectionTesterClassName -> com.mchange.v2.c3p0.impl.DefaultConnectionTester, contextClassLoaderSource -> caller, debugUnreturnedConnectionStackTraces -> false, factoryClassLocation -> null, forceIgnoreUnresolvedTransactions -> false, forceSynchronousCheckins -> false, identityToken -> 1hgeqrl9qbn6pz6yfah30|3e5ee868, idleConnectionTestPeriod -> 0, initialPoolSize -> 3, maxAdministrativeTaskTime -> 0, maxConnectionAge -> 0, maxIdleTime -> 0, maxIdleTimeExcessConnections -> 0, maxPoolSize -> 15, maxStatements -> 0, maxStatementsPerConnection -> 0, minPoolSize -> 3, nestedDataSource -> com.mchange.v2.c3p0.DriverManagerDataSource@ef65cf8d [ description -> null, driverClass -> null, factoryClassLocation -> null, forceUseNamedDriverClass -> false, identityToken -> 1hgeqrl9qbn6pz6yfah30|29cf6e86, jdbcUrl -> jdbc:h2:mem:ef3dae9fafc441ec8a04c3e318581bc6, properties -> {} ], preferredTestQuery -> null, privilegeSpawnedThreads -> false, propertyCycle -> 0, statementCacheNumDeferredCloseThreads -> 0, testConnectionOnCheckin -> false, testConnectionOnCheckout -> false, unreturnedConnectionTimeout -> 0, usesTraditionalReflectiveProxies -> false; userOverrides: {} ], dataSourceName -> null, extensions -> {}, factoryClassLocation -> null, identityToken -> 1hgeqrl9qbn6pz6yfah30|2b9f4eeb, numHelperThreads -> 3 ]
19:52:12.390 [Test worker] DEBUG c.m.v.resourcepool.BasicResourcePool - com.mchange.v2.resourcepool.BasicResourcePool@71edbc0c config: [start -> 3; min -> 3; max -> 15; inc -> 3; num_acq_attempts -> 30; acq_attempt_delay -> 1000; check_idle_resources_delay -> 0; max_resource_age -> 0; max_idle_time -> 0; excess_max_idle_time -> 0; destroy_unreturned_resc_time -> 0; expiration_enforcement_delay -> 0; break_on_acquisition_failure -> false; debug_store_checkout_exceptions -> false; force_synchronous_checkins -> false]
19:52:12.390 [Test worker] DEBUG c.m.v.c.i.C3P0PooledConnectionPoolManager - Created new pool for auth, username (masked): 'null'.
19:52:12.390 [Test worker] DEBUG c.m.v.resourcepool.BasicResourcePool - acquire test -- pool size: 0; target_pool_size: 3; desired target? 1
19:52:12.390 [Test worker] DEBUG c.m.v.resourcepool.BasicResourcePool - awaitAvailable(): [unknown]
<chronodump>
  <dbmetadata>
    <creationDate>2017-08-28 17:52:12.422 UTC</creationDate>
    <chronosVersion>0.7.3-RELEASE</chronosVersion>
    <commitMetadata>
      <org.chronos.chronodb.internal.impl.dump.meta.CommitDumpMetadata>
        <timestamp>1503942732422</timestamp>
        <branch>master</branch>
      </org.chronos.chronodb.internal.impl.dump.meta.CommitDumpMetadata>
      <org.chronos.chronodb.internal.impl.dump.meta.CommitDumpMetadata>
        <timestamp>1503942732392</timestamp>
        <branch>master</branch>
      </org.chronos.chronodb.internal.impl.dump.meta.CommitDumpMetadata>
      <org.chronos.chronodb.internal.impl.dump.meta.CommitDumpMetadata>
        <timestamp>1503942732409</timestamp>
        <branch>MyBranch</branch>
      </org.chronos.chronodb.internal.impl.dump.meta.CommitDumpMetadata>
    </commitMetadata>
    <branchMetadata>
      <branch>
        <name>MyBranch</name>
        <parentName>master</parentName>
        <branchingTimestamp>1503942732392</branchingTimestamp>
      </branch>
      <branch>
        <name>master</name>
        <branchingTimestamp>0</branchingTimestamp>
      </branch>
      <branch>
        <name>MySubBranch</name>
        <parentName>MyBranch</parentName>
        <branchingTimestamp>1503942732409</branchingTimestamp>
      </branch>
    </branchMetadata>
    <indexerMetadata/>
  </dbmetadata>
  <dbentryPlain>
    <timestamp>1503942732409</timestamp>
    <branch>MyBranch</branch>
    <keyspace>Math</keyspace>
    <key>Pi</key>
    <value class="int">31415</value>
  </dbentryPlain>
  <dbentryPlain>
    <timestamp>1503942732392</timestamp>
    <branch>master</branch>
    <keyspace>default</keyspace>
    <key>first</key>
    <value class="int">123</value>
  </dbentryPlain>
  <dbentryPlain>
    <timestamp>1503942732392</timestamp>
    <branch>master</branch>
    <keyspace>MyKeyspace</keyspace>
    <key>second</key>
    <value class="int">456</value>
  </dbentryPlain>
  <dbentryPlain>
    <timestamp>1503942732422</timestamp>
    <branch>master</branch>
    <keyspace>MyAwesomeKeyspace</keyspace>
    <key>third</key>
    <value class="int">789</value>
  </dbentryPlain>
</chronodump>
19:52:12.422 [Test worker] DEBUG c.m.v.c.m.ActiveManagementCoordinator - MBean: com.mchange.v2.c3p0:type=PooledDataSource,identityToken=1hgeqrl9qbn6pz6yfah30|2b9f4eeb,name=1hgeqrl9qbn6pz6yfah30|2b9f4eeb unregistered.
19:52:12.422 [Test worker] DEBUG c.m.v.c.m.ActiveManagementCoordinator - C3P0Registry mbean unregistered.
19:52:12.422 [Resource Destroyer in BasicResourcePool.close()] DEBUG c.m.v.resourcepool.BasicResourcePool - Preparing to destroy resource: com.mchange.v2.c3p0.impl.NewPooledConnection@81e293d
19:52:12.422 [Resource Destroyer in BasicResourcePool.close()] DEBUG c.m.v.c.i.C3P0PooledConnectionPool - Preparing to destroy PooledConnection: com.mchange.v2.c3p0.impl.NewPooledConnection@81e293d
19:52:12.422 [Resource Destroyer in BasicResourcePool.close()] DEBUG c.m.v.c.i.C3P0PooledConnectionPool - Successfully destroyed PooledConnection: com.mchange.v2.c3p0.impl.NewPooledConnection@81e293d
19:52:12.422 [Resource Destroyer in BasicResourcePool.close()] DEBUG c.m.v.resourcepool.BasicResourcePool - Successfully destroyed resource: com.mchange.v2.c3p0.impl.NewPooledConnection@81e293d
19:52:12.422 [Resource Destroyer in BasicResourcePool.close()] DEBUG c.m.v.resourcepool.BasicResourcePool - Preparing to destroy resource: com.mchange.v2.c3p0.impl.NewPooledConnection@2e389443
19:52:12.422 [Resource Destroyer in BasicResourcePool.close()] DEBUG c.m.v.c.i.C3P0PooledConnectionPool - Preparing to destroy PooledConnection: com.mchange.v2.c3p0.impl.NewPooledConnection@2e389443
19:52:12.422 [Resource Destroyer in BasicResourcePool.close()] DEBUG c.m.v.c.i.C3P0PooledConnectionPool - Successfully destroyed PooledConnection: com.mchange.v2.c3p0.impl.NewPooledConnection@2e389443
19:52:12.422 [Resource Destroyer in BasicResourcePool.close()] DEBUG c.m.v.resourcepool.BasicResourcePool - Successfully destroyed resource: com.mchange.v2.c3p0.impl.NewPooledConnection@2e389443
19:52:12.422 [Resource Destroyer in BasicResourcePool.close()] DEBUG c.m.v.resourcepool.BasicResourcePool - Preparing to destroy resource: com.mchange.v2.c3p0.impl.NewPooledConnection@3147de18
19:52:12.422 [Resource Destroyer in BasicResourcePool.close()] DEBUG c.m.v.c.i.C3P0PooledConnectionPool - Preparing to destroy PooledConnection: com.mchange.v2.c3p0.impl.NewPooledConnection@3147de18
19:52:12.422 [Resource Destroyer in BasicResourcePool.close()] DEBUG c.m.v.c.i.C3P0PooledConnectionPool - Successfully destroyed PooledConnection: com.mchange.v2.c3p0.impl.NewPooledConnection@3147de18
19:52:12.422 [Resource Destroyer in BasicResourcePool.close()] DEBUG c.m.v.resourcepool.BasicResourcePool - Successfully destroyed resource: com.mchange.v2.c3p0.impl.NewPooledConnection@3147de18


================================================================================
 TEST SUCCEEDED                                                                 
--------------------------------------------------------------------------------
    Test class:  DBDumpTest
    Test method: canLoadDumpWithInMemoryDB[Using jdbc]
    End time:    2017/08/28 19:52:12 (Duration: 52ms)
================================================================================





================================================================================
 TEST START                                                                     
--------------------------------------------------------------------------------
    Test class:  DBDumpTest
    Test method: canAccessCommitTimestampsAfterReadingDump[Using jdbc]
    Start time:  2017/08/28 19:52:12
================================================================================



19:52:12.422 [Test worker] DEBUG c.m.v.c.m.DynamicPooledDataSourceManagerMBean - MBean: com.mchange.v2.c3p0:type=PooledDataSource,identityToken=1hgeqrl9qbn6pz6yfah30|3ede4f0a,name=1hgeqrl9qbn6pz6yfah30|3ede4f0a registered.
19:52:12.438 [Test worker] DEBUG c.m.v.c.m.DynamicPooledDataSourceManagerMBean - MBean: com.mchange.v2.c3p0:type=PooledDataSource,identityToken=1hgeqrl9qbn6pz6yfah30|3ede4f0a,name=1hgeqrl9qbn6pz6yfah30|3ede4f0a unregistered, in order to be reregistered after update.
19:52:12.438 [Test worker] DEBUG c.m.v.c.m.DynamicPooledDataSourceManagerMBean - MBean: com.mchange.v2.c3p0:type=PooledDataSource,identityToken=1hgeqrl9qbn6pz6yfah30|3ede4f0a,name=1hgeqrl9qbn6pz6yfah30|3ede4f0a registered.
19:52:12.438 [Test worker] INFO  c.m.v.c.i.AbstractPoolBackedDataSource - Initializing c3p0 pool... com.mchange.v2.c3p0.PoolBackedDataSource@6e4c982e [ connectionPoolDataSource -> com.mchange.v2.c3p0.WrapperConnectionPoolDataSource@54fa6864 [ acquireIncrement -> 3, acquireRetryAttempts -> 30, acquireRetryDelay -> 1000, autoCommitOnClose -> false, automaticTestTable -> null, breakAfterAcquireFailure -> false, checkoutTimeout -> 0, connectionCustomizerClassName -> null, connectionTesterClassName -> com.mchange.v2.c3p0.impl.DefaultConnectionTester, contextClassLoaderSource -> caller, debugUnreturnedConnectionStackTraces -> false, factoryClassLocation -> null, forceIgnoreUnresolvedTransactions -> false, forceSynchronousCheckins -> false, identityToken -> 1hgeqrl9qbn6pz6yfah30|7d627c8c, idleConnectionTestPeriod -> 0, initialPoolSize -> 3, maxAdministrativeTaskTime -> 0, maxConnectionAge -> 0, maxIdleTime -> 0, maxIdleTimeExcessConnections -> 0, maxPoolSize -> 15, maxStatements -> 0, maxStatementsPerConnection -> 0, minPoolSize -> 3, nestedDataSource -> com.mchange.v2.c3p0.DriverManagerDataSource@ec1b44e1 [ description -> null, driverClass -> null, factoryClassLocation -> null, forceUseNamedDriverClass -> false, identityToken -> 1hgeqrl9qbn6pz6yfah30|5e8821e9, jdbcUrl -> jdbc:h2:mem:02b5bd29c62946a189aa89a74e43ba17, properties -> {} ], preferredTestQuery -> null, privilegeSpawnedThreads -> false, propertyCycle -> 0, statementCacheNumDeferredCloseThreads -> 0, testConnectionOnCheckin -> false, testConnectionOnCheckout -> false, unreturnedConnectionTimeout -> 0, usesTraditionalReflectiveProxies -> false; userOverrides: {} ], dataSourceName -> null, extensions -> {}, factoryClassLocation -> null, identityToken -> 1hgeqrl9qbn6pz6yfah30|3ede4f0a, numHelperThreads -> 3 ]
19:52:12.438 [Test worker] DEBUG c.m.v.resourcepool.BasicResourcePool - com.mchange.v2.resourcepool.BasicResourcePool@5ffa6204 config: [start -> 3; min -> 3; max -> 15; inc -> 3; num_acq_attempts -> 30; acq_attempt_delay -> 1000; check_idle_resources_delay -> 0; max_resource_age -> 0; max_idle_time -> 0; excess_max_idle_time -> 0; destroy_unreturned_resc_time -> 0; expiration_enforcement_delay -> 0; break_on_acquisition_failure -> false; debug_store_checkout_exceptions -> false; force_synchronous_checkins -> false]
19:52:12.438 [Test worker] DEBUG c.m.v.c.i.C3P0PooledConnectionPoolManager - Created new pool for auth, username (masked): 'null'.
19:52:12.438 [Test worker] DEBUG c.m.v.resourcepool.BasicResourcePool - acquire test -- pool size: 0; target_pool_size: 3; desired target? 1
19:52:12.438 [Test worker] DEBUG c.m.v.resourcepool.BasicResourcePool - awaitAvailable(): [unknown]
19:52:12.461 [Test worker] DEBUG c.m.v.c.m.ActiveManagementCoordinator - MBean: com.mchange.v2.c3p0:type=PooledDataSource,identityToken=1hgeqrl9qbn6pz6yfah30|3ede4f0a,name=1hgeqrl9qbn6pz6yfah30|3ede4f0a unregistered.
19:52:12.461 [Test worker] DEBUG c.m.v.c.m.ActiveManagementCoordinator - C3P0Registry mbean unregistered.
19:52:12.461 [Resource Destroyer in BasicResourcePool.close()] DEBUG c.m.v.resourcepool.BasicResourcePool - Preparing to destroy resource: com.mchange.v2.c3p0.impl.NewPooledConnection@60e902e9
19:52:12.461 [Resource Destroyer in BasicResourcePool.close()] DEBUG c.m.v.c.i.C3P0PooledConnectionPool - Preparing to destroy PooledConnection: com.mchange.v2.c3p0.impl.NewPooledConnection@60e902e9
19:52:12.461 [Resource Destroyer in BasicResourcePool.close()] DEBUG c.m.v.c.i.C3P0PooledConnectionPool - Successfully destroyed PooledConnection: com.mchange.v2.c3p0.impl.NewPooledConnection@60e902e9
19:52:12.461 [Resource Destroyer in BasicResourcePool.close()] DEBUG c.m.v.resourcepool.BasicResourcePool - Successfully destroyed resource: com.mchange.v2.c3p0.impl.NewPooledConnection@60e902e9
19:52:12.461 [Resource Destroyer in BasicResourcePool.close()] DEBUG c.m.v.resourcepool.BasicResourcePool - Preparing to destroy resource: com.mchange.v2.c3p0.impl.NewPooledConnection@351b82c2
19:52:12.461 [Resource Destroyer in BasicResourcePool.close()] DEBUG c.m.v.c.i.C3P0PooledConnectionPool - Preparing to destroy PooledConnection: com.mchange.v2.c3p0.impl.NewPooledConnection@351b82c2
19:52:12.461 [Resource Destroyer in BasicResourcePool.close()] DEBUG c.m.v.c.i.C3P0PooledConnectionPool - Successfully destroyed PooledConnection: com.mchange.v2.c3p0.impl.NewPooledConnection@351b82c2
19:52:12.461 [Resource Destroyer in BasicResourcePool.close()] DEBUG c.m.v.resourcepool.BasicResourcePool - Successfully destroyed resource: com.mchange.v2.c3p0.impl.NewPooledConnection@351b82c2
19:52:12.461 [Resource Destroyer in BasicResourcePool.close()] DEBUG c.m.v.resourcepool.BasicResourcePool - Preparing to destroy resource: com.mchange.v2.c3p0.impl.NewPooledConnection@6192c3f1
19:52:12.461 [Resource Destroyer in BasicResourcePool.close()] DEBUG c.m.v.c.i.C3P0PooledConnectionPool - Preparing to destroy PooledConnection: com.mchange.v2.c3p0.impl.NewPooledConnection@6192c3f1
19:52:12.461 [Resource Destroyer in BasicResourcePool.close()] DEBUG c.m.v.c.i.C3P0PooledConnectionPool - Successfully destroyed PooledConnection: com.mchange.v2.c3p0.impl.NewPooledConnection@6192c3f1
19:52:12.461 [Resource Destroyer in BasicResourcePool.close()] DEBUG c.m.v.resourcepool.BasicResourcePool - Successfully destroyed resource: com.mchange.v2.c3p0.impl.NewPooledConnection@6192c3f1
19:52:12.461 [Test worker] DEBUG c.m.v.c.m.DynamicPooledDataSourceManagerMBean - MBean: com.mchange.v2.c3p0:type=PooledDataSource,identityToken=1hgeqrl9qbn6pz6yfah30|7c719590,name=1hgeqrl9qbn6pz6yfah30|7c719590 registered.
19:52:12.477 [Test worker] DEBUG c.m.v.c.m.DynamicPooledDataSourceManagerMBean - MBean: com.mchange.v2.c3p0:type=PooledDataSource,identityToken=1hgeqrl9qbn6pz6yfah30|7c719590,name=1hgeqrl9qbn6pz6yfah30|7c719590 unregistered, in order to be reregistered after update.
19:52:12.477 [Test worker] DEBUG c.m.v.c.m.DynamicPooledDataSourceManagerMBean - MBean: com.mchange.v2.c3p0:type=PooledDataSource,identityToken=1hgeqrl9qbn6pz6yfah30|7c719590,name=1hgeqrl9qbn6pz6yfah30|7c719590 registered.
19:52:12.477 [Test worker] INFO  c.m.v.c.i.AbstractPoolBackedDataSource - Initializing c3p0 pool... com.mchange.v2.c3p0.PoolBackedDataSource@8839a68b [ connectionPoolDataSource -> com.mchange.v2.c3p0.WrapperConnectionPoolDataSource@f3b8728b [ acquireIncrement -> 3, acquireRetryAttempts -> 30, acquireRetryDelay -> 1000, autoCommitOnClose -> false, automaticTestTable -> null, breakAfterAcquireFailure -> false, checkoutTimeout -> 0, connectionCustomizerClassName -> null, connectionTesterClassName -> com.mchange.v2.c3p0.impl.DefaultConnectionTester, contextClassLoaderSource -> caller, debugUnreturnedConnectionStackTraces -> false, factoryClassLocation -> null, forceIgnoreUnresolvedTransactions -> false, forceSynchronousCheckins -> false, identityToken -> 1hgeqrl9qbn6pz6yfah30|37c9a13b, idleConnectionTestPeriod -> 0, initialPoolSize -> 3, maxAdministrativeTaskTime -> 0, maxConnectionAge -> 0, maxIdleTime -> 0, maxIdleTimeExcessConnections -> 0, maxPoolSize -> 15, maxStatements -> 0, maxStatementsPerConnection -> 0, minPoolSize -> 3, nestedDataSource -> com.mchange.v2.c3p0.DriverManagerDataSource@f5dff95a [ description -> null, driverClass -> null, factoryClassLocation -> null, forceUseNamedDriverClass -> false, identityToken -> 1hgeqrl9qbn6pz6yfah30|2a92dd02, jdbcUrl -> jdbc:h2:mem:9dd85f2d146f430eb02682262154c31f, properties -> {} ], preferredTestQuery -> null, privilegeSpawnedThreads -> false, propertyCycle -> 0, statementCacheNumDeferredCloseThreads -> 0, testConnectionOnCheckin -> false, testConnectionOnCheckout -> false, unreturnedConnectionTimeout -> 0, usesTraditionalReflectiveProxies -> false; userOverrides: {} ], dataSourceName -> null, extensions -> {}, factoryClassLocation -> null, identityToken -> 1hgeqrl9qbn6pz6yfah30|7c719590, numHelperThreads -> 3 ]
19:52:12.477 [Test worker] DEBUG c.m.v.resourcepool.BasicResourcePool - com.mchange.v2.resourcepool.BasicResourcePool@6771d2ee config: [start -> 3; min -> 3; max -> 15; inc -> 3; num_acq_attempts -> 30; acq_attempt_delay -> 1000; check_idle_resources_delay -> 0; max_resource_age -> 0; max_idle_time -> 0; excess_max_idle_time -> 0; destroy_unreturned_resc_time -> 0; expiration_enforcement_delay -> 0; break_on_acquisition_failure -> false; debug_store_checkout_exceptions -> false; force_synchronous_checkins -> false]
19:52:12.477 [Test worker] DEBUG c.m.v.c.i.C3P0PooledConnectionPoolManager - Created new pool for auth, username (masked): 'null'.
19:52:12.477 [Test worker] DEBUG c.m.v.resourcepool.BasicResourcePool - acquire test -- pool size: 0; target_pool_size: 3; desired target? 1
19:52:12.477 [Test worker] DEBUG c.m.v.resourcepool.BasicResourcePool - awaitAvailable(): [unknown]
19:52:12.489 [Test worker] DEBUG c.m.v.c.m.ActiveManagementCoordinator - MBean: com.mchange.v2.c3p0:type=PooledDataSource,identityToken=1hgeqrl9qbn6pz6yfah30|7c719590,name=1hgeqrl9qbn6pz6yfah30|7c719590 unregistered.
19:52:12.489 [Test worker] DEBUG c.m.v.c.m.ActiveManagementCoordinator - C3P0Registry mbean unregistered.
19:52:12.489 [Resource Destroyer in BasicResourcePool.close()] DEBUG c.m.v.resourcepool.BasicResourcePool - Preparing to destroy resource: com.mchange.v2.c3p0.impl.NewPooledConnection@3712742a
19:52:12.489 [Resource Destroyer in BasicResourcePool.close()] DEBUG c.m.v.c.i.C3P0PooledConnectionPool - Preparing to destroy PooledConnection: com.mchange.v2.c3p0.impl.NewPooledConnection@3712742a
19:52:12.489 [Resource Destroyer in BasicResourcePool.close()] DEBUG c.m.v.c.i.C3P0PooledConnectionPool - Successfully destroyed PooledConnection: com.mchange.v2.c3p0.impl.NewPooledConnection@3712742a
19:52:12.489 [Resource Destroyer in BasicResourcePool.close()] DEBUG c.m.v.resourcepool.BasicResourcePool - Successfully destroyed resource: com.mchange.v2.c3p0.impl.NewPooledConnection@3712742a
19:52:12.489 [Resource Destroyer in BasicResourcePool.close()] DEBUG c.m.v.resourcepool.BasicResourcePool - Preparing to destroy resource: com.mchange.v2.c3p0.impl.NewPooledConnection@436159a6
19:52:12.489 [Resource Destroyer in BasicResourcePool.close()] DEBUG c.m.v.c.i.C3P0PooledConnectionPool - Preparing to destroy PooledConnection: com.mchange.v2.c3p0.impl.NewPooledConnection@436159a6
19:52:12.490 [Resource Destroyer in BasicResourcePool.close()] DEBUG c.m.v.c.i.C3P0PooledConnectionPool - Successfully destroyed PooledConnection: com.mchange.v2.c3p0.impl.NewPooledConnection@436159a6
19:52:12.490 [Resource Destroyer in BasicResourcePool.close()] DEBUG c.m.v.resourcepool.BasicResourcePool - Successfully destroyed resource: com.mchange.v2.c3p0.impl.NewPooledConnection@436159a6
19:52:12.490 [Resource Destroyer in BasicResourcePool.close()] DEBUG c.m.v.resourcepool.BasicResourcePool - Preparing to destroy resource: com.mchange.v2.c3p0.impl.NewPooledConnection@7f273a68
19:52:12.490 [Resource Destroyer in BasicResourcePool.close()] DEBUG c.m.v.c.i.C3P0PooledConnectionPool - Preparing to destroy PooledConnection: com.mchange.v2.c3p0.impl.NewPooledConnection@7f273a68
19:52:12.490 [Resource Destroyer in BasicResourcePool.close()] DEBUG c.m.v.c.i.C3P0PooledConnectionPool - Successfully destroyed PooledConnection: com.mchange.v2.c3p0.impl.NewPooledConnection@7f273a68
19:52:12.490 [Resource Destroyer in BasicResourcePool.close()] DEBUG c.m.v.resourcepool.BasicResourcePool - Successfully destroyed resource: com.mchange.v2.c3p0.impl.NewPooledConnection@7f273a68


================================================================================
 TEST SUCCEEDED                                                                 
--------------------------------------------------------------------------------
    Test class:  DBDumpTest
    Test method: canAccessCommitTimestampsAfterReadingDump[Using jdbc]
    End time:    2017/08/28 19:52:12 (Duration: 68ms)
================================================================================





================================================================================
 TEST START                                                                     
--------------------------------------------------------------------------------
    Test class:  DBDumpTest
    Test method: canFallBackToBinaryForUnknownValueTypes[Using jdbc]
    Start time:  2017/08/28 19:52:12
================================================================================



19:52:12.494 [Test worker] DEBUG c.m.v.c.m.DynamicPooledDataSourceManagerMBean - MBean: com.mchange.v2.c3p0:type=PooledDataSource,identityToken=1hgeqrl9qbn6pz6yfah30|11caa711,name=1hgeqrl9qbn6pz6yfah30|11caa711 registered.
19:52:12.502 [Test worker] DEBUG c.m.v.c.m.DynamicPooledDataSourceManagerMBean - MBean: com.mchange.v2.c3p0:type=PooledDataSource,identityToken=1hgeqrl9qbn6pz6yfah30|11caa711,name=1hgeqrl9qbn6pz6yfah30|11caa711 unregistered, in order to be reregistered after update.
19:52:12.502 [Test worker] DEBUG c.m.v.c.m.DynamicPooledDataSourceManagerMBean - MBean: com.mchange.v2.c3p0:type=PooledDataSource,identityToken=1hgeqrl9qbn6pz6yfah30|11caa711,name=1hgeqrl9qbn6pz6yfah30|11caa711 registered.
19:52:12.502 [Test worker] INFO  c.m.v.c.i.AbstractPoolBackedDataSource - Initializing c3p0 pool... com.mchange.v2.c3p0.PoolBackedDataSource@feac6d90 [ connectionPoolDataSource -> com.mchange.v2.c3p0.WrapperConnectionPoolDataSource@765f8b28 [ acquireIncrement -> 3, acquireRetryAttempts -> 30, acquireRetryDelay -> 1000, autoCommitOnClose -> false, automaticTestTable -> null, breakAfterAcquireFailure -> false, checkoutTimeout -> 0, connectionCustomizerClassName -> null, connectionTesterClassName -> com.mchange.v2.c3p0.impl.DefaultConnectionTester, contextClassLoaderSource -> caller, debugUnreturnedConnectionStackTraces -> false, factoryClassLocation -> null, forceIgnoreUnresolvedTransactions -> false, forceSynchronousCheckins -> false, identityToken -> 1hgeqrl9qbn6pz6yfah30|a2a3995, idleConnectionTestPeriod -> 0, initialPoolSize -> 3, maxAdministrativeTaskTime -> 0, maxConnectionAge -> 0, maxIdleTime -> 0, maxIdleTimeExcessConnections -> 0, maxPoolSize -> 15, maxStatements -> 0, maxStatementsPerConnection -> 0, minPoolSize -> 3, nestedDataSource -> com.mchange.v2.c3p0.DriverManagerDataSource@d7f350bf [ description -> null, driverClass -> null, factoryClassLocation -> null, forceUseNamedDriverClass -> false, identityToken -> 1hgeqrl9qbn6pz6yfah30|2ecd005f, jdbcUrl -> jdbc:h2:mem:e87c2a49288a46ffab2035cf413ed7cd, properties -> {} ], preferredTestQuery -> null, privilegeSpawnedThreads -> false, propertyCycle -> 0, statementCacheNumDeferredCloseThreads -> 0, testConnectionOnCheckin -> false, testConnectionOnCheckout -> false, unreturnedConnectionTimeout -> 0, usesTraditionalReflectiveProxies -> false; userOverrides: {} ], dataSourceName -> null, extensions -> {}, factoryClassLocation -> null, identityToken -> 1hgeqrl9qbn6pz6yfah30|11caa711, numHelperThreads -> 3 ]
19:52:12.502 [Test worker] DEBUG c.m.v.resourcepool.BasicResourcePool - com.mchange.v2.resourcepool.BasicResourcePool@2f2bca25 config: [start -> 3; min -> 3; max -> 15; inc -> 3; num_acq_attempts -> 30; acq_attempt_delay -> 1000; check_idle_resources_delay -> 0; max_resource_age -> 0; max_idle_time -> 0; excess_max_idle_time -> 0; destroy_unreturned_resc_time -> 0; expiration_enforcement_delay -> 0; break_on_acquisition_failure -> false; debug_store_checkout_exceptions -> false; force_synchronous_checkins -> false]
19:52:12.502 [Test worker] DEBUG c.m.v.c.i.C3P0PooledConnectionPoolManager - Created new pool for auth, username (masked): 'null'.
19:52:12.502 [Test worker] DEBUG c.m.v.resourcepool.BasicResourcePool - acquire test -- pool size: 0; target_pool_size: 3; desired target? 1
19:52:12.502 [Test worker] DEBUG c.m.v.resourcepool.BasicResourcePool - awaitAvailable(): [unknown]
<chronodump>
  <dbmetadata>
    <creationDate>2017-08-28 17:52:12.511 UTC</creationDate>
    <chronosVersion>0.7.3-RELEASE</chronosVersion>
    <commitMetadata>
      <org.chronos.chronodb.internal.impl.dump.meta.CommitDumpMetadata>
        <timestamp>1503942732508</timestamp>
        <branch>master</branch>
      </org.chronos.chronodb.internal.impl.dump.meta.CommitDumpMetadata>
    </commitMetadata>
    <branchMetadata>
      <branch>
        <name>master</name>
        <branchingTimestamp>0</branchingTimestamp>
      </branch>
    </branchMetadata>
    <indexerMetadata/>
  </dbmetadata>
  <dbentryBinary>
    <timestamp>1503942732508</timestamp>
    <branch>master</branch>
    <keyspace>default</keyspace>
    <key>p1</key>
    <binaryValue>AQBvcmcuY2hyb25vcy5jaHJvbm9kYi50ZXN0LmVuZ2luZS5kYmR1bXAuREJEdW1wVGVzdCRQZXJzb+4BAUpvaO4BRG/lAQFqYXZhLnV0aWwuSGFzaFNl9AEA</binaryValue>
  </dbentryBinary>
  <dbentryBinary>
    <timestamp>1503942732508</timestamp>
    <branch>master</branch>
    <keyspace>default</keyspace>
    <key>persons</key>
    <binaryValue>AQBqYXZhLnV0aWwuQXJyYXlMaXP0AQIBAW9yZy5jaHJvbm9zLmNocm9ub2RiLnRlc3QuZW5naW5lLmRiZHVtcC5EQkR1bXBUZXN0JFBlcnNv7gEBSm9o7gFEb+UBAmphdmEudXRpbC5IYXNoU2X0AQABAQEBSmFu5QUBAgEA</binaryValue>
  </dbentryBinary>
  <dbentryBinary>
    <timestamp>1503942732508</timestamp>
    <branch>master</branch>
    <keyspace>default</keyspace>
    <key>p2</key>
    <binaryValue>AQBvcmcuY2hyb25vcy5jaHJvbm9kYi50ZXN0LmVuZ2luZS5kYmR1bXAuREJEdW1wVGVzdCRQZXJzb+4BAUphbuUBRG/lAQFqYXZhLnV0aWwuSGFzaFNl9AEA</binaryValue>
  </dbentryBinary>
</chronodump>
19:52:12.513 [Test worker] DEBUG c.m.v.c.m.ActiveManagementCoordinator - MBean: com.mchange.v2.c3p0:type=PooledDataSource,identityToken=1hgeqrl9qbn6pz6yfah30|11caa711,name=1hgeqrl9qbn6pz6yfah30|11caa711 unregistered.
19:52:12.513 [Test worker] DEBUG c.m.v.c.m.ActiveManagementCoordinator - C3P0Registry mbean unregistered.
19:52:12.513 [Resource Destroyer in BasicResourcePool.close()] DEBUG c.m.v.resourcepool.BasicResourcePool - Preparing to destroy resource: com.mchange.v2.c3p0.impl.NewPooledConnection@458880d8
19:52:12.513 [Resource Destroyer in BasicResourcePool.close()] DEBUG c.m.v.c.i.C3P0PooledConnectionPool - Preparing to destroy PooledConnection: com.mchange.v2.c3p0.impl.NewPooledConnection@458880d8
19:52:12.513 [Resource Destroyer in BasicResourcePool.close()] DEBUG c.m.v.c.i.C3P0PooledConnectionPool - Successfully destroyed PooledConnection: com.mchange.v2.c3p0.impl.NewPooledConnection@458880d8
19:52:12.513 [Resource Destroyer in BasicResourcePool.close()] DEBUG c.m.v.resourcepool.BasicResourcePool - Successfully destroyed resource: com.mchange.v2.c3p0.impl.NewPooledConnection@458880d8
19:52:12.513 [Resource Destroyer in BasicResourcePool.close()] DEBUG c.m.v.resourcepool.BasicResourcePool - Preparing to destroy resource: com.mchange.v2.c3p0.impl.NewPooledConnection@59e3ae31
19:52:12.513 [Resource Destroyer in BasicResourcePool.close()] DEBUG c.m.v.c.i.C3P0PooledConnectionPool - Preparing to destroy PooledConnection: com.mchange.v2.c3p0.impl.NewPooledConnection@59e3ae31
19:52:12.513 [Resource Destroyer in BasicResourcePool.close()] DEBUG c.m.v.c.i.C3P0PooledConnectionPool - Successfully destroyed PooledConnection: com.mchange.v2.c3p0.impl.NewPooledConnection@59e3ae31
19:52:12.513 [Resource Destroyer in BasicResourcePool.close()] DEBUG c.m.v.resourcepool.BasicResourcePool - Successfully destroyed resource: com.mchange.v2.c3p0.impl.NewPooledConnection@59e3ae31
19:52:12.513 [Resource Destroyer in BasicResourcePool.close()] DEBUG c.m.v.resourcepool.BasicResourcePool - Preparing to destroy resource: com.mchange.v2.c3p0.impl.NewPooledConnection@6bd6f879
19:52:12.513 [Resource Destroyer in BasicResourcePool.close()] DEBUG c.m.v.c.i.C3P0PooledConnectionPool - Preparing to destroy PooledConnection: com.mchange.v2.c3p0.impl.NewPooledConnection@6bd6f879
19:52:12.513 [Resource Destroyer in BasicResourcePool.close()] DEBUG c.m.v.c.i.C3P0PooledConnectionPool - Successfully destroyed PooledConnection: com.mchange.v2.c3p0.impl.NewPooledConnection@6bd6f879
19:52:12.513 [Resource Destroyer in BasicResourcePool.close()] DEBUG c.m.v.resourcepool.BasicResourcePool - Successfully destroyed resource: com.mchange.v2.c3p0.impl.NewPooledConnection@6bd6f879
19:52:12.518 [Test worker] DEBUG c.m.v.c.m.DynamicPooledDataSourceManagerMBean - MBean: com.mchange.v2.c3p0:type=PooledDataSource,identityToken=1hgeqrl9qbn6pz6yfah30|48f58951,name=1hgeqrl9qbn6pz6yfah30|48f58951 registered.
19:52:12.528 [Test worker] DEBUG c.m.v.c.m.DynamicPooledDataSourceManagerMBean - MBean: com.mchange.v2.c3p0:type=PooledDataSource,identityToken=1hgeqrl9qbn6pz6yfah30|48f58951,name=1hgeqrl9qbn6pz6yfah30|48f58951 unregistered, in order to be reregistered after update.
19:52:12.528 [Test worker] DEBUG c.m.v.c.m.DynamicPooledDataSourceManagerMBean - MBean: com.mchange.v2.c3p0:type=PooledDataSource,identityToken=1hgeqrl9qbn6pz6yfah30|48f58951,name=1hgeqrl9qbn6pz6yfah30|48f58951 registered.
19:52:12.528 [Test worker] INFO  c.m.v.c.i.AbstractPoolBackedDataSource - Initializing c3p0 pool... com.mchange.v2.c3p0.PoolBackedDataSource@521d63b4 [ connectionPoolDataSource -> com.mchange.v2.c3p0.WrapperConnectionPoolDataSource@de27ebb5 [ acquireIncrement -> 3, acquireRetryAttempts -> 30, acquireRetryDelay -> 1000, autoCommitOnClose -> false, automaticTestTable -> null, breakAfterAcquireFailure -> false, checkoutTimeout -> 0, connectionCustomizerClassName -> null, connectionTesterClassName -> com.mchange.v2.c3p0.impl.DefaultConnectionTester, contextClassLoaderSource -> caller, debugUnreturnedConnectionStackTraces -> false, factoryClassLocation -> null, forceIgnoreUnresolvedTransactions -> false, forceSynchronousCheckins -> false, identityToken -> 1hgeqrl9qbn6pz6yfah30|473364b0, idleConnectionTestPeriod -> 0, initialPoolSize -> 3, maxAdministrativeTaskTime -> 0, maxConnectionAge -> 0, maxIdleTime -> 0, maxIdleTimeExcessConnections -> 0, maxPoolSize -> 15, maxStatements -> 0, maxStatementsPerConnection -> 0, minPoolSize -> 3, nestedDataSource -> com.mchange.v2.c3p0.DriverManagerDataSource@de0030ba [ description -> null, driverClass -> null, factoryClassLocation -> null, forceUseNamedDriverClass -> false, identityToken -> 1hgeqrl9qbn6pz6yfah30|2ea41ce7, jdbcUrl -> jdbc:h2:mem:db8c3c766ef949c690c1fdc96052271d, properties -> {} ], preferredTestQuery -> null, privilegeSpawnedThreads -> false, propertyCycle -> 0, statementCacheNumDeferredCloseThreads -> 0, testConnectionOnCheckin -> false, testConnectionOnCheckout -> false, unreturnedConnectionTimeout -> 0, usesTraditionalReflectiveProxies -> false; userOverrides: {} ], dataSourceName -> null, extensions -> {}, factoryClassLocation -> null, identityToken -> 1hgeqrl9qbn6pz6yfah30|48f58951, numHelperThreads -> 3 ]
19:52:12.528 [Test worker] DEBUG c.m.v.resourcepool.BasicResourcePool - com.mchange.v2.resourcepool.BasicResourcePool@2557cb0 config: [start -> 3; min -> 3; max -> 15; inc -> 3; num_acq_attempts -> 30; acq_attempt_delay -> 1000; check_idle_resources_delay -> 0; max_resource_age -> 0; max_idle_time -> 0; excess_max_idle_time -> 0; destroy_unreturned_resc_time -> 0; expiration_enforcement_delay -> 0; break_on_acquisition_failure -> false; debug_store_checkout_exceptions -> false; force_synchronous_checkins -> false]
19:52:12.528 [Test worker] DEBUG c.m.v.c.i.C3P0PooledConnectionPoolManager - Created new pool for auth, username (masked): 'null'.
19:52:12.528 [Test worker] DEBUG c.m.v.resourcepool.BasicResourcePool - acquire test -- pool size: 0; target_pool_size: 3; desired target? 1
19:52:12.528 [Test worker] DEBUG c.m.v.resourcepool.BasicResourcePool - awaitAvailable(): [unknown]
19:52:12.538 [Test worker] DEBUG c.m.v.c.m.ActiveManagementCoordinator - MBean: com.mchange.v2.c3p0:type=PooledDataSource,identityToken=1hgeqrl9qbn6pz6yfah30|48f58951,name=1hgeqrl9qbn6pz6yfah30|48f58951 unregistered.
19:52:12.538 [Test worker] DEBUG c.m.v.c.m.ActiveManagementCoordinator - C3P0Registry mbean unregistered.
19:52:12.538 [Resource Destroyer in BasicResourcePool.close()] DEBUG c.m.v.resourcepool.BasicResourcePool - Preparing to destroy resource: com.mchange.v2.c3p0.impl.NewPooledConnection@39db3b99
19:52:12.538 [Resource Destroyer in BasicResourcePool.close()] DEBUG c.m.v.c.i.C3P0PooledConnectionPool - Preparing to destroy PooledConnection: com.mchange.v2.c3p0.impl.NewPooledConnection@39db3b99
19:52:12.538 [Resource Destroyer in BasicResourcePool.close()] DEBUG c.m.v.c.i.C3P0PooledConnectionPool - Successfully destroyed PooledConnection: com.mchange.v2.c3p0.impl.NewPooledConnection@39db3b99
19:52:12.538 [Resource Destroyer in BasicResourcePool.close()] DEBUG c.m.v.resourcepool.BasicResourcePool - Successfully destroyed resource: com.mchange.v2.c3p0.impl.NewPooledConnection@39db3b99
19:52:12.538 [Resource Destroyer in BasicResourcePool.close()] DEBUG c.m.v.resourcepool.BasicResourcePool - Preparing to destroy resource: com.mchange.v2.c3p0.impl.NewPooledConnection@7611cfa7
19:52:12.538 [Resource Destroyer in BasicResourcePool.close()] DEBUG c.m.v.c.i.C3P0PooledConnectionPool - Preparing to destroy PooledConnection: com.mchange.v2.c3p0.impl.NewPooledConnection@7611cfa7
19:52:12.538 [Resource Destroyer in BasicResourcePool.close()] DEBUG c.m.v.c.i.C3P0PooledConnectionPool - Successfully destroyed PooledConnection: com.mchange.v2.c3p0.impl.NewPooledConnection@7611cfa7
19:52:12.538 [Resource Destroyer in BasicResourcePool.close()] DEBUG c.m.v.resourcepool.BasicResourcePool - Successfully destroyed resource: com.mchange.v2.c3p0.impl.NewPooledConnection@7611cfa7
19:52:12.538 [Resource Destroyer in BasicResourcePool.close()] DEBUG c.m.v.resourcepool.BasicResourcePool - Preparing to destroy resource: com.mchange.v2.c3p0.impl.NewPooledConnection@478234bc
19:52:12.538 [Resource Destroyer in BasicResourcePool.close()] DEBUG c.m.v.c.i.C3P0PooledConnectionPool - Preparing to destroy PooledConnection: com.mchange.v2.c3p0.impl.NewPooledConnection@478234bc
19:52:12.538 [Resource Destroyer in BasicResourcePool.close()] DEBUG c.m.v.c.i.C3P0PooledConnectionPool - Successfully destroyed PooledConnection: com.mchange.v2.c3p0.impl.NewPooledConnection@478234bc
19:52:12.538 [Resource Destroyer in BasicResourcePool.close()] DEBUG c.m.v.resourcepool.BasicResourcePool - Successfully destroyed resource: com.mchange.v2.c3p0.impl.NewPooledConnection@478234bc


================================================================================
 TEST SUCCEEDED                                                                 
--------------------------------------------------------------------------------
    Test class:  DBDumpTest
    Test method: canFallBackToBinaryForUnknownValueTypes[Using jdbc]
    End time:    2017/08/28 19:52:12 (Duration: 48ms)
================================================================================





================================================================================
 TEST START                                                                     
--------------------------------------------------------------------------------
    Test class:  DBDumpTest
    Test method: canExportInPlainTextFormat[Using jdbc]
    Start time:  2017/08/28 19:52:12
================================================================================



19:52:12.542 [Test worker] DEBUG c.m.v.c.m.DynamicPooledDataSourceManagerMBean - MBean: com.mchange.v2.c3p0:type=PooledDataSource,identityToken=1hgeqrl9qbn6pz6yfah30|272cafa3,name=1hgeqrl9qbn6pz6yfah30|272cafa3 registered.
19:52:12.549 [Test worker] DEBUG c.m.v.c.m.DynamicPooledDataSourceManagerMBean - MBean: com.mchange.v2.c3p0:type=PooledDataSource,identityToken=1hgeqrl9qbn6pz6yfah30|272cafa3,name=1hgeqrl9qbn6pz6yfah30|272cafa3 unregistered, in order to be reregistered after update.
19:52:12.549 [Test worker] DEBUG c.m.v.c.m.DynamicPooledDataSourceManagerMBean - MBean: com.mchange.v2.c3p0:type=PooledDataSource,identityToken=1hgeqrl9qbn6pz6yfah30|272cafa3,name=1hgeqrl9qbn6pz6yfah30|272cafa3 registered.
19:52:12.550 [Test worker] INFO  c.m.v.c.i.AbstractPoolBackedDataSource - Initializing c3p0 pool... com.mchange.v2.c3p0.PoolBackedDataSource@ace66e57 [ connectionPoolDataSource -> com.mchange.v2.c3p0.WrapperConnectionPoolDataSource@bb21d9f3 [ acquireIncrement -> 3, acquireRetryAttempts -> 30, acquireRetryDelay -> 1000, autoCommitOnClose -> false, automaticTestTable -> null, breakAfterAcquireFailure -> false, checkoutTimeout -> 0, connectionCustomizerClassName -> null, connectionTesterClassName -> com.mchange.v2.c3p0.impl.DefaultConnectionTester, contextClassLoaderSource -> caller, debugUnreturnedConnectionStackTraces -> false, factoryClassLocation -> null, forceIgnoreUnresolvedTransactions -> false, forceSynchronousCheckins -> false, identityToken -> 1hgeqrl9qbn6pz6yfah30|cc8abb0, idleConnectionTestPeriod -> 0, initialPoolSize -> 3, maxAdministrativeTaskTime -> 0, maxConnectionAge -> 0, maxIdleTime -> 0, maxIdleTimeExcessConnections -> 0, maxPoolSize -> 15, maxStatements -> 0, maxStatementsPerConnection -> 0, minPoolSize -> 3, nestedDataSource -> com.mchange.v2.c3p0.DriverManagerDataSource@120ffe4d [ description -> null, driverClass -> null, factoryClassLocation -> null, forceUseNamedDriverClass -> false, identityToken -> 1hgeqrl9qbn6pz6yfah30|1759019e, jdbcUrl -> jdbc:h2:mem:e1a10a42c8074262a5f9eb1a1236decd, properties -> {} ], preferredTestQuery -> null, privilegeSpawnedThreads -> false, propertyCycle -> 0, statementCacheNumDeferredCloseThreads -> 0, testConnectionOnCheckin -> false, testConnectionOnCheckout -> false, unreturnedConnectionTimeout -> 0, usesTraditionalReflectiveProxies -> false; userOverrides: {} ], dataSourceName -> null, extensions -> {}, factoryClassLocation -> null, identityToken -> 1hgeqrl9qbn6pz6yfah30|272cafa3, numHelperThreads -> 3 ]
19:52:12.550 [Test worker] DEBUG c.m.v.resourcepool.BasicResourcePool - com.mchange.v2.resourcepool.BasicResourcePool@4f30eecc config: [start -> 3; min -> 3; max -> 15; inc -> 3; num_acq_attempts -> 30; acq_attempt_delay -> 1000; check_idle_resources_delay -> 0; max_resource_age -> 0; max_idle_time -> 0; excess_max_idle_time -> 0; destroy_unreturned_resc_time -> 0; expiration_enforcement_delay -> 0; break_on_acquisition_failure -> false; debug_store_checkout_exceptions -> false; force_synchronous_checkins -> false]
19:52:12.550 [Test worker] DEBUG c.m.v.c.i.C3P0PooledConnectionPoolManager - Created new pool for auth, username (masked): 'null'.
19:52:12.550 [Test worker] DEBUG c.m.v.resourcepool.BasicResourcePool - acquire test -- pool size: 0; target_pool_size: 3; desired target? 1
19:52:12.550 [Test worker] DEBUG c.m.v.resourcepool.BasicResourcePool - awaitAvailable(): [unknown]
<chronodump>
  <dbmetadata>
    <creationDate>2017-08-28 17:52:12.558 UTC</creationDate>
    <chronosVersion>0.7.3-RELEASE</chronosVersion>
    <commitMetadata>
      <org.chronos.chronodb.internal.impl.dump.meta.CommitDumpMetadata>
        <timestamp>1503942732556</timestamp>
        <branch>master</branch>
      </org.chronos.chronodb.internal.impl.dump.meta.CommitDumpMetadata>
    </commitMetadata>
    <branchMetadata>
      <branch>
        <name>master</name>
        <branchingTimestamp>0</branchingTimestamp>
      </branch>
    </branchMetadata>
    <indexerMetadata/>
  </dbmetadata>
  <dbentryPlain>
    <timestamp>1503942732556</timestamp>
    <branch>master</branch>
    <keyspace>default</keyspace>
    <key>p1</key>
    <value class="org.chronos.chronodb.test.engine.dbdump.DBDumpTest$PersonDump">
      <firstName>John</firstName>
      <lastName>Doe</lastName>
      <nickNames>
        <string>Johnny</string>
        <string>JD</string>
      </nickNames>
    </value>
    <converterClassName>org.chronos.chronodb.test.engine.dbdump.DBDumpTest$PersonExternalizer</converterClassName>
  </dbentryPlain>
  <dbentryPlain>
    <timestamp>1503942732556</timestamp>
    <branch>master</branch>
    <keyspace>default</keyspace>
    <key>p2</key>
    <value class="org.chronos.chronodb.test.engine.dbdump.DBDumpTest$PersonDump">
      <firstName>Jane</firstName>
      <lastName>Doe</lastName>
      <nickNames>
        <string>JD</string>
        <string>Jenny</string>
      </nickNames>
    </value>
    <converterClassName>org.chronos.chronodb.test.engine.dbdump.DBDumpTest$PersonExternalizer</converterClassName>
  </dbentryPlain>
</chronodump>
19:52:12.560 [Test worker] DEBUG c.m.v.c.m.ActiveManagementCoordinator - MBean: com.mchange.v2.c3p0:type=PooledDataSource,identityToken=1hgeqrl9qbn6pz6yfah30|272cafa3,name=1hgeqrl9qbn6pz6yfah30|272cafa3 unregistered.
19:52:12.560 [Test worker] DEBUG c.m.v.c.m.ActiveManagementCoordinator - C3P0Registry mbean unregistered.
19:52:12.560 [Resource Destroyer in BasicResourcePool.close()] DEBUG c.m.v.resourcepool.BasicResourcePool - Preparing to destroy resource: com.mchange.v2.c3p0.impl.NewPooledConnection@1bac6744
19:52:12.561 [Resource Destroyer in BasicResourcePool.close()] DEBUG c.m.v.c.i.C3P0PooledConnectionPool - Preparing to destroy PooledConnection: com.mchange.v2.c3p0.impl.NewPooledConnection@1bac6744
19:52:12.561 [Resource Destroyer in BasicResourcePool.close()] DEBUG c.m.v.c.i.C3P0PooledConnectionPool - Successfully destroyed PooledConnection: com.mchange.v2.c3p0.impl.NewPooledConnection@1bac6744
19:52:12.561 [Resource Destroyer in BasicResourcePool.close()] DEBUG c.m.v.resourcepool.BasicResourcePool - Successfully destroyed resource: com.mchange.v2.c3p0.impl.NewPooledConnection@1bac6744
19:52:12.561 [Resource Destroyer in BasicResourcePool.close()] DEBUG c.m.v.resourcepool.BasicResourcePool - Preparing to destroy resource: com.mchange.v2.c3p0.impl.NewPooledConnection@2208d8fd
19:52:12.561 [Resource Destroyer in BasicResourcePool.close()] DEBUG c.m.v.c.i.C3P0PooledConnectionPool - Preparing to destroy PooledConnection: com.mchange.v2.c3p0.impl.NewPooledConnection@2208d8fd
19:52:12.561 [Resource Destroyer in BasicResourcePool.close()] DEBUG c.m.v.c.i.C3P0PooledConnectionPool - Successfully destroyed PooledConnection: com.mchange.v2.c3p0.impl.NewPooledConnection@2208d8fd
19:52:12.561 [Resource Destroyer in BasicResourcePool.close()] DEBUG c.m.v.resourcepool.BasicResourcePool - Successfully destroyed resource: com.mchange.v2.c3p0.impl.NewPooledConnection@2208d8fd
19:52:12.561 [Resource Destroyer in BasicResourcePool.close()] DEBUG c.m.v.resourcepool.BasicResourcePool - Preparing to destroy resource: com.mchange.v2.c3p0.impl.NewPooledConnection@f95ff48
19:52:12.561 [Resource Destroyer in BasicResourcePool.close()] DEBUG c.m.v.c.i.C3P0PooledConnectionPool - Preparing to destroy PooledConnection: com.mchange.v2.c3p0.impl.NewPooledConnection@f95ff48
19:52:12.561 [Resource Destroyer in BasicResourcePool.close()] DEBUG c.m.v.c.i.C3P0PooledConnectionPool - Successfully destroyed PooledConnection: com.mchange.v2.c3p0.impl.NewPooledConnection@f95ff48
19:52:12.561 [Resource Destroyer in BasicResourcePool.close()] DEBUG c.m.v.resourcepool.BasicResourcePool - Successfully destroyed resource: com.mchange.v2.c3p0.impl.NewPooledConnection@f95ff48
19:52:12.564 [Test worker] DEBUG c.m.v.c.m.DynamicPooledDataSourceManagerMBean - MBean: com.mchange.v2.c3p0:type=PooledDataSource,identityToken=1hgeqrl9qbn6pz6yfah30|1eb63651,name=1hgeqrl9qbn6pz6yfah30|1eb63651 registered.
19:52:12.571 [Test worker] DEBUG c.m.v.c.m.DynamicPooledDataSourceManagerMBean - MBean: com.mchange.v2.c3p0:type=PooledDataSource,identityToken=1hgeqrl9qbn6pz6yfah30|1eb63651,name=1hgeqrl9qbn6pz6yfah30|1eb63651 unregistered, in order to be reregistered after update.
19:52:12.571 [Test worker] DEBUG c.m.v.c.m.DynamicPooledDataSourceManagerMBean - MBean: com.mchange.v2.c3p0:type=PooledDataSource,identityToken=1hgeqrl9qbn6pz6yfah30|1eb63651,name=1hgeqrl9qbn6pz6yfah30|1eb63651 registered.
19:52:12.572 [Test worker] INFO  c.m.v.c.i.AbstractPoolBackedDataSource - Initializing c3p0 pool... com.mchange.v2.c3p0.PoolBackedDataSource@44101bfd [ connectionPoolDataSource -> com.mchange.v2.c3p0.WrapperConnectionPoolDataSource@af9657ca [ acquireIncrement -> 3, acquireRetryAttempts -> 30, acquireRetryDelay -> 1000, autoCommitOnClose -> false, automaticTestTable -> null, breakAfterAcquireFailure -> false, checkoutTimeout -> 0, connectionCustomizerClassName -> null, connectionTesterClassName -> com.mchange.v2.c3p0.impl.DefaultConnectionTester, contextClassLoaderSource -> caller, debugUnreturnedConnectionStackTraces -> false, factoryClassLocation -> null, forceIgnoreUnresolvedTransactions -> false, forceSynchronousCheckins -> false, identityToken -> 1hgeqrl9qbn6pz6yfah30|3536d6be, idleConnectionTestPeriod -> 0, initialPoolSize -> 3, maxAdministrativeTaskTime -> 0, maxConnectionAge -> 0, maxIdleTime -> 0, maxIdleTimeExcessConnections -> 0, maxPoolSize -> 15, maxStatements -> 0, maxStatementsPerConnection -> 0, minPoolSize -> 3, nestedDataSource -> com.mchange.v2.c3p0.DriverManagerDataSource@5e380f5 [ description -> null, driverClass -> null, factoryClassLocation -> null, forceUseNamedDriverClass -> false, identityToken -> 1hgeqrl9qbn6pz6yfah30|6fc96708, jdbcUrl -> jdbc:h2:mem:6a2156c28a6049bd86d9076b60188a8a, properties -> {} ], preferredTestQuery -> null, privilegeSpawnedThreads -> false, propertyCycle -> 0, statementCacheNumDeferredCloseThreads -> 0, testConnectionOnCheckin -> false, testConnectionOnCheckout -> false, unreturnedConnectionTimeout -> 0, usesTraditionalReflectiveProxies -> false; userOverrides: {} ], dataSourceName -> null, extensions -> {}, factoryClassLocation -> null, identityToken -> 1hgeqrl9qbn6pz6yfah30|1eb63651, numHelperThreads -> 3 ]
19:52:12.572 [Test worker] DEBUG c.m.v.resourcepool.BasicResourcePool - com.mchange.v2.resourcepool.BasicResourcePool@103ecb66 config: [start -> 3; min -> 3; max -> 15; inc -> 3; num_acq_attempts -> 30; acq_attempt_delay -> 1000; check_idle_resources_delay -> 0; max_resource_age -> 0; max_idle_time -> 0; excess_max_idle_time -> 0; destroy_unreturned_resc_time -> 0; expiration_enforcement_delay -> 0; break_on_acquisition_failure -> false; debug_store_checkout_exceptions -> false; force_synchronous_checkins -> false]
19:52:12.572 [Test worker] DEBUG c.m.v.c.i.C3P0PooledConnectionPoolManager - Created new pool for auth, username (masked): 'null'.
19:52:12.572 [Test worker] DEBUG c.m.v.resourcepool.BasicResourcePool - acquire test -- pool size: 0; target_pool_size: 3; desired target? 1
19:52:12.572 [Test worker] DEBUG c.m.v.resourcepool.BasicResourcePool - awaitAvailable(): [unknown]
19:52:12.581 [Test worker] DEBUG c.m.v.c.m.ActiveManagementCoordinator - MBean: com.mchange.v2.c3p0:type=PooledDataSource,identityToken=1hgeqrl9qbn6pz6yfah30|1eb63651,name=1hgeqrl9qbn6pz6yfah30|1eb63651 unregistered.
19:52:12.581 [Test worker] DEBUG c.m.v.c.m.ActiveManagementCoordinator - C3P0Registry mbean unregistered.
19:52:12.581 [Resource Destroyer in BasicResourcePool.close()] DEBUG c.m.v.resourcepool.BasicResourcePool - Preparing to destroy resource: com.mchange.v2.c3p0.impl.NewPooledConnection@10c62132
19:52:12.581 [Resource Destroyer in BasicResourcePool.close()] DEBUG c.m.v.c.i.C3P0PooledConnectionPool - Preparing to destroy PooledConnection: com.mchange.v2.c3p0.impl.NewPooledConnection@10c62132
19:52:12.581 [Resource Destroyer in BasicResourcePool.close()] DEBUG c.m.v.c.i.C3P0PooledConnectionPool - Successfully destroyed PooledConnection: com.mchange.v2.c3p0.impl.NewPooledConnection@10c62132
19:52:12.581 [Resource Destroyer in BasicResourcePool.close()] DEBUG c.m.v.resourcepool.BasicResourcePool - Successfully destroyed resource: com.mchange.v2.c3p0.impl.NewPooledConnection@10c62132
19:52:12.581 [Resource Destroyer in BasicResourcePool.close()] DEBUG c.m.v.resourcepool.BasicResourcePool - Preparing to destroy resource: com.mchange.v2.c3p0.impl.NewPooledConnection@4bd2feef
19:52:12.581 [Resource Destroyer in BasicResourcePool.close()] DEBUG c.m.v.c.i.C3P0PooledConnectionPool - Preparing to destroy PooledConnection: com.mchange.v2.c3p0.impl.NewPooledConnection@4bd2feef
19:52:12.581 [Resource Destroyer in BasicResourcePool.close()] DEBUG c.m.v.c.i.C3P0PooledConnectionPool - Successfully destroyed PooledConnection: com.mchange.v2.c3p0.impl.NewPooledConnection@4bd2feef
19:52:12.581 [Resource Destroyer in BasicResourcePool.close()] DEBUG c.m.v.resourcepool.BasicResourcePool - Successfully destroyed resource: com.mchange.v2.c3p0.impl.NewPooledConnection@4bd2feef
19:52:12.581 [Resource Destroyer in BasicResourcePool.close()] DEBUG c.m.v.resourcepool.BasicResourcePool - Preparing to destroy resource: com.mchange.v2.c3p0.impl.NewPooledConnection@5dd3262
19:52:12.581 [Resource Destroyer in BasicResourcePool.close()] DEBUG c.m.v.c.i.C3P0PooledConnectionPool - Preparing to destroy PooledConnection: com.mchange.v2.c3p0.impl.NewPooledConnection@5dd3262
19:52:12.582 [Resource Destroyer in BasicResourcePool.close()] DEBUG c.m.v.c.i.C3P0PooledConnectionPool - Successfully destroyed PooledConnection: com.mchange.v2.c3p0.impl.NewPooledConnection@5dd3262
19:52:12.582 [Resource Destroyer in BasicResourcePool.close()] DEBUG c.m.v.resourcepool.BasicResourcePool - Successfully destroyed resource: com.mchange.v2.c3p0.impl.NewPooledConnection@5dd3262


================================================================================
 TEST SUCCEEDED                                                                 
--------------------------------------------------------------------------------
    Test class:  DBDumpTest
    Test method: canExportInPlainTextFormat[Using jdbc]
    End time:    2017/08/28 19:52:12 (Duration: 43ms)
================================================================================



19:52:12.582 [Test worker] INFO  o.c.common.test.ChronosUnitTest - Attempting to delete temp directory provided at: C:\Users\Martin\AppData\Local\Temp\ChronoDBTest5529815287975316420
19:52:12.583 [Test worker] INFO  o.c.common.test.ChronosUnitTest - Successfully deleted temp directory
]]></system-out>
  <system-err><![CDATA[]]></system-err>
</testsuite>
