<?xml version="1.0" encoding="UTF-8"?>
<testsuite name="org.chronos.chronodb.test.engine.safetyfeatures.BlindOverwriteProtectionTest" tests="5" skipped="0" failures="0" errors="0" timestamp="2017-08-28T17:53:14" hostname="Aurora" time="0.884">
  <properties/>
  <testcase name="blindOverwriteProtectionWorks[Using jdbc]" classname="org.chronos.chronodb.test.engine.safetyfeatures.BlindOverwriteProtectionTest" time="0.029"/>
  <testcase name="blindOverwriteProtectionWorks[Using inmemory]" classname="org.chronos.chronodb.test.engine.safetyfeatures.BlindOverwriteProtectionTest" time="0.004"/>
  <testcase name="blindOverwriteProtectionWorks[Using chunked]" classname="org.chronos.chronodb.test.engine.safetyfeatures.BlindOverwriteProtectionTest" time="0.335"/>
  <testcase name="blindOverwriteProtectionWorks[Using tupl]" classname="org.chronos.chronodb.test.engine.safetyfeatures.BlindOverwriteProtectionTest" time="0.147"/>
  <testcase name="blindOverwriteProtectionWorks[Using mapdb]" classname="org.chronos.chronodb.test.engine.safetyfeatures.BlindOverwriteProtectionTest" time="0.369"/>
  <system-out><![CDATA[19:53:14.633 [Test worker] INFO  o.c.common.test.ChronosUnitTest - Temp directory is provided at: C:\Users\Martin\AppData\Local\Temp\ChronoDBTest5529815287975316420


================================================================================
 TEST START                                                                     
--------------------------------------------------------------------------------
    Test class:  BlindOverwriteProtectionTest
    Test method: blindOverwriteProtectionWorks[Using jdbc]
    Start time:  2017/08/28 19:53:14
================================================================================



19:53:14.633 [Test worker] DEBUG c.m.v.c.m.DynamicPooledDataSourceManagerMBean - MBean: com.mchange.v2.c3p0:type=PooledDataSource,identityToken=1hgeqrl9qbn6pz6yfah30|496ba122,name=1hgeqrl9qbn6pz6yfah30|496ba122 registered.
19:53:14.648 [Test worker] DEBUG c.m.v.c.m.DynamicPooledDataSourceManagerMBean - MBean: com.mchange.v2.c3p0:type=PooledDataSource,identityToken=1hgeqrl9qbn6pz6yfah30|496ba122,name=1hgeqrl9qbn6pz6yfah30|496ba122 unregistered, in order to be reregistered after update.
19:53:14.648 [Test worker] DEBUG c.m.v.c.m.DynamicPooledDataSourceManagerMBean - MBean: com.mchange.v2.c3p0:type=PooledDataSource,identityToken=1hgeqrl9qbn6pz6yfah30|496ba122,name=1hgeqrl9qbn6pz6yfah30|496ba122 registered.
19:53:14.648 [Test worker] INFO  c.m.v.c.i.AbstractPoolBackedDataSource - Initializing c3p0 pool... com.mchange.v2.c3p0.PoolBackedDataSource@6c931fc3 [ connectionPoolDataSource -> com.mchange.v2.c3p0.WrapperConnectionPoolDataSource@1f51e841 [ acquireIncrement -> 3, acquireRetryAttempts -> 30, acquireRetryDelay -> 1000, autoCommitOnClose -> false, automaticTestTable -> null, breakAfterAcquireFailure -> false, checkoutTimeout -> 0, connectionCustomizerClassName -> null, connectionTesterClassName -> com.mchange.v2.c3p0.impl.DefaultConnectionTester, contextClassLoaderSource -> caller, debugUnreturnedConnectionStackTraces -> false, factoryClassLocation -> null, forceIgnoreUnresolvedTransactions -> false, forceSynchronousCheckins -> false, identityToken -> 1hgeqrl9qbn6pz6yfah30|28fbbace, idleConnectionTestPeriod -> 0, initialPoolSize -> 3, maxAdministrativeTaskTime -> 0, maxConnectionAge -> 0, maxIdleTime -> 0, maxIdleTimeExcessConnections -> 0, maxPoolSize -> 15, maxStatements -> 0, maxStatementsPerConnection -> 0, minPoolSize -> 3, nestedDataSource -> com.mchange.v2.c3p0.DriverManagerDataSource@5affd70c [ description -> null, driverClass -> null, factoryClassLocation -> null, forceUseNamedDriverClass -> false, identityToken -> 1hgeqrl9qbn6pz6yfah30|56b1da6a, jdbcUrl -> jdbc:h2:mem:1547a29f14fe40fb99f3db60eb886e77, properties -> {} ], preferredTestQuery -> null, privilegeSpawnedThreads -> false, propertyCycle -> 0, statementCacheNumDeferredCloseThreads -> 0, testConnectionOnCheckin -> false, testConnectionOnCheckout -> false, unreturnedConnectionTimeout -> 0, usesTraditionalReflectiveProxies -> false; userOverrides: {} ], dataSourceName -> null, extensions -> {}, factoryClassLocation -> null, identityToken -> 1hgeqrl9qbn6pz6yfah30|496ba122, numHelperThreads -> 3 ]
19:53:14.648 [Test worker] DEBUG c.m.v.resourcepool.BasicResourcePool - com.mchange.v2.resourcepool.BasicResourcePool@35ab6779 config: [start -> 3; min -> 3; max -> 15; inc -> 3; num_acq_attempts -> 30; acq_attempt_delay -> 1000; check_idle_resources_delay -> 0; max_resource_age -> 0; max_idle_time -> 0; excess_max_idle_time -> 0; destroy_unreturned_resc_time -> 0; expiration_enforcement_delay -> 0; break_on_acquisition_failure -> false; debug_store_checkout_exceptions -> false; force_synchronous_checkins -> false]
19:53:14.648 [Test worker] DEBUG c.m.v.c.i.C3P0PooledConnectionPoolManager - Created new pool for auth, username (masked): 'null'.
19:53:14.648 [Test worker] DEBUG c.m.v.resourcepool.BasicResourcePool - acquire test -- pool size: 0; target_pool_size: 3; desired target? 1
19:53:14.648 [Test worker] DEBUG c.m.v.resourcepool.BasicResourcePool - awaitAvailable(): [unknown]
19:53:14.661 [Test worker] DEBUG c.m.v.c.m.ActiveManagementCoordinator - MBean: com.mchange.v2.c3p0:type=PooledDataSource,identityToken=1hgeqrl9qbn6pz6yfah30|496ba122,name=1hgeqrl9qbn6pz6yfah30|496ba122 unregistered.
19:53:14.661 [Test worker] DEBUG c.m.v.c.m.ActiveManagementCoordinator - C3P0Registry mbean unregistered.
19:53:14.662 [Resource Destroyer in BasicResourcePool.close()] DEBUG c.m.v.resourcepool.BasicResourcePool - Preparing to destroy resource: com.mchange.v2.c3p0.impl.NewPooledConnection@117d4dde
19:53:14.662 [Resource Destroyer in BasicResourcePool.close()] DEBUG c.m.v.c.i.C3P0PooledConnectionPool - Preparing to destroy PooledConnection: com.mchange.v2.c3p0.impl.NewPooledConnection@117d4dde
19:53:14.662 [Resource Destroyer in BasicResourcePool.close()] DEBUG c.m.v.c.i.C3P0PooledConnectionPool - Successfully destroyed PooledConnection: com.mchange.v2.c3p0.impl.NewPooledConnection@117d4dde
19:53:14.662 [Resource Destroyer in BasicResourcePool.close()] DEBUG c.m.v.resourcepool.BasicResourcePool - Successfully destroyed resource: com.mchange.v2.c3p0.impl.NewPooledConnection@117d4dde
19:53:14.662 [Resource Destroyer in BasicResourcePool.close()] DEBUG c.m.v.resourcepool.BasicResourcePool - Preparing to destroy resource: com.mchange.v2.c3p0.impl.NewPooledConnection@60028751
19:53:14.662 [Resource Destroyer in BasicResourcePool.close()] DEBUG c.m.v.c.i.C3P0PooledConnectionPool - Preparing to destroy PooledConnection: com.mchange.v2.c3p0.impl.NewPooledConnection@60028751
19:53:14.662 [Resource Destroyer in BasicResourcePool.close()] DEBUG c.m.v.c.i.C3P0PooledConnectionPool - Successfully destroyed PooledConnection: com.mchange.v2.c3p0.impl.NewPooledConnection@60028751
19:53:14.662 [Resource Destroyer in BasicResourcePool.close()] DEBUG c.m.v.resourcepool.BasicResourcePool - Successfully destroyed resource: com.mchange.v2.c3p0.impl.NewPooledConnection@60028751
19:53:14.662 [Resource Destroyer in BasicResourcePool.close()] DEBUG c.m.v.resourcepool.BasicResourcePool - Preparing to destroy resource: com.mchange.v2.c3p0.impl.NewPooledConnection@8b8dce3
19:53:14.662 [Resource Destroyer in BasicResourcePool.close()] DEBUG c.m.v.c.i.C3P0PooledConnectionPool - Preparing to destroy PooledConnection: com.mchange.v2.c3p0.impl.NewPooledConnection@8b8dce3
19:53:14.662 [Resource Destroyer in BasicResourcePool.close()] DEBUG c.m.v.c.i.C3P0PooledConnectionPool - Successfully destroyed PooledConnection: com.mchange.v2.c3p0.impl.NewPooledConnection@8b8dce3
19:53:14.662 [Resource Destroyer in BasicResourcePool.close()] DEBUG c.m.v.resourcepool.BasicResourcePool - Successfully destroyed resource: com.mchange.v2.c3p0.impl.NewPooledConnection@8b8dce3


================================================================================
 TEST SUCCEEDED                                                                 
--------------------------------------------------------------------------------
    Test class:  BlindOverwriteProtectionTest
    Test method: blindOverwriteProtectionWorks[Using jdbc]
    End time:    2017/08/28 19:53:14 (Duration: 29ms)
================================================================================





================================================================================
 TEST START                                                                     
--------------------------------------------------------------------------------
    Test class:  BlindOverwriteProtectionTest
    Test method: blindOverwriteProtectionWorks[Using inmemory]
    Start time:  2017/08/28 19:53:14
================================================================================





================================================================================
 TEST SUCCEEDED                                                                 
--------------------------------------------------------------------------------
    Test class:  BlindOverwriteProtectionTest
    Test method: blindOverwriteProtectionWorks[Using inmemory]
    End time:    2017/08/28 19:53:14 (Duration: 4ms)
================================================================================





================================================================================
 TEST START                                                                     
--------------------------------------------------------------------------------
    Test class:  BlindOverwriteProtectionTest
    Test method: blindOverwriteProtectionWorks[Using chunked]
    Start time:  2017/08/28 19:53:14
================================================================================





================================================================================
 TEST SUCCEEDED                                                                 
--------------------------------------------------------------------------------
    Test class:  BlindOverwriteProtectionTest
    Test method: blindOverwriteProtectionWorks[Using chunked]
    End time:    2017/08/28 19:53:15 (Duration: 335ms)
================================================================================





================================================================================
 TEST START                                                                     
--------------------------------------------------------------------------------
    Test class:  BlindOverwriteProtectionTest
    Test method: blindOverwriteProtectionWorks[Using tupl]
    Start time:  2017/08/28 19:53:15
================================================================================





================================================================================
 TEST SUCCEEDED                                                                 
--------------------------------------------------------------------------------
    Test class:  BlindOverwriteProtectionTest
    Test method: blindOverwriteProtectionWorks[Using tupl]
    End time:    2017/08/28 19:53:15 (Duration: 147ms)
================================================================================





================================================================================
 TEST START                                                                     
--------------------------------------------------------------------------------
    Test class:  BlindOverwriteProtectionTest
    Test method: blindOverwriteProtectionWorks[Using mapdb]
    Start time:  2017/08/28 19:53:15
================================================================================





================================================================================
 TEST SUCCEEDED                                                                 
--------------------------------------------------------------------------------
    Test class:  BlindOverwriteProtectionTest
    Test method: blindOverwriteProtectionWorks[Using mapdb]
    End time:    2017/08/28 19:53:15 (Duration: 369ms)
================================================================================



19:53:15.517 [Test worker] INFO  o.c.common.test.ChronosUnitTest - Attempting to delete temp directory provided at: C:\Users\Martin\AppData\Local\Temp\ChronoDBTest5529815287975316420
19:53:15.517 [Test worker] INFO  o.c.common.test.ChronosUnitTest - Successfully deleted temp directory
]]></system-out>
  <system-err><![CDATA[]]></system-err>
</testsuite>
