<?xml version="1.0" encoding="UTF-8"?>
<testsuite name="org.chronos.chronodb.test.jdbc.JdbcUtilsTest" tests="1" skipped="0" failures="0" errors="0" timestamp="2017-08-28T17:54:29" hostname="Aurora" time="0.0">
  <properties/>
  <testcase name="testCreateTableRendering" classname="org.chronos.chronodb.test.jdbc.JdbcUtilsTest" time="0.0"/>
  <system-out><![CDATA[]]></system-out>
  <system-err><![CDATA[]]></system-err>
</testsuite>
