<?xml version="1.0" encoding="UTF-8"?>
<testsuite name="org.chronos.chronodb.test.engine.transaction.BasicTransactionTest" tests="35" skipped="0" failures="0" errors="0" timestamp="2017-08-28T17:53:47" hostname="Aurora" time="6.165">
  <properties/>
  <testcase name="basicCommitAndGetWorks[Using inmemory]" classname="org.chronos.chronodb.test.engine.transaction.BasicTransactionTest" time="0.0"/>
  <testcase name="cantOpenTransactionIntoTheFuture[Using inmemory]" classname="org.chronos.chronodb.test.engine.transaction.BasicTransactionTest" time="0.0"/>
  <testcase name="removedKeysNoLongerExist[Using inmemory]" classname="org.chronos.chronodb.test.engine.transaction.BasicTransactionTest" time="0.011"/>
  <testcase name="canRemoveAndPutInSameTransaction[Using inmemory]" classname="org.chronos.chronodb.test.engine.transaction.BasicTransactionTest" time="0.003"/>
  <testcase name="canRemoveKeys[Using inmemory]" classname="org.chronos.chronodb.test.engine.transaction.BasicTransactionTest" time="0.002"/>
  <testcase name="transactionsAreIsolated[Using inmemory]" classname="org.chronos.chronodb.test.engine.transaction.BasicTransactionTest" time="0.004"/>
  <testcase name="removalOfKeysAffectsKeySet[Using inmemory]" classname="org.chronos.chronodb.test.engine.transaction.BasicTransactionTest" time="0.002"/>
  <testcase name="basicCommitAndGetWorks[Using mapdb]" classname="org.chronos.chronodb.test.engine.transaction.BasicTransactionTest" time="0.347"/>
  <testcase name="cantOpenTransactionIntoTheFuture[Using mapdb]" classname="org.chronos.chronodb.test.engine.transaction.BasicTransactionTest" time="0.355"/>
  <testcase name="removedKeysNoLongerExist[Using mapdb]" classname="org.chronos.chronodb.test.engine.transaction.BasicTransactionTest" time="0.416"/>
  <testcase name="canRemoveAndPutInSameTransaction[Using mapdb]" classname="org.chronos.chronodb.test.engine.transaction.BasicTransactionTest" time="0.346"/>
  <testcase name="canRemoveKeys[Using mapdb]" classname="org.chronos.chronodb.test.engine.transaction.BasicTransactionTest" time="0.316"/>
  <testcase name="transactionsAreIsolated[Using mapdb]" classname="org.chronos.chronodb.test.engine.transaction.BasicTransactionTest" time="0.4"/>
  <testcase name="removalOfKeysAffectsKeySet[Using mapdb]" classname="org.chronos.chronodb.test.engine.transaction.BasicTransactionTest" time="0.453"/>
  <testcase name="basicCommitAndGetWorks[Using chunked]" classname="org.chronos.chronodb.test.engine.transaction.BasicTransactionTest" time="0.369"/>
  <testcase name="cantOpenTransactionIntoTheFuture[Using chunked]" classname="org.chronos.chronodb.test.engine.transaction.BasicTransactionTest" time="0.347"/>
  <testcase name="removedKeysNoLongerExist[Using chunked]" classname="org.chronos.chronodb.test.engine.transaction.BasicTransactionTest" time="0.373"/>
  <testcase name="canRemoveAndPutInSameTransaction[Using chunked]" classname="org.chronos.chronodb.test.engine.transaction.BasicTransactionTest" time="0.402"/>
  <testcase name="canRemoveKeys[Using chunked]" classname="org.chronos.chronodb.test.engine.transaction.BasicTransactionTest" time="0.279"/>
  <testcase name="transactionsAreIsolated[Using chunked]" classname="org.chronos.chronodb.test.engine.transaction.BasicTransactionTest" time="0.2"/>
  <testcase name="removalOfKeysAffectsKeySet[Using chunked]" classname="org.chronos.chronodb.test.engine.transaction.BasicTransactionTest" time="0.186"/>
  <testcase name="basicCommitAndGetWorks[Using jdbc]" classname="org.chronos.chronodb.test.engine.transaction.BasicTransactionTest" time="0.015"/>
  <testcase name="cantOpenTransactionIntoTheFuture[Using jdbc]" classname="org.chronos.chronodb.test.engine.transaction.BasicTransactionTest" time="0.021"/>
  <testcase name="removedKeysNoLongerExist[Using jdbc]" classname="org.chronos.chronodb.test.engine.transaction.BasicTransactionTest" time="0.021"/>
  <testcase name="canRemoveAndPutInSameTransaction[Using jdbc]" classname="org.chronos.chronodb.test.engine.transaction.BasicTransactionTest" time="0.02"/>
  <testcase name="canRemoveKeys[Using jdbc]" classname="org.chronos.chronodb.test.engine.transaction.BasicTransactionTest" time="0.02"/>
  <testcase name="transactionsAreIsolated[Using jdbc]" classname="org.chronos.chronodb.test.engine.transaction.BasicTransactionTest" time="0.025"/>
  <testcase name="removalOfKeysAffectsKeySet[Using jdbc]" classname="org.chronos.chronodb.test.engine.transaction.BasicTransactionTest" time="0.019"/>
  <testcase name="basicCommitAndGetWorks[Using tupl]" classname="org.chronos.chronodb.test.engine.transaction.BasicTransactionTest" time="0.142"/>
  <testcase name="cantOpenTransactionIntoTheFuture[Using tupl]" classname="org.chronos.chronodb.test.engine.transaction.BasicTransactionTest" time="0.154"/>
  <testcase name="removedKeysNoLongerExist[Using tupl]" classname="org.chronos.chronodb.test.engine.transaction.BasicTransactionTest" time="0.163"/>
  <testcase name="canRemoveAndPutInSameTransaction[Using tupl]" classname="org.chronos.chronodb.test.engine.transaction.BasicTransactionTest" time="0.201"/>
  <testcase name="canRemoveKeys[Using tupl]" classname="org.chronos.chronodb.test.engine.transaction.BasicTransactionTest" time="0.168"/>
  <testcase name="transactionsAreIsolated[Using tupl]" classname="org.chronos.chronodb.test.engine.transaction.BasicTransactionTest" time="0.2"/>
  <testcase name="removalOfKeysAffectsKeySet[Using tupl]" classname="org.chronos.chronodb.test.engine.transaction.BasicTransactionTest" time="0.185"/>
  <system-out><![CDATA[19:53:47.823 [Test worker] INFO  o.c.common.test.ChronosUnitTest - Temp directory is provided at: C:\Users\Martin\AppData\Local\Temp\ChronoDBTest5529815287975316420


================================================================================
 TEST START                                                                     
--------------------------------------------------------------------------------
    Test class:  BasicTransactionTest
    Test method: basicCommitAndGetWorks[Using inmemory]
    Start time:  2017/08/28 19:53:47
================================================================================





================================================================================
 TEST SUCCEEDED                                                                 
--------------------------------------------------------------------------------
    Test class:  BasicTransactionTest
    Test method: basicCommitAndGetWorks[Using inmemory]
    End time:    2017/08/28 19:53:47 (Duration: 0ms)
================================================================================





================================================================================
 TEST START                                                                     
--------------------------------------------------------------------------------
    Test class:  BasicTransactionTest
    Test method: cantOpenTransactionIntoTheFuture[Using inmemory]
    Start time:  2017/08/28 19:53:47
================================================================================





================================================================================
 TEST SUCCEEDED                                                                 
--------------------------------------------------------------------------------
    Test class:  BasicTransactionTest
    Test method: cantOpenTransactionIntoTheFuture[Using inmemory]
    End time:    2017/08/28 19:53:47 (Duration: 0ms)
================================================================================





================================================================================
 TEST START                                                                     
--------------------------------------------------------------------------------
    Test class:  BasicTransactionTest
    Test method: removedKeysNoLongerExist[Using inmemory]
    Start time:  2017/08/28 19:53:47
================================================================================





================================================================================
 TEST SUCCEEDED                                                                 
--------------------------------------------------------------------------------
    Test class:  BasicTransactionTest
    Test method: removedKeysNoLongerExist[Using inmemory]
    End time:    2017/08/28 19:53:47 (Duration: 11ms)
================================================================================





================================================================================
 TEST START                                                                     
--------------------------------------------------------------------------------
    Test class:  BasicTransactionTest
    Test method: canRemoveAndPutInSameTransaction[Using inmemory]
    Start time:  2017/08/28 19:53:47
================================================================================





================================================================================
 TEST SUCCEEDED                                                                 
--------------------------------------------------------------------------------
    Test class:  BasicTransactionTest
    Test method: canRemoveAndPutInSameTransaction[Using inmemory]
    End time:    2017/08/28 19:53:47 (Duration: 3ms)
================================================================================





================================================================================
 TEST START                                                                     
--------------------------------------------------------------------------------
    Test class:  BasicTransactionTest
    Test method: canRemoveKeys[Using inmemory]
    Start time:  2017/08/28 19:53:47
================================================================================





================================================================================
 TEST SUCCEEDED                                                                 
--------------------------------------------------------------------------------
    Test class:  BasicTransactionTest
    Test method: canRemoveKeys[Using inmemory]
    End time:    2017/08/28 19:53:47 (Duration: 2ms)
================================================================================





================================================================================
 TEST START                                                                     
--------------------------------------------------------------------------------
    Test class:  BasicTransactionTest
    Test method: transactionsAreIsolated[Using inmemory]
    Start time:  2017/08/28 19:53:47
================================================================================





================================================================================
 TEST SUCCEEDED                                                                 
--------------------------------------------------------------------------------
    Test class:  BasicTransactionTest
    Test method: transactionsAreIsolated[Using inmemory]
    End time:    2017/08/28 19:53:47 (Duration: 4ms)
================================================================================





================================================================================
 TEST START                                                                     
--------------------------------------------------------------------------------
    Test class:  BasicTransactionTest
    Test method: removalOfKeysAffectsKeySet[Using inmemory]
    Start time:  2017/08/28 19:53:47
================================================================================





================================================================================
 TEST SUCCEEDED                                                                 
--------------------------------------------------------------------------------
    Test class:  BasicTransactionTest
    Test method: removalOfKeysAffectsKeySet[Using inmemory]
    End time:    2017/08/28 19:53:47 (Duration: 2ms)
================================================================================





================================================================================
 TEST START                                                                     
--------------------------------------------------------------------------------
    Test class:  BasicTransactionTest
    Test method: basicCommitAndGetWorks[Using mapdb]
    Start time:  2017/08/28 19:53:47
================================================================================





================================================================================
 TEST SUCCEEDED                                                                 
--------------------------------------------------------------------------------
    Test class:  BasicTransactionTest
    Test method: basicCommitAndGetWorks[Using mapdb]
    End time:    2017/08/28 19:53:48 (Duration: 347ms)
================================================================================





================================================================================
 TEST START                                                                     
--------------------------------------------------------------------------------
    Test class:  BasicTransactionTest
    Test method: cantOpenTransactionIntoTheFuture[Using mapdb]
    Start time:  2017/08/28 19:53:48
================================================================================





================================================================================
 TEST SUCCEEDED                                                                 
--------------------------------------------------------------------------------
    Test class:  BasicTransactionTest
    Test method: cantOpenTransactionIntoTheFuture[Using mapdb]
    End time:    2017/08/28 19:53:48 (Duration: 355ms)
================================================================================





================================================================================
 TEST START                                                                     
--------------------------------------------------------------------------------
    Test class:  BasicTransactionTest
    Test method: removedKeysNoLongerExist[Using mapdb]
    Start time:  2017/08/28 19:53:48
================================================================================





================================================================================
 TEST SUCCEEDED                                                                 
--------------------------------------------------------------------------------
    Test class:  BasicTransactionTest
    Test method: removedKeysNoLongerExist[Using mapdb]
    End time:    2017/08/28 19:53:48 (Duration: 416ms)
================================================================================





================================================================================
 TEST START                                                                     
--------------------------------------------------------------------------------
    Test class:  BasicTransactionTest
    Test method: canRemoveAndPutInSameTransaction[Using mapdb]
    Start time:  2017/08/28 19:53:48
================================================================================





================================================================================
 TEST SUCCEEDED                                                                 
--------------------------------------------------------------------------------
    Test class:  BasicTransactionTest
    Test method: canRemoveAndPutInSameTransaction[Using mapdb]
    End time:    2017/08/28 19:53:49 (Duration: 346ms)
================================================================================





================================================================================
 TEST START                                                                     
--------------------------------------------------------------------------------
    Test class:  BasicTransactionTest
    Test method: canRemoveKeys[Using mapdb]
    Start time:  2017/08/28 19:53:49
================================================================================





================================================================================
 TEST SUCCEEDED                                                                 
--------------------------------------------------------------------------------
    Test class:  BasicTransactionTest
    Test method: canRemoveKeys[Using mapdb]
    End time:    2017/08/28 19:53:49 (Duration: 316ms)
================================================================================





================================================================================
 TEST START                                                                     
--------------------------------------------------------------------------------
    Test class:  BasicTransactionTest
    Test method: transactionsAreIsolated[Using mapdb]
    Start time:  2017/08/28 19:53:49
================================================================================





================================================================================
 TEST SUCCEEDED                                                                 
--------------------------------------------------------------------------------
    Test class:  BasicTransactionTest
    Test method: transactionsAreIsolated[Using mapdb]
    End time:    2017/08/28 19:53:50 (Duration: 400ms)
================================================================================





================================================================================
 TEST START                                                                     
--------------------------------------------------------------------------------
    Test class:  BasicTransactionTest
    Test method: removalOfKeysAffectsKeySet[Using mapdb]
    Start time:  2017/08/28 19:53:50
================================================================================





================================================================================
 TEST SUCCEEDED                                                                 
--------------------------------------------------------------------------------
    Test class:  BasicTransactionTest
    Test method: removalOfKeysAffectsKeySet[Using mapdb]
    End time:    2017/08/28 19:53:50 (Duration: 453ms)
================================================================================





================================================================================
 TEST START                                                                     
--------------------------------------------------------------------------------
    Test class:  BasicTransactionTest
    Test method: basicCommitAndGetWorks[Using chunked]
    Start time:  2017/08/28 19:53:50
================================================================================





================================================================================
 TEST SUCCEEDED                                                                 
--------------------------------------------------------------------------------
    Test class:  BasicTransactionTest
    Test method: basicCommitAndGetWorks[Using chunked]
    End time:    2017/08/28 19:53:50 (Duration: 369ms)
================================================================================





================================================================================
 TEST START                                                                     
--------------------------------------------------------------------------------
    Test class:  BasicTransactionTest
    Test method: cantOpenTransactionIntoTheFuture[Using chunked]
    Start time:  2017/08/28 19:53:50
================================================================================





================================================================================
 TEST SUCCEEDED                                                                 
--------------------------------------------------------------------------------
    Test class:  BasicTransactionTest
    Test method: cantOpenTransactionIntoTheFuture[Using chunked]
    End time:    2017/08/28 19:53:51 (Duration: 347ms)
================================================================================





================================================================================
 TEST START                                                                     
--------------------------------------------------------------------------------
    Test class:  BasicTransactionTest
    Test method: removedKeysNoLongerExist[Using chunked]
    Start time:  2017/08/28 19:53:51
================================================================================





================================================================================
 TEST SUCCEEDED                                                                 
--------------------------------------------------------------------------------
    Test class:  BasicTransactionTest
    Test method: removedKeysNoLongerExist[Using chunked]
    End time:    2017/08/28 19:53:51 (Duration: 373ms)
================================================================================





================================================================================
 TEST START                                                                     
--------------------------------------------------------------------------------
    Test class:  BasicTransactionTest
    Test method: canRemoveAndPutInSameTransaction[Using chunked]
    Start time:  2017/08/28 19:53:51
================================================================================





================================================================================
 TEST SUCCEEDED                                                                 
--------------------------------------------------------------------------------
    Test class:  BasicTransactionTest
    Test method: canRemoveAndPutInSameTransaction[Using chunked]
    End time:    2017/08/28 19:53:51 (Duration: 402ms)
================================================================================





================================================================================
 TEST START                                                                     
--------------------------------------------------------------------------------
    Test class:  BasicTransactionTest
    Test method: canRemoveKeys[Using chunked]
    Start time:  2017/08/28 19:53:51
================================================================================





================================================================================
 TEST SUCCEEDED                                                                 
--------------------------------------------------------------------------------
    Test class:  BasicTransactionTest
    Test method: canRemoveKeys[Using chunked]
    End time:    2017/08/28 19:53:52 (Duration: 279ms)
================================================================================





================================================================================
 TEST START                                                                     
--------------------------------------------------------------------------------
    Test class:  BasicTransactionTest
    Test method: transactionsAreIsolated[Using chunked]
    Start time:  2017/08/28 19:53:52
================================================================================





================================================================================
 TEST SUCCEEDED                                                                 
--------------------------------------------------------------------------------
    Test class:  BasicTransactionTest
    Test method: transactionsAreIsolated[Using chunked]
    End time:    2017/08/28 19:53:52 (Duration: 200ms)
================================================================================





================================================================================
 TEST START                                                                     
--------------------------------------------------------------------------------
    Test class:  BasicTransactionTest
    Test method: removalOfKeysAffectsKeySet[Using chunked]
    Start time:  2017/08/28 19:53:52
================================================================================





================================================================================
 TEST SUCCEEDED                                                                 
--------------------------------------------------------------------------------
    Test class:  BasicTransactionTest
    Test method: removalOfKeysAffectsKeySet[Using chunked]
    End time:    2017/08/28 19:53:52 (Duration: 186ms)
================================================================================





================================================================================
 TEST START                                                                     
--------------------------------------------------------------------------------
    Test class:  BasicTransactionTest
    Test method: basicCommitAndGetWorks[Using jdbc]
    Start time:  2017/08/28 19:53:52
================================================================================



19:53:52.634 [Test worker] DEBUG c.m.v.c.m.DynamicPooledDataSourceManagerMBean - MBean: com.mchange.v2.c3p0:type=PooledDataSource,identityToken=1hgeqrl9qbn6pz6yfah30|606e0c55,name=1hgeqrl9qbn6pz6yfah30|606e0c55 registered.
19:53:52.634 [Test worker] DEBUG c.m.v.c.m.DynamicPooledDataSourceManagerMBean - MBean: com.mchange.v2.c3p0:type=PooledDataSource,identityToken=1hgeqrl9qbn6pz6yfah30|606e0c55,name=1hgeqrl9qbn6pz6yfah30|606e0c55 unregistered, in order to be reregistered after update.
19:53:52.634 [Test worker] DEBUG c.m.v.c.m.DynamicPooledDataSourceManagerMBean - MBean: com.mchange.v2.c3p0:type=PooledDataSource,identityToken=1hgeqrl9qbn6pz6yfah30|606e0c55,name=1hgeqrl9qbn6pz6yfah30|606e0c55 registered.
19:53:52.634 [Test worker] INFO  c.m.v.c.i.AbstractPoolBackedDataSource - Initializing c3p0 pool... com.mchange.v2.c3p0.PoolBackedDataSource@78d41ee8 [ connectionPoolDataSource -> com.mchange.v2.c3p0.WrapperConnectionPoolDataSource@40dc04c6 [ acquireIncrement -> 3, acquireRetryAttempts -> 30, acquireRetryDelay -> 1000, autoCommitOnClose -> false, automaticTestTable -> null, breakAfterAcquireFailure -> false, checkoutTimeout -> 0, connectionCustomizerClassName -> null, connectionTesterClassName -> com.mchange.v2.c3p0.impl.DefaultConnectionTester, contextClassLoaderSource -> caller, debugUnreturnedConnectionStackTraces -> false, factoryClassLocation -> null, forceIgnoreUnresolvedTransactions -> false, forceSynchronousCheckins -> false, identityToken -> 1hgeqrl9qbn6pz6yfah30|37647531, idleConnectionTestPeriod -> 0, initialPoolSize -> 3, maxAdministrativeTaskTime -> 0, maxConnectionAge -> 0, maxIdleTime -> 0, maxIdleTimeExcessConnections -> 0, maxPoolSize -> 15, maxStatements -> 0, maxStatementsPerConnection -> 0, minPoolSize -> 3, nestedDataSource -> com.mchange.v2.c3p0.DriverManagerDataSource@5bf3f03d [ description -> null, driverClass -> null, factoryClassLocation -> null, forceUseNamedDriverClass -> false, identityToken -> 1hgeqrl9qbn6pz6yfah30|35d812d4, jdbcUrl -> jdbc:h2:mem:7303c5c02421409ca005597160ada435, properties -> {} ], preferredTestQuery -> null, privilegeSpawnedThreads -> false, propertyCycle -> 0, statementCacheNumDeferredCloseThreads -> 0, testConnectionOnCheckin -> false, testConnectionOnCheckout -> false, unreturnedConnectionTimeout -> 0, usesTraditionalReflectiveProxies -> false; userOverrides: {} ], dataSourceName -> null, extensions -> {}, factoryClassLocation -> null, identityToken -> 1hgeqrl9qbn6pz6yfah30|606e0c55, numHelperThreads -> 3 ]
19:53:52.634 [Test worker] DEBUG c.m.v.resourcepool.BasicResourcePool - com.mchange.v2.resourcepool.BasicResourcePool@3e78d0a3 config: [start -> 3; min -> 3; max -> 15; inc -> 3; num_acq_attempts -> 30; acq_attempt_delay -> 1000; check_idle_resources_delay -> 0; max_resource_age -> 0; max_idle_time -> 0; excess_max_idle_time -> 0; destroy_unreturned_resc_time -> 0; expiration_enforcement_delay -> 0; break_on_acquisition_failure -> false; debug_store_checkout_exceptions -> false; force_synchronous_checkins -> false]
19:53:52.634 [Test worker] DEBUG c.m.v.c.i.C3P0PooledConnectionPoolManager - Created new pool for auth, username (masked): 'null'.
19:53:52.634 [Test worker] DEBUG c.m.v.resourcepool.BasicResourcePool - acquire test -- pool size: 0; target_pool_size: 3; desired target? 1
19:53:52.634 [Test worker] DEBUG c.m.v.resourcepool.BasicResourcePool - awaitAvailable(): [unknown]
19:53:52.649 [Test worker] DEBUG c.m.v.c.m.ActiveManagementCoordinator - MBean: com.mchange.v2.c3p0:type=PooledDataSource,identityToken=1hgeqrl9qbn6pz6yfah30|606e0c55,name=1hgeqrl9qbn6pz6yfah30|606e0c55 unregistered.
19:53:52.649 [Test worker] DEBUG c.m.v.c.m.ActiveManagementCoordinator - C3P0Registry mbean unregistered.
19:53:52.649 [Resource Destroyer in BasicResourcePool.close()] DEBUG c.m.v.resourcepool.BasicResourcePool - Preparing to destroy resource: com.mchange.v2.c3p0.impl.NewPooledConnection@660ab95a
19:53:52.649 [Resource Destroyer in BasicResourcePool.close()] DEBUG c.m.v.c.i.C3P0PooledConnectionPool - Preparing to destroy PooledConnection: com.mchange.v2.c3p0.impl.NewPooledConnection@660ab95a
19:53:52.649 [Resource Destroyer in BasicResourcePool.close()] DEBUG c.m.v.c.i.C3P0PooledConnectionPool - Successfully destroyed PooledConnection: com.mchange.v2.c3p0.impl.NewPooledConnection@660ab95a
19:53:52.649 [Resource Destroyer in BasicResourcePool.close()] DEBUG c.m.v.resourcepool.BasicResourcePool - Successfully destroyed resource: com.mchange.v2.c3p0.impl.NewPooledConnection@660ab95a
19:53:52.649 [Resource Destroyer in BasicResourcePool.close()] DEBUG c.m.v.resourcepool.BasicResourcePool - Preparing to destroy resource: com.mchange.v2.c3p0.impl.NewPooledConnection@79fdd885
19:53:52.649 [Resource Destroyer in BasicResourcePool.close()] DEBUG c.m.v.c.i.C3P0PooledConnectionPool - Preparing to destroy PooledConnection: com.mchange.v2.c3p0.impl.NewPooledConnection@79fdd885
19:53:52.649 [Resource Destroyer in BasicResourcePool.close()] DEBUG c.m.v.c.i.C3P0PooledConnectionPool - Successfully destroyed PooledConnection: com.mchange.v2.c3p0.impl.NewPooledConnection@79fdd885
19:53:52.649 [Resource Destroyer in BasicResourcePool.close()] DEBUG c.m.v.resourcepool.BasicResourcePool - Successfully destroyed resource: com.mchange.v2.c3p0.impl.NewPooledConnection@79fdd885
19:53:52.649 [Resource Destroyer in BasicResourcePool.close()] DEBUG c.m.v.resourcepool.BasicResourcePool - Preparing to destroy resource: com.mchange.v2.c3p0.impl.NewPooledConnection@3158ab79
19:53:52.649 [Resource Destroyer in BasicResourcePool.close()] DEBUG c.m.v.c.i.C3P0PooledConnectionPool - Preparing to destroy PooledConnection: com.mchange.v2.c3p0.impl.NewPooledConnection@3158ab79
19:53:52.649 [Resource Destroyer in BasicResourcePool.close()] DEBUG c.m.v.c.i.C3P0PooledConnectionPool - Successfully destroyed PooledConnection: com.mchange.v2.c3p0.impl.NewPooledConnection@3158ab79
19:53:52.649 [Resource Destroyer in BasicResourcePool.close()] DEBUG c.m.v.resourcepool.BasicResourcePool - Successfully destroyed resource: com.mchange.v2.c3p0.impl.NewPooledConnection@3158ab79


================================================================================
 TEST SUCCEEDED                                                                 
--------------------------------------------------------------------------------
    Test class:  BasicTransactionTest
    Test method: basicCommitAndGetWorks[Using jdbc]
    End time:    2017/08/28 19:53:52 (Duration: 15ms)
================================================================================





================================================================================
 TEST START                                                                     
--------------------------------------------------------------------------------
    Test class:  BasicTransactionTest
    Test method: cantOpenTransactionIntoTheFuture[Using jdbc]
    Start time:  2017/08/28 19:53:52
================================================================================



19:53:52.649 [Test worker] DEBUG c.m.v.c.m.DynamicPooledDataSourceManagerMBean - MBean: com.mchange.v2.c3p0:type=PooledDataSource,identityToken=1hgeqrl9qbn6pz6yfah30|c763020,name=1hgeqrl9qbn6pz6yfah30|c763020 registered.
19:53:52.666 [Test worker] DEBUG c.m.v.c.m.DynamicPooledDataSourceManagerMBean - MBean: com.mchange.v2.c3p0:type=PooledDataSource,identityToken=1hgeqrl9qbn6pz6yfah30|c763020,name=1hgeqrl9qbn6pz6yfah30|c763020 unregistered, in order to be reregistered after update.
19:53:52.666 [Test worker] DEBUG c.m.v.c.m.DynamicPooledDataSourceManagerMBean - MBean: com.mchange.v2.c3p0:type=PooledDataSource,identityToken=1hgeqrl9qbn6pz6yfah30|c763020,name=1hgeqrl9qbn6pz6yfah30|c763020 registered.
19:53:52.666 [Test worker] INFO  c.m.v.c.i.AbstractPoolBackedDataSource - Initializing c3p0 pool... com.mchange.v2.c3p0.PoolBackedDataSource@668eedd [ connectionPoolDataSource -> com.mchange.v2.c3p0.WrapperConnectionPoolDataSource@28335489 [ acquireIncrement -> 3, acquireRetryAttempts -> 30, acquireRetryDelay -> 1000, autoCommitOnClose -> false, automaticTestTable -> null, breakAfterAcquireFailure -> false, checkoutTimeout -> 0, connectionCustomizerClassName -> null, connectionTesterClassName -> com.mchange.v2.c3p0.impl.DefaultConnectionTester, contextClassLoaderSource -> caller, debugUnreturnedConnectionStackTraces -> false, factoryClassLocation -> null, forceIgnoreUnresolvedTransactions -> false, forceSynchronousCheckins -> false, identityToken -> 1hgeqrl9qbn6pz6yfah30|2e4c4261, idleConnectionTestPeriod -> 0, initialPoolSize -> 3, maxAdministrativeTaskTime -> 0, maxConnectionAge -> 0, maxIdleTime -> 0, maxIdleTimeExcessConnections -> 0, maxPoolSize -> 15, maxStatements -> 0, maxStatementsPerConnection -> 0, minPoolSize -> 3, nestedDataSource -> com.mchange.v2.c3p0.DriverManagerDataSource@9655f6df [ description -> null, driverClass -> null, factoryClassLocation -> null, forceUseNamedDriverClass -> false, identityToken -> 1hgeqrl9qbn6pz6yfah30|3a475b18, jdbcUrl -> jdbc:h2:mem:48449e011b8a433ea96708d64f38b6b4, properties -> {} ], preferredTestQuery -> null, privilegeSpawnedThreads -> false, propertyCycle -> 0, statementCacheNumDeferredCloseThreads -> 0, testConnectionOnCheckin -> false, testConnectionOnCheckout -> false, unreturnedConnectionTimeout -> 0, usesTraditionalReflectiveProxies -> false; userOverrides: {} ], dataSourceName -> null, extensions -> {}, factoryClassLocation -> null, identityToken -> 1hgeqrl9qbn6pz6yfah30|c763020, numHelperThreads -> 3 ]
19:53:52.666 [Test worker] DEBUG c.m.v.resourcepool.BasicResourcePool - com.mchange.v2.resourcepool.BasicResourcePool@52fa5af3 config: [start -> 3; min -> 3; max -> 15; inc -> 3; num_acq_attempts -> 30; acq_attempt_delay -> 1000; check_idle_resources_delay -> 0; max_resource_age -> 0; max_idle_time -> 0; excess_max_idle_time -> 0; destroy_unreturned_resc_time -> 0; expiration_enforcement_delay -> 0; break_on_acquisition_failure -> false; debug_store_checkout_exceptions -> false; force_synchronous_checkins -> false]
19:53:52.666 [Test worker] DEBUG c.m.v.c.i.C3P0PooledConnectionPoolManager - Created new pool for auth, username (masked): 'null'.
19:53:52.666 [Test worker] DEBUG c.m.v.resourcepool.BasicResourcePool - acquire test -- pool size: 0; target_pool_size: 3; desired target? 1
19:53:52.666 [Test worker] DEBUG c.m.v.resourcepool.BasicResourcePool - awaitAvailable(): [unknown]
19:53:52.670 [Test worker] DEBUG c.m.v.c.m.ActiveManagementCoordinator - MBean: com.mchange.v2.c3p0:type=PooledDataSource,identityToken=1hgeqrl9qbn6pz6yfah30|c763020,name=1hgeqrl9qbn6pz6yfah30|c763020 unregistered.
19:53:52.670 [Test worker] DEBUG c.m.v.c.m.ActiveManagementCoordinator - C3P0Registry mbean unregistered.
19:53:52.670 [Resource Destroyer in BasicResourcePool.close()] DEBUG c.m.v.resourcepool.BasicResourcePool - Preparing to destroy resource: com.mchange.v2.c3p0.impl.NewPooledConnection@6e3ed407
19:53:52.670 [Resource Destroyer in BasicResourcePool.close()] DEBUG c.m.v.c.i.C3P0PooledConnectionPool - Preparing to destroy PooledConnection: com.mchange.v2.c3p0.impl.NewPooledConnection@6e3ed407
19:53:52.670 [Resource Destroyer in BasicResourcePool.close()] DEBUG c.m.v.c.i.C3P0PooledConnectionPool - Successfully destroyed PooledConnection: com.mchange.v2.c3p0.impl.NewPooledConnection@6e3ed407
19:53:52.670 [Resource Destroyer in BasicResourcePool.close()] DEBUG c.m.v.resourcepool.BasicResourcePool - Successfully destroyed resource: com.mchange.v2.c3p0.impl.NewPooledConnection@6e3ed407
19:53:52.670 [Resource Destroyer in BasicResourcePool.close()] DEBUG c.m.v.resourcepool.BasicResourcePool - Preparing to destroy resource: com.mchange.v2.c3p0.impl.NewPooledConnection@5ac80d15
19:53:52.670 [Resource Destroyer in BasicResourcePool.close()] DEBUG c.m.v.c.i.C3P0PooledConnectionPool - Preparing to destroy PooledConnection: com.mchange.v2.c3p0.impl.NewPooledConnection@5ac80d15
19:53:52.670 [Resource Destroyer in BasicResourcePool.close()] DEBUG c.m.v.c.i.C3P0PooledConnectionPool - Successfully destroyed PooledConnection: com.mchange.v2.c3p0.impl.NewPooledConnection@5ac80d15
19:53:52.670 [Resource Destroyer in BasicResourcePool.close()] DEBUG c.m.v.resourcepool.BasicResourcePool - Successfully destroyed resource: com.mchange.v2.c3p0.impl.NewPooledConnection@5ac80d15
19:53:52.670 [Resource Destroyer in BasicResourcePool.close()] DEBUG c.m.v.resourcepool.BasicResourcePool - Preparing to destroy resource: com.mchange.v2.c3p0.impl.NewPooledConnection@47ccd472
19:53:52.670 [Resource Destroyer in BasicResourcePool.close()] DEBUG c.m.v.c.i.C3P0PooledConnectionPool - Preparing to destroy PooledConnection: com.mchange.v2.c3p0.impl.NewPooledConnection@47ccd472
19:53:52.670 [Resource Destroyer in BasicResourcePool.close()] DEBUG c.m.v.c.i.C3P0PooledConnectionPool - Successfully destroyed PooledConnection: com.mchange.v2.c3p0.impl.NewPooledConnection@47ccd472
19:53:52.670 [Resource Destroyer in BasicResourcePool.close()] DEBUG c.m.v.resourcepool.BasicResourcePool - Successfully destroyed resource: com.mchange.v2.c3p0.impl.NewPooledConnection@47ccd472


================================================================================
 TEST SUCCEEDED                                                                 
--------------------------------------------------------------------------------
    Test class:  BasicTransactionTest
    Test method: cantOpenTransactionIntoTheFuture[Using jdbc]
    End time:    2017/08/28 19:53:52 (Duration: 21ms)
================================================================================





================================================================================
 TEST START                                                                     
--------------------------------------------------------------------------------
    Test class:  BasicTransactionTest
    Test method: removedKeysNoLongerExist[Using jdbc]
    Start time:  2017/08/28 19:53:52
================================================================================



19:53:52.670 [Test worker] DEBUG c.m.v.c.m.DynamicPooledDataSourceManagerMBean - MBean: com.mchange.v2.c3p0:type=PooledDataSource,identityToken=1hgeqrl9qbn6pz6yfah30|4e052163,name=1hgeqrl9qbn6pz6yfah30|4e052163 registered.
19:53:52.670 [Test worker] DEBUG c.m.v.c.m.DynamicPooledDataSourceManagerMBean - MBean: com.mchange.v2.c3p0:type=PooledDataSource,identityToken=1hgeqrl9qbn6pz6yfah30|4e052163,name=1hgeqrl9qbn6pz6yfah30|4e052163 unregistered, in order to be reregistered after update.
19:53:52.670 [Test worker] DEBUG c.m.v.c.m.DynamicPooledDataSourceManagerMBean - MBean: com.mchange.v2.c3p0:type=PooledDataSource,identityToken=1hgeqrl9qbn6pz6yfah30|4e052163,name=1hgeqrl9qbn6pz6yfah30|4e052163 registered.
19:53:52.670 [Test worker] INFO  c.m.v.c.i.AbstractPoolBackedDataSource - Initializing c3p0 pool... com.mchange.v2.c3p0.PoolBackedDataSource@61cd82f2 [ connectionPoolDataSource -> com.mchange.v2.c3p0.WrapperConnectionPoolDataSource@39f2803e [ acquireIncrement -> 3, acquireRetryAttempts -> 30, acquireRetryDelay -> 1000, autoCommitOnClose -> false, automaticTestTable -> null, breakAfterAcquireFailure -> false, checkoutTimeout -> 0, connectionCustomizerClassName -> null, connectionTesterClassName -> com.mchange.v2.c3p0.impl.DefaultConnectionTester, contextClassLoaderSource -> caller, debugUnreturnedConnectionStackTraces -> false, factoryClassLocation -> null, forceIgnoreUnresolvedTransactions -> false, forceSynchronousCheckins -> false, identityToken -> 1hgeqrl9qbn6pz6yfah30|667a1382, idleConnectionTestPeriod -> 0, initialPoolSize -> 3, maxAdministrativeTaskTime -> 0, maxConnectionAge -> 0, maxIdleTime -> 0, maxIdleTimeExcessConnections -> 0, maxPoolSize -> 15, maxStatements -> 0, maxStatementsPerConnection -> 0, minPoolSize -> 3, nestedDataSource -> com.mchange.v2.c3p0.DriverManagerDataSource@e606da0c [ description -> null, driverClass -> null, factoryClassLocation -> null, forceUseNamedDriverClass -> false, identityToken -> 1hgeqrl9qbn6pz6yfah30|21666571, jdbcUrl -> jdbc:h2:mem:12292c06c5ba49eaa7f64c46f1e91e74, properties -> {} ], preferredTestQuery -> null, privilegeSpawnedThreads -> false, propertyCycle -> 0, statementCacheNumDeferredCloseThreads -> 0, testConnectionOnCheckin -> false, testConnectionOnCheckout -> false, unreturnedConnectionTimeout -> 0, usesTraditionalReflectiveProxies -> false; userOverrides: {} ], dataSourceName -> null, extensions -> {}, factoryClassLocation -> null, identityToken -> 1hgeqrl9qbn6pz6yfah30|4e052163, numHelperThreads -> 3 ]
19:53:52.670 [Test worker] DEBUG c.m.v.resourcepool.BasicResourcePool - com.mchange.v2.resourcepool.BasicResourcePool@5524705d config: [start -> 3; min -> 3; max -> 15; inc -> 3; num_acq_attempts -> 30; acq_attempt_delay -> 1000; check_idle_resources_delay -> 0; max_resource_age -> 0; max_idle_time -> 0; excess_max_idle_time -> 0; destroy_unreturned_resc_time -> 0; expiration_enforcement_delay -> 0; break_on_acquisition_failure -> false; debug_store_checkout_exceptions -> false; force_synchronous_checkins -> false]
19:53:52.670 [Test worker] DEBUG c.m.v.c.i.C3P0PooledConnectionPoolManager - Created new pool for auth, username (masked): 'null'.
19:53:52.670 [Test worker] DEBUG c.m.v.resourcepool.BasicResourcePool - acquire test -- pool size: 0; target_pool_size: 3; desired target? 1
19:53:52.670 [Test worker] DEBUG c.m.v.resourcepool.BasicResourcePool - awaitAvailable(): [unknown]
19:53:52.691 [Test worker] DEBUG c.m.v.c.m.ActiveManagementCoordinator - MBean: com.mchange.v2.c3p0:type=PooledDataSource,identityToken=1hgeqrl9qbn6pz6yfah30|4e052163,name=1hgeqrl9qbn6pz6yfah30|4e052163 unregistered.
19:53:52.691 [Test worker] DEBUG c.m.v.c.m.ActiveManagementCoordinator - C3P0Registry mbean unregistered.
19:53:52.691 [Resource Destroyer in BasicResourcePool.close()] DEBUG c.m.v.resourcepool.BasicResourcePool - Preparing to destroy resource: com.mchange.v2.c3p0.impl.NewPooledConnection@159f305
19:53:52.691 [Resource Destroyer in BasicResourcePool.close()] DEBUG c.m.v.c.i.C3P0PooledConnectionPool - Preparing to destroy PooledConnection: com.mchange.v2.c3p0.impl.NewPooledConnection@159f305
19:53:52.691 [Resource Destroyer in BasicResourcePool.close()] DEBUG c.m.v.c.i.C3P0PooledConnectionPool - Successfully destroyed PooledConnection: com.mchange.v2.c3p0.impl.NewPooledConnection@159f305
19:53:52.691 [Resource Destroyer in BasicResourcePool.close()] DEBUG c.m.v.resourcepool.BasicResourcePool - Successfully destroyed resource: com.mchange.v2.c3p0.impl.NewPooledConnection@159f305
19:53:52.691 [Resource Destroyer in BasicResourcePool.close()] DEBUG c.m.v.resourcepool.BasicResourcePool - Preparing to destroy resource: com.mchange.v2.c3p0.impl.NewPooledConnection@3b3c861a
19:53:52.691 [Resource Destroyer in BasicResourcePool.close()] DEBUG c.m.v.c.i.C3P0PooledConnectionPool - Preparing to destroy PooledConnection: com.mchange.v2.c3p0.impl.NewPooledConnection@3b3c861a
19:53:52.691 [Resource Destroyer in BasicResourcePool.close()] DEBUG c.m.v.c.i.C3P0PooledConnectionPool - Successfully destroyed PooledConnection: com.mchange.v2.c3p0.impl.NewPooledConnection@3b3c861a
19:53:52.691 [Resource Destroyer in BasicResourcePool.close()] DEBUG c.m.v.resourcepool.BasicResourcePool - Successfully destroyed resource: com.mchange.v2.c3p0.impl.NewPooledConnection@3b3c861a
19:53:52.691 [Resource Destroyer in BasicResourcePool.close()] DEBUG c.m.v.resourcepool.BasicResourcePool - Preparing to destroy resource: com.mchange.v2.c3p0.impl.NewPooledConnection@6c2c093b
19:53:52.691 [Resource Destroyer in BasicResourcePool.close()] DEBUG c.m.v.c.i.C3P0PooledConnectionPool - Preparing to destroy PooledConnection: com.mchange.v2.c3p0.impl.NewPooledConnection@6c2c093b
19:53:52.691 [Resource Destroyer in BasicResourcePool.close()] DEBUG c.m.v.c.i.C3P0PooledConnectionPool - Successfully destroyed PooledConnection: com.mchange.v2.c3p0.impl.NewPooledConnection@6c2c093b
19:53:52.691 [Resource Destroyer in BasicResourcePool.close()] DEBUG c.m.v.resourcepool.BasicResourcePool - Successfully destroyed resource: com.mchange.v2.c3p0.impl.NewPooledConnection@6c2c093b


================================================================================
 TEST SUCCEEDED                                                                 
--------------------------------------------------------------------------------
    Test class:  BasicTransactionTest
    Test method: removedKeysNoLongerExist[Using jdbc]
    End time:    2017/08/28 19:53:52 (Duration: 21ms)
================================================================================





================================================================================
 TEST START                                                                     
--------------------------------------------------------------------------------
    Test class:  BasicTransactionTest
    Test method: canRemoveAndPutInSameTransaction[Using jdbc]
    Start time:  2017/08/28 19:53:52
================================================================================



19:53:52.691 [Test worker] DEBUG c.m.v.c.m.DynamicPooledDataSourceManagerMBean - MBean: com.mchange.v2.c3p0:type=PooledDataSource,identityToken=1hgeqrl9qbn6pz6yfah30|47605a95,name=1hgeqrl9qbn6pz6yfah30|47605a95 registered.
19:53:52.691 [Test worker] DEBUG c.m.v.c.m.DynamicPooledDataSourceManagerMBean - MBean: com.mchange.v2.c3p0:type=PooledDataSource,identityToken=1hgeqrl9qbn6pz6yfah30|47605a95,name=1hgeqrl9qbn6pz6yfah30|47605a95 unregistered, in order to be reregistered after update.
19:53:52.691 [Test worker] DEBUG c.m.v.c.m.DynamicPooledDataSourceManagerMBean - MBean: com.mchange.v2.c3p0:type=PooledDataSource,identityToken=1hgeqrl9qbn6pz6yfah30|47605a95,name=1hgeqrl9qbn6pz6yfah30|47605a95 registered.
19:53:52.691 [Test worker] INFO  c.m.v.c.i.AbstractPoolBackedDataSource - Initializing c3p0 pool... com.mchange.v2.c3p0.PoolBackedDataSource@d93378bf [ connectionPoolDataSource -> com.mchange.v2.c3p0.WrapperConnectionPoolDataSource@b84d2021 [ acquireIncrement -> 3, acquireRetryAttempts -> 30, acquireRetryDelay -> 1000, autoCommitOnClose -> false, automaticTestTable -> null, breakAfterAcquireFailure -> false, checkoutTimeout -> 0, connectionCustomizerClassName -> null, connectionTesterClassName -> com.mchange.v2.c3p0.impl.DefaultConnectionTester, contextClassLoaderSource -> caller, debugUnreturnedConnectionStackTraces -> false, factoryClassLocation -> null, forceIgnoreUnresolvedTransactions -> false, forceSynchronousCheckins -> false, identityToken -> 1hgeqrl9qbn6pz6yfah30|6d7f0cb5, idleConnectionTestPeriod -> 0, initialPoolSize -> 3, maxAdministrativeTaskTime -> 0, maxConnectionAge -> 0, maxIdleTime -> 0, maxIdleTimeExcessConnections -> 0, maxPoolSize -> 15, maxStatements -> 0, maxStatementsPerConnection -> 0, minPoolSize -> 3, nestedDataSource -> com.mchange.v2.c3p0.DriverManagerDataSource@fb010e74 [ description -> null, driverClass -> null, factoryClassLocation -> null, forceUseNamedDriverClass -> false, identityToken -> 1hgeqrl9qbn6pz6yfah30|2f146197, jdbcUrl -> jdbc:h2:mem:f6d00d424704404a91d5ac6f44201f26, properties -> {} ], preferredTestQuery -> null, privilegeSpawnedThreads -> false, propertyCycle -> 0, statementCacheNumDeferredCloseThreads -> 0, testConnectionOnCheckin -> false, testConnectionOnCheckout -> false, unreturnedConnectionTimeout -> 0, usesTraditionalReflectiveProxies -> false; userOverrides: {} ], dataSourceName -> null, extensions -> {}, factoryClassLocation -> null, identityToken -> 1hgeqrl9qbn6pz6yfah30|47605a95, numHelperThreads -> 3 ]
19:53:52.691 [Test worker] DEBUG c.m.v.resourcepool.BasicResourcePool - com.mchange.v2.resourcepool.BasicResourcePool@70ea14af config: [start -> 3; min -> 3; max -> 15; inc -> 3; num_acq_attempts -> 30; acq_attempt_delay -> 1000; check_idle_resources_delay -> 0; max_resource_age -> 0; max_idle_time -> 0; excess_max_idle_time -> 0; destroy_unreturned_resc_time -> 0; expiration_enforcement_delay -> 0; break_on_acquisition_failure -> false; debug_store_checkout_exceptions -> false; force_synchronous_checkins -> false]
19:53:52.691 [Test worker] DEBUG c.m.v.c.i.C3P0PooledConnectionPoolManager - Created new pool for auth, username (masked): 'null'.
19:53:52.691 [Test worker] DEBUG c.m.v.resourcepool.BasicResourcePool - acquire test -- pool size: 0; target_pool_size: 3; desired target? 1
19:53:52.691 [Test worker] DEBUG c.m.v.resourcepool.BasicResourcePool - awaitAvailable(): [unknown]
19:53:52.711 [Test worker] DEBUG c.m.v.c.m.ActiveManagementCoordinator - MBean: com.mchange.v2.c3p0:type=PooledDataSource,identityToken=1hgeqrl9qbn6pz6yfah30|47605a95,name=1hgeqrl9qbn6pz6yfah30|47605a95 unregistered.
19:53:52.711 [Test worker] DEBUG c.m.v.c.m.ActiveManagementCoordinator - C3P0Registry mbean unregistered.
19:53:52.711 [Resource Destroyer in BasicResourcePool.close()] DEBUG c.m.v.resourcepool.BasicResourcePool - Preparing to destroy resource: com.mchange.v2.c3p0.impl.NewPooledConnection@6527f437
19:53:52.711 [Resource Destroyer in BasicResourcePool.close()] DEBUG c.m.v.c.i.C3P0PooledConnectionPool - Preparing to destroy PooledConnection: com.mchange.v2.c3p0.impl.NewPooledConnection@6527f437
19:53:52.711 [Resource Destroyer in BasicResourcePool.close()] DEBUG c.m.v.c.i.C3P0PooledConnectionPool - Successfully destroyed PooledConnection: com.mchange.v2.c3p0.impl.NewPooledConnection@6527f437
19:53:52.711 [Resource Destroyer in BasicResourcePool.close()] DEBUG c.m.v.resourcepool.BasicResourcePool - Successfully destroyed resource: com.mchange.v2.c3p0.impl.NewPooledConnection@6527f437
19:53:52.711 [Resource Destroyer in BasicResourcePool.close()] DEBUG c.m.v.resourcepool.BasicResourcePool - Preparing to destroy resource: com.mchange.v2.c3p0.impl.NewPooledConnection@3d130019
19:53:52.711 [Resource Destroyer in BasicResourcePool.close()] DEBUG c.m.v.c.i.C3P0PooledConnectionPool - Preparing to destroy PooledConnection: com.mchange.v2.c3p0.impl.NewPooledConnection@3d130019
19:53:52.711 [Resource Destroyer in BasicResourcePool.close()] DEBUG c.m.v.c.i.C3P0PooledConnectionPool - Successfully destroyed PooledConnection: com.mchange.v2.c3p0.impl.NewPooledConnection@3d130019
19:53:52.711 [Resource Destroyer in BasicResourcePool.close()] DEBUG c.m.v.resourcepool.BasicResourcePool - Successfully destroyed resource: com.mchange.v2.c3p0.impl.NewPooledConnection@3d130019
19:53:52.711 [Resource Destroyer in BasicResourcePool.close()] DEBUG c.m.v.resourcepool.BasicResourcePool - Preparing to destroy resource: com.mchange.v2.c3p0.impl.NewPooledConnection@1cde0062
19:53:52.711 [Resource Destroyer in BasicResourcePool.close()] DEBUG c.m.v.c.i.C3P0PooledConnectionPool - Preparing to destroy PooledConnection: com.mchange.v2.c3p0.impl.NewPooledConnection@1cde0062
19:53:52.711 [Resource Destroyer in BasicResourcePool.close()] DEBUG c.m.v.c.i.C3P0PooledConnectionPool - Successfully destroyed PooledConnection: com.mchange.v2.c3p0.impl.NewPooledConnection@1cde0062
19:53:52.711 [Resource Destroyer in BasicResourcePool.close()] DEBUG c.m.v.resourcepool.BasicResourcePool - Successfully destroyed resource: com.mchange.v2.c3p0.impl.NewPooledConnection@1cde0062


================================================================================
 TEST SUCCEEDED                                                                 
--------------------------------------------------------------------------------
    Test class:  BasicTransactionTest
    Test method: canRemoveAndPutInSameTransaction[Using jdbc]
    End time:    2017/08/28 19:53:52 (Duration: 20ms)
================================================================================





================================================================================
 TEST START                                                                     
--------------------------------------------------------------------------------
    Test class:  BasicTransactionTest
    Test method: canRemoveKeys[Using jdbc]
    Start time:  2017/08/28 19:53:52
================================================================================



19:53:52.711 [Test worker] DEBUG c.m.v.c.m.DynamicPooledDataSourceManagerMBean - MBean: com.mchange.v2.c3p0:type=PooledDataSource,identityToken=1hgeqrl9qbn6pz6yfah30|4c77905,name=1hgeqrl9qbn6pz6yfah30|4c77905 registered.
19:53:52.711 [Test worker] DEBUG c.m.v.c.m.DynamicPooledDataSourceManagerMBean - MBean: com.mchange.v2.c3p0:type=PooledDataSource,identityToken=1hgeqrl9qbn6pz6yfah30|4c77905,name=1hgeqrl9qbn6pz6yfah30|4c77905 unregistered, in order to be reregistered after update.
19:53:52.711 [Test worker] DEBUG c.m.v.c.m.DynamicPooledDataSourceManagerMBean - MBean: com.mchange.v2.c3p0:type=PooledDataSource,identityToken=1hgeqrl9qbn6pz6yfah30|4c77905,name=1hgeqrl9qbn6pz6yfah30|4c77905 registered.
19:53:52.711 [Test worker] INFO  c.m.v.c.i.AbstractPoolBackedDataSource - Initializing c3p0 pool... com.mchange.v2.c3p0.PoolBackedDataSource@718889eb [ connectionPoolDataSource -> com.mchange.v2.c3p0.WrapperConnectionPoolDataSource@bb418e47 [ acquireIncrement -> 3, acquireRetryAttempts -> 30, acquireRetryDelay -> 1000, autoCommitOnClose -> false, automaticTestTable -> null, breakAfterAcquireFailure -> false, checkoutTimeout -> 0, connectionCustomizerClassName -> null, connectionTesterClassName -> com.mchange.v2.c3p0.impl.DefaultConnectionTester, contextClassLoaderSource -> caller, debugUnreturnedConnectionStackTraces -> false, factoryClassLocation -> null, forceIgnoreUnresolvedTransactions -> false, forceSynchronousCheckins -> false, identityToken -> 1hgeqrl9qbn6pz6yfah30|4c8f0583, idleConnectionTestPeriod -> 0, initialPoolSize -> 3, maxAdministrativeTaskTime -> 0, maxConnectionAge -> 0, maxIdleTime -> 0, maxIdleTimeExcessConnections -> 0, maxPoolSize -> 15, maxStatements -> 0, maxStatementsPerConnection -> 0, minPoolSize -> 3, nestedDataSource -> com.mchange.v2.c3p0.DriverManagerDataSource@90087421 [ description -> null, driverClass -> null, factoryClassLocation -> null, forceUseNamedDriverClass -> false, identityToken -> 1hgeqrl9qbn6pz6yfah30|63c43e69, jdbcUrl -> jdbc:h2:mem:549bd70765334c12a228f1129c53b806, properties -> {} ], preferredTestQuery -> null, privilegeSpawnedThreads -> false, propertyCycle -> 0, statementCacheNumDeferredCloseThreads -> 0, testConnectionOnCheckin -> false, testConnectionOnCheckout -> false, unreturnedConnectionTimeout -> 0, usesTraditionalReflectiveProxies -> false; userOverrides: {} ], dataSourceName -> null, extensions -> {}, factoryClassLocation -> null, identityToken -> 1hgeqrl9qbn6pz6yfah30|4c77905, numHelperThreads -> 3 ]
19:53:52.711 [Test worker] DEBUG c.m.v.resourcepool.BasicResourcePool - com.mchange.v2.resourcepool.BasicResourcePool@6fc9f39f config: [start -> 3; min -> 3; max -> 15; inc -> 3; num_acq_attempts -> 30; acq_attempt_delay -> 1000; check_idle_resources_delay -> 0; max_resource_age -> 0; max_idle_time -> 0; excess_max_idle_time -> 0; destroy_unreturned_resc_time -> 0; expiration_enforcement_delay -> 0; break_on_acquisition_failure -> false; debug_store_checkout_exceptions -> false; force_synchronous_checkins -> false]
19:53:52.711 [Test worker] DEBUG c.m.v.c.i.C3P0PooledConnectionPoolManager - Created new pool for auth, username (masked): 'null'.
19:53:52.711 [Test worker] DEBUG c.m.v.resourcepool.BasicResourcePool - acquire test -- pool size: 0; target_pool_size: 3; desired target? 1
19:53:52.711 [Test worker] DEBUG c.m.v.resourcepool.BasicResourcePool - awaitAvailable(): [unknown]
19:53:52.731 [Test worker] DEBUG c.m.v.c.m.ActiveManagementCoordinator - MBean: com.mchange.v2.c3p0:type=PooledDataSource,identityToken=1hgeqrl9qbn6pz6yfah30|4c77905,name=1hgeqrl9qbn6pz6yfah30|4c77905 unregistered.
19:53:52.731 [Test worker] DEBUG c.m.v.c.m.ActiveManagementCoordinator - C3P0Registry mbean unregistered.
19:53:52.731 [Resource Destroyer in BasicResourcePool.close()] DEBUG c.m.v.resourcepool.BasicResourcePool - Preparing to destroy resource: com.mchange.v2.c3p0.impl.NewPooledConnection@590ab64b
19:53:52.731 [Resource Destroyer in BasicResourcePool.close()] DEBUG c.m.v.c.i.C3P0PooledConnectionPool - Preparing to destroy PooledConnection: com.mchange.v2.c3p0.impl.NewPooledConnection@590ab64b
19:53:52.731 [Resource Destroyer in BasicResourcePool.close()] DEBUG c.m.v.c.i.C3P0PooledConnectionPool - Successfully destroyed PooledConnection: com.mchange.v2.c3p0.impl.NewPooledConnection@590ab64b
19:53:52.731 [Resource Destroyer in BasicResourcePool.close()] DEBUG c.m.v.resourcepool.BasicResourcePool - Successfully destroyed resource: com.mchange.v2.c3p0.impl.NewPooledConnection@590ab64b
19:53:52.731 [Resource Destroyer in BasicResourcePool.close()] DEBUG c.m.v.resourcepool.BasicResourcePool - Preparing to destroy resource: com.mchange.v2.c3p0.impl.NewPooledConnection@785e468b
19:53:52.731 [Resource Destroyer in BasicResourcePool.close()] DEBUG c.m.v.c.i.C3P0PooledConnectionPool - Preparing to destroy PooledConnection: com.mchange.v2.c3p0.impl.NewPooledConnection@785e468b
19:53:52.731 [Resource Destroyer in BasicResourcePool.close()] DEBUG c.m.v.c.i.C3P0PooledConnectionPool - Successfully destroyed PooledConnection: com.mchange.v2.c3p0.impl.NewPooledConnection@785e468b
19:53:52.731 [Resource Destroyer in BasicResourcePool.close()] DEBUG c.m.v.resourcepool.BasicResourcePool - Successfully destroyed resource: com.mchange.v2.c3p0.impl.NewPooledConnection@785e468b
19:53:52.731 [Resource Destroyer in BasicResourcePool.close()] DEBUG c.m.v.resourcepool.BasicResourcePool - Preparing to destroy resource: com.mchange.v2.c3p0.impl.NewPooledConnection@4c658013
19:53:52.731 [Resource Destroyer in BasicResourcePool.close()] DEBUG c.m.v.c.i.C3P0PooledConnectionPool - Preparing to destroy PooledConnection: com.mchange.v2.c3p0.impl.NewPooledConnection@4c658013
19:53:52.731 [Resource Destroyer in BasicResourcePool.close()] DEBUG c.m.v.c.i.C3P0PooledConnectionPool - Successfully destroyed PooledConnection: com.mchange.v2.c3p0.impl.NewPooledConnection@4c658013
19:53:52.731 [Resource Destroyer in BasicResourcePool.close()] DEBUG c.m.v.resourcepool.BasicResourcePool - Successfully destroyed resource: com.mchange.v2.c3p0.impl.NewPooledConnection@4c658013


================================================================================
 TEST SUCCEEDED                                                                 
--------------------------------------------------------------------------------
    Test class:  BasicTransactionTest
    Test method: canRemoveKeys[Using jdbc]
    End time:    2017/08/28 19:53:52 (Duration: 20ms)
================================================================================





================================================================================
 TEST START                                                                     
--------------------------------------------------------------------------------
    Test class:  BasicTransactionTest
    Test method: transactionsAreIsolated[Using jdbc]
    Start time:  2017/08/28 19:53:52
================================================================================



19:53:52.731 [Test worker] DEBUG c.m.v.c.m.DynamicPooledDataSourceManagerMBean - MBean: com.mchange.v2.c3p0:type=PooledDataSource,identityToken=1hgeqrl9qbn6pz6yfah30|67f09710,name=1hgeqrl9qbn6pz6yfah30|67f09710 registered.
19:53:52.731 [Test worker] DEBUG c.m.v.c.m.DynamicPooledDataSourceManagerMBean - MBean: com.mchange.v2.c3p0:type=PooledDataSource,identityToken=1hgeqrl9qbn6pz6yfah30|67f09710,name=1hgeqrl9qbn6pz6yfah30|67f09710 unregistered, in order to be reregistered after update.
19:53:52.731 [Test worker] DEBUG c.m.v.c.m.DynamicPooledDataSourceManagerMBean - MBean: com.mchange.v2.c3p0:type=PooledDataSource,identityToken=1hgeqrl9qbn6pz6yfah30|67f09710,name=1hgeqrl9qbn6pz6yfah30|67f09710 registered.
19:53:52.731 [Test worker] INFO  c.m.v.c.i.AbstractPoolBackedDataSource - Initializing c3p0 pool... com.mchange.v2.c3p0.PoolBackedDataSource@b7874e5c [ connectionPoolDataSource -> com.mchange.v2.c3p0.WrapperConnectionPoolDataSource@e45c7501 [ acquireIncrement -> 3, acquireRetryAttempts -> 30, acquireRetryDelay -> 1000, autoCommitOnClose -> false, automaticTestTable -> null, breakAfterAcquireFailure -> false, checkoutTimeout -> 0, connectionCustomizerClassName -> null, connectionTesterClassName -> com.mchange.v2.c3p0.impl.DefaultConnectionTester, contextClassLoaderSource -> caller, debugUnreturnedConnectionStackTraces -> false, factoryClassLocation -> null, forceIgnoreUnresolvedTransactions -> false, forceSynchronousCheckins -> false, identityToken -> 1hgeqrl9qbn6pz6yfah30|26263482, idleConnectionTestPeriod -> 0, initialPoolSize -> 3, maxAdministrativeTaskTime -> 0, maxConnectionAge -> 0, maxIdleTime -> 0, maxIdleTimeExcessConnections -> 0, maxPoolSize -> 15, maxStatements -> 0, maxStatementsPerConnection -> 0, minPoolSize -> 3, nestedDataSource -> com.mchange.v2.c3p0.DriverManagerDataSource@f7dadf7 [ description -> null, driverClass -> null, factoryClassLocation -> null, forceUseNamedDriverClass -> false, identityToken -> 1hgeqrl9qbn6pz6yfah30|1bbd7dc, jdbcUrl -> jdbc:h2:mem:26f32b84ff95449eb271002075d5a137, properties -> {} ], preferredTestQuery -> null, privilegeSpawnedThreads -> false, propertyCycle -> 0, statementCacheNumDeferredCloseThreads -> 0, testConnectionOnCheckin -> false, testConnectionOnCheckout -> false, unreturnedConnectionTimeout -> 0, usesTraditionalReflectiveProxies -> false; userOverrides: {} ], dataSourceName -> null, extensions -> {}, factoryClassLocation -> null, identityToken -> 1hgeqrl9qbn6pz6yfah30|67f09710, numHelperThreads -> 3 ]
19:53:52.731 [Test worker] DEBUG c.m.v.resourcepool.BasicResourcePool - com.mchange.v2.resourcepool.BasicResourcePool@436db4d config: [start -> 3; min -> 3; max -> 15; inc -> 3; num_acq_attempts -> 30; acq_attempt_delay -> 1000; check_idle_resources_delay -> 0; max_resource_age -> 0; max_idle_time -> 0; excess_max_idle_time -> 0; destroy_unreturned_resc_time -> 0; expiration_enforcement_delay -> 0; break_on_acquisition_failure -> false; debug_store_checkout_exceptions -> false; force_synchronous_checkins -> false]
19:53:52.731 [Test worker] DEBUG c.m.v.c.i.C3P0PooledConnectionPoolManager - Created new pool for auth, username (masked): 'null'.
19:53:52.731 [Test worker] DEBUG c.m.v.resourcepool.BasicResourcePool - acquire test -- pool size: 0; target_pool_size: 3; desired target? 1
19:53:52.731 [Test worker] DEBUG c.m.v.resourcepool.BasicResourcePool - awaitAvailable(): [unknown]
19:53:52.755 [Test worker] DEBUG c.m.v.c.m.ActiveManagementCoordinator - MBean: com.mchange.v2.c3p0:type=PooledDataSource,identityToken=1hgeqrl9qbn6pz6yfah30|67f09710,name=1hgeqrl9qbn6pz6yfah30|67f09710 unregistered.
19:53:52.755 [Test worker] DEBUG c.m.v.c.m.ActiveManagementCoordinator - C3P0Registry mbean unregistered.
19:53:52.755 [Resource Destroyer in BasicResourcePool.close()] DEBUG c.m.v.resourcepool.BasicResourcePool - Preparing to destroy resource: com.mchange.v2.c3p0.impl.NewPooledConnection@69128f52
19:53:52.755 [Resource Destroyer in BasicResourcePool.close()] DEBUG c.m.v.c.i.C3P0PooledConnectionPool - Preparing to destroy PooledConnection: com.mchange.v2.c3p0.impl.NewPooledConnection@69128f52
19:53:52.755 [Resource Destroyer in BasicResourcePool.close()] DEBUG c.m.v.c.i.C3P0PooledConnectionPool - Successfully destroyed PooledConnection: com.mchange.v2.c3p0.impl.NewPooledConnection@69128f52
19:53:52.755 [Resource Destroyer in BasicResourcePool.close()] DEBUG c.m.v.resourcepool.BasicResourcePool - Successfully destroyed resource: com.mchange.v2.c3p0.impl.NewPooledConnection@69128f52
19:53:52.755 [Resource Destroyer in BasicResourcePool.close()] DEBUG c.m.v.resourcepool.BasicResourcePool - Preparing to destroy resource: com.mchange.v2.c3p0.impl.NewPooledConnection@4d9a0054
19:53:52.755 [Resource Destroyer in BasicResourcePool.close()] DEBUG c.m.v.c.i.C3P0PooledConnectionPool - Preparing to destroy PooledConnection: com.mchange.v2.c3p0.impl.NewPooledConnection@4d9a0054
19:53:52.755 [Resource Destroyer in BasicResourcePool.close()] DEBUG c.m.v.c.i.C3P0PooledConnectionPool - Successfully destroyed PooledConnection: com.mchange.v2.c3p0.impl.NewPooledConnection@4d9a0054
19:53:52.755 [Resource Destroyer in BasicResourcePool.close()] DEBUG c.m.v.resourcepool.BasicResourcePool - Successfully destroyed resource: com.mchange.v2.c3p0.impl.NewPooledConnection@4d9a0054
19:53:52.755 [Resource Destroyer in BasicResourcePool.close()] DEBUG c.m.v.resourcepool.BasicResourcePool - Preparing to destroy resource: com.mchange.v2.c3p0.impl.NewPooledConnection@3f91e45e
19:53:52.755 [Resource Destroyer in BasicResourcePool.close()] DEBUG c.m.v.c.i.C3P0PooledConnectionPool - Preparing to destroy PooledConnection: com.mchange.v2.c3p0.impl.NewPooledConnection@3f91e45e
19:53:52.755 [Resource Destroyer in BasicResourcePool.close()] DEBUG c.m.v.c.i.C3P0PooledConnectionPool - Successfully destroyed PooledConnection: com.mchange.v2.c3p0.impl.NewPooledConnection@3f91e45e
19:53:52.755 [Resource Destroyer in BasicResourcePool.close()] DEBUG c.m.v.resourcepool.BasicResourcePool - Successfully destroyed resource: com.mchange.v2.c3p0.impl.NewPooledConnection@3f91e45e


================================================================================
 TEST SUCCEEDED                                                                 
--------------------------------------------------------------------------------
    Test class:  BasicTransactionTest
    Test method: transactionsAreIsolated[Using jdbc]
    End time:    2017/08/28 19:53:52 (Duration: 25ms)
================================================================================





================================================================================
 TEST START                                                                     
--------------------------------------------------------------------------------
    Test class:  BasicTransactionTest
    Test method: removalOfKeysAffectsKeySet[Using jdbc]
    Start time:  2017/08/28 19:53:52
================================================================================



19:53:52.759 [Test worker] DEBUG c.m.v.c.m.DynamicPooledDataSourceManagerMBean - MBean: com.mchange.v2.c3p0:type=PooledDataSource,identityToken=1hgeqrl9qbn6pz6yfah30|527a649e,name=1hgeqrl9qbn6pz6yfah30|527a649e registered.
19:53:52.766 [Test worker] DEBUG c.m.v.c.m.DynamicPooledDataSourceManagerMBean - MBean: com.mchange.v2.c3p0:type=PooledDataSource,identityToken=1hgeqrl9qbn6pz6yfah30|527a649e,name=1hgeqrl9qbn6pz6yfah30|527a649e unregistered, in order to be reregistered after update.
19:53:52.766 [Test worker] DEBUG c.m.v.c.m.DynamicPooledDataSourceManagerMBean - MBean: com.mchange.v2.c3p0:type=PooledDataSource,identityToken=1hgeqrl9qbn6pz6yfah30|527a649e,name=1hgeqrl9qbn6pz6yfah30|527a649e registered.
19:53:52.767 [Test worker] INFO  c.m.v.c.i.AbstractPoolBackedDataSource - Initializing c3p0 pool... com.mchange.v2.c3p0.PoolBackedDataSource@756a5033 [ connectionPoolDataSource -> com.mchange.v2.c3p0.WrapperConnectionPoolDataSource@26f888a1 [ acquireIncrement -> 3, acquireRetryAttempts -> 30, acquireRetryDelay -> 1000, autoCommitOnClose -> false, automaticTestTable -> null, breakAfterAcquireFailure -> false, checkoutTimeout -> 0, connectionCustomizerClassName -> null, connectionTesterClassName -> com.mchange.v2.c3p0.impl.DefaultConnectionTester, contextClassLoaderSource -> caller, debugUnreturnedConnectionStackTraces -> false, factoryClassLocation -> null, forceIgnoreUnresolvedTransactions -> false, forceSynchronousCheckins -> false, identityToken -> 1hgeqrl9qbn6pz6yfah30|4a7b637e, idleConnectionTestPeriod -> 0, initialPoolSize -> 3, maxAdministrativeTaskTime -> 0, maxConnectionAge -> 0, maxIdleTime -> 0, maxIdleTimeExcessConnections -> 0, maxPoolSize -> 15, maxStatements -> 0, maxStatementsPerConnection -> 0, minPoolSize -> 3, nestedDataSource -> com.mchange.v2.c3p0.DriverManagerDataSource@708e14b5 [ description -> null, driverClass -> null, factoryClassLocation -> null, forceUseNamedDriverClass -> false, identityToken -> 1hgeqrl9qbn6pz6yfah30|3694ef5e, jdbcUrl -> jdbc:h2:mem:322a760e8ecd401faed8935dfce0d496, properties -> {} ], preferredTestQuery -> null, privilegeSpawnedThreads -> false, propertyCycle -> 0, statementCacheNumDeferredCloseThreads -> 0, testConnectionOnCheckin -> false, testConnectionOnCheckout -> false, unreturnedConnectionTimeout -> 0, usesTraditionalReflectiveProxies -> false; userOverrides: {} ], dataSourceName -> null, extensions -> {}, factoryClassLocation -> null, identityToken -> 1hgeqrl9qbn6pz6yfah30|527a649e, numHelperThreads -> 3 ]
19:53:52.767 [Test worker] DEBUG c.m.v.resourcepool.BasicResourcePool - com.mchange.v2.resourcepool.BasicResourcePool@46586b1 config: [start -> 3; min -> 3; max -> 15; inc -> 3; num_acq_attempts -> 30; acq_attempt_delay -> 1000; check_idle_resources_delay -> 0; max_resource_age -> 0; max_idle_time -> 0; excess_max_idle_time -> 0; destroy_unreturned_resc_time -> 0; expiration_enforcement_delay -> 0; break_on_acquisition_failure -> false; debug_store_checkout_exceptions -> false; force_synchronous_checkins -> false]
19:53:52.767 [Test worker] DEBUG c.m.v.c.i.C3P0PooledConnectionPoolManager - Created new pool for auth, username (masked): 'null'.
19:53:52.767 [Test worker] DEBUG c.m.v.resourcepool.BasicResourcePool - acquire test -- pool size: 0; target_pool_size: 3; desired target? 1
19:53:52.767 [Test worker] DEBUG c.m.v.resourcepool.BasicResourcePool - awaitAvailable(): [unknown]
19:53:52.775 [Test worker] DEBUG c.m.v.c.m.ActiveManagementCoordinator - MBean: com.mchange.v2.c3p0:type=PooledDataSource,identityToken=1hgeqrl9qbn6pz6yfah30|527a649e,name=1hgeqrl9qbn6pz6yfah30|527a649e unregistered.
19:53:52.775 [Test worker] DEBUG c.m.v.c.m.ActiveManagementCoordinator - C3P0Registry mbean unregistered.
19:53:52.775 [Resource Destroyer in BasicResourcePool.close()] DEBUG c.m.v.resourcepool.BasicResourcePool - Preparing to destroy resource: com.mchange.v2.c3p0.impl.NewPooledConnection@de87758
19:53:52.775 [Resource Destroyer in BasicResourcePool.close()] DEBUG c.m.v.c.i.C3P0PooledConnectionPool - Preparing to destroy PooledConnection: com.mchange.v2.c3p0.impl.NewPooledConnection@de87758
19:53:52.775 [Resource Destroyer in BasicResourcePool.close()] DEBUG c.m.v.c.i.C3P0PooledConnectionPool - Successfully destroyed PooledConnection: com.mchange.v2.c3p0.impl.NewPooledConnection@de87758
19:53:52.775 [Resource Destroyer in BasicResourcePool.close()] DEBUG c.m.v.resourcepool.BasicResourcePool - Successfully destroyed resource: com.mchange.v2.c3p0.impl.NewPooledConnection@de87758
19:53:52.775 [Resource Destroyer in BasicResourcePool.close()] DEBUG c.m.v.resourcepool.BasicResourcePool - Preparing to destroy resource: com.mchange.v2.c3p0.impl.NewPooledConnection@8eba351
19:53:52.775 [Resource Destroyer in BasicResourcePool.close()] DEBUG c.m.v.c.i.C3P0PooledConnectionPool - Preparing to destroy PooledConnection: com.mchange.v2.c3p0.impl.NewPooledConnection@8eba351
19:53:52.775 [Resource Destroyer in BasicResourcePool.close()] DEBUG c.m.v.c.i.C3P0PooledConnectionPool - Successfully destroyed PooledConnection: com.mchange.v2.c3p0.impl.NewPooledConnection@8eba351
19:53:52.775 [Resource Destroyer in BasicResourcePool.close()] DEBUG c.m.v.resourcepool.BasicResourcePool - Successfully destroyed resource: com.mchange.v2.c3p0.impl.NewPooledConnection@8eba351
19:53:52.775 [Resource Destroyer in BasicResourcePool.close()] DEBUG c.m.v.resourcepool.BasicResourcePool - Preparing to destroy resource: com.mchange.v2.c3p0.impl.NewPooledConnection@a44a9db
19:53:52.775 [Resource Destroyer in BasicResourcePool.close()] DEBUG c.m.v.c.i.C3P0PooledConnectionPool - Preparing to destroy PooledConnection: com.mchange.v2.c3p0.impl.NewPooledConnection@a44a9db
19:53:52.775 [Resource Destroyer in BasicResourcePool.close()] DEBUG c.m.v.c.i.C3P0PooledConnectionPool - Successfully destroyed PooledConnection: com.mchange.v2.c3p0.impl.NewPooledConnection@a44a9db
19:53:52.775 [Resource Destroyer in BasicResourcePool.close()] DEBUG c.m.v.resourcepool.BasicResourcePool - Successfully destroyed resource: com.mchange.v2.c3p0.impl.NewPooledConnection@a44a9db


================================================================================
 TEST SUCCEEDED                                                                 
--------------------------------------------------------------------------------
    Test class:  BasicTransactionTest
    Test method: removalOfKeysAffectsKeySet[Using jdbc]
    End time:    2017/08/28 19:53:52 (Duration: 19ms)
================================================================================





================================================================================
 TEST START                                                                     
--------------------------------------------------------------------------------
    Test class:  BasicTransactionTest
    Test method: basicCommitAndGetWorks[Using tupl]
    Start time:  2017/08/28 19:53:52
================================================================================





================================================================================
 TEST SUCCEEDED                                                                 
--------------------------------------------------------------------------------
    Test class:  BasicTransactionTest
    Test method: basicCommitAndGetWorks[Using tupl]
    End time:    2017/08/28 19:53:52 (Duration: 142ms)
================================================================================





================================================================================
 TEST START                                                                     
--------------------------------------------------------------------------------
    Test class:  BasicTransactionTest
    Test method: cantOpenTransactionIntoTheFuture[Using tupl]
    Start time:  2017/08/28 19:53:52
================================================================================





================================================================================
 TEST SUCCEEDED                                                                 
--------------------------------------------------------------------------------
    Test class:  BasicTransactionTest
    Test method: cantOpenTransactionIntoTheFuture[Using tupl]
    End time:    2017/08/28 19:53:53 (Duration: 154ms)
================================================================================





================================================================================
 TEST START                                                                     
--------------------------------------------------------------------------------
    Test class:  BasicTransactionTest
    Test method: removedKeysNoLongerExist[Using tupl]
    Start time:  2017/08/28 19:53:53
================================================================================





================================================================================
 TEST SUCCEEDED                                                                 
--------------------------------------------------------------------------------
    Test class:  BasicTransactionTest
    Test method: removedKeysNoLongerExist[Using tupl]
    End time:    2017/08/28 19:53:53 (Duration: 163ms)
================================================================================





================================================================================
 TEST START                                                                     
--------------------------------------------------------------------------------
    Test class:  BasicTransactionTest
    Test method: canRemoveAndPutInSameTransaction[Using tupl]
    Start time:  2017/08/28 19:53:53
================================================================================





================================================================================
 TEST SUCCEEDED                                                                 
--------------------------------------------------------------------------------
    Test class:  BasicTransactionTest
    Test method: canRemoveAndPutInSameTransaction[Using tupl]
    End time:    2017/08/28 19:53:53 (Duration: 201ms)
================================================================================





================================================================================
 TEST START                                                                     
--------------------------------------------------------------------------------
    Test class:  BasicTransactionTest
    Test method: canRemoveKeys[Using tupl]
    Start time:  2017/08/28 19:53:53
================================================================================





================================================================================
 TEST SUCCEEDED                                                                 
--------------------------------------------------------------------------------
    Test class:  BasicTransactionTest
    Test method: canRemoveKeys[Using tupl]
    End time:    2017/08/28 19:53:53 (Duration: 168ms)
================================================================================





================================================================================
 TEST START                                                                     
--------------------------------------------------------------------------------
    Test class:  BasicTransactionTest
    Test method: transactionsAreIsolated[Using tupl]
    Start time:  2017/08/28 19:53:53
================================================================================





================================================================================
 TEST SUCCEEDED                                                                 
--------------------------------------------------------------------------------
    Test class:  BasicTransactionTest
    Test method: transactionsAreIsolated[Using tupl]
    End time:    2017/08/28 19:53:53 (Duration: 200ms)
================================================================================





================================================================================
 TEST START                                                                     
--------------------------------------------------------------------------------
    Test class:  BasicTransactionTest
    Test method: removalOfKeysAffectsKeySet[Using tupl]
    Start time:  2017/08/28 19:53:53
================================================================================





================================================================================
 TEST SUCCEEDED                                                                 
--------------------------------------------------------------------------------
    Test class:  BasicTransactionTest
    Test method: removalOfKeysAffectsKeySet[Using tupl]
    End time:    2017/08/28 19:53:53 (Duration: 185ms)
================================================================================



19:53:53.988 [Test worker] INFO  o.c.common.test.ChronosUnitTest - Attempting to delete temp directory provided at: C:\Users\Martin\AppData\Local\Temp\ChronoDBTest5529815287975316420
19:53:53.988 [Test worker] INFO  o.c.common.test.ChronosUnitTest - Successfully deleted temp directory
]]></system-out>
  <system-err><![CDATA[]]></system-err>
</testsuite>
