<?xml version="1.0" encoding="UTF-8"?>
<testsuite name="org.chronos.chronodb.test.engine.chunkdb.GlobalChunkManagerTest" tests="6" skipped="0" failures="0" errors="0" timestamp="2017-08-28T17:50:53" hostname="Aurora" time="1.564">
  <properties/>
  <testcase name="canDetectBranchOnStartup" classname="org.chronos.chronodb.test.engine.chunkdb.GlobalChunkManagerTest" time="0.346"/>
  <testcase name="canCreateGlobalChunkMananger" classname="org.chronos.chronodb.test.engine.chunkdb.GlobalChunkManagerTest" time="0.132"/>
  <testcase name="canOpenTransactionAndCommit" classname="org.chronos.chronodb.test.engine.chunkdb.GlobalChunkManagerTest" time="0.422"/>
  <testcase name="canCreateBranch" classname="org.chronos.chronodb.test.engine.chunkdb.GlobalChunkManagerTest" time="0.227"/>
  <testcase name="createsMasterBranchOnStartup" classname="org.chronos.chronodb.test.engine.chunkdb.GlobalChunkManagerTest" time="0.111"/>
  <testcase name="canOpenTransactionAndRollback" classname="org.chronos.chronodb.test.engine.chunkdb.GlobalChunkManagerTest" time="0.326"/>
  <system-out><![CDATA[19:50:53.111 [Test worker] INFO  o.c.common.test.ChronosUnitTest - Temp directory is provided at: C:\Users\Martin\AppData\Local\Temp\ChronoDBTest5529815287975316420


================================================================================
 TEST START                                                                     
--------------------------------------------------------------------------------
    Test class:  GlobalChunkManagerTest
    Test method: canDetectBranchOnStartup
    Start time:  2017/08/28 19:50:53
================================================================================





================================================================================
 TEST SUCCEEDED                                                                 
--------------------------------------------------------------------------------
    Test class:  GlobalChunkManagerTest
    Test method: canDetectBranchOnStartup
    End time:    2017/08/28 19:50:53 (Duration: 346ms)
================================================================================





================================================================================
 TEST START                                                                     
--------------------------------------------------------------------------------
    Test class:  GlobalChunkManagerTest
    Test method: canCreateGlobalChunkMananger
    Start time:  2017/08/28 19:50:53
================================================================================





================================================================================
 TEST SUCCEEDED                                                                 
--------------------------------------------------------------------------------
    Test class:  GlobalChunkManagerTest
    Test method: canCreateGlobalChunkMananger
    End time:    2017/08/28 19:50:53 (Duration: 132ms)
================================================================================





================================================================================
 TEST START                                                                     
--------------------------------------------------------------------------------
    Test class:  GlobalChunkManagerTest
    Test method: canOpenTransactionAndCommit
    Start time:  2017/08/28 19:50:53
================================================================================





================================================================================
 TEST SUCCEEDED                                                                 
--------------------------------------------------------------------------------
    Test class:  GlobalChunkManagerTest
    Test method: canOpenTransactionAndCommit
    End time:    2017/08/28 19:50:54 (Duration: 422ms)
================================================================================





================================================================================
 TEST START                                                                     
--------------------------------------------------------------------------------
    Test class:  GlobalChunkManagerTest
    Test method: canCreateBranch
    Start time:  2017/08/28 19:50:54
================================================================================





================================================================================
 TEST SUCCEEDED                                                                 
--------------------------------------------------------------------------------
    Test class:  GlobalChunkManagerTest
    Test method: canCreateBranch
    End time:    2017/08/28 19:50:54 (Duration: 227ms)
================================================================================





================================================================================
 TEST START                                                                     
--------------------------------------------------------------------------------
    Test class:  GlobalChunkManagerTest
    Test method: createsMasterBranchOnStartup
    Start time:  2017/08/28 19:50:54
================================================================================





================================================================================
 TEST SUCCEEDED                                                                 
--------------------------------------------------------------------------------
    Test class:  GlobalChunkManagerTest
    Test method: createsMasterBranchOnStartup
    End time:    2017/08/28 19:50:54 (Duration: 111ms)
================================================================================





================================================================================
 TEST START                                                                     
--------------------------------------------------------------------------------
    Test class:  GlobalChunkManagerTest
    Test method: canOpenTransactionAndRollback
    Start time:  2017/08/28 19:50:54
================================================================================





================================================================================
 TEST SUCCEEDED                                                                 
--------------------------------------------------------------------------------
    Test class:  GlobalChunkManagerTest
    Test method: canOpenTransactionAndRollback
    End time:    2017/08/28 19:50:54 (Duration: 326ms)
================================================================================



19:50:54.675 [Test worker] INFO  o.c.common.test.ChronosUnitTest - Attempting to delete temp directory provided at: C:\Users\Martin\AppData\Local\Temp\ChronoDBTest5529815287975316420
19:50:54.675 [Test worker] INFO  o.c.common.test.ChronosUnitTest - Successfully deleted temp directory
]]></system-out>
  <system-err><![CDATA[]]></system-err>
</testsuite>
