<?xml version="1.0" encoding="UTF-8"?>
<testsuite name="org.chronos.chronodb.test.query.condition.LongQueryConditionTest" tests="26" skipped="0" failures="0" errors="0" timestamp="2017-08-28T17:54:29" hostname="Aurora" time="0.015">
  <properties/>
  <testcase name="runTest[&quot;21&quot; Equals &quot;21&quot; (Should match: true)]" classname="org.chronos.chronodb.test.query.condition.LongQueryConditionTest" time="0.0"/>
  <testcase name="runTest[&quot;21&quot; Equals &quot;22&quot; (Should match: false)]" classname="org.chronos.chronodb.test.query.condition.LongQueryConditionTest" time="0.0"/>
  <testcase name="runTest[&quot;-13&quot; Equals &quot;-13&quot; (Should match: true)]" classname="org.chronos.chronodb.test.query.condition.LongQueryConditionTest" time="0.0"/>
  <testcase name="runTest[&quot;-13&quot; Equals &quot;13&quot; (Should match: false)]" classname="org.chronos.chronodb.test.query.condition.LongQueryConditionTest" time="0.0"/>
  <testcase name="runTest[&quot;-13&quot; Equals &quot;-13&quot; (Should match: true)]" classname="org.chronos.chronodb.test.query.condition.LongQueryConditionTest" time="0.0"/>
  <testcase name="runTest[&quot;21&quot; NotEquals &quot;21&quot; (Should match: false)]" classname="org.chronos.chronodb.test.query.condition.LongQueryConditionTest" time="0.0"/>
  <testcase name="runTest[&quot;21&quot; NotEquals &quot;22&quot; (Should match: true)]" classname="org.chronos.chronodb.test.query.condition.LongQueryConditionTest" time="0.0"/>
  <testcase name="runTest[&quot;-13&quot; NotEquals &quot;-13&quot; (Should match: false)]" classname="org.chronos.chronodb.test.query.condition.LongQueryConditionTest" time="0.0"/>
  <testcase name="runTest[&quot;-13&quot; NotEquals &quot;13&quot; (Should match: true)]" classname="org.chronos.chronodb.test.query.condition.LongQueryConditionTest" time="0.0"/>
  <testcase name="runTest[&quot;-13&quot; NotEquals &quot;-13&quot; (Should match: false)]" classname="org.chronos.chronodb.test.query.condition.LongQueryConditionTest" time="0.0"/>
  <testcase name="runTest[&quot;21&quot; LessThan &quot;22&quot; (Should match: true)]" classname="org.chronos.chronodb.test.query.condition.LongQueryConditionTest" time="0.0"/>
  <testcase name="runTest[&quot;21&quot; LessThan &quot;42&quot; (Should match: true)]" classname="org.chronos.chronodb.test.query.condition.LongQueryConditionTest" time="0.0"/>
  <testcase name="runTest[&quot;21&quot; LessThan &quot;21&quot; (Should match: false)]" classname="org.chronos.chronodb.test.query.condition.LongQueryConditionTest" time="0.0"/>
  <testcase name="runTest[&quot;21&quot; LessThan &quot;-1&quot; (Should match: false)]" classname="org.chronos.chronodb.test.query.condition.LongQueryConditionTest" time="0.0"/>
  <testcase name="runTest[&quot;21&quot; LessThanOrEqualTo &quot;22&quot; (Should match: true)]" classname="org.chronos.chronodb.test.query.condition.LongQueryConditionTest" time="0.0"/>
  <testcase name="runTest[&quot;21&quot; LessThanOrEqualTo &quot;42&quot; (Should match: true)]" classname="org.chronos.chronodb.test.query.condition.LongQueryConditionTest" time="0.015"/>
  <testcase name="runTest[&quot;21&quot; LessThanOrEqualTo &quot;21&quot; (Should match: true)]" classname="org.chronos.chronodb.test.query.condition.LongQueryConditionTest" time="0.0"/>
  <testcase name="runTest[&quot;21&quot; LessThanOrEqualTo &quot;-1&quot; (Should match: false)]" classname="org.chronos.chronodb.test.query.condition.LongQueryConditionTest" time="0.0"/>
  <testcase name="runTest[&quot;21&quot; GreaterThan &quot;20&quot; (Should match: true)]" classname="org.chronos.chronodb.test.query.condition.LongQueryConditionTest" time="0.0"/>
  <testcase name="runTest[&quot;21&quot; GreaterThan &quot;12&quot; (Should match: true)]" classname="org.chronos.chronodb.test.query.condition.LongQueryConditionTest" time="0.0"/>
  <testcase name="runTest[&quot;21&quot; GreaterThan &quot;21&quot; (Should match: false)]" classname="org.chronos.chronodb.test.query.condition.LongQueryConditionTest" time="0.0"/>
  <testcase name="runTest[&quot;-1&quot; GreaterThan &quot;21&quot; (Should match: false)]" classname="org.chronos.chronodb.test.query.condition.LongQueryConditionTest" time="0.0"/>
  <testcase name="runTest[&quot;21&quot; GreaterThanOrEqualTo &quot;20&quot; (Should match: true)]" classname="org.chronos.chronodb.test.query.condition.LongQueryConditionTest" time="0.0"/>
  <testcase name="runTest[&quot;21&quot; GreaterThanOrEqualTo &quot;12&quot; (Should match: true)]" classname="org.chronos.chronodb.test.query.condition.LongQueryConditionTest" time="0.0"/>
  <testcase name="runTest[&quot;21&quot; GreaterThanOrEqualTo &quot;21&quot; (Should match: true)]" classname="org.chronos.chronodb.test.query.condition.LongQueryConditionTest" time="0.0"/>
  <testcase name="runTest[&quot;-1&quot; GreaterThanOrEqualTo &quot;21&quot; (Should match: false)]" classname="org.chronos.chronodb.test.query.condition.LongQueryConditionTest" time="0.0"/>
  <system-out><![CDATA[19:54:29.901 [Test worker] INFO  o.c.common.test.ChronosUnitTest - Temp directory is provided at: C:\Users\Martin\AppData\Local\Temp\ChronoDBTest5529815287975316420


================================================================================
 TEST START                                                                     
--------------------------------------------------------------------------------
    Test class:  LongQueryConditionTest
    Test method: runTest["21" Equals "21" (Should match: true)]
    Start time:  2017/08/28 19:54:29
================================================================================





================================================================================
 TEST SUCCEEDED                                                                 
--------------------------------------------------------------------------------
    Test class:  LongQueryConditionTest
    Test method: runTest["21" Equals "21" (Should match: true)]
    End time:    2017/08/28 19:54:29 (Duration: 0ms)
================================================================================





================================================================================
 TEST START                                                                     
--------------------------------------------------------------------------------
    Test class:  LongQueryConditionTest
    Test method: runTest["21" Equals "22" (Should match: false)]
    Start time:  2017/08/28 19:54:29
================================================================================





================================================================================
 TEST SUCCEEDED                                                                 
--------------------------------------------------------------------------------
    Test class:  LongQueryConditionTest
    Test method: runTest["21" Equals "22" (Should match: false)]
    End time:    2017/08/28 19:54:29 (Duration: 0ms)
================================================================================





================================================================================
 TEST START                                                                     
--------------------------------------------------------------------------------
    Test class:  LongQueryConditionTest
    Test method: runTest["-13" Equals "-13" (Should match: true)]
    Start time:  2017/08/28 19:54:29
================================================================================





================================================================================
 TEST SUCCEEDED                                                                 
--------------------------------------------------------------------------------
    Test class:  LongQueryConditionTest
    Test method: runTest["-13" Equals "-13" (Should match: true)]
    End time:    2017/08/28 19:54:29 (Duration: 0ms)
================================================================================





================================================================================
 TEST START                                                                     
--------------------------------------------------------------------------------
    Test class:  LongQueryConditionTest
    Test method: runTest["-13" Equals "13" (Should match: false)]
    Start time:  2017/08/28 19:54:29
================================================================================





================================================================================
 TEST SUCCEEDED                                                                 
--------------------------------------------------------------------------------
    Test class:  LongQueryConditionTest
    Test method: runTest["-13" Equals "13" (Should match: false)]
    End time:    2017/08/28 19:54:29 (Duration: 0ms)
================================================================================





================================================================================
 TEST START                                                                     
--------------------------------------------------------------------------------
    Test class:  LongQueryConditionTest
    Test method: runTest["-13" Equals "-13" (Should match: true)]
    Start time:  2017/08/28 19:54:29
================================================================================





================================================================================
 TEST SUCCEEDED                                                                 
--------------------------------------------------------------------------------
    Test class:  LongQueryConditionTest
    Test method: runTest["-13" Equals "-13" (Should match: true)]
    End time:    2017/08/28 19:54:29 (Duration: 0ms)
================================================================================





================================================================================
 TEST START                                                                     
--------------------------------------------------------------------------------
    Test class:  LongQueryConditionTest
    Test method: runTest["21" NotEquals "21" (Should match: false)]
    Start time:  2017/08/28 19:54:29
================================================================================





================================================================================
 TEST SUCCEEDED                                                                 
--------------------------------------------------------------------------------
    Test class:  LongQueryConditionTest
    Test method: runTest["21" NotEquals "21" (Should match: false)]
    End time:    2017/08/28 19:54:29 (Duration: 0ms)
================================================================================





================================================================================
 TEST START                                                                     
--------------------------------------------------------------------------------
    Test class:  LongQueryConditionTest
    Test method: runTest["21" NotEquals "22" (Should match: true)]
    Start time:  2017/08/28 19:54:29
================================================================================





================================================================================
 TEST SUCCEEDED                                                                 
--------------------------------------------------------------------------------
    Test class:  LongQueryConditionTest
    Test method: runTest["21" NotEquals "22" (Should match: true)]
    End time:    2017/08/28 19:54:29 (Duration: 0ms)
================================================================================





================================================================================
 TEST START                                                                     
--------------------------------------------------------------------------------
    Test class:  LongQueryConditionTest
    Test method: runTest["-13" NotEquals "-13" (Should match: false)]
    Start time:  2017/08/28 19:54:29
================================================================================





================================================================================
 TEST SUCCEEDED                                                                 
--------------------------------------------------------------------------------
    Test class:  LongQueryConditionTest
    Test method: runTest["-13" NotEquals "-13" (Should match: false)]
    End time:    2017/08/28 19:54:29 (Duration: 0ms)
================================================================================





================================================================================
 TEST START                                                                     
--------------------------------------------------------------------------------
    Test class:  LongQueryConditionTest
    Test method: runTest["-13" NotEquals "13" (Should match: true)]
    Start time:  2017/08/28 19:54:29
================================================================================





================================================================================
 TEST SUCCEEDED                                                                 
--------------------------------------------------------------------------------
    Test class:  LongQueryConditionTest
    Test method: runTest["-13" NotEquals "13" (Should match: true)]
    End time:    2017/08/28 19:54:29 (Duration: 0ms)
================================================================================





================================================================================
 TEST START                                                                     
--------------------------------------------------------------------------------
    Test class:  LongQueryConditionTest
    Test method: runTest["-13" NotEquals "-13" (Should match: false)]
    Start time:  2017/08/28 19:54:29
================================================================================





================================================================================
 TEST SUCCEEDED                                                                 
--------------------------------------------------------------------------------
    Test class:  LongQueryConditionTest
    Test method: runTest["-13" NotEquals "-13" (Should match: false)]
    End time:    2017/08/28 19:54:29 (Duration: 0ms)
================================================================================





================================================================================
 TEST START                                                                     
--------------------------------------------------------------------------------
    Test class:  LongQueryConditionTest
    Test method: runTest["21" LessThan "22" (Should match: true)]
    Start time:  2017/08/28 19:54:29
================================================================================





================================================================================
 TEST SUCCEEDED                                                                 
--------------------------------------------------------------------------------
    Test class:  LongQueryConditionTest
    Test method: runTest["21" LessThan "22" (Should match: true)]
    End time:    2017/08/28 19:54:29 (Duration: 0ms)
================================================================================





================================================================================
 TEST START                                                                     
--------------------------------------------------------------------------------
    Test class:  LongQueryConditionTest
    Test method: runTest["21" LessThan "42" (Should match: true)]
    Start time:  2017/08/28 19:54:29
================================================================================





================================================================================
 TEST SUCCEEDED                                                                 
--------------------------------------------------------------------------------
    Test class:  LongQueryConditionTest
    Test method: runTest["21" LessThan "42" (Should match: true)]
    End time:    2017/08/28 19:54:29 (Duration: 0ms)
================================================================================





================================================================================
 TEST START                                                                     
--------------------------------------------------------------------------------
    Test class:  LongQueryConditionTest
    Test method: runTest["21" LessThan "21" (Should match: false)]
    Start time:  2017/08/28 19:54:29
================================================================================





================================================================================
 TEST SUCCEEDED                                                                 
--------------------------------------------------------------------------------
    Test class:  LongQueryConditionTest
    Test method: runTest["21" LessThan "21" (Should match: false)]
    End time:    2017/08/28 19:54:29 (Duration: 0ms)
================================================================================





================================================================================
 TEST START                                                                     
--------------------------------------------------------------------------------
    Test class:  LongQueryConditionTest
    Test method: runTest["21" LessThan "-1" (Should match: false)]
    Start time:  2017/08/28 19:54:29
================================================================================





================================================================================
 TEST SUCCEEDED                                                                 
--------------------------------------------------------------------------------
    Test class:  LongQueryConditionTest
    Test method: runTest["21" LessThan "-1" (Should match: false)]
    End time:    2017/08/28 19:54:29 (Duration: 0ms)
================================================================================





================================================================================
 TEST START                                                                     
--------------------------------------------------------------------------------
    Test class:  LongQueryConditionTest
    Test method: runTest["21" LessThanOrEqualTo "22" (Should match: true)]
    Start time:  2017/08/28 19:54:29
================================================================================





================================================================================
 TEST SUCCEEDED                                                                 
--------------------------------------------------------------------------------
    Test class:  LongQueryConditionTest
    Test method: runTest["21" LessThanOrEqualTo "22" (Should match: true)]
    End time:    2017/08/28 19:54:29 (Duration: 0ms)
================================================================================





================================================================================
 TEST START                                                                     
--------------------------------------------------------------------------------
    Test class:  LongQueryConditionTest
    Test method: runTest["21" LessThanOrEqualTo "42" (Should match: true)]
    Start time:  2017/08/28 19:54:29
================================================================================





================================================================================
 TEST SUCCEEDED                                                                 
--------------------------------------------------------------------------------
    Test class:  LongQueryConditionTest
    Test method: runTest["21" LessThanOrEqualTo "42" (Should match: true)]
    End time:    2017/08/28 19:54:29 (Duration: 15ms)
================================================================================





================================================================================
 TEST START                                                                     
--------------------------------------------------------------------------------
    Test class:  LongQueryConditionTest
    Test method: runTest["21" LessThanOrEqualTo "21" (Should match: true)]
    Start time:  2017/08/28 19:54:29
================================================================================





================================================================================
 TEST SUCCEEDED                                                                 
--------------------------------------------------------------------------------
    Test class:  LongQueryConditionTest
    Test method: runTest["21" LessThanOrEqualTo "21" (Should match: true)]
    End time:    2017/08/28 19:54:29 (Duration: 0ms)
================================================================================





================================================================================
 TEST START                                                                     
--------------------------------------------------------------------------------
    Test class:  LongQueryConditionTest
    Test method: runTest["21" LessThanOrEqualTo "-1" (Should match: false)]
    Start time:  2017/08/28 19:54:29
================================================================================





================================================================================
 TEST SUCCEEDED                                                                 
--------------------------------------------------------------------------------
    Test class:  LongQueryConditionTest
    Test method: runTest["21" LessThanOrEqualTo "-1" (Should match: false)]
    End time:    2017/08/28 19:54:29 (Duration: 0ms)
================================================================================





================================================================================
 TEST START                                                                     
--------------------------------------------------------------------------------
    Test class:  LongQueryConditionTest
    Test method: runTest["21" GreaterThan "20" (Should match: true)]
    Start time:  2017/08/28 19:54:29
================================================================================





================================================================================
 TEST SUCCEEDED                                                                 
--------------------------------------------------------------------------------
    Test class:  LongQueryConditionTest
    Test method: runTest["21" GreaterThan "20" (Should match: true)]
    End time:    2017/08/28 19:54:29 (Duration: 0ms)
================================================================================





================================================================================
 TEST START                                                                     
--------------------------------------------------------------------------------
    Test class:  LongQueryConditionTest
    Test method: runTest["21" GreaterThan "12" (Should match: true)]
    Start time:  2017/08/28 19:54:29
================================================================================





================================================================================
 TEST SUCCEEDED                                                                 
--------------------------------------------------------------------------------
    Test class:  LongQueryConditionTest
    Test method: runTest["21" GreaterThan "12" (Should match: true)]
    End time:    2017/08/28 19:54:29 (Duration: 0ms)
================================================================================





================================================================================
 TEST START                                                                     
--------------------------------------------------------------------------------
    Test class:  LongQueryConditionTest
    Test method: runTest["21" GreaterThan "21" (Should match: false)]
    Start time:  2017/08/28 19:54:29
================================================================================





================================================================================
 TEST SUCCEEDED                                                                 
--------------------------------------------------------------------------------
    Test class:  LongQueryConditionTest
    Test method: runTest["21" GreaterThan "21" (Should match: false)]
    End time:    2017/08/28 19:54:29 (Duration: 0ms)
================================================================================





================================================================================
 TEST START                                                                     
--------------------------------------------------------------------------------
    Test class:  LongQueryConditionTest
    Test method: runTest["-1" GreaterThan "21" (Should match: false)]
    Start time:  2017/08/28 19:54:29
================================================================================





================================================================================
 TEST SUCCEEDED                                                                 
--------------------------------------------------------------------------------
    Test class:  LongQueryConditionTest
    Test method: runTest["-1" GreaterThan "21" (Should match: false)]
    End time:    2017/08/28 19:54:29 (Duration: 0ms)
================================================================================





================================================================================
 TEST START                                                                     
--------------------------------------------------------------------------------
    Test class:  LongQueryConditionTest
    Test method: runTest["21" GreaterThanOrEqualTo "20" (Should match: true)]
    Start time:  2017/08/28 19:54:29
================================================================================





================================================================================
 TEST SUCCEEDED                                                                 
--------------------------------------------------------------------------------
    Test class:  LongQueryConditionTest
    Test method: runTest["21" GreaterThanOrEqualTo "20" (Should match: true)]
    End time:    2017/08/28 19:54:29 (Duration: 0ms)
================================================================================





================================================================================
 TEST START                                                                     
--------------------------------------------------------------------------------
    Test class:  LongQueryConditionTest
    Test method: runTest["21" GreaterThanOrEqualTo "12" (Should match: true)]
    Start time:  2017/08/28 19:54:29
================================================================================





================================================================================
 TEST SUCCEEDED                                                                 
--------------------------------------------------------------------------------
    Test class:  LongQueryConditionTest
    Test method: runTest["21" GreaterThanOrEqualTo "12" (Should match: true)]
    End time:    2017/08/28 19:54:29 (Duration: 0ms)
================================================================================





================================================================================
 TEST START                                                                     
--------------------------------------------------------------------------------
    Test class:  LongQueryConditionTest
    Test method: runTest["21" GreaterThanOrEqualTo "21" (Should match: true)]
    Start time:  2017/08/28 19:54:29
================================================================================





================================================================================
 TEST SUCCEEDED                                                                 
--------------------------------------------------------------------------------
    Test class:  LongQueryConditionTest
    Test method: runTest["21" GreaterThanOrEqualTo "21" (Should match: true)]
    End time:    2017/08/28 19:54:29 (Duration: 0ms)
================================================================================





================================================================================
 TEST START                                                                     
--------------------------------------------------------------------------------
    Test class:  LongQueryConditionTest
    Test method: runTest["-1" GreaterThanOrEqualTo "21" (Should match: false)]
    Start time:  2017/08/28 19:54:29
================================================================================





================================================================================
 TEST SUCCEEDED                                                                 
--------------------------------------------------------------------------------
    Test class:  LongQueryConditionTest
    Test method: runTest["-1" GreaterThanOrEqualTo "21" (Should match: false)]
    End time:    2017/08/28 19:54:29 (Duration: 0ms)
================================================================================



19:54:29.916 [Test worker] INFO  o.c.common.test.ChronosUnitTest - Attempting to delete temp directory provided at: C:\Users\Martin\AppData\Local\Temp\ChronoDBTest5529815287975316420
19:54:29.916 [Test worker] INFO  o.c.common.test.ChronosUnitTest - Successfully deleted temp directory
]]></system-out>
  <system-err><![CDATA[]]></system-err>
</testsuite>
