<?xml version="1.0" encoding="UTF-8"?>
<testsuite name="org.chronos.chronodb.test.engine.indexing.DocumentListBuilderTest" tests="4" skipped="0" failures="0" errors="0" timestamp="2017-08-28T17:52:12" hostname="Aurora" time="0.003">
  <properties/>
  <testcase name="canAddAndCloseDocuments" classname="org.chronos.chronodb.test.engine.indexing.DocumentListBuilderTest" time="0.001"/>
  <testcase name="retrievingIndexWithoutDocumentsProducesEmptySet" classname="org.chronos.chronodb.test.engine.indexing.DocumentListBuilderTest" time="0.0"/>
  <testcase name="cannotAccessBuilderAfterClosing" classname="org.chronos.chronodb.test.engine.indexing.DocumentListBuilderTest" time="0.0"/>
  <testcase name="canCreateDocumentListBuilder" classname="org.chronos.chronodb.test.engine.indexing.DocumentListBuilderTest" time="0.001"/>
  <system-out><![CDATA[19:52:12.617 [Test worker] INFO  o.c.common.test.ChronosUnitTest - Temp directory is provided at: C:\Users\Martin\AppData\Local\Temp\ChronoDBTest5529815287975316420


================================================================================
 TEST START                                                                     
--------------------------------------------------------------------------------
    Test class:  DocumentListBuilderTest
    Test method: canAddAndCloseDocuments
    Start time:  2017/08/28 19:52:12
================================================================================





================================================================================
 TEST SUCCEEDED                                                                 
--------------------------------------------------------------------------------
    Test class:  DocumentListBuilderTest
    Test method: canAddAndCloseDocuments
    End time:    2017/08/28 19:52:12 (Duration: 1ms)
================================================================================





================================================================================
 TEST START                                                                     
--------------------------------------------------------------------------------
    Test class:  DocumentListBuilderTest
    Test method: retrievingIndexWithoutDocumentsProducesEmptySet
    Start time:  2017/08/28 19:52:12
================================================================================





================================================================================
 TEST SUCCEEDED                                                                 
--------------------------------------------------------------------------------
    Test class:  DocumentListBuilderTest
    Test method: retrievingIndexWithoutDocumentsProducesEmptySet
    End time:    2017/08/28 19:52:12 (Duration: 0ms)
================================================================================





================================================================================
 TEST START                                                                     
--------------------------------------------------------------------------------
    Test class:  DocumentListBuilderTest
    Test method: cannotAccessBuilderAfterClosing
    Start time:  2017/08/28 19:52:12
================================================================================





================================================================================
 TEST SUCCEEDED                                                                 
--------------------------------------------------------------------------------
    Test class:  DocumentListBuilderTest
    Test method: cannotAccessBuilderAfterClosing
    End time:    2017/08/28 19:52:12 (Duration: 0ms)
================================================================================





================================================================================
 TEST START                                                                     
--------------------------------------------------------------------------------
    Test class:  DocumentListBuilderTest
    Test method: canCreateDocumentListBuilder
    Start time:  2017/08/28 19:52:12
================================================================================





================================================================================
 TEST SUCCEEDED                                                                 
--------------------------------------------------------------------------------
    Test class:  DocumentListBuilderTest
    Test method: canCreateDocumentListBuilder
    End time:    2017/08/28 19:52:12 (Duration: 1ms)
================================================================================



19:52:12.620 [Test worker] INFO  o.c.common.test.ChronosUnitTest - Attempting to delete temp directory provided at: C:\Users\Martin\AppData\Local\Temp\ChronoDBTest5529815287975316420
19:52:12.620 [Test worker] INFO  o.c.common.test.ChronosUnitTest - Successfully deleted temp directory
]]></system-out>
  <system-err><![CDATA[]]></system-err>
</testsuite>
