<?xml version="1.0" encoding="UTF-8"?>
<testsuite name="org.chronos.chronodb.test.settings.ChronoDBConfigurationTest" tests="5" skipped="0" failures="0" errors="0" timestamp="2017-08-28T17:54:29" hostname="Aurora" time="0.623">
  <properties/>
  <testcase name="debugModeIsAlwaysEnabledInTests[Using tupl]" classname="org.chronos.chronodb.test.settings.ChronoDBConfigurationTest" time="0.12"/>
  <testcase name="debugModeIsAlwaysEnabledInTests[Using inmemory]" classname="org.chronos.chronodb.test.settings.ChronoDBConfigurationTest" time="0.001"/>
  <testcase name="debugModeIsAlwaysEnabledInTests[Using chunked]" classname="org.chronos.chronodb.test.settings.ChronoDBConfigurationTest" time="0.217"/>
  <testcase name="debugModeIsAlwaysEnabledInTests[Using jdbc]" classname="org.chronos.chronodb.test.settings.ChronoDBConfigurationTest" time="0.016"/>
  <testcase name="debugModeIsAlwaysEnabledInTests[Using mapdb]" classname="org.chronos.chronodb.test.settings.ChronoDBConfigurationTest" time="0.269"/>
  <system-out><![CDATA[19:54:29.963 [Test worker] INFO  o.c.common.test.ChronosUnitTest - Temp directory is provided at: C:\Users\Martin\AppData\Local\Temp\ChronoDBTest5529815287975316420


================================================================================
 TEST START                                                                     
--------------------------------------------------------------------------------
    Test class:  ChronoDBConfigurationTest
    Test method: debugModeIsAlwaysEnabledInTests[Using tupl]
    Start time:  2017/08/28 19:54:29
================================================================================





================================================================================
 TEST SUCCEEDED                                                                 
--------------------------------------------------------------------------------
    Test class:  ChronoDBConfigurationTest
    Test method: debugModeIsAlwaysEnabledInTests[Using tupl]
    End time:    2017/08/28 19:54:30 (Duration: 119ms)
================================================================================





================================================================================
 TEST START                                                                     
--------------------------------------------------------------------------------
    Test class:  ChronoDBConfigurationTest
    Test method: debugModeIsAlwaysEnabledInTests[Using inmemory]
    Start time:  2017/08/28 19:54:30
================================================================================





================================================================================
 TEST SUCCEEDED                                                                 
--------------------------------------------------------------------------------
    Test class:  ChronoDBConfigurationTest
    Test method: debugModeIsAlwaysEnabledInTests[Using inmemory]
    End time:    2017/08/28 19:54:30 (Duration: 0ms)
================================================================================





================================================================================
 TEST START                                                                     
--------------------------------------------------------------------------------
    Test class:  ChronoDBConfigurationTest
    Test method: debugModeIsAlwaysEnabledInTests[Using chunked]
    Start time:  2017/08/28 19:54:30
================================================================================





================================================================================
 TEST SUCCEEDED                                                                 
--------------------------------------------------------------------------------
    Test class:  ChronoDBConfigurationTest
    Test method: debugModeIsAlwaysEnabledInTests[Using chunked]
    End time:    2017/08/28 19:54:30 (Duration: 217ms)
================================================================================





================================================================================
 TEST START                                                                     
--------------------------------------------------------------------------------
    Test class:  ChronoDBConfigurationTest
    Test method: debugModeIsAlwaysEnabledInTests[Using jdbc]
    Start time:  2017/08/28 19:54:30
================================================================================



19:54:30.301 [Test worker] DEBUG c.m.v.c.m.DynamicPooledDataSourceManagerMBean - MBean: com.mchange.v2.c3p0:type=PooledDataSource,identityToken=1hgeqrl9qbn6pz6yfah30|35e0dc11,name=1hgeqrl9qbn6pz6yfah30|35e0dc11 registered.
19:54:30.317 [Test worker] DEBUG c.m.v.c.m.DynamicPooledDataSourceManagerMBean - MBean: com.mchange.v2.c3p0:type=PooledDataSource,identityToken=1hgeqrl9qbn6pz6yfah30|35e0dc11,name=1hgeqrl9qbn6pz6yfah30|35e0dc11 unregistered, in order to be reregistered after update.
19:54:30.317 [Test worker] DEBUG c.m.v.c.m.DynamicPooledDataSourceManagerMBean - MBean: com.mchange.v2.c3p0:type=PooledDataSource,identityToken=1hgeqrl9qbn6pz6yfah30|35e0dc11,name=1hgeqrl9qbn6pz6yfah30|35e0dc11 registered.
19:54:30.317 [Test worker] INFO  c.m.v.c.i.AbstractPoolBackedDataSource - Initializing c3p0 pool... com.mchange.v2.c3p0.PoolBackedDataSource@5a97f2f8 [ connectionPoolDataSource -> com.mchange.v2.c3p0.WrapperConnectionPoolDataSource@e83c8df [ acquireIncrement -> 3, acquireRetryAttempts -> 30, acquireRetryDelay -> 1000, autoCommitOnClose -> false, automaticTestTable -> null, breakAfterAcquireFailure -> false, checkoutTimeout -> 0, connectionCustomizerClassName -> null, connectionTesterClassName -> com.mchange.v2.c3p0.impl.DefaultConnectionTester, contextClassLoaderSource -> caller, debugUnreturnedConnectionStackTraces -> false, factoryClassLocation -> null, forceIgnoreUnresolvedTransactions -> false, forceSynchronousCheckins -> false, identityToken -> 1hgeqrl9qbn6pz6yfah30|2dbcf9ba, idleConnectionTestPeriod -> 0, initialPoolSize -> 3, maxAdministrativeTaskTime -> 0, maxConnectionAge -> 0, maxIdleTime -> 0, maxIdleTimeExcessConnections -> 0, maxPoolSize -> 15, maxStatements -> 0, maxStatementsPerConnection -> 0, minPoolSize -> 3, nestedDataSource -> com.mchange.v2.c3p0.DriverManagerDataSource@c512fc73 [ description -> null, driverClass -> null, factoryClassLocation -> null, forceUseNamedDriverClass -> false, identityToken -> 1hgeqrl9qbn6pz6yfah30|427a2eb, jdbcUrl -> jdbc:h2:mem:8c9a4c29d8ab45ecb84cf3f2b66ca102, properties -> {} ], preferredTestQuery -> null, privilegeSpawnedThreads -> false, propertyCycle -> 0, statementCacheNumDeferredCloseThreads -> 0, testConnectionOnCheckin -> false, testConnectionOnCheckout -> false, unreturnedConnectionTimeout -> 0, usesTraditionalReflectiveProxies -> false; userOverrides: {} ], dataSourceName -> null, extensions -> {}, factoryClassLocation -> null, identityToken -> 1hgeqrl9qbn6pz6yfah30|35e0dc11, numHelperThreads -> 3 ]
19:54:30.317 [Test worker] DEBUG c.m.v.resourcepool.BasicResourcePool - com.mchange.v2.resourcepool.BasicResourcePool@3e6af190 config: [start -> 3; min -> 3; max -> 15; inc -> 3; num_acq_attempts -> 30; acq_attempt_delay -> 1000; check_idle_resources_delay -> 0; max_resource_age -> 0; max_idle_time -> 0; excess_max_idle_time -> 0; destroy_unreturned_resc_time -> 0; expiration_enforcement_delay -> 0; break_on_acquisition_failure -> false; debug_store_checkout_exceptions -> false; force_synchronous_checkins -> false]
19:54:30.317 [Test worker] DEBUG c.m.v.c.i.C3P0PooledConnectionPoolManager - Created new pool for auth, username (masked): 'null'.
19:54:30.317 [Test worker] DEBUG c.m.v.resourcepool.BasicResourcePool - acquire test -- pool size: 0; target_pool_size: 3; desired target? 1
19:54:30.317 [Test worker] DEBUG c.m.v.resourcepool.BasicResourcePool - awaitAvailable(): [unknown]
19:54:30.317 [Test worker] DEBUG c.m.v.c.m.ActiveManagementCoordinator - MBean: com.mchange.v2.c3p0:type=PooledDataSource,identityToken=1hgeqrl9qbn6pz6yfah30|35e0dc11,name=1hgeqrl9qbn6pz6yfah30|35e0dc11 unregistered.
19:54:30.317 [Test worker] DEBUG c.m.v.c.m.ActiveManagementCoordinator - C3P0Registry mbean unregistered.
19:54:30.317 [Resource Destroyer in BasicResourcePool.close()] DEBUG c.m.v.resourcepool.BasicResourcePool - Preparing to destroy resource: com.mchange.v2.c3p0.impl.NewPooledConnection@4e7f9b28
19:54:30.317 [Resource Destroyer in BasicResourcePool.close()] DEBUG c.m.v.c.i.C3P0PooledConnectionPool - Preparing to destroy PooledConnection: com.mchange.v2.c3p0.impl.NewPooledConnection@4e7f9b28
19:54:30.317 [Resource Destroyer in BasicResourcePool.close()] DEBUG c.m.v.c.i.C3P0PooledConnectionPool - Successfully destroyed PooledConnection: com.mchange.v2.c3p0.impl.NewPooledConnection@4e7f9b28
19:54:30.317 [Resource Destroyer in BasicResourcePool.close()] DEBUG c.m.v.resourcepool.BasicResourcePool - Successfully destroyed resource: com.mchange.v2.c3p0.impl.NewPooledConnection@4e7f9b28
19:54:30.317 [Resource Destroyer in BasicResourcePool.close()] DEBUG c.m.v.resourcepool.BasicResourcePool - Preparing to destroy resource: com.mchange.v2.c3p0.impl.NewPooledConnection@75e9c22e
19:54:30.317 [Resource Destroyer in BasicResourcePool.close()] DEBUG c.m.v.c.i.C3P0PooledConnectionPool - Preparing to destroy PooledConnection: com.mchange.v2.c3p0.impl.NewPooledConnection@75e9c22e
19:54:30.317 [Resource Destroyer in BasicResourcePool.close()] DEBUG c.m.v.c.i.C3P0PooledConnectionPool - Successfully destroyed PooledConnection: com.mchange.v2.c3p0.impl.NewPooledConnection@75e9c22e
19:54:30.317 [Resource Destroyer in BasicResourcePool.close()] DEBUG c.m.v.resourcepool.BasicResourcePool - Successfully destroyed resource: com.mchange.v2.c3p0.impl.NewPooledConnection@75e9c22e
19:54:30.317 [Resource Destroyer in BasicResourcePool.close()] DEBUG c.m.v.resourcepool.BasicResourcePool - Preparing to destroy resource: com.mchange.v2.c3p0.impl.NewPooledConnection@5118a6f7
19:54:30.317 [Resource Destroyer in BasicResourcePool.close()] DEBUG c.m.v.c.i.C3P0PooledConnectionPool - Preparing to destroy PooledConnection: com.mchange.v2.c3p0.impl.NewPooledConnection@5118a6f7
19:54:30.317 [Resource Destroyer in BasicResourcePool.close()] DEBUG c.m.v.c.i.C3P0PooledConnectionPool - Successfully destroyed PooledConnection: com.mchange.v2.c3p0.impl.NewPooledConnection@5118a6f7
19:54:30.317 [Resource Destroyer in BasicResourcePool.close()] DEBUG c.m.v.resourcepool.BasicResourcePool - Successfully destroyed resource: com.mchange.v2.c3p0.impl.NewPooledConnection@5118a6f7


================================================================================
 TEST SUCCEEDED                                                                 
--------------------------------------------------------------------------------
    Test class:  ChronoDBConfigurationTest
    Test method: debugModeIsAlwaysEnabledInTests[Using jdbc]
    End time:    2017/08/28 19:54:30 (Duration: 16ms)
================================================================================





================================================================================
 TEST START                                                                     
--------------------------------------------------------------------------------
    Test class:  ChronoDBConfigurationTest
    Test method: debugModeIsAlwaysEnabledInTests[Using mapdb]
    Start time:  2017/08/28 19:54:30
================================================================================





================================================================================
 TEST SUCCEEDED                                                                 
--------------------------------------------------------------------------------
    Test class:  ChronoDBConfigurationTest
    Test method: debugModeIsAlwaysEnabledInTests[Using mapdb]
    End time:    2017/08/28 19:54:30 (Duration: 269ms)
================================================================================



19:54:30.586 [Test worker] INFO  o.c.common.test.ChronosUnitTest - Attempting to delete temp directory provided at: C:\Users\Martin\AppData\Local\Temp\ChronoDBTest5529815287975316420
19:54:30.586 [Test worker] INFO  o.c.common.test.ChronosUnitTest - Successfully deleted temp directory
]]></system-out>
  <system-err><![CDATA[]]></system-err>
</testsuite>
