<?xml version="1.0" encoding="UTF-8"?>
<testsuite name="org.chronos.chronodb.test.engine.versioning.RangedGetTest" tests="25" skipped="0" failures="0" errors="0" timestamp="2017-08-28T17:54:20" hostname="Aurora" time="4.472">
  <properties/>
  <testcase name="rangedGetBehavesCorrectlyInCombinationWithDeletion[Using mapdb]" classname="org.chronos.chronodb.test.engine.versioning.RangedGetTest" time="0.447"/>
  <testcase name="rangedGetBehavesCorrectlyOnNonExistingKeys[Using mapdb]" classname="org.chronos.chronodb.test.engine.versioning.RangedGetTest" time="0.254"/>
  <testcase name="rangedGetBehavesCorrectlyInTemporalCornerCases[Using mapdb]" classname="org.chronos.chronodb.test.engine.versioning.RangedGetTest" time="0.401"/>
  <testcase name="rangedGetBehavesCorrectlyOnNonExistingKeyspaces[Using mapdb]" classname="org.chronos.chronodb.test.engine.versioning.RangedGetTest" time="0.201"/>
  <testcase name="rangedGetBehavesCorrectlyInMainCase[Using mapdb]" classname="org.chronos.chronodb.test.engine.versioning.RangedGetTest" time="0.549"/>
  <testcase name="rangedGetBehavesCorrectlyInCombinationWithDeletion[Using chunked]" classname="org.chronos.chronodb.test.engine.versioning.RangedGetTest" time="0.384"/>
  <testcase name="rangedGetBehavesCorrectlyOnNonExistingKeys[Using chunked]" classname="org.chronos.chronodb.test.engine.versioning.RangedGetTest" time="0.332"/>
  <testcase name="rangedGetBehavesCorrectlyInTemporalCornerCases[Using chunked]" classname="org.chronos.chronodb.test.engine.versioning.RangedGetTest" time="0.416"/>
  <testcase name="rangedGetBehavesCorrectlyOnNonExistingKeyspaces[Using chunked]" classname="org.chronos.chronodb.test.engine.versioning.RangedGetTest" time="0.301"/>
  <testcase name="rangedGetBehavesCorrectlyInMainCase[Using chunked]" classname="org.chronos.chronodb.test.engine.versioning.RangedGetTest" time="0.354"/>
  <testcase name="rangedGetBehavesCorrectlyInCombinationWithDeletion[Using tupl]" classname="org.chronos.chronodb.test.engine.versioning.RangedGetTest" time="0.116"/>
  <testcase name="rangedGetBehavesCorrectlyOnNonExistingKeys[Using tupl]" classname="org.chronos.chronodb.test.engine.versioning.RangedGetTest" time="0.084"/>
  <testcase name="rangedGetBehavesCorrectlyInTemporalCornerCases[Using tupl]" classname="org.chronos.chronodb.test.engine.versioning.RangedGetTest" time="0.116"/>
  <testcase name="rangedGetBehavesCorrectlyOnNonExistingKeyspaces[Using tupl]" classname="org.chronos.chronodb.test.engine.versioning.RangedGetTest" time="0.054"/>
  <testcase name="rangedGetBehavesCorrectlyInMainCase[Using tupl]" classname="org.chronos.chronodb.test.engine.versioning.RangedGetTest" time="0.148"/>
  <testcase name="rangedGetBehavesCorrectlyInCombinationWithDeletion[Using inmemory]" classname="org.chronos.chronodb.test.engine.versioning.RangedGetTest" time="0.031"/>
  <testcase name="rangedGetBehavesCorrectlyOnNonExistingKeys[Using inmemory]" classname="org.chronos.chronodb.test.engine.versioning.RangedGetTest" time="0.0"/>
  <testcase name="rangedGetBehavesCorrectlyInTemporalCornerCases[Using inmemory]" classname="org.chronos.chronodb.test.engine.versioning.RangedGetTest" time="0.037"/>
  <testcase name="rangedGetBehavesCorrectlyOnNonExistingKeyspaces[Using inmemory]" classname="org.chronos.chronodb.test.engine.versioning.RangedGetTest" time="0.0"/>
  <testcase name="rangedGetBehavesCorrectlyInMainCase[Using inmemory]" classname="org.chronos.chronodb.test.engine.versioning.RangedGetTest" time="0.046"/>
  <testcase name="rangedGetBehavesCorrectlyInCombinationWithDeletion[Using jdbc]" classname="org.chronos.chronodb.test.engine.versioning.RangedGetTest" time="0.054"/>
  <testcase name="rangedGetBehavesCorrectlyOnNonExistingKeys[Using jdbc]" classname="org.chronos.chronodb.test.engine.versioning.RangedGetTest" time="0.015"/>
  <testcase name="rangedGetBehavesCorrectlyInTemporalCornerCases[Using jdbc]" classname="org.chronos.chronodb.test.engine.versioning.RangedGetTest" time="0.047"/>
  <testcase name="rangedGetBehavesCorrectlyOnNonExistingKeyspaces[Using jdbc]" classname="org.chronos.chronodb.test.engine.versioning.RangedGetTest" time="0.021"/>
  <testcase name="rangedGetBehavesCorrectlyInMainCase[Using jdbc]" classname="org.chronos.chronodb.test.engine.versioning.RangedGetTest" time="0.064"/>
  <system-out><![CDATA[19:54:20.869 [Test worker] INFO  o.c.common.test.ChronosUnitTest - Temp directory is provided at: C:\Users\Martin\AppData\Local\Temp\ChronoDBTest5529815287975316420


================================================================================
 TEST START                                                                     
--------------------------------------------------------------------------------
    Test class:  RangedGetTest
    Test method: rangedGetBehavesCorrectlyInCombinationWithDeletion[Using mapdb]
    Start time:  2017/08/28 19:54:20
================================================================================





================================================================================
 TEST SUCCEEDED                                                                 
--------------------------------------------------------------------------------
    Test class:  RangedGetTest
    Test method: rangedGetBehavesCorrectlyInCombinationWithDeletion[Using mapdb]
    End time:    2017/08/28 19:54:21 (Duration: 447ms)
================================================================================





================================================================================
 TEST START                                                                     
--------------------------------------------------------------------------------
    Test class:  RangedGetTest
    Test method: rangedGetBehavesCorrectlyOnNonExistingKeys[Using mapdb]
    Start time:  2017/08/28 19:54:21
================================================================================





================================================================================
 TEST SUCCEEDED                                                                 
--------------------------------------------------------------------------------
    Test class:  RangedGetTest
    Test method: rangedGetBehavesCorrectlyOnNonExistingKeys[Using mapdb]
    End time:    2017/08/28 19:54:21 (Duration: 254ms)
================================================================================





================================================================================
 TEST START                                                                     
--------------------------------------------------------------------------------
    Test class:  RangedGetTest
    Test method: rangedGetBehavesCorrectlyInTemporalCornerCases[Using mapdb]
    Start time:  2017/08/28 19:54:21
================================================================================





================================================================================
 TEST SUCCEEDED                                                                 
--------------------------------------------------------------------------------
    Test class:  RangedGetTest
    Test method: rangedGetBehavesCorrectlyInTemporalCornerCases[Using mapdb]
    End time:    2017/08/28 19:54:21 (Duration: 401ms)
================================================================================





================================================================================
 TEST START                                                                     
--------------------------------------------------------------------------------
    Test class:  RangedGetTest
    Test method: rangedGetBehavesCorrectlyOnNonExistingKeyspaces[Using mapdb]
    Start time:  2017/08/28 19:54:21
================================================================================





================================================================================
 TEST SUCCEEDED                                                                 
--------------------------------------------------------------------------------
    Test class:  RangedGetTest
    Test method: rangedGetBehavesCorrectlyOnNonExistingKeyspaces[Using mapdb]
    End time:    2017/08/28 19:54:22 (Duration: 201ms)
================================================================================





================================================================================
 TEST START                                                                     
--------------------------------------------------------------------------------
    Test class:  RangedGetTest
    Test method: rangedGetBehavesCorrectlyInMainCase[Using mapdb]
    Start time:  2017/08/28 19:54:22
================================================================================





================================================================================
 TEST SUCCEEDED                                                                 
--------------------------------------------------------------------------------
    Test class:  RangedGetTest
    Test method: rangedGetBehavesCorrectlyInMainCase[Using mapdb]
    End time:    2017/08/28 19:54:22 (Duration: 549ms)
================================================================================





================================================================================
 TEST START                                                                     
--------------------------------------------------------------------------------
    Test class:  RangedGetTest
    Test method: rangedGetBehavesCorrectlyInCombinationWithDeletion[Using chunked]
    Start time:  2017/08/28 19:54:22
================================================================================





================================================================================
 TEST SUCCEEDED                                                                 
--------------------------------------------------------------------------------
    Test class:  RangedGetTest
    Test method: rangedGetBehavesCorrectlyInCombinationWithDeletion[Using chunked]
    End time:    2017/08/28 19:54:23 (Duration: 384ms)
================================================================================





================================================================================
 TEST START                                                                     
--------------------------------------------------------------------------------
    Test class:  RangedGetTest
    Test method: rangedGetBehavesCorrectlyOnNonExistingKeys[Using chunked]
    Start time:  2017/08/28 19:54:23
================================================================================





================================================================================
 TEST SUCCEEDED                                                                 
--------------------------------------------------------------------------------
    Test class:  RangedGetTest
    Test method: rangedGetBehavesCorrectlyOnNonExistingKeys[Using chunked]
    End time:    2017/08/28 19:54:23 (Duration: 332ms)
================================================================================





================================================================================
 TEST START                                                                     
--------------------------------------------------------------------------------
    Test class:  RangedGetTest
    Test method: rangedGetBehavesCorrectlyInTemporalCornerCases[Using chunked]
    Start time:  2017/08/28 19:54:23
================================================================================





================================================================================
 TEST SUCCEEDED                                                                 
--------------------------------------------------------------------------------
    Test class:  RangedGetTest
    Test method: rangedGetBehavesCorrectlyInTemporalCornerCases[Using chunked]
    End time:    2017/08/28 19:54:23 (Duration: 416ms)
================================================================================





================================================================================
 TEST START                                                                     
--------------------------------------------------------------------------------
    Test class:  RangedGetTest
    Test method: rangedGetBehavesCorrectlyOnNonExistingKeyspaces[Using chunked]
    Start time:  2017/08/28 19:54:23
================================================================================





================================================================================
 TEST SUCCEEDED                                                                 
--------------------------------------------------------------------------------
    Test class:  RangedGetTest
    Test method: rangedGetBehavesCorrectlyOnNonExistingKeyspaces[Using chunked]
    End time:    2017/08/28 19:54:24 (Duration: 301ms)
================================================================================





================================================================================
 TEST START                                                                     
--------------------------------------------------------------------------------
    Test class:  RangedGetTest
    Test method: rangedGetBehavesCorrectlyInMainCase[Using chunked]
    Start time:  2017/08/28 19:54:24
================================================================================





================================================================================
 TEST SUCCEEDED                                                                 
--------------------------------------------------------------------------------
    Test class:  RangedGetTest
    Test method: rangedGetBehavesCorrectlyInMainCase[Using chunked]
    End time:    2017/08/28 19:54:24 (Duration: 354ms)
================================================================================





================================================================================
 TEST START                                                                     
--------------------------------------------------------------------------------
    Test class:  RangedGetTest
    Test method: rangedGetBehavesCorrectlyInCombinationWithDeletion[Using tupl]
    Start time:  2017/08/28 19:54:24
================================================================================





================================================================================
 TEST SUCCEEDED                                                                 
--------------------------------------------------------------------------------
    Test class:  RangedGetTest
    Test method: rangedGetBehavesCorrectlyInCombinationWithDeletion[Using tupl]
    End time:    2017/08/28 19:54:24 (Duration: 116ms)
================================================================================





================================================================================
 TEST START                                                                     
--------------------------------------------------------------------------------
    Test class:  RangedGetTest
    Test method: rangedGetBehavesCorrectlyOnNonExistingKeys[Using tupl]
    Start time:  2017/08/28 19:54:24
================================================================================





================================================================================
 TEST SUCCEEDED                                                                 
--------------------------------------------------------------------------------
    Test class:  RangedGetTest
    Test method: rangedGetBehavesCorrectlyOnNonExistingKeys[Using tupl]
    End time:    2017/08/28 19:54:24 (Duration: 84ms)
================================================================================





================================================================================
 TEST START                                                                     
--------------------------------------------------------------------------------
    Test class:  RangedGetTest
    Test method: rangedGetBehavesCorrectlyInTemporalCornerCases[Using tupl]
    Start time:  2017/08/28 19:54:24
================================================================================





================================================================================
 TEST SUCCEEDED                                                                 
--------------------------------------------------------------------------------
    Test class:  RangedGetTest
    Test method: rangedGetBehavesCorrectlyInTemporalCornerCases[Using tupl]
    End time:    2017/08/28 19:54:24 (Duration: 116ms)
================================================================================





================================================================================
 TEST START                                                                     
--------------------------------------------------------------------------------
    Test class:  RangedGetTest
    Test method: rangedGetBehavesCorrectlyOnNonExistingKeyspaces[Using tupl]
    Start time:  2017/08/28 19:54:24
================================================================================





================================================================================
 TEST SUCCEEDED                                                                 
--------------------------------------------------------------------------------
    Test class:  RangedGetTest
    Test method: rangedGetBehavesCorrectlyOnNonExistingKeyspaces[Using tupl]
    End time:    2017/08/28 19:54:24 (Duration: 54ms)
================================================================================





================================================================================
 TEST START                                                                     
--------------------------------------------------------------------------------
    Test class:  RangedGetTest
    Test method: rangedGetBehavesCorrectlyInMainCase[Using tupl]
    Start time:  2017/08/28 19:54:24
================================================================================





================================================================================
 TEST SUCCEEDED                                                                 
--------------------------------------------------------------------------------
    Test class:  RangedGetTest
    Test method: rangedGetBehavesCorrectlyInMainCase[Using tupl]
    End time:    2017/08/28 19:54:25 (Duration: 148ms)
================================================================================





================================================================================
 TEST START                                                                     
--------------------------------------------------------------------------------
    Test class:  RangedGetTest
    Test method: rangedGetBehavesCorrectlyInCombinationWithDeletion[Using inmemory]
    Start time:  2017/08/28 19:54:25
================================================================================





================================================================================
 TEST SUCCEEDED                                                                 
--------------------------------------------------------------------------------
    Test class:  RangedGetTest
    Test method: rangedGetBehavesCorrectlyInCombinationWithDeletion[Using inmemory]
    End time:    2017/08/28 19:54:25 (Duration: 31ms)
================================================================================





================================================================================
 TEST START                                                                     
--------------------------------------------------------------------------------
    Test class:  RangedGetTest
    Test method: rangedGetBehavesCorrectlyOnNonExistingKeys[Using inmemory]
    Start time:  2017/08/28 19:54:25
================================================================================





================================================================================
 TEST SUCCEEDED                                                                 
--------------------------------------------------------------------------------
    Test class:  RangedGetTest
    Test method: rangedGetBehavesCorrectlyOnNonExistingKeys[Using inmemory]
    End time:    2017/08/28 19:54:25 (Duration: 0ms)
================================================================================





================================================================================
 TEST START                                                                     
--------------------------------------------------------------------------------
    Test class:  RangedGetTest
    Test method: rangedGetBehavesCorrectlyInTemporalCornerCases[Using inmemory]
    Start time:  2017/08/28 19:54:25
================================================================================





================================================================================
 TEST SUCCEEDED                                                                 
--------------------------------------------------------------------------------
    Test class:  RangedGetTest
    Test method: rangedGetBehavesCorrectlyInTemporalCornerCases[Using inmemory]
    End time:    2017/08/28 19:54:25 (Duration: 37ms)
================================================================================





================================================================================
 TEST START                                                                     
--------------------------------------------------------------------------------
    Test class:  RangedGetTest
    Test method: rangedGetBehavesCorrectlyOnNonExistingKeyspaces[Using inmemory]
    Start time:  2017/08/28 19:54:25
================================================================================





================================================================================
 TEST SUCCEEDED                                                                 
--------------------------------------------------------------------------------
    Test class:  RangedGetTest
    Test method: rangedGetBehavesCorrectlyOnNonExistingKeyspaces[Using inmemory]
    End time:    2017/08/28 19:54:25 (Duration: 0ms)
================================================================================





================================================================================
 TEST START                                                                     
--------------------------------------------------------------------------------
    Test class:  RangedGetTest
    Test method: rangedGetBehavesCorrectlyInMainCase[Using inmemory]
    Start time:  2017/08/28 19:54:25
================================================================================





================================================================================
 TEST SUCCEEDED                                                                 
--------------------------------------------------------------------------------
    Test class:  RangedGetTest
    Test method: rangedGetBehavesCorrectlyInMainCase[Using inmemory]
    End time:    2017/08/28 19:54:25 (Duration: 46ms)
================================================================================





================================================================================
 TEST START                                                                     
--------------------------------------------------------------------------------
    Test class:  RangedGetTest
    Test method: rangedGetBehavesCorrectlyInCombinationWithDeletion[Using jdbc]
    Start time:  2017/08/28 19:54:25
================================================================================



19:54:25.140 [Test worker] DEBUG c.m.v.c.m.DynamicPooledDataSourceManagerMBean - MBean: com.mchange.v2.c3p0:type=PooledDataSource,identityToken=1hgeqrl9qbn6pz6yfah30|5e7f3259,name=1hgeqrl9qbn6pz6yfah30|5e7f3259 registered.
19:54:25.140 [Test worker] DEBUG c.m.v.c.m.DynamicPooledDataSourceManagerMBean - MBean: com.mchange.v2.c3p0:type=PooledDataSource,identityToken=1hgeqrl9qbn6pz6yfah30|5e7f3259,name=1hgeqrl9qbn6pz6yfah30|5e7f3259 unregistered, in order to be reregistered after update.
19:54:25.140 [Test worker] DEBUG c.m.v.c.m.DynamicPooledDataSourceManagerMBean - MBean: com.mchange.v2.c3p0:type=PooledDataSource,identityToken=1hgeqrl9qbn6pz6yfah30|5e7f3259,name=1hgeqrl9qbn6pz6yfah30|5e7f3259 registered.
19:54:25.140 [Test worker] INFO  c.m.v.c.i.AbstractPoolBackedDataSource - Initializing c3p0 pool... com.mchange.v2.c3p0.PoolBackedDataSource@eb477202 [ connectionPoolDataSource -> com.mchange.v2.c3p0.WrapperConnectionPoolDataSource@80369af3 [ acquireIncrement -> 3, acquireRetryAttempts -> 30, acquireRetryDelay -> 1000, autoCommitOnClose -> false, automaticTestTable -> null, breakAfterAcquireFailure -> false, checkoutTimeout -> 0, connectionCustomizerClassName -> null, connectionTesterClassName -> com.mchange.v2.c3p0.impl.DefaultConnectionTester, contextClassLoaderSource -> caller, debugUnreturnedConnectionStackTraces -> false, factoryClassLocation -> null, forceIgnoreUnresolvedTransactions -> false, forceSynchronousCheckins -> false, identityToken -> 1hgeqrl9qbn6pz6yfah30|522811e3, idleConnectionTestPeriod -> 0, initialPoolSize -> 3, maxAdministrativeTaskTime -> 0, maxConnectionAge -> 0, maxIdleTime -> 0, maxIdleTimeExcessConnections -> 0, maxPoolSize -> 15, maxStatements -> 0, maxStatementsPerConnection -> 0, minPoolSize -> 3, nestedDataSource -> com.mchange.v2.c3p0.DriverManagerDataSource@8c7fa6d9 [ description -> null, driverClass -> null, factoryClassLocation -> null, forceUseNamedDriverClass -> false, identityToken -> 1hgeqrl9qbn6pz6yfah30|26dd847b, jdbcUrl -> jdbc:h2:mem:c063322787b54629b13b3f50f5bc1f4e, properties -> {} ], preferredTestQuery -> null, privilegeSpawnedThreads -> false, propertyCycle -> 0, statementCacheNumDeferredCloseThreads -> 0, testConnectionOnCheckin -> false, testConnectionOnCheckout -> false, unreturnedConnectionTimeout -> 0, usesTraditionalReflectiveProxies -> false; userOverrides: {} ], dataSourceName -> null, extensions -> {}, factoryClassLocation -> null, identityToken -> 1hgeqrl9qbn6pz6yfah30|5e7f3259, numHelperThreads -> 3 ]
19:54:25.140 [Test worker] DEBUG c.m.v.resourcepool.BasicResourcePool - com.mchange.v2.resourcepool.BasicResourcePool@5ad68d3a config: [start -> 3; min -> 3; max -> 15; inc -> 3; num_acq_attempts -> 30; acq_attempt_delay -> 1000; check_idle_resources_delay -> 0; max_resource_age -> 0; max_idle_time -> 0; excess_max_idle_time -> 0; destroy_unreturned_resc_time -> 0; expiration_enforcement_delay -> 0; break_on_acquisition_failure -> false; debug_store_checkout_exceptions -> false; force_synchronous_checkins -> false]
19:54:25.140 [Test worker] DEBUG c.m.v.c.i.C3P0PooledConnectionPoolManager - Created new pool for auth, username (masked): 'null'.
19:54:25.140 [Test worker] DEBUG c.m.v.resourcepool.BasicResourcePool - acquire test -- pool size: 0; target_pool_size: 3; desired target? 1
19:54:25.140 [Test worker] DEBUG c.m.v.resourcepool.BasicResourcePool - awaitAvailable(): [unknown]
19:54:25.194 [Test worker] DEBUG c.m.v.c.m.ActiveManagementCoordinator - MBean: com.mchange.v2.c3p0:type=PooledDataSource,identityToken=1hgeqrl9qbn6pz6yfah30|5e7f3259,name=1hgeqrl9qbn6pz6yfah30|5e7f3259 unregistered.
19:54:25.194 [Test worker] DEBUG c.m.v.c.m.ActiveManagementCoordinator - C3P0Registry mbean unregistered.
19:54:25.194 [Resource Destroyer in BasicResourcePool.close()] DEBUG c.m.v.resourcepool.BasicResourcePool - Preparing to destroy resource: com.mchange.v2.c3p0.impl.NewPooledConnection@6f3b94e9
19:54:25.194 [Resource Destroyer in BasicResourcePool.close()] DEBUG c.m.v.c.i.C3P0PooledConnectionPool - Preparing to destroy PooledConnection: com.mchange.v2.c3p0.impl.NewPooledConnection@6f3b94e9
19:54:25.194 [Resource Destroyer in BasicResourcePool.close()] DEBUG c.m.v.c.i.C3P0PooledConnectionPool - Successfully destroyed PooledConnection: com.mchange.v2.c3p0.impl.NewPooledConnection@6f3b94e9
19:54:25.194 [Resource Destroyer in BasicResourcePool.close()] DEBUG c.m.v.resourcepool.BasicResourcePool - Successfully destroyed resource: com.mchange.v2.c3p0.impl.NewPooledConnection@6f3b94e9
19:54:25.194 [Resource Destroyer in BasicResourcePool.close()] DEBUG c.m.v.resourcepool.BasicResourcePool - Preparing to destroy resource: com.mchange.v2.c3p0.impl.NewPooledConnection@49b18d1c
19:54:25.194 [Resource Destroyer in BasicResourcePool.close()] DEBUG c.m.v.c.i.C3P0PooledConnectionPool - Preparing to destroy PooledConnection: com.mchange.v2.c3p0.impl.NewPooledConnection@49b18d1c
19:54:25.194 [Resource Destroyer in BasicResourcePool.close()] DEBUG c.m.v.c.i.C3P0PooledConnectionPool - Successfully destroyed PooledConnection: com.mchange.v2.c3p0.impl.NewPooledConnection@49b18d1c
19:54:25.194 [Resource Destroyer in BasicResourcePool.close()] DEBUG c.m.v.resourcepool.BasicResourcePool - Successfully destroyed resource: com.mchange.v2.c3p0.impl.NewPooledConnection@49b18d1c
19:54:25.194 [Resource Destroyer in BasicResourcePool.close()] DEBUG c.m.v.resourcepool.BasicResourcePool - Preparing to destroy resource: com.mchange.v2.c3p0.impl.NewPooledConnection@2dfe4ba9
19:54:25.194 [Resource Destroyer in BasicResourcePool.close()] DEBUG c.m.v.c.i.C3P0PooledConnectionPool - Preparing to destroy PooledConnection: com.mchange.v2.c3p0.impl.NewPooledConnection@2dfe4ba9
19:54:25.194 [Resource Destroyer in BasicResourcePool.close()] DEBUG c.m.v.c.i.C3P0PooledConnectionPool - Successfully destroyed PooledConnection: com.mchange.v2.c3p0.impl.NewPooledConnection@2dfe4ba9
19:54:25.194 [Resource Destroyer in BasicResourcePool.close()] DEBUG c.m.v.resourcepool.BasicResourcePool - Successfully destroyed resource: com.mchange.v2.c3p0.impl.NewPooledConnection@2dfe4ba9


================================================================================
 TEST SUCCEEDED                                                                 
--------------------------------------------------------------------------------
    Test class:  RangedGetTest
    Test method: rangedGetBehavesCorrectlyInCombinationWithDeletion[Using jdbc]
    End time:    2017/08/28 19:54:25 (Duration: 54ms)
================================================================================





================================================================================
 TEST START                                                                     
--------------------------------------------------------------------------------
    Test class:  RangedGetTest
    Test method: rangedGetBehavesCorrectlyOnNonExistingKeys[Using jdbc]
    Start time:  2017/08/28 19:54:25
================================================================================



19:54:25.194 [Test worker] DEBUG c.m.v.c.m.DynamicPooledDataSourceManagerMBean - MBean: com.mchange.v2.c3p0:type=PooledDataSource,identityToken=1hgeqrl9qbn6pz6yfah30|76d0951a,name=1hgeqrl9qbn6pz6yfah30|76d0951a registered.
19:54:25.194 [Test worker] DEBUG c.m.v.c.m.DynamicPooledDataSourceManagerMBean - MBean: com.mchange.v2.c3p0:type=PooledDataSource,identityToken=1hgeqrl9qbn6pz6yfah30|76d0951a,name=1hgeqrl9qbn6pz6yfah30|76d0951a unregistered, in order to be reregistered after update.
19:54:25.194 [Test worker] DEBUG c.m.v.c.m.DynamicPooledDataSourceManagerMBean - MBean: com.mchange.v2.c3p0:type=PooledDataSource,identityToken=1hgeqrl9qbn6pz6yfah30|76d0951a,name=1hgeqrl9qbn6pz6yfah30|76d0951a registered.
19:54:25.194 [Test worker] INFO  c.m.v.c.i.AbstractPoolBackedDataSource - Initializing c3p0 pool... com.mchange.v2.c3p0.PoolBackedDataSource@87f6154d [ connectionPoolDataSource -> com.mchange.v2.c3p0.WrapperConnectionPoolDataSource@91e982b7 [ acquireIncrement -> 3, acquireRetryAttempts -> 30, acquireRetryDelay -> 1000, autoCommitOnClose -> false, automaticTestTable -> null, breakAfterAcquireFailure -> false, checkoutTimeout -> 0, connectionCustomizerClassName -> null, connectionTesterClassName -> com.mchange.v2.c3p0.impl.DefaultConnectionTester, contextClassLoaderSource -> caller, debugUnreturnedConnectionStackTraces -> false, factoryClassLocation -> null, forceIgnoreUnresolvedTransactions -> false, forceSynchronousCheckins -> false, identityToken -> 1hgeqrl9qbn6pz6yfah30|2c4ce1ef, idleConnectionTestPeriod -> 0, initialPoolSize -> 3, maxAdministrativeTaskTime -> 0, maxConnectionAge -> 0, maxIdleTime -> 0, maxIdleTimeExcessConnections -> 0, maxPoolSize -> 15, maxStatements -> 0, maxStatementsPerConnection -> 0, minPoolSize -> 3, nestedDataSource -> com.mchange.v2.c3p0.DriverManagerDataSource@7479228b [ description -> null, driverClass -> null, factoryClassLocation -> null, forceUseNamedDriverClass -> false, identityToken -> 1hgeqrl9qbn6pz6yfah30|158b5d62, jdbcUrl -> jdbc:h2:mem:88ec8c6e70d549568f5403c1d8ea85ea, properties -> {} ], preferredTestQuery -> null, privilegeSpawnedThreads -> false, propertyCycle -> 0, statementCacheNumDeferredCloseThreads -> 0, testConnectionOnCheckin -> false, testConnectionOnCheckout -> false, unreturnedConnectionTimeout -> 0, usesTraditionalReflectiveProxies -> false; userOverrides: {} ], dataSourceName -> null, extensions -> {}, factoryClassLocation -> null, identityToken -> 1hgeqrl9qbn6pz6yfah30|76d0951a, numHelperThreads -> 3 ]
19:54:25.194 [Test worker] DEBUG c.m.v.resourcepool.BasicResourcePool - com.mchange.v2.resourcepool.BasicResourcePool@383473e9 config: [start -> 3; min -> 3; max -> 15; inc -> 3; num_acq_attempts -> 30; acq_attempt_delay -> 1000; check_idle_resources_delay -> 0; max_resource_age -> 0; max_idle_time -> 0; excess_max_idle_time -> 0; destroy_unreturned_resc_time -> 0; expiration_enforcement_delay -> 0; break_on_acquisition_failure -> false; debug_store_checkout_exceptions -> false; force_synchronous_checkins -> false]
19:54:25.194 [Test worker] DEBUG c.m.v.c.i.C3P0PooledConnectionPoolManager - Created new pool for auth, username (masked): 'null'.
19:54:25.194 [Test worker] DEBUG c.m.v.resourcepool.BasicResourcePool - acquire test -- pool size: 0; target_pool_size: 3; desired target? 1
19:54:25.194 [Test worker] DEBUG c.m.v.resourcepool.BasicResourcePool - awaitAvailable(): [unknown]
19:54:25.209 [Test worker] DEBUG c.m.v.c.m.ActiveManagementCoordinator - MBean: com.mchange.v2.c3p0:type=PooledDataSource,identityToken=1hgeqrl9qbn6pz6yfah30|76d0951a,name=1hgeqrl9qbn6pz6yfah30|76d0951a unregistered.
19:54:25.209 [Test worker] DEBUG c.m.v.c.m.ActiveManagementCoordinator - C3P0Registry mbean unregistered.
19:54:25.209 [Resource Destroyer in BasicResourcePool.close()] DEBUG c.m.v.resourcepool.BasicResourcePool - Preparing to destroy resource: com.mchange.v2.c3p0.impl.NewPooledConnection@28e33e7b
19:54:25.209 [Resource Destroyer in BasicResourcePool.close()] DEBUG c.m.v.c.i.C3P0PooledConnectionPool - Preparing to destroy PooledConnection: com.mchange.v2.c3p0.impl.NewPooledConnection@28e33e7b
19:54:25.209 [Resource Destroyer in BasicResourcePool.close()] DEBUG c.m.v.c.i.C3P0PooledConnectionPool - Successfully destroyed PooledConnection: com.mchange.v2.c3p0.impl.NewPooledConnection@28e33e7b
19:54:25.209 [Resource Destroyer in BasicResourcePool.close()] DEBUG c.m.v.resourcepool.BasicResourcePool - Successfully destroyed resource: com.mchange.v2.c3p0.impl.NewPooledConnection@28e33e7b
19:54:25.209 [Resource Destroyer in BasicResourcePool.close()] DEBUG c.m.v.resourcepool.BasicResourcePool - Preparing to destroy resource: com.mchange.v2.c3p0.impl.NewPooledConnection@50298c4a
19:54:25.209 [Resource Destroyer in BasicResourcePool.close()] DEBUG c.m.v.c.i.C3P0PooledConnectionPool - Preparing to destroy PooledConnection: com.mchange.v2.c3p0.impl.NewPooledConnection@50298c4a
19:54:25.209 [Resource Destroyer in BasicResourcePool.close()] DEBUG c.m.v.c.i.C3P0PooledConnectionPool - Successfully destroyed PooledConnection: com.mchange.v2.c3p0.impl.NewPooledConnection@50298c4a
19:54:25.209 [Resource Destroyer in BasicResourcePool.close()] DEBUG c.m.v.resourcepool.BasicResourcePool - Successfully destroyed resource: com.mchange.v2.c3p0.impl.NewPooledConnection@50298c4a
19:54:25.209 [Resource Destroyer in BasicResourcePool.close()] DEBUG c.m.v.resourcepool.BasicResourcePool - Preparing to destroy resource: com.mchange.v2.c3p0.impl.NewPooledConnection@241b167d
19:54:25.209 [Resource Destroyer in BasicResourcePool.close()] DEBUG c.m.v.c.i.C3P0PooledConnectionPool - Preparing to destroy PooledConnection: com.mchange.v2.c3p0.impl.NewPooledConnection@241b167d
19:54:25.209 [Resource Destroyer in BasicResourcePool.close()] DEBUG c.m.v.c.i.C3P0PooledConnectionPool - Successfully destroyed PooledConnection: com.mchange.v2.c3p0.impl.NewPooledConnection@241b167d
19:54:25.209 [Resource Destroyer in BasicResourcePool.close()] DEBUG c.m.v.resourcepool.BasicResourcePool - Successfully destroyed resource: com.mchange.v2.c3p0.impl.NewPooledConnection@241b167d


================================================================================
 TEST SUCCEEDED                                                                 
--------------------------------------------------------------------------------
    Test class:  RangedGetTest
    Test method: rangedGetBehavesCorrectlyOnNonExistingKeys[Using jdbc]
    End time:    2017/08/28 19:54:25 (Duration: 15ms)
================================================================================





================================================================================
 TEST START                                                                     
--------------------------------------------------------------------------------
    Test class:  RangedGetTest
    Test method: rangedGetBehavesCorrectlyInTemporalCornerCases[Using jdbc]
    Start time:  2017/08/28 19:54:25
================================================================================



19:54:25.209 [Test worker] DEBUG c.m.v.c.m.DynamicPooledDataSourceManagerMBean - MBean: com.mchange.v2.c3p0:type=PooledDataSource,identityToken=1hgeqrl9qbn6pz6yfah30|40317f3b,name=1hgeqrl9qbn6pz6yfah30|40317f3b registered.
19:54:25.209 [Test worker] DEBUG c.m.v.c.m.DynamicPooledDataSourceManagerMBean - MBean: com.mchange.v2.c3p0:type=PooledDataSource,identityToken=1hgeqrl9qbn6pz6yfah30|40317f3b,name=1hgeqrl9qbn6pz6yfah30|40317f3b unregistered, in order to be reregistered after update.
19:54:25.209 [Test worker] DEBUG c.m.v.c.m.DynamicPooledDataSourceManagerMBean - MBean: com.mchange.v2.c3p0:type=PooledDataSource,identityToken=1hgeqrl9qbn6pz6yfah30|40317f3b,name=1hgeqrl9qbn6pz6yfah30|40317f3b registered.
19:54:25.209 [Test worker] INFO  c.m.v.c.i.AbstractPoolBackedDataSource - Initializing c3p0 pool... com.mchange.v2.c3p0.PoolBackedDataSource@508e8eec [ connectionPoolDataSource -> com.mchange.v2.c3p0.WrapperConnectionPoolDataSource@bfe8d105 [ acquireIncrement -> 3, acquireRetryAttempts -> 30, acquireRetryDelay -> 1000, autoCommitOnClose -> false, automaticTestTable -> null, breakAfterAcquireFailure -> false, checkoutTimeout -> 0, connectionCustomizerClassName -> null, connectionTesterClassName -> com.mchange.v2.c3p0.impl.DefaultConnectionTester, contextClassLoaderSource -> caller, debugUnreturnedConnectionStackTraces -> false, factoryClassLocation -> null, forceIgnoreUnresolvedTransactions -> false, forceSynchronousCheckins -> false, identityToken -> 1hgeqrl9qbn6pz6yfah30|1d7b78cc, idleConnectionTestPeriod -> 0, initialPoolSize -> 3, maxAdministrativeTaskTime -> 0, maxConnectionAge -> 0, maxIdleTime -> 0, maxIdleTimeExcessConnections -> 0, maxPoolSize -> 15, maxStatements -> 0, maxStatementsPerConnection -> 0, minPoolSize -> 3, nestedDataSource -> com.mchange.v2.c3p0.DriverManagerDataSource@333a9bb [ description -> null, driverClass -> null, factoryClassLocation -> null, forceUseNamedDriverClass -> false, identityToken -> 1hgeqrl9qbn6pz6yfah30|1c04ed0d, jdbcUrl -> jdbc:h2:mem:53a2c860b3c74c3bbd78bf44e2165665, properties -> {} ], preferredTestQuery -> null, privilegeSpawnedThreads -> false, propertyCycle -> 0, statementCacheNumDeferredCloseThreads -> 0, testConnectionOnCheckin -> false, testConnectionOnCheckout -> false, unreturnedConnectionTimeout -> 0, usesTraditionalReflectiveProxies -> false; userOverrides: {} ], dataSourceName -> null, extensions -> {}, factoryClassLocation -> null, identityToken -> 1hgeqrl9qbn6pz6yfah30|40317f3b, numHelperThreads -> 3 ]
19:54:25.209 [Test worker] DEBUG c.m.v.resourcepool.BasicResourcePool - com.mchange.v2.resourcepool.BasicResourcePool@29759bd2 config: [start -> 3; min -> 3; max -> 15; inc -> 3; num_acq_attempts -> 30; acq_attempt_delay -> 1000; check_idle_resources_delay -> 0; max_resource_age -> 0; max_idle_time -> 0; excess_max_idle_time -> 0; destroy_unreturned_resc_time -> 0; expiration_enforcement_delay -> 0; break_on_acquisition_failure -> false; debug_store_checkout_exceptions -> false; force_synchronous_checkins -> false]
19:54:25.209 [Test worker] DEBUG c.m.v.c.i.C3P0PooledConnectionPoolManager - Created new pool for auth, username (masked): 'null'.
19:54:25.209 [Test worker] DEBUG c.m.v.resourcepool.BasicResourcePool - acquire test -- pool size: 0; target_pool_size: 3; desired target? 1
19:54:25.209 [Test worker] DEBUG c.m.v.resourcepool.BasicResourcePool - awaitAvailable(): [unknown]
19:54:25.256 [Test worker] DEBUG c.m.v.c.m.ActiveManagementCoordinator - MBean: com.mchange.v2.c3p0:type=PooledDataSource,identityToken=1hgeqrl9qbn6pz6yfah30|40317f3b,name=1hgeqrl9qbn6pz6yfah30|40317f3b unregistered.
19:54:25.256 [Test worker] DEBUG c.m.v.c.m.ActiveManagementCoordinator - C3P0Registry mbean unregistered.
19:54:25.256 [Resource Destroyer in BasicResourcePool.close()] DEBUG c.m.v.resourcepool.BasicResourcePool - Preparing to destroy resource: com.mchange.v2.c3p0.impl.NewPooledConnection@c8a5e18
19:54:25.256 [Resource Destroyer in BasicResourcePool.close()] DEBUG c.m.v.c.i.C3P0PooledConnectionPool - Preparing to destroy PooledConnection: com.mchange.v2.c3p0.impl.NewPooledConnection@c8a5e18
19:54:25.256 [Resource Destroyer in BasicResourcePool.close()] DEBUG c.m.v.c.i.C3P0PooledConnectionPool - Successfully destroyed PooledConnection: com.mchange.v2.c3p0.impl.NewPooledConnection@c8a5e18
19:54:25.256 [Resource Destroyer in BasicResourcePool.close()] DEBUG c.m.v.resourcepool.BasicResourcePool - Successfully destroyed resource: com.mchange.v2.c3p0.impl.NewPooledConnection@c8a5e18
19:54:25.256 [Resource Destroyer in BasicResourcePool.close()] DEBUG c.m.v.resourcepool.BasicResourcePool - Preparing to destroy resource: com.mchange.v2.c3p0.impl.NewPooledConnection@5fead018
19:54:25.256 [Resource Destroyer in BasicResourcePool.close()] DEBUG c.m.v.c.i.C3P0PooledConnectionPool - Preparing to destroy PooledConnection: com.mchange.v2.c3p0.impl.NewPooledConnection@5fead018
19:54:25.256 [Resource Destroyer in BasicResourcePool.close()] DEBUG c.m.v.c.i.C3P0PooledConnectionPool - Successfully destroyed PooledConnection: com.mchange.v2.c3p0.impl.NewPooledConnection@5fead018
19:54:25.256 [Resource Destroyer in BasicResourcePool.close()] DEBUG c.m.v.resourcepool.BasicResourcePool - Successfully destroyed resource: com.mchange.v2.c3p0.impl.NewPooledConnection@5fead018
19:54:25.256 [Resource Destroyer in BasicResourcePool.close()] DEBUG c.m.v.resourcepool.BasicResourcePool - Preparing to destroy resource: com.mchange.v2.c3p0.impl.NewPooledConnection@22fe28b8
19:54:25.256 [Resource Destroyer in BasicResourcePool.close()] DEBUG c.m.v.c.i.C3P0PooledConnectionPool - Preparing to destroy PooledConnection: com.mchange.v2.c3p0.impl.NewPooledConnection@22fe28b8
19:54:25.256 [Resource Destroyer in BasicResourcePool.close()] DEBUG c.m.v.c.i.C3P0PooledConnectionPool - Successfully destroyed PooledConnection: com.mchange.v2.c3p0.impl.NewPooledConnection@22fe28b8
19:54:25.256 [Resource Destroyer in BasicResourcePool.close()] DEBUG c.m.v.resourcepool.BasicResourcePool - Successfully destroyed resource: com.mchange.v2.c3p0.impl.NewPooledConnection@22fe28b8


================================================================================
 TEST SUCCEEDED                                                                 
--------------------------------------------------------------------------------
    Test class:  RangedGetTest
    Test method: rangedGetBehavesCorrectlyInTemporalCornerCases[Using jdbc]
    End time:    2017/08/28 19:54:25 (Duration: 47ms)
================================================================================





================================================================================
 TEST START                                                                     
--------------------------------------------------------------------------------
    Test class:  RangedGetTest
    Test method: rangedGetBehavesCorrectlyOnNonExistingKeyspaces[Using jdbc]
    Start time:  2017/08/28 19:54:25
================================================================================



19:54:25.256 [Test worker] DEBUG c.m.v.c.m.DynamicPooledDataSourceManagerMBean - MBean: com.mchange.v2.c3p0:type=PooledDataSource,identityToken=1hgeqrl9qbn6pz6yfah30|6c0ae59b,name=1hgeqrl9qbn6pz6yfah30|6c0ae59b registered.
19:54:25.256 [Test worker] DEBUG c.m.v.c.m.DynamicPooledDataSourceManagerMBean - MBean: com.mchange.v2.c3p0:type=PooledDataSource,identityToken=1hgeqrl9qbn6pz6yfah30|6c0ae59b,name=1hgeqrl9qbn6pz6yfah30|6c0ae59b unregistered, in order to be reregistered after update.
19:54:25.256 [Test worker] DEBUG c.m.v.c.m.DynamicPooledDataSourceManagerMBean - MBean: com.mchange.v2.c3p0:type=PooledDataSource,identityToken=1hgeqrl9qbn6pz6yfah30|6c0ae59b,name=1hgeqrl9qbn6pz6yfah30|6c0ae59b registered.
19:54:25.256 [Test worker] INFO  c.m.v.c.i.AbstractPoolBackedDataSource - Initializing c3p0 pool... com.mchange.v2.c3p0.PoolBackedDataSource@f954570d [ connectionPoolDataSource -> com.mchange.v2.c3p0.WrapperConnectionPoolDataSource@d3352453 [ acquireIncrement -> 3, acquireRetryAttempts -> 30, acquireRetryDelay -> 1000, autoCommitOnClose -> false, automaticTestTable -> null, breakAfterAcquireFailure -> false, checkoutTimeout -> 0, connectionCustomizerClassName -> null, connectionTesterClassName -> com.mchange.v2.c3p0.impl.DefaultConnectionTester, contextClassLoaderSource -> caller, debugUnreturnedConnectionStackTraces -> false, factoryClassLocation -> null, forceIgnoreUnresolvedTransactions -> false, forceSynchronousCheckins -> false, identityToken -> 1hgeqrl9qbn6pz6yfah30|d668946, idleConnectionTestPeriod -> 0, initialPoolSize -> 3, maxAdministrativeTaskTime -> 0, maxConnectionAge -> 0, maxIdleTime -> 0, maxIdleTimeExcessConnections -> 0, maxPoolSize -> 15, maxStatements -> 0, maxStatementsPerConnection -> 0, minPoolSize -> 3, nestedDataSource -> com.mchange.v2.c3p0.DriverManagerDataSource@c8cb4d74 [ description -> null, driverClass -> null, factoryClassLocation -> null, forceUseNamedDriverClass -> false, identityToken -> 1hgeqrl9qbn6pz6yfah30|7b069888, jdbcUrl -> jdbc:h2:mem:4f23ea43bfa44d1ab43ab3a3f81583d1, properties -> {} ], preferredTestQuery -> null, privilegeSpawnedThreads -> false, propertyCycle -> 0, statementCacheNumDeferredCloseThreads -> 0, testConnectionOnCheckin -> false, testConnectionOnCheckout -> false, unreturnedConnectionTimeout -> 0, usesTraditionalReflectiveProxies -> false; userOverrides: {} ], dataSourceName -> null, extensions -> {}, factoryClassLocation -> null, identityToken -> 1hgeqrl9qbn6pz6yfah30|6c0ae59b, numHelperThreads -> 3 ]
19:54:25.256 [Test worker] DEBUG c.m.v.resourcepool.BasicResourcePool - com.mchange.v2.resourcepool.BasicResourcePool@7d5ebd2d config: [start -> 3; min -> 3; max -> 15; inc -> 3; num_acq_attempts -> 30; acq_attempt_delay -> 1000; check_idle_resources_delay -> 0; max_resource_age -> 0; max_idle_time -> 0; excess_max_idle_time -> 0; destroy_unreturned_resc_time -> 0; expiration_enforcement_delay -> 0; break_on_acquisition_failure -> false; debug_store_checkout_exceptions -> false; force_synchronous_checkins -> false]
19:54:25.256 [Test worker] DEBUG c.m.v.c.i.C3P0PooledConnectionPoolManager - Created new pool for auth, username (masked): 'null'.
19:54:25.256 [Test worker] DEBUG c.m.v.resourcepool.BasicResourcePool - acquire test -- pool size: 0; target_pool_size: 3; desired target? 1
19:54:25.256 [Test worker] DEBUG c.m.v.resourcepool.BasicResourcePool - awaitAvailable(): [unknown]
19:54:25.276 [Test worker] DEBUG c.m.v.c.m.ActiveManagementCoordinator - MBean: com.mchange.v2.c3p0:type=PooledDataSource,identityToken=1hgeqrl9qbn6pz6yfah30|6c0ae59b,name=1hgeqrl9qbn6pz6yfah30|6c0ae59b unregistered.
19:54:25.276 [Test worker] DEBUG c.m.v.c.m.ActiveManagementCoordinator - C3P0Registry mbean unregistered.
19:54:25.276 [Resource Destroyer in BasicResourcePool.close()] DEBUG c.m.v.resourcepool.BasicResourcePool - Preparing to destroy resource: com.mchange.v2.c3p0.impl.NewPooledConnection@433c6695
19:54:25.276 [Resource Destroyer in BasicResourcePool.close()] DEBUG c.m.v.c.i.C3P0PooledConnectionPool - Preparing to destroy PooledConnection: com.mchange.v2.c3p0.impl.NewPooledConnection@433c6695
19:54:25.276 [Resource Destroyer in BasicResourcePool.close()] DEBUG c.m.v.c.i.C3P0PooledConnectionPool - Successfully destroyed PooledConnection: com.mchange.v2.c3p0.impl.NewPooledConnection@433c6695
19:54:25.276 [Resource Destroyer in BasicResourcePool.close()] DEBUG c.m.v.resourcepool.BasicResourcePool - Successfully destroyed resource: com.mchange.v2.c3p0.impl.NewPooledConnection@433c6695
19:54:25.276 [Resource Destroyer in BasicResourcePool.close()] DEBUG c.m.v.resourcepool.BasicResourcePool - Preparing to destroy resource: com.mchange.v2.c3p0.impl.NewPooledConnection@7970e4d2
19:54:25.276 [Resource Destroyer in BasicResourcePool.close()] DEBUG c.m.v.c.i.C3P0PooledConnectionPool - Preparing to destroy PooledConnection: com.mchange.v2.c3p0.impl.NewPooledConnection@7970e4d2
19:54:25.276 [Resource Destroyer in BasicResourcePool.close()] DEBUG c.m.v.c.i.C3P0PooledConnectionPool - Successfully destroyed PooledConnection: com.mchange.v2.c3p0.impl.NewPooledConnection@7970e4d2
19:54:25.276 [Resource Destroyer in BasicResourcePool.close()] DEBUG c.m.v.resourcepool.BasicResourcePool - Successfully destroyed resource: com.mchange.v2.c3p0.impl.NewPooledConnection@7970e4d2
19:54:25.276 [Resource Destroyer in BasicResourcePool.close()] DEBUG c.m.v.resourcepool.BasicResourcePool - Preparing to destroy resource: com.mchange.v2.c3p0.impl.NewPooledConnection@76a904b6
19:54:25.276 [Resource Destroyer in BasicResourcePool.close()] DEBUG c.m.v.c.i.C3P0PooledConnectionPool - Preparing to destroy PooledConnection: com.mchange.v2.c3p0.impl.NewPooledConnection@76a904b6
19:54:25.276 [Resource Destroyer in BasicResourcePool.close()] DEBUG c.m.v.c.i.C3P0PooledConnectionPool - Successfully destroyed PooledConnection: com.mchange.v2.c3p0.impl.NewPooledConnection@76a904b6
19:54:25.276 [Resource Destroyer in BasicResourcePool.close()] DEBUG c.m.v.resourcepool.BasicResourcePool - Successfully destroyed resource: com.mchange.v2.c3p0.impl.NewPooledConnection@76a904b6


================================================================================
 TEST SUCCEEDED                                                                 
--------------------------------------------------------------------------------
    Test class:  RangedGetTest
    Test method: rangedGetBehavesCorrectlyOnNonExistingKeyspaces[Using jdbc]
    End time:    2017/08/28 19:54:25 (Duration: 20ms)
================================================================================





================================================================================
 TEST START                                                                     
--------------------------------------------------------------------------------
    Test class:  RangedGetTest
    Test method: rangedGetBehavesCorrectlyInMainCase[Using jdbc]
    Start time:  2017/08/28 19:54:25
================================================================================



19:54:25.278 [Test worker] DEBUG c.m.v.c.m.DynamicPooledDataSourceManagerMBean - MBean: com.mchange.v2.c3p0:type=PooledDataSource,identityToken=1hgeqrl9qbn6pz6yfah30|171f9fbb,name=1hgeqrl9qbn6pz6yfah30|171f9fbb registered.
19:54:25.278 [Test worker] DEBUG c.m.v.c.m.DynamicPooledDataSourceManagerMBean - MBean: com.mchange.v2.c3p0:type=PooledDataSource,identityToken=1hgeqrl9qbn6pz6yfah30|171f9fbb,name=1hgeqrl9qbn6pz6yfah30|171f9fbb unregistered, in order to be reregistered after update.
19:54:25.278 [Test worker] DEBUG c.m.v.c.m.DynamicPooledDataSourceManagerMBean - MBean: com.mchange.v2.c3p0:type=PooledDataSource,identityToken=1hgeqrl9qbn6pz6yfah30|171f9fbb,name=1hgeqrl9qbn6pz6yfah30|171f9fbb registered.
19:54:25.278 [Test worker] INFO  c.m.v.c.i.AbstractPoolBackedDataSource - Initializing c3p0 pool... com.mchange.v2.c3p0.PoolBackedDataSource@16645bdc [ connectionPoolDataSource -> com.mchange.v2.c3p0.WrapperConnectionPoolDataSource@9fec5869 [ acquireIncrement -> 3, acquireRetryAttempts -> 30, acquireRetryDelay -> 1000, autoCommitOnClose -> false, automaticTestTable -> null, breakAfterAcquireFailure -> false, checkoutTimeout -> 0, connectionCustomizerClassName -> null, connectionTesterClassName -> com.mchange.v2.c3p0.impl.DefaultConnectionTester, contextClassLoaderSource -> caller, debugUnreturnedConnectionStackTraces -> false, factoryClassLocation -> null, forceIgnoreUnresolvedTransactions -> false, forceSynchronousCheckins -> false, identityToken -> 1hgeqrl9qbn6pz6yfah30|3dfad7ea, idleConnectionTestPeriod -> 0, initialPoolSize -> 3, maxAdministrativeTaskTime -> 0, maxConnectionAge -> 0, maxIdleTime -> 0, maxIdleTimeExcessConnections -> 0, maxPoolSize -> 15, maxStatements -> 0, maxStatementsPerConnection -> 0, minPoolSize -> 3, nestedDataSource -> com.mchange.v2.c3p0.DriverManagerDataSource@fc0012ae [ description -> null, driverClass -> null, factoryClassLocation -> null, forceUseNamedDriverClass -> false, identityToken -> 1hgeqrl9qbn6pz6yfah30|11f63e0d, jdbcUrl -> jdbc:h2:mem:0f7f89fd0123402fb997696bf84da3d7, properties -> {} ], preferredTestQuery -> null, privilegeSpawnedThreads -> false, propertyCycle -> 0, statementCacheNumDeferredCloseThreads -> 0, testConnectionOnCheckin -> false, testConnectionOnCheckout -> false, unreturnedConnectionTimeout -> 0, usesTraditionalReflectiveProxies -> false; userOverrides: {} ], dataSourceName -> null, extensions -> {}, factoryClassLocation -> null, identityToken -> 1hgeqrl9qbn6pz6yfah30|171f9fbb, numHelperThreads -> 3 ]
19:54:25.278 [Test worker] DEBUG c.m.v.resourcepool.BasicResourcePool - com.mchange.v2.resourcepool.BasicResourcePool@72426d87 config: [start -> 3; min -> 3; max -> 15; inc -> 3; num_acq_attempts -> 30; acq_attempt_delay -> 1000; check_idle_resources_delay -> 0; max_resource_age -> 0; max_idle_time -> 0; excess_max_idle_time -> 0; destroy_unreturned_resc_time -> 0; expiration_enforcement_delay -> 0; break_on_acquisition_failure -> false; debug_store_checkout_exceptions -> false; force_synchronous_checkins -> false]
19:54:25.278 [Test worker] DEBUG c.m.v.c.i.C3P0PooledConnectionPoolManager - Created new pool for auth, username (masked): 'null'.
19:54:25.278 [Test worker] DEBUG c.m.v.resourcepool.BasicResourcePool - acquire test -- pool size: 0; target_pool_size: 3; desired target? 1
19:54:25.278 [Test worker] DEBUG c.m.v.resourcepool.BasicResourcePool - awaitAvailable(): [unknown]
19:54:25.341 [Test worker] DEBUG c.m.v.c.m.ActiveManagementCoordinator - MBean: com.mchange.v2.c3p0:type=PooledDataSource,identityToken=1hgeqrl9qbn6pz6yfah30|171f9fbb,name=1hgeqrl9qbn6pz6yfah30|171f9fbb unregistered.
19:54:25.341 [Test worker] DEBUG c.m.v.c.m.ActiveManagementCoordinator - C3P0Registry mbean unregistered.
19:54:25.341 [Resource Destroyer in BasicResourcePool.close()] DEBUG c.m.v.resourcepool.BasicResourcePool - Preparing to destroy resource: com.mchange.v2.c3p0.impl.NewPooledConnection@783b8b08
19:54:25.341 [Resource Destroyer in BasicResourcePool.close()] DEBUG c.m.v.c.i.C3P0PooledConnectionPool - Preparing to destroy PooledConnection: com.mchange.v2.c3p0.impl.NewPooledConnection@783b8b08
19:54:25.341 [Resource Destroyer in BasicResourcePool.close()] DEBUG c.m.v.c.i.C3P0PooledConnectionPool - Successfully destroyed PooledConnection: com.mchange.v2.c3p0.impl.NewPooledConnection@783b8b08
19:54:25.341 [Resource Destroyer in BasicResourcePool.close()] DEBUG c.m.v.resourcepool.BasicResourcePool - Successfully destroyed resource: com.mchange.v2.c3p0.impl.NewPooledConnection@783b8b08
19:54:25.341 [Resource Destroyer in BasicResourcePool.close()] DEBUG c.m.v.resourcepool.BasicResourcePool - Preparing to destroy resource: com.mchange.v2.c3p0.impl.NewPooledConnection@7cdca0ea
19:54:25.341 [Resource Destroyer in BasicResourcePool.close()] DEBUG c.m.v.c.i.C3P0PooledConnectionPool - Preparing to destroy PooledConnection: com.mchange.v2.c3p0.impl.NewPooledConnection@7cdca0ea
19:54:25.341 [Resource Destroyer in BasicResourcePool.close()] DEBUG c.m.v.c.i.C3P0PooledConnectionPool - Successfully destroyed PooledConnection: com.mchange.v2.c3p0.impl.NewPooledConnection@7cdca0ea
19:54:25.341 [Resource Destroyer in BasicResourcePool.close()] DEBUG c.m.v.resourcepool.BasicResourcePool - Successfully destroyed resource: com.mchange.v2.c3p0.impl.NewPooledConnection@7cdca0ea
19:54:25.341 [Resource Destroyer in BasicResourcePool.close()] DEBUG c.m.v.resourcepool.BasicResourcePool - Preparing to destroy resource: com.mchange.v2.c3p0.impl.NewPooledConnection@5cd1383f
19:54:25.341 [Resource Destroyer in BasicResourcePool.close()] DEBUG c.m.v.c.i.C3P0PooledConnectionPool - Preparing to destroy PooledConnection: com.mchange.v2.c3p0.impl.NewPooledConnection@5cd1383f
19:54:25.341 [Resource Destroyer in BasicResourcePool.close()] DEBUG c.m.v.c.i.C3P0PooledConnectionPool - Successfully destroyed PooledConnection: com.mchange.v2.c3p0.impl.NewPooledConnection@5cd1383f
19:54:25.341 [Resource Destroyer in BasicResourcePool.close()] DEBUG c.m.v.resourcepool.BasicResourcePool - Successfully destroyed resource: com.mchange.v2.c3p0.impl.NewPooledConnection@5cd1383f


================================================================================
 TEST SUCCEEDED                                                                 
--------------------------------------------------------------------------------
    Test class:  RangedGetTest
    Test method: rangedGetBehavesCorrectlyInMainCase[Using jdbc]
    End time:    2017/08/28 19:54:25 (Duration: 64ms)
================================================================================



19:54:25.341 [Test worker] INFO  o.c.common.test.ChronosUnitTest - Attempting to delete temp directory provided at: C:\Users\Martin\AppData\Local\Temp\ChronoDBTest5529815287975316420
19:54:25.341 [Test worker] INFO  o.c.common.test.ChronosUnitTest - Successfully deleted temp directory
]]></system-out>
  <system-err><![CDATA[]]></system-err>
</testsuite>
