<?xml version="1.0" encoding="UTF-8"?>
<testsuite name="org.chronos.chronodb.test.cache.CacheGetResultTest" tests="6" skipped="0" failures="0" errors="0" timestamp="2017-08-28T17:50:31" hostname="Aurora" time="0.0">
  <properties/>
  <testcase name="getValueOnHitReturnsTheCorrectValue" classname="org.chronos.chronodb.test.cache.CacheGetResultTest" time="0.0"/>
  <testcase name="creatingAMissReturnsASingletonInstance" classname="org.chronos.chronodb.test.cache.CacheGetResultTest" time="0.0"/>
  <testcase name="getValueOnMissThrowsAnException" classname="org.chronos.chronodb.test.cache.CacheGetResultTest" time="0.0"/>
  <testcase name="hashCodeAndEqualsWork" classname="org.chronos.chronodb.test.cache.CacheGetResultTest" time="0.0"/>
  <testcase name="canCreateAHit" classname="org.chronos.chronodb.test.cache.CacheGetResultTest" time="0.0"/>
  <testcase name="canCreateAMiss" classname="org.chronos.chronodb.test.cache.CacheGetResultTest" time="0.0"/>
  <system-out><![CDATA[19:50:31.553 [Test worker] INFO  o.c.common.test.ChronosUnitTest - Temp directory is provided at: C:\Users\Martin\AppData\Local\Temp\ChronoDBTest5529815287975316420


================================================================================
 TEST START                                                                     
--------------------------------------------------------------------------------
    Test class:  CacheGetResultTest
    Test method: getValueOnHitReturnsTheCorrectValue
    Start time:  2017/08/28 19:50:31
================================================================================





================================================================================
 TEST SUCCEEDED                                                                 
--------------------------------------------------------------------------------
    Test class:  CacheGetResultTest
    Test method: getValueOnHitReturnsTheCorrectValue
    End time:    2017/08/28 19:50:31 (Duration: 0ms)
================================================================================





================================================================================
 TEST START                                                                     
--------------------------------------------------------------------------------
    Test class:  CacheGetResultTest
    Test method: creatingAMissReturnsASingletonInstance
    Start time:  2017/08/28 19:50:31
================================================================================





================================================================================
 TEST SUCCEEDED                                                                 
--------------------------------------------------------------------------------
    Test class:  CacheGetResultTest
    Test method: creatingAMissReturnsASingletonInstance
    End time:    2017/08/28 19:50:31 (Duration: 0ms)
================================================================================





================================================================================
 TEST START                                                                     
--------------------------------------------------------------------------------
    Test class:  CacheGetResultTest
    Test method: getValueOnMissThrowsAnException
    Start time:  2017/08/28 19:50:31
================================================================================





================================================================================
 TEST SUCCEEDED                                                                 
--------------------------------------------------------------------------------
    Test class:  CacheGetResultTest
    Test method: getValueOnMissThrowsAnException
    End time:    2017/08/28 19:50:31 (Duration: 0ms)
================================================================================





================================================================================
 TEST START                                                                     
--------------------------------------------------------------------------------
    Test class:  CacheGetResultTest
    Test method: hashCodeAndEqualsWork
    Start time:  2017/08/28 19:50:31
================================================================================





================================================================================
 TEST SUCCEEDED                                                                 
--------------------------------------------------------------------------------
    Test class:  CacheGetResultTest
    Test method: hashCodeAndEqualsWork
    End time:    2017/08/28 19:50:31 (Duration: 0ms)
================================================================================





================================================================================
 TEST START                                                                     
--------------------------------------------------------------------------------
    Test class:  CacheGetResultTest
    Test method: canCreateAHit
    Start time:  2017/08/28 19:50:31
================================================================================





================================================================================
 TEST SUCCEEDED                                                                 
--------------------------------------------------------------------------------
    Test class:  CacheGetResultTest
    Test method: canCreateAHit
    End time:    2017/08/28 19:50:31 (Duration: 0ms)
================================================================================





================================================================================
 TEST START                                                                     
--------------------------------------------------------------------------------
    Test class:  CacheGetResultTest
    Test method: canCreateAMiss
    Start time:  2017/08/28 19:50:31
================================================================================





================================================================================
 TEST SUCCEEDED                                                                 
--------------------------------------------------------------------------------
    Test class:  CacheGetResultTest
    Test method: canCreateAMiss
    End time:    2017/08/28 19:50:31 (Duration: 0ms)
================================================================================



19:50:31.553 [Test worker] INFO  o.c.common.test.ChronosUnitTest - Attempting to delete temp directory provided at: C:\Users\Martin\AppData\Local\Temp\ChronoDBTest5529815287975316420
19:50:31.553 [Test worker] INFO  o.c.common.test.ChronosUnitTest - Successfully deleted temp directory
]]></system-out>
  <system-err><![CDATA[]]></system-err>
</testsuite>
