<?xml version="1.0" encoding="UTF-8"?>
<testsuite name="org.chronos.chronodb.test.jdbc.NamedParameterStatementTest" tests="3" skipped="0" failures="0" errors="0" timestamp="2017-08-28T17:54:29" hostname="Aurora" time="0.016">
  <properties/>
  <testcase name="simpleReplacementWorks" classname="org.chronos.chronodb.test.jdbc.NamedParameterStatementTest" time="0.0"/>
  <testcase name="replaceMultipleWorks" classname="org.chronos.chronodb.test.jdbc.NamedParameterStatementTest" time="0.016"/>
  <testcase name="namedParameterStatementCreationWorks" classname="org.chronos.chronodb.test.jdbc.NamedParameterStatementTest" time="0.0"/>
  <system-out><![CDATA[19:54:29.636 [Test worker] INFO  o.c.common.test.ChronosUnitTest - Temp directory is provided at: C:\Users\Martin\AppData\Local\Temp\ChronoDBTest5529815287975316420


================================================================================
 TEST START                                                                     
--------------------------------------------------------------------------------
    Test class:  NamedParameterStatementTest
    Test method: simpleReplacementWorks
    Start time:  2017/08/28 19:54:29
================================================================================





================================================================================
 TEST SUCCEEDED                                                                 
--------------------------------------------------------------------------------
    Test class:  NamedParameterStatementTest
    Test method: simpleReplacementWorks
    End time:    2017/08/28 19:54:29 (Duration: 0ms)
================================================================================





================================================================================
 TEST START                                                                     
--------------------------------------------------------------------------------
    Test class:  NamedParameterStatementTest
    Test method: replaceMultipleWorks
    Start time:  2017/08/28 19:54:29
================================================================================





================================================================================
 TEST SUCCEEDED                                                                 
--------------------------------------------------------------------------------
    Test class:  NamedParameterStatementTest
    Test method: replaceMultipleWorks
    End time:    2017/08/28 19:54:29 (Duration: 16ms)
================================================================================





================================================================================
 TEST START                                                                     
--------------------------------------------------------------------------------
    Test class:  NamedParameterStatementTest
    Test method: namedParameterStatementCreationWorks
    Start time:  2017/08/28 19:54:29
================================================================================





================================================================================
 TEST SUCCEEDED                                                                 
--------------------------------------------------------------------------------
    Test class:  NamedParameterStatementTest
    Test method: namedParameterStatementCreationWorks
    End time:    2017/08/28 19:54:29 (Duration: 0ms)
================================================================================



19:54:29.652 [Test worker] INFO  o.c.common.test.ChronosUnitTest - Attempting to delete temp directory provided at: C:\Users\Martin\AppData\Local\Temp\ChronoDBTest5529815287975316420
19:54:29.652 [Test worker] INFO  o.c.common.test.ChronosUnitTest - Successfully deleted temp directory
]]></system-out>
  <system-err><![CDATA[]]></system-err>
</testsuite>
