<?xml version="1.0" encoding="UTF-8"?>
<testsuite name="org.chronos.chronodb.test.engine.indexing.IndexDocumentDeleteTest" tests="10" skipped="0" failures="0" errors="0" timestamp="2017-08-28T17:52:12" hostname="Aurora" time="2.529">
  <properties/>
  <testcase name="testRecreationViaSaveOfDeletedEntryWorks[Using mapdb]" classname="org.chronos.chronodb.test.engine.indexing.IndexDocumentDeleteTest" time="0.793"/>
  <testcase name="testDeletedIndexEntryIsNoLongerPresent[Using mapdb]" classname="org.chronos.chronodb.test.engine.indexing.IndexDocumentDeleteTest" time="0.416"/>
  <testcase name="testRecreationViaSaveOfDeletedEntryWorks[Using tupl]" classname="org.chronos.chronodb.test.engine.indexing.IndexDocumentDeleteTest" time="0.221"/>
  <testcase name="testDeletedIndexEntryIsNoLongerPresent[Using tupl]" classname="org.chronos.chronodb.test.engine.indexing.IndexDocumentDeleteTest" time="0.262"/>
  <testcase name="testRecreationViaSaveOfDeletedEntryWorks[Using jdbc]" classname="org.chronos.chronodb.test.engine.indexing.IndexDocumentDeleteTest" time="0.031"/>
  <testcase name="testDeletedIndexEntryIsNoLongerPresent[Using jdbc]" classname="org.chronos.chronodb.test.engine.indexing.IndexDocumentDeleteTest" time="0.024"/>
  <testcase name="testRecreationViaSaveOfDeletedEntryWorks[Using inmemory]" classname="org.chronos.chronodb.test.engine.indexing.IndexDocumentDeleteTest" time="0.007"/>
  <testcase name="testDeletedIndexEntryIsNoLongerPresent[Using inmemory]" classname="org.chronos.chronodb.test.engine.indexing.IndexDocumentDeleteTest" time="0.004"/>
  <testcase name="testRecreationViaSaveOfDeletedEntryWorks[Using chunked]" classname="org.chronos.chronodb.test.engine.indexing.IndexDocumentDeleteTest" time="0.403"/>
  <testcase name="testDeletedIndexEntryIsNoLongerPresent[Using chunked]" classname="org.chronos.chronodb.test.engine.indexing.IndexDocumentDeleteTest" time="0.368"/>
  <system-out><![CDATA[19:52:12.622 [Test worker] INFO  o.c.common.test.ChronosUnitTest - Temp directory is provided at: C:\Users\Martin\AppData\Local\Temp\ChronoDBTest5529815287975316420


================================================================================
 TEST START                                                                     
--------------------------------------------------------------------------------
    Test class:  IndexDocumentDeleteTest
    Test method: testRecreationViaSaveOfDeletedEntryWorks[Using mapdb]
    Start time:  2017/08/28 19:52:12
================================================================================





================================================================================
 TEST SUCCEEDED                                                                 
--------------------------------------------------------------------------------
    Test class:  IndexDocumentDeleteTest
    Test method: testRecreationViaSaveOfDeletedEntryWorks[Using mapdb]
    End time:    2017/08/28 19:52:13 (Duration: 793ms)
================================================================================





================================================================================
 TEST START                                                                     
--------------------------------------------------------------------------------
    Test class:  IndexDocumentDeleteTest
    Test method: testDeletedIndexEntryIsNoLongerPresent[Using mapdb]
    Start time:  2017/08/28 19:52:13
================================================================================





================================================================================
 TEST SUCCEEDED                                                                 
--------------------------------------------------------------------------------
    Test class:  IndexDocumentDeleteTest
    Test method: testDeletedIndexEntryIsNoLongerPresent[Using mapdb]
    End time:    2017/08/28 19:52:13 (Duration: 416ms)
================================================================================





================================================================================
 TEST START                                                                     
--------------------------------------------------------------------------------
    Test class:  IndexDocumentDeleteTest
    Test method: testRecreationViaSaveOfDeletedEntryWorks[Using tupl]
    Start time:  2017/08/28 19:52:13
================================================================================





================================================================================
 TEST SUCCEEDED                                                                 
--------------------------------------------------------------------------------
    Test class:  IndexDocumentDeleteTest
    Test method: testRecreationViaSaveOfDeletedEntryWorks[Using tupl]
    End time:    2017/08/28 19:52:14 (Duration: 221ms)
================================================================================





================================================================================
 TEST START                                                                     
--------------------------------------------------------------------------------
    Test class:  IndexDocumentDeleteTest
    Test method: testDeletedIndexEntryIsNoLongerPresent[Using tupl]
    Start time:  2017/08/28 19:52:14
================================================================================





================================================================================
 TEST SUCCEEDED                                                                 
--------------------------------------------------------------------------------
    Test class:  IndexDocumentDeleteTest
    Test method: testDeletedIndexEntryIsNoLongerPresent[Using tupl]
    End time:    2017/08/28 19:52:14 (Duration: 262ms)
================================================================================





================================================================================
 TEST START                                                                     
--------------------------------------------------------------------------------
    Test class:  IndexDocumentDeleteTest
    Test method: testRecreationViaSaveOfDeletedEntryWorks[Using jdbc]
    Start time:  2017/08/28 19:52:14
================================================================================



19:52:14.314 [Test worker] DEBUG c.m.v.c.m.DynamicPooledDataSourceManagerMBean - MBean: com.mchange.v2.c3p0:type=PooledDataSource,identityToken=1hgeqrl9qbn6pz6yfah30|421a4e67,name=1hgeqrl9qbn6pz6yfah30|421a4e67 registered.
19:52:14.314 [Test worker] DEBUG c.m.v.c.m.DynamicPooledDataSourceManagerMBean - MBean: com.mchange.v2.c3p0:type=PooledDataSource,identityToken=1hgeqrl9qbn6pz6yfah30|421a4e67,name=1hgeqrl9qbn6pz6yfah30|421a4e67 unregistered, in order to be reregistered after update.
19:52:14.314 [Test worker] DEBUG c.m.v.c.m.DynamicPooledDataSourceManagerMBean - MBean: com.mchange.v2.c3p0:type=PooledDataSource,identityToken=1hgeqrl9qbn6pz6yfah30|421a4e67,name=1hgeqrl9qbn6pz6yfah30|421a4e67 registered.
19:52:14.314 [Test worker] INFO  c.m.v.c.i.AbstractPoolBackedDataSource - Initializing c3p0 pool... com.mchange.v2.c3p0.PoolBackedDataSource@e788c224 [ connectionPoolDataSource -> com.mchange.v2.c3p0.WrapperConnectionPoolDataSource@868ffc4a [ acquireIncrement -> 3, acquireRetryAttempts -> 30, acquireRetryDelay -> 1000, autoCommitOnClose -> false, automaticTestTable -> null, breakAfterAcquireFailure -> false, checkoutTimeout -> 0, connectionCustomizerClassName -> null, connectionTesterClassName -> com.mchange.v2.c3p0.impl.DefaultConnectionTester, contextClassLoaderSource -> caller, debugUnreturnedConnectionStackTraces -> false, factoryClassLocation -> null, forceIgnoreUnresolvedTransactions -> false, forceSynchronousCheckins -> false, identityToken -> 1hgeqrl9qbn6pz6yfah30|5b9f41be, idleConnectionTestPeriod -> 0, initialPoolSize -> 3, maxAdministrativeTaskTime -> 0, maxConnectionAge -> 0, maxIdleTime -> 0, maxIdleTimeExcessConnections -> 0, maxPoolSize -> 15, maxStatements -> 0, maxStatementsPerConnection -> 0, minPoolSize -> 3, nestedDataSource -> com.mchange.v2.c3p0.DriverManagerDataSource@772077bf [ description -> null, driverClass -> null, factoryClassLocation -> null, forceUseNamedDriverClass -> false, identityToken -> 1hgeqrl9qbn6pz6yfah30|158206bc, jdbcUrl -> jdbc:h2:mem:5e9736b31d9f4ceeb0c7d6dc9c6f190b, properties -> {} ], preferredTestQuery -> null, privilegeSpawnedThreads -> false, propertyCycle -> 0, statementCacheNumDeferredCloseThreads -> 0, testConnectionOnCheckin -> false, testConnectionOnCheckout -> false, unreturnedConnectionTimeout -> 0, usesTraditionalReflectiveProxies -> false; userOverrides: {} ], dataSourceName -> null, extensions -> {}, factoryClassLocation -> null, identityToken -> 1hgeqrl9qbn6pz6yfah30|421a4e67, numHelperThreads -> 3 ]
19:52:14.314 [Test worker] DEBUG c.m.v.resourcepool.BasicResourcePool - com.mchange.v2.resourcepool.BasicResourcePool@de024f8 config: [start -> 3; min -> 3; max -> 15; inc -> 3; num_acq_attempts -> 30; acq_attempt_delay -> 1000; check_idle_resources_delay -> 0; max_resource_age -> 0; max_idle_time -> 0; excess_max_idle_time -> 0; destroy_unreturned_resc_time -> 0; expiration_enforcement_delay -> 0; break_on_acquisition_failure -> false; debug_store_checkout_exceptions -> false; force_synchronous_checkins -> false]
19:52:14.314 [Test worker] DEBUG c.m.v.c.i.C3P0PooledConnectionPoolManager - Created new pool for auth, username (masked): 'null'.
19:52:14.314 [Test worker] DEBUG c.m.v.resourcepool.BasicResourcePool - acquire test -- pool size: 0; target_pool_size: 3; desired target? 1
19:52:14.314 [Test worker] DEBUG c.m.v.resourcepool.BasicResourcePool - awaitAvailable(): [unknown]
19:52:14.344 [Test worker] DEBUG c.m.v.c.m.ActiveManagementCoordinator - MBean: com.mchange.v2.c3p0:type=PooledDataSource,identityToken=1hgeqrl9qbn6pz6yfah30|421a4e67,name=1hgeqrl9qbn6pz6yfah30|421a4e67 unregistered.
19:52:14.345 [Test worker] DEBUG c.m.v.c.m.ActiveManagementCoordinator - C3P0Registry mbean unregistered.
19:52:14.345 [Resource Destroyer in BasicResourcePool.close()] DEBUG c.m.v.resourcepool.BasicResourcePool - Preparing to destroy resource: com.mchange.v2.c3p0.impl.NewPooledConnection@6419d383
19:52:14.345 [Resource Destroyer in BasicResourcePool.close()] DEBUG c.m.v.c.i.C3P0PooledConnectionPool - Preparing to destroy PooledConnection: com.mchange.v2.c3p0.impl.NewPooledConnection@6419d383
19:52:14.345 [Resource Destroyer in BasicResourcePool.close()] DEBUG c.m.v.c.i.C3P0PooledConnectionPool - Successfully destroyed PooledConnection: com.mchange.v2.c3p0.impl.NewPooledConnection@6419d383
19:52:14.345 [Resource Destroyer in BasicResourcePool.close()] DEBUG c.m.v.resourcepool.BasicResourcePool - Successfully destroyed resource: com.mchange.v2.c3p0.impl.NewPooledConnection@6419d383
19:52:14.345 [Resource Destroyer in BasicResourcePool.close()] DEBUG c.m.v.resourcepool.BasicResourcePool - Preparing to destroy resource: com.mchange.v2.c3p0.impl.NewPooledConnection@70f61a30
19:52:14.345 [Resource Destroyer in BasicResourcePool.close()] DEBUG c.m.v.c.i.C3P0PooledConnectionPool - Preparing to destroy PooledConnection: com.mchange.v2.c3p0.impl.NewPooledConnection@70f61a30
19:52:14.345 [Resource Destroyer in BasicResourcePool.close()] DEBUG c.m.v.c.i.C3P0PooledConnectionPool - Successfully destroyed PooledConnection: com.mchange.v2.c3p0.impl.NewPooledConnection@70f61a30
19:52:14.345 [Resource Destroyer in BasicResourcePool.close()] DEBUG c.m.v.resourcepool.BasicResourcePool - Successfully destroyed resource: com.mchange.v2.c3p0.impl.NewPooledConnection@70f61a30
19:52:14.345 [Resource Destroyer in BasicResourcePool.close()] DEBUG c.m.v.resourcepool.BasicResourcePool - Preparing to destroy resource: com.mchange.v2.c3p0.impl.NewPooledConnection@333a0d9c
19:52:14.345 [Resource Destroyer in BasicResourcePool.close()] DEBUG c.m.v.c.i.C3P0PooledConnectionPool - Preparing to destroy PooledConnection: com.mchange.v2.c3p0.impl.NewPooledConnection@333a0d9c
19:52:14.345 [Resource Destroyer in BasicResourcePool.close()] DEBUG c.m.v.c.i.C3P0PooledConnectionPool - Successfully destroyed PooledConnection: com.mchange.v2.c3p0.impl.NewPooledConnection@333a0d9c
19:52:14.345 [Resource Destroyer in BasicResourcePool.close()] DEBUG c.m.v.resourcepool.BasicResourcePool - Successfully destroyed resource: com.mchange.v2.c3p0.impl.NewPooledConnection@333a0d9c


================================================================================
 TEST SUCCEEDED                                                                 
--------------------------------------------------------------------------------
    Test class:  IndexDocumentDeleteTest
    Test method: testRecreationViaSaveOfDeletedEntryWorks[Using jdbc]
    End time:    2017/08/28 19:52:14 (Duration: 31ms)
================================================================================





================================================================================
 TEST START                                                                     
--------------------------------------------------------------------------------
    Test class:  IndexDocumentDeleteTest
    Test method: testDeletedIndexEntryIsNoLongerPresent[Using jdbc]
    Start time:  2017/08/28 19:52:14
================================================================================



19:52:14.349 [Test worker] DEBUG c.m.v.c.m.DynamicPooledDataSourceManagerMBean - MBean: com.mchange.v2.c3p0:type=PooledDataSource,identityToken=1hgeqrl9qbn6pz6yfah30|5a918acf,name=1hgeqrl9qbn6pz6yfah30|5a918acf registered.
19:52:14.352 [Test worker] DEBUG c.m.v.c.m.DynamicPooledDataSourceManagerMBean - MBean: com.mchange.v2.c3p0:type=PooledDataSource,identityToken=1hgeqrl9qbn6pz6yfah30|5a918acf,name=1hgeqrl9qbn6pz6yfah30|5a918acf unregistered, in order to be reregistered after update.
19:52:14.352 [Test worker] DEBUG c.m.v.c.m.DynamicPooledDataSourceManagerMBean - MBean: com.mchange.v2.c3p0:type=PooledDataSource,identityToken=1hgeqrl9qbn6pz6yfah30|5a918acf,name=1hgeqrl9qbn6pz6yfah30|5a918acf registered.
19:52:14.352 [Test worker] INFO  c.m.v.c.i.AbstractPoolBackedDataSource - Initializing c3p0 pool... com.mchange.v2.c3p0.PoolBackedDataSource@be5e8f74 [ connectionPoolDataSource -> com.mchange.v2.c3p0.WrapperConnectionPoolDataSource@ed2c9b6d [ acquireIncrement -> 3, acquireRetryAttempts -> 30, acquireRetryDelay -> 1000, autoCommitOnClose -> false, automaticTestTable -> null, breakAfterAcquireFailure -> false, checkoutTimeout -> 0, connectionCustomizerClassName -> null, connectionTesterClassName -> com.mchange.v2.c3p0.impl.DefaultConnectionTester, contextClassLoaderSource -> caller, debugUnreturnedConnectionStackTraces -> false, factoryClassLocation -> null, forceIgnoreUnresolvedTransactions -> false, forceSynchronousCheckins -> false, identityToken -> 1hgeqrl9qbn6pz6yfah30|83ff50c, idleConnectionTestPeriod -> 0, initialPoolSize -> 3, maxAdministrativeTaskTime -> 0, maxConnectionAge -> 0, maxIdleTime -> 0, maxIdleTimeExcessConnections -> 0, maxPoolSize -> 15, maxStatements -> 0, maxStatementsPerConnection -> 0, minPoolSize -> 3, nestedDataSource -> com.mchange.v2.c3p0.DriverManagerDataSource@d56d464 [ description -> null, driverClass -> null, factoryClassLocation -> null, forceUseNamedDriverClass -> false, identityToken -> 1hgeqrl9qbn6pz6yfah30|2594bfca, jdbcUrl -> jdbc:h2:mem:0e784d139f2642649547b14ae97a9719, properties -> {} ], preferredTestQuery -> null, privilegeSpawnedThreads -> false, propertyCycle -> 0, statementCacheNumDeferredCloseThreads -> 0, testConnectionOnCheckin -> false, testConnectionOnCheckout -> false, unreturnedConnectionTimeout -> 0, usesTraditionalReflectiveProxies -> false; userOverrides: {} ], dataSourceName -> null, extensions -> {}, factoryClassLocation -> null, identityToken -> 1hgeqrl9qbn6pz6yfah30|5a918acf, numHelperThreads -> 3 ]
19:52:14.352 [Test worker] DEBUG c.m.v.resourcepool.BasicResourcePool - com.mchange.v2.resourcepool.BasicResourcePool@6d446fe7 config: [start -> 3; min -> 3; max -> 15; inc -> 3; num_acq_attempts -> 30; acq_attempt_delay -> 1000; check_idle_resources_delay -> 0; max_resource_age -> 0; max_idle_time -> 0; excess_max_idle_time -> 0; destroy_unreturned_resc_time -> 0; expiration_enforcement_delay -> 0; break_on_acquisition_failure -> false; debug_store_checkout_exceptions -> false; force_synchronous_checkins -> false]
19:52:14.352 [Test worker] DEBUG c.m.v.c.i.C3P0PooledConnectionPoolManager - Created new pool for auth, username (masked): 'null'.
19:52:14.352 [Test worker] DEBUG c.m.v.resourcepool.BasicResourcePool - acquire test -- pool size: 0; target_pool_size: 3; desired target? 1
19:52:14.352 [Test worker] DEBUG c.m.v.resourcepool.BasicResourcePool - awaitAvailable(): [unknown]
19:52:14.369 [Test worker] DEBUG c.m.v.c.m.ActiveManagementCoordinator - MBean: com.mchange.v2.c3p0:type=PooledDataSource,identityToken=1hgeqrl9qbn6pz6yfah30|5a918acf,name=1hgeqrl9qbn6pz6yfah30|5a918acf unregistered.
19:52:14.369 [Test worker] DEBUG c.m.v.c.m.ActiveManagementCoordinator - C3P0Registry mbean unregistered.
19:52:14.369 [Resource Destroyer in BasicResourcePool.close()] DEBUG c.m.v.resourcepool.BasicResourcePool - Preparing to destroy resource: com.mchange.v2.c3p0.impl.NewPooledConnection@67ce2ca6
19:52:14.369 [Resource Destroyer in BasicResourcePool.close()] DEBUG c.m.v.c.i.C3P0PooledConnectionPool - Preparing to destroy PooledConnection: com.mchange.v2.c3p0.impl.NewPooledConnection@67ce2ca6
19:52:14.369 [Resource Destroyer in BasicResourcePool.close()] DEBUG c.m.v.c.i.C3P0PooledConnectionPool - Successfully destroyed PooledConnection: com.mchange.v2.c3p0.impl.NewPooledConnection@67ce2ca6
19:52:14.369 [Resource Destroyer in BasicResourcePool.close()] DEBUG c.m.v.resourcepool.BasicResourcePool - Successfully destroyed resource: com.mchange.v2.c3p0.impl.NewPooledConnection@67ce2ca6
19:52:14.369 [Resource Destroyer in BasicResourcePool.close()] DEBUG c.m.v.resourcepool.BasicResourcePool - Preparing to destroy resource: com.mchange.v2.c3p0.impl.NewPooledConnection@55f833b3
19:52:14.369 [Resource Destroyer in BasicResourcePool.close()] DEBUG c.m.v.c.i.C3P0PooledConnectionPool - Preparing to destroy PooledConnection: com.mchange.v2.c3p0.impl.NewPooledConnection@55f833b3
19:52:14.369 [Resource Destroyer in BasicResourcePool.close()] DEBUG c.m.v.c.i.C3P0PooledConnectionPool - Successfully destroyed PooledConnection: com.mchange.v2.c3p0.impl.NewPooledConnection@55f833b3
19:52:14.369 [Resource Destroyer in BasicResourcePool.close()] DEBUG c.m.v.resourcepool.BasicResourcePool - Successfully destroyed resource: com.mchange.v2.c3p0.impl.NewPooledConnection@55f833b3
19:52:14.369 [Resource Destroyer in BasicResourcePool.close()] DEBUG c.m.v.resourcepool.BasicResourcePool - Preparing to destroy resource: com.mchange.v2.c3p0.impl.NewPooledConnection@21149552
19:52:14.369 [Resource Destroyer in BasicResourcePool.close()] DEBUG c.m.v.c.i.C3P0PooledConnectionPool - Preparing to destroy PooledConnection: com.mchange.v2.c3p0.impl.NewPooledConnection@21149552
19:52:14.369 [Resource Destroyer in BasicResourcePool.close()] DEBUG c.m.v.c.i.C3P0PooledConnectionPool - Successfully destroyed PooledConnection: com.mchange.v2.c3p0.impl.NewPooledConnection@21149552
19:52:14.369 [Resource Destroyer in BasicResourcePool.close()] DEBUG c.m.v.resourcepool.BasicResourcePool - Successfully destroyed resource: com.mchange.v2.c3p0.impl.NewPooledConnection@21149552


================================================================================
 TEST SUCCEEDED                                                                 
--------------------------------------------------------------------------------
    Test class:  IndexDocumentDeleteTest
    Test method: testDeletedIndexEntryIsNoLongerPresent[Using jdbc]
    End time:    2017/08/28 19:52:14 (Duration: 24ms)
================================================================================





================================================================================
 TEST START                                                                     
--------------------------------------------------------------------------------
    Test class:  IndexDocumentDeleteTest
    Test method: testRecreationViaSaveOfDeletedEntryWorks[Using inmemory]
    Start time:  2017/08/28 19:52:14
================================================================================





================================================================================
 TEST SUCCEEDED                                                                 
--------------------------------------------------------------------------------
    Test class:  IndexDocumentDeleteTest
    Test method: testRecreationViaSaveOfDeletedEntryWorks[Using inmemory]
    End time:    2017/08/28 19:52:14 (Duration: 7ms)
================================================================================





================================================================================
 TEST START                                                                     
--------------------------------------------------------------------------------
    Test class:  IndexDocumentDeleteTest
    Test method: testDeletedIndexEntryIsNoLongerPresent[Using inmemory]
    Start time:  2017/08/28 19:52:14
================================================================================





================================================================================
 TEST SUCCEEDED                                                                 
--------------------------------------------------------------------------------
    Test class:  IndexDocumentDeleteTest
    Test method: testDeletedIndexEntryIsNoLongerPresent[Using inmemory]
    End time:    2017/08/28 19:52:14 (Duration: 4ms)
================================================================================





================================================================================
 TEST START                                                                     
--------------------------------------------------------------------------------
    Test class:  IndexDocumentDeleteTest
    Test method: testRecreationViaSaveOfDeletedEntryWorks[Using chunked]
    Start time:  2017/08/28 19:52:14
================================================================================





================================================================================
 TEST SUCCEEDED                                                                 
--------------------------------------------------------------------------------
    Test class:  IndexDocumentDeleteTest
    Test method: testRecreationViaSaveOfDeletedEntryWorks[Using chunked]
    End time:    2017/08/28 19:52:14 (Duration: 403ms)
================================================================================





================================================================================
 TEST START                                                                     
--------------------------------------------------------------------------------
    Test class:  IndexDocumentDeleteTest
    Test method: testDeletedIndexEntryIsNoLongerPresent[Using chunked]
    Start time:  2017/08/28 19:52:14
================================================================================





================================================================================
 TEST SUCCEEDED                                                                 
--------------------------------------------------------------------------------
    Test class:  IndexDocumentDeleteTest
    Test method: testDeletedIndexEntryIsNoLongerPresent[Using chunked]
    End time:    2017/08/28 19:52:15 (Duration: 368ms)
================================================================================



19:52:15.151 [Test worker] INFO  o.c.common.test.ChronosUnitTest - Attempting to delete temp directory provided at: C:\Users\Martin\AppData\Local\Temp\ChronoDBTest5529815287975316420
19:52:15.167 [Test worker] INFO  o.c.common.test.ChronosUnitTest - Successfully deleted temp directory
]]></system-out>
  <system-err><![CDATA[]]></system-err>
</testsuite>
