<?xml version="1.0" encoding="UTF-8"?>
<testsuite name="org.chronos.chronodb.test.util.IteratorUtilsTest" tests="1" skipped="0" failures="0" errors="0" timestamp="2017-08-28T17:54:34" hostname="Aurora" time="0.001">
  <properties/>
  <testcase name="uniqueIteratorWorks" classname="org.chronos.chronodb.test.util.IteratorUtilsTest" time="0.001"/>
  <system-out><![CDATA[19:54:34.395 [Test worker] INFO  o.c.common.test.ChronosUnitTest - Temp directory is provided at: C:\Users\Martin\AppData\Local\Temp\ChronoDBTest5529815287975316420


================================================================================
 TEST START                                                                     
--------------------------------------------------------------------------------
    Test class:  IteratorUtilsTest
    Test method: uniqueIteratorWorks
    Start time:  2017/08/28 19:54:34
================================================================================





================================================================================
 TEST SUCCEEDED                                                                 
--------------------------------------------------------------------------------
    Test class:  IteratorUtilsTest
    Test method: uniqueIteratorWorks
    End time:    2017/08/28 19:54:34 (Duration: 1ms)
================================================================================



19:54:34.396 [Test worker] INFO  o.c.common.test.ChronosUnitTest - Attempting to delete temp directory provided at: C:\Users\Martin\AppData\Local\Temp\ChronoDBTest5529815287975316420
19:54:34.397 [Test worker] INFO  o.c.common.test.ChronosUnitTest - Successfully deleted temp directory
]]></system-out>
  <system-err><![CDATA[]]></system-err>
</testsuite>
