<?xml version="1.0" encoding="UTF-8"?>
<testsuite name="org.chronos.chronodb.test.temporal.UnqualifiedTemporalKeyTest" tests="6" skipped="0" failures="0" errors="0" timestamp="2017-08-28T17:54:30" hostname="Aurora" time="3.491">
  <properties/>
  <testcase name="testSerializationFormatOrdering2" classname="org.chronos.chronodb.test.temporal.UnqualifiedTemporalKeyTest" time="0.0"/>
  <testcase name="testSerializationFormatOrdering3" classname="org.chronos.chronodb.test.temporal.UnqualifiedTemporalKeyTest" time="0.0"/>
  <testcase name="testCompareToMethodLarge" classname="org.chronos.chronodb.test.temporal.UnqualifiedTemporalKeyTest" time="3.487"/>
  <testcase name="testCompareToMethod" classname="org.chronos.chronodb.test.temporal.UnqualifiedTemporalKeyTest" time="0.002"/>
  <testcase name="testSerializationFormatOrdering" classname="org.chronos.chronodb.test.temporal.UnqualifiedTemporalKeyTest" time="0.001"/>
  <testcase name="testParseFromString" classname="org.chronos.chronodb.test.temporal.UnqualifiedTemporalKeyTest" time="0.001"/>
  <system-out><![CDATA[19:54:30.902 [Test worker] INFO  o.c.common.test.ChronosUnitTest - Temp directory is provided at: C:\Users\Martin\AppData\Local\Temp\ChronoDBTest5529815287975316420


================================================================================
 TEST START                                                                     
--------------------------------------------------------------------------------
    Test class:  UnqualifiedTemporalKeyTest
    Test method: testSerializationFormatOrdering2
    Start time:  2017/08/28 19:54:30
================================================================================





================================================================================
 TEST SUCCEEDED                                                                 
--------------------------------------------------------------------------------
    Test class:  UnqualifiedTemporalKeyTest
    Test method: testSerializationFormatOrdering2
    End time:    2017/08/28 19:54:30 (Duration: 0ms)
================================================================================





================================================================================
 TEST START                                                                     
--------------------------------------------------------------------------------
    Test class:  UnqualifiedTemporalKeyTest
    Test method: testSerializationFormatOrdering3
    Start time:  2017/08/28 19:54:30
================================================================================





================================================================================
 TEST SUCCEEDED                                                                 
--------------------------------------------------------------------------------
    Test class:  UnqualifiedTemporalKeyTest
    Test method: testSerializationFormatOrdering3
    End time:    2017/08/28 19:54:30 (Duration: 0ms)
================================================================================





================================================================================
 TEST START                                                                     
--------------------------------------------------------------------------------
    Test class:  UnqualifiedTemporalKeyTest
    Test method: testCompareToMethodLarge
    Start time:  2017/08/28 19:54:30
================================================================================





================================================================================
 TEST SUCCEEDED                                                                 
--------------------------------------------------------------------------------
    Test class:  UnqualifiedTemporalKeyTest
    Test method: testCompareToMethodLarge
    End time:    2017/08/28 19:54:34 (Duration: 3487ms)
================================================================================





================================================================================
 TEST START                                                                     
--------------------------------------------------------------------------------
    Test class:  UnqualifiedTemporalKeyTest
    Test method: testCompareToMethod
    Start time:  2017/08/28 19:54:34
================================================================================





================================================================================
 TEST SUCCEEDED                                                                 
--------------------------------------------------------------------------------
    Test class:  UnqualifiedTemporalKeyTest
    Test method: testCompareToMethod
    End time:    2017/08/28 19:54:34 (Duration: 2ms)
================================================================================





================================================================================
 TEST START                                                                     
--------------------------------------------------------------------------------
    Test class:  UnqualifiedTemporalKeyTest
    Test method: testSerializationFormatOrdering
    Start time:  2017/08/28 19:54:34
================================================================================



Key List:
	a@0000000000000000001
	a@0000000000000000010
	aa@0000000000000000001
	aaa@0000000000000000100
	ab@0000000000000000001
	ab@0000000000000000010
	b@0000000000000000001
	b@0000000000000000010
String List:
	a@0000000000000000001
	a@0000000000000000010
	aa@0000000000000000001
	aaa@0000000000000000100
	ab@0000000000000000001
	ab@0000000000000000010
	b@0000000000000000001
	b@0000000000000000010


================================================================================
 TEST SUCCEEDED                                                                 
--------------------------------------------------------------------------------
    Test class:  UnqualifiedTemporalKeyTest
    Test method: testSerializationFormatOrdering
    End time:    2017/08/28 19:54:34 (Duration: 1ms)
================================================================================





================================================================================
 TEST START                                                                     
--------------------------------------------------------------------------------
    Test class:  UnqualifiedTemporalKeyTest
    Test method: testParseFromString
    Start time:  2017/08/28 19:54:34
================================================================================





================================================================================
 TEST SUCCEEDED                                                                 
--------------------------------------------------------------------------------
    Test class:  UnqualifiedTemporalKeyTest
    Test method: testParseFromString
    End time:    2017/08/28 19:54:34 (Duration: 1ms)
================================================================================



19:54:34.393 [Test worker] INFO  o.c.common.test.ChronosUnitTest - Attempting to delete temp directory provided at: C:\Users\Martin\AppData\Local\Temp\ChronoDBTest5529815287975316420
19:54:34.393 [Test worker] INFO  o.c.common.test.ChronosUnitTest - Successfully deleted temp directory
]]></system-out>
  <system-err><![CDATA[]]></system-err>
</testsuite>
