<?xml version="1.0" encoding="UTF-8"?>
<testsuite name="org.chronos.chronodb.test.cache.util.lru.UsageRegistryTest" tests="8" skipped="0" failures="0" errors="0" timestamp="2017-08-28T17:50:33" hostname="Aurora" time="0.353">
  <properties/>
  <testcase name="globalListenersReceiveNotificationsOnAllTopics" classname="org.chronos.chronodb.test.cache.util.lru.UsageRegistryTest" time="0.0"/>
  <testcase name="topicBasedListenersOnlyReceiveNotificationsOnTheirTopic" classname="org.chronos.chronodb.test.cache.util.lru.UsageRegistryTest" time="0.0"/>
  <testcase name="removingLeastRecentlyUsedElementsUntilSizeIsReachedWorks" classname="org.chronos.chronodb.test.cache.util.lru.UsageRegistryTest" time="0.018"/>
  <testcase name="removingLeastRecentlyUsedElementWorks" classname="org.chronos.chronodb.test.cache.util.lru.UsageRegistryTest" time="0.008"/>
  <testcase name="removingNonExistingElementsDoesntCrash" classname="org.chronos.chronodb.test.cache.util.lru.UsageRegistryTest" time="0.0"/>
  <testcase name="concurrentAccessWorks" classname="org.chronos.chronodb.test.cache.util.lru.UsageRegistryTest" time="0.327"/>
  <testcase name="canCreateDefaultUsageRegistry" classname="org.chronos.chronodb.test.cache.util.lru.UsageRegistryTest" time="0.0"/>
  <testcase name="registeringUsagesWorks" classname="org.chronos.chronodb.test.cache.util.lru.UsageRegistryTest" time="0.0"/>
  <system-out><![CDATA[19:50:33.908 [Test worker] INFO  o.c.common.test.ChronosUnitTest - Temp directory is provided at: C:\Users\Martin\AppData\Local\Temp\ChronoDBTest5529815287975316420


================================================================================
 TEST START                                                                     
--------------------------------------------------------------------------------
    Test class:  UsageRegistryTest
    Test method: globalListenersReceiveNotificationsOnAllTopics
    Start time:  2017/08/28 19:50:33
================================================================================





================================================================================
 TEST SUCCEEDED                                                                 
--------------------------------------------------------------------------------
    Test class:  UsageRegistryTest
    Test method: globalListenersReceiveNotificationsOnAllTopics
    End time:    2017/08/28 19:50:33 (Duration: 0ms)
================================================================================





================================================================================
 TEST START                                                                     
--------------------------------------------------------------------------------
    Test class:  UsageRegistryTest
    Test method: topicBasedListenersOnlyReceiveNotificationsOnTheirTopic
    Start time:  2017/08/28 19:50:33
================================================================================





================================================================================
 TEST SUCCEEDED                                                                 
--------------------------------------------------------------------------------
    Test class:  UsageRegistryTest
    Test method: topicBasedListenersOnlyReceiveNotificationsOnTheirTopic
    End time:    2017/08/28 19:50:33 (Duration: 0ms)
================================================================================





================================================================================
 TEST START                                                                     
--------------------------------------------------------------------------------
    Test class:  UsageRegistryTest
    Test method: removingLeastRecentlyUsedElementsUntilSizeIsReachedWorks
    Start time:  2017/08/28 19:50:33
================================================================================





================================================================================
 TEST SUCCEEDED                                                                 
--------------------------------------------------------------------------------
    Test class:  UsageRegistryTest
    Test method: removingLeastRecentlyUsedElementsUntilSizeIsReachedWorks
    End time:    2017/08/28 19:50:33 (Duration: 18ms)
================================================================================





================================================================================
 TEST START                                                                     
--------------------------------------------------------------------------------
    Test class:  UsageRegistryTest
    Test method: removingLeastRecentlyUsedElementWorks
    Start time:  2017/08/28 19:50:33
================================================================================





================================================================================
 TEST SUCCEEDED                                                                 
--------------------------------------------------------------------------------
    Test class:  UsageRegistryTest
    Test method: removingLeastRecentlyUsedElementWorks
    End time:    2017/08/28 19:50:33 (Duration: 8ms)
================================================================================





================================================================================
 TEST START                                                                     
--------------------------------------------------------------------------------
    Test class:  UsageRegistryTest
    Test method: removingNonExistingElementsDoesntCrash
    Start time:  2017/08/28 19:50:33
================================================================================





================================================================================
 TEST SUCCEEDED                                                                 
--------------------------------------------------------------------------------
    Test class:  UsageRegistryTest
    Test method: removingNonExistingElementsDoesntCrash
    End time:    2017/08/28 19:50:33 (Duration: 0ms)
================================================================================





================================================================================
 TEST START                                                                     
--------------------------------------------------------------------------------
    Test class:  UsageRegistryTest
    Test method: concurrentAccessWorks
    Start time:  2017/08/28 19:50:33
================================================================================





================================================================================
 TEST SUCCEEDED                                                                 
--------------------------------------------------------------------------------
    Test class:  UsageRegistryTest
    Test method: concurrentAccessWorks
    End time:    2017/08/28 19:50:34 (Duration: 327ms)
================================================================================





================================================================================
 TEST START                                                                     
--------------------------------------------------------------------------------
    Test class:  UsageRegistryTest
    Test method: canCreateDefaultUsageRegistry
    Start time:  2017/08/28 19:50:34
================================================================================





================================================================================
 TEST SUCCEEDED                                                                 
--------------------------------------------------------------------------------
    Test class:  UsageRegistryTest
    Test method: canCreateDefaultUsageRegistry
    End time:    2017/08/28 19:50:34 (Duration: 0ms)
================================================================================





================================================================================
 TEST START                                                                     
--------------------------------------------------------------------------------
    Test class:  UsageRegistryTest
    Test method: registeringUsagesWorks
    Start time:  2017/08/28 19:50:34
================================================================================





================================================================================
 TEST SUCCEEDED                                                                 
--------------------------------------------------------------------------------
    Test class:  UsageRegistryTest
    Test method: registeringUsagesWorks
    End time:    2017/08/28 19:50:34 (Duration: 0ms)
================================================================================



19:50:34.261 [Test worker] INFO  o.c.common.test.ChronosUnitTest - Attempting to delete temp directory provided at: C:\Users\Martin\AppData\Local\Temp\ChronoDBTest5529815287975316420
19:50:34.261 [Test worker] INFO  o.c.common.test.ChronosUnitTest - Successfully deleted temp directory
]]></system-out>
  <system-err><![CDATA[]]></system-err>
</testsuite>
