<?xml version="1.0" encoding="UTF-8"?>
<testsuite name="org.chronos.chronodb.test.temporal.PeriodTest" tests="24" skipped="0" failures="0" errors="0" timestamp="2017-08-28T17:54:30" hostname="Aurora" time="0.022">
  <properties/>
  <testcase name="createOpenEndedRangeWorks" classname="org.chronos.chronodb.test.temporal.PeriodTest" time="0.0"/>
  <testcase name="createEmptyPeriodWorks" classname="org.chronos.chronodb.test.temporal.PeriodTest" time="0.0"/>
  <testcase name="containsTimestampWorks" classname="org.chronos.chronodb.test.temporal.PeriodTest" time="0.0"/>
  <testcase name="isOpenEndedWorks" classname="org.chronos.chronodb.test.temporal.PeriodTest" time="0.016"/>
  <testcase name="eternalPeriodIsSingleton" classname="org.chronos.chronodb.test.temporal.PeriodTest" time="0.001"/>
  <testcase name="createEternalPeriodWorks" classname="org.chronos.chronodb.test.temporal.PeriodTest" time="0.001"/>
  <testcase name="setUpperBoundWorks" classname="org.chronos.chronodb.test.temporal.PeriodTest" time="0.0"/>
  <testcase name="isStrictlyAfterWorks" classname="org.chronos.chronodb.test.temporal.PeriodTest" time="0.0"/>
  <testcase name="isAfterWorks" classname="org.chronos.chronodb.test.temporal.PeriodTest" time="0.001"/>
  <testcase name="isStrictlyBeforeWorks" classname="org.chronos.chronodb.test.temporal.PeriodTest" time="0.001"/>
  <testcase name="hashCodeAndEqualsAreConsistent" classname="org.chronos.chronodb.test.temporal.PeriodTest" time="0.001"/>
  <testcase name="lowerBoundIsInclusive" classname="org.chronos.chronodb.test.temporal.PeriodTest" time="0.0"/>
  <testcase name="isAdjacentToWorks" classname="org.chronos.chronodb.test.temporal.PeriodTest" time="0.0"/>
  <testcase name="createPointPeriodWorks" classname="org.chronos.chronodb.test.temporal.PeriodTest" time="0.0"/>
  <testcase name="setUpperBoundCannotCreateEmptyPeriods" classname="org.chronos.chronodb.test.temporal.PeriodTest" time="0.0"/>
  <testcase name="overlapsWorks" classname="org.chronos.chronodb.test.temporal.PeriodTest" time="0.0"/>
  <testcase name="setUpperBoundIsOnlyAllowedOnNonEmptyPeriods" classname="org.chronos.chronodb.test.temporal.PeriodTest" time="0.0"/>
  <testcase name="createRangePeriodWorks" classname="org.chronos.chronodb.test.temporal.PeriodTest" time="0.0"/>
  <testcase name="lengthWorks" classname="org.chronos.chronodb.test.temporal.PeriodTest" time="0.0"/>
  <testcase name="isBeforeWorks" classname="org.chronos.chronodb.test.temporal.PeriodTest" time="0.0"/>
  <testcase name="containsPeriodWorks" classname="org.chronos.chronodb.test.temporal.PeriodTest" time="0.0"/>
  <testcase name="upperBoundIsExclusive" classname="org.chronos.chronodb.test.temporal.PeriodTest" time="0.0"/>
  <testcase name="orderingWorks" classname="org.chronos.chronodb.test.temporal.PeriodTest" time="0.0"/>
  <testcase name="emptyPeriodIsSingleton" classname="org.chronos.chronodb.test.temporal.PeriodTest" time="0.0"/>
  <system-out><![CDATA[19:54:30.865 [Test worker] INFO  o.c.common.test.ChronosUnitTest - Temp directory is provided at: C:\Users\Martin\AppData\Local\Temp\ChronoDBTest5529815287975316420


================================================================================
 TEST START                                                                     
--------------------------------------------------------------------------------
    Test class:  PeriodTest
    Test method: createOpenEndedRangeWorks
    Start time:  2017/08/28 19:54:30
================================================================================





================================================================================
 TEST SUCCEEDED                                                                 
--------------------------------------------------------------------------------
    Test class:  PeriodTest
    Test method: createOpenEndedRangeWorks
    End time:    2017/08/28 19:54:30 (Duration: 0ms)
================================================================================





================================================================================
 TEST START                                                                     
--------------------------------------------------------------------------------
    Test class:  PeriodTest
    Test method: createEmptyPeriodWorks
    Start time:  2017/08/28 19:54:30
================================================================================





================================================================================
 TEST SUCCEEDED                                                                 
--------------------------------------------------------------------------------
    Test class:  PeriodTest
    Test method: createEmptyPeriodWorks
    End time:    2017/08/28 19:54:30 (Duration: 0ms)
================================================================================





================================================================================
 TEST START                                                                     
--------------------------------------------------------------------------------
    Test class:  PeriodTest
    Test method: containsTimestampWorks
    Start time:  2017/08/28 19:54:30
================================================================================





================================================================================
 TEST SUCCEEDED                                                                 
--------------------------------------------------------------------------------
    Test class:  PeriodTest
    Test method: containsTimestampWorks
    End time:    2017/08/28 19:54:30 (Duration: 0ms)
================================================================================





================================================================================
 TEST START                                                                     
--------------------------------------------------------------------------------
    Test class:  PeriodTest
    Test method: isOpenEndedWorks
    Start time:  2017/08/28 19:54:30
================================================================================





================================================================================
 TEST SUCCEEDED                                                                 
--------------------------------------------------------------------------------
    Test class:  PeriodTest
    Test method: isOpenEndedWorks
    End time:    2017/08/28 19:54:30 (Duration: 16ms)
================================================================================





================================================================================
 TEST START                                                                     
--------------------------------------------------------------------------------
    Test class:  PeriodTest
    Test method: eternalPeriodIsSingleton
    Start time:  2017/08/28 19:54:30
================================================================================





================================================================================
 TEST SUCCEEDED                                                                 
--------------------------------------------------------------------------------
    Test class:  PeriodTest
    Test method: eternalPeriodIsSingleton
    End time:    2017/08/28 19:54:30 (Duration: 1ms)
================================================================================





================================================================================
 TEST START                                                                     
--------------------------------------------------------------------------------
    Test class:  PeriodTest
    Test method: createEternalPeriodWorks
    Start time:  2017/08/28 19:54:30
================================================================================





================================================================================
 TEST SUCCEEDED                                                                 
--------------------------------------------------------------------------------
    Test class:  PeriodTest
    Test method: createEternalPeriodWorks
    End time:    2017/08/28 19:54:30 (Duration: 1ms)
================================================================================





================================================================================
 TEST START                                                                     
--------------------------------------------------------------------------------
    Test class:  PeriodTest
    Test method: setUpperBoundWorks
    Start time:  2017/08/28 19:54:30
================================================================================





================================================================================
 TEST SUCCEEDED                                                                 
--------------------------------------------------------------------------------
    Test class:  PeriodTest
    Test method: setUpperBoundWorks
    End time:    2017/08/28 19:54:30 (Duration: 0ms)
================================================================================





================================================================================
 TEST START                                                                     
--------------------------------------------------------------------------------
    Test class:  PeriodTest
    Test method: isStrictlyAfterWorks
    Start time:  2017/08/28 19:54:30
================================================================================





================================================================================
 TEST SUCCEEDED                                                                 
--------------------------------------------------------------------------------
    Test class:  PeriodTest
    Test method: isStrictlyAfterWorks
    End time:    2017/08/28 19:54:30 (Duration: 0ms)
================================================================================





================================================================================
 TEST START                                                                     
--------------------------------------------------------------------------------
    Test class:  PeriodTest
    Test method: isAfterWorks
    Start time:  2017/08/28 19:54:30
================================================================================





================================================================================
 TEST SUCCEEDED                                                                 
--------------------------------------------------------------------------------
    Test class:  PeriodTest
    Test method: isAfterWorks
    End time:    2017/08/28 19:54:30 (Duration: 1ms)
================================================================================





================================================================================
 TEST START                                                                     
--------------------------------------------------------------------------------
    Test class:  PeriodTest
    Test method: isStrictlyBeforeWorks
    Start time:  2017/08/28 19:54:30
================================================================================





================================================================================
 TEST SUCCEEDED                                                                 
--------------------------------------------------------------------------------
    Test class:  PeriodTest
    Test method: isStrictlyBeforeWorks
    End time:    2017/08/28 19:54:30 (Duration: 1ms)
================================================================================





================================================================================
 TEST START                                                                     
--------------------------------------------------------------------------------
    Test class:  PeriodTest
    Test method: hashCodeAndEqualsAreConsistent
    Start time:  2017/08/28 19:54:30
================================================================================





================================================================================
 TEST SUCCEEDED                                                                 
--------------------------------------------------------------------------------
    Test class:  PeriodTest
    Test method: hashCodeAndEqualsAreConsistent
    End time:    2017/08/28 19:54:30 (Duration: 1ms)
================================================================================





================================================================================
 TEST START                                                                     
--------------------------------------------------------------------------------
    Test class:  PeriodTest
    Test method: lowerBoundIsInclusive
    Start time:  2017/08/28 19:54:30
================================================================================





================================================================================
 TEST SUCCEEDED                                                                 
--------------------------------------------------------------------------------
    Test class:  PeriodTest
    Test method: lowerBoundIsInclusive
    End time:    2017/08/28 19:54:30 (Duration: 0ms)
================================================================================





================================================================================
 TEST START                                                                     
--------------------------------------------------------------------------------
    Test class:  PeriodTest
    Test method: isAdjacentToWorks
    Start time:  2017/08/28 19:54:30
================================================================================





================================================================================
 TEST SUCCEEDED                                                                 
--------------------------------------------------------------------------------
    Test class:  PeriodTest
    Test method: isAdjacentToWorks
    End time:    2017/08/28 19:54:30 (Duration: 0ms)
================================================================================





================================================================================
 TEST START                                                                     
--------------------------------------------------------------------------------
    Test class:  PeriodTest
    Test method: createPointPeriodWorks
    Start time:  2017/08/28 19:54:30
================================================================================





================================================================================
 TEST SUCCEEDED                                                                 
--------------------------------------------------------------------------------
    Test class:  PeriodTest
    Test method: createPointPeriodWorks
    End time:    2017/08/28 19:54:30 (Duration: 0ms)
================================================================================





================================================================================
 TEST START                                                                     
--------------------------------------------------------------------------------
    Test class:  PeriodTest
    Test method: setUpperBoundCannotCreateEmptyPeriods
    Start time:  2017/08/28 19:54:30
================================================================================





================================================================================
 TEST SUCCEEDED                                                                 
--------------------------------------------------------------------------------
    Test class:  PeriodTest
    Test method: setUpperBoundCannotCreateEmptyPeriods
    End time:    2017/08/28 19:54:30 (Duration: 0ms)
================================================================================





================================================================================
 TEST START                                                                     
--------------------------------------------------------------------------------
    Test class:  PeriodTest
    Test method: overlapsWorks
    Start time:  2017/08/28 19:54:30
================================================================================





================================================================================
 TEST SUCCEEDED                                                                 
--------------------------------------------------------------------------------
    Test class:  PeriodTest
    Test method: overlapsWorks
    End time:    2017/08/28 19:54:30 (Duration: 0ms)
================================================================================





================================================================================
 TEST START                                                                     
--------------------------------------------------------------------------------
    Test class:  PeriodTest
    Test method: setUpperBoundIsOnlyAllowedOnNonEmptyPeriods
    Start time:  2017/08/28 19:54:30
================================================================================





================================================================================
 TEST SUCCEEDED                                                                 
--------------------------------------------------------------------------------
    Test class:  PeriodTest
    Test method: setUpperBoundIsOnlyAllowedOnNonEmptyPeriods
    End time:    2017/08/28 19:54:30 (Duration: 0ms)
================================================================================





================================================================================
 TEST START                                                                     
--------------------------------------------------------------------------------
    Test class:  PeriodTest
    Test method: createRangePeriodWorks
    Start time:  2017/08/28 19:54:30
================================================================================





================================================================================
 TEST SUCCEEDED                                                                 
--------------------------------------------------------------------------------
    Test class:  PeriodTest
    Test method: createRangePeriodWorks
    End time:    2017/08/28 19:54:30 (Duration: 0ms)
================================================================================





================================================================================
 TEST START                                                                     
--------------------------------------------------------------------------------
    Test class:  PeriodTest
    Test method: lengthWorks
    Start time:  2017/08/28 19:54:30
================================================================================





================================================================================
 TEST SUCCEEDED                                                                 
--------------------------------------------------------------------------------
    Test class:  PeriodTest
    Test method: lengthWorks
    End time:    2017/08/28 19:54:30 (Duration: 0ms)
================================================================================





================================================================================
 TEST START                                                                     
--------------------------------------------------------------------------------
    Test class:  PeriodTest
    Test method: isBeforeWorks
    Start time:  2017/08/28 19:54:30
================================================================================





================================================================================
 TEST SUCCEEDED                                                                 
--------------------------------------------------------------------------------
    Test class:  PeriodTest
    Test method: isBeforeWorks
    End time:    2017/08/28 19:54:30 (Duration: 0ms)
================================================================================





================================================================================
 TEST START                                                                     
--------------------------------------------------------------------------------
    Test class:  PeriodTest
    Test method: containsPeriodWorks
    Start time:  2017/08/28 19:54:30
================================================================================





================================================================================
 TEST SUCCEEDED                                                                 
--------------------------------------------------------------------------------
    Test class:  PeriodTest
    Test method: containsPeriodWorks
    End time:    2017/08/28 19:54:30 (Duration: 0ms)
================================================================================





================================================================================
 TEST START                                                                     
--------------------------------------------------------------------------------
    Test class:  PeriodTest
    Test method: upperBoundIsExclusive
    Start time:  2017/08/28 19:54:30
================================================================================





================================================================================
 TEST SUCCEEDED                                                                 
--------------------------------------------------------------------------------
    Test class:  PeriodTest
    Test method: upperBoundIsExclusive
    End time:    2017/08/28 19:54:30 (Duration: 0ms)
================================================================================





================================================================================
 TEST START                                                                     
--------------------------------------------------------------------------------
    Test class:  PeriodTest
    Test method: orderingWorks
    Start time:  2017/08/28 19:54:30
================================================================================





================================================================================
 TEST SUCCEEDED                                                                 
--------------------------------------------------------------------------------
    Test class:  PeriodTest
    Test method: orderingWorks
    End time:    2017/08/28 19:54:30 (Duration: 0ms)
================================================================================





================================================================================
 TEST START                                                                     
--------------------------------------------------------------------------------
    Test class:  PeriodTest
    Test method: emptyPeriodIsSingleton
    Start time:  2017/08/28 19:54:30
================================================================================





================================================================================
 TEST SUCCEEDED                                                                 
--------------------------------------------------------------------------------
    Test class:  PeriodTest
    Test method: emptyPeriodIsSingleton
    End time:    2017/08/28 19:54:30 (Duration: 0ms)
================================================================================



19:54:30.887 [Test worker] INFO  o.c.common.test.ChronosUnitTest - Attempting to delete temp directory provided at: C:\Users\Martin\AppData\Local\Temp\ChronoDBTest5529815287975316420
19:54:30.887 [Test worker] INFO  o.c.common.test.ChronosUnitTest - Successfully deleted temp directory
]]></system-out>
  <system-err><![CDATA[]]></system-err>
</testsuite>
