<?xml version="1.0" encoding="UTF-8"?>
<testsuite name="org.chronos.chronodb.test.engine.commitmetadata.GetCommitsBetweenTest" tests="20" skipped="0" failures="0" errors="0" timestamp="2017-08-28T17:51:46" hostname="Aurora" time="3.977">
  <properties/>
  <testcase name="retrievingCommitTimestampsIsBranchLocal[Using jdbc]" classname="org.chronos.chronodb.test.engine.commitmetadata.GetCommitsBetweenTest" time="0.037"/>
  <testcase name="retrievingInvalidTimeRangeProducesAnEmptyIterator[Using jdbc]" classname="org.chronos.chronodb.test.engine.commitmetadata.GetCommitsBetweenTest" time="0.047"/>
  <testcase name="canRetrieveCommitsWithAndWithoutMetadata[Using jdbc]" classname="org.chronos.chronodb.test.engine.commitmetadata.GetCommitsBetweenTest" time="0.04"/>
  <testcase name="canRetrieveCommitsWhenNoMetadataWasGiven[Using jdbc]" classname="org.chronos.chronodb.test.engine.commitmetadata.GetCommitsBetweenTest" time="0.016"/>
  <testcase name="retrievingCommitTimestampsIsBranchLocal[Using tupl]" classname="org.chronos.chronodb.test.engine.commitmetadata.GetCommitsBetweenTest" time="0.185"/>
  <testcase name="retrievingInvalidTimeRangeProducesAnEmptyIterator[Using tupl]" classname="org.chronos.chronodb.test.engine.commitmetadata.GetCommitsBetweenTest" time="0.147"/>
  <testcase name="canRetrieveCommitsWithAndWithoutMetadata[Using tupl]" classname="org.chronos.chronodb.test.engine.commitmetadata.GetCommitsBetweenTest" time="0.2"/>
  <testcase name="canRetrieveCommitsWhenNoMetadataWasGiven[Using tupl]" classname="org.chronos.chronodb.test.engine.commitmetadata.GetCommitsBetweenTest" time="0.153"/>
  <testcase name="retrievingCommitTimestampsIsBranchLocal[Using chunked]" classname="org.chronos.chronodb.test.engine.commitmetadata.GetCommitsBetweenTest" time="0.563"/>
  <testcase name="retrievingInvalidTimeRangeProducesAnEmptyIterator[Using chunked]" classname="org.chronos.chronodb.test.engine.commitmetadata.GetCommitsBetweenTest" time="0.354"/>
  <testcase name="canRetrieveCommitsWithAndWithoutMetadata[Using chunked]" classname="org.chronos.chronodb.test.engine.commitmetadata.GetCommitsBetweenTest" time="0.4"/>
  <testcase name="canRetrieveCommitsWhenNoMetadataWasGiven[Using chunked]" classname="org.chronos.chronodb.test.engine.commitmetadata.GetCommitsBetweenTest" time="0.247"/>
  <testcase name="retrievingCommitTimestampsIsBranchLocal[Using mapdb]" classname="org.chronos.chronodb.test.engine.commitmetadata.GetCommitsBetweenTest" time="0.369"/>
  <testcase name="retrievingInvalidTimeRangeProducesAnEmptyIterator[Using mapdb]" classname="org.chronos.chronodb.test.engine.commitmetadata.GetCommitsBetweenTest" time="0.269"/>
  <testcase name="canRetrieveCommitsWithAndWithoutMetadata[Using mapdb]" classname="org.chronos.chronodb.test.engine.commitmetadata.GetCommitsBetweenTest" time="0.562"/>
  <testcase name="canRetrieveCommitsWhenNoMetadataWasGiven[Using mapdb]" classname="org.chronos.chronodb.test.engine.commitmetadata.GetCommitsBetweenTest" time="0.368"/>
  <testcase name="retrievingCommitTimestampsIsBranchLocal[Using inmemory]" classname="org.chronos.chronodb.test.engine.commitmetadata.GetCommitsBetweenTest" time="0.014"/>
  <testcase name="retrievingInvalidTimeRangeProducesAnEmptyIterator[Using inmemory]" classname="org.chronos.chronodb.test.engine.commitmetadata.GetCommitsBetweenTest" time="0.0"/>
  <testcase name="canRetrieveCommitsWithAndWithoutMetadata[Using inmemory]" classname="org.chronos.chronodb.test.engine.commitmetadata.GetCommitsBetweenTest" time="0.006"/>
  <testcase name="canRetrieveCommitsWhenNoMetadataWasGiven[Using inmemory]" classname="org.chronos.chronodb.test.engine.commitmetadata.GetCommitsBetweenTest" time="0.0"/>
  <system-out><![CDATA[19:51:46.003 [Test worker] INFO  o.c.common.test.ChronosUnitTest - Temp directory is provided at: C:\Users\Martin\AppData\Local\Temp\ChronoDBTest5529815287975316420


================================================================================
 TEST START                                                                     
--------------------------------------------------------------------------------
    Test class:  GetCommitsBetweenTest
    Test method: retrievingCommitTimestampsIsBranchLocal[Using jdbc]
    Start time:  2017/08/28 19:51:46
================================================================================



19:51:46.008 [Test worker] DEBUG c.m.v.c.m.DynamicPooledDataSourceManagerMBean - MBean: com.mchange.v2.c3p0:type=PooledDataSource,identityToken=1hgeqrl9qbn6pz6yfah30|2ae554bb,name=1hgeqrl9qbn6pz6yfah30|2ae554bb registered.
19:51:46.013 [Test worker] DEBUG c.m.v.c.m.DynamicPooledDataSourceManagerMBean - MBean: com.mchange.v2.c3p0:type=PooledDataSource,identityToken=1hgeqrl9qbn6pz6yfah30|2ae554bb,name=1hgeqrl9qbn6pz6yfah30|2ae554bb unregistered, in order to be reregistered after update.
19:51:46.013 [Test worker] DEBUG c.m.v.c.m.DynamicPooledDataSourceManagerMBean - MBean: com.mchange.v2.c3p0:type=PooledDataSource,identityToken=1hgeqrl9qbn6pz6yfah30|2ae554bb,name=1hgeqrl9qbn6pz6yfah30|2ae554bb registered.
19:51:46.013 [Test worker] INFO  c.m.v.c.i.AbstractPoolBackedDataSource - Initializing c3p0 pool... com.mchange.v2.c3p0.PoolBackedDataSource@aab682e6 [ connectionPoolDataSource -> com.mchange.v2.c3p0.WrapperConnectionPoolDataSource@30375729 [ acquireIncrement -> 3, acquireRetryAttempts -> 30, acquireRetryDelay -> 1000, autoCommitOnClose -> false, automaticTestTable -> null, breakAfterAcquireFailure -> false, checkoutTimeout -> 0, connectionCustomizerClassName -> null, connectionTesterClassName -> com.mchange.v2.c3p0.impl.DefaultConnectionTester, contextClassLoaderSource -> caller, debugUnreturnedConnectionStackTraces -> false, factoryClassLocation -> null, forceIgnoreUnresolvedTransactions -> false, forceSynchronousCheckins -> false, identityToken -> 1hgeqrl9qbn6pz6yfah30|52a48a24, idleConnectionTestPeriod -> 0, initialPoolSize -> 3, maxAdministrativeTaskTime -> 0, maxConnectionAge -> 0, maxIdleTime -> 0, maxIdleTimeExcessConnections -> 0, maxPoolSize -> 15, maxStatements -> 0, maxStatementsPerConnection -> 0, minPoolSize -> 3, nestedDataSource -> com.mchange.v2.c3p0.DriverManagerDataSource@7b928346 [ description -> null, driverClass -> null, factoryClassLocation -> null, forceUseNamedDriverClass -> false, identityToken -> 1hgeqrl9qbn6pz6yfah30|361db61e, jdbcUrl -> jdbc:h2:mem:6ff8b54f74854cc8b33bda13a2aaba12, properties -> {} ], preferredTestQuery -> null, privilegeSpawnedThreads -> false, propertyCycle -> 0, statementCacheNumDeferredCloseThreads -> 0, testConnectionOnCheckin -> false, testConnectionOnCheckout -> false, unreturnedConnectionTimeout -> 0, usesTraditionalReflectiveProxies -> false; userOverrides: {} ], dataSourceName -> null, extensions -> {}, factoryClassLocation -> null, identityToken -> 1hgeqrl9qbn6pz6yfah30|2ae554bb, numHelperThreads -> 3 ]
19:51:46.013 [Test worker] DEBUG c.m.v.resourcepool.BasicResourcePool - com.mchange.v2.resourcepool.BasicResourcePool@1c730e9d config: [start -> 3; min -> 3; max -> 15; inc -> 3; num_acq_attempts -> 30; acq_attempt_delay -> 1000; check_idle_resources_delay -> 0; max_resource_age -> 0; max_idle_time -> 0; excess_max_idle_time -> 0; destroy_unreturned_resc_time -> 0; expiration_enforcement_delay -> 0; break_on_acquisition_failure -> false; debug_store_checkout_exceptions -> false; force_synchronous_checkins -> false]
19:51:46.013 [Test worker] DEBUG c.m.v.c.i.C3P0PooledConnectionPoolManager - Created new pool for auth, username (masked): 'null'.
19:51:46.013 [Test worker] DEBUG c.m.v.resourcepool.BasicResourcePool - acquire test -- pool size: 0; target_pool_size: 3; desired target? 1
19:51:46.013 [Test worker] DEBUG c.m.v.resourcepool.BasicResourcePool - awaitAvailable(): [unknown]
19:51:46.040 [Test worker] DEBUG c.m.v.c.m.ActiveManagementCoordinator - MBean: com.mchange.v2.c3p0:type=PooledDataSource,identityToken=1hgeqrl9qbn6pz6yfah30|2ae554bb,name=1hgeqrl9qbn6pz6yfah30|2ae554bb unregistered.
19:51:46.040 [Test worker] DEBUG c.m.v.c.m.ActiveManagementCoordinator - C3P0Registry mbean unregistered.
19:51:46.040 [Resource Destroyer in BasicResourcePool.close()] DEBUG c.m.v.resourcepool.BasicResourcePool - Preparing to destroy resource: com.mchange.v2.c3p0.impl.NewPooledConnection@7ac8869e
19:51:46.040 [Resource Destroyer in BasicResourcePool.close()] DEBUG c.m.v.c.i.C3P0PooledConnectionPool - Preparing to destroy PooledConnection: com.mchange.v2.c3p0.impl.NewPooledConnection@7ac8869e
19:51:46.040 [Resource Destroyer in BasicResourcePool.close()] DEBUG c.m.v.c.i.C3P0PooledConnectionPool - Successfully destroyed PooledConnection: com.mchange.v2.c3p0.impl.NewPooledConnection@7ac8869e
19:51:46.040 [Resource Destroyer in BasicResourcePool.close()] DEBUG c.m.v.resourcepool.BasicResourcePool - Successfully destroyed resource: com.mchange.v2.c3p0.impl.NewPooledConnection@7ac8869e
19:51:46.040 [Resource Destroyer in BasicResourcePool.close()] DEBUG c.m.v.resourcepool.BasicResourcePool - Preparing to destroy resource: com.mchange.v2.c3p0.impl.NewPooledConnection@1e6520e2
19:51:46.040 [Resource Destroyer in BasicResourcePool.close()] DEBUG c.m.v.c.i.C3P0PooledConnectionPool - Preparing to destroy PooledConnection: com.mchange.v2.c3p0.impl.NewPooledConnection@1e6520e2
19:51:46.040 [Resource Destroyer in BasicResourcePool.close()] DEBUG c.m.v.c.i.C3P0PooledConnectionPool - Successfully destroyed PooledConnection: com.mchange.v2.c3p0.impl.NewPooledConnection@1e6520e2
19:51:46.040 [Resource Destroyer in BasicResourcePool.close()] DEBUG c.m.v.resourcepool.BasicResourcePool - Successfully destroyed resource: com.mchange.v2.c3p0.impl.NewPooledConnection@1e6520e2
19:51:46.040 [Resource Destroyer in BasicResourcePool.close()] DEBUG c.m.v.resourcepool.BasicResourcePool - Preparing to destroy resource: com.mchange.v2.c3p0.impl.NewPooledConnection@4434fd1b
19:51:46.040 [Resource Destroyer in BasicResourcePool.close()] DEBUG c.m.v.c.i.C3P0PooledConnectionPool - Preparing to destroy PooledConnection: com.mchange.v2.c3p0.impl.NewPooledConnection@4434fd1b
19:51:46.040 [Resource Destroyer in BasicResourcePool.close()] DEBUG c.m.v.c.i.C3P0PooledConnectionPool - Successfully destroyed PooledConnection: com.mchange.v2.c3p0.impl.NewPooledConnection@4434fd1b
19:51:46.040 [Resource Destroyer in BasicResourcePool.close()] DEBUG c.m.v.resourcepool.BasicResourcePool - Successfully destroyed resource: com.mchange.v2.c3p0.impl.NewPooledConnection@4434fd1b


================================================================================
 TEST SUCCEEDED                                                                 
--------------------------------------------------------------------------------
    Test class:  GetCommitsBetweenTest
    Test method: retrievingCommitTimestampsIsBranchLocal[Using jdbc]
    End time:    2017/08/28 19:51:46 (Duration: 37ms)
================================================================================





================================================================================
 TEST START                                                                     
--------------------------------------------------------------------------------
    Test class:  GetCommitsBetweenTest
    Test method: retrievingInvalidTimeRangeProducesAnEmptyIterator[Using jdbc]
    Start time:  2017/08/28 19:51:46
================================================================================



19:51:46.040 [Test worker] DEBUG c.m.v.c.m.DynamicPooledDataSourceManagerMBean - MBean: com.mchange.v2.c3p0:type=PooledDataSource,identityToken=1hgeqrl9qbn6pz6yfah30|26194e3b,name=1hgeqrl9qbn6pz6yfah30|26194e3b registered.
19:51:46.056 [Test worker] DEBUG c.m.v.c.m.DynamicPooledDataSourceManagerMBean - MBean: com.mchange.v2.c3p0:type=PooledDataSource,identityToken=1hgeqrl9qbn6pz6yfah30|26194e3b,name=1hgeqrl9qbn6pz6yfah30|26194e3b unregistered, in order to be reregistered after update.
19:51:46.056 [Test worker] DEBUG c.m.v.c.m.DynamicPooledDataSourceManagerMBean - MBean: com.mchange.v2.c3p0:type=PooledDataSource,identityToken=1hgeqrl9qbn6pz6yfah30|26194e3b,name=1hgeqrl9qbn6pz6yfah30|26194e3b registered.
19:51:46.056 [Test worker] INFO  c.m.v.c.i.AbstractPoolBackedDataSource - Initializing c3p0 pool... com.mchange.v2.c3p0.PoolBackedDataSource@e5e5db38 [ connectionPoolDataSource -> com.mchange.v2.c3p0.WrapperConnectionPoolDataSource@19684a85 [ acquireIncrement -> 3, acquireRetryAttempts -> 30, acquireRetryDelay -> 1000, autoCommitOnClose -> false, automaticTestTable -> null, breakAfterAcquireFailure -> false, checkoutTimeout -> 0, connectionCustomizerClassName -> null, connectionTesterClassName -> com.mchange.v2.c3p0.impl.DefaultConnectionTester, contextClassLoaderSource -> caller, debugUnreturnedConnectionStackTraces -> false, factoryClassLocation -> null, forceIgnoreUnresolvedTransactions -> false, forceSynchronousCheckins -> false, identityToken -> 1hgeqrl9qbn6pz6yfah30|78efd2b1, idleConnectionTestPeriod -> 0, initialPoolSize -> 3, maxAdministrativeTaskTime -> 0, maxConnectionAge -> 0, maxIdleTime -> 0, maxIdleTimeExcessConnections -> 0, maxPoolSize -> 15, maxStatements -> 0, maxStatementsPerConnection -> 0, minPoolSize -> 3, nestedDataSource -> com.mchange.v2.c3p0.DriverManagerDataSource@69501b94 [ description -> null, driverClass -> null, factoryClassLocation -> null, forceUseNamedDriverClass -> false, identityToken -> 1hgeqrl9qbn6pz6yfah30|579cce68, jdbcUrl -> jdbc:h2:mem:f47240039b5c4691b96eeb42619c2e7d, properties -> {} ], preferredTestQuery -> null, privilegeSpawnedThreads -> false, propertyCycle -> 0, statementCacheNumDeferredCloseThreads -> 0, testConnectionOnCheckin -> false, testConnectionOnCheckout -> false, unreturnedConnectionTimeout -> 0, usesTraditionalReflectiveProxies -> false; userOverrides: {} ], dataSourceName -> null, extensions -> {}, factoryClassLocation -> null, identityToken -> 1hgeqrl9qbn6pz6yfah30|26194e3b, numHelperThreads -> 3 ]
19:51:46.056 [Test worker] DEBUG c.m.v.resourcepool.BasicResourcePool - com.mchange.v2.resourcepool.BasicResourcePool@991ce83 config: [start -> 3; min -> 3; max -> 15; inc -> 3; num_acq_attempts -> 30; acq_attempt_delay -> 1000; check_idle_resources_delay -> 0; max_resource_age -> 0; max_idle_time -> 0; excess_max_idle_time -> 0; destroy_unreturned_resc_time -> 0; expiration_enforcement_delay -> 0; break_on_acquisition_failure -> false; debug_store_checkout_exceptions -> false; force_synchronous_checkins -> false]
19:51:46.056 [Test worker] DEBUG c.m.v.c.i.C3P0PooledConnectionPoolManager - Created new pool for auth, username (masked): 'null'.
19:51:46.056 [Test worker] DEBUG c.m.v.resourcepool.BasicResourcePool - acquire test -- pool size: 0; target_pool_size: 3; desired target? 1
19:51:46.056 [Test worker] DEBUG c.m.v.resourcepool.BasicResourcePool - awaitAvailable(): [unknown]
19:51:46.087 [Test worker] DEBUG c.m.v.c.m.ActiveManagementCoordinator - MBean: com.mchange.v2.c3p0:type=PooledDataSource,identityToken=1hgeqrl9qbn6pz6yfah30|26194e3b,name=1hgeqrl9qbn6pz6yfah30|26194e3b unregistered.
19:51:46.087 [Test worker] DEBUG c.m.v.c.m.ActiveManagementCoordinator - C3P0Registry mbean unregistered.
19:51:46.087 [Resource Destroyer in BasicResourcePool.close()] DEBUG c.m.v.resourcepool.BasicResourcePool - Preparing to destroy resource: com.mchange.v2.c3p0.impl.NewPooledConnection@14d43f1
19:51:46.087 [Resource Destroyer in BasicResourcePool.close()] DEBUG c.m.v.c.i.C3P0PooledConnectionPool - Preparing to destroy PooledConnection: com.mchange.v2.c3p0.impl.NewPooledConnection@14d43f1
19:51:46.087 [Resource Destroyer in BasicResourcePool.close()] DEBUG c.m.v.c.i.C3P0PooledConnectionPool - Successfully destroyed PooledConnection: com.mchange.v2.c3p0.impl.NewPooledConnection@14d43f1
19:51:46.087 [Resource Destroyer in BasicResourcePool.close()] DEBUG c.m.v.resourcepool.BasicResourcePool - Successfully destroyed resource: com.mchange.v2.c3p0.impl.NewPooledConnection@14d43f1
19:51:46.087 [Resource Destroyer in BasicResourcePool.close()] DEBUG c.m.v.resourcepool.BasicResourcePool - Preparing to destroy resource: com.mchange.v2.c3p0.impl.NewPooledConnection@2c836675
19:51:46.087 [Resource Destroyer in BasicResourcePool.close()] DEBUG c.m.v.c.i.C3P0PooledConnectionPool - Preparing to destroy PooledConnection: com.mchange.v2.c3p0.impl.NewPooledConnection@2c836675
19:51:46.087 [Resource Destroyer in BasicResourcePool.close()] DEBUG c.m.v.c.i.C3P0PooledConnectionPool - Successfully destroyed PooledConnection: com.mchange.v2.c3p0.impl.NewPooledConnection@2c836675
19:51:46.087 [Resource Destroyer in BasicResourcePool.close()] DEBUG c.m.v.resourcepool.BasicResourcePool - Successfully destroyed resource: com.mchange.v2.c3p0.impl.NewPooledConnection@2c836675
19:51:46.087 [Resource Destroyer in BasicResourcePool.close()] DEBUG c.m.v.resourcepool.BasicResourcePool - Preparing to destroy resource: com.mchange.v2.c3p0.impl.NewPooledConnection@7386de99
19:51:46.087 [Resource Destroyer in BasicResourcePool.close()] DEBUG c.m.v.c.i.C3P0PooledConnectionPool - Preparing to destroy PooledConnection: com.mchange.v2.c3p0.impl.NewPooledConnection@7386de99
19:51:46.087 [Resource Destroyer in BasicResourcePool.close()] DEBUG c.m.v.c.i.C3P0PooledConnectionPool - Successfully destroyed PooledConnection: com.mchange.v2.c3p0.impl.NewPooledConnection@7386de99
19:51:46.087 [Resource Destroyer in BasicResourcePool.close()] DEBUG c.m.v.resourcepool.BasicResourcePool - Successfully destroyed resource: com.mchange.v2.c3p0.impl.NewPooledConnection@7386de99


================================================================================
 TEST SUCCEEDED                                                                 
--------------------------------------------------------------------------------
    Test class:  GetCommitsBetweenTest
    Test method: retrievingInvalidTimeRangeProducesAnEmptyIterator[Using jdbc]
    End time:    2017/08/28 19:51:46 (Duration: 47ms)
================================================================================





================================================================================
 TEST START                                                                     
--------------------------------------------------------------------------------
    Test class:  GetCommitsBetweenTest
    Test method: canRetrieveCommitsWithAndWithoutMetadata[Using jdbc]
    Start time:  2017/08/28 19:51:46
================================================================================



19:51:46.103 [Test worker] DEBUG c.m.v.c.m.DynamicPooledDataSourceManagerMBean - MBean: com.mchange.v2.c3p0:type=PooledDataSource,identityToken=1hgeqrl9qbn6pz6yfah30|1e24478,name=1hgeqrl9qbn6pz6yfah30|1e24478 registered.
19:51:46.111 [Test worker] DEBUG c.m.v.c.m.DynamicPooledDataSourceManagerMBean - MBean: com.mchange.v2.c3p0:type=PooledDataSource,identityToken=1hgeqrl9qbn6pz6yfah30|1e24478,name=1hgeqrl9qbn6pz6yfah30|1e24478 unregistered, in order to be reregistered after update.
19:51:46.111 [Test worker] DEBUG c.m.v.c.m.DynamicPooledDataSourceManagerMBean - MBean: com.mchange.v2.c3p0:type=PooledDataSource,identityToken=1hgeqrl9qbn6pz6yfah30|1e24478,name=1hgeqrl9qbn6pz6yfah30|1e24478 registered.
19:51:46.112 [Test worker] INFO  c.m.v.c.i.AbstractPoolBackedDataSource - Initializing c3p0 pool... com.mchange.v2.c3p0.PoolBackedDataSource@d196efb [ connectionPoolDataSource -> com.mchange.v2.c3p0.WrapperConnectionPoolDataSource@29933248 [ acquireIncrement -> 3, acquireRetryAttempts -> 30, acquireRetryDelay -> 1000, autoCommitOnClose -> false, automaticTestTable -> null, breakAfterAcquireFailure -> false, checkoutTimeout -> 0, connectionCustomizerClassName -> null, connectionTesterClassName -> com.mchange.v2.c3p0.impl.DefaultConnectionTester, contextClassLoaderSource -> caller, debugUnreturnedConnectionStackTraces -> false, factoryClassLocation -> null, forceIgnoreUnresolvedTransactions -> false, forceSynchronousCheckins -> false, identityToken -> 1hgeqrl9qbn6pz6yfah30|1b7cc909, idleConnectionTestPeriod -> 0, initialPoolSize -> 3, maxAdministrativeTaskTime -> 0, maxConnectionAge -> 0, maxIdleTime -> 0, maxIdleTimeExcessConnections -> 0, maxPoolSize -> 15, maxStatements -> 0, maxStatementsPerConnection -> 0, minPoolSize -> 3, nestedDataSource -> com.mchange.v2.c3p0.DriverManagerDataSource@19b20442 [ description -> null, driverClass -> null, factoryClassLocation -> null, forceUseNamedDriverClass -> false, identityToken -> 1hgeqrl9qbn6pz6yfah30|701a5097, jdbcUrl -> jdbc:h2:mem:2bd5d089d62740f6a2845e615c3d2725, properties -> {} ], preferredTestQuery -> null, privilegeSpawnedThreads -> false, propertyCycle -> 0, statementCacheNumDeferredCloseThreads -> 0, testConnectionOnCheckin -> false, testConnectionOnCheckout -> false, unreturnedConnectionTimeout -> 0, usesTraditionalReflectiveProxies -> false; userOverrides: {} ], dataSourceName -> null, extensions -> {}, factoryClassLocation -> null, identityToken -> 1hgeqrl9qbn6pz6yfah30|1e24478, numHelperThreads -> 3 ]
19:51:46.112 [Test worker] DEBUG c.m.v.resourcepool.BasicResourcePool - com.mchange.v2.resourcepool.BasicResourcePool@1cdf8af3 config: [start -> 3; min -> 3; max -> 15; inc -> 3; num_acq_attempts -> 30; acq_attempt_delay -> 1000; check_idle_resources_delay -> 0; max_resource_age -> 0; max_idle_time -> 0; excess_max_idle_time -> 0; destroy_unreturned_resc_time -> 0; expiration_enforcement_delay -> 0; break_on_acquisition_failure -> false; debug_store_checkout_exceptions -> false; force_synchronous_checkins -> false]
19:51:46.112 [Test worker] DEBUG c.m.v.c.i.C3P0PooledConnectionPoolManager - Created new pool for auth, username (masked): 'null'.
19:51:46.112 [Test worker] DEBUG c.m.v.resourcepool.BasicResourcePool - acquire test -- pool size: 0; target_pool_size: 3; desired target? 1
19:51:46.112 [Test worker] DEBUG c.m.v.resourcepool.BasicResourcePool - awaitAvailable(): [unknown]
19:51:46.127 [Test worker] DEBUG c.m.v.c.m.ActiveManagementCoordinator - MBean: com.mchange.v2.c3p0:type=PooledDataSource,identityToken=1hgeqrl9qbn6pz6yfah30|1e24478,name=1hgeqrl9qbn6pz6yfah30|1e24478 unregistered.
19:51:46.127 [Test worker] DEBUG c.m.v.c.m.ActiveManagementCoordinator - C3P0Registry mbean unregistered.
19:51:46.127 [Resource Destroyer in BasicResourcePool.close()] DEBUG c.m.v.resourcepool.BasicResourcePool - Preparing to destroy resource: com.mchange.v2.c3p0.impl.NewPooledConnection@7d940f04
19:51:46.127 [Resource Destroyer in BasicResourcePool.close()] DEBUG c.m.v.c.i.C3P0PooledConnectionPool - Preparing to destroy PooledConnection: com.mchange.v2.c3p0.impl.NewPooledConnection@7d940f04
19:51:46.127 [Resource Destroyer in BasicResourcePool.close()] DEBUG c.m.v.c.i.C3P0PooledConnectionPool - Successfully destroyed PooledConnection: com.mchange.v2.c3p0.impl.NewPooledConnection@7d940f04
19:51:46.127 [Resource Destroyer in BasicResourcePool.close()] DEBUG c.m.v.resourcepool.BasicResourcePool - Successfully destroyed resource: com.mchange.v2.c3p0.impl.NewPooledConnection@7d940f04
19:51:46.127 [Resource Destroyer in BasicResourcePool.close()] DEBUG c.m.v.resourcepool.BasicResourcePool - Preparing to destroy resource: com.mchange.v2.c3p0.impl.NewPooledConnection@4ad960e2
19:51:46.127 [Resource Destroyer in BasicResourcePool.close()] DEBUG c.m.v.c.i.C3P0PooledConnectionPool - Preparing to destroy PooledConnection: com.mchange.v2.c3p0.impl.NewPooledConnection@4ad960e2
19:51:46.127 [Resource Destroyer in BasicResourcePool.close()] DEBUG c.m.v.c.i.C3P0PooledConnectionPool - Successfully destroyed PooledConnection: com.mchange.v2.c3p0.impl.NewPooledConnection@4ad960e2
19:51:46.127 [Resource Destroyer in BasicResourcePool.close()] DEBUG c.m.v.resourcepool.BasicResourcePool - Successfully destroyed resource: com.mchange.v2.c3p0.impl.NewPooledConnection@4ad960e2
19:51:46.127 [Resource Destroyer in BasicResourcePool.close()] DEBUG c.m.v.resourcepool.BasicResourcePool - Preparing to destroy resource: com.mchange.v2.c3p0.impl.NewPooledConnection@5529d61e
19:51:46.127 [Resource Destroyer in BasicResourcePool.close()] DEBUG c.m.v.c.i.C3P0PooledConnectionPool - Preparing to destroy PooledConnection: com.mchange.v2.c3p0.impl.NewPooledConnection@5529d61e
19:51:46.127 [Resource Destroyer in BasicResourcePool.close()] DEBUG c.m.v.c.i.C3P0PooledConnectionPool - Successfully destroyed PooledConnection: com.mchange.v2.c3p0.impl.NewPooledConnection@5529d61e
19:51:46.127 [Resource Destroyer in BasicResourcePool.close()] DEBUG c.m.v.resourcepool.BasicResourcePool - Successfully destroyed resource: com.mchange.v2.c3p0.impl.NewPooledConnection@5529d61e


================================================================================
 TEST SUCCEEDED                                                                 
--------------------------------------------------------------------------------
    Test class:  GetCommitsBetweenTest
    Test method: canRetrieveCommitsWithAndWithoutMetadata[Using jdbc]
    End time:    2017/08/28 19:51:46 (Duration: 40ms)
================================================================================





================================================================================
 TEST START                                                                     
--------------------------------------------------------------------------------
    Test class:  GetCommitsBetweenTest
    Test method: canRetrieveCommitsWhenNoMetadataWasGiven[Using jdbc]
    Start time:  2017/08/28 19:51:46
================================================================================



19:51:46.127 [Test worker] DEBUG c.m.v.c.m.DynamicPooledDataSourceManagerMBean - MBean: com.mchange.v2.c3p0:type=PooledDataSource,identityToken=1hgeqrl9qbn6pz6yfah30|46974f03,name=1hgeqrl9qbn6pz6yfah30|46974f03 registered.
19:51:46.127 [Test worker] DEBUG c.m.v.c.m.DynamicPooledDataSourceManagerMBean - MBean: com.mchange.v2.c3p0:type=PooledDataSource,identityToken=1hgeqrl9qbn6pz6yfah30|46974f03,name=1hgeqrl9qbn6pz6yfah30|46974f03 unregistered, in order to be reregistered after update.
19:51:46.127 [Test worker] DEBUG c.m.v.c.m.DynamicPooledDataSourceManagerMBean - MBean: com.mchange.v2.c3p0:type=PooledDataSource,identityToken=1hgeqrl9qbn6pz6yfah30|46974f03,name=1hgeqrl9qbn6pz6yfah30|46974f03 registered.
19:51:46.127 [Test worker] INFO  c.m.v.c.i.AbstractPoolBackedDataSource - Initializing c3p0 pool... com.mchange.v2.c3p0.PoolBackedDataSource@898e84f [ connectionPoolDataSource -> com.mchange.v2.c3p0.WrapperConnectionPoolDataSource@2cc524 [ acquireIncrement -> 3, acquireRetryAttempts -> 30, acquireRetryDelay -> 1000, autoCommitOnClose -> false, automaticTestTable -> null, breakAfterAcquireFailure -> false, checkoutTimeout -> 0, connectionCustomizerClassName -> null, connectionTesterClassName -> com.mchange.v2.c3p0.impl.DefaultConnectionTester, contextClassLoaderSource -> caller, debugUnreturnedConnectionStackTraces -> false, factoryClassLocation -> null, forceIgnoreUnresolvedTransactions -> false, forceSynchronousCheckins -> false, identityToken -> 1hgeqrl9qbn6pz6yfah30|6fec010a, idleConnectionTestPeriod -> 0, initialPoolSize -> 3, maxAdministrativeTaskTime -> 0, maxConnectionAge -> 0, maxIdleTime -> 0, maxIdleTimeExcessConnections -> 0, maxPoolSize -> 15, maxStatements -> 0, maxStatementsPerConnection -> 0, minPoolSize -> 3, nestedDataSource -> com.mchange.v2.c3p0.DriverManagerDataSource@bb8150eb [ description -> null, driverClass -> null, factoryClassLocation -> null, forceUseNamedDriverClass -> false, identityToken -> 1hgeqrl9qbn6pz6yfah30|67bd0f66, jdbcUrl -> jdbc:h2:mem:aa216e90ff254a538e453a88998eb5d4, properties -> {} ], preferredTestQuery -> null, privilegeSpawnedThreads -> false, propertyCycle -> 0, statementCacheNumDeferredCloseThreads -> 0, testConnectionOnCheckin -> false, testConnectionOnCheckout -> false, unreturnedConnectionTimeout -> 0, usesTraditionalReflectiveProxies -> false; userOverrides: {} ], dataSourceName -> null, extensions -> {}, factoryClassLocation -> null, identityToken -> 1hgeqrl9qbn6pz6yfah30|46974f03, numHelperThreads -> 3 ]
19:51:46.127 [Test worker] DEBUG c.m.v.resourcepool.BasicResourcePool - com.mchange.v2.resourcepool.BasicResourcePool@577d50b8 config: [start -> 3; min -> 3; max -> 15; inc -> 3; num_acq_attempts -> 30; acq_attempt_delay -> 1000; check_idle_resources_delay -> 0; max_resource_age -> 0; max_idle_time -> 0; excess_max_idle_time -> 0; destroy_unreturned_resc_time -> 0; expiration_enforcement_delay -> 0; break_on_acquisition_failure -> false; debug_store_checkout_exceptions -> false; force_synchronous_checkins -> false]
19:51:46.127 [Test worker] DEBUG c.m.v.c.i.C3P0PooledConnectionPoolManager - Created new pool for auth, username (masked): 'null'.
19:51:46.127 [Test worker] DEBUG c.m.v.resourcepool.BasicResourcePool - acquire test -- pool size: 0; target_pool_size: 3; desired target? 1
19:51:46.127 [Test worker] DEBUG c.m.v.resourcepool.BasicResourcePool - awaitAvailable(): [unknown]
19:51:46.143 [Test worker] DEBUG c.m.v.c.m.ActiveManagementCoordinator - MBean: com.mchange.v2.c3p0:type=PooledDataSource,identityToken=1hgeqrl9qbn6pz6yfah30|46974f03,name=1hgeqrl9qbn6pz6yfah30|46974f03 unregistered.
19:51:46.143 [Test worker] DEBUG c.m.v.c.m.ActiveManagementCoordinator - C3P0Registry mbean unregistered.
19:51:46.143 [Resource Destroyer in BasicResourcePool.close()] DEBUG c.m.v.resourcepool.BasicResourcePool - Preparing to destroy resource: com.mchange.v2.c3p0.impl.NewPooledConnection@28caa0b2
19:51:46.143 [Resource Destroyer in BasicResourcePool.close()] DEBUG c.m.v.c.i.C3P0PooledConnectionPool - Preparing to destroy PooledConnection: com.mchange.v2.c3p0.impl.NewPooledConnection@28caa0b2
19:51:46.143 [Resource Destroyer in BasicResourcePool.close()] DEBUG c.m.v.c.i.C3P0PooledConnectionPool - Successfully destroyed PooledConnection: com.mchange.v2.c3p0.impl.NewPooledConnection@28caa0b2
19:51:46.143 [Resource Destroyer in BasicResourcePool.close()] DEBUG c.m.v.resourcepool.BasicResourcePool - Successfully destroyed resource: com.mchange.v2.c3p0.impl.NewPooledConnection@28caa0b2
19:51:46.143 [Resource Destroyer in BasicResourcePool.close()] DEBUG c.m.v.resourcepool.BasicResourcePool - Preparing to destroy resource: com.mchange.v2.c3p0.impl.NewPooledConnection@5b63f96b
19:51:46.143 [Resource Destroyer in BasicResourcePool.close()] DEBUG c.m.v.c.i.C3P0PooledConnectionPool - Preparing to destroy PooledConnection: com.mchange.v2.c3p0.impl.NewPooledConnection@5b63f96b
19:51:46.143 [Resource Destroyer in BasicResourcePool.close()] DEBUG c.m.v.c.i.C3P0PooledConnectionPool - Successfully destroyed PooledConnection: com.mchange.v2.c3p0.impl.NewPooledConnection@5b63f96b
19:51:46.143 [Resource Destroyer in BasicResourcePool.close()] DEBUG c.m.v.resourcepool.BasicResourcePool - Successfully destroyed resource: com.mchange.v2.c3p0.impl.NewPooledConnection@5b63f96b
19:51:46.143 [Resource Destroyer in BasicResourcePool.close()] DEBUG c.m.v.resourcepool.BasicResourcePool - Preparing to destroy resource: com.mchange.v2.c3p0.impl.NewPooledConnection@1100d42f
19:51:46.143 [Resource Destroyer in BasicResourcePool.close()] DEBUG c.m.v.c.i.C3P0PooledConnectionPool - Preparing to destroy PooledConnection: com.mchange.v2.c3p0.impl.NewPooledConnection@1100d42f
19:51:46.143 [Resource Destroyer in BasicResourcePool.close()] DEBUG c.m.v.c.i.C3P0PooledConnectionPool - Successfully destroyed PooledConnection: com.mchange.v2.c3p0.impl.NewPooledConnection@1100d42f
19:51:46.143 [Resource Destroyer in BasicResourcePool.close()] DEBUG c.m.v.resourcepool.BasicResourcePool - Successfully destroyed resource: com.mchange.v2.c3p0.impl.NewPooledConnection@1100d42f


================================================================================
 TEST SUCCEEDED                                                                 
--------------------------------------------------------------------------------
    Test class:  GetCommitsBetweenTest
    Test method: canRetrieveCommitsWhenNoMetadataWasGiven[Using jdbc]
    End time:    2017/08/28 19:51:46 (Duration: 16ms)
================================================================================





================================================================================
 TEST START                                                                     
--------------------------------------------------------------------------------
    Test class:  GetCommitsBetweenTest
    Test method: retrievingCommitTimestampsIsBranchLocal[Using tupl]
    Start time:  2017/08/28 19:51:46
================================================================================





================================================================================
 TEST SUCCEEDED                                                                 
--------------------------------------------------------------------------------
    Test class:  GetCommitsBetweenTest
    Test method: retrievingCommitTimestampsIsBranchLocal[Using tupl]
    End time:    2017/08/28 19:51:46 (Duration: 185ms)
================================================================================





================================================================================
 TEST START                                                                     
--------------------------------------------------------------------------------
    Test class:  GetCommitsBetweenTest
    Test method: retrievingInvalidTimeRangeProducesAnEmptyIterator[Using tupl]
    Start time:  2017/08/28 19:51:46
================================================================================





================================================================================
 TEST SUCCEEDED                                                                 
--------------------------------------------------------------------------------
    Test class:  GetCommitsBetweenTest
    Test method: retrievingInvalidTimeRangeProducesAnEmptyIterator[Using tupl]
    End time:    2017/08/28 19:51:46 (Duration: 147ms)
================================================================================





================================================================================
 TEST START                                                                     
--------------------------------------------------------------------------------
    Test class:  GetCommitsBetweenTest
    Test method: canRetrieveCommitsWithAndWithoutMetadata[Using tupl]
    Start time:  2017/08/28 19:51:46
================================================================================





================================================================================
 TEST SUCCEEDED                                                                 
--------------------------------------------------------------------------------
    Test class:  GetCommitsBetweenTest
    Test method: canRetrieveCommitsWithAndWithoutMetadata[Using tupl]
    End time:    2017/08/28 19:51:46 (Duration: 200ms)
================================================================================





================================================================================
 TEST START                                                                     
--------------------------------------------------------------------------------
    Test class:  GetCommitsBetweenTest
    Test method: canRetrieveCommitsWhenNoMetadataWasGiven[Using tupl]
    Start time:  2017/08/28 19:51:46
================================================================================





================================================================================
 TEST SUCCEEDED                                                                 
--------------------------------------------------------------------------------
    Test class:  GetCommitsBetweenTest
    Test method: canRetrieveCommitsWhenNoMetadataWasGiven[Using tupl]
    End time:    2017/08/28 19:51:46 (Duration: 153ms)
================================================================================





================================================================================
 TEST START                                                                     
--------------------------------------------------------------------------------
    Test class:  GetCommitsBetweenTest
    Test method: retrievingCommitTimestampsIsBranchLocal[Using chunked]
    Start time:  2017/08/28 19:51:46
================================================================================





================================================================================
 TEST SUCCEEDED                                                                 
--------------------------------------------------------------------------------
    Test class:  GetCommitsBetweenTest
    Test method: retrievingCommitTimestampsIsBranchLocal[Using chunked]
    End time:    2017/08/28 19:51:47 (Duration: 563ms)
================================================================================





================================================================================
 TEST START                                                                     
--------------------------------------------------------------------------------
    Test class:  GetCommitsBetweenTest
    Test method: retrievingInvalidTimeRangeProducesAnEmptyIterator[Using chunked]
    Start time:  2017/08/28 19:51:47
================================================================================





================================================================================
 TEST SUCCEEDED                                                                 
--------------------------------------------------------------------------------
    Test class:  GetCommitsBetweenTest
    Test method: retrievingInvalidTimeRangeProducesAnEmptyIterator[Using chunked]
    End time:    2017/08/28 19:51:47 (Duration: 354ms)
================================================================================





================================================================================
 TEST START                                                                     
--------------------------------------------------------------------------------
    Test class:  GetCommitsBetweenTest
    Test method: canRetrieveCommitsWithAndWithoutMetadata[Using chunked]
    Start time:  2017/08/28 19:51:47
================================================================================





================================================================================
 TEST SUCCEEDED                                                                 
--------------------------------------------------------------------------------
    Test class:  GetCommitsBetweenTest
    Test method: canRetrieveCommitsWithAndWithoutMetadata[Using chunked]
    End time:    2017/08/28 19:51:48 (Duration: 400ms)
================================================================================





================================================================================
 TEST START                                                                     
--------------------------------------------------------------------------------
    Test class:  GetCommitsBetweenTest
    Test method: canRetrieveCommitsWhenNoMetadataWasGiven[Using chunked]
    Start time:  2017/08/28 19:51:48
================================================================================





================================================================================
 TEST SUCCEEDED                                                                 
--------------------------------------------------------------------------------
    Test class:  GetCommitsBetweenTest
    Test method: canRetrieveCommitsWhenNoMetadataWasGiven[Using chunked]
    End time:    2017/08/28 19:51:48 (Duration: 247ms)
================================================================================





================================================================================
 TEST START                                                                     
--------------------------------------------------------------------------------
    Test class:  GetCommitsBetweenTest
    Test method: retrievingCommitTimestampsIsBranchLocal[Using mapdb]
    Start time:  2017/08/28 19:51:48
================================================================================





================================================================================
 TEST SUCCEEDED                                                                 
--------------------------------------------------------------------------------
    Test class:  GetCommitsBetweenTest
    Test method: retrievingCommitTimestampsIsBranchLocal[Using mapdb]
    End time:    2017/08/28 19:51:48 (Duration: 369ms)
================================================================================





================================================================================
 TEST START                                                                     
--------------------------------------------------------------------------------
    Test class:  GetCommitsBetweenTest
    Test method: retrievingInvalidTimeRangeProducesAnEmptyIterator[Using mapdb]
    Start time:  2017/08/28 19:51:48
================================================================================





================================================================================
 TEST SUCCEEDED                                                                 
--------------------------------------------------------------------------------
    Test class:  GetCommitsBetweenTest
    Test method: retrievingInvalidTimeRangeProducesAnEmptyIterator[Using mapdb]
    End time:    2017/08/28 19:51:49 (Duration: 269ms)
================================================================================





================================================================================
 TEST START                                                                     
--------------------------------------------------------------------------------
    Test class:  GetCommitsBetweenTest
    Test method: canRetrieveCommitsWithAndWithoutMetadata[Using mapdb]
    Start time:  2017/08/28 19:51:49
================================================================================





================================================================================
 TEST SUCCEEDED                                                                 
--------------------------------------------------------------------------------
    Test class:  GetCommitsBetweenTest
    Test method: canRetrieveCommitsWithAndWithoutMetadata[Using mapdb]
    End time:    2017/08/28 19:51:49 (Duration: 562ms)
================================================================================





================================================================================
 TEST START                                                                     
--------------------------------------------------------------------------------
    Test class:  GetCommitsBetweenTest
    Test method: canRetrieveCommitsWhenNoMetadataWasGiven[Using mapdb]
    Start time:  2017/08/28 19:51:49
================================================================================





================================================================================
 TEST SUCCEEDED                                                                 
--------------------------------------------------------------------------------
    Test class:  GetCommitsBetweenTest
    Test method: canRetrieveCommitsWhenNoMetadataWasGiven[Using mapdb]
    End time:    2017/08/28 19:51:49 (Duration: 368ms)
================================================================================





================================================================================
 TEST START                                                                     
--------------------------------------------------------------------------------
    Test class:  GetCommitsBetweenTest
    Test method: retrievingCommitTimestampsIsBranchLocal[Using inmemory]
    Start time:  2017/08/28 19:51:49
================================================================================





================================================================================
 TEST SUCCEEDED                                                                 
--------------------------------------------------------------------------------
    Test class:  GetCommitsBetweenTest
    Test method: retrievingCommitTimestampsIsBranchLocal[Using inmemory]
    End time:    2017/08/28 19:51:49 (Duration: 14ms)
================================================================================





================================================================================
 TEST START                                                                     
--------------------------------------------------------------------------------
    Test class:  GetCommitsBetweenTest
    Test method: retrievingInvalidTimeRangeProducesAnEmptyIterator[Using inmemory]
    Start time:  2017/08/28 19:51:49
================================================================================





================================================================================
 TEST SUCCEEDED                                                                 
--------------------------------------------------------------------------------
    Test class:  GetCommitsBetweenTest
    Test method: retrievingInvalidTimeRangeProducesAnEmptyIterator[Using inmemory]
    End time:    2017/08/28 19:51:49 (Duration: 0ms)
================================================================================





================================================================================
 TEST START                                                                     
--------------------------------------------------------------------------------
    Test class:  GetCommitsBetweenTest
    Test method: canRetrieveCommitsWithAndWithoutMetadata[Using inmemory]
    Start time:  2017/08/28 19:51:49
================================================================================





================================================================================
 TEST SUCCEEDED                                                                 
--------------------------------------------------------------------------------
    Test class:  GetCommitsBetweenTest
    Test method: canRetrieveCommitsWithAndWithoutMetadata[Using inmemory]
    End time:    2017/08/28 19:51:49 (Duration: 6ms)
================================================================================





================================================================================
 TEST START                                                                     
--------------------------------------------------------------------------------
    Test class:  GetCommitsBetweenTest
    Test method: canRetrieveCommitsWhenNoMetadataWasGiven[Using inmemory]
    Start time:  2017/08/28 19:51:49
================================================================================





================================================================================
 TEST SUCCEEDED                                                                 
--------------------------------------------------------------------------------
    Test class:  GetCommitsBetweenTest
    Test method: canRetrieveCommitsWhenNoMetadataWasGiven[Using inmemory]
    End time:    2017/08/28 19:51:49 (Duration: 0ms)
================================================================================



19:51:49.980 [Test worker] INFO  o.c.common.test.ChronosUnitTest - Attempting to delete temp directory provided at: C:\Users\Martin\AppData\Local\Temp\ChronoDBTest5529815287975316420
19:51:49.980 [Test worker] INFO  o.c.common.test.ChronosUnitTest - Successfully deleted temp directory
]]></system-out>
  <system-err><![CDATA[]]></system-err>
</testsuite>
