<?xml version="1.0" encoding="UTF-8"?>
<testsuite name="org.chronos.chronodb.test.engine.commitmetadata.CountCommitsTest" tests="20" skipped="0" failures="0" errors="0" timestamp="2017-08-28T17:50:59" hostname="Aurora" time="3.716">
  <properties/>
  <testcase name="canCountCommitsWithAndWithoutMetadata[Using jdbc]" classname="org.chronos.chronodb.test.engine.commitmetadata.CountCommitsTest" time="0.037"/>
  <testcase name="countingCommitTimestampsIsBranchLocal[Using jdbc]" classname="org.chronos.chronodb.test.engine.commitmetadata.CountCommitsTest" time="0.031"/>
  <testcase name="canCountCommitTimestampWhenNoMetadataIsGiven[Using jdbc]" classname="org.chronos.chronodb.test.engine.commitmetadata.CountCommitsTest" time="0.031"/>
  <testcase name="retrievingInvalidTimeRangeProducesZero[Using jdbc]" classname="org.chronos.chronodb.test.engine.commitmetadata.CountCommitsTest" time="0.016"/>
  <testcase name="canCountCommitsWithAndWithoutMetadata[Using inmemory]" classname="org.chronos.chronodb.test.engine.commitmetadata.CountCommitsTest" time="0.019"/>
  <testcase name="countingCommitTimestampsIsBranchLocal[Using inmemory]" classname="org.chronos.chronodb.test.engine.commitmetadata.CountCommitsTest" time="0.004"/>
  <testcase name="canCountCommitTimestampWhenNoMetadataIsGiven[Using inmemory]" classname="org.chronos.chronodb.test.engine.commitmetadata.CountCommitsTest" time="0.0"/>
  <testcase name="retrievingInvalidTimeRangeProducesZero[Using inmemory]" classname="org.chronos.chronodb.test.engine.commitmetadata.CountCommitsTest" time="0.0"/>
  <testcase name="canCountCommitsWithAndWithoutMetadata[Using mapdb]" classname="org.chronos.chronodb.test.engine.commitmetadata.CountCommitsTest" time="0.44"/>
  <testcase name="countingCommitTimestampsIsBranchLocal[Using mapdb]" classname="org.chronos.chronodb.test.engine.commitmetadata.CountCommitsTest" time="0.453"/>
  <testcase name="canCountCommitTimestampWhenNoMetadataIsGiven[Using mapdb]" classname="org.chronos.chronodb.test.engine.commitmetadata.CountCommitsTest" time="0.369"/>
  <testcase name="retrievingInvalidTimeRangeProducesZero[Using mapdb]" classname="org.chronos.chronodb.test.engine.commitmetadata.CountCommitsTest" time="0.347"/>
  <testcase name="canCountCommitsWithAndWithoutMetadata[Using tupl]" classname="org.chronos.chronodb.test.engine.commitmetadata.CountCommitsTest" time="0.215"/>
  <testcase name="countingCommitTimestampsIsBranchLocal[Using tupl]" classname="org.chronos.chronodb.test.engine.commitmetadata.CountCommitsTest" time="0.235"/>
  <testcase name="canCountCommitTimestampWhenNoMetadataIsGiven[Using tupl]" classname="org.chronos.chronodb.test.engine.commitmetadata.CountCommitsTest" time="0.15"/>
  <testcase name="retrievingInvalidTimeRangeProducesZero[Using tupl]" classname="org.chronos.chronodb.test.engine.commitmetadata.CountCommitsTest" time="0.153"/>
  <testcase name="canCountCommitsWithAndWithoutMetadata[Using chunked]" classname="org.chronos.chronodb.test.engine.commitmetadata.CountCommitsTest" time="0.431"/>
  <testcase name="countingCommitTimestampsIsBranchLocal[Using chunked]" classname="org.chronos.chronodb.test.engine.commitmetadata.CountCommitsTest" time="0.367"/>
  <testcase name="canCountCommitTimestampWhenNoMetadataIsGiven[Using chunked]" classname="org.chronos.chronodb.test.engine.commitmetadata.CountCommitsTest" time="0.217"/>
  <testcase name="retrievingInvalidTimeRangeProducesZero[Using chunked]" classname="org.chronos.chronodb.test.engine.commitmetadata.CountCommitsTest" time="0.201"/>
  <system-out><![CDATA[19:50:59.118 [Test worker] INFO  o.c.common.test.ChronosUnitTest - Temp directory is provided at: C:\Users\Martin\AppData\Local\Temp\ChronoDBTest5529815287975316420


================================================================================
 TEST START                                                                     
--------------------------------------------------------------------------------
    Test class:  CountCommitsTest
    Test method: canCountCommitsWithAndWithoutMetadata[Using jdbc]
    Start time:  2017/08/28 19:50:59
================================================================================



19:50:59.118 [Test worker] DEBUG c.m.v.c.m.DynamicPooledDataSourceManagerMBean - MBean: com.mchange.v2.c3p0:type=PooledDataSource,identityToken=1hgeqrl9qbn6pz6yfah30|3217ff65,name=1hgeqrl9qbn6pz6yfah30|3217ff65 registered.
19:50:59.134 [Test worker] DEBUG c.m.v.c.m.DynamicPooledDataSourceManagerMBean - MBean: com.mchange.v2.c3p0:type=PooledDataSource,identityToken=1hgeqrl9qbn6pz6yfah30|3217ff65,name=1hgeqrl9qbn6pz6yfah30|3217ff65 unregistered, in order to be reregistered after update.
19:50:59.134 [Test worker] DEBUG c.m.v.c.m.DynamicPooledDataSourceManagerMBean - MBean: com.mchange.v2.c3p0:type=PooledDataSource,identityToken=1hgeqrl9qbn6pz6yfah30|3217ff65,name=1hgeqrl9qbn6pz6yfah30|3217ff65 registered.
19:50:59.134 [Test worker] INFO  c.m.v.c.i.AbstractPoolBackedDataSource - Initializing c3p0 pool... com.mchange.v2.c3p0.PoolBackedDataSource@51a30be0 [ connectionPoolDataSource -> com.mchange.v2.c3p0.WrapperConnectionPoolDataSource@74c23ad9 [ acquireIncrement -> 3, acquireRetryAttempts -> 30, acquireRetryDelay -> 1000, autoCommitOnClose -> false, automaticTestTable -> null, breakAfterAcquireFailure -> false, checkoutTimeout -> 0, connectionCustomizerClassName -> null, connectionTesterClassName -> com.mchange.v2.c3p0.impl.DefaultConnectionTester, contextClassLoaderSource -> caller, debugUnreturnedConnectionStackTraces -> false, factoryClassLocation -> null, forceIgnoreUnresolvedTransactions -> false, forceSynchronousCheckins -> false, identityToken -> 1hgeqrl9qbn6pz6yfah30|781849fd, idleConnectionTestPeriod -> 0, initialPoolSize -> 3, maxAdministrativeTaskTime -> 0, maxConnectionAge -> 0, maxIdleTime -> 0, maxIdleTimeExcessConnections -> 0, maxPoolSize -> 15, maxStatements -> 0, maxStatementsPerConnection -> 0, minPoolSize -> 3, nestedDataSource -> com.mchange.v2.c3p0.DriverManagerDataSource@35046bac [ description -> null, driverClass -> null, factoryClassLocation -> null, forceUseNamedDriverClass -> false, identityToken -> 1hgeqrl9qbn6pz6yfah30|796b3728, jdbcUrl -> jdbc:h2:mem:d8485f4ab6be480c8c4bbb7cd5fc9fa8, properties -> {} ], preferredTestQuery -> null, privilegeSpawnedThreads -> false, propertyCycle -> 0, statementCacheNumDeferredCloseThreads -> 0, testConnectionOnCheckin -> false, testConnectionOnCheckout -> false, unreturnedConnectionTimeout -> 0, usesTraditionalReflectiveProxies -> false; userOverrides: {} ], dataSourceName -> null, extensions -> {}, factoryClassLocation -> null, identityToken -> 1hgeqrl9qbn6pz6yfah30|3217ff65, numHelperThreads -> 3 ]
19:50:59.134 [Test worker] DEBUG c.m.v.resourcepool.BasicResourcePool - com.mchange.v2.resourcepool.BasicResourcePool@7546832d config: [start -> 3; min -> 3; max -> 15; inc -> 3; num_acq_attempts -> 30; acq_attempt_delay -> 1000; check_idle_resources_delay -> 0; max_resource_age -> 0; max_idle_time -> 0; excess_max_idle_time -> 0; destroy_unreturned_resc_time -> 0; expiration_enforcement_delay -> 0; break_on_acquisition_failure -> false; debug_store_checkout_exceptions -> false; force_synchronous_checkins -> false]
19:50:59.134 [Test worker] DEBUG c.m.v.c.i.C3P0PooledConnectionPoolManager - Created new pool for auth, username (masked): 'null'.
19:50:59.134 [Test worker] DEBUG c.m.v.resourcepool.BasicResourcePool - acquire test -- pool size: 0; target_pool_size: 3; desired target? 1
19:50:59.134 [Test worker] DEBUG c.m.v.resourcepool.BasicResourcePool - awaitAvailable(): [unknown]
19:50:59.155 [Test worker] DEBUG c.m.v.c.m.ActiveManagementCoordinator - MBean: com.mchange.v2.c3p0:type=PooledDataSource,identityToken=1hgeqrl9qbn6pz6yfah30|3217ff65,name=1hgeqrl9qbn6pz6yfah30|3217ff65 unregistered.
19:50:59.155 [Resource Destroyer in BasicResourcePool.close()] DEBUG c.m.v.resourcepool.BasicResourcePool - Preparing to destroy resource: com.mchange.v2.c3p0.impl.NewPooledConnection@133a84c2
19:50:59.155 [Test worker] DEBUG c.m.v.c.m.ActiveManagementCoordinator - C3P0Registry mbean unregistered.
19:50:59.155 [Resource Destroyer in BasicResourcePool.close()] DEBUG c.m.v.c.i.C3P0PooledConnectionPool - Preparing to destroy PooledConnection: com.mchange.v2.c3p0.impl.NewPooledConnection@133a84c2
19:50:59.155 [Resource Destroyer in BasicResourcePool.close()] DEBUG c.m.v.c.i.C3P0PooledConnectionPool - Successfully destroyed PooledConnection: com.mchange.v2.c3p0.impl.NewPooledConnection@133a84c2
19:50:59.155 [Resource Destroyer in BasicResourcePool.close()] DEBUG c.m.v.resourcepool.BasicResourcePool - Successfully destroyed resource: com.mchange.v2.c3p0.impl.NewPooledConnection@133a84c2
19:50:59.155 [Resource Destroyer in BasicResourcePool.close()] DEBUG c.m.v.resourcepool.BasicResourcePool - Preparing to destroy resource: com.mchange.v2.c3p0.impl.NewPooledConnection@74c5529c
19:50:59.155 [Resource Destroyer in BasicResourcePool.close()] DEBUG c.m.v.c.i.C3P0PooledConnectionPool - Preparing to destroy PooledConnection: com.mchange.v2.c3p0.impl.NewPooledConnection@74c5529c
19:50:59.155 [Resource Destroyer in BasicResourcePool.close()] DEBUG c.m.v.c.i.C3P0PooledConnectionPool - Successfully destroyed PooledConnection: com.mchange.v2.c3p0.impl.NewPooledConnection@74c5529c
19:50:59.155 [Resource Destroyer in BasicResourcePool.close()] DEBUG c.m.v.resourcepool.BasicResourcePool - Successfully destroyed resource: com.mchange.v2.c3p0.impl.NewPooledConnection@74c5529c
19:50:59.155 [Resource Destroyer in BasicResourcePool.close()] DEBUG c.m.v.resourcepool.BasicResourcePool - Preparing to destroy resource: com.mchange.v2.c3p0.impl.NewPooledConnection@57a8cee2
19:50:59.155 [Resource Destroyer in BasicResourcePool.close()] DEBUG c.m.v.c.i.C3P0PooledConnectionPool - Preparing to destroy PooledConnection: com.mchange.v2.c3p0.impl.NewPooledConnection@57a8cee2
19:50:59.155 [Resource Destroyer in BasicResourcePool.close()] DEBUG c.m.v.c.i.C3P0PooledConnectionPool - Successfully destroyed PooledConnection: com.mchange.v2.c3p0.impl.NewPooledConnection@57a8cee2
19:50:59.155 [Resource Destroyer in BasicResourcePool.close()] DEBUG c.m.v.resourcepool.BasicResourcePool - Successfully destroyed resource: com.mchange.v2.c3p0.impl.NewPooledConnection@57a8cee2


================================================================================
 TEST SUCCEEDED                                                                 
--------------------------------------------------------------------------------
    Test class:  CountCommitsTest
    Test method: canCountCommitsWithAndWithoutMetadata[Using jdbc]
    End time:    2017/08/28 19:50:59 (Duration: 37ms)
================================================================================





================================================================================
 TEST START                                                                     
--------------------------------------------------------------------------------
    Test class:  CountCommitsTest
    Test method: countingCommitTimestampsIsBranchLocal[Using jdbc]
    Start time:  2017/08/28 19:50:59
================================================================================



19:50:59.155 [Test worker] DEBUG c.m.v.c.m.DynamicPooledDataSourceManagerMBean - MBean: com.mchange.v2.c3p0:type=PooledDataSource,identityToken=1hgeqrl9qbn6pz6yfah30|7191f380,name=1hgeqrl9qbn6pz6yfah30|7191f380 registered.
19:50:59.155 [Test worker] DEBUG c.m.v.c.m.DynamicPooledDataSourceManagerMBean - MBean: com.mchange.v2.c3p0:type=PooledDataSource,identityToken=1hgeqrl9qbn6pz6yfah30|7191f380,name=1hgeqrl9qbn6pz6yfah30|7191f380 unregistered, in order to be reregistered after update.
19:50:59.155 [Test worker] DEBUG c.m.v.c.m.DynamicPooledDataSourceManagerMBean - MBean: com.mchange.v2.c3p0:type=PooledDataSource,identityToken=1hgeqrl9qbn6pz6yfah30|7191f380,name=1hgeqrl9qbn6pz6yfah30|7191f380 registered.
19:50:59.155 [Test worker] INFO  c.m.v.c.i.AbstractPoolBackedDataSource - Initializing c3p0 pool... com.mchange.v2.c3p0.PoolBackedDataSource@d9b31aed [ connectionPoolDataSource -> com.mchange.v2.c3p0.WrapperConnectionPoolDataSource@4c0ec5c [ acquireIncrement -> 3, acquireRetryAttempts -> 30, acquireRetryDelay -> 1000, autoCommitOnClose -> false, automaticTestTable -> null, breakAfterAcquireFailure -> false, checkoutTimeout -> 0, connectionCustomizerClassName -> null, connectionTesterClassName -> com.mchange.v2.c3p0.impl.DefaultConnectionTester, contextClassLoaderSource -> caller, debugUnreturnedConnectionStackTraces -> false, factoryClassLocation -> null, forceIgnoreUnresolvedTransactions -> false, forceSynchronousCheckins -> false, identityToken -> 1hgeqrl9qbn6pz6yfah30|c854ed1, idleConnectionTestPeriod -> 0, initialPoolSize -> 3, maxAdministrativeTaskTime -> 0, maxConnectionAge -> 0, maxIdleTime -> 0, maxIdleTimeExcessConnections -> 0, maxPoolSize -> 15, maxStatements -> 0, maxStatementsPerConnection -> 0, minPoolSize -> 3, nestedDataSource -> com.mchange.v2.c3p0.DriverManagerDataSource@bcb156eb [ description -> null, driverClass -> null, factoryClassLocation -> null, forceUseNamedDriverClass -> false, identityToken -> 1hgeqrl9qbn6pz6yfah30|6d657a46, jdbcUrl -> jdbc:h2:mem:ce7a5874664f4eda88e9f80bab1360cb, properties -> {} ], preferredTestQuery -> null, privilegeSpawnedThreads -> false, propertyCycle -> 0, statementCacheNumDeferredCloseThreads -> 0, testConnectionOnCheckin -> false, testConnectionOnCheckout -> false, unreturnedConnectionTimeout -> 0, usesTraditionalReflectiveProxies -> false; userOverrides: {} ], dataSourceName -> null, extensions -> {}, factoryClassLocation -> null, identityToken -> 1hgeqrl9qbn6pz6yfah30|7191f380, numHelperThreads -> 3 ]
19:50:59.155 [Test worker] DEBUG c.m.v.resourcepool.BasicResourcePool - com.mchange.v2.resourcepool.BasicResourcePool@699469bf config: [start -> 3; min -> 3; max -> 15; inc -> 3; num_acq_attempts -> 30; acq_attempt_delay -> 1000; check_idle_resources_delay -> 0; max_resource_age -> 0; max_idle_time -> 0; excess_max_idle_time -> 0; destroy_unreturned_resc_time -> 0; expiration_enforcement_delay -> 0; break_on_acquisition_failure -> false; debug_store_checkout_exceptions -> false; force_synchronous_checkins -> false]
19:50:59.155 [Test worker] DEBUG c.m.v.c.i.C3P0PooledConnectionPoolManager - Created new pool for auth, username (masked): 'null'.
19:50:59.155 [Test worker] DEBUG c.m.v.resourcepool.BasicResourcePool - acquire test -- pool size: 0; target_pool_size: 3; desired target? 1
19:50:59.155 [Test worker] DEBUG c.m.v.resourcepool.BasicResourcePool - awaitAvailable(): [unknown]
19:50:59.186 [Test worker] DEBUG c.m.v.c.m.ActiveManagementCoordinator - MBean: com.mchange.v2.c3p0:type=PooledDataSource,identityToken=1hgeqrl9qbn6pz6yfah30|7191f380,name=1hgeqrl9qbn6pz6yfah30|7191f380 unregistered.
19:50:59.186 [Resource Destroyer in BasicResourcePool.close()] DEBUG c.m.v.resourcepool.BasicResourcePool - Preparing to destroy resource: com.mchange.v2.c3p0.impl.NewPooledConnection@430687a4
19:50:59.186 [Test worker] DEBUG c.m.v.c.m.ActiveManagementCoordinator - C3P0Registry mbean unregistered.
19:50:59.186 [Resource Destroyer in BasicResourcePool.close()] DEBUG c.m.v.c.i.C3P0PooledConnectionPool - Preparing to destroy PooledConnection: com.mchange.v2.c3p0.impl.NewPooledConnection@430687a4
19:50:59.186 [Resource Destroyer in BasicResourcePool.close()] DEBUG c.m.v.c.i.C3P0PooledConnectionPool - Successfully destroyed PooledConnection: com.mchange.v2.c3p0.impl.NewPooledConnection@430687a4
19:50:59.186 [Resource Destroyer in BasicResourcePool.close()] DEBUG c.m.v.resourcepool.BasicResourcePool - Successfully destroyed resource: com.mchange.v2.c3p0.impl.NewPooledConnection@430687a4
19:50:59.186 [Resource Destroyer in BasicResourcePool.close()] DEBUG c.m.v.resourcepool.BasicResourcePool - Preparing to destroy resource: com.mchange.v2.c3p0.impl.NewPooledConnection@4b0b97ce
19:50:59.186 [Resource Destroyer in BasicResourcePool.close()] DEBUG c.m.v.c.i.C3P0PooledConnectionPool - Preparing to destroy PooledConnection: com.mchange.v2.c3p0.impl.NewPooledConnection@4b0b97ce
19:50:59.186 [Resource Destroyer in BasicResourcePool.close()] DEBUG c.m.v.c.i.C3P0PooledConnectionPool - Successfully destroyed PooledConnection: com.mchange.v2.c3p0.impl.NewPooledConnection@4b0b97ce
19:50:59.186 [Resource Destroyer in BasicResourcePool.close()] DEBUG c.m.v.resourcepool.BasicResourcePool - Successfully destroyed resource: com.mchange.v2.c3p0.impl.NewPooledConnection@4b0b97ce
19:50:59.186 [Resource Destroyer in BasicResourcePool.close()] DEBUG c.m.v.resourcepool.BasicResourcePool - Preparing to destroy resource: com.mchange.v2.c3p0.impl.NewPooledConnection@4ffba0f5
19:50:59.186 [Resource Destroyer in BasicResourcePool.close()] DEBUG c.m.v.c.i.C3P0PooledConnectionPool - Preparing to destroy PooledConnection: com.mchange.v2.c3p0.impl.NewPooledConnection@4ffba0f5
19:50:59.186 [Resource Destroyer in BasicResourcePool.close()] DEBUG c.m.v.c.i.C3P0PooledConnectionPool - Successfully destroyed PooledConnection: com.mchange.v2.c3p0.impl.NewPooledConnection@4ffba0f5
19:50:59.186 [Resource Destroyer in BasicResourcePool.close()] DEBUG c.m.v.resourcepool.BasicResourcePool - Successfully destroyed resource: com.mchange.v2.c3p0.impl.NewPooledConnection@4ffba0f5


================================================================================
 TEST SUCCEEDED                                                                 
--------------------------------------------------------------------------------
    Test class:  CountCommitsTest
    Test method: countingCommitTimestampsIsBranchLocal[Using jdbc]
    End time:    2017/08/28 19:50:59 (Duration: 31ms)
================================================================================





================================================================================
 TEST START                                                                     
--------------------------------------------------------------------------------
    Test class:  CountCommitsTest
    Test method: canCountCommitTimestampWhenNoMetadataIsGiven[Using jdbc]
    Start time:  2017/08/28 19:50:59
================================================================================



19:50:59.186 [Test worker] DEBUG c.m.v.c.m.DynamicPooledDataSourceManagerMBean - MBean: com.mchange.v2.c3p0:type=PooledDataSource,identityToken=1hgeqrl9qbn6pz6yfah30|32be646a,name=1hgeqrl9qbn6pz6yfah30|32be646a registered.
19:50:59.204 [Test worker] DEBUG c.m.v.c.m.DynamicPooledDataSourceManagerMBean - MBean: com.mchange.v2.c3p0:type=PooledDataSource,identityToken=1hgeqrl9qbn6pz6yfah30|32be646a,name=1hgeqrl9qbn6pz6yfah30|32be646a unregistered, in order to be reregistered after update.
19:50:59.204 [Test worker] DEBUG c.m.v.c.m.DynamicPooledDataSourceManagerMBean - MBean: com.mchange.v2.c3p0:type=PooledDataSource,identityToken=1hgeqrl9qbn6pz6yfah30|32be646a,name=1hgeqrl9qbn6pz6yfah30|32be646a registered.
19:50:59.205 [Test worker] INFO  c.m.v.c.i.AbstractPoolBackedDataSource - Initializing c3p0 pool... com.mchange.v2.c3p0.PoolBackedDataSource@fb93e999 [ connectionPoolDataSource -> com.mchange.v2.c3p0.WrapperConnectionPoolDataSource@f676b23f [ acquireIncrement -> 3, acquireRetryAttempts -> 30, acquireRetryDelay -> 1000, autoCommitOnClose -> false, automaticTestTable -> null, breakAfterAcquireFailure -> false, checkoutTimeout -> 0, connectionCustomizerClassName -> null, connectionTesterClassName -> com.mchange.v2.c3p0.impl.DefaultConnectionTester, contextClassLoaderSource -> caller, debugUnreturnedConnectionStackTraces -> false, factoryClassLocation -> null, forceIgnoreUnresolvedTransactions -> false, forceSynchronousCheckins -> false, identityToken -> 1hgeqrl9qbn6pz6yfah30|1c6c59df, idleConnectionTestPeriod -> 0, initialPoolSize -> 3, maxAdministrativeTaskTime -> 0, maxConnectionAge -> 0, maxIdleTime -> 0, maxIdleTimeExcessConnections -> 0, maxPoolSize -> 15, maxStatements -> 0, maxStatementsPerConnection -> 0, minPoolSize -> 3, nestedDataSource -> com.mchange.v2.c3p0.DriverManagerDataSource@5ebae8e6 [ description -> null, driverClass -> null, factoryClassLocation -> null, forceUseNamedDriverClass -> false, identityToken -> 1hgeqrl9qbn6pz6yfah30|1574ad8, jdbcUrl -> jdbc:h2:mem:912e845ba5dd4822995523f80a1a7391, properties -> {} ], preferredTestQuery -> null, privilegeSpawnedThreads -> false, propertyCycle -> 0, statementCacheNumDeferredCloseThreads -> 0, testConnectionOnCheckin -> false, testConnectionOnCheckout -> false, unreturnedConnectionTimeout -> 0, usesTraditionalReflectiveProxies -> false; userOverrides: {} ], dataSourceName -> null, extensions -> {}, factoryClassLocation -> null, identityToken -> 1hgeqrl9qbn6pz6yfah30|32be646a, numHelperThreads -> 3 ]
19:50:59.205 [Test worker] DEBUG c.m.v.resourcepool.BasicResourcePool - com.mchange.v2.resourcepool.BasicResourcePool@2f5cce14 config: [start -> 3; min -> 3; max -> 15; inc -> 3; num_acq_attempts -> 30; acq_attempt_delay -> 1000; check_idle_resources_delay -> 0; max_resource_age -> 0; max_idle_time -> 0; excess_max_idle_time -> 0; destroy_unreturned_resc_time -> 0; expiration_enforcement_delay -> 0; break_on_acquisition_failure -> false; debug_store_checkout_exceptions -> false; force_synchronous_checkins -> false]
19:50:59.205 [Test worker] DEBUG c.m.v.c.i.C3P0PooledConnectionPoolManager - Created new pool for auth, username (masked): 'null'.
19:50:59.205 [Test worker] DEBUG c.m.v.resourcepool.BasicResourcePool - acquire test -- pool size: 0; target_pool_size: 3; desired target? 1
19:50:59.205 [Test worker] DEBUG c.m.v.resourcepool.BasicResourcePool - awaitAvailable(): [unknown]
19:50:59.217 [Resource Destroyer in BasicResourcePool.close()] DEBUG c.m.v.resourcepool.BasicResourcePool - Preparing to destroy resource: com.mchange.v2.c3p0.impl.NewPooledConnection@21f21afa
19:50:59.217 [Test worker] DEBUG c.m.v.c.m.ActiveManagementCoordinator - MBean: com.mchange.v2.c3p0:type=PooledDataSource,identityToken=1hgeqrl9qbn6pz6yfah30|32be646a,name=1hgeqrl9qbn6pz6yfah30|32be646a unregistered.
19:50:59.217 [Resource Destroyer in BasicResourcePool.close()] DEBUG c.m.v.c.i.C3P0PooledConnectionPool - Preparing to destroy PooledConnection: com.mchange.v2.c3p0.impl.NewPooledConnection@21f21afa
19:50:59.217 [Test worker] DEBUG c.m.v.c.m.ActiveManagementCoordinator - C3P0Registry mbean unregistered.
19:50:59.217 [Resource Destroyer in BasicResourcePool.close()] DEBUG c.m.v.c.i.C3P0PooledConnectionPool - Successfully destroyed PooledConnection: com.mchange.v2.c3p0.impl.NewPooledConnection@21f21afa
19:50:59.217 [Resource Destroyer in BasicResourcePool.close()] DEBUG c.m.v.resourcepool.BasicResourcePool - Successfully destroyed resource: com.mchange.v2.c3p0.impl.NewPooledConnection@21f21afa
19:50:59.217 [Resource Destroyer in BasicResourcePool.close()] DEBUG c.m.v.resourcepool.BasicResourcePool - Preparing to destroy resource: com.mchange.v2.c3p0.impl.NewPooledConnection@3507fdd3
19:50:59.217 [Resource Destroyer in BasicResourcePool.close()] DEBUG c.m.v.c.i.C3P0PooledConnectionPool - Preparing to destroy PooledConnection: com.mchange.v2.c3p0.impl.NewPooledConnection@3507fdd3
19:50:59.217 [Resource Destroyer in BasicResourcePool.close()] DEBUG c.m.v.c.i.C3P0PooledConnectionPool - Successfully destroyed PooledConnection: com.mchange.v2.c3p0.impl.NewPooledConnection@3507fdd3
19:50:59.217 [Resource Destroyer in BasicResourcePool.close()] DEBUG c.m.v.resourcepool.BasicResourcePool - Successfully destroyed resource: com.mchange.v2.c3p0.impl.NewPooledConnection@3507fdd3
19:50:59.217 [Resource Destroyer in BasicResourcePool.close()] DEBUG c.m.v.resourcepool.BasicResourcePool - Preparing to destroy resource: com.mchange.v2.c3p0.impl.NewPooledConnection@49fcca88
19:50:59.217 [Resource Destroyer in BasicResourcePool.close()] DEBUG c.m.v.c.i.C3P0PooledConnectionPool - Preparing to destroy PooledConnection: com.mchange.v2.c3p0.impl.NewPooledConnection@49fcca88
19:50:59.217 [Resource Destroyer in BasicResourcePool.close()] DEBUG c.m.v.c.i.C3P0PooledConnectionPool - Successfully destroyed PooledConnection: com.mchange.v2.c3p0.impl.NewPooledConnection@49fcca88
19:50:59.217 [Resource Destroyer in BasicResourcePool.close()] DEBUG c.m.v.resourcepool.BasicResourcePool - Successfully destroyed resource: com.mchange.v2.c3p0.impl.NewPooledConnection@49fcca88


================================================================================
 TEST SUCCEEDED                                                                 
--------------------------------------------------------------------------------
    Test class:  CountCommitsTest
    Test method: canCountCommitTimestampWhenNoMetadataIsGiven[Using jdbc]
    End time:    2017/08/28 19:50:59 (Duration: 31ms)
================================================================================





================================================================================
 TEST START                                                                     
--------------------------------------------------------------------------------
    Test class:  CountCommitsTest
    Test method: retrievingInvalidTimeRangeProducesZero[Using jdbc]
    Start time:  2017/08/28 19:50:59
================================================================================



19:50:59.217 [Test worker] DEBUG c.m.v.c.m.DynamicPooledDataSourceManagerMBean - MBean: com.mchange.v2.c3p0:type=PooledDataSource,identityToken=1hgeqrl9qbn6pz6yfah30|56baa55f,name=1hgeqrl9qbn6pz6yfah30|56baa55f registered.
19:50:59.217 [Test worker] DEBUG c.m.v.c.m.DynamicPooledDataSourceManagerMBean - MBean: com.mchange.v2.c3p0:type=PooledDataSource,identityToken=1hgeqrl9qbn6pz6yfah30|56baa55f,name=1hgeqrl9qbn6pz6yfah30|56baa55f unregistered, in order to be reregistered after update.
19:50:59.217 [Test worker] DEBUG c.m.v.c.m.DynamicPooledDataSourceManagerMBean - MBean: com.mchange.v2.c3p0:type=PooledDataSource,identityToken=1hgeqrl9qbn6pz6yfah30|56baa55f,name=1hgeqrl9qbn6pz6yfah30|56baa55f registered.
19:50:59.217 [Test worker] INFO  c.m.v.c.i.AbstractPoolBackedDataSource - Initializing c3p0 pool... com.mchange.v2.c3p0.PoolBackedDataSource@585d713f [ connectionPoolDataSource -> com.mchange.v2.c3p0.WrapperConnectionPoolDataSource@17b6f084 [ acquireIncrement -> 3, acquireRetryAttempts -> 30, acquireRetryDelay -> 1000, autoCommitOnClose -> false, automaticTestTable -> null, breakAfterAcquireFailure -> false, checkoutTimeout -> 0, connectionCustomizerClassName -> null, connectionTesterClassName -> com.mchange.v2.c3p0.impl.DefaultConnectionTester, contextClassLoaderSource -> caller, debugUnreturnedConnectionStackTraces -> false, factoryClassLocation -> null, forceIgnoreUnresolvedTransactions -> false, forceSynchronousCheckins -> false, identityToken -> 1hgeqrl9qbn6pz6yfah30|621b7f26, idleConnectionTestPeriod -> 0, initialPoolSize -> 3, maxAdministrativeTaskTime -> 0, maxConnectionAge -> 0, maxIdleTime -> 0, maxIdleTimeExcessConnections -> 0, maxPoolSize -> 15, maxStatements -> 0, maxStatementsPerConnection -> 0, minPoolSize -> 3, nestedDataSource -> com.mchange.v2.c3p0.DriverManagerDataSource@5fae875b [ description -> null, driverClass -> null, factoryClassLocation -> null, forceUseNamedDriverClass -> false, identityToken -> 1hgeqrl9qbn6pz6yfah30|2d447141, jdbcUrl -> jdbc:h2:mem:c9a8c821e5234c938717229cf772e28e, properties -> {} ], preferredTestQuery -> null, privilegeSpawnedThreads -> false, propertyCycle -> 0, statementCacheNumDeferredCloseThreads -> 0, testConnectionOnCheckin -> false, testConnectionOnCheckout -> false, unreturnedConnectionTimeout -> 0, usesTraditionalReflectiveProxies -> false; userOverrides: {} ], dataSourceName -> null, extensions -> {}, factoryClassLocation -> null, identityToken -> 1hgeqrl9qbn6pz6yfah30|56baa55f, numHelperThreads -> 3 ]
19:50:59.217 [Test worker] DEBUG c.m.v.resourcepool.BasicResourcePool - com.mchange.v2.resourcepool.BasicResourcePool@7ae5f2ba config: [start -> 3; min -> 3; max -> 15; inc -> 3; num_acq_attempts -> 30; acq_attempt_delay -> 1000; check_idle_resources_delay -> 0; max_resource_age -> 0; max_idle_time -> 0; excess_max_idle_time -> 0; destroy_unreturned_resc_time -> 0; expiration_enforcement_delay -> 0; break_on_acquisition_failure -> false; debug_store_checkout_exceptions -> false; force_synchronous_checkins -> false]
19:50:59.217 [Test worker] DEBUG c.m.v.c.i.C3P0PooledConnectionPoolManager - Created new pool for auth, username (masked): 'null'.
19:50:59.217 [Test worker] DEBUG c.m.v.resourcepool.BasicResourcePool - acquire test -- pool size: 0; target_pool_size: 3; desired target? 1
19:50:59.217 [Test worker] DEBUG c.m.v.resourcepool.BasicResourcePool - awaitAvailable(): [unknown]
19:50:59.233 [C3P0PooledConnectionPoolManager[identityToken->1hgeqrl9qbn6pz6yfah30|56baa55f]-HelperThread-#2] DEBUG c.m.v2.c3p0.impl.NewProxyConnection - com.mchange.v2.c3p0.impl.NewProxyConnection@761cb4df [wrapping: conn89: url=jdbc:h2:mem:c9a8c821e5234c938717229cf772e28e user=]: close() called more than once.
19:50:59.233 [Resource Destroyer in BasicResourcePool.close()] DEBUG c.m.v.resourcepool.BasicResourcePool - Preparing to destroy resource: com.mchange.v2.c3p0.impl.NewPooledConnection@5c8b7ef2
19:50:59.233 [Test worker] DEBUG c.m.v.c.m.ActiveManagementCoordinator - MBean: com.mchange.v2.c3p0:type=PooledDataSource,identityToken=1hgeqrl9qbn6pz6yfah30|56baa55f,name=1hgeqrl9qbn6pz6yfah30|56baa55f unregistered.
19:50:59.233 [Resource Destroyer in BasicResourcePool.close()] DEBUG c.m.v.c.i.C3P0PooledConnectionPool - Preparing to destroy PooledConnection: com.mchange.v2.c3p0.impl.NewPooledConnection@5c8b7ef2
19:50:59.233 [Test worker] DEBUG c.m.v.c.m.ActiveManagementCoordinator - C3P0Registry mbean unregistered.
19:50:59.233 [Resource Destroyer in BasicResourcePool.close()] DEBUG c.m.v.c.i.C3P0PooledConnectionPool - Successfully destroyed PooledConnection: com.mchange.v2.c3p0.impl.NewPooledConnection@5c8b7ef2
19:50:59.233 [Resource Destroyer in BasicResourcePool.close()] DEBUG c.m.v.resourcepool.BasicResourcePool - Successfully destroyed resource: com.mchange.v2.c3p0.impl.NewPooledConnection@5c8b7ef2
19:50:59.233 [Resource Destroyer in BasicResourcePool.close()] DEBUG c.m.v.resourcepool.BasicResourcePool - Preparing to destroy resource: com.mchange.v2.c3p0.impl.NewPooledConnection@57101de4
19:50:59.233 [Resource Destroyer in BasicResourcePool.close()] DEBUG c.m.v.c.i.C3P0PooledConnectionPool - Preparing to destroy PooledConnection: com.mchange.v2.c3p0.impl.NewPooledConnection@57101de4
19:50:59.233 [Resource Destroyer in BasicResourcePool.close()] DEBUG c.m.v.c.i.C3P0PooledConnectionPool - Successfully destroyed PooledConnection: com.mchange.v2.c3p0.impl.NewPooledConnection@57101de4
19:50:59.233 [Resource Destroyer in BasicResourcePool.close()] DEBUG c.m.v.resourcepool.BasicResourcePool - Successfully destroyed resource: com.mchange.v2.c3p0.impl.NewPooledConnection@57101de4
19:50:59.233 [Resource Destroyer in BasicResourcePool.close()] DEBUG c.m.v.resourcepool.BasicResourcePool - Preparing to destroy resource: com.mchange.v2.c3p0.impl.NewPooledConnection@5874e7a3
19:50:59.233 [Resource Destroyer in BasicResourcePool.close()] DEBUG c.m.v.c.i.C3P0PooledConnectionPool - Preparing to destroy PooledConnection: com.mchange.v2.c3p0.impl.NewPooledConnection@5874e7a3
19:50:59.233 [Resource Destroyer in BasicResourcePool.close()] DEBUG c.m.v.c.i.C3P0PooledConnectionPool - Successfully destroyed PooledConnection: com.mchange.v2.c3p0.impl.NewPooledConnection@5874e7a3
19:50:59.233 [Resource Destroyer in BasicResourcePool.close()] DEBUG c.m.v.resourcepool.BasicResourcePool - Successfully destroyed resource: com.mchange.v2.c3p0.impl.NewPooledConnection@5874e7a3


================================================================================
 TEST SUCCEEDED                                                                 
--------------------------------------------------------------------------------
    Test class:  CountCommitsTest
    Test method: retrievingInvalidTimeRangeProducesZero[Using jdbc]
    End time:    2017/08/28 19:50:59 (Duration: 16ms)
================================================================================





================================================================================
 TEST START                                                                     
--------------------------------------------------------------------------------
    Test class:  CountCommitsTest
    Test method: canCountCommitsWithAndWithoutMetadata[Using inmemory]
    Start time:  2017/08/28 19:50:59
================================================================================





================================================================================
 TEST SUCCEEDED                                                                 
--------------------------------------------------------------------------------
    Test class:  CountCommitsTest
    Test method: canCountCommitsWithAndWithoutMetadata[Using inmemory]
    End time:    2017/08/28 19:50:59 (Duration: 19ms)
================================================================================





================================================================================
 TEST START                                                                     
--------------------------------------------------------------------------------
    Test class:  CountCommitsTest
    Test method: countingCommitTimestampsIsBranchLocal[Using inmemory]
    Start time:  2017/08/28 19:50:59
================================================================================





================================================================================
 TEST SUCCEEDED                                                                 
--------------------------------------------------------------------------------
    Test class:  CountCommitsTest
    Test method: countingCommitTimestampsIsBranchLocal[Using inmemory]
    End time:    2017/08/28 19:50:59 (Duration: 4ms)
================================================================================





================================================================================
 TEST START                                                                     
--------------------------------------------------------------------------------
    Test class:  CountCommitsTest
    Test method: canCountCommitTimestampWhenNoMetadataIsGiven[Using inmemory]
    Start time:  2017/08/28 19:50:59
================================================================================





================================================================================
 TEST SUCCEEDED                                                                 
--------------------------------------------------------------------------------
    Test class:  CountCommitsTest
    Test method: canCountCommitTimestampWhenNoMetadataIsGiven[Using inmemory]
    End time:    2017/08/28 19:50:59 (Duration: 0ms)
================================================================================





================================================================================
 TEST START                                                                     
--------------------------------------------------------------------------------
    Test class:  CountCommitsTest
    Test method: retrievingInvalidTimeRangeProducesZero[Using inmemory]
    Start time:  2017/08/28 19:50:59
================================================================================





================================================================================
 TEST SUCCEEDED                                                                 
--------------------------------------------------------------------------------
    Test class:  CountCommitsTest
    Test method: retrievingInvalidTimeRangeProducesZero[Using inmemory]
    End time:    2017/08/28 19:50:59 (Duration: 0ms)
================================================================================





================================================================================
 TEST START                                                                     
--------------------------------------------------------------------------------
    Test class:  CountCommitsTest
    Test method: canCountCommitsWithAndWithoutMetadata[Using mapdb]
    Start time:  2017/08/28 19:50:59
================================================================================





================================================================================
 TEST SUCCEEDED                                                                 
--------------------------------------------------------------------------------
    Test class:  CountCommitsTest
    Test method: canCountCommitsWithAndWithoutMetadata[Using mapdb]
    End time:    2017/08/28 19:50:59 (Duration: 440ms)
================================================================================





================================================================================
 TEST START                                                                     
--------------------------------------------------------------------------------
    Test class:  CountCommitsTest
    Test method: countingCommitTimestampsIsBranchLocal[Using mapdb]
    Start time:  2017/08/28 19:50:59
================================================================================





================================================================================
 TEST SUCCEEDED                                                                 
--------------------------------------------------------------------------------
    Test class:  CountCommitsTest
    Test method: countingCommitTimestampsIsBranchLocal[Using mapdb]
    End time:    2017/08/28 19:51:00 (Duration: 453ms)
================================================================================





================================================================================
 TEST START                                                                     
--------------------------------------------------------------------------------
    Test class:  CountCommitsTest
    Test method: canCountCommitTimestampWhenNoMetadataIsGiven[Using mapdb]
    Start time:  2017/08/28 19:51:00
================================================================================





================================================================================
 TEST SUCCEEDED                                                                 
--------------------------------------------------------------------------------
    Test class:  CountCommitsTest
    Test method: canCountCommitTimestampWhenNoMetadataIsGiven[Using mapdb]
    End time:    2017/08/28 19:51:00 (Duration: 369ms)
================================================================================





================================================================================
 TEST START                                                                     
--------------------------------------------------------------------------------
    Test class:  CountCommitsTest
    Test method: retrievingInvalidTimeRangeProducesZero[Using mapdb]
    Start time:  2017/08/28 19:51:00
================================================================================





================================================================================
 TEST SUCCEEDED                                                                 
--------------------------------------------------------------------------------
    Test class:  CountCommitsTest
    Test method: retrievingInvalidTimeRangeProducesZero[Using mapdb]
    End time:    2017/08/28 19:51:00 (Duration: 347ms)
================================================================================





================================================================================
 TEST START                                                                     
--------------------------------------------------------------------------------
    Test class:  CountCommitsTest
    Test method: canCountCommitsWithAndWithoutMetadata[Using tupl]
    Start time:  2017/08/28 19:51:00
================================================================================





================================================================================
 TEST SUCCEEDED                                                                 
--------------------------------------------------------------------------------
    Test class:  CountCommitsTest
    Test method: canCountCommitsWithAndWithoutMetadata[Using tupl]
    End time:    2017/08/28 19:51:01 (Duration: 215ms)
================================================================================





================================================================================
 TEST START                                                                     
--------------------------------------------------------------------------------
    Test class:  CountCommitsTest
    Test method: countingCommitTimestampsIsBranchLocal[Using tupl]
    Start time:  2017/08/28 19:51:01
================================================================================





================================================================================
 TEST SUCCEEDED                                                                 
--------------------------------------------------------------------------------
    Test class:  CountCommitsTest
    Test method: countingCommitTimestampsIsBranchLocal[Using tupl]
    End time:    2017/08/28 19:51:01 (Duration: 235ms)
================================================================================





================================================================================
 TEST START                                                                     
--------------------------------------------------------------------------------
    Test class:  CountCommitsTest
    Test method: canCountCommitTimestampWhenNoMetadataIsGiven[Using tupl]
    Start time:  2017/08/28 19:51:01
================================================================================





================================================================================
 TEST SUCCEEDED                                                                 
--------------------------------------------------------------------------------
    Test class:  CountCommitsTest
    Test method: canCountCommitTimestampWhenNoMetadataIsGiven[Using tupl]
    End time:    2017/08/28 19:51:01 (Duration: 150ms)
================================================================================





================================================================================
 TEST START                                                                     
--------------------------------------------------------------------------------
    Test class:  CountCommitsTest
    Test method: retrievingInvalidTimeRangeProducesZero[Using tupl]
    Start time:  2017/08/28 19:51:01
================================================================================





================================================================================
 TEST SUCCEEDED                                                                 
--------------------------------------------------------------------------------
    Test class:  CountCommitsTest
    Test method: retrievingInvalidTimeRangeProducesZero[Using tupl]
    End time:    2017/08/28 19:51:01 (Duration: 153ms)
================================================================================





================================================================================
 TEST START                                                                     
--------------------------------------------------------------------------------
    Test class:  CountCommitsTest
    Test method: canCountCommitsWithAndWithoutMetadata[Using chunked]
    Start time:  2017/08/28 19:51:01
================================================================================





================================================================================
 TEST SUCCEEDED                                                                 
--------------------------------------------------------------------------------
    Test class:  CountCommitsTest
    Test method: canCountCommitsWithAndWithoutMetadata[Using chunked]
    End time:    2017/08/28 19:51:02 (Duration: 431ms)
================================================================================





================================================================================
 TEST START                                                                     
--------------------------------------------------------------------------------
    Test class:  CountCommitsTest
    Test method: countingCommitTimestampsIsBranchLocal[Using chunked]
    Start time:  2017/08/28 19:51:02
================================================================================





================================================================================
 TEST SUCCEEDED                                                                 
--------------------------------------------------------------------------------
    Test class:  CountCommitsTest
    Test method: countingCommitTimestampsIsBranchLocal[Using chunked]
    End time:    2017/08/28 19:51:02 (Duration: 367ms)
================================================================================





================================================================================
 TEST START                                                                     
--------------------------------------------------------------------------------
    Test class:  CountCommitsTest
    Test method: canCountCommitTimestampWhenNoMetadataIsGiven[Using chunked]
    Start time:  2017/08/28 19:51:02
================================================================================





================================================================================
 TEST SUCCEEDED                                                                 
--------------------------------------------------------------------------------
    Test class:  CountCommitsTest
    Test method: canCountCommitTimestampWhenNoMetadataIsGiven[Using chunked]
    End time:    2017/08/28 19:51:02 (Duration: 217ms)
================================================================================





================================================================================
 TEST START                                                                     
--------------------------------------------------------------------------------
    Test class:  CountCommitsTest
    Test method: retrievingInvalidTimeRangeProducesZero[Using chunked]
    Start time:  2017/08/28 19:51:02
================================================================================





================================================================================
 TEST SUCCEEDED                                                                 
--------------------------------------------------------------------------------
    Test class:  CountCommitsTest
    Test method: retrievingInvalidTimeRangeProducesZero[Using chunked]
    End time:    2017/08/28 19:51:02 (Duration: 201ms)
================================================================================



19:51:02.834 [Test worker] INFO  o.c.common.test.ChronosUnitTest - Attempting to delete temp directory provided at: C:\Users\Martin\AppData\Local\Temp\ChronoDBTest5529815287975316420
19:51:02.834 [Test worker] INFO  o.c.common.test.ChronosUnitTest - Successfully deleted temp directory
]]></system-out>
  <system-err><![CDATA[]]></system-err>
</testsuite>
