<?xml version="1.0" encoding="UTF-8"?>
<testsuite name="org.chronos.chronodb.test.query.condition.TextualQueryConditionTest" tests="40" skipped="0" failures="0" errors="0" timestamp="2017-08-28T17:54:29" hostname="Aurora" time="0.032">
  <properties/>
  <testcase name="runTest[&quot;Hello World&quot; Equals &quot;Hello World&quot; (Strict: true, CI: true)]" classname="org.chronos.chronodb.test.query.condition.TextualQueryConditionTest" time="0.0"/>
  <testcase name="runTest[&quot;hello world&quot; Equals &quot;Hello World&quot; (Strict: false, CI: true)]" classname="org.chronos.chronodb.test.query.condition.TextualQueryConditionTest" time="0.0"/>
  <testcase name="runTest[&quot;Hello World&quot; Equals &quot;hello world&quot; (Strict: false, CI: true)]" classname="org.chronos.chronodb.test.query.condition.TextualQueryConditionTest" time="0.0"/>
  <testcase name="runTest[&quot;Hello Foo&quot; Equals &quot;Hello World&quot; (Strict: false, CI: false)]" classname="org.chronos.chronodb.test.query.condition.TextualQueryConditionTest" time="0.0"/>
  <testcase name="runTest[&quot;Hello Foo&quot; NotEquals &quot;Hello World&quot; (Strict: true, CI: true)]" classname="org.chronos.chronodb.test.query.condition.TextualQueryConditionTest" time="0.016"/>
  <testcase name="runTest[&quot;Hello World&quot; NotEquals &quot;Hello World&quot; (Strict: false, CI: false)]" classname="org.chronos.chronodb.test.query.condition.TextualQueryConditionTest" time="0.0"/>
  <testcase name="runTest[&quot;Hello World&quot; NotEquals &quot;hello world&quot; (Strict: true, CI: false)]" classname="org.chronos.chronodb.test.query.condition.TextualQueryConditionTest" time="0.0"/>
  <testcase name="runTest[&quot;hello world&quot; NotEquals &quot;Hello World&quot; (Strict: true, CI: false)]" classname="org.chronos.chronodb.test.query.condition.TextualQueryConditionTest" time="0.0"/>
  <testcase name="runTest[&quot;Hello World&quot; Contains &quot;Hello&quot; (Strict: true, CI: true)]" classname="org.chronos.chronodb.test.query.condition.TextualQueryConditionTest" time="0.0"/>
  <testcase name="runTest[&quot;hello world&quot; Contains &quot;Hello&quot; (Strict: false, CI: true)]" classname="org.chronos.chronodb.test.query.condition.TextualQueryConditionTest" time="0.0"/>
  <testcase name="runTest[&quot;Hello World&quot; Contains &quot;hello&quot; (Strict: false, CI: true)]" classname="org.chronos.chronodb.test.query.condition.TextualQueryConditionTest" time="0.0"/>
  <testcase name="runTest[&quot;Hello Foo&quot; Contains &quot;World&quot; (Strict: false, CI: false)]" classname="org.chronos.chronodb.test.query.condition.TextualQueryConditionTest" time="0.0"/>
  <testcase name="runTest[&quot;Hello World&quot; NotContains &quot;Hello&quot; (Strict: false, CI: false)]" classname="org.chronos.chronodb.test.query.condition.TextualQueryConditionTest" time="0.0"/>
  <testcase name="runTest[&quot;hello world&quot; NotContains &quot;Hello&quot; (Strict: true, CI: false)]" classname="org.chronos.chronodb.test.query.condition.TextualQueryConditionTest" time="0.0"/>
  <testcase name="runTest[&quot;Hello World&quot; NotContains &quot;hello&quot; (Strict: true, CI: false)]" classname="org.chronos.chronodb.test.query.condition.TextualQueryConditionTest" time="0.0"/>
  <testcase name="runTest[&quot;Hello Foo&quot; NotContains &quot;World&quot; (Strict: true, CI: true)]" classname="org.chronos.chronodb.test.query.condition.TextualQueryConditionTest" time="0.0"/>
  <testcase name="runTest[&quot;Hello World&quot; StartsWith &quot;Hello&quot; (Strict: true, CI: true)]" classname="org.chronos.chronodb.test.query.condition.TextualQueryConditionTest" time="0.0"/>
  <testcase name="runTest[&quot;hello world&quot; StartsWith &quot;Hello&quot; (Strict: false, CI: true)]" classname="org.chronos.chronodb.test.query.condition.TextualQueryConditionTest" time="0.0"/>
  <testcase name="runTest[&quot;Hello World&quot; StartsWith &quot;hello&quot; (Strict: false, CI: true)]" classname="org.chronos.chronodb.test.query.condition.TextualQueryConditionTest" time="0.0"/>
  <testcase name="runTest[&quot;hello world&quot; StartsWith &quot;foo&quot; (Strict: false, CI: false)]" classname="org.chronos.chronodb.test.query.condition.TextualQueryConditionTest" time="0.0"/>
  <testcase name="runTest[&quot;Hello World&quot; NotStartsWith &quot;Hello&quot; (Strict: false, CI: false)]" classname="org.chronos.chronodb.test.query.condition.TextualQueryConditionTest" time="0.0"/>
  <testcase name="runTest[&quot;hello world&quot; NotStartsWith &quot;Hello&quot; (Strict: true, CI: false)]" classname="org.chronos.chronodb.test.query.condition.TextualQueryConditionTest" time="0.0"/>
  <testcase name="runTest[&quot;Hello World&quot; NotStartsWith &quot;hello&quot; (Strict: true, CI: false)]" classname="org.chronos.chronodb.test.query.condition.TextualQueryConditionTest" time="0.0"/>
  <testcase name="runTest[&quot;hello world&quot; NotStartsWith &quot;foo&quot; (Strict: true, CI: true)]" classname="org.chronos.chronodb.test.query.condition.TextualQueryConditionTest" time="0.0"/>
  <testcase name="runTest[&quot;Hello World&quot; EndsWith &quot;World&quot; (Strict: true, CI: true)]" classname="org.chronos.chronodb.test.query.condition.TextualQueryConditionTest" time="0.016"/>
  <testcase name="runTest[&quot;hello world&quot; EndsWith &quot;World&quot; (Strict: false, CI: true)]" classname="org.chronos.chronodb.test.query.condition.TextualQueryConditionTest" time="0.0"/>
  <testcase name="runTest[&quot;Hello World&quot; EndsWith &quot;world&quot; (Strict: false, CI: true)]" classname="org.chronos.chronodb.test.query.condition.TextualQueryConditionTest" time="0.0"/>
  <testcase name="runTest[&quot;hello world&quot; EndsWith &quot;foo&quot; (Strict: false, CI: false)]" classname="org.chronos.chronodb.test.query.condition.TextualQueryConditionTest" time="0.0"/>
  <testcase name="runTest[&quot;Hello World&quot; NotEndsWith &quot;World&quot; (Strict: false, CI: false)]" classname="org.chronos.chronodb.test.query.condition.TextualQueryConditionTest" time="0.0"/>
  <testcase name="runTest[&quot;hello world&quot; NotEndsWith &quot;World&quot; (Strict: true, CI: false)]" classname="org.chronos.chronodb.test.query.condition.TextualQueryConditionTest" time="0.0"/>
  <testcase name="runTest[&quot;Hello World&quot; NotEndsWith &quot;world&quot; (Strict: true, CI: false)]" classname="org.chronos.chronodb.test.query.condition.TextualQueryConditionTest" time="0.0"/>
  <testcase name="runTest[&quot;hello world&quot; NotEndsWith &quot;foo&quot; (Strict: true, CI: true)]" classname="org.chronos.chronodb.test.query.condition.TextualQueryConditionTest" time="0.0"/>
  <testcase name="runTest[&quot;Hello World&quot; MatchesRegex &quot;.*World.*&quot; (Strict: true, CI: true)]" classname="org.chronos.chronodb.test.query.condition.TextualQueryConditionTest" time="0.0"/>
  <testcase name="runTest[&quot;hello world&quot; MatchesRegex &quot;.*World.*&quot; (Strict: false, CI: true)]" classname="org.chronos.chronodb.test.query.condition.TextualQueryConditionTest" time="0.0"/>
  <testcase name="runTest[&quot;Hello World&quot; MatchesRegex &quot;.*world.*&quot; (Strict: false, CI: true)]" classname="org.chronos.chronodb.test.query.condition.TextualQueryConditionTest" time="0.0"/>
  <testcase name="runTest[&quot;hello world&quot; MatchesRegex &quot;.*foo.*&quot; (Strict: false, CI: false)]" classname="org.chronos.chronodb.test.query.condition.TextualQueryConditionTest" time="0.0"/>
  <testcase name="runTest[&quot;Hello World&quot; NotMatchesRegex &quot;.*World.*&quot; (Strict: false, CI: false)]" classname="org.chronos.chronodb.test.query.condition.TextualQueryConditionTest" time="0.0"/>
  <testcase name="runTest[&quot;hello world&quot; NotMatchesRegex &quot;.*World.*&quot; (Strict: true, CI: false)]" classname="org.chronos.chronodb.test.query.condition.TextualQueryConditionTest" time="0.0"/>
  <testcase name="runTest[&quot;Hello World&quot; NotMatchesRegex &quot;.*world.*&quot; (Strict: true, CI: false)]" classname="org.chronos.chronodb.test.query.condition.TextualQueryConditionTest" time="0.0"/>
  <testcase name="runTest[&quot;hello world&quot; NotMatchesRegex &quot;.*foo.*&quot; (Strict: true, CI: true)]" classname="org.chronos.chronodb.test.query.condition.TextualQueryConditionTest" time="0.0"/>
  <system-out><![CDATA[19:54:29.916 [Test worker] INFO  o.c.common.test.ChronosUnitTest - Temp directory is provided at: C:\Users\Martin\AppData\Local\Temp\ChronoDBTest5529815287975316420


================================================================================
 TEST START                                                                     
--------------------------------------------------------------------------------
    Test class:  TextualQueryConditionTest
    Test method: runTest["Hello World" Equals "Hello World" (Strict: true, CI: true)]
    Start time:  2017/08/28 19:54:29
================================================================================





================================================================================
 TEST SUCCEEDED                                                                 
--------------------------------------------------------------------------------
    Test class:  TextualQueryConditionTest
    Test method: runTest["Hello World" Equals "Hello World" (Strict: true, CI: true)]
    End time:    2017/08/28 19:54:29 (Duration: 0ms)
================================================================================





================================================================================
 TEST START                                                                     
--------------------------------------------------------------------------------
    Test class:  TextualQueryConditionTest
    Test method: runTest["hello world" Equals "Hello World" (Strict: false, CI: true)]
    Start time:  2017/08/28 19:54:29
================================================================================





================================================================================
 TEST SUCCEEDED                                                                 
--------------------------------------------------------------------------------
    Test class:  TextualQueryConditionTest
    Test method: runTest["hello world" Equals "Hello World" (Strict: false, CI: true)]
    End time:    2017/08/28 19:54:29 (Duration: 0ms)
================================================================================





================================================================================
 TEST START                                                                     
--------------------------------------------------------------------------------
    Test class:  TextualQueryConditionTest
    Test method: runTest["Hello World" Equals "hello world" (Strict: false, CI: true)]
    Start time:  2017/08/28 19:54:29
================================================================================





================================================================================
 TEST SUCCEEDED                                                                 
--------------------------------------------------------------------------------
    Test class:  TextualQueryConditionTest
    Test method: runTest["Hello World" Equals "hello world" (Strict: false, CI: true)]
    End time:    2017/08/28 19:54:29 (Duration: 0ms)
================================================================================





================================================================================
 TEST START                                                                     
--------------------------------------------------------------------------------
    Test class:  TextualQueryConditionTest
    Test method: runTest["Hello Foo" Equals "Hello World" (Strict: false, CI: false)]
    Start time:  2017/08/28 19:54:29
================================================================================





================================================================================
 TEST SUCCEEDED                                                                 
--------------------------------------------------------------------------------
    Test class:  TextualQueryConditionTest
    Test method: runTest["Hello Foo" Equals "Hello World" (Strict: false, CI: false)]
    End time:    2017/08/28 19:54:29 (Duration: 0ms)
================================================================================





================================================================================
 TEST START                                                                     
--------------------------------------------------------------------------------
    Test class:  TextualQueryConditionTest
    Test method: runTest["Hello Foo" NotEquals "Hello World" (Strict: true, CI: true)]
    Start time:  2017/08/28 19:54:29
================================================================================





================================================================================
 TEST SUCCEEDED                                                                 
--------------------------------------------------------------------------------
    Test class:  TextualQueryConditionTest
    Test method: runTest["Hello Foo" NotEquals "Hello World" (Strict: true, CI: true)]
    End time:    2017/08/28 19:54:29 (Duration: 16ms)
================================================================================





================================================================================
 TEST START                                                                     
--------------------------------------------------------------------------------
    Test class:  TextualQueryConditionTest
    Test method: runTest["Hello World" NotEquals "Hello World" (Strict: false, CI: false)]
    Start time:  2017/08/28 19:54:29
================================================================================





================================================================================
 TEST SUCCEEDED                                                                 
--------------------------------------------------------------------------------
    Test class:  TextualQueryConditionTest
    Test method: runTest["Hello World" NotEquals "Hello World" (Strict: false, CI: false)]
    End time:    2017/08/28 19:54:29 (Duration: 0ms)
================================================================================





================================================================================
 TEST START                                                                     
--------------------------------------------------------------------------------
    Test class:  TextualQueryConditionTest
    Test method: runTest["Hello World" NotEquals "hello world" (Strict: true, CI: false)]
    Start time:  2017/08/28 19:54:29
================================================================================





================================================================================
 TEST SUCCEEDED                                                                 
--------------------------------------------------------------------------------
    Test class:  TextualQueryConditionTest
    Test method: runTest["Hello World" NotEquals "hello world" (Strict: true, CI: false)]
    End time:    2017/08/28 19:54:29 (Duration: 0ms)
================================================================================





================================================================================
 TEST START                                                                     
--------------------------------------------------------------------------------
    Test class:  TextualQueryConditionTest
    Test method: runTest["hello world" NotEquals "Hello World" (Strict: true, CI: false)]
    Start time:  2017/08/28 19:54:29
================================================================================





================================================================================
 TEST SUCCEEDED                                                                 
--------------------------------------------------------------------------------
    Test class:  TextualQueryConditionTest
    Test method: runTest["hello world" NotEquals "Hello World" (Strict: true, CI: false)]
    End time:    2017/08/28 19:54:29 (Duration: 0ms)
================================================================================





================================================================================
 TEST START                                                                     
--------------------------------------------------------------------------------
    Test class:  TextualQueryConditionTest
    Test method: runTest["Hello World" Contains "Hello" (Strict: true, CI: true)]
    Start time:  2017/08/28 19:54:29
================================================================================





================================================================================
 TEST SUCCEEDED                                                                 
--------------------------------------------------------------------------------
    Test class:  TextualQueryConditionTest
    Test method: runTest["Hello World" Contains "Hello" (Strict: true, CI: true)]
    End time:    2017/08/28 19:54:29 (Duration: 0ms)
================================================================================





================================================================================
 TEST START                                                                     
--------------------------------------------------------------------------------
    Test class:  TextualQueryConditionTest
    Test method: runTest["hello world" Contains "Hello" (Strict: false, CI: true)]
    Start time:  2017/08/28 19:54:29
================================================================================





================================================================================
 TEST SUCCEEDED                                                                 
--------------------------------------------------------------------------------
    Test class:  TextualQueryConditionTest
    Test method: runTest["hello world" Contains "Hello" (Strict: false, CI: true)]
    End time:    2017/08/28 19:54:29 (Duration: 0ms)
================================================================================





================================================================================
 TEST START                                                                     
--------------------------------------------------------------------------------
    Test class:  TextualQueryConditionTest
    Test method: runTest["Hello World" Contains "hello" (Strict: false, CI: true)]
    Start time:  2017/08/28 19:54:29
================================================================================





================================================================================
 TEST SUCCEEDED                                                                 
--------------------------------------------------------------------------------
    Test class:  TextualQueryConditionTest
    Test method: runTest["Hello World" Contains "hello" (Strict: false, CI: true)]
    End time:    2017/08/28 19:54:29 (Duration: 0ms)
================================================================================





================================================================================
 TEST START                                                                     
--------------------------------------------------------------------------------
    Test class:  TextualQueryConditionTest
    Test method: runTest["Hello Foo" Contains "World" (Strict: false, CI: false)]
    Start time:  2017/08/28 19:54:29
================================================================================





================================================================================
 TEST SUCCEEDED                                                                 
--------------------------------------------------------------------------------
    Test class:  TextualQueryConditionTest
    Test method: runTest["Hello Foo" Contains "World" (Strict: false, CI: false)]
    End time:    2017/08/28 19:54:29 (Duration: 0ms)
================================================================================





================================================================================
 TEST START                                                                     
--------------------------------------------------------------------------------
    Test class:  TextualQueryConditionTest
    Test method: runTest["Hello World" NotContains "Hello" (Strict: false, CI: false)]
    Start time:  2017/08/28 19:54:29
================================================================================





================================================================================
 TEST SUCCEEDED                                                                 
--------------------------------------------------------------------------------
    Test class:  TextualQueryConditionTest
    Test method: runTest["Hello World" NotContains "Hello" (Strict: false, CI: false)]
    End time:    2017/08/28 19:54:29 (Duration: 0ms)
================================================================================





================================================================================
 TEST START                                                                     
--------------------------------------------------------------------------------
    Test class:  TextualQueryConditionTest
    Test method: runTest["hello world" NotContains "Hello" (Strict: true, CI: false)]
    Start time:  2017/08/28 19:54:29
================================================================================





================================================================================
 TEST SUCCEEDED                                                                 
--------------------------------------------------------------------------------
    Test class:  TextualQueryConditionTest
    Test method: runTest["hello world" NotContains "Hello" (Strict: true, CI: false)]
    End time:    2017/08/28 19:54:29 (Duration: 0ms)
================================================================================





================================================================================
 TEST START                                                                     
--------------------------------------------------------------------------------
    Test class:  TextualQueryConditionTest
    Test method: runTest["Hello World" NotContains "hello" (Strict: true, CI: false)]
    Start time:  2017/08/28 19:54:29
================================================================================





================================================================================
 TEST SUCCEEDED                                                                 
--------------------------------------------------------------------------------
    Test class:  TextualQueryConditionTest
    Test method: runTest["Hello World" NotContains "hello" (Strict: true, CI: false)]
    End time:    2017/08/28 19:54:29 (Duration: 0ms)
================================================================================





================================================================================
 TEST START                                                                     
--------------------------------------------------------------------------------
    Test class:  TextualQueryConditionTest
    Test method: runTest["Hello Foo" NotContains "World" (Strict: true, CI: true)]
    Start time:  2017/08/28 19:54:29
================================================================================





================================================================================
 TEST SUCCEEDED                                                                 
--------------------------------------------------------------------------------
    Test class:  TextualQueryConditionTest
    Test method: runTest["Hello Foo" NotContains "World" (Strict: true, CI: true)]
    End time:    2017/08/28 19:54:29 (Duration: 0ms)
================================================================================





================================================================================
 TEST START                                                                     
--------------------------------------------------------------------------------
    Test class:  TextualQueryConditionTest
    Test method: runTest["Hello World" StartsWith "Hello" (Strict: true, CI: true)]
    Start time:  2017/08/28 19:54:29
================================================================================





================================================================================
 TEST SUCCEEDED                                                                 
--------------------------------------------------------------------------------
    Test class:  TextualQueryConditionTest
    Test method: runTest["Hello World" StartsWith "Hello" (Strict: true, CI: true)]
    End time:    2017/08/28 19:54:29 (Duration: 0ms)
================================================================================





================================================================================
 TEST START                                                                     
--------------------------------------------------------------------------------
    Test class:  TextualQueryConditionTest
    Test method: runTest["hello world" StartsWith "Hello" (Strict: false, CI: true)]
    Start time:  2017/08/28 19:54:29
================================================================================





================================================================================
 TEST SUCCEEDED                                                                 
--------------------------------------------------------------------------------
    Test class:  TextualQueryConditionTest
    Test method: runTest["hello world" StartsWith "Hello" (Strict: false, CI: true)]
    End time:    2017/08/28 19:54:29 (Duration: 0ms)
================================================================================





================================================================================
 TEST START                                                                     
--------------------------------------------------------------------------------
    Test class:  TextualQueryConditionTest
    Test method: runTest["Hello World" StartsWith "hello" (Strict: false, CI: true)]
    Start time:  2017/08/28 19:54:29
================================================================================





================================================================================
 TEST SUCCEEDED                                                                 
--------------------------------------------------------------------------------
    Test class:  TextualQueryConditionTest
    Test method: runTest["Hello World" StartsWith "hello" (Strict: false, CI: true)]
    End time:    2017/08/28 19:54:29 (Duration: 0ms)
================================================================================





================================================================================
 TEST START                                                                     
--------------------------------------------------------------------------------
    Test class:  TextualQueryConditionTest
    Test method: runTest["hello world" StartsWith "foo" (Strict: false, CI: false)]
    Start time:  2017/08/28 19:54:29
================================================================================





================================================================================
 TEST SUCCEEDED                                                                 
--------------------------------------------------------------------------------
    Test class:  TextualQueryConditionTest
    Test method: runTest["hello world" StartsWith "foo" (Strict: false, CI: false)]
    End time:    2017/08/28 19:54:29 (Duration: 0ms)
================================================================================





================================================================================
 TEST START                                                                     
--------------------------------------------------------------------------------
    Test class:  TextualQueryConditionTest
    Test method: runTest["Hello World" NotStartsWith "Hello" (Strict: false, CI: false)]
    Start time:  2017/08/28 19:54:29
================================================================================





================================================================================
 TEST SUCCEEDED                                                                 
--------------------------------------------------------------------------------
    Test class:  TextualQueryConditionTest
    Test method: runTest["Hello World" NotStartsWith "Hello" (Strict: false, CI: false)]
    End time:    2017/08/28 19:54:29 (Duration: 0ms)
================================================================================





================================================================================
 TEST START                                                                     
--------------------------------------------------------------------------------
    Test class:  TextualQueryConditionTest
    Test method: runTest["hello world" NotStartsWith "Hello" (Strict: true, CI: false)]
    Start time:  2017/08/28 19:54:29
================================================================================





================================================================================
 TEST SUCCEEDED                                                                 
--------------------------------------------------------------------------------
    Test class:  TextualQueryConditionTest
    Test method: runTest["hello world" NotStartsWith "Hello" (Strict: true, CI: false)]
    End time:    2017/08/28 19:54:29 (Duration: 0ms)
================================================================================





================================================================================
 TEST START                                                                     
--------------------------------------------------------------------------------
    Test class:  TextualQueryConditionTest
    Test method: runTest["Hello World" NotStartsWith "hello" (Strict: true, CI: false)]
    Start time:  2017/08/28 19:54:29
================================================================================





================================================================================
 TEST SUCCEEDED                                                                 
--------------------------------------------------------------------------------
    Test class:  TextualQueryConditionTest
    Test method: runTest["Hello World" NotStartsWith "hello" (Strict: true, CI: false)]
    End time:    2017/08/28 19:54:29 (Duration: 0ms)
================================================================================





================================================================================
 TEST START                                                                     
--------------------------------------------------------------------------------
    Test class:  TextualQueryConditionTest
    Test method: runTest["hello world" NotStartsWith "foo" (Strict: true, CI: true)]
    Start time:  2017/08/28 19:54:29
================================================================================





================================================================================
 TEST SUCCEEDED                                                                 
--------------------------------------------------------------------------------
    Test class:  TextualQueryConditionTest
    Test method: runTest["hello world" NotStartsWith "foo" (Strict: true, CI: true)]
    End time:    2017/08/28 19:54:29 (Duration: 0ms)
================================================================================





================================================================================
 TEST START                                                                     
--------------------------------------------------------------------------------
    Test class:  TextualQueryConditionTest
    Test method: runTest["Hello World" EndsWith "World" (Strict: true, CI: true)]
    Start time:  2017/08/28 19:54:29
================================================================================





================================================================================
 TEST SUCCEEDED                                                                 
--------------------------------------------------------------------------------
    Test class:  TextualQueryConditionTest
    Test method: runTest["Hello World" EndsWith "World" (Strict: true, CI: true)]
    End time:    2017/08/28 19:54:29 (Duration: 16ms)
================================================================================





================================================================================
 TEST START                                                                     
--------------------------------------------------------------------------------
    Test class:  TextualQueryConditionTest
    Test method: runTest["hello world" EndsWith "World" (Strict: false, CI: true)]
    Start time:  2017/08/28 19:54:29
================================================================================





================================================================================
 TEST SUCCEEDED                                                                 
--------------------------------------------------------------------------------
    Test class:  TextualQueryConditionTest
    Test method: runTest["hello world" EndsWith "World" (Strict: false, CI: true)]
    End time:    2017/08/28 19:54:29 (Duration: 0ms)
================================================================================





================================================================================
 TEST START                                                                     
--------------------------------------------------------------------------------
    Test class:  TextualQueryConditionTest
    Test method: runTest["Hello World" EndsWith "world" (Strict: false, CI: true)]
    Start time:  2017/08/28 19:54:29
================================================================================





================================================================================
 TEST SUCCEEDED                                                                 
--------------------------------------------------------------------------------
    Test class:  TextualQueryConditionTest
    Test method: runTest["Hello World" EndsWith "world" (Strict: false, CI: true)]
    End time:    2017/08/28 19:54:29 (Duration: 0ms)
================================================================================





================================================================================
 TEST START                                                                     
--------------------------------------------------------------------------------
    Test class:  TextualQueryConditionTest
    Test method: runTest["hello world" EndsWith "foo" (Strict: false, CI: false)]
    Start time:  2017/08/28 19:54:29
================================================================================





================================================================================
 TEST SUCCEEDED                                                                 
--------------------------------------------------------------------------------
    Test class:  TextualQueryConditionTest
    Test method: runTest["hello world" EndsWith "foo" (Strict: false, CI: false)]
    End time:    2017/08/28 19:54:29 (Duration: 0ms)
================================================================================





================================================================================
 TEST START                                                                     
--------------------------------------------------------------------------------
    Test class:  TextualQueryConditionTest
    Test method: runTest["Hello World" NotEndsWith "World" (Strict: false, CI: false)]
    Start time:  2017/08/28 19:54:29
================================================================================





================================================================================
 TEST SUCCEEDED                                                                 
--------------------------------------------------------------------------------
    Test class:  TextualQueryConditionTest
    Test method: runTest["Hello World" NotEndsWith "World" (Strict: false, CI: false)]
    End time:    2017/08/28 19:54:29 (Duration: 0ms)
================================================================================





================================================================================
 TEST START                                                                     
--------------------------------------------------------------------------------
    Test class:  TextualQueryConditionTest
    Test method: runTest["hello world" NotEndsWith "World" (Strict: true, CI: false)]
    Start time:  2017/08/28 19:54:29
================================================================================





================================================================================
 TEST SUCCEEDED                                                                 
--------------------------------------------------------------------------------
    Test class:  TextualQueryConditionTest
    Test method: runTest["hello world" NotEndsWith "World" (Strict: true, CI: false)]
    End time:    2017/08/28 19:54:29 (Duration: 0ms)
================================================================================





================================================================================
 TEST START                                                                     
--------------------------------------------------------------------------------
    Test class:  TextualQueryConditionTest
    Test method: runTest["Hello World" NotEndsWith "world" (Strict: true, CI: false)]
    Start time:  2017/08/28 19:54:29
================================================================================





================================================================================
 TEST SUCCEEDED                                                                 
--------------------------------------------------------------------------------
    Test class:  TextualQueryConditionTest
    Test method: runTest["Hello World" NotEndsWith "world" (Strict: true, CI: false)]
    End time:    2017/08/28 19:54:29 (Duration: 0ms)
================================================================================





================================================================================
 TEST START                                                                     
--------------------------------------------------------------------------------
    Test class:  TextualQueryConditionTest
    Test method: runTest["hello world" NotEndsWith "foo" (Strict: true, CI: true)]
    Start time:  2017/08/28 19:54:29
================================================================================





================================================================================
 TEST SUCCEEDED                                                                 
--------------------------------------------------------------------------------
    Test class:  TextualQueryConditionTest
    Test method: runTest["hello world" NotEndsWith "foo" (Strict: true, CI: true)]
    End time:    2017/08/28 19:54:29 (Duration: 0ms)
================================================================================





================================================================================
 TEST START                                                                     
--------------------------------------------------------------------------------
    Test class:  TextualQueryConditionTest
    Test method: runTest["Hello World" MatchesRegex ".*World.*" (Strict: true, CI: true)]
    Start time:  2017/08/28 19:54:29
================================================================================





================================================================================
 TEST SUCCEEDED                                                                 
--------------------------------------------------------------------------------
    Test class:  TextualQueryConditionTest
    Test method: runTest["Hello World" MatchesRegex ".*World.*" (Strict: true, CI: true)]
    End time:    2017/08/28 19:54:29 (Duration: 0ms)
================================================================================





================================================================================
 TEST START                                                                     
--------------------------------------------------------------------------------
    Test class:  TextualQueryConditionTest
    Test method: runTest["hello world" MatchesRegex ".*World.*" (Strict: false, CI: true)]
    Start time:  2017/08/28 19:54:29
================================================================================





================================================================================
 TEST SUCCEEDED                                                                 
--------------------------------------------------------------------------------
    Test class:  TextualQueryConditionTest
    Test method: runTest["hello world" MatchesRegex ".*World.*" (Strict: false, CI: true)]
    End time:    2017/08/28 19:54:29 (Duration: 0ms)
================================================================================





================================================================================
 TEST START                                                                     
--------------------------------------------------------------------------------
    Test class:  TextualQueryConditionTest
    Test method: runTest["Hello World" MatchesRegex ".*world.*" (Strict: false, CI: true)]
    Start time:  2017/08/28 19:54:29
================================================================================





================================================================================
 TEST SUCCEEDED                                                                 
--------------------------------------------------------------------------------
    Test class:  TextualQueryConditionTest
    Test method: runTest["Hello World" MatchesRegex ".*world.*" (Strict: false, CI: true)]
    End time:    2017/08/28 19:54:29 (Duration: 0ms)
================================================================================





================================================================================
 TEST START                                                                     
--------------------------------------------------------------------------------
    Test class:  TextualQueryConditionTest
    Test method: runTest["hello world" MatchesRegex ".*foo.*" (Strict: false, CI: false)]
    Start time:  2017/08/28 19:54:29
================================================================================





================================================================================
 TEST SUCCEEDED                                                                 
--------------------------------------------------------------------------------
    Test class:  TextualQueryConditionTest
    Test method: runTest["hello world" MatchesRegex ".*foo.*" (Strict: false, CI: false)]
    End time:    2017/08/28 19:54:29 (Duration: 0ms)
================================================================================





================================================================================
 TEST START                                                                     
--------------------------------------------------------------------------------
    Test class:  TextualQueryConditionTest
    Test method: runTest["Hello World" NotMatchesRegex ".*World.*" (Strict: false, CI: false)]
    Start time:  2017/08/28 19:54:29
================================================================================





================================================================================
 TEST SUCCEEDED                                                                 
--------------------------------------------------------------------------------
    Test class:  TextualQueryConditionTest
    Test method: runTest["Hello World" NotMatchesRegex ".*World.*" (Strict: false, CI: false)]
    End time:    2017/08/28 19:54:29 (Duration: 0ms)
================================================================================





================================================================================
 TEST START                                                                     
--------------------------------------------------------------------------------
    Test class:  TextualQueryConditionTest
    Test method: runTest["hello world" NotMatchesRegex ".*World.*" (Strict: true, CI: false)]
    Start time:  2017/08/28 19:54:29
================================================================================





================================================================================
 TEST SUCCEEDED                                                                 
--------------------------------------------------------------------------------
    Test class:  TextualQueryConditionTest
    Test method: runTest["hello world" NotMatchesRegex ".*World.*" (Strict: true, CI: false)]
    End time:    2017/08/28 19:54:29 (Duration: 0ms)
================================================================================





================================================================================
 TEST START                                                                     
--------------------------------------------------------------------------------
    Test class:  TextualQueryConditionTest
    Test method: runTest["Hello World" NotMatchesRegex ".*world.*" (Strict: true, CI: false)]
    Start time:  2017/08/28 19:54:29
================================================================================





================================================================================
 TEST SUCCEEDED                                                                 
--------------------------------------------------------------------------------
    Test class:  TextualQueryConditionTest
    Test method: runTest["Hello World" NotMatchesRegex ".*world.*" (Strict: true, CI: false)]
    End time:    2017/08/28 19:54:29 (Duration: 0ms)
================================================================================





================================================================================
 TEST START                                                                     
--------------------------------------------------------------------------------
    Test class:  TextualQueryConditionTest
    Test method: runTest["hello world" NotMatchesRegex ".*foo.*" (Strict: true, CI: true)]
    Start time:  2017/08/28 19:54:29
================================================================================





================================================================================
 TEST SUCCEEDED                                                                 
--------------------------------------------------------------------------------
    Test class:  TextualQueryConditionTest
    Test method: runTest["hello world" NotMatchesRegex ".*foo.*" (Strict: true, CI: true)]
    End time:    2017/08/28 19:54:29 (Duration: 0ms)
================================================================================



19:54:29.948 [Test worker] INFO  o.c.common.test.ChronosUnitTest - Attempting to delete temp directory provided at: C:\Users\Martin\AppData\Local\Temp\ChronoDBTest5529815287975316420
19:54:29.948 [Test worker] INFO  o.c.common.test.ChronosUnitTest - Successfully deleted temp directory
]]></system-out>
  <system-err><![CDATA[]]></system-err>
</testsuite>
