<?xml version="1.0" encoding="UTF-8"?>
<testsuite name="org.chronos.chronodb.test.engine.chunkdb.BranchChunkManagerTest" tests="11" skipped="0" failures="0" errors="0" timestamp="2017-08-28T17:50:49" hostname="Aurora" time="3.693">
  <properties/>
  <testcase name="canTolerateLossOfInitialChunkMetaFile" classname="org.chronos.chronodb.test.engine.chunkdb.BranchChunkManagerTest" time="0.616"/>
  <testcase name="canCreateChunkManager" classname="org.chronos.chronodb.test.engine.chunkdb.BranchChunkManagerTest" time="0.116"/>
  <testcase name="canDoMultipleRollovers" classname="org.chronos.chronodb.test.engine.chunkdb.BranchChunkManagerTest" time="0.584"/>
  <testcase name="canTolerateLossOfSingleIntermediateChunkMetaFile" classname="org.chronos.chronodb.test.engine.chunkdb.BranchChunkManagerTest" time="0.701"/>
  <testcase name="canDoDataChunkRollover" classname="org.chronos.chronodb.test.engine.chunkdb.BranchChunkManagerTest" time="0.147"/>
  <testcase name="canTolerateLossOfHeadRevisionChunk" classname="org.chronos.chronodb.test.engine.chunkdb.BranchChunkManagerTest" time="0.438"/>
  <testcase name="defaultChunkFileIsCreatedAutomatically" classname="org.chronos.chronodb.test.engine.chunkdb.BranchChunkManagerTest" time="0.063"/>
  <testcase name="canTolerateLossOfInitialChunkDataFile" classname="org.chronos.chronodb.test.engine.chunkdb.BranchChunkManagerTest" time="0.427"/>
  <testcase name="canTolerateLossOfSingleIntermediateChunkDataFile" classname="org.chronos.chronodb.test.engine.chunkdb.BranchChunkManagerTest" time="0.417"/>
  <testcase name="canGetCorrectChunkForTimestampWhenOnlyOneChunkExists" classname="org.chronos.chronodb.test.engine.chunkdb.BranchChunkManagerTest" time="0.083"/>
  <testcase name="canGetIndexFileForTimestamp" classname="org.chronos.chronodb.test.engine.chunkdb.BranchChunkManagerTest" time="0.101"/>
  <system-out><![CDATA[19:50:49.418 [Test worker] INFO  o.c.common.test.ChronosUnitTest - Temp directory is provided at: C:\Users\Martin\AppData\Local\Temp\ChronoDBTest5529815287975316420


================================================================================
 TEST START                                                                     
--------------------------------------------------------------------------------
    Test class:  BranchChunkManagerTest
    Test method: canTolerateLossOfInitialChunkMetaFile
    Start time:  2017/08/28 19:50:49
================================================================================



[0.cchunk, 0.cmeta, 0.cmeta.db, 1.cchunk, 1.cchunk.db, 1.cmeta, 1.cmeta.db, 2.cchunk, 2.cchunk.db, 2.cmeta, 2.cmeta.db, 3.cchunk, 3.cchunk.db, 3.cmeta, 3.cmeta.db, branchMetadata.properties]


================================================================================
 TEST SUCCEEDED                                                                 
--------------------------------------------------------------------------------
    Test class:  BranchChunkManagerTest
    Test method: canTolerateLossOfInitialChunkMetaFile
    End time:    2017/08/28 19:50:50 (Duration: 616ms)
================================================================================





================================================================================
 TEST START                                                                     
--------------------------------------------------------------------------------
    Test class:  BranchChunkManagerTest
    Test method: canCreateChunkManager
    Start time:  2017/08/28 19:50:50
================================================================================





================================================================================
 TEST SUCCEEDED                                                                 
--------------------------------------------------------------------------------
    Test class:  BranchChunkManagerTest
    Test method: canCreateChunkManager
    End time:    2017/08/28 19:50:50 (Duration: 116ms)
================================================================================





================================================================================
 TEST START                                                                     
--------------------------------------------------------------------------------
    Test class:  BranchChunkManagerTest
    Test method: canDoMultipleRollovers
    Start time:  2017/08/28 19:50:50
================================================================================





================================================================================
 TEST SUCCEEDED                                                                 
--------------------------------------------------------------------------------
    Test class:  BranchChunkManagerTest
    Test method: canDoMultipleRollovers
    End time:    2017/08/28 19:50:50 (Duration: 584ms)
================================================================================





================================================================================
 TEST START                                                                     
--------------------------------------------------------------------------------
    Test class:  BranchChunkManagerTest
    Test method: canTolerateLossOfSingleIntermediateChunkMetaFile
    Start time:  2017/08/28 19:50:50
================================================================================





================================================================================
 TEST SUCCEEDED                                                                 
--------------------------------------------------------------------------------
    Test class:  BranchChunkManagerTest
    Test method: canTolerateLossOfSingleIntermediateChunkMetaFile
    End time:    2017/08/28 19:50:51 (Duration: 701ms)
================================================================================





================================================================================
 TEST START                                                                     
--------------------------------------------------------------------------------
    Test class:  BranchChunkManagerTest
    Test method: canDoDataChunkRollover
    Start time:  2017/08/28 19:50:51
================================================================================





================================================================================
 TEST SUCCEEDED                                                                 
--------------------------------------------------------------------------------
    Test class:  BranchChunkManagerTest
    Test method: canDoDataChunkRollover
    End time:    2017/08/28 19:50:51 (Duration: 147ms)
================================================================================





================================================================================
 TEST START                                                                     
--------------------------------------------------------------------------------
    Test class:  BranchChunkManagerTest
    Test method: canTolerateLossOfHeadRevisionChunk
    Start time:  2017/08/28 19:50:51
================================================================================





================================================================================
 TEST SUCCEEDED                                                                 
--------------------------------------------------------------------------------
    Test class:  BranchChunkManagerTest
    Test method: canTolerateLossOfHeadRevisionChunk
    End time:    2017/08/28 19:50:52 (Duration: 438ms)
================================================================================





================================================================================
 TEST START                                                                     
--------------------------------------------------------------------------------
    Test class:  BranchChunkManagerTest
    Test method: defaultChunkFileIsCreatedAutomatically
    Start time:  2017/08/28 19:50:52
================================================================================





================================================================================
 TEST SUCCEEDED                                                                 
--------------------------------------------------------------------------------
    Test class:  BranchChunkManagerTest
    Test method: defaultChunkFileIsCreatedAutomatically
    End time:    2017/08/28 19:50:52 (Duration: 63ms)
================================================================================





================================================================================
 TEST START                                                                     
--------------------------------------------------------------------------------
    Test class:  BranchChunkManagerTest
    Test method: canTolerateLossOfInitialChunkDataFile
    Start time:  2017/08/28 19:50:52
================================================================================





================================================================================
 TEST SUCCEEDED                                                                 
--------------------------------------------------------------------------------
    Test class:  BranchChunkManagerTest
    Test method: canTolerateLossOfInitialChunkDataFile
    End time:    2017/08/28 19:50:52 (Duration: 427ms)
================================================================================





================================================================================
 TEST START                                                                     
--------------------------------------------------------------------------------
    Test class:  BranchChunkManagerTest
    Test method: canTolerateLossOfSingleIntermediateChunkDataFile
    Start time:  2017/08/28 19:50:52
================================================================================





================================================================================
 TEST SUCCEEDED                                                                 
--------------------------------------------------------------------------------
    Test class:  BranchChunkManagerTest
    Test method: canTolerateLossOfSingleIntermediateChunkDataFile
    End time:    2017/08/28 19:50:52 (Duration: 417ms)
================================================================================





================================================================================
 TEST START                                                                     
--------------------------------------------------------------------------------
    Test class:  BranchChunkManagerTest
    Test method: canGetCorrectChunkForTimestampWhenOnlyOneChunkExists
    Start time:  2017/08/28 19:50:52
================================================================================





================================================================================
 TEST SUCCEEDED                                                                 
--------------------------------------------------------------------------------
    Test class:  BranchChunkManagerTest
    Test method: canGetCorrectChunkForTimestampWhenOnlyOneChunkExists
    End time:    2017/08/28 19:50:53 (Duration: 83ms)
================================================================================





================================================================================
 TEST START                                                                     
--------------------------------------------------------------------------------
    Test class:  BranchChunkManagerTest
    Test method: canGetIndexFileForTimestamp
    Start time:  2017/08/28 19:50:53
================================================================================





================================================================================
 TEST SUCCEEDED                                                                 
--------------------------------------------------------------------------------
    Test class:  BranchChunkManagerTest
    Test method: canGetIndexFileForTimestamp
    End time:    2017/08/28 19:50:53 (Duration: 101ms)
================================================================================



19:50:53.111 [Test worker] INFO  o.c.common.test.ChronosUnitTest - Attempting to delete temp directory provided at: C:\Users\Martin\AppData\Local\Temp\ChronoDBTest5529815287975316420
19:50:53.111 [Test worker] INFO  o.c.common.test.ChronosUnitTest - Successfully deleted temp directory
]]></system-out>
  <system-err><![CDATA[]]></system-err>
</testsuite>
