<?xml version="1.0" encoding="UTF-8"?>
<testsuite name="org.apache.tinkerpop.gremlin.structure.util.detached.DetachedGraphTest" tests="2" skipped="2" failures="0" errors="0" timestamp="2017-08-28T17:58:56" hostname="Aurora" time="0.004">
  <properties/>
  <testcase name="testAttachableCreateMethod" classname="org.apache.tinkerpop.gremlin.structure.util.detached.DetachedGraphTest" time="0.003">
    <skipped/>
  </testcase>
  <testcase name="testAttachableGetMethod" classname="org.apache.tinkerpop.gremlin.structure.util.detached.DetachedGraphTest" time="0.001">
    <skipped/>
  </testcase>
  <system-out><![CDATA[]]></system-out>
  <system-err><![CDATA[]]></system-err>
</testsuite>
