<?xml version="1.0" encoding="UTF-8"?>
<testsuite name="org.chronos.chronograph.test.structure.AddEdgeTest" tests="45" skipped="0" failures="0" errors="0" timestamp="2017-08-28T17:57:42" hostname="Aurora" time="8.556">
  <properties/>
  <testcase name="redirectingEdgeByRemovingAndAddingEdgeFromNewToExistingWorks[Using chunked]" classname="org.chronos.chronograph.test.structure.AddEdgeTest" time="0.383"/>
  <testcase name="removingAndReaddingSameEdgeWithSameIdWorks[Using chunked]" classname="org.chronos.chronograph.test.structure.AddEdgeTest" time="0.4"/>
  <testcase name="creatingEdgeFromNewToExistingVertexWorks[Using chunked]" classname="org.chronos.chronograph.test.structure.AddEdgeTest" time="0.399"/>
  <testcase name="addingEdgesWorks[Using chunked]" classname="org.chronos.chronograph.test.structure.AddEdgeTest" time="0.3"/>
  <testcase name="redirectingEdgeByRemovingAndAddingEdgeFromExistingToExistingWorks[Using chunked]" classname="org.chronos.chronograph.test.structure.AddEdgeTest" time="0.222"/>
  <testcase name="creatingEdgeFromExistingToNewVertexWorks[Using chunked]" classname="org.chronos.chronograph.test.structure.AddEdgeTest" time="0.231"/>
  <testcase name="removingAndAddingEdgeWithSameIdWorks[Using chunked]" classname="org.chronos.chronograph.test.structure.AddEdgeTest" time="0.316"/>
  <testcase name="assigningEdgePropertyAfterCreationWorks[Using chunked]" classname="org.chronos.chronograph.test.structure.AddEdgeTest" time="0.368"/>
  <testcase name="redirectingEdgeByRemovingAndAddingEdgeFromExistingToNewWorks[Using chunked]" classname="org.chronos.chronograph.test.structure.AddEdgeTest" time="0.385"/>
  <testcase name="redirectingEdgeByRemovingAndAddingEdgeFromNewToExistingWorks[Using jdbc]" classname="org.chronos.chronograph.test.structure.AddEdgeTest" time="0.037"/>
  <testcase name="removingAndReaddingSameEdgeWithSameIdWorks[Using jdbc]" classname="org.chronos.chronograph.test.structure.AddEdgeTest" time="0.033"/>
  <testcase name="creatingEdgeFromNewToExistingVertexWorks[Using jdbc]" classname="org.chronos.chronograph.test.structure.AddEdgeTest" time="0.029"/>
  <testcase name="addingEdgesWorks[Using jdbc]" classname="org.chronos.chronograph.test.structure.AddEdgeTest" time="0.016"/>
  <testcase name="redirectingEdgeByRemovingAndAddingEdgeFromExistingToExistingWorks[Using jdbc]" classname="org.chronos.chronograph.test.structure.AddEdgeTest" time="0.031"/>
  <testcase name="creatingEdgeFromExistingToNewVertexWorks[Using jdbc]" classname="org.chronos.chronograph.test.structure.AddEdgeTest" time="0.029"/>
  <testcase name="removingAndAddingEdgeWithSameIdWorks[Using jdbc]" classname="org.chronos.chronograph.test.structure.AddEdgeTest" time="0.025"/>
  <testcase name="assigningEdgePropertyAfterCreationWorks[Using jdbc]" classname="org.chronos.chronograph.test.structure.AddEdgeTest" time="0.016"/>
  <testcase name="redirectingEdgeByRemovingAndAddingEdgeFromExistingToNewWorks[Using jdbc]" classname="org.chronos.chronograph.test.structure.AddEdgeTest" time="0.031"/>
  <testcase name="redirectingEdgeByRemovingAndAddingEdgeFromNewToExistingWorks[Using tupl]" classname="org.chronos.chronograph.test.structure.AddEdgeTest" time="0.2"/>
  <testcase name="removingAndReaddingSameEdgeWithSameIdWorks[Using tupl]" classname="org.chronos.chronograph.test.structure.AddEdgeTest" time="0.2"/>
  <testcase name="creatingEdgeFromNewToExistingVertexWorks[Using tupl]" classname="org.chronos.chronograph.test.structure.AddEdgeTest" time="0.2"/>
  <testcase name="addingEdgesWorks[Using tupl]" classname="org.chronos.chronograph.test.structure.AddEdgeTest" time="0.184"/>
  <testcase name="redirectingEdgeByRemovingAndAddingEdgeFromExistingToExistingWorks[Using tupl]" classname="org.chronos.chronograph.test.structure.AddEdgeTest" time="0.215"/>
  <testcase name="creatingEdgeFromExistingToNewVertexWorks[Using tupl]" classname="org.chronos.chronograph.test.structure.AddEdgeTest" time="0.117"/>
  <testcase name="removingAndAddingEdgeWithSameIdWorks[Using tupl]" classname="org.chronos.chronograph.test.structure.AddEdgeTest" time="0.115"/>
  <testcase name="assigningEdgePropertyAfterCreationWorks[Using tupl]" classname="org.chronos.chronograph.test.structure.AddEdgeTest" time="0.1"/>
  <testcase name="redirectingEdgeByRemovingAndAddingEdgeFromExistingToNewWorks[Using tupl]" classname="org.chronos.chronograph.test.structure.AddEdgeTest" time="0.122"/>
  <testcase name="redirectingEdgeByRemovingAndAddingEdgeFromNewToExistingWorks[Using mapdb]" classname="org.chronos.chronograph.test.structure.AddEdgeTest" time="0.363"/>
  <testcase name="removingAndReaddingSameEdgeWithSameIdWorks[Using mapdb]" classname="org.chronos.chronograph.test.structure.AddEdgeTest" time="0.385"/>
  <testcase name="creatingEdgeFromNewToExistingVertexWorks[Using mapdb]" classname="org.chronos.chronograph.test.structure.AddEdgeTest" time="0.516"/>
  <testcase name="addingEdgesWorks[Using mapdb]" classname="org.chronos.chronograph.test.structure.AddEdgeTest" time="0.416"/>
  <testcase name="redirectingEdgeByRemovingAndAddingEdgeFromExistingToExistingWorks[Using mapdb]" classname="org.chronos.chronograph.test.structure.AddEdgeTest" time="0.522"/>
  <testcase name="creatingEdgeFromExistingToNewVertexWorks[Using mapdb]" classname="org.chronos.chronograph.test.structure.AddEdgeTest" time="0.495"/>
  <testcase name="removingAndAddingEdgeWithSameIdWorks[Using mapdb]" classname="org.chronos.chronograph.test.structure.AddEdgeTest" time="0.467"/>
  <testcase name="assigningEdgePropertyAfterCreationWorks[Using mapdb]" classname="org.chronos.chronograph.test.structure.AddEdgeTest" time="0.299"/>
  <testcase name="redirectingEdgeByRemovingAndAddingEdgeFromExistingToNewWorks[Using mapdb]" classname="org.chronos.chronograph.test.structure.AddEdgeTest" time="0.353"/>
  <testcase name="redirectingEdgeByRemovingAndAddingEdgeFromNewToExistingWorks[Using inmemory]" classname="org.chronos.chronograph.test.structure.AddEdgeTest" time="0.016"/>
  <testcase name="removingAndReaddingSameEdgeWithSameIdWorks[Using inmemory]" classname="org.chronos.chronograph.test.structure.AddEdgeTest" time="0.003"/>
  <testcase name="creatingEdgeFromNewToExistingVertexWorks[Using inmemory]" classname="org.chronos.chronograph.test.structure.AddEdgeTest" time="0.003"/>
  <testcase name="addingEdgesWorks[Using inmemory]" classname="org.chronos.chronograph.test.structure.AddEdgeTest" time="0.0"/>
  <testcase name="redirectingEdgeByRemovingAndAddingEdgeFromExistingToExistingWorks[Using inmemory]" classname="org.chronos.chronograph.test.structure.AddEdgeTest" time="0.004"/>
  <testcase name="creatingEdgeFromExistingToNewVertexWorks[Using inmemory]" classname="org.chronos.chronograph.test.structure.AddEdgeTest" time="0.002"/>
  <testcase name="removingAndAddingEdgeWithSameIdWorks[Using inmemory]" classname="org.chronos.chronograph.test.structure.AddEdgeTest" time="0.003"/>
  <testcase name="assigningEdgePropertyAfterCreationWorks[Using inmemory]" classname="org.chronos.chronograph.test.structure.AddEdgeTest" time="0.0"/>
  <testcase name="redirectingEdgeByRemovingAndAddingEdgeFromExistingToNewWorks[Using inmemory]" classname="org.chronos.chronograph.test.structure.AddEdgeTest" time="0.004"/>
  <system-out><![CDATA[[INFO ] 2017-08-28 19:57:42 [    Test worker] [    o.c.c.test.ChronosUnitTest]:  Temp directory is provided at: C:\Users\Martin\AppData\Local\Temp\ChronoDBTest318862688473434810


================================================================================
 TEST START                                                                     
--------------------------------------------------------------------------------
    Test class:  AddEdgeTest
    Test method: redirectingEdgeByRemovingAndAddingEdgeFromNewToExistingWorks[Using chunked]
    Start time:  2017/08/28 19:57:42
================================================================================





================================================================================
 TEST SUCCEEDED                                                                 
--------------------------------------------------------------------------------
    Test class:  AddEdgeTest
    Test method: redirectingEdgeByRemovingAndAddingEdgeFromNewToExistingWorks[Using chunked]
    End time:    2017/08/28 19:57:42 (Duration: 383ms)
================================================================================





================================================================================
 TEST START                                                                     
--------------------------------------------------------------------------------
    Test class:  AddEdgeTest
    Test method: removingAndReaddingSameEdgeWithSameIdWorks[Using chunked]
    Start time:  2017/08/28 19:57:42
================================================================================





================================================================================
 TEST SUCCEEDED                                                                 
--------------------------------------------------------------------------------
    Test class:  AddEdgeTest
    Test method: removingAndReaddingSameEdgeWithSameIdWorks[Using chunked]
    End time:    2017/08/28 19:57:43 (Duration: 400ms)
================================================================================





================================================================================
 TEST START                                                                     
--------------------------------------------------------------------------------
    Test class:  AddEdgeTest
    Test method: creatingEdgeFromNewToExistingVertexWorks[Using chunked]
    Start time:  2017/08/28 19:57:43
================================================================================





================================================================================
 TEST SUCCEEDED                                                                 
--------------------------------------------------------------------------------
    Test class:  AddEdgeTest
    Test method: creatingEdgeFromNewToExistingVertexWorks[Using chunked]
    End time:    2017/08/28 19:57:43 (Duration: 399ms)
================================================================================





================================================================================
 TEST START                                                                     
--------------------------------------------------------------------------------
    Test class:  AddEdgeTest
    Test method: addingEdgesWorks[Using chunked]
    Start time:  2017/08/28 19:57:43
================================================================================





================================================================================
 TEST SUCCEEDED                                                                 
--------------------------------------------------------------------------------
    Test class:  AddEdgeTest
    Test method: addingEdgesWorks[Using chunked]
    End time:    2017/08/28 19:57:43 (Duration: 300ms)
================================================================================





================================================================================
 TEST START                                                                     
--------------------------------------------------------------------------------
    Test class:  AddEdgeTest
    Test method: redirectingEdgeByRemovingAndAddingEdgeFromExistingToExistingWorks[Using chunked]
    Start time:  2017/08/28 19:57:43
================================================================================





================================================================================
 TEST SUCCEEDED                                                                 
--------------------------------------------------------------------------------
    Test class:  AddEdgeTest
    Test method: redirectingEdgeByRemovingAndAddingEdgeFromExistingToExistingWorks[Using chunked]
    End time:    2017/08/28 19:57:44 (Duration: 222ms)
================================================================================





================================================================================
 TEST START                                                                     
--------------------------------------------------------------------------------
    Test class:  AddEdgeTest
    Test method: creatingEdgeFromExistingToNewVertexWorks[Using chunked]
    Start time:  2017/08/28 19:57:44
================================================================================





================================================================================
 TEST SUCCEEDED                                                                 
--------------------------------------------------------------------------------
    Test class:  AddEdgeTest
    Test method: creatingEdgeFromExistingToNewVertexWorks[Using chunked]
    End time:    2017/08/28 19:57:44 (Duration: 231ms)
================================================================================





================================================================================
 TEST START                                                                     
--------------------------------------------------------------------------------
    Test class:  AddEdgeTest
    Test method: removingAndAddingEdgeWithSameIdWorks[Using chunked]
    Start time:  2017/08/28 19:57:44
================================================================================





================================================================================
 TEST SUCCEEDED                                                                 
--------------------------------------------------------------------------------
    Test class:  AddEdgeTest
    Test method: removingAndAddingEdgeWithSameIdWorks[Using chunked]
    End time:    2017/08/28 19:57:44 (Duration: 316ms)
================================================================================





================================================================================
 TEST START                                                                     
--------------------------------------------------------------------------------
    Test class:  AddEdgeTest
    Test method: assigningEdgePropertyAfterCreationWorks[Using chunked]
    Start time:  2017/08/28 19:57:44
================================================================================





================================================================================
 TEST SUCCEEDED                                                                 
--------------------------------------------------------------------------------
    Test class:  AddEdgeTest
    Test method: assigningEdgePropertyAfterCreationWorks[Using chunked]
    End time:    2017/08/28 19:57:45 (Duration: 368ms)
================================================================================





================================================================================
 TEST START                                                                     
--------------------------------------------------------------------------------
    Test class:  AddEdgeTest
    Test method: redirectingEdgeByRemovingAndAddingEdgeFromExistingToNewWorks[Using chunked]
    Start time:  2017/08/28 19:57:45
================================================================================





================================================================================
 TEST SUCCEEDED                                                                 
--------------------------------------------------------------------------------
    Test class:  AddEdgeTest
    Test method: redirectingEdgeByRemovingAndAddingEdgeFromExistingToNewWorks[Using chunked]
    End time:    2017/08/28 19:57:45 (Duration: 385ms)
================================================================================





================================================================================
 TEST START                                                                     
--------------------------------------------------------------------------------
    Test class:  AddEdgeTest
    Test method: redirectingEdgeByRemovingAndAddingEdgeFromNewToExistingWorks[Using jdbc]
    Start time:  2017/08/28 19:57:45
================================================================================





================================================================================
 TEST SUCCEEDED                                                                 
--------------------------------------------------------------------------------
    Test class:  AddEdgeTest
    Test method: redirectingEdgeByRemovingAndAddingEdgeFromNewToExistingWorks[Using jdbc]
    End time:    2017/08/28 19:57:45 (Duration: 37ms)
================================================================================





================================================================================
 TEST START                                                                     
--------------------------------------------------------------------------------
    Test class:  AddEdgeTest
    Test method: removingAndReaddingSameEdgeWithSameIdWorks[Using jdbc]
    Start time:  2017/08/28 19:57:45
================================================================================





================================================================================
 TEST SUCCEEDED                                                                 
--------------------------------------------------------------------------------
    Test class:  AddEdgeTest
    Test method: removingAndReaddingSameEdgeWithSameIdWorks[Using jdbc]
    End time:    2017/08/28 19:57:45 (Duration: 33ms)
================================================================================





================================================================================
 TEST START                                                                     
--------------------------------------------------------------------------------
    Test class:  AddEdgeTest
    Test method: creatingEdgeFromNewToExistingVertexWorks[Using jdbc]
    Start time:  2017/08/28 19:57:45
================================================================================





================================================================================
 TEST SUCCEEDED                                                                 
--------------------------------------------------------------------------------
    Test class:  AddEdgeTest
    Test method: creatingEdgeFromNewToExistingVertexWorks[Using jdbc]
    End time:    2017/08/28 19:57:45 (Duration: 29ms)
================================================================================





================================================================================
 TEST START                                                                     
--------------------------------------------------------------------------------
    Test class:  AddEdgeTest
    Test method: addingEdgesWorks[Using jdbc]
    Start time:  2017/08/28 19:57:45
================================================================================





================================================================================
 TEST SUCCEEDED                                                                 
--------------------------------------------------------------------------------
    Test class:  AddEdgeTest
    Test method: addingEdgesWorks[Using jdbc]
    End time:    2017/08/28 19:57:45 (Duration: 16ms)
================================================================================





================================================================================
 TEST START                                                                     
--------------------------------------------------------------------------------
    Test class:  AddEdgeTest
    Test method: redirectingEdgeByRemovingAndAddingEdgeFromExistingToExistingWorks[Using jdbc]
    Start time:  2017/08/28 19:57:45
================================================================================





================================================================================
 TEST SUCCEEDED                                                                 
--------------------------------------------------------------------------------
    Test class:  AddEdgeTest
    Test method: redirectingEdgeByRemovingAndAddingEdgeFromExistingToExistingWorks[Using jdbc]
    End time:    2017/08/28 19:57:45 (Duration: 31ms)
================================================================================





================================================================================
 TEST START                                                                     
--------------------------------------------------------------------------------
    Test class:  AddEdgeTest
    Test method: creatingEdgeFromExistingToNewVertexWorks[Using jdbc]
    Start time:  2017/08/28 19:57:45
================================================================================





================================================================================
 TEST SUCCEEDED                                                                 
--------------------------------------------------------------------------------
    Test class:  AddEdgeTest
    Test method: creatingEdgeFromExistingToNewVertexWorks[Using jdbc]
    End time:    2017/08/28 19:57:45 (Duration: 29ms)
================================================================================





================================================================================
 TEST START                                                                     
--------------------------------------------------------------------------------
    Test class:  AddEdgeTest
    Test method: removingAndAddingEdgeWithSameIdWorks[Using jdbc]
    Start time:  2017/08/28 19:57:45
================================================================================





================================================================================
 TEST SUCCEEDED                                                                 
--------------------------------------------------------------------------------
    Test class:  AddEdgeTest
    Test method: removingAndAddingEdgeWithSameIdWorks[Using jdbc]
    End time:    2017/08/28 19:57:45 (Duration: 25ms)
================================================================================





================================================================================
 TEST START                                                                     
--------------------------------------------------------------------------------
    Test class:  AddEdgeTest
    Test method: assigningEdgePropertyAfterCreationWorks[Using jdbc]
    Start time:  2017/08/28 19:57:45
================================================================================





================================================================================
 TEST SUCCEEDED                                                                 
--------------------------------------------------------------------------------
    Test class:  AddEdgeTest
    Test method: assigningEdgePropertyAfterCreationWorks[Using jdbc]
    End time:    2017/08/28 19:57:45 (Duration: 16ms)
================================================================================





================================================================================
 TEST START                                                                     
--------------------------------------------------------------------------------
    Test class:  AddEdgeTest
    Test method: redirectingEdgeByRemovingAndAddingEdgeFromExistingToNewWorks[Using jdbc]
    Start time:  2017/08/28 19:57:45
================================================================================





================================================================================
 TEST SUCCEEDED                                                                 
--------------------------------------------------------------------------------
    Test class:  AddEdgeTest
    Test method: redirectingEdgeByRemovingAndAddingEdgeFromExistingToNewWorks[Using jdbc]
    End time:    2017/08/28 19:57:45 (Duration: 31ms)
================================================================================





================================================================================
 TEST START                                                                     
--------------------------------------------------------------------------------
    Test class:  AddEdgeTest
    Test method: redirectingEdgeByRemovingAndAddingEdgeFromNewToExistingWorks[Using tupl]
    Start time:  2017/08/28 19:57:45
================================================================================





================================================================================
 TEST SUCCEEDED                                                                 
--------------------------------------------------------------------------------
    Test class:  AddEdgeTest
    Test method: redirectingEdgeByRemovingAndAddingEdgeFromNewToExistingWorks[Using tupl]
    End time:    2017/08/28 19:57:45 (Duration: 200ms)
================================================================================





================================================================================
 TEST START                                                                     
--------------------------------------------------------------------------------
    Test class:  AddEdgeTest
    Test method: removingAndReaddingSameEdgeWithSameIdWorks[Using tupl]
    Start time:  2017/08/28 19:57:45
================================================================================





================================================================================
 TEST SUCCEEDED                                                                 
--------------------------------------------------------------------------------
    Test class:  AddEdgeTest
    Test method: removingAndReaddingSameEdgeWithSameIdWorks[Using tupl]
    End time:    2017/08/28 19:57:46 (Duration: 200ms)
================================================================================





================================================================================
 TEST START                                                                     
--------------------------------------------------------------------------------
    Test class:  AddEdgeTest
    Test method: creatingEdgeFromNewToExistingVertexWorks[Using tupl]
    Start time:  2017/08/28 19:57:46
================================================================================





================================================================================
 TEST SUCCEEDED                                                                 
--------------------------------------------------------------------------------
    Test class:  AddEdgeTest
    Test method: creatingEdgeFromNewToExistingVertexWorks[Using tupl]
    End time:    2017/08/28 19:57:46 (Duration: 200ms)
================================================================================





================================================================================
 TEST START                                                                     
--------------------------------------------------------------------------------
    Test class:  AddEdgeTest
    Test method: addingEdgesWorks[Using tupl]
    Start time:  2017/08/28 19:57:46
================================================================================





================================================================================
 TEST SUCCEEDED                                                                 
--------------------------------------------------------------------------------
    Test class:  AddEdgeTest
    Test method: addingEdgesWorks[Using tupl]
    End time:    2017/08/28 19:57:46 (Duration: 184ms)
================================================================================





================================================================================
 TEST START                                                                     
--------------------------------------------------------------------------------
    Test class:  AddEdgeTest
    Test method: redirectingEdgeByRemovingAndAddingEdgeFromExistingToExistingWorks[Using tupl]
    Start time:  2017/08/28 19:57:46
================================================================================





================================================================================
 TEST SUCCEEDED                                                                 
--------------------------------------------------------------------------------
    Test class:  AddEdgeTest
    Test method: redirectingEdgeByRemovingAndAddingEdgeFromExistingToExistingWorks[Using tupl]
    End time:    2017/08/28 19:57:46 (Duration: 215ms)
================================================================================





================================================================================
 TEST START                                                                     
--------------------------------------------------------------------------------
    Test class:  AddEdgeTest
    Test method: creatingEdgeFromExistingToNewVertexWorks[Using tupl]
    Start time:  2017/08/28 19:57:46
================================================================================





================================================================================
 TEST SUCCEEDED                                                                 
--------------------------------------------------------------------------------
    Test class:  AddEdgeTest
    Test method: creatingEdgeFromExistingToNewVertexWorks[Using tupl]
    End time:    2017/08/28 19:57:46 (Duration: 117ms)
================================================================================





================================================================================
 TEST START                                                                     
--------------------------------------------------------------------------------
    Test class:  AddEdgeTest
    Test method: removingAndAddingEdgeWithSameIdWorks[Using tupl]
    Start time:  2017/08/28 19:57:46
================================================================================





================================================================================
 TEST SUCCEEDED                                                                 
--------------------------------------------------------------------------------
    Test class:  AddEdgeTest
    Test method: removingAndAddingEdgeWithSameIdWorks[Using tupl]
    End time:    2017/08/28 19:57:46 (Duration: 115ms)
================================================================================





================================================================================
 TEST START                                                                     
--------------------------------------------------------------------------------
    Test class:  AddEdgeTest
    Test method: assigningEdgePropertyAfterCreationWorks[Using tupl]
    Start time:  2017/08/28 19:57:46
================================================================================





================================================================================
 TEST SUCCEEDED                                                                 
--------------------------------------------------------------------------------
    Test class:  AddEdgeTest
    Test method: assigningEdgePropertyAfterCreationWorks[Using tupl]
    End time:    2017/08/28 19:57:47 (Duration: 100ms)
================================================================================





================================================================================
 TEST START                                                                     
--------------------------------------------------------------------------------
    Test class:  AddEdgeTest
    Test method: redirectingEdgeByRemovingAndAddingEdgeFromExistingToNewWorks[Using tupl]
    Start time:  2017/08/28 19:57:47
================================================================================





================================================================================
 TEST SUCCEEDED                                                                 
--------------------------------------------------------------------------------
    Test class:  AddEdgeTest
    Test method: redirectingEdgeByRemovingAndAddingEdgeFromExistingToNewWorks[Using tupl]
    End time:    2017/08/28 19:57:47 (Duration: 122ms)
================================================================================





================================================================================
 TEST START                                                                     
--------------------------------------------------------------------------------
    Test class:  AddEdgeTest
    Test method: redirectingEdgeByRemovingAndAddingEdgeFromNewToExistingWorks[Using mapdb]
    Start time:  2017/08/28 19:57:47
================================================================================





================================================================================
 TEST SUCCEEDED                                                                 
--------------------------------------------------------------------------------
    Test class:  AddEdgeTest
    Test method: redirectingEdgeByRemovingAndAddingEdgeFromNewToExistingWorks[Using mapdb]
    End time:    2017/08/28 19:57:47 (Duration: 363ms)
================================================================================





================================================================================
 TEST START                                                                     
--------------------------------------------------------------------------------
    Test class:  AddEdgeTest
    Test method: removingAndReaddingSameEdgeWithSameIdWorks[Using mapdb]
    Start time:  2017/08/28 19:57:47
================================================================================





================================================================================
 TEST SUCCEEDED                                                                 
--------------------------------------------------------------------------------
    Test class:  AddEdgeTest
    Test method: removingAndReaddingSameEdgeWithSameIdWorks[Using mapdb]
    End time:    2017/08/28 19:57:47 (Duration: 385ms)
================================================================================





================================================================================
 TEST START                                                                     
--------------------------------------------------------------------------------
    Test class:  AddEdgeTest
    Test method: creatingEdgeFromNewToExistingVertexWorks[Using mapdb]
    Start time:  2017/08/28 19:57:47
================================================================================





================================================================================
 TEST SUCCEEDED                                                                 
--------------------------------------------------------------------------------
    Test class:  AddEdgeTest
    Test method: creatingEdgeFromNewToExistingVertexWorks[Using mapdb]
    End time:    2017/08/28 19:57:48 (Duration: 516ms)
================================================================================





================================================================================
 TEST START                                                                     
--------------------------------------------------------------------------------
    Test class:  AddEdgeTest
    Test method: addingEdgesWorks[Using mapdb]
    Start time:  2017/08/28 19:57:48
================================================================================





================================================================================
 TEST SUCCEEDED                                                                 
--------------------------------------------------------------------------------
    Test class:  AddEdgeTest
    Test method: addingEdgesWorks[Using mapdb]
    End time:    2017/08/28 19:57:48 (Duration: 416ms)
================================================================================





================================================================================
 TEST START                                                                     
--------------------------------------------------------------------------------
    Test class:  AddEdgeTest
    Test method: redirectingEdgeByRemovingAndAddingEdgeFromExistingToExistingWorks[Using mapdb]
    Start time:  2017/08/28 19:57:48
================================================================================





================================================================================
 TEST SUCCEEDED                                                                 
--------------------------------------------------------------------------------
    Test class:  AddEdgeTest
    Test method: redirectingEdgeByRemovingAndAddingEdgeFromExistingToExistingWorks[Using mapdb]
    End time:    2017/08/28 19:57:49 (Duration: 522ms)
================================================================================





================================================================================
 TEST START                                                                     
--------------------------------------------------------------------------------
    Test class:  AddEdgeTest
    Test method: creatingEdgeFromExistingToNewVertexWorks[Using mapdb]
    Start time:  2017/08/28 19:57:49
================================================================================





================================================================================
 TEST SUCCEEDED                                                                 
--------------------------------------------------------------------------------
    Test class:  AddEdgeTest
    Test method: creatingEdgeFromExistingToNewVertexWorks[Using mapdb]
    End time:    2017/08/28 19:57:49 (Duration: 495ms)
================================================================================





================================================================================
 TEST START                                                                     
--------------------------------------------------------------------------------
    Test class:  AddEdgeTest
    Test method: removingAndAddingEdgeWithSameIdWorks[Using mapdb]
    Start time:  2017/08/28 19:57:49
================================================================================





================================================================================
 TEST SUCCEEDED                                                                 
--------------------------------------------------------------------------------
    Test class:  AddEdgeTest
    Test method: removingAndAddingEdgeWithSameIdWorks[Using mapdb]
    End time:    2017/08/28 19:57:50 (Duration: 467ms)
================================================================================





================================================================================
 TEST START                                                                     
--------------------------------------------------------------------------------
    Test class:  AddEdgeTest
    Test method: assigningEdgePropertyAfterCreationWorks[Using mapdb]
    Start time:  2017/08/28 19:57:50
================================================================================





================================================================================
 TEST SUCCEEDED                                                                 
--------------------------------------------------------------------------------
    Test class:  AddEdgeTest
    Test method: assigningEdgePropertyAfterCreationWorks[Using mapdb]
    End time:    2017/08/28 19:57:50 (Duration: 299ms)
================================================================================





================================================================================
 TEST START                                                                     
--------------------------------------------------------------------------------
    Test class:  AddEdgeTest
    Test method: redirectingEdgeByRemovingAndAddingEdgeFromExistingToNewWorks[Using mapdb]
    Start time:  2017/08/28 19:57:50
================================================================================





================================================================================
 TEST SUCCEEDED                                                                 
--------------------------------------------------------------------------------
    Test class:  AddEdgeTest
    Test method: redirectingEdgeByRemovingAndAddingEdgeFromExistingToNewWorks[Using mapdb]
    End time:    2017/08/28 19:57:50 (Duration: 353ms)
================================================================================





================================================================================
 TEST START                                                                     
--------------------------------------------------------------------------------
    Test class:  AddEdgeTest
    Test method: redirectingEdgeByRemovingAndAddingEdgeFromNewToExistingWorks[Using inmemory]
    Start time:  2017/08/28 19:57:50
================================================================================





================================================================================
 TEST SUCCEEDED                                                                 
--------------------------------------------------------------------------------
    Test class:  AddEdgeTest
    Test method: redirectingEdgeByRemovingAndAddingEdgeFromNewToExistingWorks[Using inmemory]
    End time:    2017/08/28 19:57:50 (Duration: 16ms)
================================================================================





================================================================================
 TEST START                                                                     
--------------------------------------------------------------------------------
    Test class:  AddEdgeTest
    Test method: removingAndReaddingSameEdgeWithSameIdWorks[Using inmemory]
    Start time:  2017/08/28 19:57:50
================================================================================





================================================================================
 TEST SUCCEEDED                                                                 
--------------------------------------------------------------------------------
    Test class:  AddEdgeTest
    Test method: removingAndReaddingSameEdgeWithSameIdWorks[Using inmemory]
    End time:    2017/08/28 19:57:50 (Duration: 3ms)
================================================================================





================================================================================
 TEST START                                                                     
--------------------------------------------------------------------------------
    Test class:  AddEdgeTest
    Test method: creatingEdgeFromNewToExistingVertexWorks[Using inmemory]
    Start time:  2017/08/28 19:57:50
================================================================================





================================================================================
 TEST SUCCEEDED                                                                 
--------------------------------------------------------------------------------
    Test class:  AddEdgeTest
    Test method: creatingEdgeFromNewToExistingVertexWorks[Using inmemory]
    End time:    2017/08/28 19:57:50 (Duration: 3ms)
================================================================================





================================================================================
 TEST START                                                                     
--------------------------------------------------------------------------------
    Test class:  AddEdgeTest
    Test method: addingEdgesWorks[Using inmemory]
    Start time:  2017/08/28 19:57:50
================================================================================





================================================================================
 TEST SUCCEEDED                                                                 
--------------------------------------------------------------------------------
    Test class:  AddEdgeTest
    Test method: addingEdgesWorks[Using inmemory]
    End time:    2017/08/28 19:57:50 (Duration: 0ms)
================================================================================





================================================================================
 TEST START                                                                     
--------------------------------------------------------------------------------
    Test class:  AddEdgeTest
    Test method: redirectingEdgeByRemovingAndAddingEdgeFromExistingToExistingWorks[Using inmemory]
    Start time:  2017/08/28 19:57:50
================================================================================





================================================================================
 TEST SUCCEEDED                                                                 
--------------------------------------------------------------------------------
    Test class:  AddEdgeTest
    Test method: redirectingEdgeByRemovingAndAddingEdgeFromExistingToExistingWorks[Using inmemory]
    End time:    2017/08/28 19:57:50 (Duration: 4ms)
================================================================================





================================================================================
 TEST START                                                                     
--------------------------------------------------------------------------------
    Test class:  AddEdgeTest
    Test method: creatingEdgeFromExistingToNewVertexWorks[Using inmemory]
    Start time:  2017/08/28 19:57:50
================================================================================





================================================================================
 TEST SUCCEEDED                                                                 
--------------------------------------------------------------------------------
    Test class:  AddEdgeTest
    Test method: creatingEdgeFromExistingToNewVertexWorks[Using inmemory]
    End time:    2017/08/28 19:57:50 (Duration: 2ms)
================================================================================





================================================================================
 TEST START                                                                     
--------------------------------------------------------------------------------
    Test class:  AddEdgeTest
    Test method: removingAndAddingEdgeWithSameIdWorks[Using inmemory]
    Start time:  2017/08/28 19:57:50
================================================================================





================================================================================
 TEST SUCCEEDED                                                                 
--------------------------------------------------------------------------------
    Test class:  AddEdgeTest
    Test method: removingAndAddingEdgeWithSameIdWorks[Using inmemory]
    End time:    2017/08/28 19:57:50 (Duration: 3ms)
================================================================================





================================================================================
 TEST START                                                                     
--------------------------------------------------------------------------------
    Test class:  AddEdgeTest
    Test method: assigningEdgePropertyAfterCreationWorks[Using inmemory]
    Start time:  2017/08/28 19:57:50
================================================================================





================================================================================
 TEST SUCCEEDED                                                                 
--------------------------------------------------------------------------------
    Test class:  AddEdgeTest
    Test method: assigningEdgePropertyAfterCreationWorks[Using inmemory]
    End time:    2017/08/28 19:57:50 (Duration: 0ms)
================================================================================





================================================================================
 TEST START                                                                     
--------------------------------------------------------------------------------
    Test class:  AddEdgeTest
    Test method: redirectingEdgeByRemovingAndAddingEdgeFromExistingToNewWorks[Using inmemory]
    Start time:  2017/08/28 19:57:50
================================================================================





================================================================================
 TEST SUCCEEDED                                                                 
--------------------------------------------------------------------------------
    Test class:  AddEdgeTest
    Test method: redirectingEdgeByRemovingAndAddingEdgeFromExistingToNewWorks[Using inmemory]
    End time:    2017/08/28 19:57:50 (Duration: 4ms)
================================================================================



[INFO ] 2017-08-28 19:57:50 [    Test worker] [    o.c.c.test.ChronosUnitTest]:  Attempting to delete temp directory provided at: C:\Users\Martin\AppData\Local\Temp\ChronoDBTest318862688473434810
[INFO ] 2017-08-28 19:57:50 [    Test worker] [    o.c.c.test.ChronosUnitTest]:  Successfully deleted temp directory
]]></system-out>
  <system-err><![CDATA[]]></system-err>
</testsuite>
