<?xml version="1.0" encoding="UTF-8"?>
<testsuite name="org.apache.tinkerpop.gremlin.structure.PropertyTest$PropertyValidationOnSetExceptionConsistencyTest" tests="8" skipped="0" failures="0" errors="0" timestamp="2017-08-28T17:59:01" hostname="Aurora" time="0.0">
  <properties/>
  <testcase name="testGraphVertexSetPropertyStandard[expect(propertyValueCanNotBeNull)]" classname="org.apache.tinkerpop.gremlin.structure.PropertyTest$PropertyValidationOnSetExceptionConsistencyTest" time="0.0"/>
  <testcase name="shouldThrowOnGraphEdgeSetPropertyStandard[expect(propertyValueCanNotBeNull)]" classname="org.apache.tinkerpop.gremlin.structure.PropertyTest$PropertyValidationOnSetExceptionConsistencyTest" time="0.0"/>
  <testcase name="testGraphVertexSetPropertyStandard[expect(propertyKeyCanNotBeNull)]" classname="org.apache.tinkerpop.gremlin.structure.PropertyTest$PropertyValidationOnSetExceptionConsistencyTest" time="0.0"/>
  <testcase name="shouldThrowOnGraphEdgeSetPropertyStandard[expect(propertyKeyCanNotBeNull)]" classname="org.apache.tinkerpop.gremlin.structure.PropertyTest$PropertyValidationOnSetExceptionConsistencyTest" time="0.0"/>
  <testcase name="testGraphVertexSetPropertyStandard[expect(propertyKeyCanNotBeEmpty)]" classname="org.apache.tinkerpop.gremlin.structure.PropertyTest$PropertyValidationOnSetExceptionConsistencyTest" time="0.0"/>
  <testcase name="shouldThrowOnGraphEdgeSetPropertyStandard[expect(propertyKeyCanNotBeEmpty)]" classname="org.apache.tinkerpop.gremlin.structure.PropertyTest$PropertyValidationOnSetExceptionConsistencyTest" time="0.0"/>
  <testcase name="testGraphVertexSetPropertyStandard[expect(propertyKeyCanNotBeAHiddenKey)]" classname="org.apache.tinkerpop.gremlin.structure.PropertyTest$PropertyValidationOnSetExceptionConsistencyTest" time="0.0"/>
  <testcase name="shouldThrowOnGraphEdgeSetPropertyStandard[expect(propertyKeyCanNotBeAHiddenKey)]" classname="org.apache.tinkerpop.gremlin.structure.PropertyTest$PropertyValidationOnSetExceptionConsistencyTest" time="0.0"/>
  <system-out><![CDATA[]]></system-out>
  <system-err><![CDATA[]]></system-err>
</testsuite>
