<?xml version="1.0" encoding="UTF-8"?>
<testsuite name="org.chronos.chronograph.test.index.NumericIndexingTest" tests="30" skipped="0" failures="0" errors="0" timestamp="2017-08-28T17:56:30" hostname="Aurora" time="6.726">
  <properties/>
  <testcase name="simpleLongQueryUsingGremlinWorks[Using jdbc]" classname="org.chronos.chronograph.test.index.NumericIndexingTest" time="0.032"/>
  <testcase name="simpleDoubleQueryUsingFindWorks[Using jdbc]" classname="org.chronos.chronograph.test.index.NumericIndexingTest" time="0.031"/>
  <testcase name="canAddDoubleIndex[Using jdbc]" classname="org.chronos.chronograph.test.index.NumericIndexingTest" time="0.016"/>
  <testcase name="canAddLongIndex[Using jdbc]" classname="org.chronos.chronograph.test.index.NumericIndexingTest" time="0.037"/>
  <testcase name="simpleDoubleQueryUsingGremlinWorks[Using jdbc]" classname="org.chronos.chronograph.test.index.NumericIndexingTest" time="0.027"/>
  <testcase name="simpleLongQueryUsingFindWorks[Using jdbc]" classname="org.chronos.chronograph.test.index.NumericIndexingTest" time="0.03"/>
  <testcase name="simpleLongQueryUsingGremlinWorks[Using tupl]" classname="org.chronos.chronograph.test.index.NumericIndexingTest" time="0.127"/>
  <testcase name="simpleDoubleQueryUsingFindWorks[Using tupl]" classname="org.chronos.chronograph.test.index.NumericIndexingTest" time="0.15"/>
  <testcase name="canAddDoubleIndex[Using tupl]" classname="org.chronos.chronograph.test.index.NumericIndexingTest" time="0.166"/>
  <testcase name="canAddLongIndex[Using tupl]" classname="org.chronos.chronograph.test.index.NumericIndexingTest" time="0.162"/>
  <testcase name="simpleDoubleQueryUsingGremlinWorks[Using tupl]" classname="org.chronos.chronograph.test.index.NumericIndexingTest" time="0.254"/>
  <testcase name="simpleLongQueryUsingFindWorks[Using tupl]" classname="org.chronos.chronograph.test.index.NumericIndexingTest" time="0.229"/>
  <testcase name="simpleLongQueryUsingGremlinWorks[Using mapdb]" classname="org.chronos.chronograph.test.index.NumericIndexingTest" time="0.741"/>
  <testcase name="simpleDoubleQueryUsingFindWorks[Using mapdb]" classname="org.chronos.chronograph.test.index.NumericIndexingTest" time="0.721"/>
  <testcase name="canAddDoubleIndex[Using mapdb]" classname="org.chronos.chronograph.test.index.NumericIndexingTest" time="0.29"/>
  <testcase name="canAddLongIndex[Using mapdb]" classname="org.chronos.chronograph.test.index.NumericIndexingTest" time="0.287"/>
  <testcase name="simpleDoubleQueryUsingGremlinWorks[Using mapdb]" classname="org.chronos.chronograph.test.index.NumericIndexingTest" time="0.495"/>
  <testcase name="simpleLongQueryUsingFindWorks[Using mapdb]" classname="org.chronos.chronograph.test.index.NumericIndexingTest" time="0.687"/>
  <testcase name="simpleLongQueryUsingGremlinWorks[Using chunked]" classname="org.chronos.chronograph.test.index.NumericIndexingTest" time="0.415"/>
  <testcase name="simpleDoubleQueryUsingFindWorks[Using chunked]" classname="org.chronos.chronograph.test.index.NumericIndexingTest" time="0.451"/>
  <testcase name="canAddDoubleIndex[Using chunked]" classname="org.chronos.chronograph.test.index.NumericIndexingTest" time="0.353"/>
  <testcase name="canAddLongIndex[Using chunked]" classname="org.chronos.chronograph.test.index.NumericIndexingTest" time="0.474"/>
  <testcase name="simpleDoubleQueryUsingGremlinWorks[Using chunked]" classname="org.chronos.chronograph.test.index.NumericIndexingTest" time="0.292"/>
  <testcase name="simpleLongQueryUsingFindWorks[Using chunked]" classname="org.chronos.chronograph.test.index.NumericIndexingTest" time="0.24"/>
  <testcase name="simpleLongQueryUsingGremlinWorks[Using inmemory]" classname="org.chronos.chronograph.test.index.NumericIndexingTest" time="0.005"/>
  <testcase name="simpleDoubleQueryUsingFindWorks[Using inmemory]" classname="org.chronos.chronograph.test.index.NumericIndexingTest" time="0.003"/>
  <testcase name="canAddDoubleIndex[Using inmemory]" classname="org.chronos.chronograph.test.index.NumericIndexingTest" time="0.001"/>
  <testcase name="canAddLongIndex[Using inmemory]" classname="org.chronos.chronograph.test.index.NumericIndexingTest" time="0.001"/>
  <testcase name="simpleDoubleQueryUsingGremlinWorks[Using inmemory]" classname="org.chronos.chronograph.test.index.NumericIndexingTest" time="0.004"/>
  <testcase name="simpleLongQueryUsingFindWorks[Using inmemory]" classname="org.chronos.chronograph.test.index.NumericIndexingTest" time="0.003"/>
  <system-out><![CDATA[[INFO ] 2017-08-28 19:56:30 [    Test worker] [    o.c.c.test.ChronosUnitTest]:  Temp directory is provided at: C:\Users\Martin\AppData\Local\Temp\ChronoDBTest318862688473434810


================================================================================
 TEST START                                                                     
--------------------------------------------------------------------------------
    Test class:  NumericIndexingTest
    Test method: simpleLongQueryUsingGremlinWorks[Using jdbc]
    Start time:  2017/08/28 19:56:30
================================================================================





================================================================================
 TEST SUCCEEDED                                                                 
--------------------------------------------------------------------------------
    Test class:  NumericIndexingTest
    Test method: simpleLongQueryUsingGremlinWorks[Using jdbc]
    End time:    2017/08/28 19:56:30 (Duration: 32ms)
================================================================================





================================================================================
 TEST START                                                                     
--------------------------------------------------------------------------------
    Test class:  NumericIndexingTest
    Test method: simpleDoubleQueryUsingFindWorks[Using jdbc]
    Start time:  2017/08/28 19:56:30
================================================================================





================================================================================
 TEST SUCCEEDED                                                                 
--------------------------------------------------------------------------------
    Test class:  NumericIndexingTest
    Test method: simpleDoubleQueryUsingFindWorks[Using jdbc]
    End time:    2017/08/28 19:56:30 (Duration: 31ms)
================================================================================





================================================================================
 TEST START                                                                     
--------------------------------------------------------------------------------
    Test class:  NumericIndexingTest
    Test method: canAddDoubleIndex[Using jdbc]
    Start time:  2017/08/28 19:56:30
================================================================================





================================================================================
 TEST SUCCEEDED                                                                 
--------------------------------------------------------------------------------
    Test class:  NumericIndexingTest
    Test method: canAddDoubleIndex[Using jdbc]
    End time:    2017/08/28 19:56:30 (Duration: 16ms)
================================================================================





================================================================================
 TEST START                                                                     
--------------------------------------------------------------------------------
    Test class:  NumericIndexingTest
    Test method: canAddLongIndex[Using jdbc]
    Start time:  2017/08/28 19:56:30
================================================================================





================================================================================
 TEST SUCCEEDED                                                                 
--------------------------------------------------------------------------------
    Test class:  NumericIndexingTest
    Test method: canAddLongIndex[Using jdbc]
    End time:    2017/08/28 19:56:30 (Duration: 37ms)
================================================================================





================================================================================
 TEST START                                                                     
--------------------------------------------------------------------------------
    Test class:  NumericIndexingTest
    Test method: simpleDoubleQueryUsingGremlinWorks[Using jdbc]
    Start time:  2017/08/28 19:56:30
================================================================================





================================================================================
 TEST SUCCEEDED                                                                 
--------------------------------------------------------------------------------
    Test class:  NumericIndexingTest
    Test method: simpleDoubleQueryUsingGremlinWorks[Using jdbc]
    End time:    2017/08/28 19:56:30 (Duration: 27ms)
================================================================================





================================================================================
 TEST START                                                                     
--------------------------------------------------------------------------------
    Test class:  NumericIndexingTest
    Test method: simpleLongQueryUsingFindWorks[Using jdbc]
    Start time:  2017/08/28 19:56:30
================================================================================





================================================================================
 TEST SUCCEEDED                                                                 
--------------------------------------------------------------------------------
    Test class:  NumericIndexingTest
    Test method: simpleLongQueryUsingFindWorks[Using jdbc]
    End time:    2017/08/28 19:56:30 (Duration: 30ms)
================================================================================





================================================================================
 TEST START                                                                     
--------------------------------------------------------------------------------
    Test class:  NumericIndexingTest
    Test method: simpleLongQueryUsingGremlinWorks[Using tupl]
    Start time:  2017/08/28 19:56:30
================================================================================





================================================================================
 TEST SUCCEEDED                                                                 
--------------------------------------------------------------------------------
    Test class:  NumericIndexingTest
    Test method: simpleLongQueryUsingGremlinWorks[Using tupl]
    End time:    2017/08/28 19:56:30 (Duration: 127ms)
================================================================================





================================================================================
 TEST START                                                                     
--------------------------------------------------------------------------------
    Test class:  NumericIndexingTest
    Test method: simpleDoubleQueryUsingFindWorks[Using tupl]
    Start time:  2017/08/28 19:56:30
================================================================================





================================================================================
 TEST SUCCEEDED                                                                 
--------------------------------------------------------------------------------
    Test class:  NumericIndexingTest
    Test method: simpleDoubleQueryUsingFindWorks[Using tupl]
    End time:    2017/08/28 19:56:30 (Duration: 150ms)
================================================================================





================================================================================
 TEST START                                                                     
--------------------------------------------------------------------------------
    Test class:  NumericIndexingTest
    Test method: canAddDoubleIndex[Using tupl]
    Start time:  2017/08/28 19:56:30
================================================================================





================================================================================
 TEST SUCCEEDED                                                                 
--------------------------------------------------------------------------------
    Test class:  NumericIndexingTest
    Test method: canAddDoubleIndex[Using tupl]
    End time:    2017/08/28 19:56:31 (Duration: 166ms)
================================================================================





================================================================================
 TEST START                                                                     
--------------------------------------------------------------------------------
    Test class:  NumericIndexingTest
    Test method: canAddLongIndex[Using tupl]
    Start time:  2017/08/28 19:56:31
================================================================================





================================================================================
 TEST SUCCEEDED                                                                 
--------------------------------------------------------------------------------
    Test class:  NumericIndexingTest
    Test method: canAddLongIndex[Using tupl]
    End time:    2017/08/28 19:56:31 (Duration: 162ms)
================================================================================





================================================================================
 TEST START                                                                     
--------------------------------------------------------------------------------
    Test class:  NumericIndexingTest
    Test method: simpleDoubleQueryUsingGremlinWorks[Using tupl]
    Start time:  2017/08/28 19:56:31
================================================================================





================================================================================
 TEST SUCCEEDED                                                                 
--------------------------------------------------------------------------------
    Test class:  NumericIndexingTest
    Test method: simpleDoubleQueryUsingGremlinWorks[Using tupl]
    End time:    2017/08/28 19:56:31 (Duration: 253ms)
================================================================================





================================================================================
 TEST START                                                                     
--------------------------------------------------------------------------------
    Test class:  NumericIndexingTest
    Test method: simpleLongQueryUsingFindWorks[Using tupl]
    Start time:  2017/08/28 19:56:31
================================================================================





================================================================================
 TEST SUCCEEDED                                                                 
--------------------------------------------------------------------------------
    Test class:  NumericIndexingTest
    Test method: simpleLongQueryUsingFindWorks[Using tupl]
    End time:    2017/08/28 19:56:31 (Duration: 229ms)
================================================================================





================================================================================
 TEST START                                                                     
--------------------------------------------------------------------------------
    Test class:  NumericIndexingTest
    Test method: simpleLongQueryUsingGremlinWorks[Using mapdb]
    Start time:  2017/08/28 19:56:31
================================================================================





================================================================================
 TEST SUCCEEDED                                                                 
--------------------------------------------------------------------------------
    Test class:  NumericIndexingTest
    Test method: simpleLongQueryUsingGremlinWorks[Using mapdb]
    End time:    2017/08/28 19:56:32 (Duration: 741ms)
================================================================================





================================================================================
 TEST START                                                                     
--------------------------------------------------------------------------------
    Test class:  NumericIndexingTest
    Test method: simpleDoubleQueryUsingFindWorks[Using mapdb]
    Start time:  2017/08/28 19:56:32
================================================================================





================================================================================
 TEST SUCCEEDED                                                                 
--------------------------------------------------------------------------------
    Test class:  NumericIndexingTest
    Test method: simpleDoubleQueryUsingFindWorks[Using mapdb]
    End time:    2017/08/28 19:56:33 (Duration: 721ms)
================================================================================





================================================================================
 TEST START                                                                     
--------------------------------------------------------------------------------
    Test class:  NumericIndexingTest
    Test method: canAddDoubleIndex[Using mapdb]
    Start time:  2017/08/28 19:56:33
================================================================================





================================================================================
 TEST SUCCEEDED                                                                 
--------------------------------------------------------------------------------
    Test class:  NumericIndexingTest
    Test method: canAddDoubleIndex[Using mapdb]
    End time:    2017/08/28 19:56:33 (Duration: 290ms)
================================================================================





================================================================================
 TEST START                                                                     
--------------------------------------------------------------------------------
    Test class:  NumericIndexingTest
    Test method: canAddLongIndex[Using mapdb]
    Start time:  2017/08/28 19:56:33
================================================================================





================================================================================
 TEST SUCCEEDED                                                                 
--------------------------------------------------------------------------------
    Test class:  NumericIndexingTest
    Test method: canAddLongIndex[Using mapdb]
    End time:    2017/08/28 19:56:33 (Duration: 287ms)
================================================================================





================================================================================
 TEST START                                                                     
--------------------------------------------------------------------------------
    Test class:  NumericIndexingTest
    Test method: simpleDoubleQueryUsingGremlinWorks[Using mapdb]
    Start time:  2017/08/28 19:56:33
================================================================================





================================================================================
 TEST SUCCEEDED                                                                 
--------------------------------------------------------------------------------
    Test class:  NumericIndexingTest
    Test method: simpleDoubleQueryUsingGremlinWorks[Using mapdb]
    End time:    2017/08/28 19:56:34 (Duration: 495ms)
================================================================================





================================================================================
 TEST START                                                                     
--------------------------------------------------------------------------------
    Test class:  NumericIndexingTest
    Test method: simpleLongQueryUsingFindWorks[Using mapdb]
    Start time:  2017/08/28 19:56:34
================================================================================





================================================================================
 TEST SUCCEEDED                                                                 
--------------------------------------------------------------------------------
    Test class:  NumericIndexingTest
    Test method: simpleLongQueryUsingFindWorks[Using mapdb]
    End time:    2017/08/28 19:56:34 (Duration: 687ms)
================================================================================





================================================================================
 TEST START                                                                     
--------------------------------------------------------------------------------
    Test class:  NumericIndexingTest
    Test method: simpleLongQueryUsingGremlinWorks[Using chunked]
    Start time:  2017/08/28 19:56:34
================================================================================





================================================================================
 TEST SUCCEEDED                                                                 
--------------------------------------------------------------------------------
    Test class:  NumericIndexingTest
    Test method: simpleLongQueryUsingGremlinWorks[Using chunked]
    End time:    2017/08/28 19:56:35 (Duration: 415ms)
================================================================================





================================================================================
 TEST START                                                                     
--------------------------------------------------------------------------------
    Test class:  NumericIndexingTest
    Test method: simpleDoubleQueryUsingFindWorks[Using chunked]
    Start time:  2017/08/28 19:56:35
================================================================================





================================================================================
 TEST SUCCEEDED                                                                 
--------------------------------------------------------------------------------
    Test class:  NumericIndexingTest
    Test method: simpleDoubleQueryUsingFindWorks[Using chunked]
    End time:    2017/08/28 19:56:35 (Duration: 451ms)
================================================================================





================================================================================
 TEST START                                                                     
--------------------------------------------------------------------------------
    Test class:  NumericIndexingTest
    Test method: canAddDoubleIndex[Using chunked]
    Start time:  2017/08/28 19:56:35
================================================================================





================================================================================
 TEST SUCCEEDED                                                                 
--------------------------------------------------------------------------------
    Test class:  NumericIndexingTest
    Test method: canAddDoubleIndex[Using chunked]
    End time:    2017/08/28 19:56:36 (Duration: 353ms)
================================================================================





================================================================================
 TEST START                                                                     
--------------------------------------------------------------------------------
    Test class:  NumericIndexingTest
    Test method: canAddLongIndex[Using chunked]
    Start time:  2017/08/28 19:56:36
================================================================================





================================================================================
 TEST SUCCEEDED                                                                 
--------------------------------------------------------------------------------
    Test class:  NumericIndexingTest
    Test method: canAddLongIndex[Using chunked]
    End time:    2017/08/28 19:56:36 (Duration: 474ms)
================================================================================





================================================================================
 TEST START                                                                     
--------------------------------------------------------------------------------
    Test class:  NumericIndexingTest
    Test method: simpleDoubleQueryUsingGremlinWorks[Using chunked]
    Start time:  2017/08/28 19:56:36
================================================================================





================================================================================
 TEST SUCCEEDED                                                                 
--------------------------------------------------------------------------------
    Test class:  NumericIndexingTest
    Test method: simpleDoubleQueryUsingGremlinWorks[Using chunked]
    End time:    2017/08/28 19:56:36 (Duration: 292ms)
================================================================================





================================================================================
 TEST START                                                                     
--------------------------------------------------------------------------------
    Test class:  NumericIndexingTest
    Test method: simpleLongQueryUsingFindWorks[Using chunked]
    Start time:  2017/08/28 19:56:36
================================================================================





================================================================================
 TEST SUCCEEDED                                                                 
--------------------------------------------------------------------------------
    Test class:  NumericIndexingTest
    Test method: simpleLongQueryUsingFindWorks[Using chunked]
    End time:    2017/08/28 19:56:37 (Duration: 240ms)
================================================================================





================================================================================
 TEST START                                                                     
--------------------------------------------------------------------------------
    Test class:  NumericIndexingTest
    Test method: simpleLongQueryUsingGremlinWorks[Using inmemory]
    Start time:  2017/08/28 19:56:37
================================================================================





================================================================================
 TEST SUCCEEDED                                                                 
--------------------------------------------------------------------------------
    Test class:  NumericIndexingTest
    Test method: simpleLongQueryUsingGremlinWorks[Using inmemory]
    End time:    2017/08/28 19:56:37 (Duration: 5ms)
================================================================================





================================================================================
 TEST START                                                                     
--------------------------------------------------------------------------------
    Test class:  NumericIndexingTest
    Test method: simpleDoubleQueryUsingFindWorks[Using inmemory]
    Start time:  2017/08/28 19:56:37
================================================================================





================================================================================
 TEST SUCCEEDED                                                                 
--------------------------------------------------------------------------------
    Test class:  NumericIndexingTest
    Test method: simpleDoubleQueryUsingFindWorks[Using inmemory]
    End time:    2017/08/28 19:56:37 (Duration: 3ms)
================================================================================





================================================================================
 TEST START                                                                     
--------------------------------------------------------------------------------
    Test class:  NumericIndexingTest
    Test method: canAddDoubleIndex[Using inmemory]
    Start time:  2017/08/28 19:56:37
================================================================================





================================================================================
 TEST SUCCEEDED                                                                 
--------------------------------------------------------------------------------
    Test class:  NumericIndexingTest
    Test method: canAddDoubleIndex[Using inmemory]
    End time:    2017/08/28 19:56:37 (Duration: 1ms)
================================================================================





================================================================================
 TEST START                                                                     
--------------------------------------------------------------------------------
    Test class:  NumericIndexingTest
    Test method: canAddLongIndex[Using inmemory]
    Start time:  2017/08/28 19:56:37
================================================================================





================================================================================
 TEST SUCCEEDED                                                                 
--------------------------------------------------------------------------------
    Test class:  NumericIndexingTest
    Test method: canAddLongIndex[Using inmemory]
    End time:    2017/08/28 19:56:37 (Duration: 1ms)
================================================================================





================================================================================
 TEST START                                                                     
--------------------------------------------------------------------------------
    Test class:  NumericIndexingTest
    Test method: simpleDoubleQueryUsingGremlinWorks[Using inmemory]
    Start time:  2017/08/28 19:56:37
================================================================================





================================================================================
 TEST SUCCEEDED                                                                 
--------------------------------------------------------------------------------
    Test class:  NumericIndexingTest
    Test method: simpleDoubleQueryUsingGremlinWorks[Using inmemory]
    End time:    2017/08/28 19:56:37 (Duration: 4ms)
================================================================================





================================================================================
 TEST START                                                                     
--------------------------------------------------------------------------------
    Test class:  NumericIndexingTest
    Test method: simpleLongQueryUsingFindWorks[Using inmemory]
    Start time:  2017/08/28 19:56:37
================================================================================





================================================================================
 TEST SUCCEEDED                                                                 
--------------------------------------------------------------------------------
    Test class:  NumericIndexingTest
    Test method: simpleLongQueryUsingFindWorks[Using inmemory]
    End time:    2017/08/28 19:56:37 (Duration: 3ms)
================================================================================



[INFO ] 2017-08-28 19:56:37 [    Test worker] [    o.c.c.test.ChronosUnitTest]:  Attempting to delete temp directory provided at: C:\Users\Martin\AppData\Local\Temp\ChronoDBTest318862688473434810
[WARN ] 2017-08-28 19:56:37 [    Test worker] [    o.c.c.test.ChronosUnitTest]:  Failed to delete temp directory: java.io.IOException: Unable to delete file: C:\Users\Martin\AppData\Local\Temp\ChronoDBTest318862688473434810\TestDirectory5562a6743b974a7c8c74c7dc77bb46ba\GraphDump\dump.chronos.redo.4
]]></system-out>
  <system-err><![CDATA[]]></system-err>
</testsuite>
