<?xml version="1.0" encoding="UTF-8"?>
<testsuite name="org.apache.tinkerpop.gremlin.structure.util.detached.DetachedVertexPropertyTest" tests="9" skipped="1" failures="0" errors="0" timestamp="2017-08-28T17:58:56" hostname="Aurora" time="0.003">
  <properties/>
  <testcase name="shouldAttachToVertex" classname="org.apache.tinkerpop.gremlin.structure.util.detached.DetachedVertexPropertyTest" time="0.001"/>
  <testcase name="shouldNotBeEqualsPropertiesAsIdIsDifferent" classname="org.apache.tinkerpop.gremlin.structure.util.detached.DetachedVertexPropertyTest" time="0.0"/>
  <testcase name="shouldDetachMultiPropertiesAndMetaProperties" classname="org.apache.tinkerpop.gremlin.structure.util.detached.DetachedVertexPropertyTest" time="0.001">
    <skipped/>
  </testcase>
  <testcase name="shouldAttachToGraph" classname="org.apache.tinkerpop.gremlin.structure.util.detached.DetachedVertexPropertyTest" time="0.0"/>
  <testcase name="shouldConstructDetachedPropertyWithHiddenFromVertex" classname="org.apache.tinkerpop.gremlin.structure.util.detached.DetachedVertexPropertyTest" time="0.0"/>
  <testcase name="shouldBeEqualsPropertiesAsIdIsTheSame" classname="org.apache.tinkerpop.gremlin.structure.util.detached.DetachedVertexPropertyTest" time="0.001"/>
  <testcase name="shouldNotSupportRemove" classname="org.apache.tinkerpop.gremlin.structure.util.detached.DetachedVertexPropertyTest" time="0.0"/>
  <testcase name="shouldNotConstructNewWithSomethingAlreadyDetached" classname="org.apache.tinkerpop.gremlin.structure.util.detached.DetachedVertexPropertyTest" time="0.0"/>
  <testcase name="shouldConstructDetachedPropertyWithPropertyFromVertex" classname="org.apache.tinkerpop.gremlin.structure.util.detached.DetachedVertexPropertyTest" time="0.0"/>
  <system-out><![CDATA[]]></system-out>
  <system-err><![CDATA[]]></system-err>
</testsuite>
