<?xml version="1.0" encoding="UTF-8"?>
<testsuite name="org.apache.tinkerpop.gremlin.structure.PropertyTest$ElementGetValueExceptionConsistencyTest" tests="2" skipped="0" failures="0" errors="0" timestamp="2017-08-28T17:59:01" hostname="Aurora" time="0.0">
  <properties/>
  <testcase name="shouldGetValueThatIsNotPresentOnEdge" classname="org.apache.tinkerpop.gremlin.structure.PropertyTest$ElementGetValueExceptionConsistencyTest" time="0.0"/>
  <testcase name="shouldGetValueThatIsNotPresentOnVertex" classname="org.apache.tinkerpop.gremlin.structure.PropertyTest$ElementGetValueExceptionConsistencyTest" time="0.0"/>
  <system-out><![CDATA[]]></system-out>
  <system-err><![CDATA[]]></system-err>
</testsuite>
