<?xml version="1.0" encoding="UTF-8"?>
<testsuite name="org.apache.tinkerpop.gremlin.structure.GraphConstructionTest" tests="2" skipped="0" failures="0" errors="0" timestamp="2017-08-28T17:59:01" hostname="Aurora" time="0.0">
  <properties/>
  <testcase name="shouldConstructAnEmptyGraph" classname="org.apache.tinkerpop.gremlin.structure.GraphConstructionTest" time="0.0"/>
  <testcase name="shouldOpenGraphThroughGraphFactoryViaApacheConfig" classname="org.apache.tinkerpop.gremlin.structure.GraphConstructionTest" time="0.0"/>
  <system-out><![CDATA[[WARN ] 2017-08-28 19:59:01 [    Test worker] [StandardChronoGraphTransaction]:  Query requires iterating over all vertices. For better performance, use 'has(...)' clauses in your gremlin.
[WARN ] 2017-08-28 19:59:01 [    Test worker] [StandardChronoGraphTransaction]:  Query requires iterating over all edges. For better performance, use 'has(...)' clauses in your gremlin.
]]></system-out>
  <system-err><![CDATA[]]></system-err>
</testsuite>
