<?xml version="1.0" encoding="UTF-8"?>
<testsuite name="org.chronos.chronograph.test.hashcode.GraphElementHashCodeAndEqualsTest" tests="10" skipped="0" failures="0" errors="0" timestamp="2017-08-28T17:56:27" hostname="Aurora" time="1.3">
  <properties/>
  <testcase name="vertexHashCodeAndEqualsAreConsistent[Using inmemory]" classname="org.chronos.chronograph.test.hashcode.GraphElementHashCodeAndEqualsTest" time="0.0"/>
  <testcase name="edgeHashCodeAndEqualsAreConsistent[Using inmemory]" classname="org.chronos.chronograph.test.hashcode.GraphElementHashCodeAndEqualsTest" time="0.0"/>
  <testcase name="vertexHashCodeAndEqualsAreConsistent[Using jdbc]" classname="org.chronos.chronograph.test.hashcode.GraphElementHashCodeAndEqualsTest" time="0.037"/>
  <testcase name="edgeHashCodeAndEqualsAreConsistent[Using jdbc]" classname="org.chronos.chronograph.test.hashcode.GraphElementHashCodeAndEqualsTest" time="0.016"/>
  <testcase name="vertexHashCodeAndEqualsAreConsistent[Using chunked]" classname="org.chronos.chronograph.test.hashcode.GraphElementHashCodeAndEqualsTest" time="0.262"/>
  <testcase name="edgeHashCodeAndEqualsAreConsistent[Using chunked]" classname="org.chronos.chronograph.test.hashcode.GraphElementHashCodeAndEqualsTest" time="0.222"/>
  <testcase name="vertexHashCodeAndEqualsAreConsistent[Using mapdb]" classname="org.chronos.chronograph.test.hashcode.GraphElementHashCodeAndEqualsTest" time="0.297"/>
  <testcase name="edgeHashCodeAndEqualsAreConsistent[Using mapdb]" classname="org.chronos.chronograph.test.hashcode.GraphElementHashCodeAndEqualsTest" time="0.266"/>
  <testcase name="vertexHashCodeAndEqualsAreConsistent[Using tupl]" classname="org.chronos.chronograph.test.hashcode.GraphElementHashCodeAndEqualsTest" time="0.1"/>
  <testcase name="edgeHashCodeAndEqualsAreConsistent[Using tupl]" classname="org.chronos.chronograph.test.hashcode.GraphElementHashCodeAndEqualsTest" time="0.1"/>
  <system-out><![CDATA[[INFO ] 2017-08-28 19:56:27 [    Test worker] [    o.c.c.test.ChronosUnitTest]:  Temp directory is provided at: C:\Users\Martin\AppData\Local\Temp\ChronoDBTest318862688473434810


================================================================================
 TEST START                                                                     
--------------------------------------------------------------------------------
    Test class:  GraphElementHashCodeAndEqualsTest
    Test method: vertexHashCodeAndEqualsAreConsistent[Using inmemory]
    Start time:  2017/08/28 19:56:27
================================================================================





================================================================================
 TEST SUCCEEDED                                                                 
--------------------------------------------------------------------------------
    Test class:  GraphElementHashCodeAndEqualsTest
    Test method: vertexHashCodeAndEqualsAreConsistent[Using inmemory]
    End time:    2017/08/28 19:56:27 (Duration: 0ms)
================================================================================





================================================================================
 TEST START                                                                     
--------------------------------------------------------------------------------
    Test class:  GraphElementHashCodeAndEqualsTest
    Test method: edgeHashCodeAndEqualsAreConsistent[Using inmemory]
    Start time:  2017/08/28 19:56:27
================================================================================





================================================================================
 TEST SUCCEEDED                                                                 
--------------------------------------------------------------------------------
    Test class:  GraphElementHashCodeAndEqualsTest
    Test method: edgeHashCodeAndEqualsAreConsistent[Using inmemory]
    End time:    2017/08/28 19:56:27 (Duration: 0ms)
================================================================================





================================================================================
 TEST START                                                                     
--------------------------------------------------------------------------------
    Test class:  GraphElementHashCodeAndEqualsTest
    Test method: vertexHashCodeAndEqualsAreConsistent[Using jdbc]
    Start time:  2017/08/28 19:56:27
================================================================================





================================================================================
 TEST SUCCEEDED                                                                 
--------------------------------------------------------------------------------
    Test class:  GraphElementHashCodeAndEqualsTest
    Test method: vertexHashCodeAndEqualsAreConsistent[Using jdbc]
    End time:    2017/08/28 19:56:27 (Duration: 37ms)
================================================================================





================================================================================
 TEST START                                                                     
--------------------------------------------------------------------------------
    Test class:  GraphElementHashCodeAndEqualsTest
    Test method: edgeHashCodeAndEqualsAreConsistent[Using jdbc]
    Start time:  2017/08/28 19:56:27
================================================================================





================================================================================
 TEST SUCCEEDED                                                                 
--------------------------------------------------------------------------------
    Test class:  GraphElementHashCodeAndEqualsTest
    Test method: edgeHashCodeAndEqualsAreConsistent[Using jdbc]
    End time:    2017/08/28 19:56:27 (Duration: 16ms)
================================================================================





================================================================================
 TEST START                                                                     
--------------------------------------------------------------------------------
    Test class:  GraphElementHashCodeAndEqualsTest
    Test method: vertexHashCodeAndEqualsAreConsistent[Using chunked]
    Start time:  2017/08/28 19:56:27
================================================================================





================================================================================
 TEST SUCCEEDED                                                                 
--------------------------------------------------------------------------------
    Test class:  GraphElementHashCodeAndEqualsTest
    Test method: vertexHashCodeAndEqualsAreConsistent[Using chunked]
    End time:    2017/08/28 19:56:27 (Duration: 262ms)
================================================================================





================================================================================
 TEST START                                                                     
--------------------------------------------------------------------------------
    Test class:  GraphElementHashCodeAndEqualsTest
    Test method: edgeHashCodeAndEqualsAreConsistent[Using chunked]
    Start time:  2017/08/28 19:56:27
================================================================================





================================================================================
 TEST SUCCEEDED                                                                 
--------------------------------------------------------------------------------
    Test class:  GraphElementHashCodeAndEqualsTest
    Test method: edgeHashCodeAndEqualsAreConsistent[Using chunked]
    End time:    2017/08/28 19:56:28 (Duration: 222ms)
================================================================================





================================================================================
 TEST START                                                                     
--------------------------------------------------------------------------------
    Test class:  GraphElementHashCodeAndEqualsTest
    Test method: vertexHashCodeAndEqualsAreConsistent[Using mapdb]
    Start time:  2017/08/28 19:56:28
================================================================================





================================================================================
 TEST SUCCEEDED                                                                 
--------------------------------------------------------------------------------
    Test class:  GraphElementHashCodeAndEqualsTest
    Test method: vertexHashCodeAndEqualsAreConsistent[Using mapdb]
    End time:    2017/08/28 19:56:28 (Duration: 297ms)
================================================================================





================================================================================
 TEST START                                                                     
--------------------------------------------------------------------------------
    Test class:  GraphElementHashCodeAndEqualsTest
    Test method: edgeHashCodeAndEqualsAreConsistent[Using mapdb]
    Start time:  2017/08/28 19:56:28
================================================================================





================================================================================
 TEST SUCCEEDED                                                                 
--------------------------------------------------------------------------------
    Test class:  GraphElementHashCodeAndEqualsTest
    Test method: edgeHashCodeAndEqualsAreConsistent[Using mapdb]
    End time:    2017/08/28 19:56:28 (Duration: 266ms)
================================================================================





================================================================================
 TEST START                                                                     
--------------------------------------------------------------------------------
    Test class:  GraphElementHashCodeAndEqualsTest
    Test method: vertexHashCodeAndEqualsAreConsistent[Using tupl]
    Start time:  2017/08/28 19:56:28
================================================================================





================================================================================
 TEST SUCCEEDED                                                                 
--------------------------------------------------------------------------------
    Test class:  GraphElementHashCodeAndEqualsTest
    Test method: vertexHashCodeAndEqualsAreConsistent[Using tupl]
    End time:    2017/08/28 19:56:28 (Duration: 100ms)
================================================================================





================================================================================
 TEST START                                                                     
--------------------------------------------------------------------------------
    Test class:  GraphElementHashCodeAndEqualsTest
    Test method: edgeHashCodeAndEqualsAreConsistent[Using tupl]
    Start time:  2017/08/28 19:56:28
================================================================================





================================================================================
 TEST SUCCEEDED                                                                 
--------------------------------------------------------------------------------
    Test class:  GraphElementHashCodeAndEqualsTest
    Test method: edgeHashCodeAndEqualsAreConsistent[Using tupl]
    End time:    2017/08/28 19:56:28 (Duration: 100ms)
================================================================================



[INFO ] 2017-08-28 19:56:28 [    Test worker] [    o.c.c.test.ChronosUnitTest]:  Attempting to delete temp directory provided at: C:\Users\Martin\AppData\Local\Temp\ChronoDBTest318862688473434810
[INFO ] 2017-08-28 19:56:28 [    Test worker] [    o.c.c.test.ChronosUnitTest]:  Successfully deleted temp directory
]]></system-out>
  <system-err><![CDATA[]]></system-err>
</testsuite>
