<?xml version="1.0" encoding="UTF-8"?>
<testsuite name="org.chronos.chronograph.test.structure.RemoveElementsTest" tests="75" skipped="0" failures="0" errors="0" timestamp="2017-08-28T17:57:51" hostname="Aurora" time="16.375">
  <properties/>
  <testcase name="removingAllVerticesAlsoRemovesAllEdges[Using chunked]" classname="org.chronos.chronograph.test.structure.RemoveElementsTest" time="0.453"/>
  <testcase name="removingEdgesWorks[Using chunked]" classname="org.chronos.chronograph.test.structure.RemoveElementsTest" time="0.399"/>
  <testcase name="removingVerticesWorks[Using chunked]" classname="org.chronos.chronograph.test.structure.RemoveElementsTest" time="0.363"/>
  <testcase name="removingVerticesFromDoubleLinkedCyclicGraphWorks[Using chunked]" classname="org.chronos.chronograph.test.structure.RemoveElementsTest" time="0.5"/>
  <testcase name="removedVertexIsNotReturnedByGdotV[Using chunked]" classname="org.chronos.chronograph.test.structure.RemoveElementsTest" time="0.222"/>
  <testcase name="removingEdgePropertiesWorks[Using chunked]" classname="org.chronos.chronograph.test.structure.RemoveElementsTest" time="0.231"/>
  <testcase name="removingVerticesFromMaximallyConnectedGraphInOneGoWorks[Using chunked]" classname="org.chronos.chronograph.test.structure.RemoveElementsTest" time="0.368"/>
  <testcase name="removingSelfEdgeWorks[Using chunked]" classname="org.chronos.chronograph.test.structure.RemoveElementsTest" time="0.394"/>
  <testcase name="removingVerticesFromSingleLinkedCyclicGraphWorks[Using chunked]" classname="org.chronos.chronograph.test.structure.RemoveElementsTest" time="0.384"/>
  <testcase name="removingVerticesFromMaximallyConnectedGraphOneByOneWorks[Using chunked]" classname="org.chronos.chronograph.test.structure.RemoveElementsTest" time="0.499"/>
  <testcase name="removingVertexPropertiesWorks[Using chunked]" classname="org.chronos.chronograph.test.structure.RemoveElementsTest" time="0.4"/>
  <testcase name="removingVertexWithSelfEdgeWorks[Using chunked]" classname="org.chronos.chronograph.test.structure.RemoveElementsTest" time="0.353"/>
  <testcase name="removedVerticesDoNotShowUpInIndexQueryResults[Using chunked]" classname="org.chronos.chronograph.test.structure.RemoveElementsTest" time="0.269"/>
  <testcase name="removingVertexMetaPropertiesWorks[Using chunked]" classname="org.chronos.chronograph.test.structure.RemoveElementsTest" time="0.263"/>
  <testcase name="removingAVertexAlsoRemovesAdjacentEdges[Using chunked]" classname="org.chronos.chronograph.test.structure.RemoveElementsTest" time="0.4"/>
  <testcase name="removingAllVerticesAlsoRemovesAllEdges[Using mapdb]" classname="org.chronos.chronograph.test.structure.RemoveElementsTest" time="0.754"/>
  <testcase name="removingEdgesWorks[Using mapdb]" classname="org.chronos.chronograph.test.structure.RemoveElementsTest" time="0.515"/>
  <testcase name="removingVerticesWorks[Using mapdb]" classname="org.chronos.chronograph.test.structure.RemoveElementsTest" time="0.484"/>
  <testcase name="removingVerticesFromDoubleLinkedCyclicGraphWorks[Using mapdb]" classname="org.chronos.chronograph.test.structure.RemoveElementsTest" time="0.417"/>
  <testcase name="removedVertexIsNotReturnedByGdotV[Using mapdb]" classname="org.chronos.chronograph.test.structure.RemoveElementsTest" time="0.332"/>
  <testcase name="removingEdgePropertiesWorks[Using mapdb]" classname="org.chronos.chronograph.test.structure.RemoveElementsTest" time="0.4"/>
  <testcase name="removingVerticesFromMaximallyConnectedGraphInOneGoWorks[Using mapdb]" classname="org.chronos.chronograph.test.structure.RemoveElementsTest" time="0.516"/>
  <testcase name="removingSelfEdgeWorks[Using mapdb]" classname="org.chronos.chronograph.test.structure.RemoveElementsTest" time="0.553"/>
  <testcase name="removingVerticesFromSingleLinkedCyclicGraphWorks[Using mapdb]" classname="org.chronos.chronograph.test.structure.RemoveElementsTest" time="0.516"/>
  <testcase name="removingVerticesFromMaximallyConnectedGraphOneByOneWorks[Using mapdb]" classname="org.chronos.chronograph.test.structure.RemoveElementsTest" time="0.902"/>
  <testcase name="removingVertexPropertiesWorks[Using mapdb]" classname="org.chronos.chronograph.test.structure.RemoveElementsTest" time="0.331"/>
  <testcase name="removingVertexWithSelfEdgeWorks[Using mapdb]" classname="org.chronos.chronograph.test.structure.RemoveElementsTest" time="0.354"/>
  <testcase name="removedVerticesDoNotShowUpInIndexQueryResults[Using mapdb]" classname="org.chronos.chronograph.test.structure.RemoveElementsTest" time="0.616"/>
  <testcase name="removingVertexMetaPropertiesWorks[Using mapdb]" classname="org.chronos.chronograph.test.structure.RemoveElementsTest" time="0.454"/>
  <testcase name="removingAVertexAlsoRemovesAdjacentEdges[Using mapdb]" classname="org.chronos.chronograph.test.structure.RemoveElementsTest" time="0.516"/>
  <testcase name="removingAllVerticesAlsoRemovesAllEdges[Using tupl]" classname="org.chronos.chronograph.test.structure.RemoveElementsTest" time="0.262"/>
  <testcase name="removingEdgesWorks[Using tupl]" classname="org.chronos.chronograph.test.structure.RemoveElementsTest" time="0.2"/>
  <testcase name="removingVerticesWorks[Using tupl]" classname="org.chronos.chronograph.test.structure.RemoveElementsTest" time="0.184"/>
  <testcase name="removingVerticesFromDoubleLinkedCyclicGraphWorks[Using tupl]" classname="org.chronos.chronograph.test.structure.RemoveElementsTest" time="0.238"/>
  <testcase name="removedVertexIsNotReturnedByGdotV[Using tupl]" classname="org.chronos.chronograph.test.structure.RemoveElementsTest" time="0.099"/>
  <testcase name="removingEdgePropertiesWorks[Using tupl]" classname="org.chronos.chronograph.test.structure.RemoveElementsTest" time="0.116"/>
  <testcase name="removingVerticesFromMaximallyConnectedGraphInOneGoWorks[Using tupl]" classname="org.chronos.chronograph.test.structure.RemoveElementsTest" time="0.116"/>
  <testcase name="removingSelfEdgeWorks[Using tupl]" classname="org.chronos.chronograph.test.structure.RemoveElementsTest" time="0.1"/>
  <testcase name="removingVerticesFromSingleLinkedCyclicGraphWorks[Using tupl]" classname="org.chronos.chronograph.test.structure.RemoveElementsTest" time="0.1"/>
  <testcase name="removingVerticesFromMaximallyConnectedGraphOneByOneWorks[Using tupl]" classname="org.chronos.chronograph.test.structure.RemoveElementsTest" time="0.168"/>
  <testcase name="removingVertexPropertiesWorks[Using tupl]" classname="org.chronos.chronograph.test.structure.RemoveElementsTest" time="0.201"/>
  <testcase name="removingVertexWithSelfEdgeWorks[Using tupl]" classname="org.chronos.chronograph.test.structure.RemoveElementsTest" time="0.2"/>
  <testcase name="removedVerticesDoNotShowUpInIndexQueryResults[Using tupl]" classname="org.chronos.chronograph.test.structure.RemoveElementsTest" time="0.315"/>
  <testcase name="removingVertexMetaPropertiesWorks[Using tupl]" classname="org.chronos.chronograph.test.structure.RemoveElementsTest" time="0.185"/>
  <testcase name="removingAVertexAlsoRemovesAdjacentEdges[Using tupl]" classname="org.chronos.chronograph.test.structure.RemoveElementsTest" time="0.199"/>
  <testcase name="removingAllVerticesAlsoRemovesAllEdges[Using inmemory]" classname="org.chronos.chronograph.test.structure.RemoveElementsTest" time="0.015"/>
  <testcase name="removingEdgesWorks[Using inmemory]" classname="org.chronos.chronograph.test.structure.RemoveElementsTest" time="0.004"/>
  <testcase name="removingVerticesWorks[Using inmemory]" classname="org.chronos.chronograph.test.structure.RemoveElementsTest" time="0.003"/>
  <testcase name="removingVerticesFromDoubleLinkedCyclicGraphWorks[Using inmemory]" classname="org.chronos.chronograph.test.structure.RemoveElementsTest" time="0.004"/>
  <testcase name="removedVertexIsNotReturnedByGdotV[Using inmemory]" classname="org.chronos.chronograph.test.structure.RemoveElementsTest" time="0.003"/>
  <testcase name="removingEdgePropertiesWorks[Using inmemory]" classname="org.chronos.chronograph.test.structure.RemoveElementsTest" time="0.004"/>
  <testcase name="removingVerticesFromMaximallyConnectedGraphInOneGoWorks[Using inmemory]" classname="org.chronos.chronograph.test.structure.RemoveElementsTest" time="0.005"/>
  <testcase name="removingSelfEdgeWorks[Using inmemory]" classname="org.chronos.chronograph.test.structure.RemoveElementsTest" time="0.004"/>
  <testcase name="removingVerticesFromSingleLinkedCyclicGraphWorks[Using inmemory]" classname="org.chronos.chronograph.test.structure.RemoveElementsTest" time="0.003"/>
  <testcase name="removingVerticesFromMaximallyConnectedGraphOneByOneWorks[Using inmemory]" classname="org.chronos.chronograph.test.structure.RemoveElementsTest" time="0.011"/>
  <testcase name="removingVertexPropertiesWorks[Using inmemory]" classname="org.chronos.chronograph.test.structure.RemoveElementsTest" time="0.003"/>
  <testcase name="removingVertexWithSelfEdgeWorks[Using inmemory]" classname="org.chronos.chronograph.test.structure.RemoveElementsTest" time="0.003"/>
  <testcase name="removedVerticesDoNotShowUpInIndexQueryResults[Using inmemory]" classname="org.chronos.chronograph.test.structure.RemoveElementsTest" time="0.005"/>
  <testcase name="removingVertexMetaPropertiesWorks[Using inmemory]" classname="org.chronos.chronograph.test.structure.RemoveElementsTest" time="0.002"/>
  <testcase name="removingAVertexAlsoRemovesAdjacentEdges[Using inmemory]" classname="org.chronos.chronograph.test.structure.RemoveElementsTest" time="0.005"/>
  <testcase name="removingAllVerticesAlsoRemovesAllEdges[Using jdbc]" classname="org.chronos.chronograph.test.structure.RemoveElementsTest" time="0.034"/>
  <testcase name="removingEdgesWorks[Using jdbc]" classname="org.chronos.chronograph.test.structure.RemoveElementsTest" time="0.028"/>
  <testcase name="removingVerticesWorks[Using jdbc]" classname="org.chronos.chronograph.test.structure.RemoveElementsTest" time="0.064"/>
  <testcase name="removingVerticesFromDoubleLinkedCyclicGraphWorks[Using jdbc]" classname="org.chronos.chronograph.test.structure.RemoveElementsTest" time="0.025"/>
  <testcase name="removedVertexIsNotReturnedByGdotV[Using jdbc]" classname="org.chronos.chronograph.test.structure.RemoveElementsTest" time="0.027"/>
  <testcase name="removingEdgePropertiesWorks[Using jdbc]" classname="org.chronos.chronograph.test.structure.RemoveElementsTest" time="0.026"/>
  <testcase name="removingVerticesFromMaximallyConnectedGraphInOneGoWorks[Using jdbc]" classname="org.chronos.chronograph.test.structure.RemoveElementsTest" time="0.029"/>
  <testcase name="removingSelfEdgeWorks[Using jdbc]" classname="org.chronos.chronograph.test.structure.RemoveElementsTest" time="0.03"/>
  <testcase name="removingVerticesFromSingleLinkedCyclicGraphWorks[Using jdbc]" classname="org.chronos.chronograph.test.structure.RemoveElementsTest" time="0.026"/>
  <testcase name="removingVerticesFromMaximallyConnectedGraphOneByOneWorks[Using jdbc]" classname="org.chronos.chronograph.test.structure.RemoveElementsTest" time="0.038"/>
  <testcase name="removingVertexPropertiesWorks[Using jdbc]" classname="org.chronos.chronograph.test.structure.RemoveElementsTest" time="0.024"/>
  <testcase name="removingVertexWithSelfEdgeWorks[Using jdbc]" classname="org.chronos.chronograph.test.structure.RemoveElementsTest" time="0.026"/>
  <testcase name="removedVerticesDoNotShowUpInIndexQueryResults[Using jdbc]" classname="org.chronos.chronograph.test.structure.RemoveElementsTest" time="0.03"/>
  <testcase name="removingVertexMetaPropertiesWorks[Using jdbc]" classname="org.chronos.chronograph.test.structure.RemoveElementsTest" time="0.026"/>
  <testcase name="removingAVertexAlsoRemovesAdjacentEdges[Using jdbc]" classname="org.chronos.chronograph.test.structure.RemoveElementsTest" time="0.027"/>
  <system-out><![CDATA[[INFO ] 2017-08-28 19:57:51 [    Test worker] [    o.c.c.test.ChronosUnitTest]:  Temp directory is provided at: C:\Users\Martin\AppData\Local\Temp\ChronoDBTest318862688473434810


================================================================================
 TEST START                                                                     
--------------------------------------------------------------------------------
    Test class:  RemoveElementsTest
    Test method: removingAllVerticesAlsoRemovesAllEdges[Using chunked]
    Start time:  2017/08/28 19:57:51
================================================================================



[WARN ] 2017-08-28 19:57:52 [    Test worker] [StandardChronoGraphTransaction]:  Query requires iterating over all edges. For better performance, use 'has(...)' clauses in your gremlin.


================================================================================
 TEST SUCCEEDED                                                                 
--------------------------------------------------------------------------------
    Test class:  RemoveElementsTest
    Test method: removingAllVerticesAlsoRemovesAllEdges[Using chunked]
    End time:    2017/08/28 19:57:52 (Duration: 453ms)
================================================================================





================================================================================
 TEST START                                                                     
--------------------------------------------------------------------------------
    Test class:  RemoveElementsTest
    Test method: removingEdgesWorks[Using chunked]
    Start time:  2017/08/28 19:57:52
================================================================================



[WARN ] 2017-08-28 19:57:52 [    Test worker] [.i.t.ChronoGraphQueryProcessor]:  Query requires iteration over all edges, because none of the given properties is indexed! For better performance use indices. Requested properties: [since]
[WARN ] 2017-08-28 19:57:52 [    Test worker] [.i.t.ChronoGraphQueryProcessor]:  Query requires iteration over all edges, because none of the given properties is indexed! For better performance use indices. Requested properties: [since]
[WARN ] 2017-08-28 19:57:52 [    Test worker] [.i.t.ChronoGraphQueryProcessor]:  Query requires iteration over all vertices, because none of the given properties is indexed! For better performance use indices. Requested properties: [name]
[WARN ] 2017-08-28 19:57:52 [    Test worker] [.i.t.ChronoGraphQueryProcessor]:  Query requires iteration over all vertices, because none of the given properties is indexed! For better performance use indices. Requested properties: [name]


================================================================================
 TEST SUCCEEDED                                                                 
--------------------------------------------------------------------------------
    Test class:  RemoveElementsTest
    Test method: removingEdgesWorks[Using chunked]
    End time:    2017/08/28 19:57:52 (Duration: 399ms)
================================================================================





================================================================================
 TEST START                                                                     
--------------------------------------------------------------------------------
    Test class:  RemoveElementsTest
    Test method: removingVerticesWorks[Using chunked]
    Start time:  2017/08/28 19:57:52
================================================================================



[WARN ] 2017-08-28 19:57:53 [    Test worker] [.i.t.ChronoGraphQueryProcessor]:  Query requires iteration over all vertices, because none of the given properties is indexed! For better performance use indices. Requested properties: [name]
[WARN ] 2017-08-28 19:57:53 [    Test worker] [.i.t.ChronoGraphQueryProcessor]:  Query requires iteration over all vertices, because none of the given properties is indexed! For better performance use indices. Requested properties: [kind]


================================================================================
 TEST SUCCEEDED                                                                 
--------------------------------------------------------------------------------
    Test class:  RemoveElementsTest
    Test method: removingVerticesWorks[Using chunked]
    End time:    2017/08/28 19:57:53 (Duration: 363ms)
================================================================================





================================================================================
 TEST START                                                                     
--------------------------------------------------------------------------------
    Test class:  RemoveElementsTest
    Test method: removingVerticesFromDoubleLinkedCyclicGraphWorks[Using chunked]
    Start time:  2017/08/28 19:57:53
================================================================================



[WARN ] 2017-08-28 19:57:53 [    Test worker] [StandardChronoGraphTransaction]:  Query requires iterating over all vertices. For better performance, use 'has(...)' clauses in your gremlin.
[WARN ] 2017-08-28 19:57:53 [    Test worker] [StandardChronoGraphTransaction]:  Query requires iterating over all edges. For better performance, use 'has(...)' clauses in your gremlin.
[WARN ] 2017-08-28 19:57:53 [    Test worker] [StandardChronoGraphTransaction]:  Query requires iterating over all vertices. For better performance, use 'has(...)' clauses in your gremlin.
[WARN ] 2017-08-28 19:57:53 [    Test worker] [StandardChronoGraphTransaction]:  Query requires iterating over all edges. For better performance, use 'has(...)' clauses in your gremlin.


================================================================================
 TEST SUCCEEDED                                                                 
--------------------------------------------------------------------------------
    Test class:  RemoveElementsTest
    Test method: removingVerticesFromDoubleLinkedCyclicGraphWorks[Using chunked]
    End time:    2017/08/28 19:57:53 (Duration: 500ms)
================================================================================





================================================================================
 TEST START                                                                     
--------------------------------------------------------------------------------
    Test class:  RemoveElementsTest
    Test method: removedVertexIsNotReturnedByGdotV[Using chunked]
    Start time:  2017/08/28 19:57:53
================================================================================





================================================================================
 TEST SUCCEEDED                                                                 
--------------------------------------------------------------------------------
    Test class:  RemoveElementsTest
    Test method: removedVertexIsNotReturnedByGdotV[Using chunked]
    End time:    2017/08/28 19:57:53 (Duration: 222ms)
================================================================================





================================================================================
 TEST START                                                                     
--------------------------------------------------------------------------------
    Test class:  RemoveElementsTest
    Test method: removingEdgePropertiesWorks[Using chunked]
    Start time:  2017/08/28 19:57:53
================================================================================



[WARN ] 2017-08-28 19:57:54 [    Test worker] [.i.t.ChronoGraphQueryProcessor]:  Query requires iteration over all edges, because none of the given properties is indexed! For better performance use indices. Requested properties: [since]
[WARN ] 2017-08-28 19:57:54 [    Test worker] [.i.t.ChronoGraphQueryProcessor]:  Query requires iteration over all vertices, because none of the given properties is indexed! For better performance use indices. Requested properties: [name]


================================================================================
 TEST SUCCEEDED                                                                 
--------------------------------------------------------------------------------
    Test class:  RemoveElementsTest
    Test method: removingEdgePropertiesWorks[Using chunked]
    End time:    2017/08/28 19:57:54 (Duration: 231ms)
================================================================================





================================================================================
 TEST START                                                                     
--------------------------------------------------------------------------------
    Test class:  RemoveElementsTest
    Test method: removingVerticesFromMaximallyConnectedGraphInOneGoWorks[Using chunked]
    Start time:  2017/08/28 19:57:54
================================================================================



[WARN ] 2017-08-28 19:57:54 [    Test worker] [StandardChronoGraphTransaction]:  Query requires iterating over all vertices. For better performance, use 'has(...)' clauses in your gremlin.
[WARN ] 2017-08-28 19:57:54 [    Test worker] [StandardChronoGraphTransaction]:  Query requires iterating over all vertices. For better performance, use 'has(...)' clauses in your gremlin.
[WARN ] 2017-08-28 19:57:54 [    Test worker] [StandardChronoGraphTransaction]:  Query requires iterating over all vertices. For better performance, use 'has(...)' clauses in your gremlin.
[WARN ] 2017-08-28 19:57:54 [    Test worker] [StandardChronoGraphTransaction]:  Query requires iterating over all vertices. For better performance, use 'has(...)' clauses in your gremlin.
[WARN ] 2017-08-28 19:57:54 [    Test worker] [StandardChronoGraphTransaction]:  Query requires iterating over all vertices. For better performance, use 'has(...)' clauses in your gremlin.
[WARN ] 2017-08-28 19:57:54 [    Test worker] [StandardChronoGraphTransaction]:  Query requires iterating over all vertices. For better performance, use 'has(...)' clauses in your gremlin.
[WARN ] 2017-08-28 19:57:54 [    Test worker] [StandardChronoGraphTransaction]:  Query requires iterating over all vertices. For better performance, use 'has(...)' clauses in your gremlin.
[WARN ] 2017-08-28 19:57:54 [    Test worker] [StandardChronoGraphTransaction]:  Query requires iterating over all edges. For better performance, use 'has(...)' clauses in your gremlin.
[WARN ] 2017-08-28 19:57:54 [    Test worker] [StandardChronoGraphTransaction]:  Query requires iterating over all vertices. For better performance, use 'has(...)' clauses in your gremlin.
[WARN ] 2017-08-28 19:57:54 [    Test worker] [StandardChronoGraphTransaction]:  Query requires iterating over all vertices. For better performance, use 'has(...)' clauses in your gremlin.
[WARN ] 2017-08-28 19:57:54 [    Test worker] [StandardChronoGraphTransaction]:  Query requires iterating over all vertices. For better performance, use 'has(...)' clauses in your gremlin.
[WARN ] 2017-08-28 19:57:54 [    Test worker] [StandardChronoGraphTransaction]:  Query requires iterating over all edges. For better performance, use 'has(...)' clauses in your gremlin.
[WARN ] 2017-08-28 19:57:54 [    Test worker] [StandardChronoGraphTransaction]:  Query requires iterating over all vertices. For better performance, use 'has(...)' clauses in your gremlin.
[WARN ] 2017-08-28 19:57:54 [    Test worker] [StandardChronoGraphTransaction]:  Query requires iterating over all edges. For better performance, use 'has(...)' clauses in your gremlin.


================================================================================
 TEST SUCCEEDED                                                                 
--------------------------------------------------------------------------------
    Test class:  RemoveElementsTest
    Test method: removingVerticesFromMaximallyConnectedGraphInOneGoWorks[Using chunked]
    End time:    2017/08/28 19:57:54 (Duration: 368ms)
================================================================================





================================================================================
 TEST START                                                                     
--------------------------------------------------------------------------------
    Test class:  RemoveElementsTest
    Test method: removingSelfEdgeWorks[Using chunked]
    Start time:  2017/08/28 19:57:54
================================================================================



[WARN ] 2017-08-28 19:57:54 [    Test worker] [StandardChronoGraphTransaction]:  Query requires iterating over all vertices. For better performance, use 'has(...)' clauses in your gremlin.
[WARN ] 2017-08-28 19:57:54 [    Test worker] [StandardChronoGraphTransaction]:  Query requires iterating over all edges. For better performance, use 'has(...)' clauses in your gremlin.
[WARN ] 2017-08-28 19:57:54 [    Test worker] [StandardChronoGraphTransaction]:  Query requires iterating over all vertices. For better performance, use 'has(...)' clauses in your gremlin.
[WARN ] 2017-08-28 19:57:54 [    Test worker] [StandardChronoGraphTransaction]:  Query requires iterating over all edges. For better performance, use 'has(...)' clauses in your gremlin.


================================================================================
 TEST SUCCEEDED                                                                 
--------------------------------------------------------------------------------
    Test class:  RemoveElementsTest
    Test method: removingSelfEdgeWorks[Using chunked]
    End time:    2017/08/28 19:57:54 (Duration: 394ms)
================================================================================





================================================================================
 TEST START                                                                     
--------------------------------------------------------------------------------
    Test class:  RemoveElementsTest
    Test method: removingVerticesFromSingleLinkedCyclicGraphWorks[Using chunked]
    Start time:  2017/08/28 19:57:54
================================================================================



[WARN ] 2017-08-28 19:57:55 [    Test worker] [StandardChronoGraphTransaction]:  Query requires iterating over all vertices. For better performance, use 'has(...)' clauses in your gremlin.
[WARN ] 2017-08-28 19:57:55 [    Test worker] [StandardChronoGraphTransaction]:  Query requires iterating over all edges. For better performance, use 'has(...)' clauses in your gremlin.
[WARN ] 2017-08-28 19:57:55 [    Test worker] [StandardChronoGraphTransaction]:  Query requires iterating over all vertices. For better performance, use 'has(...)' clauses in your gremlin.
[WARN ] 2017-08-28 19:57:55 [    Test worker] [StandardChronoGraphTransaction]:  Query requires iterating over all edges. For better performance, use 'has(...)' clauses in your gremlin.


================================================================================
 TEST SUCCEEDED                                                                 
--------------------------------------------------------------------------------
    Test class:  RemoveElementsTest
    Test method: removingVerticesFromSingleLinkedCyclicGraphWorks[Using chunked]
    End time:    2017/08/28 19:57:55 (Duration: 384ms)
================================================================================





================================================================================
 TEST START                                                                     
--------------------------------------------------------------------------------
    Test class:  RemoveElementsTest
    Test method: removingVerticesFromMaximallyConnectedGraphOneByOneWorks[Using chunked]
    Start time:  2017/08/28 19:57:55
================================================================================



[WARN ] 2017-08-28 19:57:55 [    Test worker] [StandardChronoGraphTransaction]:  Query requires iterating over all vertices. For better performance, use 'has(...)' clauses in your gremlin.
[WARN ] 2017-08-28 19:57:55 [    Test worker] [StandardChronoGraphTransaction]:  Query requires iterating over all vertices. For better performance, use 'has(...)' clauses in your gremlin.
[WARN ] 2017-08-28 19:57:55 [    Test worker] [StandardChronoGraphTransaction]:  Query requires iterating over all vertices. For better performance, use 'has(...)' clauses in your gremlin.
[WARN ] 2017-08-28 19:57:55 [    Test worker] [StandardChronoGraphTransaction]:  Query requires iterating over all vertices. For better performance, use 'has(...)' clauses in your gremlin.
[WARN ] 2017-08-28 19:57:55 [    Test worker] [StandardChronoGraphTransaction]:  Query requires iterating over all vertices. For better performance, use 'has(...)' clauses in your gremlin.
[WARN ] 2017-08-28 19:57:55 [    Test worker] [StandardChronoGraphTransaction]:  Query requires iterating over all vertices. For better performance, use 'has(...)' clauses in your gremlin.
[WARN ] 2017-08-28 19:57:55 [    Test worker] [StandardChronoGraphTransaction]:  Query requires iterating over all vertices. For better performance, use 'has(...)' clauses in your gremlin.
[WARN ] 2017-08-28 19:57:55 [    Test worker] [StandardChronoGraphTransaction]:  Query requires iterating over all edges. For better performance, use 'has(...)' clauses in your gremlin.
[WARN ] 2017-08-28 19:57:55 [    Test worker] [StandardChronoGraphTransaction]:  Query requires iterating over all vertices. For better performance, use 'has(...)' clauses in your gremlin.
[WARN ] 2017-08-28 19:57:55 [    Test worker] [StandardChronoGraphTransaction]:  Query requires iterating over all vertices. For better performance, use 'has(...)' clauses in your gremlin.
[WARN ] 2017-08-28 19:57:55 [    Test worker] [StandardChronoGraphTransaction]:  Query requires iterating over all vertices. For better performance, use 'has(...)' clauses in your gremlin.
[WARN ] 2017-08-28 19:57:55 [    Test worker] [StandardChronoGraphTransaction]:  Query requires iterating over all edges. For better performance, use 'has(...)' clauses in your gremlin.


================================================================================
 TEST SUCCEEDED                                                                 
--------------------------------------------------------------------------------
    Test class:  RemoveElementsTest
    Test method: removingVerticesFromMaximallyConnectedGraphOneByOneWorks[Using chunked]
    End time:    2017/08/28 19:57:55 (Duration: 499ms)
================================================================================





================================================================================
 TEST START                                                                     
--------------------------------------------------------------------------------
    Test class:  RemoveElementsTest
    Test method: removingVertexPropertiesWorks[Using chunked]
    Start time:  2017/08/28 19:57:55
================================================================================



[WARN ] 2017-08-28 19:57:56 [    Test worker] [.i.t.ChronoGraphQueryProcessor]:  Query requires iteration over all vertices, because none of the given properties is indexed! For better performance use indices. Requested properties: [name]
[WARN ] 2017-08-28 19:57:56 [    Test worker] [.i.t.ChronoGraphQueryProcessor]:  Query requires iteration over all vertices, because none of the given properties is indexed! For better performance use indices. Requested properties: [name]


================================================================================
 TEST SUCCEEDED                                                                 
--------------------------------------------------------------------------------
    Test class:  RemoveElementsTest
    Test method: removingVertexPropertiesWorks[Using chunked]
    End time:    2017/08/28 19:57:56 (Duration: 400ms)
================================================================================





================================================================================
 TEST START                                                                     
--------------------------------------------------------------------------------
    Test class:  RemoveElementsTest
    Test method: removingVertexWithSelfEdgeWorks[Using chunked]
    Start time:  2017/08/28 19:57:56
================================================================================



[WARN ] 2017-08-28 19:57:56 [    Test worker] [StandardChronoGraphTransaction]:  Query requires iterating over all vertices. For better performance, use 'has(...)' clauses in your gremlin.
[WARN ] 2017-08-28 19:57:56 [    Test worker] [StandardChronoGraphTransaction]:  Query requires iterating over all edges. For better performance, use 'has(...)' clauses in your gremlin.
[WARN ] 2017-08-28 19:57:56 [    Test worker] [StandardChronoGraphTransaction]:  Query requires iterating over all vertices. For better performance, use 'has(...)' clauses in your gremlin.
[WARN ] 2017-08-28 19:57:56 [    Test worker] [StandardChronoGraphTransaction]:  Query requires iterating over all edges. For better performance, use 'has(...)' clauses in your gremlin.


================================================================================
 TEST SUCCEEDED                                                                 
--------------------------------------------------------------------------------
    Test class:  RemoveElementsTest
    Test method: removingVertexWithSelfEdgeWorks[Using chunked]
    End time:    2017/08/28 19:57:56 (Duration: 353ms)
================================================================================





================================================================================
 TEST START                                                                     
--------------------------------------------------------------------------------
    Test class:  RemoveElementsTest
    Test method: removedVerticesDoNotShowUpInIndexQueryResults[Using chunked]
    Start time:  2017/08/28 19:57:56
================================================================================





================================================================================
 TEST SUCCEEDED                                                                 
--------------------------------------------------------------------------------
    Test class:  RemoveElementsTest
    Test method: removedVerticesDoNotShowUpInIndexQueryResults[Using chunked]
    End time:    2017/08/28 19:57:56 (Duration: 269ms)
================================================================================





================================================================================
 TEST START                                                                     
--------------------------------------------------------------------------------
    Test class:  RemoveElementsTest
    Test method: removingVertexMetaPropertiesWorks[Using chunked]
    Start time:  2017/08/28 19:57:56
================================================================================



[WARN ] 2017-08-28 19:57:56 [    Test worker] [.i.t.ChronoGraphQueryProcessor]:  Query requires iteration over all vertices, because none of the given properties is indexed! For better performance use indices. Requested properties: [name]
[WARN ] 2017-08-28 19:57:56 [    Test worker] [.i.t.ChronoGraphQueryProcessor]:  Query requires iteration over all vertices, because none of the given properties is indexed! For better performance use indices. Requested properties: [name]


================================================================================
 TEST SUCCEEDED                                                                 
--------------------------------------------------------------------------------
    Test class:  RemoveElementsTest
    Test method: removingVertexMetaPropertiesWorks[Using chunked]
    End time:    2017/08/28 19:57:57 (Duration: 263ms)
================================================================================





================================================================================
 TEST START                                                                     
--------------------------------------------------------------------------------
    Test class:  RemoveElementsTest
    Test method: removingAVertexAlsoRemovesAdjacentEdges[Using chunked]
    Start time:  2017/08/28 19:57:57
================================================================================



[WARN ] 2017-08-28 19:57:57 [    Test worker] [StandardChronoGraphTransaction]:  Query requires iterating over all edges. For better performance, use 'has(...)' clauses in your gremlin.
[WARN ] 2017-08-28 19:57:57 [    Test worker] [StandardChronoGraphTransaction]:  Query requires iterating over all edges. For better performance, use 'has(...)' clauses in your gremlin.


================================================================================
 TEST SUCCEEDED                                                                 
--------------------------------------------------------------------------------
    Test class:  RemoveElementsTest
    Test method: removingAVertexAlsoRemovesAdjacentEdges[Using chunked]
    End time:    2017/08/28 19:57:57 (Duration: 400ms)
================================================================================





================================================================================
 TEST START                                                                     
--------------------------------------------------------------------------------
    Test class:  RemoveElementsTest
    Test method: removingAllVerticesAlsoRemovesAllEdges[Using mapdb]
    Start time:  2017/08/28 19:57:57
================================================================================



[WARN ] 2017-08-28 19:57:58 [    Test worker] [StandardChronoGraphTransaction]:  Query requires iterating over all edges. For better performance, use 'has(...)' clauses in your gremlin.


================================================================================
 TEST SUCCEEDED                                                                 
--------------------------------------------------------------------------------
    Test class:  RemoveElementsTest
    Test method: removingAllVerticesAlsoRemovesAllEdges[Using mapdb]
    End time:    2017/08/28 19:57:58 (Duration: 754ms)
================================================================================





================================================================================
 TEST START                                                                     
--------------------------------------------------------------------------------
    Test class:  RemoveElementsTest
    Test method: removingEdgesWorks[Using mapdb]
    Start time:  2017/08/28 19:57:58
================================================================================



[WARN ] 2017-08-28 19:57:58 [    Test worker] [.i.t.ChronoGraphQueryProcessor]:  Query requires iteration over all edges, because none of the given properties is indexed! For better performance use indices. Requested properties: [since]
[WARN ] 2017-08-28 19:57:58 [    Test worker] [.i.t.ChronoGraphQueryProcessor]:  Query requires iteration over all edges, because none of the given properties is indexed! For better performance use indices. Requested properties: [since]
[WARN ] 2017-08-28 19:57:58 [    Test worker] [.i.t.ChronoGraphQueryProcessor]:  Query requires iteration over all vertices, because none of the given properties is indexed! For better performance use indices. Requested properties: [name]
[WARN ] 2017-08-28 19:57:58 [    Test worker] [.i.t.ChronoGraphQueryProcessor]:  Query requires iteration over all vertices, because none of the given properties is indexed! For better performance use indices. Requested properties: [name]


================================================================================
 TEST SUCCEEDED                                                                 
--------------------------------------------------------------------------------
    Test class:  RemoveElementsTest
    Test method: removingEdgesWorks[Using mapdb]
    End time:    2017/08/28 19:57:58 (Duration: 515ms)
================================================================================





================================================================================
 TEST START                                                                     
--------------------------------------------------------------------------------
    Test class:  RemoveElementsTest
    Test method: removingVerticesWorks[Using mapdb]
    Start time:  2017/08/28 19:57:58
================================================================================



[WARN ] 2017-08-28 19:57:59 [    Test worker] [.i.t.ChronoGraphQueryProcessor]:  Query requires iteration over all vertices, because none of the given properties is indexed! For better performance use indices. Requested properties: [name]
[WARN ] 2017-08-28 19:57:59 [    Test worker] [.i.t.ChronoGraphQueryProcessor]:  Query requires iteration over all vertices, because none of the given properties is indexed! For better performance use indices. Requested properties: [kind]


================================================================================
 TEST SUCCEEDED                                                                 
--------------------------------------------------------------------------------
    Test class:  RemoveElementsTest
    Test method: removingVerticesWorks[Using mapdb]
    End time:    2017/08/28 19:57:59 (Duration: 484ms)
================================================================================





================================================================================
 TEST START                                                                     
--------------------------------------------------------------------------------
    Test class:  RemoveElementsTest
    Test method: removingVerticesFromDoubleLinkedCyclicGraphWorks[Using mapdb]
    Start time:  2017/08/28 19:57:59
================================================================================



[WARN ] 2017-08-28 19:57:59 [    Test worker] [StandardChronoGraphTransaction]:  Query requires iterating over all vertices. For better performance, use 'has(...)' clauses in your gremlin.
[WARN ] 2017-08-28 19:57:59 [    Test worker] [StandardChronoGraphTransaction]:  Query requires iterating over all edges. For better performance, use 'has(...)' clauses in your gremlin.
[WARN ] 2017-08-28 19:57:59 [    Test worker] [StandardChronoGraphTransaction]:  Query requires iterating over all vertices. For better performance, use 'has(...)' clauses in your gremlin.
[WARN ] 2017-08-28 19:57:59 [    Test worker] [StandardChronoGraphTransaction]:  Query requires iterating over all edges. For better performance, use 'has(...)' clauses in your gremlin.


================================================================================
 TEST SUCCEEDED                                                                 
--------------------------------------------------------------------------------
    Test class:  RemoveElementsTest
    Test method: removingVerticesFromDoubleLinkedCyclicGraphWorks[Using mapdb]
    End time:    2017/08/28 19:57:59 (Duration: 417ms)
================================================================================





================================================================================
 TEST START                                                                     
--------------------------------------------------------------------------------
    Test class:  RemoveElementsTest
    Test method: removedVertexIsNotReturnedByGdotV[Using mapdb]
    Start time:  2017/08/28 19:57:59
================================================================================





================================================================================
 TEST SUCCEEDED                                                                 
--------------------------------------------------------------------------------
    Test class:  RemoveElementsTest
    Test method: removedVertexIsNotReturnedByGdotV[Using mapdb]
    End time:    2017/08/28 19:57:59 (Duration: 332ms)
================================================================================





================================================================================
 TEST START                                                                     
--------------------------------------------------------------------------------
    Test class:  RemoveElementsTest
    Test method: removingEdgePropertiesWorks[Using mapdb]
    Start time:  2017/08/28 19:57:59
================================================================================



[WARN ] 2017-08-28 19:58:00 [    Test worker] [.i.t.ChronoGraphQueryProcessor]:  Query requires iteration over all edges, because none of the given properties is indexed! For better performance use indices. Requested properties: [since]
[WARN ] 2017-08-28 19:58:00 [    Test worker] [.i.t.ChronoGraphQueryProcessor]:  Query requires iteration over all vertices, because none of the given properties is indexed! For better performance use indices. Requested properties: [name]


================================================================================
 TEST SUCCEEDED                                                                 
--------------------------------------------------------------------------------
    Test class:  RemoveElementsTest
    Test method: removingEdgePropertiesWorks[Using mapdb]
    End time:    2017/08/28 19:58:00 (Duration: 400ms)
================================================================================





================================================================================
 TEST START                                                                     
--------------------------------------------------------------------------------
    Test class:  RemoveElementsTest
    Test method: removingVerticesFromMaximallyConnectedGraphInOneGoWorks[Using mapdb]
    Start time:  2017/08/28 19:58:00
================================================================================



[WARN ] 2017-08-28 19:58:00 [    Test worker] [StandardChronoGraphTransaction]:  Query requires iterating over all vertices. For better performance, use 'has(...)' clauses in your gremlin.
[WARN ] 2017-08-28 19:58:00 [    Test worker] [StandardChronoGraphTransaction]:  Query requires iterating over all vertices. For better performance, use 'has(...)' clauses in your gremlin.
[WARN ] 2017-08-28 19:58:00 [    Test worker] [StandardChronoGraphTransaction]:  Query requires iterating over all vertices. For better performance, use 'has(...)' clauses in your gremlin.
[WARN ] 2017-08-28 19:58:00 [    Test worker] [StandardChronoGraphTransaction]:  Query requires iterating over all vertices. For better performance, use 'has(...)' clauses in your gremlin.
[WARN ] 2017-08-28 19:58:00 [    Test worker] [StandardChronoGraphTransaction]:  Query requires iterating over all vertices. For better performance, use 'has(...)' clauses in your gremlin.
[WARN ] 2017-08-28 19:58:00 [    Test worker] [StandardChronoGraphTransaction]:  Query requires iterating over all vertices. For better performance, use 'has(...)' clauses in your gremlin.
[WARN ] 2017-08-28 19:58:00 [    Test worker] [StandardChronoGraphTransaction]:  Query requires iterating over all vertices. For better performance, use 'has(...)' clauses in your gremlin.
[WARN ] 2017-08-28 19:58:00 [    Test worker] [StandardChronoGraphTransaction]:  Query requires iterating over all edges. For better performance, use 'has(...)' clauses in your gremlin.
[WARN ] 2017-08-28 19:58:00 [    Test worker] [StandardChronoGraphTransaction]:  Query requires iterating over all vertices. For better performance, use 'has(...)' clauses in your gremlin.
[WARN ] 2017-08-28 19:58:00 [    Test worker] [StandardChronoGraphTransaction]:  Query requires iterating over all vertices. For better performance, use 'has(...)' clauses in your gremlin.
[WARN ] 2017-08-28 19:58:00 [    Test worker] [StandardChronoGraphTransaction]:  Query requires iterating over all vertices. For better performance, use 'has(...)' clauses in your gremlin.
[WARN ] 2017-08-28 19:58:00 [    Test worker] [StandardChronoGraphTransaction]:  Query requires iterating over all edges. For better performance, use 'has(...)' clauses in your gremlin.
[WARN ] 2017-08-28 19:58:00 [    Test worker] [StandardChronoGraphTransaction]:  Query requires iterating over all vertices. For better performance, use 'has(...)' clauses in your gremlin.
[WARN ] 2017-08-28 19:58:00 [    Test worker] [StandardChronoGraphTransaction]:  Query requires iterating over all edges. For better performance, use 'has(...)' clauses in your gremlin.


================================================================================
 TEST SUCCEEDED                                                                 
--------------------------------------------------------------------------------
    Test class:  RemoveElementsTest
    Test method: removingVerticesFromMaximallyConnectedGraphInOneGoWorks[Using mapdb]
    End time:    2017/08/28 19:58:00 (Duration: 516ms)
================================================================================





================================================================================
 TEST START                                                                     
--------------------------------------------------------------------------------
    Test class:  RemoveElementsTest
    Test method: removingSelfEdgeWorks[Using mapdb]
    Start time:  2017/08/28 19:58:00
================================================================================



[WARN ] 2017-08-28 19:58:01 [    Test worker] [StandardChronoGraphTransaction]:  Query requires iterating over all vertices. For better performance, use 'has(...)' clauses in your gremlin.
[WARN ] 2017-08-28 19:58:01 [    Test worker] [StandardChronoGraphTransaction]:  Query requires iterating over all edges. For better performance, use 'has(...)' clauses in your gremlin.
[WARN ] 2017-08-28 19:58:01 [    Test worker] [StandardChronoGraphTransaction]:  Query requires iterating over all vertices. For better performance, use 'has(...)' clauses in your gremlin.
[WARN ] 2017-08-28 19:58:01 [    Test worker] [StandardChronoGraphTransaction]:  Query requires iterating over all edges. For better performance, use 'has(...)' clauses in your gremlin.


================================================================================
 TEST SUCCEEDED                                                                 
--------------------------------------------------------------------------------
    Test class:  RemoveElementsTest
    Test method: removingSelfEdgeWorks[Using mapdb]
    End time:    2017/08/28 19:58:01 (Duration: 553ms)
================================================================================





================================================================================
 TEST START                                                                     
--------------------------------------------------------------------------------
    Test class:  RemoveElementsTest
    Test method: removingVerticesFromSingleLinkedCyclicGraphWorks[Using mapdb]
    Start time:  2017/08/28 19:58:01
================================================================================



[WARN ] 2017-08-28 19:58:01 [    Test worker] [StandardChronoGraphTransaction]:  Query requires iterating over all vertices. For better performance, use 'has(...)' clauses in your gremlin.
[WARN ] 2017-08-28 19:58:01 [    Test worker] [StandardChronoGraphTransaction]:  Query requires iterating over all edges. For better performance, use 'has(...)' clauses in your gremlin.
[WARN ] 2017-08-28 19:58:01 [    Test worker] [StandardChronoGraphTransaction]:  Query requires iterating over all vertices. For better performance, use 'has(...)' clauses in your gremlin.
[WARN ] 2017-08-28 19:58:01 [    Test worker] [StandardChronoGraphTransaction]:  Query requires iterating over all edges. For better performance, use 'has(...)' clauses in your gremlin.


================================================================================
 TEST SUCCEEDED                                                                 
--------------------------------------------------------------------------------
    Test class:  RemoveElementsTest
    Test method: removingVerticesFromSingleLinkedCyclicGraphWorks[Using mapdb]
    End time:    2017/08/28 19:58:01 (Duration: 516ms)
================================================================================





================================================================================
 TEST START                                                                     
--------------------------------------------------------------------------------
    Test class:  RemoveElementsTest
    Test method: removingVerticesFromMaximallyConnectedGraphOneByOneWorks[Using mapdb]
    Start time:  2017/08/28 19:58:01
================================================================================



[WARN ] 2017-08-28 19:58:02 [    Test worker] [StandardChronoGraphTransaction]:  Query requires iterating over all vertices. For better performance, use 'has(...)' clauses in your gremlin.
[WARN ] 2017-08-28 19:58:02 [    Test worker] [StandardChronoGraphTransaction]:  Query requires iterating over all vertices. For better performance, use 'has(...)' clauses in your gremlin.
[WARN ] 2017-08-28 19:58:02 [    Test worker] [StandardChronoGraphTransaction]:  Query requires iterating over all vertices. For better performance, use 'has(...)' clauses in your gremlin.
[WARN ] 2017-08-28 19:58:02 [    Test worker] [StandardChronoGraphTransaction]:  Query requires iterating over all vertices. For better performance, use 'has(...)' clauses in your gremlin.
[WARN ] 2017-08-28 19:58:02 [    Test worker] [StandardChronoGraphTransaction]:  Query requires iterating over all vertices. For better performance, use 'has(...)' clauses in your gremlin.
[WARN ] 2017-08-28 19:58:02 [    Test worker] [StandardChronoGraphTransaction]:  Query requires iterating over all vertices. For better performance, use 'has(...)' clauses in your gremlin.
[WARN ] 2017-08-28 19:58:02 [    Test worker] [StandardChronoGraphTransaction]:  Query requires iterating over all vertices. For better performance, use 'has(...)' clauses in your gremlin.
[WARN ] 2017-08-28 19:58:02 [    Test worker] [StandardChronoGraphTransaction]:  Query requires iterating over all edges. For better performance, use 'has(...)' clauses in your gremlin.
[WARN ] 2017-08-28 19:58:02 [    Test worker] [StandardChronoGraphTransaction]:  Query requires iterating over all vertices. For better performance, use 'has(...)' clauses in your gremlin.
[WARN ] 2017-08-28 19:58:02 [    Test worker] [StandardChronoGraphTransaction]:  Query requires iterating over all vertices. For better performance, use 'has(...)' clauses in your gremlin.
[WARN ] 2017-08-28 19:58:02 [    Test worker] [StandardChronoGraphTransaction]:  Query requires iterating over all vertices. For better performance, use 'has(...)' clauses in your gremlin.
[WARN ] 2017-08-28 19:58:02 [    Test worker] [StandardChronoGraphTransaction]:  Query requires iterating over all edges. For better performance, use 'has(...)' clauses in your gremlin.


================================================================================
 TEST SUCCEEDED                                                                 
--------------------------------------------------------------------------------
    Test class:  RemoveElementsTest
    Test method: removingVerticesFromMaximallyConnectedGraphOneByOneWorks[Using mapdb]
    End time:    2017/08/28 19:58:02 (Duration: 902ms)
================================================================================





================================================================================
 TEST START                                                                     
--------------------------------------------------------------------------------
    Test class:  RemoveElementsTest
    Test method: removingVertexPropertiesWorks[Using mapdb]
    Start time:  2017/08/28 19:58:02
================================================================================



[WARN ] 2017-08-28 19:58:03 [    Test worker] [.i.t.ChronoGraphQueryProcessor]:  Query requires iteration over all vertices, because none of the given properties is indexed! For better performance use indices. Requested properties: [name]
[WARN ] 2017-08-28 19:58:03 [    Test worker] [.i.t.ChronoGraphQueryProcessor]:  Query requires iteration over all vertices, because none of the given properties is indexed! For better performance use indices. Requested properties: [name]


================================================================================
 TEST SUCCEEDED                                                                 
--------------------------------------------------------------------------------
    Test class:  RemoveElementsTest
    Test method: removingVertexPropertiesWorks[Using mapdb]
    End time:    2017/08/28 19:58:03 (Duration: 331ms)
================================================================================





================================================================================
 TEST START                                                                     
--------------------------------------------------------------------------------
    Test class:  RemoveElementsTest
    Test method: removingVertexWithSelfEdgeWorks[Using mapdb]
    Start time:  2017/08/28 19:58:03
================================================================================



[WARN ] 2017-08-28 19:58:03 [    Test worker] [StandardChronoGraphTransaction]:  Query requires iterating over all vertices. For better performance, use 'has(...)' clauses in your gremlin.
[WARN ] 2017-08-28 19:58:03 [    Test worker] [StandardChronoGraphTransaction]:  Query requires iterating over all edges. For better performance, use 'has(...)' clauses in your gremlin.
[WARN ] 2017-08-28 19:58:03 [    Test worker] [StandardChronoGraphTransaction]:  Query requires iterating over all vertices. For better performance, use 'has(...)' clauses in your gremlin.
[WARN ] 2017-08-28 19:58:03 [    Test worker] [StandardChronoGraphTransaction]:  Query requires iterating over all edges. For better performance, use 'has(...)' clauses in your gremlin.


================================================================================
 TEST SUCCEEDED                                                                 
--------------------------------------------------------------------------------
    Test class:  RemoveElementsTest
    Test method: removingVertexWithSelfEdgeWorks[Using mapdb]
    End time:    2017/08/28 19:58:03 (Duration: 354ms)
================================================================================





================================================================================
 TEST START                                                                     
--------------------------------------------------------------------------------
    Test class:  RemoveElementsTest
    Test method: removedVerticesDoNotShowUpInIndexQueryResults[Using mapdb]
    Start time:  2017/08/28 19:58:03
================================================================================





================================================================================
 TEST SUCCEEDED                                                                 
--------------------------------------------------------------------------------
    Test class:  RemoveElementsTest
    Test method: removedVerticesDoNotShowUpInIndexQueryResults[Using mapdb]
    End time:    2017/08/28 19:58:04 (Duration: 616ms)
================================================================================





================================================================================
 TEST START                                                                     
--------------------------------------------------------------------------------
    Test class:  RemoveElementsTest
    Test method: removingVertexMetaPropertiesWorks[Using mapdb]
    Start time:  2017/08/28 19:58:04
================================================================================



[WARN ] 2017-08-28 19:58:04 [    Test worker] [.i.t.ChronoGraphQueryProcessor]:  Query requires iteration over all vertices, because none of the given properties is indexed! For better performance use indices. Requested properties: [name]
[WARN ] 2017-08-28 19:58:04 [    Test worker] [.i.t.ChronoGraphQueryProcessor]:  Query requires iteration over all vertices, because none of the given properties is indexed! For better performance use indices. Requested properties: [name]


================================================================================
 TEST SUCCEEDED                                                                 
--------------------------------------------------------------------------------
    Test class:  RemoveElementsTest
    Test method: removingVertexMetaPropertiesWorks[Using mapdb]
    End time:    2017/08/28 19:58:04 (Duration: 454ms)
================================================================================





================================================================================
 TEST START                                                                     
--------------------------------------------------------------------------------
    Test class:  RemoveElementsTest
    Test method: removingAVertexAlsoRemovesAdjacentEdges[Using mapdb]
    Start time:  2017/08/28 19:58:04
================================================================================



[WARN ] 2017-08-28 19:58:04 [    Test worker] [StandardChronoGraphTransaction]:  Query requires iterating over all edges. For better performance, use 'has(...)' clauses in your gremlin.
[WARN ] 2017-08-28 19:58:05 [    Test worker] [StandardChronoGraphTransaction]:  Query requires iterating over all edges. For better performance, use 'has(...)' clauses in your gremlin.


================================================================================
 TEST SUCCEEDED                                                                 
--------------------------------------------------------------------------------
    Test class:  RemoveElementsTest
    Test method: removingAVertexAlsoRemovesAdjacentEdges[Using mapdb]
    End time:    2017/08/28 19:58:05 (Duration: 516ms)
================================================================================





================================================================================
 TEST START                                                                     
--------------------------------------------------------------------------------
    Test class:  RemoveElementsTest
    Test method: removingAllVerticesAlsoRemovesAllEdges[Using tupl]
    Start time:  2017/08/28 19:58:05
================================================================================



[WARN ] 2017-08-28 19:58:05 [    Test worker] [StandardChronoGraphTransaction]:  Query requires iterating over all edges. For better performance, use 'has(...)' clauses in your gremlin.


================================================================================
 TEST SUCCEEDED                                                                 
--------------------------------------------------------------------------------
    Test class:  RemoveElementsTest
    Test method: removingAllVerticesAlsoRemovesAllEdges[Using tupl]
    End time:    2017/08/28 19:58:05 (Duration: 262ms)
================================================================================





================================================================================
 TEST START                                                                     
--------------------------------------------------------------------------------
    Test class:  RemoveElementsTest
    Test method: removingEdgesWorks[Using tupl]
    Start time:  2017/08/28 19:58:05
================================================================================



[WARN ] 2017-08-28 19:58:05 [    Test worker] [.i.t.ChronoGraphQueryProcessor]:  Query requires iteration over all edges, because none of the given properties is indexed! For better performance use indices. Requested properties: [since]
[WARN ] 2017-08-28 19:58:05 [    Test worker] [.i.t.ChronoGraphQueryProcessor]:  Query requires iteration over all edges, because none of the given properties is indexed! For better performance use indices. Requested properties: [since]
[WARN ] 2017-08-28 19:58:05 [    Test worker] [.i.t.ChronoGraphQueryProcessor]:  Query requires iteration over all vertices, because none of the given properties is indexed! For better performance use indices. Requested properties: [name]
[WARN ] 2017-08-28 19:58:05 [    Test worker] [.i.t.ChronoGraphQueryProcessor]:  Query requires iteration over all vertices, because none of the given properties is indexed! For better performance use indices. Requested properties: [name]


================================================================================
 TEST SUCCEEDED                                                                 
--------------------------------------------------------------------------------
    Test class:  RemoveElementsTest
    Test method: removingEdgesWorks[Using tupl]
    End time:    2017/08/28 19:58:05 (Duration: 200ms)
================================================================================





================================================================================
 TEST START                                                                     
--------------------------------------------------------------------------------
    Test class:  RemoveElementsTest
    Test method: removingVerticesWorks[Using tupl]
    Start time:  2017/08/28 19:58:05
================================================================================



[WARN ] 2017-08-28 19:58:05 [    Test worker] [.i.t.ChronoGraphQueryProcessor]:  Query requires iteration over all vertices, because none of the given properties is indexed! For better performance use indices. Requested properties: [name]
[WARN ] 2017-08-28 19:58:05 [    Test worker] [.i.t.ChronoGraphQueryProcessor]:  Query requires iteration over all vertices, because none of the given properties is indexed! For better performance use indices. Requested properties: [kind]


================================================================================
 TEST SUCCEEDED                                                                 
--------------------------------------------------------------------------------
    Test class:  RemoveElementsTest
    Test method: removingVerticesWorks[Using tupl]
    End time:    2017/08/28 19:58:05 (Duration: 184ms)
================================================================================





================================================================================
 TEST START                                                                     
--------------------------------------------------------------------------------
    Test class:  RemoveElementsTest
    Test method: removingVerticesFromDoubleLinkedCyclicGraphWorks[Using tupl]
    Start time:  2017/08/28 19:58:05
================================================================================



[WARN ] 2017-08-28 19:58:05 [    Test worker] [StandardChronoGraphTransaction]:  Query requires iterating over all vertices. For better performance, use 'has(...)' clauses in your gremlin.
[WARN ] 2017-08-28 19:58:05 [    Test worker] [StandardChronoGraphTransaction]:  Query requires iterating over all edges. For better performance, use 'has(...)' clauses in your gremlin.
[WARN ] 2017-08-28 19:58:05 [    Test worker] [StandardChronoGraphTransaction]:  Query requires iterating over all vertices. For better performance, use 'has(...)' clauses in your gremlin.
[WARN ] 2017-08-28 19:58:05 [    Test worker] [StandardChronoGraphTransaction]:  Query requires iterating over all edges. For better performance, use 'has(...)' clauses in your gremlin.


================================================================================
 TEST SUCCEEDED                                                                 
--------------------------------------------------------------------------------
    Test class:  RemoveElementsTest
    Test method: removingVerticesFromDoubleLinkedCyclicGraphWorks[Using tupl]
    End time:    2017/08/28 19:58:05 (Duration: 238ms)
================================================================================





================================================================================
 TEST START                                                                     
--------------------------------------------------------------------------------
    Test class:  RemoveElementsTest
    Test method: removedVertexIsNotReturnedByGdotV[Using tupl]
    Start time:  2017/08/28 19:58:05
================================================================================





================================================================================
 TEST SUCCEEDED                                                                 
--------------------------------------------------------------------------------
    Test class:  RemoveElementsTest
    Test method: removedVertexIsNotReturnedByGdotV[Using tupl]
    End time:    2017/08/28 19:58:06 (Duration: 99ms)
================================================================================





================================================================================
 TEST START                                                                     
--------------------------------------------------------------------------------
    Test class:  RemoveElementsTest
    Test method: removingEdgePropertiesWorks[Using tupl]
    Start time:  2017/08/28 19:58:06
================================================================================



[WARN ] 2017-08-28 19:58:06 [    Test worker] [.i.t.ChronoGraphQueryProcessor]:  Query requires iteration over all edges, because none of the given properties is indexed! For better performance use indices. Requested properties: [since]
[WARN ] 2017-08-28 19:58:06 [    Test worker] [.i.t.ChronoGraphQueryProcessor]:  Query requires iteration over all vertices, because none of the given properties is indexed! For better performance use indices. Requested properties: [name]


================================================================================
 TEST SUCCEEDED                                                                 
--------------------------------------------------------------------------------
    Test class:  RemoveElementsTest
    Test method: removingEdgePropertiesWorks[Using tupl]
    End time:    2017/08/28 19:58:06 (Duration: 116ms)
================================================================================





================================================================================
 TEST START                                                                     
--------------------------------------------------------------------------------
    Test class:  RemoveElementsTest
    Test method: removingVerticesFromMaximallyConnectedGraphInOneGoWorks[Using tupl]
    Start time:  2017/08/28 19:58:06
================================================================================



[WARN ] 2017-08-28 19:58:06 [    Test worker] [StandardChronoGraphTransaction]:  Query requires iterating over all vertices. For better performance, use 'has(...)' clauses in your gremlin.
[WARN ] 2017-08-28 19:58:06 [    Test worker] [StandardChronoGraphTransaction]:  Query requires iterating over all vertices. For better performance, use 'has(...)' clauses in your gremlin.
[WARN ] 2017-08-28 19:58:06 [    Test worker] [StandardChronoGraphTransaction]:  Query requires iterating over all vertices. For better performance, use 'has(...)' clauses in your gremlin.
[WARN ] 2017-08-28 19:58:06 [    Test worker] [StandardChronoGraphTransaction]:  Query requires iterating over all vertices. For better performance, use 'has(...)' clauses in your gremlin.
[WARN ] 2017-08-28 19:58:06 [    Test worker] [StandardChronoGraphTransaction]:  Query requires iterating over all vertices. For better performance, use 'has(...)' clauses in your gremlin.
[WARN ] 2017-08-28 19:58:06 [    Test worker] [StandardChronoGraphTransaction]:  Query requires iterating over all vertices. For better performance, use 'has(...)' clauses in your gremlin.
[WARN ] 2017-08-28 19:58:06 [    Test worker] [StandardChronoGraphTransaction]:  Query requires iterating over all vertices. For better performance, use 'has(...)' clauses in your gremlin.
[WARN ] 2017-08-28 19:58:06 [    Test worker] [StandardChronoGraphTransaction]:  Query requires iterating over all edges. For better performance, use 'has(...)' clauses in your gremlin.
[WARN ] 2017-08-28 19:58:06 [    Test worker] [StandardChronoGraphTransaction]:  Query requires iterating over all vertices. For better performance, use 'has(...)' clauses in your gremlin.
[WARN ] 2017-08-28 19:58:06 [    Test worker] [StandardChronoGraphTransaction]:  Query requires iterating over all vertices. For better performance, use 'has(...)' clauses in your gremlin.
[WARN ] 2017-08-28 19:58:06 [    Test worker] [StandardChronoGraphTransaction]:  Query requires iterating over all vertices. For better performance, use 'has(...)' clauses in your gremlin.
[WARN ] 2017-08-28 19:58:06 [    Test worker] [StandardChronoGraphTransaction]:  Query requires iterating over all edges. For better performance, use 'has(...)' clauses in your gremlin.
[WARN ] 2017-08-28 19:58:06 [    Test worker] [StandardChronoGraphTransaction]:  Query requires iterating over all vertices. For better performance, use 'has(...)' clauses in your gremlin.
[WARN ] 2017-08-28 19:58:06 [    Test worker] [StandardChronoGraphTransaction]:  Query requires iterating over all edges. For better performance, use 'has(...)' clauses in your gremlin.


================================================================================
 TEST SUCCEEDED                                                                 
--------------------------------------------------------------------------------
    Test class:  RemoveElementsTest
    Test method: removingVerticesFromMaximallyConnectedGraphInOneGoWorks[Using tupl]
    End time:    2017/08/28 19:58:06 (Duration: 116ms)
================================================================================





================================================================================
 TEST START                                                                     
--------------------------------------------------------------------------------
    Test class:  RemoveElementsTest
    Test method: removingSelfEdgeWorks[Using tupl]
    Start time:  2017/08/28 19:58:06
================================================================================



[WARN ] 2017-08-28 19:58:06 [    Test worker] [StandardChronoGraphTransaction]:  Query requires iterating over all vertices. For better performance, use 'has(...)' clauses in your gremlin.
[WARN ] 2017-08-28 19:58:06 [    Test worker] [StandardChronoGraphTransaction]:  Query requires iterating over all edges. For better performance, use 'has(...)' clauses in your gremlin.
[WARN ] 2017-08-28 19:58:06 [    Test worker] [StandardChronoGraphTransaction]:  Query requires iterating over all vertices. For better performance, use 'has(...)' clauses in your gremlin.
[WARN ] 2017-08-28 19:58:06 [    Test worker] [StandardChronoGraphTransaction]:  Query requires iterating over all edges. For better performance, use 'has(...)' clauses in your gremlin.


================================================================================
 TEST SUCCEEDED                                                                 
--------------------------------------------------------------------------------
    Test class:  RemoveElementsTest
    Test method: removingSelfEdgeWorks[Using tupl]
    End time:    2017/08/28 19:58:06 (Duration: 100ms)
================================================================================





================================================================================
 TEST START                                                                     
--------------------------------------------------------------------------------
    Test class:  RemoveElementsTest
    Test method: removingVerticesFromSingleLinkedCyclicGraphWorks[Using tupl]
    Start time:  2017/08/28 19:58:06
================================================================================



[WARN ] 2017-08-28 19:58:06 [    Test worker] [StandardChronoGraphTransaction]:  Query requires iterating over all vertices. For better performance, use 'has(...)' clauses in your gremlin.
[WARN ] 2017-08-28 19:58:06 [    Test worker] [StandardChronoGraphTransaction]:  Query requires iterating over all edges. For better performance, use 'has(...)' clauses in your gremlin.
[WARN ] 2017-08-28 19:58:06 [    Test worker] [StandardChronoGraphTransaction]:  Query requires iterating over all vertices. For better performance, use 'has(...)' clauses in your gremlin.
[WARN ] 2017-08-28 19:58:06 [    Test worker] [StandardChronoGraphTransaction]:  Query requires iterating over all edges. For better performance, use 'has(...)' clauses in your gremlin.


================================================================================
 TEST SUCCEEDED                                                                 
--------------------------------------------------------------------------------
    Test class:  RemoveElementsTest
    Test method: removingVerticesFromSingleLinkedCyclicGraphWorks[Using tupl]
    End time:    2017/08/28 19:58:06 (Duration: 100ms)
================================================================================





================================================================================
 TEST START                                                                     
--------------------------------------------------------------------------------
    Test class:  RemoveElementsTest
    Test method: removingVerticesFromMaximallyConnectedGraphOneByOneWorks[Using tupl]
    Start time:  2017/08/28 19:58:06
================================================================================



[WARN ] 2017-08-28 19:58:06 [    Test worker] [StandardChronoGraphTransaction]:  Query requires iterating over all vertices. For better performance, use 'has(...)' clauses in your gremlin.
[WARN ] 2017-08-28 19:58:06 [    Test worker] [StandardChronoGraphTransaction]:  Query requires iterating over all vertices. For better performance, use 'has(...)' clauses in your gremlin.
[WARN ] 2017-08-28 19:58:06 [    Test worker] [StandardChronoGraphTransaction]:  Query requires iterating over all vertices. For better performance, use 'has(...)' clauses in your gremlin.
[WARN ] 2017-08-28 19:58:06 [    Test worker] [StandardChronoGraphTransaction]:  Query requires iterating over all vertices. For better performance, use 'has(...)' clauses in your gremlin.
[WARN ] 2017-08-28 19:58:06 [    Test worker] [StandardChronoGraphTransaction]:  Query requires iterating over all vertices. For better performance, use 'has(...)' clauses in your gremlin.
[WARN ] 2017-08-28 19:58:06 [    Test worker] [StandardChronoGraphTransaction]:  Query requires iterating over all vertices. For better performance, use 'has(...)' clauses in your gremlin.
[WARN ] 2017-08-28 19:58:06 [    Test worker] [StandardChronoGraphTransaction]:  Query requires iterating over all vertices. For better performance, use 'has(...)' clauses in your gremlin.
[WARN ] 2017-08-28 19:58:06 [    Test worker] [StandardChronoGraphTransaction]:  Query requires iterating over all edges. For better performance, use 'has(...)' clauses in your gremlin.
[WARN ] 2017-08-28 19:58:06 [    Test worker] [StandardChronoGraphTransaction]:  Query requires iterating over all vertices. For better performance, use 'has(...)' clauses in your gremlin.
[WARN ] 2017-08-28 19:58:06 [    Test worker] [StandardChronoGraphTransaction]:  Query requires iterating over all vertices. For better performance, use 'has(...)' clauses in your gremlin.
[WARN ] 2017-08-28 19:58:06 [    Test worker] [StandardChronoGraphTransaction]:  Query requires iterating over all vertices. For better performance, use 'has(...)' clauses in your gremlin.
[WARN ] 2017-08-28 19:58:06 [    Test worker] [StandardChronoGraphTransaction]:  Query requires iterating over all edges. For better performance, use 'has(...)' clauses in your gremlin.


================================================================================
 TEST SUCCEEDED                                                                 
--------------------------------------------------------------------------------
    Test class:  RemoveElementsTest
    Test method: removingVerticesFromMaximallyConnectedGraphOneByOneWorks[Using tupl]
    End time:    2017/08/28 19:58:06 (Duration: 168ms)
================================================================================





================================================================================
 TEST START                                                                     
--------------------------------------------------------------------------------
    Test class:  RemoveElementsTest
    Test method: removingVertexPropertiesWorks[Using tupl]
    Start time:  2017/08/28 19:58:06
================================================================================



[WARN ] 2017-08-28 19:58:06 [    Test worker] [.i.t.ChronoGraphQueryProcessor]:  Query requires iteration over all vertices, because none of the given properties is indexed! For better performance use indices. Requested properties: [name]
[WARN ] 2017-08-28 19:58:06 [    Test worker] [.i.t.ChronoGraphQueryProcessor]:  Query requires iteration over all vertices, because none of the given properties is indexed! For better performance use indices. Requested properties: [name]


================================================================================
 TEST SUCCEEDED                                                                 
--------------------------------------------------------------------------------
    Test class:  RemoveElementsTest
    Test method: removingVertexPropertiesWorks[Using tupl]
    End time:    2017/08/28 19:58:06 (Duration: 201ms)
================================================================================





================================================================================
 TEST START                                                                     
--------------------------------------------------------------------------------
    Test class:  RemoveElementsTest
    Test method: removingVertexWithSelfEdgeWorks[Using tupl]
    Start time:  2017/08/28 19:58:06
================================================================================



[WARN ] 2017-08-28 19:58:07 [    Test worker] [StandardChronoGraphTransaction]:  Query requires iterating over all vertices. For better performance, use 'has(...)' clauses in your gremlin.
[WARN ] 2017-08-28 19:58:07 [    Test worker] [StandardChronoGraphTransaction]:  Query requires iterating over all edges. For better performance, use 'has(...)' clauses in your gremlin.
[WARN ] 2017-08-28 19:58:07 [    Test worker] [StandardChronoGraphTransaction]:  Query requires iterating over all vertices. For better performance, use 'has(...)' clauses in your gremlin.
[WARN ] 2017-08-28 19:58:07 [    Test worker] [StandardChronoGraphTransaction]:  Query requires iterating over all edges. For better performance, use 'has(...)' clauses in your gremlin.


================================================================================
 TEST SUCCEEDED                                                                 
--------------------------------------------------------------------------------
    Test class:  RemoveElementsTest
    Test method: removingVertexWithSelfEdgeWorks[Using tupl]
    End time:    2017/08/28 19:58:07 (Duration: 200ms)
================================================================================





================================================================================
 TEST START                                                                     
--------------------------------------------------------------------------------
    Test class:  RemoveElementsTest
    Test method: removedVerticesDoNotShowUpInIndexQueryResults[Using tupl]
    Start time:  2017/08/28 19:58:07
================================================================================





================================================================================
 TEST SUCCEEDED                                                                 
--------------------------------------------------------------------------------
    Test class:  RemoveElementsTest
    Test method: removedVerticesDoNotShowUpInIndexQueryResults[Using tupl]
    End time:    2017/08/28 19:58:07 (Duration: 315ms)
================================================================================





================================================================================
 TEST START                                                                     
--------------------------------------------------------------------------------
    Test class:  RemoveElementsTest
    Test method: removingVertexMetaPropertiesWorks[Using tupl]
    Start time:  2017/08/28 19:58:07
================================================================================



[WARN ] 2017-08-28 19:58:07 [    Test worker] [.i.t.ChronoGraphQueryProcessor]:  Query requires iteration over all vertices, because none of the given properties is indexed! For better performance use indices. Requested properties: [name]
[WARN ] 2017-08-28 19:58:07 [    Test worker] [.i.t.ChronoGraphQueryProcessor]:  Query requires iteration over all vertices, because none of the given properties is indexed! For better performance use indices. Requested properties: [name]


================================================================================
 TEST SUCCEEDED                                                                 
--------------------------------------------------------------------------------
    Test class:  RemoveElementsTest
    Test method: removingVertexMetaPropertiesWorks[Using tupl]
    End time:    2017/08/28 19:58:07 (Duration: 185ms)
================================================================================





================================================================================
 TEST START                                                                     
--------------------------------------------------------------------------------
    Test class:  RemoveElementsTest
    Test method: removingAVertexAlsoRemovesAdjacentEdges[Using tupl]
    Start time:  2017/08/28 19:58:07
================================================================================



[WARN ] 2017-08-28 19:58:07 [    Test worker] [StandardChronoGraphTransaction]:  Query requires iterating over all edges. For better performance, use 'has(...)' clauses in your gremlin.
[WARN ] 2017-08-28 19:58:07 [    Test worker] [StandardChronoGraphTransaction]:  Query requires iterating over all edges. For better performance, use 'has(...)' clauses in your gremlin.


================================================================================
 TEST SUCCEEDED                                                                 
--------------------------------------------------------------------------------
    Test class:  RemoveElementsTest
    Test method: removingAVertexAlsoRemovesAdjacentEdges[Using tupl]
    End time:    2017/08/28 19:58:07 (Duration: 199ms)
================================================================================





================================================================================
 TEST START                                                                     
--------------------------------------------------------------------------------
    Test class:  RemoveElementsTest
    Test method: removingAllVerticesAlsoRemovesAllEdges[Using inmemory]
    Start time:  2017/08/28 19:58:07
================================================================================



[WARN ] 2017-08-28 19:58:07 [    Test worker] [StandardChronoGraphTransaction]:  Query requires iterating over all edges. For better performance, use 'has(...)' clauses in your gremlin.


================================================================================
 TEST SUCCEEDED                                                                 
--------------------------------------------------------------------------------
    Test class:  RemoveElementsTest
    Test method: removingAllVerticesAlsoRemovesAllEdges[Using inmemory]
    End time:    2017/08/28 19:58:07 (Duration: 15ms)
================================================================================





================================================================================
 TEST START                                                                     
--------------------------------------------------------------------------------
    Test class:  RemoveElementsTest
    Test method: removingEdgesWorks[Using inmemory]
    Start time:  2017/08/28 19:58:07
================================================================================



[WARN ] 2017-08-28 19:58:07 [    Test worker] [.i.t.ChronoGraphQueryProcessor]:  Query requires iteration over all edges, because none of the given properties is indexed! For better performance use indices. Requested properties: [since]
[WARN ] 2017-08-28 19:58:07 [    Test worker] [.i.t.ChronoGraphQueryProcessor]:  Query requires iteration over all edges, because none of the given properties is indexed! For better performance use indices. Requested properties: [since]
[WARN ] 2017-08-28 19:58:07 [    Test worker] [.i.t.ChronoGraphQueryProcessor]:  Query requires iteration over all vertices, because none of the given properties is indexed! For better performance use indices. Requested properties: [name]
[WARN ] 2017-08-28 19:58:07 [    Test worker] [.i.t.ChronoGraphQueryProcessor]:  Query requires iteration over all vertices, because none of the given properties is indexed! For better performance use indices. Requested properties: [name]


================================================================================
 TEST SUCCEEDED                                                                 
--------------------------------------------------------------------------------
    Test class:  RemoveElementsTest
    Test method: removingEdgesWorks[Using inmemory]
    End time:    2017/08/28 19:58:07 (Duration: 4ms)
================================================================================





================================================================================
 TEST START                                                                     
--------------------------------------------------------------------------------
    Test class:  RemoveElementsTest
    Test method: removingVerticesWorks[Using inmemory]
    Start time:  2017/08/28 19:58:07
================================================================================



[WARN ] 2017-08-28 19:58:07 [    Test worker] [.i.t.ChronoGraphQueryProcessor]:  Query requires iteration over all vertices, because none of the given properties is indexed! For better performance use indices. Requested properties: [name]
[WARN ] 2017-08-28 19:58:07 [    Test worker] [.i.t.ChronoGraphQueryProcessor]:  Query requires iteration over all vertices, because none of the given properties is indexed! For better performance use indices. Requested properties: [kind]


================================================================================
 TEST SUCCEEDED                                                                 
--------------------------------------------------------------------------------
    Test class:  RemoveElementsTest
    Test method: removingVerticesWorks[Using inmemory]
    End time:    2017/08/28 19:58:07 (Duration: 3ms)
================================================================================





================================================================================
 TEST START                                                                     
--------------------------------------------------------------------------------
    Test class:  RemoveElementsTest
    Test method: removingVerticesFromDoubleLinkedCyclicGraphWorks[Using inmemory]
    Start time:  2017/08/28 19:58:07
================================================================================



[WARN ] 2017-08-28 19:58:07 [    Test worker] [StandardChronoGraphTransaction]:  Query requires iterating over all vertices. For better performance, use 'has(...)' clauses in your gremlin.
[WARN ] 2017-08-28 19:58:07 [    Test worker] [StandardChronoGraphTransaction]:  Query requires iterating over all edges. For better performance, use 'has(...)' clauses in your gremlin.
[WARN ] 2017-08-28 19:58:07 [    Test worker] [StandardChronoGraphTransaction]:  Query requires iterating over all vertices. For better performance, use 'has(...)' clauses in your gremlin.
[WARN ] 2017-08-28 19:58:07 [    Test worker] [StandardChronoGraphTransaction]:  Query requires iterating over all edges. For better performance, use 'has(...)' clauses in your gremlin.


================================================================================
 TEST SUCCEEDED                                                                 
--------------------------------------------------------------------------------
    Test class:  RemoveElementsTest
    Test method: removingVerticesFromDoubleLinkedCyclicGraphWorks[Using inmemory]
    End time:    2017/08/28 19:58:07 (Duration: 4ms)
================================================================================





================================================================================
 TEST START                                                                     
--------------------------------------------------------------------------------
    Test class:  RemoveElementsTest
    Test method: removedVertexIsNotReturnedByGdotV[Using inmemory]
    Start time:  2017/08/28 19:58:07
================================================================================





================================================================================
 TEST SUCCEEDED                                                                 
--------------------------------------------------------------------------------
    Test class:  RemoveElementsTest
    Test method: removedVertexIsNotReturnedByGdotV[Using inmemory]
    End time:    2017/08/28 19:58:07 (Duration: 3ms)
================================================================================





================================================================================
 TEST START                                                                     
--------------------------------------------------------------------------------
    Test class:  RemoveElementsTest
    Test method: removingEdgePropertiesWorks[Using inmemory]
    Start time:  2017/08/28 19:58:07
================================================================================



[WARN ] 2017-08-28 19:58:07 [    Test worker] [.i.t.ChronoGraphQueryProcessor]:  Query requires iteration over all edges, because none of the given properties is indexed! For better performance use indices. Requested properties: [since]
[WARN ] 2017-08-28 19:58:07 [    Test worker] [.i.t.ChronoGraphQueryProcessor]:  Query requires iteration over all vertices, because none of the given properties is indexed! For better performance use indices. Requested properties: [name]


================================================================================
 TEST SUCCEEDED                                                                 
--------------------------------------------------------------------------------
    Test class:  RemoveElementsTest
    Test method: removingEdgePropertiesWorks[Using inmemory]
    End time:    2017/08/28 19:58:07 (Duration: 4ms)
================================================================================





================================================================================
 TEST START                                                                     
--------------------------------------------------------------------------------
    Test class:  RemoveElementsTest
    Test method: removingVerticesFromMaximallyConnectedGraphInOneGoWorks[Using inmemory]
    Start time:  2017/08/28 19:58:07
================================================================================



[WARN ] 2017-08-28 19:58:07 [    Test worker] [StandardChronoGraphTransaction]:  Query requires iterating over all vertices. For better performance, use 'has(...)' clauses in your gremlin.
[WARN ] 2017-08-28 19:58:07 [    Test worker] [StandardChronoGraphTransaction]:  Query requires iterating over all vertices. For better performance, use 'has(...)' clauses in your gremlin.
[WARN ] 2017-08-28 19:58:07 [    Test worker] [StandardChronoGraphTransaction]:  Query requires iterating over all vertices. For better performance, use 'has(...)' clauses in your gremlin.
[WARN ] 2017-08-28 19:58:07 [    Test worker] [StandardChronoGraphTransaction]:  Query requires iterating over all vertices. For better performance, use 'has(...)' clauses in your gremlin.
[WARN ] 2017-08-28 19:58:07 [    Test worker] [StandardChronoGraphTransaction]:  Query requires iterating over all vertices. For better performance, use 'has(...)' clauses in your gremlin.
[WARN ] 2017-08-28 19:58:07 [    Test worker] [StandardChronoGraphTransaction]:  Query requires iterating over all vertices. For better performance, use 'has(...)' clauses in your gremlin.
[WARN ] 2017-08-28 19:58:07 [    Test worker] [StandardChronoGraphTransaction]:  Query requires iterating over all vertices. For better performance, use 'has(...)' clauses in your gremlin.
[WARN ] 2017-08-28 19:58:07 [    Test worker] [StandardChronoGraphTransaction]:  Query requires iterating over all edges. For better performance, use 'has(...)' clauses in your gremlin.
[WARN ] 2017-08-28 19:58:07 [    Test worker] [StandardChronoGraphTransaction]:  Query requires iterating over all vertices. For better performance, use 'has(...)' clauses in your gremlin.
[WARN ] 2017-08-28 19:58:07 [    Test worker] [StandardChronoGraphTransaction]:  Query requires iterating over all vertices. For better performance, use 'has(...)' clauses in your gremlin.
[WARN ] 2017-08-28 19:58:07 [    Test worker] [StandardChronoGraphTransaction]:  Query requires iterating over all vertices. For better performance, use 'has(...)' clauses in your gremlin.
[WARN ] 2017-08-28 19:58:07 [    Test worker] [StandardChronoGraphTransaction]:  Query requires iterating over all edges. For better performance, use 'has(...)' clauses in your gremlin.
[WARN ] 2017-08-28 19:58:07 [    Test worker] [StandardChronoGraphTransaction]:  Query requires iterating over all vertices. For better performance, use 'has(...)' clauses in your gremlin.
[WARN ] 2017-08-28 19:58:07 [    Test worker] [StandardChronoGraphTransaction]:  Query requires iterating over all edges. For better performance, use 'has(...)' clauses in your gremlin.


================================================================================
 TEST SUCCEEDED                                                                 
--------------------------------------------------------------------------------
    Test class:  RemoveElementsTest
    Test method: removingVerticesFromMaximallyConnectedGraphInOneGoWorks[Using inmemory]
    End time:    2017/08/28 19:58:07 (Duration: 5ms)
================================================================================





================================================================================
 TEST START                                                                     
--------------------------------------------------------------------------------
    Test class:  RemoveElementsTest
    Test method: removingSelfEdgeWorks[Using inmemory]
    Start time:  2017/08/28 19:58:07
================================================================================



[WARN ] 2017-08-28 19:58:07 [    Test worker] [StandardChronoGraphTransaction]:  Query requires iterating over all vertices. For better performance, use 'has(...)' clauses in your gremlin.
[WARN ] 2017-08-28 19:58:07 [    Test worker] [StandardChronoGraphTransaction]:  Query requires iterating over all edges. For better performance, use 'has(...)' clauses in your gremlin.
[WARN ] 2017-08-28 19:58:07 [    Test worker] [StandardChronoGraphTransaction]:  Query requires iterating over all vertices. For better performance, use 'has(...)' clauses in your gremlin.
[WARN ] 2017-08-28 19:58:07 [    Test worker] [StandardChronoGraphTransaction]:  Query requires iterating over all edges. For better performance, use 'has(...)' clauses in your gremlin.


================================================================================
 TEST SUCCEEDED                                                                 
--------------------------------------------------------------------------------
    Test class:  RemoveElementsTest
    Test method: removingSelfEdgeWorks[Using inmemory]
    End time:    2017/08/28 19:58:07 (Duration: 4ms)
================================================================================





================================================================================
 TEST START                                                                     
--------------------------------------------------------------------------------
    Test class:  RemoveElementsTest
    Test method: removingVerticesFromSingleLinkedCyclicGraphWorks[Using inmemory]
    Start time:  2017/08/28 19:58:07
================================================================================



[WARN ] 2017-08-28 19:58:07 [    Test worker] [StandardChronoGraphTransaction]:  Query requires iterating over all vertices. For better performance, use 'has(...)' clauses in your gremlin.
[WARN ] 2017-08-28 19:58:07 [    Test worker] [StandardChronoGraphTransaction]:  Query requires iterating over all edges. For better performance, use 'has(...)' clauses in your gremlin.
[WARN ] 2017-08-28 19:58:07 [    Test worker] [StandardChronoGraphTransaction]:  Query requires iterating over all vertices. For better performance, use 'has(...)' clauses in your gremlin.
[WARN ] 2017-08-28 19:58:07 [    Test worker] [StandardChronoGraphTransaction]:  Query requires iterating over all edges. For better performance, use 'has(...)' clauses in your gremlin.


================================================================================
 TEST SUCCEEDED                                                                 
--------------------------------------------------------------------------------
    Test class:  RemoveElementsTest
    Test method: removingVerticesFromSingleLinkedCyclicGraphWorks[Using inmemory]
    End time:    2017/08/28 19:58:07 (Duration: 3ms)
================================================================================





================================================================================
 TEST START                                                                     
--------------------------------------------------------------------------------
    Test class:  RemoveElementsTest
    Test method: removingVerticesFromMaximallyConnectedGraphOneByOneWorks[Using inmemory]
    Start time:  2017/08/28 19:58:07
================================================================================



[WARN ] 2017-08-28 19:58:07 [    Test worker] [StandardChronoGraphTransaction]:  Query requires iterating over all vertices. For better performance, use 'has(...)' clauses in your gremlin.
[WARN ] 2017-08-28 19:58:07 [    Test worker] [StandardChronoGraphTransaction]:  Query requires iterating over all vertices. For better performance, use 'has(...)' clauses in your gremlin.
[WARN ] 2017-08-28 19:58:07 [    Test worker] [StandardChronoGraphTransaction]:  Query requires iterating over all vertices. For better performance, use 'has(...)' clauses in your gremlin.
[WARN ] 2017-08-28 19:58:07 [    Test worker] [StandardChronoGraphTransaction]:  Query requires iterating over all vertices. For better performance, use 'has(...)' clauses in your gremlin.
[WARN ] 2017-08-28 19:58:07 [    Test worker] [StandardChronoGraphTransaction]:  Query requires iterating over all vertices. For better performance, use 'has(...)' clauses in your gremlin.
[WARN ] 2017-08-28 19:58:07 [    Test worker] [StandardChronoGraphTransaction]:  Query requires iterating over all vertices. For better performance, use 'has(...)' clauses in your gremlin.
[WARN ] 2017-08-28 19:58:07 [    Test worker] [StandardChronoGraphTransaction]:  Query requires iterating over all vertices. For better performance, use 'has(...)' clauses in your gremlin.
[WARN ] 2017-08-28 19:58:07 [    Test worker] [StandardChronoGraphTransaction]:  Query requires iterating over all edges. For better performance, use 'has(...)' clauses in your gremlin.
[WARN ] 2017-08-28 19:58:07 [    Test worker] [StandardChronoGraphTransaction]:  Query requires iterating over all vertices. For better performance, use 'has(...)' clauses in your gremlin.
[WARN ] 2017-08-28 19:58:07 [    Test worker] [StandardChronoGraphTransaction]:  Query requires iterating over all vertices. For better performance, use 'has(...)' clauses in your gremlin.
[WARN ] 2017-08-28 19:58:07 [    Test worker] [StandardChronoGraphTransaction]:  Query requires iterating over all vertices. For better performance, use 'has(...)' clauses in your gremlin.
[WARN ] 2017-08-28 19:58:07 [    Test worker] [StandardChronoGraphTransaction]:  Query requires iterating over all edges. For better performance, use 'has(...)' clauses in your gremlin.


================================================================================
 TEST SUCCEEDED                                                                 
--------------------------------------------------------------------------------
    Test class:  RemoveElementsTest
    Test method: removingVerticesFromMaximallyConnectedGraphOneByOneWorks[Using inmemory]
    End time:    2017/08/28 19:58:07 (Duration: 11ms)
================================================================================





================================================================================
 TEST START                                                                     
--------------------------------------------------------------------------------
    Test class:  RemoveElementsTest
    Test method: removingVertexPropertiesWorks[Using inmemory]
    Start time:  2017/08/28 19:58:07
================================================================================



[WARN ] 2017-08-28 19:58:07 [    Test worker] [.i.t.ChronoGraphQueryProcessor]:  Query requires iteration over all vertices, because none of the given properties is indexed! For better performance use indices. Requested properties: [name]
[WARN ] 2017-08-28 19:58:07 [    Test worker] [.i.t.ChronoGraphQueryProcessor]:  Query requires iteration over all vertices, because none of the given properties is indexed! For better performance use indices. Requested properties: [name]


================================================================================
 TEST SUCCEEDED                                                                 
--------------------------------------------------------------------------------
    Test class:  RemoveElementsTest
    Test method: removingVertexPropertiesWorks[Using inmemory]
    End time:    2017/08/28 19:58:07 (Duration: 3ms)
================================================================================





================================================================================
 TEST START                                                                     
--------------------------------------------------------------------------------
    Test class:  RemoveElementsTest
    Test method: removingVertexWithSelfEdgeWorks[Using inmemory]
    Start time:  2017/08/28 19:58:07
================================================================================



[WARN ] 2017-08-28 19:58:07 [    Test worker] [StandardChronoGraphTransaction]:  Query requires iterating over all vertices. For better performance, use 'has(...)' clauses in your gremlin.
[WARN ] 2017-08-28 19:58:07 [    Test worker] [StandardChronoGraphTransaction]:  Query requires iterating over all edges. For better performance, use 'has(...)' clauses in your gremlin.
[WARN ] 2017-08-28 19:58:07 [    Test worker] [StandardChronoGraphTransaction]:  Query requires iterating over all vertices. For better performance, use 'has(...)' clauses in your gremlin.
[WARN ] 2017-08-28 19:58:07 [    Test worker] [StandardChronoGraphTransaction]:  Query requires iterating over all edges. For better performance, use 'has(...)' clauses in your gremlin.


================================================================================
 TEST SUCCEEDED                                                                 
--------------------------------------------------------------------------------
    Test class:  RemoveElementsTest
    Test method: removingVertexWithSelfEdgeWorks[Using inmemory]
    End time:    2017/08/28 19:58:07 (Duration: 3ms)
================================================================================





================================================================================
 TEST START                                                                     
--------------------------------------------------------------------------------
    Test class:  RemoveElementsTest
    Test method: removedVerticesDoNotShowUpInIndexQueryResults[Using inmemory]
    Start time:  2017/08/28 19:58:07
================================================================================





================================================================================
 TEST SUCCEEDED                                                                 
--------------------------------------------------------------------------------
    Test class:  RemoveElementsTest
    Test method: removedVerticesDoNotShowUpInIndexQueryResults[Using inmemory]
    End time:    2017/08/28 19:58:07 (Duration: 5ms)
================================================================================





================================================================================
 TEST START                                                                     
--------------------------------------------------------------------------------
    Test class:  RemoveElementsTest
    Test method: removingVertexMetaPropertiesWorks[Using inmemory]
    Start time:  2017/08/28 19:58:07
================================================================================



[WARN ] 2017-08-28 19:58:07 [    Test worker] [.i.t.ChronoGraphQueryProcessor]:  Query requires iteration over all vertices, because none of the given properties is indexed! For better performance use indices. Requested properties: [name]
[WARN ] 2017-08-28 19:58:07 [    Test worker] [.i.t.ChronoGraphQueryProcessor]:  Query requires iteration over all vertices, because none of the given properties is indexed! For better performance use indices. Requested properties: [name]


================================================================================
 TEST SUCCEEDED                                                                 
--------------------------------------------------------------------------------
    Test class:  RemoveElementsTest
    Test method: removingVertexMetaPropertiesWorks[Using inmemory]
    End time:    2017/08/28 19:58:07 (Duration: 2ms)
================================================================================





================================================================================
 TEST START                                                                     
--------------------------------------------------------------------------------
    Test class:  RemoveElementsTest
    Test method: removingAVertexAlsoRemovesAdjacentEdges[Using inmemory]
    Start time:  2017/08/28 19:58:07
================================================================================



[WARN ] 2017-08-28 19:58:07 [    Test worker] [StandardChronoGraphTransaction]:  Query requires iterating over all edges. For better performance, use 'has(...)' clauses in your gremlin.
[WARN ] 2017-08-28 19:58:07 [    Test worker] [StandardChronoGraphTransaction]:  Query requires iterating over all edges. For better performance, use 'has(...)' clauses in your gremlin.


================================================================================
 TEST SUCCEEDED                                                                 
--------------------------------------------------------------------------------
    Test class:  RemoveElementsTest
    Test method: removingAVertexAlsoRemovesAdjacentEdges[Using inmemory]
    End time:    2017/08/28 19:58:07 (Duration: 5ms)
================================================================================





================================================================================
 TEST START                                                                     
--------------------------------------------------------------------------------
    Test class:  RemoveElementsTest
    Test method: removingAllVerticesAlsoRemovesAllEdges[Using jdbc]
    Start time:  2017/08/28 19:58:07
================================================================================



[WARN ] 2017-08-28 19:58:07 [    Test worker] [StandardChronoGraphTransaction]:  Query requires iterating over all edges. For better performance, use 'has(...)' clauses in your gremlin.


================================================================================
 TEST SUCCEEDED                                                                 
--------------------------------------------------------------------------------
    Test class:  RemoveElementsTest
    Test method: removingAllVerticesAlsoRemovesAllEdges[Using jdbc]
    End time:    2017/08/28 19:58:07 (Duration: 34ms)
================================================================================





================================================================================
 TEST START                                                                     
--------------------------------------------------------------------------------
    Test class:  RemoveElementsTest
    Test method: removingEdgesWorks[Using jdbc]
    Start time:  2017/08/28 19:58:07
================================================================================



[WARN ] 2017-08-28 19:58:07 [    Test worker] [.i.t.ChronoGraphQueryProcessor]:  Query requires iteration over all edges, because none of the given properties is indexed! For better performance use indices. Requested properties: [since]
[WARN ] 2017-08-28 19:58:07 [    Test worker] [.i.t.ChronoGraphQueryProcessor]:  Query requires iteration over all edges, because none of the given properties is indexed! For better performance use indices. Requested properties: [since]
[WARN ] 2017-08-28 19:58:07 [    Test worker] [.i.t.ChronoGraphQueryProcessor]:  Query requires iteration over all vertices, because none of the given properties is indexed! For better performance use indices. Requested properties: [name]
[WARN ] 2017-08-28 19:58:07 [    Test worker] [.i.t.ChronoGraphQueryProcessor]:  Query requires iteration over all vertices, because none of the given properties is indexed! For better performance use indices. Requested properties: [name]


================================================================================
 TEST SUCCEEDED                                                                 
--------------------------------------------------------------------------------
    Test class:  RemoveElementsTest
    Test method: removingEdgesWorks[Using jdbc]
    End time:    2017/08/28 19:58:07 (Duration: 28ms)
================================================================================





================================================================================
 TEST START                                                                     
--------------------------------------------------------------------------------
    Test class:  RemoveElementsTest
    Test method: removingVerticesWorks[Using jdbc]
    Start time:  2017/08/28 19:58:07
================================================================================



[WARN ] 2017-08-28 19:58:07 [    Test worker] [.i.t.ChronoGraphQueryProcessor]:  Query requires iteration over all vertices, because none of the given properties is indexed! For better performance use indices. Requested properties: [name]
[WARN ] 2017-08-28 19:58:07 [    Test worker] [.i.t.ChronoGraphQueryProcessor]:  Query requires iteration over all vertices, because none of the given properties is indexed! For better performance use indices. Requested properties: [kind]


================================================================================
 TEST SUCCEEDED                                                                 
--------------------------------------------------------------------------------
    Test class:  RemoveElementsTest
    Test method: removingVerticesWorks[Using jdbc]
    End time:    2017/08/28 19:58:07 (Duration: 64ms)
================================================================================





================================================================================
 TEST START                                                                     
--------------------------------------------------------------------------------
    Test class:  RemoveElementsTest
    Test method: removingVerticesFromDoubleLinkedCyclicGraphWorks[Using jdbc]
    Start time:  2017/08/28 19:58:07
================================================================================



[WARN ] 2017-08-28 19:58:07 [    Test worker] [StandardChronoGraphTransaction]:  Query requires iterating over all vertices. For better performance, use 'has(...)' clauses in your gremlin.
[WARN ] 2017-08-28 19:58:07 [    Test worker] [StandardChronoGraphTransaction]:  Query requires iterating over all edges. For better performance, use 'has(...)' clauses in your gremlin.
[WARN ] 2017-08-28 19:58:07 [    Test worker] [StandardChronoGraphTransaction]:  Query requires iterating over all vertices. For better performance, use 'has(...)' clauses in your gremlin.
[WARN ] 2017-08-28 19:58:07 [    Test worker] [StandardChronoGraphTransaction]:  Query requires iterating over all edges. For better performance, use 'has(...)' clauses in your gremlin.


================================================================================
 TEST SUCCEEDED                                                                 
--------------------------------------------------------------------------------
    Test class:  RemoveElementsTest
    Test method: removingVerticesFromDoubleLinkedCyclicGraphWorks[Using jdbc]
    End time:    2017/08/28 19:58:07 (Duration: 25ms)
================================================================================





================================================================================
 TEST START                                                                     
--------------------------------------------------------------------------------
    Test class:  RemoveElementsTest
    Test method: removedVertexIsNotReturnedByGdotV[Using jdbc]
    Start time:  2017/08/28 19:58:07
================================================================================





================================================================================
 TEST SUCCEEDED                                                                 
--------------------------------------------------------------------------------
    Test class:  RemoveElementsTest
    Test method: removedVertexIsNotReturnedByGdotV[Using jdbc]
    End time:    2017/08/28 19:58:07 (Duration: 27ms)
================================================================================





================================================================================
 TEST START                                                                     
--------------------------------------------------------------------------------
    Test class:  RemoveElementsTest
    Test method: removingEdgePropertiesWorks[Using jdbc]
    Start time:  2017/08/28 19:58:07
================================================================================



[WARN ] 2017-08-28 19:58:08 [    Test worker] [.i.t.ChronoGraphQueryProcessor]:  Query requires iteration over all edges, because none of the given properties is indexed! For better performance use indices. Requested properties: [since]
[WARN ] 2017-08-28 19:58:08 [    Test worker] [.i.t.ChronoGraphQueryProcessor]:  Query requires iteration over all vertices, because none of the given properties is indexed! For better performance use indices. Requested properties: [name]


================================================================================
 TEST SUCCEEDED                                                                 
--------------------------------------------------------------------------------
    Test class:  RemoveElementsTest
    Test method: removingEdgePropertiesWorks[Using jdbc]
    End time:    2017/08/28 19:58:08 (Duration: 26ms)
================================================================================





================================================================================
 TEST START                                                                     
--------------------------------------------------------------------------------
    Test class:  RemoveElementsTest
    Test method: removingVerticesFromMaximallyConnectedGraphInOneGoWorks[Using jdbc]
    Start time:  2017/08/28 19:58:08
================================================================================



[WARN ] 2017-08-28 19:58:08 [    Test worker] [StandardChronoGraphTransaction]:  Query requires iterating over all vertices. For better performance, use 'has(...)' clauses in your gremlin.
[WARN ] 2017-08-28 19:58:08 [    Test worker] [StandardChronoGraphTransaction]:  Query requires iterating over all vertices. For better performance, use 'has(...)' clauses in your gremlin.
[WARN ] 2017-08-28 19:58:08 [    Test worker] [StandardChronoGraphTransaction]:  Query requires iterating over all vertices. For better performance, use 'has(...)' clauses in your gremlin.
[WARN ] 2017-08-28 19:58:08 [    Test worker] [StandardChronoGraphTransaction]:  Query requires iterating over all vertices. For better performance, use 'has(...)' clauses in your gremlin.
[WARN ] 2017-08-28 19:58:08 [    Test worker] [StandardChronoGraphTransaction]:  Query requires iterating over all vertices. For better performance, use 'has(...)' clauses in your gremlin.
[WARN ] 2017-08-28 19:58:08 [    Test worker] [StandardChronoGraphTransaction]:  Query requires iterating over all vertices. For better performance, use 'has(...)' clauses in your gremlin.
[WARN ] 2017-08-28 19:58:08 [    Test worker] [StandardChronoGraphTransaction]:  Query requires iterating over all vertices. For better performance, use 'has(...)' clauses in your gremlin.
[WARN ] 2017-08-28 19:58:08 [    Test worker] [StandardChronoGraphTransaction]:  Query requires iterating over all edges. For better performance, use 'has(...)' clauses in your gremlin.
[WARN ] 2017-08-28 19:58:08 [    Test worker] [StandardChronoGraphTransaction]:  Query requires iterating over all vertices. For better performance, use 'has(...)' clauses in your gremlin.
[WARN ] 2017-08-28 19:58:08 [    Test worker] [StandardChronoGraphTransaction]:  Query requires iterating over all vertices. For better performance, use 'has(...)' clauses in your gremlin.
[WARN ] 2017-08-28 19:58:08 [    Test worker] [StandardChronoGraphTransaction]:  Query requires iterating over all vertices. For better performance, use 'has(...)' clauses in your gremlin.
[WARN ] 2017-08-28 19:58:08 [    Test worker] [StandardChronoGraphTransaction]:  Query requires iterating over all edges. For better performance, use 'has(...)' clauses in your gremlin.
[WARN ] 2017-08-28 19:58:08 [    Test worker] [StandardChronoGraphTransaction]:  Query requires iterating over all vertices. For better performance, use 'has(...)' clauses in your gremlin.
[WARN ] 2017-08-28 19:58:08 [    Test worker] [StandardChronoGraphTransaction]:  Query requires iterating over all edges. For better performance, use 'has(...)' clauses in your gremlin.


================================================================================
 TEST SUCCEEDED                                                                 
--------------------------------------------------------------------------------
    Test class:  RemoveElementsTest
    Test method: removingVerticesFromMaximallyConnectedGraphInOneGoWorks[Using jdbc]
    End time:    2017/08/28 19:58:08 (Duration: 29ms)
================================================================================





================================================================================
 TEST START                                                                     
--------------------------------------------------------------------------------
    Test class:  RemoveElementsTest
    Test method: removingSelfEdgeWorks[Using jdbc]
    Start time:  2017/08/28 19:58:08
================================================================================



[WARN ] 2017-08-28 19:58:08 [    Test worker] [StandardChronoGraphTransaction]:  Query requires iterating over all vertices. For better performance, use 'has(...)' clauses in your gremlin.
[WARN ] 2017-08-28 19:58:08 [    Test worker] [StandardChronoGraphTransaction]:  Query requires iterating over all edges. For better performance, use 'has(...)' clauses in your gremlin.
[WARN ] 2017-08-28 19:58:08 [    Test worker] [StandardChronoGraphTransaction]:  Query requires iterating over all vertices. For better performance, use 'has(...)' clauses in your gremlin.
[WARN ] 2017-08-28 19:58:08 [    Test worker] [StandardChronoGraphTransaction]:  Query requires iterating over all edges. For better performance, use 'has(...)' clauses in your gremlin.


================================================================================
 TEST SUCCEEDED                                                                 
--------------------------------------------------------------------------------
    Test class:  RemoveElementsTest
    Test method: removingSelfEdgeWorks[Using jdbc]
    End time:    2017/08/28 19:58:08 (Duration: 30ms)
================================================================================





================================================================================
 TEST START                                                                     
--------------------------------------------------------------------------------
    Test class:  RemoveElementsTest
    Test method: removingVerticesFromSingleLinkedCyclicGraphWorks[Using jdbc]
    Start time:  2017/08/28 19:58:08
================================================================================



[WARN ] 2017-08-28 19:58:08 [    Test worker] [StandardChronoGraphTransaction]:  Query requires iterating over all vertices. For better performance, use 'has(...)' clauses in your gremlin.
[WARN ] 2017-08-28 19:58:08 [    Test worker] [StandardChronoGraphTransaction]:  Query requires iterating over all edges. For better performance, use 'has(...)' clauses in your gremlin.
[WARN ] 2017-08-28 19:58:08 [    Test worker] [StandardChronoGraphTransaction]:  Query requires iterating over all vertices. For better performance, use 'has(...)' clauses in your gremlin.
[WARN ] 2017-08-28 19:58:08 [    Test worker] [StandardChronoGraphTransaction]:  Query requires iterating over all edges. For better performance, use 'has(...)' clauses in your gremlin.


================================================================================
 TEST SUCCEEDED                                                                 
--------------------------------------------------------------------------------
    Test class:  RemoveElementsTest
    Test method: removingVerticesFromSingleLinkedCyclicGraphWorks[Using jdbc]
    End time:    2017/08/28 19:58:08 (Duration: 26ms)
================================================================================





================================================================================
 TEST START                                                                     
--------------------------------------------------------------------------------
    Test class:  RemoveElementsTest
    Test method: removingVerticesFromMaximallyConnectedGraphOneByOneWorks[Using jdbc]
    Start time:  2017/08/28 19:58:08
================================================================================



[WARN ] 2017-08-28 19:58:08 [    Test worker] [StandardChronoGraphTransaction]:  Query requires iterating over all vertices. For better performance, use 'has(...)' clauses in your gremlin.
[WARN ] 2017-08-28 19:58:08 [    Test worker] [StandardChronoGraphTransaction]:  Query requires iterating over all vertices. For better performance, use 'has(...)' clauses in your gremlin.
[WARN ] 2017-08-28 19:58:08 [    Test worker] [StandardChronoGraphTransaction]:  Query requires iterating over all vertices. For better performance, use 'has(...)' clauses in your gremlin.
[WARN ] 2017-08-28 19:58:08 [    Test worker] [StandardChronoGraphTransaction]:  Query requires iterating over all vertices. For better performance, use 'has(...)' clauses in your gremlin.
[WARN ] 2017-08-28 19:58:08 [    Test worker] [StandardChronoGraphTransaction]:  Query requires iterating over all vertices. For better performance, use 'has(...)' clauses in your gremlin.
[WARN ] 2017-08-28 19:58:08 [    Test worker] [StandardChronoGraphTransaction]:  Query requires iterating over all vertices. For better performance, use 'has(...)' clauses in your gremlin.
[WARN ] 2017-08-28 19:58:08 [    Test worker] [StandardChronoGraphTransaction]:  Query requires iterating over all vertices. For better performance, use 'has(...)' clauses in your gremlin.
[WARN ] 2017-08-28 19:58:08 [    Test worker] [StandardChronoGraphTransaction]:  Query requires iterating over all edges. For better performance, use 'has(...)' clauses in your gremlin.
[WARN ] 2017-08-28 19:58:08 [    Test worker] [StandardChronoGraphTransaction]:  Query requires iterating over all vertices. For better performance, use 'has(...)' clauses in your gremlin.
[WARN ] 2017-08-28 19:58:08 [    Test worker] [StandardChronoGraphTransaction]:  Query requires iterating over all vertices. For better performance, use 'has(...)' clauses in your gremlin.
[WARN ] 2017-08-28 19:58:08 [    Test worker] [StandardChronoGraphTransaction]:  Query requires iterating over all vertices. For better performance, use 'has(...)' clauses in your gremlin.
[WARN ] 2017-08-28 19:58:08 [    Test worker] [StandardChronoGraphTransaction]:  Query requires iterating over all edges. For better performance, use 'has(...)' clauses in your gremlin.


================================================================================
 TEST SUCCEEDED                                                                 
--------------------------------------------------------------------------------
    Test class:  RemoveElementsTest
    Test method: removingVerticesFromMaximallyConnectedGraphOneByOneWorks[Using jdbc]
    End time:    2017/08/28 19:58:08 (Duration: 38ms)
================================================================================





================================================================================
 TEST START                                                                     
--------------------------------------------------------------------------------
    Test class:  RemoveElementsTest
    Test method: removingVertexPropertiesWorks[Using jdbc]
    Start time:  2017/08/28 19:58:08
================================================================================



[WARN ] 2017-08-28 19:58:08 [    Test worker] [.i.t.ChronoGraphQueryProcessor]:  Query requires iteration over all vertices, because none of the given properties is indexed! For better performance use indices. Requested properties: [name]
[WARN ] 2017-08-28 19:58:08 [    Test worker] [.i.t.ChronoGraphQueryProcessor]:  Query requires iteration over all vertices, because none of the given properties is indexed! For better performance use indices. Requested properties: [name]


================================================================================
 TEST SUCCEEDED                                                                 
--------------------------------------------------------------------------------
    Test class:  RemoveElementsTest
    Test method: removingVertexPropertiesWorks[Using jdbc]
    End time:    2017/08/28 19:58:08 (Duration: 24ms)
================================================================================





================================================================================
 TEST START                                                                     
--------------------------------------------------------------------------------
    Test class:  RemoveElementsTest
    Test method: removingVertexWithSelfEdgeWorks[Using jdbc]
    Start time:  2017/08/28 19:58:08
================================================================================



[WARN ] 2017-08-28 19:58:08 [    Test worker] [StandardChronoGraphTransaction]:  Query requires iterating over all vertices. For better performance, use 'has(...)' clauses in your gremlin.
[WARN ] 2017-08-28 19:58:08 [    Test worker] [StandardChronoGraphTransaction]:  Query requires iterating over all edges. For better performance, use 'has(...)' clauses in your gremlin.
[WARN ] 2017-08-28 19:58:08 [    Test worker] [StandardChronoGraphTransaction]:  Query requires iterating over all vertices. For better performance, use 'has(...)' clauses in your gremlin.
[WARN ] 2017-08-28 19:58:08 [    Test worker] [StandardChronoGraphTransaction]:  Query requires iterating over all edges. For better performance, use 'has(...)' clauses in your gremlin.


================================================================================
 TEST SUCCEEDED                                                                 
--------------------------------------------------------------------------------
    Test class:  RemoveElementsTest
    Test method: removingVertexWithSelfEdgeWorks[Using jdbc]
    End time:    2017/08/28 19:58:08 (Duration: 26ms)
================================================================================





================================================================================
 TEST START                                                                     
--------------------------------------------------------------------------------
    Test class:  RemoveElementsTest
    Test method: removedVerticesDoNotShowUpInIndexQueryResults[Using jdbc]
    Start time:  2017/08/28 19:58:08
================================================================================





================================================================================
 TEST SUCCEEDED                                                                 
--------------------------------------------------------------------------------
    Test class:  RemoveElementsTest
    Test method: removedVerticesDoNotShowUpInIndexQueryResults[Using jdbc]
    End time:    2017/08/28 19:58:08 (Duration: 30ms)
================================================================================





================================================================================
 TEST START                                                                     
--------------------------------------------------------------------------------
    Test class:  RemoveElementsTest
    Test method: removingVertexMetaPropertiesWorks[Using jdbc]
    Start time:  2017/08/28 19:58:08
================================================================================



[WARN ] 2017-08-28 19:58:08 [    Test worker] [.i.t.ChronoGraphQueryProcessor]:  Query requires iteration over all vertices, because none of the given properties is indexed! For better performance use indices. Requested properties: [name]
[WARN ] 2017-08-28 19:58:08 [    Test worker] [.i.t.ChronoGraphQueryProcessor]:  Query requires iteration over all vertices, because none of the given properties is indexed! For better performance use indices. Requested properties: [name]


================================================================================
 TEST SUCCEEDED                                                                 
--------------------------------------------------------------------------------
    Test class:  RemoveElementsTest
    Test method: removingVertexMetaPropertiesWorks[Using jdbc]
    End time:    2017/08/28 19:58:08 (Duration: 26ms)
================================================================================





================================================================================
 TEST START                                                                     
--------------------------------------------------------------------------------
    Test class:  RemoveElementsTest
    Test method: removingAVertexAlsoRemovesAdjacentEdges[Using jdbc]
    Start time:  2017/08/28 19:58:08
================================================================================



[WARN ] 2017-08-28 19:58:08 [    Test worker] [StandardChronoGraphTransaction]:  Query requires iterating over all edges. For better performance, use 'has(...)' clauses in your gremlin.
[WARN ] 2017-08-28 19:58:08 [    Test worker] [StandardChronoGraphTransaction]:  Query requires iterating over all edges. For better performance, use 'has(...)' clauses in your gremlin.


================================================================================
 TEST SUCCEEDED                                                                 
--------------------------------------------------------------------------------
    Test class:  RemoveElementsTest
    Test method: removingAVertexAlsoRemovesAdjacentEdges[Using jdbc]
    End time:    2017/08/28 19:58:08 (Duration: 27ms)
================================================================================



[INFO ] 2017-08-28 19:58:08 [    Test worker] [    o.c.c.test.ChronosUnitTest]:  Attempting to delete temp directory provided at: C:\Users\Martin\AppData\Local\Temp\ChronoDBTest318862688473434810
[INFO ] 2017-08-28 19:58:08 [    Test worker] [    o.c.c.test.ChronosUnitTest]:  Successfully deleted temp directory
]]></system-out>
  <system-err><![CDATA[]]></system-err>
</testsuite>
