<?xml version="1.0" encoding="UTF-8"?>
<testsuite name="org.apache.tinkerpop.gremlin.structure.VariablesTest$VariableAsMapTest" tests="5" skipped="0" failures="0" errors="0" timestamp="2017-08-28T17:59:01" hostname="Aurora" time="0.003">
  <properties/>
  <testcase name="shouldHoldVariableInteger" classname="org.apache.tinkerpop.gremlin.structure.VariablesTest$VariableAsMapTest" time="0.001"/>
  <testcase name="shouldHoldVariableMixed" classname="org.apache.tinkerpop.gremlin.structure.VariablesTest$VariableAsMapTest" time="0.001"/>
  <testcase name="shouldHoldVariableLong" classname="org.apache.tinkerpop.gremlin.structure.VariablesTest$VariableAsMapTest" time="0.0"/>
  <testcase name="shouldHoldVariableNone" classname="org.apache.tinkerpop.gremlin.structure.VariablesTest$VariableAsMapTest" time="0.001"/>
  <testcase name="shouldHoldVariableString" classname="org.apache.tinkerpop.gremlin.structure.VariablesTest$VariableAsMapTest" time="0.0"/>
  <system-out><![CDATA[]]></system-out>
  <system-err><![CDATA[]]></system-err>
</testsuite>
