<?xml version="1.0" encoding="UTF-8"?>
<testsuite name="org.apache.tinkerpop.gremlin.structure.SerializationTest$GryoTest" tests="7" skipped="1" failures="0" errors="0" timestamp="2017-08-28T17:59:01" hostname="Aurora" time="0.053">
  <properties/>
  <testcase name="shouldSerializeVertexPropertyAsDetached" classname="org.apache.tinkerpop.gremlin.structure.SerializationTest$GryoTest" time="0.0"/>
  <testcase name="shouldSerializeTraversalMetrics" classname="org.apache.tinkerpop.gremlin.structure.SerializationTest$GryoTest" time="0.022"/>
  <testcase name="shouldSerializeEdgeAsDetached" classname="org.apache.tinkerpop.gremlin.structure.SerializationTest$GryoTest" time="0.015"/>
  <testcase name="shouldSerializePathAsDetached" classname="org.apache.tinkerpop.gremlin.structure.SerializationTest$GryoTest" time="0.0"/>
  <testcase name="shouldSerializeVertexAsDetached" classname="org.apache.tinkerpop.gremlin.structure.SerializationTest$GryoTest" time="0.0"/>
  <testcase name="shouldSerializePropertyAsDetached" classname="org.apache.tinkerpop.gremlin.structure.SerializationTest$GryoTest" time="0.016"/>
  <testcase name="shouldSerializeVertexPropertyWithPropertiesAsDetached" classname="org.apache.tinkerpop.gremlin.structure.SerializationTest$GryoTest" time="0.0">
    <skipped/>
  </testcase>
  <system-out><![CDATA[[WARN ] 2017-08-28 19:59:01 [    Test worker] [.i.t.ChronoGraphQueryProcessor]:  Query requires iteration over all vertices, because none of the given properties is indexed! For better performance use indices. Requested properties: [name]
[WARN ] 2017-08-28 19:59:01 [    Test worker] [StandardChronoGraphTransaction]:  Query requires iterating over all vertices. For better performance, use 'has(...)' clauses in your gremlin.
[WARN ] 2017-08-28 19:59:01 [    Test worker] [.i.t.ChronoGraphQueryProcessor]:  Query requires iteration over all vertices, because none of the given properties is indexed! For better performance use indices. Requested properties: [name]
[WARN ] 2017-08-28 19:59:01 [    Test worker] [.i.t.ChronoGraphQueryProcessor]:  Query requires iteration over all vertices, because none of the given properties is indexed! For better performance use indices. Requested properties: [name]
[WARN ] 2017-08-28 19:59:01 [    Test worker] [.i.t.ChronoGraphQueryProcessor]:  Query requires iteration over all vertices, because none of the given properties is indexed! For better performance use indices. Requested properties: [name]
[WARN ] 2017-08-28 19:59:01 [    Test worker] [.i.t.ChronoGraphQueryProcessor]:  Query requires iteration over all vertices, because none of the given properties is indexed! For better performance use indices. Requested properties: [name]
]]></system-out>
  <system-err><![CDATA[]]></system-err>
</testsuite>
