<?xml version="1.0" encoding="UTF-8"?>
<testsuite name="org.chronos.chronograph.test.index.StringIndexingTest" tests="60" skipped="0" failures="0" errors="0" timestamp="2017-08-28T17:56:37" hostname="Aurora" time="53.794">
  <properties/>
  <testcase name="t_EntityTest1[Using inmemory]" classname="org.chronos.chronograph.test.index.StringIndexingTest" time="0.005"/>
  <testcase name="queryingTransientStateWithIndexWorks[Using inmemory]" classname="org.chronos.chronograph.test.index.StringIndexingTest" time="0.002"/>
  <testcase name="massiveDeleteTest[Using inmemory]" classname="org.chronos.chronograph.test.index.StringIndexingTest" time="1.08"/>
  <testcase name="canDropIndex[Using inmemory]" classname="org.chronos.chronograph.test.index.StringIndexingTest" time="0.002"/>
  <testcase name="secondaryIndexingRemoveTestWithBranching[Using inmemory]" classname="org.chronos.chronograph.test.index.StringIndexingTest" time="0.009"/>
  <testcase name="renamingElementInIncrementalCommitWorks[Using inmemory]" classname="org.chronos.chronograph.test.index.StringIndexingTest" time="0.004"/>
  <testcase name="indexingOfMultiplicityManyValuesWorks[Using inmemory]" classname="org.chronos.chronograph.test.index.StringIndexingTest" time="0.002"/>
  <testcase name="renamingElementWorks[Using inmemory]" classname="org.chronos.chronograph.test.index.StringIndexingTest" time="0.003"/>
  <testcase name="trackingDownTheGhostVertexTest[Using inmemory]" classname="org.chronos.chronograph.test.index.StringIndexingTest" time="0.009"/>
  <testcase name="indexCreationWorks[Using inmemory]" classname="org.chronos.chronograph.test.index.StringIndexingTest" time="0.002"/>
  <testcase name="queryingTransientStateWithoutIndexWorks[Using inmemory]" classname="org.chronos.chronograph.test.index.StringIndexingTest" time="0.002"/>
  <testcase name="deleteTest[Using inmemory]" classname="org.chronos.chronograph.test.index.StringIndexingTest" time="0.007"/>
  <testcase name="t_EntityTest1[Using tupl]" classname="org.chronos.chronograph.test.index.StringIndexingTest" time="0.233"/>
  <testcase name="queryingTransientStateWithIndexWorks[Using tupl]" classname="org.chronos.chronograph.test.index.StringIndexingTest" time="0.231"/>
  <testcase name="massiveDeleteTest[Using tupl]" classname="org.chronos.chronograph.test.index.StringIndexingTest" time="7.589"/>
  <testcase name="canDropIndex[Using tupl]" classname="org.chronos.chronograph.test.index.StringIndexingTest" time="0.109"/>
  <testcase name="secondaryIndexingRemoveTestWithBranching[Using tupl]" classname="org.chronos.chronograph.test.index.StringIndexingTest" time="0.248"/>
  <testcase name="renamingElementInIncrementalCommitWorks[Using tupl]" classname="org.chronos.chronograph.test.index.StringIndexingTest" time="0.199"/>
  <testcase name="indexingOfMultiplicityManyValuesWorks[Using tupl]" classname="org.chronos.chronograph.test.index.StringIndexingTest" time="0.238"/>
  <testcase name="renamingElementWorks[Using tupl]" classname="org.chronos.chronograph.test.index.StringIndexingTest" time="0.296"/>
  <testcase name="trackingDownTheGhostVertexTest[Using tupl]" classname="org.chronos.chronograph.test.index.StringIndexingTest" time="0.467"/>
  <testcase name="indexCreationWorks[Using tupl]" classname="org.chronos.chronograph.test.index.StringIndexingTest" time="0.237"/>
  <testcase name="queryingTransientStateWithoutIndexWorks[Using tupl]" classname="org.chronos.chronograph.test.index.StringIndexingTest" time="0.163"/>
  <testcase name="deleteTest[Using tupl]" classname="org.chronos.chronograph.test.index.StringIndexingTest" time="0.315"/>
  <testcase name="t_EntityTest1[Using jdbc]" classname="org.chronos.chronograph.test.index.StringIndexingTest" time="0.044"/>
  <testcase name="queryingTransientStateWithIndexWorks[Using jdbc]" classname="org.chronos.chronograph.test.index.StringIndexingTest" time="0.031"/>
  <testcase name="massiveDeleteTest[Using jdbc]" classname="org.chronos.chronograph.test.index.StringIndexingTest" time="9.09"/>
  <testcase name="canDropIndex[Using jdbc]" classname="org.chronos.chronograph.test.index.StringIndexingTest" time="0.025"/>
  <testcase name="secondaryIndexingRemoveTestWithBranching[Using jdbc]" classname="org.chronos.chronograph.test.index.StringIndexingTest" time="0.031"/>
  <testcase name="renamingElementInIncrementalCommitWorks[Using jdbc]" classname="org.chronos.chronograph.test.index.StringIndexingTest" time="0.027"/>
  <testcase name="indexingOfMultiplicityManyValuesWorks[Using jdbc]" classname="org.chronos.chronograph.test.index.StringIndexingTest" time="0.026"/>
  <testcase name="renamingElementWorks[Using jdbc]" classname="org.chronos.chronograph.test.index.StringIndexingTest" time="0.026"/>
  <testcase name="trackingDownTheGhostVertexTest[Using jdbc]" classname="org.chronos.chronograph.test.index.StringIndexingTest" time="0.031"/>
  <testcase name="indexCreationWorks[Using jdbc]" classname="org.chronos.chronograph.test.index.StringIndexingTest" time="0.027"/>
  <testcase name="queryingTransientStateWithoutIndexWorks[Using jdbc]" classname="org.chronos.chronograph.test.index.StringIndexingTest" time="0.016"/>
  <testcase name="deleteTest[Using jdbc]" classname="org.chronos.chronograph.test.index.StringIndexingTest" time="0.035"/>
  <testcase name="t_EntityTest1[Using mapdb]" classname="org.chronos.chronograph.test.index.StringIndexingTest" time="0.93"/>
  <testcase name="queryingTransientStateWithIndexWorks[Using mapdb]" classname="org.chronos.chronograph.test.index.StringIndexingTest" time="0.568"/>
  <testcase name="massiveDeleteTest[Using mapdb]" classname="org.chronos.chronograph.test.index.StringIndexingTest" time="18.78"/>
  <testcase name="canDropIndex[Using mapdb]" classname="org.chronos.chronograph.test.index.StringIndexingTest" time="0.437"/>
  <testcase name="secondaryIndexingRemoveTestWithBranching[Using mapdb]" classname="org.chronos.chronograph.test.index.StringIndexingTest" time="1.202"/>
  <testcase name="renamingElementInIncrementalCommitWorks[Using mapdb]" classname="org.chronos.chronograph.test.index.StringIndexingTest" time="0.778"/>
  <testcase name="indexingOfMultiplicityManyValuesWorks[Using mapdb]" classname="org.chronos.chronograph.test.index.StringIndexingTest" time="0.6"/>
  <testcase name="renamingElementWorks[Using mapdb]" classname="org.chronos.chronograph.test.index.StringIndexingTest" time="0.515"/>
  <testcase name="trackingDownTheGhostVertexTest[Using mapdb]" classname="org.chronos.chronograph.test.index.StringIndexingTest" time="1.201"/>
  <testcase name="indexCreationWorks[Using mapdb]" classname="org.chronos.chronograph.test.index.StringIndexingTest" time="0.569"/>
  <testcase name="queryingTransientStateWithoutIndexWorks[Using mapdb]" classname="org.chronos.chronograph.test.index.StringIndexingTest" time="0.369"/>
  <testcase name="deleteTest[Using mapdb]" classname="org.chronos.chronograph.test.index.StringIndexingTest" time="0.747"/>
  <testcase name="t_EntityTest1[Using chunked]" classname="org.chronos.chronograph.test.index.StringIndexingTest" time="0.269"/>
  <testcase name="queryingTransientStateWithIndexWorks[Using chunked]" classname="org.chronos.chronograph.test.index.StringIndexingTest" time="0.4"/>
  <testcase name="massiveDeleteTest[Using chunked]" classname="org.chronos.chronograph.test.index.StringIndexingTest" time="1.776"/>
  <testcase name="canDropIndex[Using chunked]" classname="org.chronos.chronograph.test.index.StringIndexingTest" time="0.427"/>
  <testcase name="secondaryIndexingRemoveTestWithBranching[Using chunked]" classname="org.chronos.chronograph.test.index.StringIndexingTest" time="0.67"/>
  <testcase name="renamingElementInIncrementalCommitWorks[Using chunked]" classname="org.chronos.chronograph.test.index.StringIndexingTest" time="0.247"/>
  <testcase name="indexingOfMultiplicityManyValuesWorks[Using chunked]" classname="org.chronos.chronograph.test.index.StringIndexingTest" time="0.331"/>
  <testcase name="renamingElementWorks[Using chunked]" classname="org.chronos.chronograph.test.index.StringIndexingTest" time="0.422"/>
  <testcase name="trackingDownTheGhostVertexTest[Using chunked]" classname="org.chronos.chronograph.test.index.StringIndexingTest" time="0.699"/>
  <testcase name="indexCreationWorks[Using chunked]" classname="org.chronos.chronograph.test.index.StringIndexingTest" time="0.415"/>
  <testcase name="queryingTransientStateWithoutIndexWorks[Using chunked]" classname="org.chronos.chronograph.test.index.StringIndexingTest" time="0.284"/>
  <testcase name="deleteTest[Using chunked]" classname="org.chronos.chronograph.test.index.StringIndexingTest" time="0.278"/>
  <system-out><![CDATA[[INFO ] 2017-08-28 19:56:37 [    Test worker] [    o.c.c.test.ChronosUnitTest]:  Temp directory is provided at: C:\Users\Martin\AppData\Local\Temp\ChronoDBTest318862688473434810


================================================================================
 TEST START                                                                     
--------------------------------------------------------------------------------
    Test class:  StringIndexingTest
    Test method: t_EntityTest1[Using inmemory]
    Start time:  2017/08/28 19:56:37
================================================================================





================================================================================
 TEST SUCCEEDED                                                                 
--------------------------------------------------------------------------------
    Test class:  StringIndexingTest
    Test method: t_EntityTest1[Using inmemory]
    End time:    2017/08/28 19:56:37 (Duration: 5ms)
================================================================================





================================================================================
 TEST START                                                                     
--------------------------------------------------------------------------------
    Test class:  StringIndexingTest
    Test method: queryingTransientStateWithIndexWorks[Using inmemory]
    Start time:  2017/08/28 19:56:37
================================================================================





================================================================================
 TEST SUCCEEDED                                                                 
--------------------------------------------------------------------------------
    Test class:  StringIndexingTest
    Test method: queryingTransientStateWithIndexWorks[Using inmemory]
    End time:    2017/08/28 19:56:37 (Duration: 2ms)
================================================================================





================================================================================
 TEST START                                                                     
--------------------------------------------------------------------------------
    Test class:  StringIndexingTest
    Test method: massiveDeleteTest[Using inmemory]
    Start time:  2017/08/28 19:56:37
================================================================================





================================================================================
 TEST SUCCEEDED                                                                 
--------------------------------------------------------------------------------
    Test class:  StringIndexingTest
    Test method: massiveDeleteTest[Using inmemory]
    End time:    2017/08/28 19:56:38 (Duration: 1080ms)
================================================================================





================================================================================
 TEST START                                                                     
--------------------------------------------------------------------------------
    Test class:  StringIndexingTest
    Test method: canDropIndex[Using inmemory]
    Start time:  2017/08/28 19:56:38
================================================================================





================================================================================
 TEST SUCCEEDED                                                                 
--------------------------------------------------------------------------------
    Test class:  StringIndexingTest
    Test method: canDropIndex[Using inmemory]
    End time:    2017/08/28 19:56:38 (Duration: 2ms)
================================================================================





================================================================================
 TEST START                                                                     
--------------------------------------------------------------------------------
    Test class:  StringIndexingTest
    Test method: secondaryIndexingRemoveTestWithBranching[Using inmemory]
    Start time:  2017/08/28 19:56:38
================================================================================



[WARN ] 2017-08-28 19:56:38 [    Test worker] [StandardChronoGraphTransaction]:  Query requires iterating over all vertices. For better performance, use 'has(...)' clauses in your gremlin.
[WARN ] 2017-08-28 19:56:38 [    Test worker] [StandardChronoGraphTransaction]:  Query requires iterating over all vertices. For better performance, use 'has(...)' clauses in your gremlin.


================================================================================
 TEST SUCCEEDED                                                                 
--------------------------------------------------------------------------------
    Test class:  StringIndexingTest
    Test method: secondaryIndexingRemoveTestWithBranching[Using inmemory]
    End time:    2017/08/28 19:56:38 (Duration: 9ms)
================================================================================





================================================================================
 TEST START                                                                     
--------------------------------------------------------------------------------
    Test class:  StringIndexingTest
    Test method: renamingElementInIncrementalCommitWorks[Using inmemory]
    Start time:  2017/08/28 19:56:38
================================================================================





================================================================================
 TEST SUCCEEDED                                                                 
--------------------------------------------------------------------------------
    Test class:  StringIndexingTest
    Test method: renamingElementInIncrementalCommitWorks[Using inmemory]
    End time:    2017/08/28 19:56:38 (Duration: 4ms)
================================================================================





================================================================================
 TEST START                                                                     
--------------------------------------------------------------------------------
    Test class:  StringIndexingTest
    Test method: indexingOfMultiplicityManyValuesWorks[Using inmemory]
    Start time:  2017/08/28 19:56:38
================================================================================





================================================================================
 TEST SUCCEEDED                                                                 
--------------------------------------------------------------------------------
    Test class:  StringIndexingTest
    Test method: indexingOfMultiplicityManyValuesWorks[Using inmemory]
    End time:    2017/08/28 19:56:38 (Duration: 2ms)
================================================================================





================================================================================
 TEST START                                                                     
--------------------------------------------------------------------------------
    Test class:  StringIndexingTest
    Test method: renamingElementWorks[Using inmemory]
    Start time:  2017/08/28 19:56:38
================================================================================





================================================================================
 TEST SUCCEEDED                                                                 
--------------------------------------------------------------------------------
    Test class:  StringIndexingTest
    Test method: renamingElementWorks[Using inmemory]
    End time:    2017/08/28 19:56:38 (Duration: 3ms)
================================================================================





================================================================================
 TEST START                                                                     
--------------------------------------------------------------------------------
    Test class:  StringIndexingTest
    Test method: trackingDownTheGhostVertexTest[Using inmemory]
    Start time:  2017/08/28 19:56:38
================================================================================



[WARN ] 2017-08-28 19:56:38 [    Test worker] [StandardChronoGraphTransaction]:  Query requires iterating over all vertices. For better performance, use 'has(...)' clauses in your gremlin.
[WARN ] 2017-08-28 19:56:38 [    Test worker] [StandardChronoGraphTransaction]:  Query requires iterating over all vertices. For better performance, use 'has(...)' clauses in your gremlin.


================================================================================
 TEST SUCCEEDED                                                                 
--------------------------------------------------------------------------------
    Test class:  StringIndexingTest
    Test method: trackingDownTheGhostVertexTest[Using inmemory]
    End time:    2017/08/28 19:56:38 (Duration: 9ms)
================================================================================





================================================================================
 TEST START                                                                     
--------------------------------------------------------------------------------
    Test class:  StringIndexingTest
    Test method: indexCreationWorks[Using inmemory]
    Start time:  2017/08/28 19:56:38
================================================================================





================================================================================
 TEST SUCCEEDED                                                                 
--------------------------------------------------------------------------------
    Test class:  StringIndexingTest
    Test method: indexCreationWorks[Using inmemory]
    End time:    2017/08/28 19:56:38 (Duration: 2ms)
================================================================================





================================================================================
 TEST START                                                                     
--------------------------------------------------------------------------------
    Test class:  StringIndexingTest
    Test method: queryingTransientStateWithoutIndexWorks[Using inmemory]
    Start time:  2017/08/28 19:56:38
================================================================================



[WARN ] 2017-08-28 19:56:38 [    Test worker] [.i.t.ChronoGraphQueryProcessor]:  Query requires iteration over all vertices, because none of the given properties is indexed! For better performance use indices. Requested properties: [color]
[WARN ] 2017-08-28 19:56:38 [    Test worker] [.i.t.ChronoGraphQueryProcessor]:  Query requires iteration over all vertices, because none of the given properties is indexed! For better performance use indices. Requested properties: [color]


================================================================================
 TEST SUCCEEDED                                                                 
--------------------------------------------------------------------------------
    Test class:  StringIndexingTest
    Test method: queryingTransientStateWithoutIndexWorks[Using inmemory]
    End time:    2017/08/28 19:56:38 (Duration: 2ms)
================================================================================





================================================================================
 TEST START                                                                     
--------------------------------------------------------------------------------
    Test class:  StringIndexingTest
    Test method: deleteTest[Using inmemory]
    Start time:  2017/08/28 19:56:38
================================================================================





================================================================================
 TEST SUCCEEDED                                                                 
--------------------------------------------------------------------------------
    Test class:  StringIndexingTest
    Test method: deleteTest[Using inmemory]
    End time:    2017/08/28 19:56:38 (Duration: 7ms)
================================================================================





================================================================================
 TEST START                                                                     
--------------------------------------------------------------------------------
    Test class:  StringIndexingTest
    Test method: t_EntityTest1[Using tupl]
    Start time:  2017/08/28 19:56:38
================================================================================





================================================================================
 TEST SUCCEEDED                                                                 
--------------------------------------------------------------------------------
    Test class:  StringIndexingTest
    Test method: t_EntityTest1[Using tupl]
    End time:    2017/08/28 19:56:38 (Duration: 233ms)
================================================================================





================================================================================
 TEST START                                                                     
--------------------------------------------------------------------------------
    Test class:  StringIndexingTest
    Test method: queryingTransientStateWithIndexWorks[Using tupl]
    Start time:  2017/08/28 19:56:38
================================================================================





================================================================================
 TEST SUCCEEDED                                                                 
--------------------------------------------------------------------------------
    Test class:  StringIndexingTest
    Test method: queryingTransientStateWithIndexWorks[Using tupl]
    End time:    2017/08/28 19:56:38 (Duration: 231ms)
================================================================================





================================================================================
 TEST START                                                                     
--------------------------------------------------------------------------------
    Test class:  StringIndexingTest
    Test method: massiveDeleteTest[Using tupl]
    Start time:  2017/08/28 19:56:38
================================================================================





================================================================================
 TEST SUCCEEDED                                                                 
--------------------------------------------------------------------------------
    Test class:  StringIndexingTest
    Test method: massiveDeleteTest[Using tupl]
    End time:    2017/08/28 19:56:46 (Duration: 7589ms)
================================================================================





================================================================================
 TEST START                                                                     
--------------------------------------------------------------------------------
    Test class:  StringIndexingTest
    Test method: canDropIndex[Using tupl]
    Start time:  2017/08/28 19:56:46
================================================================================





================================================================================
 TEST SUCCEEDED                                                                 
--------------------------------------------------------------------------------
    Test class:  StringIndexingTest
    Test method: canDropIndex[Using tupl]
    End time:    2017/08/28 19:56:46 (Duration: 109ms)
================================================================================





================================================================================
 TEST START                                                                     
--------------------------------------------------------------------------------
    Test class:  StringIndexingTest
    Test method: secondaryIndexingRemoveTestWithBranching[Using tupl]
    Start time:  2017/08/28 19:56:46
================================================================================



[WARN ] 2017-08-28 19:56:46 [    Test worker] [StandardChronoGraphTransaction]:  Query requires iterating over all vertices. For better performance, use 'has(...)' clauses in your gremlin.
[WARN ] 2017-08-28 19:56:46 [    Test worker] [StandardChronoGraphTransaction]:  Query requires iterating over all vertices. For better performance, use 'has(...)' clauses in your gremlin.


================================================================================
 TEST SUCCEEDED                                                                 
--------------------------------------------------------------------------------
    Test class:  StringIndexingTest
    Test method: secondaryIndexingRemoveTestWithBranching[Using tupl]
    End time:    2017/08/28 19:56:46 (Duration: 248ms)
================================================================================





================================================================================
 TEST START                                                                     
--------------------------------------------------------------------------------
    Test class:  StringIndexingTest
    Test method: renamingElementInIncrementalCommitWorks[Using tupl]
    Start time:  2017/08/28 19:56:46
================================================================================





================================================================================
 TEST SUCCEEDED                                                                 
--------------------------------------------------------------------------------
    Test class:  StringIndexingTest
    Test method: renamingElementInIncrementalCommitWorks[Using tupl]
    End time:    2017/08/28 19:56:46 (Duration: 199ms)
================================================================================





================================================================================
 TEST START                                                                     
--------------------------------------------------------------------------------
    Test class:  StringIndexingTest
    Test method: indexingOfMultiplicityManyValuesWorks[Using tupl]
    Start time:  2017/08/28 19:56:46
================================================================================





================================================================================
 TEST SUCCEEDED                                                                 
--------------------------------------------------------------------------------
    Test class:  StringIndexingTest
    Test method: indexingOfMultiplicityManyValuesWorks[Using tupl]
    End time:    2017/08/28 19:56:47 (Duration: 238ms)
================================================================================





================================================================================
 TEST START                                                                     
--------------------------------------------------------------------------------
    Test class:  StringIndexingTest
    Test method: renamingElementWorks[Using tupl]
    Start time:  2017/08/28 19:56:47
================================================================================





================================================================================
 TEST SUCCEEDED                                                                 
--------------------------------------------------------------------------------
    Test class:  StringIndexingTest
    Test method: renamingElementWorks[Using tupl]
    End time:    2017/08/28 19:56:47 (Duration: 296ms)
================================================================================





================================================================================
 TEST START                                                                     
--------------------------------------------------------------------------------
    Test class:  StringIndexingTest
    Test method: trackingDownTheGhostVertexTest[Using tupl]
    Start time:  2017/08/28 19:56:47
================================================================================



[WARN ] 2017-08-28 19:56:47 [    Test worker] [StandardChronoGraphTransaction]:  Query requires iterating over all vertices. For better performance, use 'has(...)' clauses in your gremlin.
[WARN ] 2017-08-28 19:56:47 [    Test worker] [StandardChronoGraphTransaction]:  Query requires iterating over all vertices. For better performance, use 'has(...)' clauses in your gremlin.


================================================================================
 TEST SUCCEEDED                                                                 
--------------------------------------------------------------------------------
    Test class:  StringIndexingTest
    Test method: trackingDownTheGhostVertexTest[Using tupl]
    End time:    2017/08/28 19:56:47 (Duration: 467ms)
================================================================================





================================================================================
 TEST START                                                                     
--------------------------------------------------------------------------------
    Test class:  StringIndexingTest
    Test method: indexCreationWorks[Using tupl]
    Start time:  2017/08/28 19:56:47
================================================================================





================================================================================
 TEST SUCCEEDED                                                                 
--------------------------------------------------------------------------------
    Test class:  StringIndexingTest
    Test method: indexCreationWorks[Using tupl]
    End time:    2017/08/28 19:56:48 (Duration: 237ms)
================================================================================





================================================================================
 TEST START                                                                     
--------------------------------------------------------------------------------
    Test class:  StringIndexingTest
    Test method: queryingTransientStateWithoutIndexWorks[Using tupl]
    Start time:  2017/08/28 19:56:48
================================================================================



[WARN ] 2017-08-28 19:56:48 [    Test worker] [.i.t.ChronoGraphQueryProcessor]:  Query requires iteration over all vertices, because none of the given properties is indexed! For better performance use indices. Requested properties: [color]
[WARN ] 2017-08-28 19:56:48 [    Test worker] [.i.t.ChronoGraphQueryProcessor]:  Query requires iteration over all vertices, because none of the given properties is indexed! For better performance use indices. Requested properties: [color]


================================================================================
 TEST SUCCEEDED                                                                 
--------------------------------------------------------------------------------
    Test class:  StringIndexingTest
    Test method: queryingTransientStateWithoutIndexWorks[Using tupl]
    End time:    2017/08/28 19:56:48 (Duration: 163ms)
================================================================================





================================================================================
 TEST START                                                                     
--------------------------------------------------------------------------------
    Test class:  StringIndexingTest
    Test method: deleteTest[Using tupl]
    Start time:  2017/08/28 19:56:48
================================================================================





================================================================================
 TEST SUCCEEDED                                                                 
--------------------------------------------------------------------------------
    Test class:  StringIndexingTest
    Test method: deleteTest[Using tupl]
    End time:    2017/08/28 19:56:48 (Duration: 315ms)
================================================================================





================================================================================
 TEST START                                                                     
--------------------------------------------------------------------------------
    Test class:  StringIndexingTest
    Test method: t_EntityTest1[Using jdbc]
    Start time:  2017/08/28 19:56:48
================================================================================





================================================================================
 TEST SUCCEEDED                                                                 
--------------------------------------------------------------------------------
    Test class:  StringIndexingTest
    Test method: t_EntityTest1[Using jdbc]
    End time:    2017/08/28 19:56:48 (Duration: 44ms)
================================================================================





================================================================================
 TEST START                                                                     
--------------------------------------------------------------------------------
    Test class:  StringIndexingTest
    Test method: queryingTransientStateWithIndexWorks[Using jdbc]
    Start time:  2017/08/28 19:56:48
================================================================================





================================================================================
 TEST SUCCEEDED                                                                 
--------------------------------------------------------------------------------
    Test class:  StringIndexingTest
    Test method: queryingTransientStateWithIndexWorks[Using jdbc]
    End time:    2017/08/28 19:56:48 (Duration: 31ms)
================================================================================





================================================================================
 TEST START                                                                     
--------------------------------------------------------------------------------
    Test class:  StringIndexingTest
    Test method: massiveDeleteTest[Using jdbc]
    Start time:  2017/08/28 19:56:48
================================================================================





================================================================================
 TEST SUCCEEDED                                                                 
--------------------------------------------------------------------------------
    Test class:  StringIndexingTest
    Test method: massiveDeleteTest[Using jdbc]
    End time:    2017/08/28 19:56:57 (Duration: 9090ms)
================================================================================





================================================================================
 TEST START                                                                     
--------------------------------------------------------------------------------
    Test class:  StringIndexingTest
    Test method: canDropIndex[Using jdbc]
    Start time:  2017/08/28 19:56:57
================================================================================





================================================================================
 TEST SUCCEEDED                                                                 
--------------------------------------------------------------------------------
    Test class:  StringIndexingTest
    Test method: canDropIndex[Using jdbc]
    End time:    2017/08/28 19:56:57 (Duration: 25ms)
================================================================================





================================================================================
 TEST START                                                                     
--------------------------------------------------------------------------------
    Test class:  StringIndexingTest
    Test method: secondaryIndexingRemoveTestWithBranching[Using jdbc]
    Start time:  2017/08/28 19:56:57
================================================================================



[WARN ] 2017-08-28 19:56:57 [    Test worker] [StandardChronoGraphTransaction]:  Query requires iterating over all vertices. For better performance, use 'has(...)' clauses in your gremlin.
[WARN ] 2017-08-28 19:56:57 [    Test worker] [StandardChronoGraphTransaction]:  Query requires iterating over all vertices. For better performance, use 'has(...)' clauses in your gremlin.


================================================================================
 TEST SUCCEEDED                                                                 
--------------------------------------------------------------------------------
    Test class:  StringIndexingTest
    Test method: secondaryIndexingRemoveTestWithBranching[Using jdbc]
    End time:    2017/08/28 19:56:57 (Duration: 31ms)
================================================================================





================================================================================
 TEST START                                                                     
--------------------------------------------------------------------------------
    Test class:  StringIndexingTest
    Test method: renamingElementInIncrementalCommitWorks[Using jdbc]
    Start time:  2017/08/28 19:56:57
================================================================================





================================================================================
 TEST SUCCEEDED                                                                 
--------------------------------------------------------------------------------
    Test class:  StringIndexingTest
    Test method: renamingElementInIncrementalCommitWorks[Using jdbc]
    End time:    2017/08/28 19:56:57 (Duration: 26ms)
================================================================================





================================================================================
 TEST START                                                                     
--------------------------------------------------------------------------------
    Test class:  StringIndexingTest
    Test method: indexingOfMultiplicityManyValuesWorks[Using jdbc]
    Start time:  2017/08/28 19:56:57
================================================================================





================================================================================
 TEST SUCCEEDED                                                                 
--------------------------------------------------------------------------------
    Test class:  StringIndexingTest
    Test method: indexingOfMultiplicityManyValuesWorks[Using jdbc]
    End time:    2017/08/28 19:56:57 (Duration: 26ms)
================================================================================





================================================================================
 TEST START                                                                     
--------------------------------------------------------------------------------
    Test class:  StringIndexingTest
    Test method: renamingElementWorks[Using jdbc]
    Start time:  2017/08/28 19:56:57
================================================================================





================================================================================
 TEST SUCCEEDED                                                                 
--------------------------------------------------------------------------------
    Test class:  StringIndexingTest
    Test method: renamingElementWorks[Using jdbc]
    End time:    2017/08/28 19:56:57 (Duration: 26ms)
================================================================================





================================================================================
 TEST START                                                                     
--------------------------------------------------------------------------------
    Test class:  StringIndexingTest
    Test method: trackingDownTheGhostVertexTest[Using jdbc]
    Start time:  2017/08/28 19:56:57
================================================================================



[WARN ] 2017-08-28 19:56:57 [    Test worker] [StandardChronoGraphTransaction]:  Query requires iterating over all vertices. For better performance, use 'has(...)' clauses in your gremlin.
[WARN ] 2017-08-28 19:56:57 [    Test worker] [StandardChronoGraphTransaction]:  Query requires iterating over all vertices. For better performance, use 'has(...)' clauses in your gremlin.


================================================================================
 TEST SUCCEEDED                                                                 
--------------------------------------------------------------------------------
    Test class:  StringIndexingTest
    Test method: trackingDownTheGhostVertexTest[Using jdbc]
    End time:    2017/08/28 19:56:57 (Duration: 31ms)
================================================================================





================================================================================
 TEST START                                                                     
--------------------------------------------------------------------------------
    Test class:  StringIndexingTest
    Test method: indexCreationWorks[Using jdbc]
    Start time:  2017/08/28 19:56:57
================================================================================





================================================================================
 TEST SUCCEEDED                                                                 
--------------------------------------------------------------------------------
    Test class:  StringIndexingTest
    Test method: indexCreationWorks[Using jdbc]
    End time:    2017/08/28 19:56:57 (Duration: 27ms)
================================================================================





================================================================================
 TEST START                                                                     
--------------------------------------------------------------------------------
    Test class:  StringIndexingTest
    Test method: queryingTransientStateWithoutIndexWorks[Using jdbc]
    Start time:  2017/08/28 19:56:57
================================================================================



[WARN ] 2017-08-28 19:56:57 [    Test worker] [.i.t.ChronoGraphQueryProcessor]:  Query requires iteration over all vertices, because none of the given properties is indexed! For better performance use indices. Requested properties: [color]
[WARN ] 2017-08-28 19:56:57 [    Test worker] [.i.t.ChronoGraphQueryProcessor]:  Query requires iteration over all vertices, because none of the given properties is indexed! For better performance use indices. Requested properties: [color]


================================================================================
 TEST SUCCEEDED                                                                 
--------------------------------------------------------------------------------
    Test class:  StringIndexingTest
    Test method: queryingTransientStateWithoutIndexWorks[Using jdbc]
    End time:    2017/08/28 19:56:57 (Duration: 16ms)
================================================================================





================================================================================
 TEST START                                                                     
--------------------------------------------------------------------------------
    Test class:  StringIndexingTest
    Test method: deleteTest[Using jdbc]
    Start time:  2017/08/28 19:56:57
================================================================================





================================================================================
 TEST SUCCEEDED                                                                 
--------------------------------------------------------------------------------
    Test class:  StringIndexingTest
    Test method: deleteTest[Using jdbc]
    End time:    2017/08/28 19:56:57 (Duration: 35ms)
================================================================================





================================================================================
 TEST START                                                                     
--------------------------------------------------------------------------------
    Test class:  StringIndexingTest
    Test method: t_EntityTest1[Using mapdb]
    Start time:  2017/08/28 19:56:57
================================================================================





================================================================================
 TEST SUCCEEDED                                                                 
--------------------------------------------------------------------------------
    Test class:  StringIndexingTest
    Test method: t_EntityTest1[Using mapdb]
    End time:    2017/08/28 19:56:58 (Duration: 930ms)
================================================================================





================================================================================
 TEST START                                                                     
--------------------------------------------------------------------------------
    Test class:  StringIndexingTest
    Test method: queryingTransientStateWithIndexWorks[Using mapdb]
    Start time:  2017/08/28 19:56:58
================================================================================





================================================================================
 TEST SUCCEEDED                                                                 
--------------------------------------------------------------------------------
    Test class:  StringIndexingTest
    Test method: queryingTransientStateWithIndexWorks[Using mapdb]
    End time:    2017/08/28 19:56:59 (Duration: 568ms)
================================================================================





================================================================================
 TEST START                                                                     
--------------------------------------------------------------------------------
    Test class:  StringIndexingTest
    Test method: massiveDeleteTest[Using mapdb]
    Start time:  2017/08/28 19:56:59
================================================================================





================================================================================
 TEST SUCCEEDED                                                                 
--------------------------------------------------------------------------------
    Test class:  StringIndexingTest
    Test method: massiveDeleteTest[Using mapdb]
    End time:    2017/08/28 19:57:18 (Duration: 18780ms)
================================================================================





================================================================================
 TEST START                                                                     
--------------------------------------------------------------------------------
    Test class:  StringIndexingTest
    Test method: canDropIndex[Using mapdb]
    Start time:  2017/08/28 19:57:18
================================================================================





================================================================================
 TEST SUCCEEDED                                                                 
--------------------------------------------------------------------------------
    Test class:  StringIndexingTest
    Test method: canDropIndex[Using mapdb]
    End time:    2017/08/28 19:57:18 (Duration: 437ms)
================================================================================





================================================================================
 TEST START                                                                     
--------------------------------------------------------------------------------
    Test class:  StringIndexingTest
    Test method: secondaryIndexingRemoveTestWithBranching[Using mapdb]
    Start time:  2017/08/28 19:57:18
================================================================================



[WARN ] 2017-08-28 19:57:19 [    Test worker] [StandardChronoGraphTransaction]:  Query requires iterating over all vertices. For better performance, use 'has(...)' clauses in your gremlin.
[WARN ] 2017-08-28 19:57:19 [    Test worker] [StandardChronoGraphTransaction]:  Query requires iterating over all vertices. For better performance, use 'has(...)' clauses in your gremlin.


================================================================================
 TEST SUCCEEDED                                                                 
--------------------------------------------------------------------------------
    Test class:  StringIndexingTest
    Test method: secondaryIndexingRemoveTestWithBranching[Using mapdb]
    End time:    2017/08/28 19:57:19 (Duration: 1202ms)
================================================================================





================================================================================
 TEST START                                                                     
--------------------------------------------------------------------------------
    Test class:  StringIndexingTest
    Test method: renamingElementInIncrementalCommitWorks[Using mapdb]
    Start time:  2017/08/28 19:57:19
================================================================================





================================================================================
 TEST SUCCEEDED                                                                 
--------------------------------------------------------------------------------
    Test class:  StringIndexingTest
    Test method: renamingElementInIncrementalCommitWorks[Using mapdb]
    End time:    2017/08/28 19:57:20 (Duration: 778ms)
================================================================================





================================================================================
 TEST START                                                                     
--------------------------------------------------------------------------------
    Test class:  StringIndexingTest
    Test method: indexingOfMultiplicityManyValuesWorks[Using mapdb]
    Start time:  2017/08/28 19:57:20
================================================================================





================================================================================
 TEST SUCCEEDED                                                                 
--------------------------------------------------------------------------------
    Test class:  StringIndexingTest
    Test method: indexingOfMultiplicityManyValuesWorks[Using mapdb]
    End time:    2017/08/28 19:57:21 (Duration: 600ms)
================================================================================





================================================================================
 TEST START                                                                     
--------------------------------------------------------------------------------
    Test class:  StringIndexingTest
    Test method: renamingElementWorks[Using mapdb]
    Start time:  2017/08/28 19:57:21
================================================================================





================================================================================
 TEST SUCCEEDED                                                                 
--------------------------------------------------------------------------------
    Test class:  StringIndexingTest
    Test method: renamingElementWorks[Using mapdb]
    End time:    2017/08/28 19:57:21 (Duration: 515ms)
================================================================================





================================================================================
 TEST START                                                                     
--------------------------------------------------------------------------------
    Test class:  StringIndexingTest
    Test method: trackingDownTheGhostVertexTest[Using mapdb]
    Start time:  2017/08/28 19:57:21
================================================================================



[WARN ] 2017-08-28 19:57:22 [    Test worker] [StandardChronoGraphTransaction]:  Query requires iterating over all vertices. For better performance, use 'has(...)' clauses in your gremlin.
[WARN ] 2017-08-28 19:57:22 [    Test worker] [StandardChronoGraphTransaction]:  Query requires iterating over all vertices. For better performance, use 'has(...)' clauses in your gremlin.


================================================================================
 TEST SUCCEEDED                                                                 
--------------------------------------------------------------------------------
    Test class:  StringIndexingTest
    Test method: trackingDownTheGhostVertexTest[Using mapdb]
    End time:    2017/08/28 19:57:23 (Duration: 1201ms)
================================================================================





================================================================================
 TEST START                                                                     
--------------------------------------------------------------------------------
    Test class:  StringIndexingTest
    Test method: indexCreationWorks[Using mapdb]
    Start time:  2017/08/28 19:57:23
================================================================================





================================================================================
 TEST SUCCEEDED                                                                 
--------------------------------------------------------------------------------
    Test class:  StringIndexingTest
    Test method: indexCreationWorks[Using mapdb]
    End time:    2017/08/28 19:57:23 (Duration: 569ms)
================================================================================





================================================================================
 TEST START                                                                     
--------------------------------------------------------------------------------
    Test class:  StringIndexingTest
    Test method: queryingTransientStateWithoutIndexWorks[Using mapdb]
    Start time:  2017/08/28 19:57:23
================================================================================



[WARN ] 2017-08-28 19:57:23 [    Test worker] [.i.t.ChronoGraphQueryProcessor]:  Query requires iteration over all vertices, because none of the given properties is indexed! For better performance use indices. Requested properties: [color]
[WARN ] 2017-08-28 19:57:23 [    Test worker] [.i.t.ChronoGraphQueryProcessor]:  Query requires iteration over all vertices, because none of the given properties is indexed! For better performance use indices. Requested properties: [color]


================================================================================
 TEST SUCCEEDED                                                                 
--------------------------------------------------------------------------------
    Test class:  StringIndexingTest
    Test method: queryingTransientStateWithoutIndexWorks[Using mapdb]
    End time:    2017/08/28 19:57:23 (Duration: 369ms)
================================================================================





================================================================================
 TEST START                                                                     
--------------------------------------------------------------------------------
    Test class:  StringIndexingTest
    Test method: deleteTest[Using mapdb]
    Start time:  2017/08/28 19:57:23
================================================================================





================================================================================
 TEST SUCCEEDED                                                                 
--------------------------------------------------------------------------------
    Test class:  StringIndexingTest
    Test method: deleteTest[Using mapdb]
    End time:    2017/08/28 19:57:24 (Duration: 747ms)
================================================================================





================================================================================
 TEST START                                                                     
--------------------------------------------------------------------------------
    Test class:  StringIndexingTest
    Test method: t_EntityTest1[Using chunked]
    Start time:  2017/08/28 19:57:24
================================================================================





================================================================================
 TEST SUCCEEDED                                                                 
--------------------------------------------------------------------------------
    Test class:  StringIndexingTest
    Test method: t_EntityTest1[Using chunked]
    End time:    2017/08/28 19:57:24 (Duration: 269ms)
================================================================================





================================================================================
 TEST START                                                                     
--------------------------------------------------------------------------------
    Test class:  StringIndexingTest
    Test method: queryingTransientStateWithIndexWorks[Using chunked]
    Start time:  2017/08/28 19:57:24
================================================================================





================================================================================
 TEST SUCCEEDED                                                                 
--------------------------------------------------------------------------------
    Test class:  StringIndexingTest
    Test method: queryingTransientStateWithIndexWorks[Using chunked]
    End time:    2017/08/28 19:57:25 (Duration: 400ms)
================================================================================





================================================================================
 TEST START                                                                     
--------------------------------------------------------------------------------
    Test class:  StringIndexingTest
    Test method: massiveDeleteTest[Using chunked]
    Start time:  2017/08/28 19:57:25
================================================================================





================================================================================
 TEST SUCCEEDED                                                                 
--------------------------------------------------------------------------------
    Test class:  StringIndexingTest
    Test method: massiveDeleteTest[Using chunked]
    End time:    2017/08/28 19:57:27 (Duration: 1776ms)
================================================================================





================================================================================
 TEST START                                                                     
--------------------------------------------------------------------------------
    Test class:  StringIndexingTest
    Test method: canDropIndex[Using chunked]
    Start time:  2017/08/28 19:57:27
================================================================================





================================================================================
 TEST SUCCEEDED                                                                 
--------------------------------------------------------------------------------
    Test class:  StringIndexingTest
    Test method: canDropIndex[Using chunked]
    End time:    2017/08/28 19:57:27 (Duration: 427ms)
================================================================================





================================================================================
 TEST START                                                                     
--------------------------------------------------------------------------------
    Test class:  StringIndexingTest
    Test method: secondaryIndexingRemoveTestWithBranching[Using chunked]
    Start time:  2017/08/28 19:57:27
================================================================================



[WARN ] 2017-08-28 19:57:28 [    Test worker] [StandardChronoGraphTransaction]:  Query requires iterating over all vertices. For better performance, use 'has(...)' clauses in your gremlin.
[WARN ] 2017-08-28 19:57:28 [    Test worker] [StandardChronoGraphTransaction]:  Query requires iterating over all vertices. For better performance, use 'has(...)' clauses in your gremlin.


================================================================================
 TEST SUCCEEDED                                                                 
--------------------------------------------------------------------------------
    Test class:  StringIndexingTest
    Test method: secondaryIndexingRemoveTestWithBranching[Using chunked]
    End time:    2017/08/28 19:57:28 (Duration: 670ms)
================================================================================





================================================================================
 TEST START                                                                     
--------------------------------------------------------------------------------
    Test class:  StringIndexingTest
    Test method: renamingElementInIncrementalCommitWorks[Using chunked]
    Start time:  2017/08/28 19:57:28
================================================================================





================================================================================
 TEST SUCCEEDED                                                                 
--------------------------------------------------------------------------------
    Test class:  StringIndexingTest
    Test method: renamingElementInIncrementalCommitWorks[Using chunked]
    End time:    2017/08/28 19:57:28 (Duration: 247ms)
================================================================================





================================================================================
 TEST START                                                                     
--------------------------------------------------------------------------------
    Test class:  StringIndexingTest
    Test method: indexingOfMultiplicityManyValuesWorks[Using chunked]
    Start time:  2017/08/28 19:57:28
================================================================================





================================================================================
 TEST SUCCEEDED                                                                 
--------------------------------------------------------------------------------
    Test class:  StringIndexingTest
    Test method: indexingOfMultiplicityManyValuesWorks[Using chunked]
    End time:    2017/08/28 19:57:28 (Duration: 331ms)
================================================================================





================================================================================
 TEST START                                                                     
--------------------------------------------------------------------------------
    Test class:  StringIndexingTest
    Test method: renamingElementWorks[Using chunked]
    Start time:  2017/08/28 19:57:28
================================================================================





================================================================================
 TEST SUCCEEDED                                                                 
--------------------------------------------------------------------------------
    Test class:  StringIndexingTest
    Test method: renamingElementWorks[Using chunked]
    End time:    2017/08/28 19:57:29 (Duration: 422ms)
================================================================================





================================================================================
 TEST START                                                                     
--------------------------------------------------------------------------------
    Test class:  StringIndexingTest
    Test method: trackingDownTheGhostVertexTest[Using chunked]
    Start time:  2017/08/28 19:57:29
================================================================================



[WARN ] 2017-08-28 19:57:29 [    Test worker] [StandardChronoGraphTransaction]:  Query requires iterating over all vertices. For better performance, use 'has(...)' clauses in your gremlin.
[WARN ] 2017-08-28 19:57:29 [    Test worker] [StandardChronoGraphTransaction]:  Query requires iterating over all vertices. For better performance, use 'has(...)' clauses in your gremlin.


================================================================================
 TEST SUCCEEDED                                                                 
--------------------------------------------------------------------------------
    Test class:  StringIndexingTest
    Test method: trackingDownTheGhostVertexTest[Using chunked]
    End time:    2017/08/28 19:57:29 (Duration: 699ms)
================================================================================





================================================================================
 TEST START                                                                     
--------------------------------------------------------------------------------
    Test class:  StringIndexingTest
    Test method: indexCreationWorks[Using chunked]
    Start time:  2017/08/28 19:57:29
================================================================================





================================================================================
 TEST SUCCEEDED                                                                 
--------------------------------------------------------------------------------
    Test class:  StringIndexingTest
    Test method: indexCreationWorks[Using chunked]
    End time:    2017/08/28 19:57:30 (Duration: 415ms)
================================================================================





================================================================================
 TEST START                                                                     
--------------------------------------------------------------------------------
    Test class:  StringIndexingTest
    Test method: queryingTransientStateWithoutIndexWorks[Using chunked]
    Start time:  2017/08/28 19:57:30
================================================================================



[WARN ] 2017-08-28 19:57:30 [    Test worker] [.i.t.ChronoGraphQueryProcessor]:  Query requires iteration over all vertices, because none of the given properties is indexed! For better performance use indices. Requested properties: [color]
[WARN ] 2017-08-28 19:57:30 [    Test worker] [.i.t.ChronoGraphQueryProcessor]:  Query requires iteration over all vertices, because none of the given properties is indexed! For better performance use indices. Requested properties: [color]


================================================================================
 TEST SUCCEEDED                                                                 
--------------------------------------------------------------------------------
    Test class:  StringIndexingTest
    Test method: queryingTransientStateWithoutIndexWorks[Using chunked]
    End time:    2017/08/28 19:57:30 (Duration: 284ms)
================================================================================





================================================================================
 TEST START                                                                     
--------------------------------------------------------------------------------
    Test class:  StringIndexingTest
    Test method: deleteTest[Using chunked]
    Start time:  2017/08/28 19:57:30
================================================================================





================================================================================
 TEST SUCCEEDED                                                                 
--------------------------------------------------------------------------------
    Test class:  StringIndexingTest
    Test method: deleteTest[Using chunked]
    End time:    2017/08/28 19:57:30 (Duration: 278ms)
================================================================================



[INFO ] 2017-08-28 19:57:30 [    Test worker] [    o.c.c.test.ChronosUnitTest]:  Attempting to delete temp directory provided at: C:\Users\Martin\AppData\Local\Temp\ChronoDBTest318862688473434810
[INFO ] 2017-08-28 19:57:30 [    Test worker] [    o.c.c.test.ChronosUnitTest]:  Successfully deleted temp directory
]]></system-out>
  <system-err><![CDATA[]]></system-err>
</testsuite>
