<?xml version="1.0" encoding="UTF-8"?>
<testsuite name="org.apache.tinkerpop.gremlin.structure.io.IoTest$GraphMLTest" tests="6" skipped="1" failures="0" errors="0" timestamp="2017-08-28T17:59:01" hostname="Aurora" time="0.016">
  <properties/>
  <testcase name="shouldReadGraphMLWithoutStrictOption" classname="org.apache.tinkerpop.gremlin.structure.io.IoTest$GraphMLTest" time="0.0"/>
  <testcase name="shouldReadGraphMLWithStrictOption" classname="org.apache.tinkerpop.gremlin.structure.io.IoTest$GraphMLTest" time="0.0"/>
  <testcase name="shouldReadGraphML" classname="org.apache.tinkerpop.gremlin.structure.io.IoTest$GraphMLTest" time="0.0"/>
  <testcase name="shouldReadGraphMLWithAllSupportedDataTypes" classname="org.apache.tinkerpop.gremlin.structure.io.IoTest$GraphMLTest" time="0.0"/>
  <testcase name="shouldWriteNormalizedGraphML" classname="org.apache.tinkerpop.gremlin.structure.io.IoTest$GraphMLTest" time="0.0">
    <skipped/>
  </testcase>
  <testcase name="shouldReadGraphMLUnorderedElements" classname="org.apache.tinkerpop.gremlin.structure.io.IoTest$GraphMLTest" time="0.016"/>
  <system-out><![CDATA[[WARN ] 2017-08-28 19:59:01 [    Test worker] [StandardChronoGraphTransaction]:  Query requires iterating over all vertices. For better performance, use 'has(...)' clauses in your gremlin.
[WARN ] 2017-08-28 19:59:01 [    Test worker] [StandardChronoGraphTransaction]:  Query requires iterating over all vertices. For better performance, use 'has(...)' clauses in your gremlin.
[WARN ] 2017-08-28 19:59:01 [    Test worker] [StandardChronoGraphTransaction]:  Query requires iterating over all edges. For better performance, use 'has(...)' clauses in your gremlin.
[WARN ] 2017-08-28 19:59:01 [    Test worker] [.i.t.ChronoGraphQueryProcessor]:  Query requires iteration over all vertices, because none of the given properties is indexed! For better performance use indices. Requested properties: [name]
[WARN ] 2017-08-28 19:59:01 [    Test worker] [.i.t.ChronoGraphQueryProcessor]:  Query requires iteration over all vertices, because none of the given properties is indexed! For better performance use indices. Requested properties: [name]
[WARN ] 2017-08-28 19:59:01 [    Test worker] [.i.t.ChronoGraphQueryProcessor]:  Query requires iteration over all vertices, because none of the given properties is indexed! For better performance use indices. Requested properties: [name]
[WARN ] 2017-08-28 19:59:01 [    Test worker] [.i.t.ChronoGraphQueryProcessor]:  Query requires iteration over all vertices, because none of the given properties is indexed! For better performance use indices. Requested properties: [name]
[WARN ] 2017-08-28 19:59:01 [    Test worker] [.i.t.ChronoGraphQueryProcessor]:  Query requires iteration over all vertices, because none of the given properties is indexed! For better performance use indices. Requested properties: [name]
[WARN ] 2017-08-28 19:59:01 [    Test worker] [.i.t.ChronoGraphQueryProcessor]:  Query requires iteration over all vertices, because none of the given properties is indexed! For better performance use indices. Requested properties: [name]
[WARN ] 2017-08-28 19:59:01 [    Test worker] [StandardChronoGraphTransaction]:  Query requires iterating over all vertices. For better performance, use 'has(...)' clauses in your gremlin.
[WARN ] 2017-08-28 19:59:01 [    Test worker] [StandardChronoGraphTransaction]:  Query requires iterating over all vertices. For better performance, use 'has(...)' clauses in your gremlin.
[WARN ] 2017-08-28 19:59:01 [    Test worker] [StandardChronoGraphTransaction]:  Query requires iterating over all edges. For better performance, use 'has(...)' clauses in your gremlin.
[WARN ] 2017-08-28 19:59:01 [    Test worker] [.i.t.ChronoGraphQueryProcessor]:  Query requires iteration over all vertices, because none of the given properties is indexed! For better performance use indices. Requested properties: [name]
[WARN ] 2017-08-28 19:59:01 [    Test worker] [.i.t.ChronoGraphQueryProcessor]:  Query requires iteration over all vertices, because none of the given properties is indexed! For better performance use indices. Requested properties: [name]
[WARN ] 2017-08-28 19:59:01 [    Test worker] [.i.t.ChronoGraphQueryProcessor]:  Query requires iteration over all vertices, because none of the given properties is indexed! For better performance use indices. Requested properties: [name]
[WARN ] 2017-08-28 19:59:01 [    Test worker] [.i.t.ChronoGraphQueryProcessor]:  Query requires iteration over all vertices, because none of the given properties is indexed! For better performance use indices. Requested properties: [name]
[WARN ] 2017-08-28 19:59:01 [    Test worker] [.i.t.ChronoGraphQueryProcessor]:  Query requires iteration over all vertices, because none of the given properties is indexed! For better performance use indices. Requested properties: [name]
[WARN ] 2017-08-28 19:59:01 [    Test worker] [.i.t.ChronoGraphQueryProcessor]:  Query requires iteration over all vertices, because none of the given properties is indexed! For better performance use indices. Requested properties: [name]
]]></system-out>
  <system-err><![CDATA[]]></system-err>
</testsuite>
