<?xml version="1.0" encoding="UTF-8"?>
<testsuite name="org.chronos.chronograph.test.transaction.ThreadedTransactionTest" tests="50" skipped="0" failures="0" errors="0" timestamp="2017-08-28T17:58:43" hostname="Aurora" time="8.363">
  <properties/>
  <testcase name="canUseIndexManagerFromThreadedTransactionGraph[Using inmemory]" classname="org.chronos.chronograph.test.transaction.ThreadedTransactionTest" time="0.004"/>
  <testcase name="threadedTransactionsDoNotInterfereWithThreadBoundTransactions[Using inmemory]" classname="org.chronos.chronograph.test.transaction.ThreadedTransactionTest" time="0.003"/>
  <testcase name="canCommitInThreadedTx[Using inmemory]" classname="org.chronos.chronograph.test.transaction.ThreadedTransactionTest" time="0.004"/>
  <testcase name="canAccessGraphElementsInThreadedTransaction[Using inmemory]" classname="org.chronos.chronograph.test.transaction.ThreadedTransactionTest" time="0.001"/>
  <testcase name="canOpenThreadedTransaction[Using inmemory]" classname="org.chronos.chronograph.test.transaction.ThreadedTransactionTest" time="0.001"/>
  <testcase name="elementsFromThreadedTxBecomeUnusableOnceThreadedTxIsClosed[Using inmemory]" classname="org.chronos.chronograph.test.transaction.ThreadedTransactionTest" time="0.001"/>
  <testcase name="threadedTransactionIsNotTreatedAsCurrentTransaction[Using inmemory]" classname="org.chronos.chronograph.test.transaction.ThreadedTransactionTest" time="0.003"/>
  <testcase name="threadBoundTransactionsDoNotInterfereWithThreadedTransactions[Using inmemory]" classname="org.chronos.chronograph.test.transaction.ThreadedTransactionTest" time="0.002"/>
  <testcase name="graphElementsInThreadedTransactionCanBeAccessedInAnyThread[Using inmemory]" classname="org.chronos.chronograph.test.transaction.ThreadedTransactionTest" time="0.002"/>
  <testcase name="shouldNotBeAbleToOpenTransactionsFromThreadedTransactionGraph[Using inmemory]" classname="org.chronos.chronograph.test.transaction.ThreadedTransactionTest" time="0.001"/>
  <testcase name="canUseIndexManagerFromThreadedTransactionGraph[Using mapdb]" classname="org.chronos.chronograph.test.transaction.ThreadedTransactionTest" time="0.558"/>
  <testcase name="threadedTransactionsDoNotInterfereWithThreadBoundTransactions[Using mapdb]" classname="org.chronos.chronograph.test.transaction.ThreadedTransactionTest" time="0.401"/>
  <testcase name="canCommitInThreadedTx[Using mapdb]" classname="org.chronos.chronograph.test.transaction.ThreadedTransactionTest" time="0.354"/>
  <testcase name="canAccessGraphElementsInThreadedTransaction[Using mapdb]" classname="org.chronos.chronograph.test.transaction.ThreadedTransactionTest" time="0.3"/>
  <testcase name="canOpenThreadedTransaction[Using mapdb]" classname="org.chronos.chronograph.test.transaction.ThreadedTransactionTest" time="0.247"/>
  <testcase name="elementsFromThreadedTxBecomeUnusableOnceThreadedTxIsClosed[Using mapdb]" classname="org.chronos.chronograph.test.transaction.ThreadedTransactionTest" time="0.452"/>
  <testcase name="threadedTransactionIsNotTreatedAsCurrentTransaction[Using mapdb]" classname="org.chronos.chronograph.test.transaction.ThreadedTransactionTest" time="0.462"/>
  <testcase name="threadBoundTransactionsDoNotInterfereWithThreadedTransactions[Using mapdb]" classname="org.chronos.chronograph.test.transaction.ThreadedTransactionTest" time="0.454"/>
  <testcase name="graphElementsInThreadedTransactionCanBeAccessedInAnyThread[Using mapdb]" classname="org.chronos.chronograph.test.transaction.ThreadedTransactionTest" time="0.4"/>
  <testcase name="shouldNotBeAbleToOpenTransactionsFromThreadedTransactionGraph[Using mapdb]" classname="org.chronos.chronograph.test.transaction.ThreadedTransactionTest" time="0.263"/>
  <testcase name="canUseIndexManagerFromThreadedTransactionGraph[Using chunked]" classname="org.chronos.chronograph.test.transaction.ThreadedTransactionTest" time="0.368"/>
  <testcase name="threadedTransactionsDoNotInterfereWithThreadBoundTransactions[Using chunked]" classname="org.chronos.chronograph.test.transaction.ThreadedTransactionTest" time="0.231"/>
  <testcase name="canCommitInThreadedTx[Using chunked]" classname="org.chronos.chronograph.test.transaction.ThreadedTransactionTest" time="0.222"/>
  <testcase name="canAccessGraphElementsInThreadedTransaction[Using chunked]" classname="org.chronos.chronograph.test.transaction.ThreadedTransactionTest" time="0.262"/>
  <testcase name="canOpenThreadedTransaction[Using chunked]" classname="org.chronos.chronograph.test.transaction.ThreadedTransactionTest" time="0.237"/>
  <testcase name="elementsFromThreadedTxBecomeUnusableOnceThreadedTxIsClosed[Using chunked]" classname="org.chronos.chronograph.test.transaction.ThreadedTransactionTest" time="0.363"/>
  <testcase name="threadedTransactionIsNotTreatedAsCurrentTransaction[Using chunked]" classname="org.chronos.chronograph.test.transaction.ThreadedTransactionTest" time="0.353"/>
  <testcase name="threadBoundTransactionsDoNotInterfereWithThreadedTransactions[Using chunked]" classname="org.chronos.chronograph.test.transaction.ThreadedTransactionTest" time="0.368"/>
  <testcase name="graphElementsInThreadedTransactionCanBeAccessedInAnyThread[Using chunked]" classname="org.chronos.chronograph.test.transaction.ThreadedTransactionTest" time="0.362"/>
  <testcase name="shouldNotBeAbleToOpenTransactionsFromThreadedTransactionGraph[Using chunked]" classname="org.chronos.chronograph.test.transaction.ThreadedTransactionTest" time="0.238"/>
  <testcase name="canUseIndexManagerFromThreadedTransactionGraph[Using jdbc]" classname="org.chronos.chronograph.test.transaction.ThreadedTransactionTest" time="0.044"/>
  <testcase name="threadedTransactionsDoNotInterfereWithThreadBoundTransactions[Using jdbc]" classname="org.chronos.chronograph.test.transaction.ThreadedTransactionTest" time="0.056"/>
  <testcase name="canCommitInThreadedTx[Using jdbc]" classname="org.chronos.chronograph.test.transaction.ThreadedTransactionTest" time="0.027"/>
  <testcase name="canAccessGraphElementsInThreadedTransaction[Using jdbc]" classname="org.chronos.chronograph.test.transaction.ThreadedTransactionTest" time="0.016"/>
  <testcase name="canOpenThreadedTransaction[Using jdbc]" classname="org.chronos.chronograph.test.transaction.ThreadedTransactionTest" time="0.016"/>
  <testcase name="elementsFromThreadedTxBecomeUnusableOnceThreadedTxIsClosed[Using jdbc]" classname="org.chronos.chronograph.test.transaction.ThreadedTransactionTest" time="0.037"/>
  <testcase name="threadedTransactionIsNotTreatedAsCurrentTransaction[Using jdbc]" classname="org.chronos.chronograph.test.transaction.ThreadedTransactionTest" time="0.02"/>
  <testcase name="threadBoundTransactionsDoNotInterfereWithThreadedTransactions[Using jdbc]" classname="org.chronos.chronograph.test.transaction.ThreadedTransactionTest" time="0.023"/>
  <testcase name="graphElementsInThreadedTransactionCanBeAccessedInAnyThread[Using jdbc]" classname="org.chronos.chronograph.test.transaction.ThreadedTransactionTest" time="0.016"/>
  <testcase name="shouldNotBeAbleToOpenTransactionsFromThreadedTransactionGraph[Using jdbc]" classname="org.chronos.chronograph.test.transaction.ThreadedTransactionTest" time="0.015"/>
  <testcase name="canUseIndexManagerFromThreadedTransactionGraph[Using tupl]" classname="org.chronos.chronograph.test.transaction.ThreadedTransactionTest" time="0.13"/>
  <testcase name="threadedTransactionsDoNotInterfereWithThreadBoundTransactions[Using tupl]" classname="org.chronos.chronograph.test.transaction.ThreadedTransactionTest" time="0.101"/>
  <testcase name="canCommitInThreadedTx[Using tupl]" classname="org.chronos.chronograph.test.transaction.ThreadedTransactionTest" time="0.099"/>
  <testcase name="canAccessGraphElementsInThreadedTransaction[Using tupl]" classname="org.chronos.chronograph.test.transaction.ThreadedTransactionTest" time="0.1"/>
  <testcase name="canOpenThreadedTransaction[Using tupl]" classname="org.chronos.chronograph.test.transaction.ThreadedTransactionTest" time="0.062"/>
  <testcase name="elementsFromThreadedTxBecomeUnusableOnceThreadedTxIsClosed[Using tupl]" classname="org.chronos.chronograph.test.transaction.ThreadedTransactionTest" time="0.1"/>
  <testcase name="threadedTransactionIsNotTreatedAsCurrentTransaction[Using tupl]" classname="org.chronos.chronograph.test.transaction.ThreadedTransactionTest" time="0.116"/>
  <testcase name="threadBoundTransactionsDoNotInterfereWithThreadedTransactions[Using tupl]" classname="org.chronos.chronograph.test.transaction.ThreadedTransactionTest" time="0.153"/>
  <testcase name="graphElementsInThreadedTransactionCanBeAccessedInAnyThread[Using tupl]" classname="org.chronos.chronograph.test.transaction.ThreadedTransactionTest" time="0.2"/>
  <testcase name="shouldNotBeAbleToOpenTransactionsFromThreadedTransactionGraph[Using tupl]" classname="org.chronos.chronograph.test.transaction.ThreadedTransactionTest" time="0.099"/>
  <system-out><![CDATA[[INFO ] 2017-08-28 19:58:43 [    Test worker] [    o.c.c.test.ChronosUnitTest]:  Temp directory is provided at: C:\Users\Martin\AppData\Local\Temp\ChronoDBTest318862688473434810


================================================================================
 TEST START                                                                     
--------------------------------------------------------------------------------
    Test class:  ThreadedTransactionTest
    Test method: canUseIndexManagerFromThreadedTransactionGraph[Using inmemory]
    Start time:  2017/08/28 19:58:43
================================================================================





================================================================================
 TEST SUCCEEDED                                                                 
--------------------------------------------------------------------------------
    Test class:  ThreadedTransactionTest
    Test method: canUseIndexManagerFromThreadedTransactionGraph[Using inmemory]
    End time:    2017/08/28 19:58:43 (Duration: 4ms)
================================================================================





================================================================================
 TEST START                                                                     
--------------------------------------------------------------------------------
    Test class:  ThreadedTransactionTest
    Test method: threadedTransactionsDoNotInterfereWithThreadBoundTransactions[Using inmemory]
    Start time:  2017/08/28 19:58:43
================================================================================





================================================================================
 TEST SUCCEEDED                                                                 
--------------------------------------------------------------------------------
    Test class:  ThreadedTransactionTest
    Test method: threadedTransactionsDoNotInterfereWithThreadBoundTransactions[Using inmemory]
    End time:    2017/08/28 19:58:43 (Duration: 3ms)
================================================================================





================================================================================
 TEST START                                                                     
--------------------------------------------------------------------------------
    Test class:  ThreadedTransactionTest
    Test method: canCommitInThreadedTx[Using inmemory]
    Start time:  2017/08/28 19:58:43
================================================================================





================================================================================
 TEST SUCCEEDED                                                                 
--------------------------------------------------------------------------------
    Test class:  ThreadedTransactionTest
    Test method: canCommitInThreadedTx[Using inmemory]
    End time:    2017/08/28 19:58:43 (Duration: 4ms)
================================================================================





================================================================================
 TEST START                                                                     
--------------------------------------------------------------------------------
    Test class:  ThreadedTransactionTest
    Test method: canAccessGraphElementsInThreadedTransaction[Using inmemory]
    Start time:  2017/08/28 19:58:43
================================================================================





================================================================================
 TEST SUCCEEDED                                                                 
--------------------------------------------------------------------------------
    Test class:  ThreadedTransactionTest
    Test method: canAccessGraphElementsInThreadedTransaction[Using inmemory]
    End time:    2017/08/28 19:58:43 (Duration: 1ms)
================================================================================





================================================================================
 TEST START                                                                     
--------------------------------------------------------------------------------
    Test class:  ThreadedTransactionTest
    Test method: canOpenThreadedTransaction[Using inmemory]
    Start time:  2017/08/28 19:58:43
================================================================================





================================================================================
 TEST SUCCEEDED                                                                 
--------------------------------------------------------------------------------
    Test class:  ThreadedTransactionTest
    Test method: canOpenThreadedTransaction[Using inmemory]
    End time:    2017/08/28 19:58:43 (Duration: 1ms)
================================================================================





================================================================================
 TEST START                                                                     
--------------------------------------------------------------------------------
    Test class:  ThreadedTransactionTest
    Test method: elementsFromThreadedTxBecomeUnusableOnceThreadedTxIsClosed[Using inmemory]
    Start time:  2017/08/28 19:58:43
================================================================================





================================================================================
 TEST SUCCEEDED                                                                 
--------------------------------------------------------------------------------
    Test class:  ThreadedTransactionTest
    Test method: elementsFromThreadedTxBecomeUnusableOnceThreadedTxIsClosed[Using inmemory]
    End time:    2017/08/28 19:58:43 (Duration: 1ms)
================================================================================





================================================================================
 TEST START                                                                     
--------------------------------------------------------------------------------
    Test class:  ThreadedTransactionTest
    Test method: threadedTransactionIsNotTreatedAsCurrentTransaction[Using inmemory]
    Start time:  2017/08/28 19:58:43
================================================================================





================================================================================
 TEST SUCCEEDED                                                                 
--------------------------------------------------------------------------------
    Test class:  ThreadedTransactionTest
    Test method: threadedTransactionIsNotTreatedAsCurrentTransaction[Using inmemory]
    End time:    2017/08/28 19:58:43 (Duration: 3ms)
================================================================================





================================================================================
 TEST START                                                                     
--------------------------------------------------------------------------------
    Test class:  ThreadedTransactionTest
    Test method: threadBoundTransactionsDoNotInterfereWithThreadedTransactions[Using inmemory]
    Start time:  2017/08/28 19:58:43
================================================================================





================================================================================
 TEST SUCCEEDED                                                                 
--------------------------------------------------------------------------------
    Test class:  ThreadedTransactionTest
    Test method: threadBoundTransactionsDoNotInterfereWithThreadedTransactions[Using inmemory]
    End time:    2017/08/28 19:58:43 (Duration: 2ms)
================================================================================





================================================================================
 TEST START                                                                     
--------------------------------------------------------------------------------
    Test class:  ThreadedTransactionTest
    Test method: graphElementsInThreadedTransactionCanBeAccessedInAnyThread[Using inmemory]
    Start time:  2017/08/28 19:58:43
================================================================================





================================================================================
 TEST SUCCEEDED                                                                 
--------------------------------------------------------------------------------
    Test class:  ThreadedTransactionTest
    Test method: graphElementsInThreadedTransactionCanBeAccessedInAnyThread[Using inmemory]
    End time:    2017/08/28 19:58:43 (Duration: 2ms)
================================================================================





================================================================================
 TEST START                                                                     
--------------------------------------------------------------------------------
    Test class:  ThreadedTransactionTest
    Test method: shouldNotBeAbleToOpenTransactionsFromThreadedTransactionGraph[Using inmemory]
    Start time:  2017/08/28 19:58:43
================================================================================





================================================================================
 TEST SUCCEEDED                                                                 
--------------------------------------------------------------------------------
    Test class:  ThreadedTransactionTest
    Test method: shouldNotBeAbleToOpenTransactionsFromThreadedTransactionGraph[Using inmemory]
    End time:    2017/08/28 19:58:43 (Duration: 1ms)
================================================================================





================================================================================
 TEST START                                                                     
--------------------------------------------------------------------------------
    Test class:  ThreadedTransactionTest
    Test method: canUseIndexManagerFromThreadedTransactionGraph[Using mapdb]
    Start time:  2017/08/28 19:58:43
================================================================================





================================================================================
 TEST SUCCEEDED                                                                 
--------------------------------------------------------------------------------
    Test class:  ThreadedTransactionTest
    Test method: canUseIndexManagerFromThreadedTransactionGraph[Using mapdb]
    End time:    2017/08/28 19:58:43 (Duration: 558ms)
================================================================================





================================================================================
 TEST START                                                                     
--------------------------------------------------------------------------------
    Test class:  ThreadedTransactionTest
    Test method: threadedTransactionsDoNotInterfereWithThreadBoundTransactions[Using mapdb]
    Start time:  2017/08/28 19:58:43
================================================================================





================================================================================
 TEST SUCCEEDED                                                                 
--------------------------------------------------------------------------------
    Test class:  ThreadedTransactionTest
    Test method: threadedTransactionsDoNotInterfereWithThreadBoundTransactions[Using mapdb]
    End time:    2017/08/28 19:58:44 (Duration: 401ms)
================================================================================





================================================================================
 TEST START                                                                     
--------------------------------------------------------------------------------
    Test class:  ThreadedTransactionTest
    Test method: canCommitInThreadedTx[Using mapdb]
    Start time:  2017/08/28 19:58:44
================================================================================





================================================================================
 TEST SUCCEEDED                                                                 
--------------------------------------------------------------------------------
    Test class:  ThreadedTransactionTest
    Test method: canCommitInThreadedTx[Using mapdb]
    End time:    2017/08/28 19:58:44 (Duration: 354ms)
================================================================================





================================================================================
 TEST START                                                                     
--------------------------------------------------------------------------------
    Test class:  ThreadedTransactionTest
    Test method: canAccessGraphElementsInThreadedTransaction[Using mapdb]
    Start time:  2017/08/28 19:58:44
================================================================================





================================================================================
 TEST SUCCEEDED                                                                 
--------------------------------------------------------------------------------
    Test class:  ThreadedTransactionTest
    Test method: canAccessGraphElementsInThreadedTransaction[Using mapdb]
    End time:    2017/08/28 19:58:44 (Duration: 300ms)
================================================================================





================================================================================
 TEST START                                                                     
--------------------------------------------------------------------------------
    Test class:  ThreadedTransactionTest
    Test method: canOpenThreadedTransaction[Using mapdb]
    Start time:  2017/08/28 19:58:44
================================================================================





================================================================================
 TEST SUCCEEDED                                                                 
--------------------------------------------------------------------------------
    Test class:  ThreadedTransactionTest
    Test method: canOpenThreadedTransaction[Using mapdb]
    End time:    2017/08/28 19:58:45 (Duration: 247ms)
================================================================================





================================================================================
 TEST START                                                                     
--------------------------------------------------------------------------------
    Test class:  ThreadedTransactionTest
    Test method: elementsFromThreadedTxBecomeUnusableOnceThreadedTxIsClosed[Using mapdb]
    Start time:  2017/08/28 19:58:45
================================================================================





================================================================================
 TEST SUCCEEDED                                                                 
--------------------------------------------------------------------------------
    Test class:  ThreadedTransactionTest
    Test method: elementsFromThreadedTxBecomeUnusableOnceThreadedTxIsClosed[Using mapdb]
    End time:    2017/08/28 19:58:45 (Duration: 452ms)
================================================================================





================================================================================
 TEST START                                                                     
--------------------------------------------------------------------------------
    Test class:  ThreadedTransactionTest
    Test method: threadedTransactionIsNotTreatedAsCurrentTransaction[Using mapdb]
    Start time:  2017/08/28 19:58:45
================================================================================





================================================================================
 TEST SUCCEEDED                                                                 
--------------------------------------------------------------------------------
    Test class:  ThreadedTransactionTest
    Test method: threadedTransactionIsNotTreatedAsCurrentTransaction[Using mapdb]
    End time:    2017/08/28 19:58:45 (Duration: 462ms)
================================================================================





================================================================================
 TEST START                                                                     
--------------------------------------------------------------------------------
    Test class:  ThreadedTransactionTest
    Test method: threadBoundTransactionsDoNotInterfereWithThreadedTransactions[Using mapdb]
    Start time:  2017/08/28 19:58:45
================================================================================





================================================================================
 TEST SUCCEEDED                                                                 
--------------------------------------------------------------------------------
    Test class:  ThreadedTransactionTest
    Test method: threadBoundTransactionsDoNotInterfereWithThreadedTransactions[Using mapdb]
    End time:    2017/08/28 19:58:46 (Duration: 454ms)
================================================================================





================================================================================
 TEST START                                                                     
--------------------------------------------------------------------------------
    Test class:  ThreadedTransactionTest
    Test method: graphElementsInThreadedTransactionCanBeAccessedInAnyThread[Using mapdb]
    Start time:  2017/08/28 19:58:46
================================================================================





================================================================================
 TEST SUCCEEDED                                                                 
--------------------------------------------------------------------------------
    Test class:  ThreadedTransactionTest
    Test method: graphElementsInThreadedTransactionCanBeAccessedInAnyThread[Using mapdb]
    End time:    2017/08/28 19:58:46 (Duration: 400ms)
================================================================================





================================================================================
 TEST START                                                                     
--------------------------------------------------------------------------------
    Test class:  ThreadedTransactionTest
    Test method: shouldNotBeAbleToOpenTransactionsFromThreadedTransactionGraph[Using mapdb]
    Start time:  2017/08/28 19:58:46
================================================================================





================================================================================
 TEST SUCCEEDED                                                                 
--------------------------------------------------------------------------------
    Test class:  ThreadedTransactionTest
    Test method: shouldNotBeAbleToOpenTransactionsFromThreadedTransactionGraph[Using mapdb]
    End time:    2017/08/28 19:58:47 (Duration: 263ms)
================================================================================





================================================================================
 TEST START                                                                     
--------------------------------------------------------------------------------
    Test class:  ThreadedTransactionTest
    Test method: canUseIndexManagerFromThreadedTransactionGraph[Using chunked]
    Start time:  2017/08/28 19:58:47
================================================================================





================================================================================
 TEST SUCCEEDED                                                                 
--------------------------------------------------------------------------------
    Test class:  ThreadedTransactionTest
    Test method: canUseIndexManagerFromThreadedTransactionGraph[Using chunked]
    End time:    2017/08/28 19:58:47 (Duration: 368ms)
================================================================================





================================================================================
 TEST START                                                                     
--------------------------------------------------------------------------------
    Test class:  ThreadedTransactionTest
    Test method: threadedTransactionsDoNotInterfereWithThreadBoundTransactions[Using chunked]
    Start time:  2017/08/28 19:58:47
================================================================================





================================================================================
 TEST SUCCEEDED                                                                 
--------------------------------------------------------------------------------
    Test class:  ThreadedTransactionTest
    Test method: threadedTransactionsDoNotInterfereWithThreadBoundTransactions[Using chunked]
    End time:    2017/08/28 19:58:47 (Duration: 231ms)
================================================================================





================================================================================
 TEST START                                                                     
--------------------------------------------------------------------------------
    Test class:  ThreadedTransactionTest
    Test method: canCommitInThreadedTx[Using chunked]
    Start time:  2017/08/28 19:58:47
================================================================================





================================================================================
 TEST SUCCEEDED                                                                 
--------------------------------------------------------------------------------
    Test class:  ThreadedTransactionTest
    Test method: canCommitInThreadedTx[Using chunked]
    End time:    2017/08/28 19:58:47 (Duration: 222ms)
================================================================================





================================================================================
 TEST START                                                                     
--------------------------------------------------------------------------------
    Test class:  ThreadedTransactionTest
    Test method: canAccessGraphElementsInThreadedTransaction[Using chunked]
    Start time:  2017/08/28 19:58:47
================================================================================





================================================================================
 TEST SUCCEEDED                                                                 
--------------------------------------------------------------------------------
    Test class:  ThreadedTransactionTest
    Test method: canAccessGraphElementsInThreadedTransaction[Using chunked]
    End time:    2017/08/28 19:58:48 (Duration: 262ms)
================================================================================





================================================================================
 TEST START                                                                     
--------------------------------------------------------------------------------
    Test class:  ThreadedTransactionTest
    Test method: canOpenThreadedTransaction[Using chunked]
    Start time:  2017/08/28 19:58:48
================================================================================





================================================================================
 TEST SUCCEEDED                                                                 
--------------------------------------------------------------------------------
    Test class:  ThreadedTransactionTest
    Test method: canOpenThreadedTransaction[Using chunked]
    End time:    2017/08/28 19:58:48 (Duration: 237ms)
================================================================================





================================================================================
 TEST START                                                                     
--------------------------------------------------------------------------------
    Test class:  ThreadedTransactionTest
    Test method: elementsFromThreadedTxBecomeUnusableOnceThreadedTxIsClosed[Using chunked]
    Start time:  2017/08/28 19:58:48
================================================================================





================================================================================
 TEST SUCCEEDED                                                                 
--------------------------------------------------------------------------------
    Test class:  ThreadedTransactionTest
    Test method: elementsFromThreadedTxBecomeUnusableOnceThreadedTxIsClosed[Using chunked]
    End time:    2017/08/28 19:58:48 (Duration: 363ms)
================================================================================





================================================================================
 TEST START                                                                     
--------------------------------------------------------------------------------
    Test class:  ThreadedTransactionTest
    Test method: threadedTransactionIsNotTreatedAsCurrentTransaction[Using chunked]
    Start time:  2017/08/28 19:58:48
================================================================================





================================================================================
 TEST SUCCEEDED                                                                 
--------------------------------------------------------------------------------
    Test class:  ThreadedTransactionTest
    Test method: threadedTransactionIsNotTreatedAsCurrentTransaction[Using chunked]
    End time:    2017/08/28 19:58:49 (Duration: 353ms)
================================================================================





================================================================================
 TEST START                                                                     
--------------------------------------------------------------------------------
    Test class:  ThreadedTransactionTest
    Test method: threadBoundTransactionsDoNotInterfereWithThreadedTransactions[Using chunked]
    Start time:  2017/08/28 19:58:49
================================================================================





================================================================================
 TEST SUCCEEDED                                                                 
--------------------------------------------------------------------------------
    Test class:  ThreadedTransactionTest
    Test method: threadBoundTransactionsDoNotInterfereWithThreadedTransactions[Using chunked]
    End time:    2017/08/28 19:58:49 (Duration: 368ms)
================================================================================





================================================================================
 TEST START                                                                     
--------------------------------------------------------------------------------
    Test class:  ThreadedTransactionTest
    Test method: graphElementsInThreadedTransactionCanBeAccessedInAnyThread[Using chunked]
    Start time:  2017/08/28 19:58:49
================================================================================





================================================================================
 TEST SUCCEEDED                                                                 
--------------------------------------------------------------------------------
    Test class:  ThreadedTransactionTest
    Test method: graphElementsInThreadedTransactionCanBeAccessedInAnyThread[Using chunked]
    End time:    2017/08/28 19:58:49 (Duration: 362ms)
================================================================================





================================================================================
 TEST START                                                                     
--------------------------------------------------------------------------------
    Test class:  ThreadedTransactionTest
    Test method: shouldNotBeAbleToOpenTransactionsFromThreadedTransactionGraph[Using chunked]
    Start time:  2017/08/28 19:58:49
================================================================================





================================================================================
 TEST SUCCEEDED                                                                 
--------------------------------------------------------------------------------
    Test class:  ThreadedTransactionTest
    Test method: shouldNotBeAbleToOpenTransactionsFromThreadedTransactionGraph[Using chunked]
    End time:    2017/08/28 19:58:50 (Duration: 238ms)
================================================================================





================================================================================
 TEST START                                                                     
--------------------------------------------------------------------------------
    Test class:  ThreadedTransactionTest
    Test method: canUseIndexManagerFromThreadedTransactionGraph[Using jdbc]
    Start time:  2017/08/28 19:58:50
================================================================================





================================================================================
 TEST SUCCEEDED                                                                 
--------------------------------------------------------------------------------
    Test class:  ThreadedTransactionTest
    Test method: canUseIndexManagerFromThreadedTransactionGraph[Using jdbc]
    End time:    2017/08/28 19:58:50 (Duration: 44ms)
================================================================================





================================================================================
 TEST START                                                                     
--------------------------------------------------------------------------------
    Test class:  ThreadedTransactionTest
    Test method: threadedTransactionsDoNotInterfereWithThreadBoundTransactions[Using jdbc]
    Start time:  2017/08/28 19:58:50
================================================================================





================================================================================
 TEST SUCCEEDED                                                                 
--------------------------------------------------------------------------------
    Test class:  ThreadedTransactionTest
    Test method: threadedTransactionsDoNotInterfereWithThreadBoundTransactions[Using jdbc]
    End time:    2017/08/28 19:58:50 (Duration: 56ms)
================================================================================





================================================================================
 TEST START                                                                     
--------------------------------------------------------------------------------
    Test class:  ThreadedTransactionTest
    Test method: canCommitInThreadedTx[Using jdbc]
    Start time:  2017/08/28 19:58:50
================================================================================





================================================================================
 TEST SUCCEEDED                                                                 
--------------------------------------------------------------------------------
    Test class:  ThreadedTransactionTest
    Test method: canCommitInThreadedTx[Using jdbc]
    End time:    2017/08/28 19:58:50 (Duration: 27ms)
================================================================================





================================================================================
 TEST START                                                                     
--------------------------------------------------------------------------------
    Test class:  ThreadedTransactionTest
    Test method: canAccessGraphElementsInThreadedTransaction[Using jdbc]
    Start time:  2017/08/28 19:58:50
================================================================================





================================================================================
 TEST SUCCEEDED                                                                 
--------------------------------------------------------------------------------
    Test class:  ThreadedTransactionTest
    Test method: canAccessGraphElementsInThreadedTransaction[Using jdbc]
    End time:    2017/08/28 19:58:50 (Duration: 16ms)
================================================================================





================================================================================
 TEST START                                                                     
--------------------------------------------------------------------------------
    Test class:  ThreadedTransactionTest
    Test method: canOpenThreadedTransaction[Using jdbc]
    Start time:  2017/08/28 19:58:50
================================================================================





================================================================================
 TEST SUCCEEDED                                                                 
--------------------------------------------------------------------------------
    Test class:  ThreadedTransactionTest
    Test method: canOpenThreadedTransaction[Using jdbc]
    End time:    2017/08/28 19:58:50 (Duration: 16ms)
================================================================================





================================================================================
 TEST START                                                                     
--------------------------------------------------------------------------------
    Test class:  ThreadedTransactionTest
    Test method: elementsFromThreadedTxBecomeUnusableOnceThreadedTxIsClosed[Using jdbc]
    Start time:  2017/08/28 19:58:50
================================================================================





================================================================================
 TEST SUCCEEDED                                                                 
--------------------------------------------------------------------------------
    Test class:  ThreadedTransactionTest
    Test method: elementsFromThreadedTxBecomeUnusableOnceThreadedTxIsClosed[Using jdbc]
    End time:    2017/08/28 19:58:50 (Duration: 37ms)
================================================================================





================================================================================
 TEST START                                                                     
--------------------------------------------------------------------------------
    Test class:  ThreadedTransactionTest
    Test method: threadedTransactionIsNotTreatedAsCurrentTransaction[Using jdbc]
    Start time:  2017/08/28 19:58:50
================================================================================





================================================================================
 TEST SUCCEEDED                                                                 
--------------------------------------------------------------------------------
    Test class:  ThreadedTransactionTest
    Test method: threadedTransactionIsNotTreatedAsCurrentTransaction[Using jdbc]
    End time:    2017/08/28 19:58:50 (Duration: 20ms)
================================================================================





================================================================================
 TEST START                                                                     
--------------------------------------------------------------------------------
    Test class:  ThreadedTransactionTest
    Test method: threadBoundTransactionsDoNotInterfereWithThreadedTransactions[Using jdbc]
    Start time:  2017/08/28 19:58:50
================================================================================





================================================================================
 TEST SUCCEEDED                                                                 
--------------------------------------------------------------------------------
    Test class:  ThreadedTransactionTest
    Test method: threadBoundTransactionsDoNotInterfereWithThreadedTransactions[Using jdbc]
    End time:    2017/08/28 19:58:50 (Duration: 23ms)
================================================================================





================================================================================
 TEST START                                                                     
--------------------------------------------------------------------------------
    Test class:  ThreadedTransactionTest
    Test method: graphElementsInThreadedTransactionCanBeAccessedInAnyThread[Using jdbc]
    Start time:  2017/08/28 19:58:50
================================================================================





================================================================================
 TEST SUCCEEDED                                                                 
--------------------------------------------------------------------------------
    Test class:  ThreadedTransactionTest
    Test method: graphElementsInThreadedTransactionCanBeAccessedInAnyThread[Using jdbc]
    End time:    2017/08/28 19:58:50 (Duration: 16ms)
================================================================================





================================================================================
 TEST START                                                                     
--------------------------------------------------------------------------------
    Test class:  ThreadedTransactionTest
    Test method: shouldNotBeAbleToOpenTransactionsFromThreadedTransactionGraph[Using jdbc]
    Start time:  2017/08/28 19:58:50
================================================================================





================================================================================
 TEST SUCCEEDED                                                                 
--------------------------------------------------------------------------------
    Test class:  ThreadedTransactionTest
    Test method: shouldNotBeAbleToOpenTransactionsFromThreadedTransactionGraph[Using jdbc]
    End time:    2017/08/28 19:58:50 (Duration: 15ms)
================================================================================





================================================================================
 TEST START                                                                     
--------------------------------------------------------------------------------
    Test class:  ThreadedTransactionTest
    Test method: canUseIndexManagerFromThreadedTransactionGraph[Using tupl]
    Start time:  2017/08/28 19:58:50
================================================================================





================================================================================
 TEST SUCCEEDED                                                                 
--------------------------------------------------------------------------------
    Test class:  ThreadedTransactionTest
    Test method: canUseIndexManagerFromThreadedTransactionGraph[Using tupl]
    End time:    2017/08/28 19:58:50 (Duration: 130ms)
================================================================================





================================================================================
 TEST START                                                                     
--------------------------------------------------------------------------------
    Test class:  ThreadedTransactionTest
    Test method: threadedTransactionsDoNotInterfereWithThreadBoundTransactions[Using tupl]
    Start time:  2017/08/28 19:58:50
================================================================================





================================================================================
 TEST SUCCEEDED                                                                 
--------------------------------------------------------------------------------
    Test class:  ThreadedTransactionTest
    Test method: threadedTransactionsDoNotInterfereWithThreadBoundTransactions[Using tupl]
    End time:    2017/08/28 19:58:50 (Duration: 101ms)
================================================================================





================================================================================
 TEST START                                                                     
--------------------------------------------------------------------------------
    Test class:  ThreadedTransactionTest
    Test method: canCommitInThreadedTx[Using tupl]
    Start time:  2017/08/28 19:58:50
================================================================================





================================================================================
 TEST SUCCEEDED                                                                 
--------------------------------------------------------------------------------
    Test class:  ThreadedTransactionTest
    Test method: canCommitInThreadedTx[Using tupl]
    End time:    2017/08/28 19:58:50 (Duration: 99ms)
================================================================================





================================================================================
 TEST START                                                                     
--------------------------------------------------------------------------------
    Test class:  ThreadedTransactionTest
    Test method: canAccessGraphElementsInThreadedTransaction[Using tupl]
    Start time:  2017/08/28 19:58:50
================================================================================





================================================================================
 TEST SUCCEEDED                                                                 
--------------------------------------------------------------------------------
    Test class:  ThreadedTransactionTest
    Test method: canAccessGraphElementsInThreadedTransaction[Using tupl]
    End time:    2017/08/28 19:58:50 (Duration: 100ms)
================================================================================





================================================================================
 TEST START                                                                     
--------------------------------------------------------------------------------
    Test class:  ThreadedTransactionTest
    Test method: canOpenThreadedTransaction[Using tupl]
    Start time:  2017/08/28 19:58:50
================================================================================





================================================================================
 TEST SUCCEEDED                                                                 
--------------------------------------------------------------------------------
    Test class:  ThreadedTransactionTest
    Test method: canOpenThreadedTransaction[Using tupl]
    End time:    2017/08/28 19:58:50 (Duration: 62ms)
================================================================================





================================================================================
 TEST START                                                                     
--------------------------------------------------------------------------------
    Test class:  ThreadedTransactionTest
    Test method: elementsFromThreadedTxBecomeUnusableOnceThreadedTxIsClosed[Using tupl]
    Start time:  2017/08/28 19:58:50
================================================================================





================================================================================
 TEST SUCCEEDED                                                                 
--------------------------------------------------------------------------------
    Test class:  ThreadedTransactionTest
    Test method: elementsFromThreadedTxBecomeUnusableOnceThreadedTxIsClosed[Using tupl]
    End time:    2017/08/28 19:58:50 (Duration: 100ms)
================================================================================





================================================================================
 TEST START                                                                     
--------------------------------------------------------------------------------
    Test class:  ThreadedTransactionTest
    Test method: threadedTransactionIsNotTreatedAsCurrentTransaction[Using tupl]
    Start time:  2017/08/28 19:58:50
================================================================================





================================================================================
 TEST SUCCEEDED                                                                 
--------------------------------------------------------------------------------
    Test class:  ThreadedTransactionTest
    Test method: threadedTransactionIsNotTreatedAsCurrentTransaction[Using tupl]
    End time:    2017/08/28 19:58:51 (Duration: 116ms)
================================================================================





================================================================================
 TEST START                                                                     
--------------------------------------------------------------------------------
    Test class:  ThreadedTransactionTest
    Test method: threadBoundTransactionsDoNotInterfereWithThreadedTransactions[Using tupl]
    Start time:  2017/08/28 19:58:51
================================================================================





================================================================================
 TEST SUCCEEDED                                                                 
--------------------------------------------------------------------------------
    Test class:  ThreadedTransactionTest
    Test method: threadBoundTransactionsDoNotInterfereWithThreadedTransactions[Using tupl]
    End time:    2017/08/28 19:58:51 (Duration: 153ms)
================================================================================





================================================================================
 TEST START                                                                     
--------------------------------------------------------------------------------
    Test class:  ThreadedTransactionTest
    Test method: graphElementsInThreadedTransactionCanBeAccessedInAnyThread[Using tupl]
    Start time:  2017/08/28 19:58:51
================================================================================





================================================================================
 TEST SUCCEEDED                                                                 
--------------------------------------------------------------------------------
    Test class:  ThreadedTransactionTest
    Test method: graphElementsInThreadedTransactionCanBeAccessedInAnyThread[Using tupl]
    End time:    2017/08/28 19:58:51 (Duration: 200ms)
================================================================================





================================================================================
 TEST START                                                                     
--------------------------------------------------------------------------------
    Test class:  ThreadedTransactionTest
    Test method: shouldNotBeAbleToOpenTransactionsFromThreadedTransactionGraph[Using tupl]
    Start time:  2017/08/28 19:58:51
================================================================================





================================================================================
 TEST SUCCEEDED                                                                 
--------------------------------------------------------------------------------
    Test class:  ThreadedTransactionTest
    Test method: shouldNotBeAbleToOpenTransactionsFromThreadedTransactionGraph[Using tupl]
    End time:    2017/08/28 19:58:51 (Duration: 99ms)
================================================================================



[INFO ] 2017-08-28 19:58:51 [    Test worker] [    o.c.c.test.ChronosUnitTest]:  Attempting to delete temp directory provided at: C:\Users\Martin\AppData\Local\Temp\ChronoDBTest318862688473434810
[INFO ] 2017-08-28 19:58:51 [    Test worker] [    o.c.c.test.ChronosUnitTest]:  Successfully deleted temp directory
]]></system-out>
  <system-err><![CDATA[]]></system-err>
</testsuite>
