<?xml version="1.0" encoding="UTF-8"?>
<testsuite name="org.apache.tinkerpop.gremlin.structure.io.IoEdgeTest" tests="9" skipped="0" failures="0" errors="0" timestamp="2017-08-28T17:58:58" hostname="Aurora" time="0.015">
  <properties/>
  <testcase name="shouldReadWriteDetachedEdgeAsReference[graphson]" classname="org.apache.tinkerpop.gremlin.structure.io.IoEdgeTest" time="0.0"/>
  <testcase name="shouldReadWriteEdge[graphson]" classname="org.apache.tinkerpop.gremlin.structure.io.IoEdgeTest" time="0.0"/>
  <testcase name="shouldReadWriteDetachedEdge[graphson]" classname="org.apache.tinkerpop.gremlin.structure.io.IoEdgeTest" time="0.0"/>
  <testcase name="shouldReadWriteDetachedEdgeAsReference[graphson-embedded]" classname="org.apache.tinkerpop.gremlin.structure.io.IoEdgeTest" time="0.0"/>
  <testcase name="shouldReadWriteEdge[graphson-embedded]" classname="org.apache.tinkerpop.gremlin.structure.io.IoEdgeTest" time="0.015"/>
  <testcase name="shouldReadWriteDetachedEdge[graphson-embedded]" classname="org.apache.tinkerpop.gremlin.structure.io.IoEdgeTest" time="0.0"/>
  <testcase name="shouldReadWriteDetachedEdgeAsReference[gryo]" classname="org.apache.tinkerpop.gremlin.structure.io.IoEdgeTest" time="0.0"/>
  <testcase name="shouldReadWriteEdge[gryo]" classname="org.apache.tinkerpop.gremlin.structure.io.IoEdgeTest" time="0.0"/>
  <testcase name="shouldReadWriteDetachedEdge[gryo]" classname="org.apache.tinkerpop.gremlin.structure.io.IoEdgeTest" time="0.0"/>
  <system-out><![CDATA[]]></system-out>
  <system-err><![CDATA[]]></system-err>
</testsuite>
