<?xml version="1.0" encoding="UTF-8"?>
<testsuite name="org.chronos.chronograph.test.gremlin.GremlinTest" tests="60" skipped="0" failures="0" errors="0" timestamp="2017-08-28T17:56:15" hostname="Aurora" time="11.694">
  <properties/>
  <testcase name="gremlinNavigationWorks[Using chunked]" classname="org.chronos.chronograph.test.gremlin.GremlinTest" time="0.378"/>
  <testcase name="multipleHasClausesWorksOnMixedEdgeProperty[Using chunked]" classname="org.chronos.chronograph.test.gremlin.GremlinTest" time="0.338"/>
  <testcase name="multipleHasClausesWorksOnNonIndexedVertexProperty[Using chunked]" classname="org.chronos.chronograph.test.gremlin.GremlinTest" time="0.216"/>
  <testcase name="multipleHasClausesWorksOnMixedIndexedVertexProperty[Using chunked]" classname="org.chronos.chronograph.test.gremlin.GremlinTest" time="0.247"/>
  <testcase name="multipleHasClausesWorksOnIndexedEdgeProperty[Using chunked]" classname="org.chronos.chronograph.test.gremlin.GremlinTest" time="0.484"/>
  <testcase name="canExecuteGraphVHasLabel[Using chunked]" classname="org.chronos.chronograph.test.gremlin.GremlinTest" time="0.352"/>
  <testcase name="usingSubqueriesWorks[Using chunked]" classname="org.chronos.chronograph.test.gremlin.GremlinTest" time="0.247"/>
  <testcase name="basicEgdeRetrievalWorks[Using chunked]" classname="org.chronos.chronograph.test.gremlin.GremlinTest" time="0.353"/>
  <testcase name="canExecuteGraphEHasLabel[Using chunked]" classname="org.chronos.chronograph.test.gremlin.GremlinTest" time="0.415"/>
  <testcase name="basicVertexRetrievalWorks[Using chunked]" classname="org.chronos.chronograph.test.gremlin.GremlinTest" time="0.331"/>
  <testcase name="multipleHasClausesWorksOnNonIndexedEdgeProperty[Using chunked]" classname="org.chronos.chronograph.test.gremlin.GremlinTest" time="0.216"/>
  <testcase name="multipleHasClausesWorksOnIndexedVertexProperty[Using chunked]" classname="org.chronos.chronograph.test.gremlin.GremlinTest" time="0.253"/>
  <testcase name="gremlinNavigationWorks[Using tupl]" classname="org.chronos.chronograph.test.gremlin.GremlinTest" time="0.115"/>
  <testcase name="multipleHasClausesWorksOnMixedEdgeProperty[Using tupl]" classname="org.chronos.chronograph.test.gremlin.GremlinTest" time="0.254"/>
  <testcase name="multipleHasClausesWorksOnNonIndexedVertexProperty[Using tupl]" classname="org.chronos.chronograph.test.gremlin.GremlinTest" time="0.147"/>
  <testcase name="multipleHasClausesWorksOnMixedIndexedVertexProperty[Using tupl]" classname="org.chronos.chronograph.test.gremlin.GremlinTest" time="0.269"/>
  <testcase name="multipleHasClausesWorksOnIndexedEdgeProperty[Using tupl]" classname="org.chronos.chronograph.test.gremlin.GremlinTest" time="0.302"/>
  <testcase name="canExecuteGraphVHasLabel[Using tupl]" classname="org.chronos.chronograph.test.gremlin.GremlinTest" time="0.162"/>
  <testcase name="usingSubqueriesWorks[Using tupl]" classname="org.chronos.chronograph.test.gremlin.GremlinTest" time="0.12"/>
  <testcase name="basicEgdeRetrievalWorks[Using tupl]" classname="org.chronos.chronograph.test.gremlin.GremlinTest" time="0.181"/>
  <testcase name="canExecuteGraphEHasLabel[Using tupl]" classname="org.chronos.chronograph.test.gremlin.GremlinTest" time="0.184"/>
  <testcase name="basicVertexRetrievalWorks[Using tupl]" classname="org.chronos.chronograph.test.gremlin.GremlinTest" time="0.169"/>
  <testcase name="multipleHasClausesWorksOnNonIndexedEdgeProperty[Using tupl]" classname="org.chronos.chronograph.test.gremlin.GremlinTest" time="0.199"/>
  <testcase name="multipleHasClausesWorksOnIndexedVertexProperty[Using tupl]" classname="org.chronos.chronograph.test.gremlin.GremlinTest" time="0.216"/>
  <testcase name="gremlinNavigationWorks[Using inmemory]" classname="org.chronos.chronograph.test.gremlin.GremlinTest" time="0.0"/>
  <testcase name="multipleHasClausesWorksOnMixedEdgeProperty[Using inmemory]" classname="org.chronos.chronograph.test.gremlin.GremlinTest" time="0.017"/>
  <testcase name="multipleHasClausesWorksOnNonIndexedVertexProperty[Using inmemory]" classname="org.chronos.chronograph.test.gremlin.GremlinTest" time="0.0"/>
  <testcase name="multipleHasClausesWorksOnMixedIndexedVertexProperty[Using inmemory]" classname="org.chronos.chronograph.test.gremlin.GremlinTest" time="0.006"/>
  <testcase name="multipleHasClausesWorksOnIndexedEdgeProperty[Using inmemory]" classname="org.chronos.chronograph.test.gremlin.GremlinTest" time="0.005"/>
  <testcase name="canExecuteGraphVHasLabel[Using inmemory]" classname="org.chronos.chronograph.test.gremlin.GremlinTest" time="0.0"/>
  <testcase name="usingSubqueriesWorks[Using inmemory]" classname="org.chronos.chronograph.test.gremlin.GremlinTest" time="0.0"/>
  <testcase name="basicEgdeRetrievalWorks[Using inmemory]" classname="org.chronos.chronograph.test.gremlin.GremlinTest" time="0.0"/>
  <testcase name="canExecuteGraphEHasLabel[Using inmemory]" classname="org.chronos.chronograph.test.gremlin.GremlinTest" time="0.0"/>
  <testcase name="basicVertexRetrievalWorks[Using inmemory]" classname="org.chronos.chronograph.test.gremlin.GremlinTest" time="0.0"/>
  <testcase name="multipleHasClausesWorksOnNonIndexedEdgeProperty[Using inmemory]" classname="org.chronos.chronograph.test.gremlin.GremlinTest" time="0.0"/>
  <testcase name="multipleHasClausesWorksOnIndexedVertexProperty[Using inmemory]" classname="org.chronos.chronograph.test.gremlin.GremlinTest" time="0.019"/>
  <testcase name="gremlinNavigationWorks[Using jdbc]" classname="org.chronos.chronograph.test.gremlin.GremlinTest" time="0.022"/>
  <testcase name="multipleHasClausesWorksOnMixedEdgeProperty[Using jdbc]" classname="org.chronos.chronograph.test.gremlin.GremlinTest" time="0.03"/>
  <testcase name="multipleHasClausesWorksOnNonIndexedVertexProperty[Using jdbc]" classname="org.chronos.chronograph.test.gremlin.GremlinTest" time="0.015"/>
  <testcase name="multipleHasClausesWorksOnMixedIndexedVertexProperty[Using jdbc]" classname="org.chronos.chronograph.test.gremlin.GremlinTest" time="0.039"/>
  <testcase name="multipleHasClausesWorksOnIndexedEdgeProperty[Using jdbc]" classname="org.chronos.chronograph.test.gremlin.GremlinTest" time="0.027"/>
  <testcase name="canExecuteGraphVHasLabel[Using jdbc]" classname="org.chronos.chronograph.test.gremlin.GremlinTest" time="0.016"/>
  <testcase name="usingSubqueriesWorks[Using jdbc]" classname="org.chronos.chronograph.test.gremlin.GremlinTest" time="0.031"/>
  <testcase name="basicEgdeRetrievalWorks[Using jdbc]" classname="org.chronos.chronograph.test.gremlin.GremlinTest" time="0.026"/>
  <testcase name="canExecuteGraphEHasLabel[Using jdbc]" classname="org.chronos.chronograph.test.gremlin.GremlinTest" time="0.016"/>
  <testcase name="basicVertexRetrievalWorks[Using jdbc]" classname="org.chronos.chronograph.test.gremlin.GremlinTest" time="0.031"/>
  <testcase name="multipleHasClausesWorksOnNonIndexedEdgeProperty[Using jdbc]" classname="org.chronos.chronograph.test.gremlin.GremlinTest" time="0.016"/>
  <testcase name="multipleHasClausesWorksOnIndexedVertexProperty[Using jdbc]" classname="org.chronos.chronograph.test.gremlin.GremlinTest" time="0.038"/>
  <testcase name="gremlinNavigationWorks[Using mapdb]" classname="org.chronos.chronograph.test.gremlin.GremlinTest" time="0.292"/>
  <testcase name="multipleHasClausesWorksOnMixedEdgeProperty[Using mapdb]" classname="org.chronos.chronograph.test.gremlin.GremlinTest" time="0.439"/>
  <testcase name="multipleHasClausesWorksOnNonIndexedVertexProperty[Using mapdb]" classname="org.chronos.chronograph.test.gremlin.GremlinTest" time="0.316"/>
  <testcase name="multipleHasClausesWorksOnMixedIndexedVertexProperty[Using mapdb]" classname="org.chronos.chronograph.test.gremlin.GremlinTest" time="0.615"/>
  <testcase name="multipleHasClausesWorksOnIndexedEdgeProperty[Using mapdb]" classname="org.chronos.chronograph.test.gremlin.GremlinTest" time="0.869"/>
  <testcase name="canExecuteGraphVHasLabel[Using mapdb]" classname="org.chronos.chronograph.test.gremlin.GremlinTest" time="0.377"/>
  <testcase name="usingSubqueriesWorks[Using mapdb]" classname="org.chronos.chronograph.test.gremlin.GremlinTest" time="0.254"/>
  <testcase name="basicEgdeRetrievalWorks[Using mapdb]" classname="org.chronos.chronograph.test.gremlin.GremlinTest" time="0.384"/>
  <testcase name="canExecuteGraphEHasLabel[Using mapdb]" classname="org.chronos.chronograph.test.gremlin.GremlinTest" time="0.285"/>
  <testcase name="basicVertexRetrievalWorks[Using mapdb]" classname="org.chronos.chronograph.test.gremlin.GremlinTest" time="0.279"/>
  <testcase name="multipleHasClausesWorksOnNonIndexedEdgeProperty[Using mapdb]" classname="org.chronos.chronograph.test.gremlin.GremlinTest" time="0.283"/>
  <testcase name="multipleHasClausesWorksOnIndexedVertexProperty[Using mapdb]" classname="org.chronos.chronograph.test.gremlin.GremlinTest" time="0.784"/>
  <system-out><![CDATA[[INFO ] 2017-08-28 19:56:15 [    Test worker] [    o.c.c.test.ChronosUnitTest]:  Temp directory is provided at: C:\Users\Martin\AppData\Local\Temp\ChronoDBTest318862688473434810


================================================================================
 TEST START                                                                     
--------------------------------------------------------------------------------
    Test class:  GremlinTest
    Test method: gremlinNavigationWorks[Using chunked]
    Start time:  2017/08/28 19:56:15
================================================================================



[WARN ] 2017-08-28 19:56:16 [    Test worker] [.i.t.ChronoGraphQueryProcessor]:  Query requires iteration over all vertices, because none of the given properties is indexed! For better performance use indices. Requested properties: [kind, name]


================================================================================
 TEST SUCCEEDED                                                                 
--------------------------------------------------------------------------------
    Test class:  GremlinTest
    Test method: gremlinNavigationWorks[Using chunked]
    End time:    2017/08/28 19:56:16 (Duration: 378ms)
================================================================================





================================================================================
 TEST START                                                                     
--------------------------------------------------------------------------------
    Test class:  GremlinTest
    Test method: multipleHasClausesWorksOnMixedEdgeProperty[Using chunked]
    Start time:  2017/08/28 19:56:16
================================================================================





================================================================================
 TEST SUCCEEDED                                                                 
--------------------------------------------------------------------------------
    Test class:  GremlinTest
    Test method: multipleHasClausesWorksOnMixedEdgeProperty[Using chunked]
    End time:    2017/08/28 19:56:16 (Duration: 338ms)
================================================================================





================================================================================
 TEST START                                                                     
--------------------------------------------------------------------------------
    Test class:  GremlinTest
    Test method: multipleHasClausesWorksOnNonIndexedVertexProperty[Using chunked]
    Start time:  2017/08/28 19:56:16
================================================================================



[WARN ] 2017-08-28 19:56:16 [    Test worker] [.i.t.ChronoGraphQueryProcessor]:  Query requires iteration over all vertices, because none of the given properties is indexed! For better performance use indices. Requested properties: [kind, name]
[WARN ] 2017-08-28 19:56:16 [    Test worker] [.i.t.ChronoGraphQueryProcessor]:  Query requires iteration over all vertices, because none of the given properties is indexed! For better performance use indices. Requested properties: [kind, name]


================================================================================
 TEST SUCCEEDED                                                                 
--------------------------------------------------------------------------------
    Test class:  GremlinTest
    Test method: multipleHasClausesWorksOnNonIndexedVertexProperty[Using chunked]
    End time:    2017/08/28 19:56:16 (Duration: 216ms)
================================================================================





================================================================================
 TEST START                                                                     
--------------------------------------------------------------------------------
    Test class:  GremlinTest
    Test method: multipleHasClausesWorksOnMixedIndexedVertexProperty[Using chunked]
    Start time:  2017/08/28 19:56:16
================================================================================





================================================================================
 TEST SUCCEEDED                                                                 
--------------------------------------------------------------------------------
    Test class:  GremlinTest
    Test method: multipleHasClausesWorksOnMixedIndexedVertexProperty[Using chunked]
    End time:    2017/08/28 19:56:17 (Duration: 247ms)
================================================================================





================================================================================
 TEST START                                                                     
--------------------------------------------------------------------------------
    Test class:  GremlinTest
    Test method: multipleHasClausesWorksOnIndexedEdgeProperty[Using chunked]
    Start time:  2017/08/28 19:56:17
================================================================================





================================================================================
 TEST SUCCEEDED                                                                 
--------------------------------------------------------------------------------
    Test class:  GremlinTest
    Test method: multipleHasClausesWorksOnIndexedEdgeProperty[Using chunked]
    End time:    2017/08/28 19:56:17 (Duration: 484ms)
================================================================================





================================================================================
 TEST START                                                                     
--------------------------------------------------------------------------------
    Test class:  GremlinTest
    Test method: canExecuteGraphVHasLabel[Using chunked]
    Start time:  2017/08/28 19:56:17
================================================================================



[WARN ] 2017-08-28 19:56:17 [    Test worker] [.i.t.ChronoGraphQueryProcessor]:  Query requires iteration over all vertices, because none of the given properties is indexed! For better performance use indices. Requested properties: [~label]
[WARN ] 2017-08-28 19:56:17 [    Test worker] [.i.t.ChronoGraphQueryProcessor]:  Query requires iteration over all vertices, because none of the given properties is indexed! For better performance use indices. Requested properties: [~label]
[WARN ] 2017-08-28 19:56:17 [    Test worker] [.i.t.ChronoGraphQueryProcessor]:  Query requires iteration over all vertices, because none of the given properties is indexed! For better performance use indices. Requested properties: [~label]
[WARN ] 2017-08-28 19:56:17 [    Test worker] [.i.t.ChronoGraphQueryProcessor]:  Query requires iteration over all vertices, because none of the given properties is indexed! For better performance use indices. Requested properties: [~label]


================================================================================
 TEST SUCCEEDED                                                                 
--------------------------------------------------------------------------------
    Test class:  GremlinTest
    Test method: canExecuteGraphVHasLabel[Using chunked]
    End time:    2017/08/28 19:56:17 (Duration: 352ms)
================================================================================





================================================================================
 TEST START                                                                     
--------------------------------------------------------------------------------
    Test class:  GremlinTest
    Test method: usingSubqueriesWorks[Using chunked]
    Start time:  2017/08/28 19:56:17
================================================================================





================================================================================
 TEST SUCCEEDED                                                                 
--------------------------------------------------------------------------------
    Test class:  GremlinTest
    Test method: usingSubqueriesWorks[Using chunked]
    End time:    2017/08/28 19:56:18 (Duration: 247ms)
================================================================================





================================================================================
 TEST START                                                                     
--------------------------------------------------------------------------------
    Test class:  GremlinTest
    Test method: basicEgdeRetrievalWorks[Using chunked]
    Start time:  2017/08/28 19:56:18
================================================================================



[WARN ] 2017-08-28 19:56:18 [    Test worker] [.i.t.ChronoGraphQueryProcessor]:  Query requires iteration over all edges, because none of the given properties is indexed! For better performance use indices. Requested properties: [since]


================================================================================
 TEST SUCCEEDED                                                                 
--------------------------------------------------------------------------------
    Test class:  GremlinTest
    Test method: basicEgdeRetrievalWorks[Using chunked]
    End time:    2017/08/28 19:56:18 (Duration: 353ms)
================================================================================





================================================================================
 TEST START                                                                     
--------------------------------------------------------------------------------
    Test class:  GremlinTest
    Test method: canExecuteGraphEHasLabel[Using chunked]
    Start time:  2017/08/28 19:56:18
================================================================================



[WARN ] 2017-08-28 19:56:18 [    Test worker] [.i.t.ChronoGraphQueryProcessor]:  Query requires iteration over all edges, because none of the given properties is indexed! For better performance use indices. Requested properties: [~label]
[WARN ] 2017-08-28 19:56:18 [    Test worker] [.i.t.ChronoGraphQueryProcessor]:  Query requires iteration over all edges, because none of the given properties is indexed! For better performance use indices. Requested properties: [~label]
[WARN ] 2017-08-28 19:56:18 [    Test worker] [.i.t.ChronoGraphQueryProcessor]:  Query requires iteration over all edges, because none of the given properties is indexed! For better performance use indices. Requested properties: [~label]
[WARN ] 2017-08-28 19:56:18 [    Test worker] [.i.t.ChronoGraphQueryProcessor]:  Query requires iteration over all edges, because none of the given properties is indexed! For better performance use indices. Requested properties: [~label]


================================================================================
 TEST SUCCEEDED                                                                 
--------------------------------------------------------------------------------
    Test class:  GremlinTest
    Test method: canExecuteGraphEHasLabel[Using chunked]
    End time:    2017/08/28 19:56:18 (Duration: 415ms)
================================================================================





================================================================================
 TEST START                                                                     
--------------------------------------------------------------------------------
    Test class:  GremlinTest
    Test method: basicVertexRetrievalWorks[Using chunked]
    Start time:  2017/08/28 19:56:18
================================================================================



[WARN ] 2017-08-28 19:56:19 [    Test worker] [.i.t.ChronoGraphQueryProcessor]:  Query requires iteration over all vertices, because none of the given properties is indexed! For better performance use indices. Requested properties: [name, age]


================================================================================
 TEST SUCCEEDED                                                                 
--------------------------------------------------------------------------------
    Test class:  GremlinTest
    Test method: basicVertexRetrievalWorks[Using chunked]
    End time:    2017/08/28 19:56:19 (Duration: 331ms)
================================================================================





================================================================================
 TEST START                                                                     
--------------------------------------------------------------------------------
    Test class:  GremlinTest
    Test method: multipleHasClausesWorksOnNonIndexedEdgeProperty[Using chunked]
    Start time:  2017/08/28 19:56:19
================================================================================



[WARN ] 2017-08-28 19:56:19 [    Test worker] [.i.t.ChronoGraphQueryProcessor]:  Query requires iteration over all edges, because none of the given properties is indexed! For better performance use indices. Requested properties: [a, b]
[WARN ] 2017-08-28 19:56:19 [    Test worker] [.i.t.ChronoGraphQueryProcessor]:  Query requires iteration over all edges, because none of the given properties is indexed! For better performance use indices. Requested properties: [a, b]


================================================================================
 TEST SUCCEEDED                                                                 
--------------------------------------------------------------------------------
    Test class:  GremlinTest
    Test method: multipleHasClausesWorksOnNonIndexedEdgeProperty[Using chunked]
    End time:    2017/08/28 19:56:19 (Duration: 216ms)
================================================================================





================================================================================
 TEST START                                                                     
--------------------------------------------------------------------------------
    Test class:  GremlinTest
    Test method: multipleHasClausesWorksOnIndexedVertexProperty[Using chunked]
    Start time:  2017/08/28 19:56:19
================================================================================





================================================================================
 TEST SUCCEEDED                                                                 
--------------------------------------------------------------------------------
    Test class:  GremlinTest
    Test method: multipleHasClausesWorksOnIndexedVertexProperty[Using chunked]
    End time:    2017/08/28 19:56:19 (Duration: 253ms)
================================================================================





================================================================================
 TEST START                                                                     
--------------------------------------------------------------------------------
    Test class:  GremlinTest
    Test method: gremlinNavigationWorks[Using tupl]
    Start time:  2017/08/28 19:56:19
================================================================================



[WARN ] 2017-08-28 19:56:19 [    Test worker] [.i.t.ChronoGraphQueryProcessor]:  Query requires iteration over all vertices, because none of the given properties is indexed! For better performance use indices. Requested properties: [kind, name]


================================================================================
 TEST SUCCEEDED                                                                 
--------------------------------------------------------------------------------
    Test class:  GremlinTest
    Test method: gremlinNavigationWorks[Using tupl]
    End time:    2017/08/28 19:56:19 (Duration: 115ms)
================================================================================





================================================================================
 TEST START                                                                     
--------------------------------------------------------------------------------
    Test class:  GremlinTest
    Test method: multipleHasClausesWorksOnMixedEdgeProperty[Using tupl]
    Start time:  2017/08/28 19:56:19
================================================================================





================================================================================
 TEST SUCCEEDED                                                                 
--------------------------------------------------------------------------------
    Test class:  GremlinTest
    Test method: multipleHasClausesWorksOnMixedEdgeProperty[Using tupl]
    End time:    2017/08/28 19:56:20 (Duration: 254ms)
================================================================================





================================================================================
 TEST START                                                                     
--------------------------------------------------------------------------------
    Test class:  GremlinTest
    Test method: multipleHasClausesWorksOnNonIndexedVertexProperty[Using tupl]
    Start time:  2017/08/28 19:56:20
================================================================================



[WARN ] 2017-08-28 19:56:20 [    Test worker] [.i.t.ChronoGraphQueryProcessor]:  Query requires iteration over all vertices, because none of the given properties is indexed! For better performance use indices. Requested properties: [kind, name]
[WARN ] 2017-08-28 19:56:20 [    Test worker] [.i.t.ChronoGraphQueryProcessor]:  Query requires iteration over all vertices, because none of the given properties is indexed! For better performance use indices. Requested properties: [kind, name]


================================================================================
 TEST SUCCEEDED                                                                 
--------------------------------------------------------------------------------
    Test class:  GremlinTest
    Test method: multipleHasClausesWorksOnNonIndexedVertexProperty[Using tupl]
    End time:    2017/08/28 19:56:20 (Duration: 147ms)
================================================================================





================================================================================
 TEST START                                                                     
--------------------------------------------------------------------------------
    Test class:  GremlinTest
    Test method: multipleHasClausesWorksOnMixedIndexedVertexProperty[Using tupl]
    Start time:  2017/08/28 19:56:20
================================================================================





================================================================================
 TEST SUCCEEDED                                                                 
--------------------------------------------------------------------------------
    Test class:  GremlinTest
    Test method: multipleHasClausesWorksOnMixedIndexedVertexProperty[Using tupl]
    End time:    2017/08/28 19:56:20 (Duration: 269ms)
================================================================================





================================================================================
 TEST START                                                                     
--------------------------------------------------------------------------------
    Test class:  GremlinTest
    Test method: multipleHasClausesWorksOnIndexedEdgeProperty[Using tupl]
    Start time:  2017/08/28 19:56:20
================================================================================





================================================================================
 TEST SUCCEEDED                                                                 
--------------------------------------------------------------------------------
    Test class:  GremlinTest
    Test method: multipleHasClausesWorksOnIndexedEdgeProperty[Using tupl]
    End time:    2017/08/28 19:56:20 (Duration: 302ms)
================================================================================





================================================================================
 TEST START                                                                     
--------------------------------------------------------------------------------
    Test class:  GremlinTest
    Test method: canExecuteGraphVHasLabel[Using tupl]
    Start time:  2017/08/28 19:56:20
================================================================================



[WARN ] 2017-08-28 19:56:20 [    Test worker] [.i.t.ChronoGraphQueryProcessor]:  Query requires iteration over all vertices, because none of the given properties is indexed! For better performance use indices. Requested properties: [~label]
[WARN ] 2017-08-28 19:56:20 [    Test worker] [.i.t.ChronoGraphQueryProcessor]:  Query requires iteration over all vertices, because none of the given properties is indexed! For better performance use indices. Requested properties: [~label]
[WARN ] 2017-08-28 19:56:20 [    Test worker] [.i.t.ChronoGraphQueryProcessor]:  Query requires iteration over all vertices, because none of the given properties is indexed! For better performance use indices. Requested properties: [~label]
[WARN ] 2017-08-28 19:56:20 [    Test worker] [.i.t.ChronoGraphQueryProcessor]:  Query requires iteration over all vertices, because none of the given properties is indexed! For better performance use indices. Requested properties: [~label]


================================================================================
 TEST SUCCEEDED                                                                 
--------------------------------------------------------------------------------
    Test class:  GremlinTest
    Test method: canExecuteGraphVHasLabel[Using tupl]
    End time:    2017/08/28 19:56:20 (Duration: 162ms)
================================================================================





================================================================================
 TEST START                                                                     
--------------------------------------------------------------------------------
    Test class:  GremlinTest
    Test method: usingSubqueriesWorks[Using tupl]
    Start time:  2017/08/28 19:56:20
================================================================================





================================================================================
 TEST SUCCEEDED                                                                 
--------------------------------------------------------------------------------
    Test class:  GremlinTest
    Test method: usingSubqueriesWorks[Using tupl]
    End time:    2017/08/28 19:56:21 (Duration: 120ms)
================================================================================





================================================================================
 TEST START                                                                     
--------------------------------------------------------------------------------
    Test class:  GremlinTest
    Test method: basicEgdeRetrievalWorks[Using tupl]
    Start time:  2017/08/28 19:56:21
================================================================================



[WARN ] 2017-08-28 19:56:21 [    Test worker] [.i.t.ChronoGraphQueryProcessor]:  Query requires iteration over all edges, because none of the given properties is indexed! For better performance use indices. Requested properties: [since]


================================================================================
 TEST SUCCEEDED                                                                 
--------------------------------------------------------------------------------
    Test class:  GremlinTest
    Test method: basicEgdeRetrievalWorks[Using tupl]
    End time:    2017/08/28 19:56:21 (Duration: 181ms)
================================================================================





================================================================================
 TEST START                                                                     
--------------------------------------------------------------------------------
    Test class:  GremlinTest
    Test method: canExecuteGraphEHasLabel[Using tupl]
    Start time:  2017/08/28 19:56:21
================================================================================



[WARN ] 2017-08-28 19:56:21 [    Test worker] [.i.t.ChronoGraphQueryProcessor]:  Query requires iteration over all edges, because none of the given properties is indexed! For better performance use indices. Requested properties: [~label]
[WARN ] 2017-08-28 19:56:21 [    Test worker] [.i.t.ChronoGraphQueryProcessor]:  Query requires iteration over all edges, because none of the given properties is indexed! For better performance use indices. Requested properties: [~label]
[WARN ] 2017-08-28 19:56:21 [    Test worker] [.i.t.ChronoGraphQueryProcessor]:  Query requires iteration over all edges, because none of the given properties is indexed! For better performance use indices. Requested properties: [~label]
[WARN ] 2017-08-28 19:56:21 [    Test worker] [.i.t.ChronoGraphQueryProcessor]:  Query requires iteration over all edges, because none of the given properties is indexed! For better performance use indices. Requested properties: [~label]


================================================================================
 TEST SUCCEEDED                                                                 
--------------------------------------------------------------------------------
    Test class:  GremlinTest
    Test method: canExecuteGraphEHasLabel[Using tupl]
    End time:    2017/08/28 19:56:21 (Duration: 184ms)
================================================================================





================================================================================
 TEST START                                                                     
--------------------------------------------------------------------------------
    Test class:  GremlinTest
    Test method: basicVertexRetrievalWorks[Using tupl]
    Start time:  2017/08/28 19:56:21
================================================================================



[WARN ] 2017-08-28 19:56:21 [    Test worker] [.i.t.ChronoGraphQueryProcessor]:  Query requires iteration over all vertices, because none of the given properties is indexed! For better performance use indices. Requested properties: [name, age]


================================================================================
 TEST SUCCEEDED                                                                 
--------------------------------------------------------------------------------
    Test class:  GremlinTest
    Test method: basicVertexRetrievalWorks[Using tupl]
    End time:    2017/08/28 19:56:21 (Duration: 169ms)
================================================================================





================================================================================
 TEST START                                                                     
--------------------------------------------------------------------------------
    Test class:  GremlinTest
    Test method: multipleHasClausesWorksOnNonIndexedEdgeProperty[Using tupl]
    Start time:  2017/08/28 19:56:21
================================================================================



[WARN ] 2017-08-28 19:56:21 [    Test worker] [.i.t.ChronoGraphQueryProcessor]:  Query requires iteration over all edges, because none of the given properties is indexed! For better performance use indices. Requested properties: [a, b]
[WARN ] 2017-08-28 19:56:21 [    Test worker] [.i.t.ChronoGraphQueryProcessor]:  Query requires iteration over all edges, because none of the given properties is indexed! For better performance use indices. Requested properties: [a, b]


================================================================================
 TEST SUCCEEDED                                                                 
--------------------------------------------------------------------------------
    Test class:  GremlinTest
    Test method: multipleHasClausesWorksOnNonIndexedEdgeProperty[Using tupl]
    End time:    2017/08/28 19:56:21 (Duration: 199ms)
================================================================================





================================================================================
 TEST START                                                                     
--------------------------------------------------------------------------------
    Test class:  GremlinTest
    Test method: multipleHasClausesWorksOnIndexedVertexProperty[Using tupl]
    Start time:  2017/08/28 19:56:21
================================================================================





================================================================================
 TEST SUCCEEDED                                                                 
--------------------------------------------------------------------------------
    Test class:  GremlinTest
    Test method: multipleHasClausesWorksOnIndexedVertexProperty[Using tupl]
    End time:    2017/08/28 19:56:22 (Duration: 216ms)
================================================================================





================================================================================
 TEST START                                                                     
--------------------------------------------------------------------------------
    Test class:  GremlinTest
    Test method: gremlinNavigationWorks[Using inmemory]
    Start time:  2017/08/28 19:56:22
================================================================================



[WARN ] 2017-08-28 19:56:22 [    Test worker] [.i.t.ChronoGraphQueryProcessor]:  Query requires iteration over all vertices, because none of the given properties is indexed! For better performance use indices. Requested properties: [kind, name]


================================================================================
 TEST SUCCEEDED                                                                 
--------------------------------------------------------------------------------
    Test class:  GremlinTest
    Test method: gremlinNavigationWorks[Using inmemory]
    End time:    2017/08/28 19:56:22 (Duration: 0ms)
================================================================================





================================================================================
 TEST START                                                                     
--------------------------------------------------------------------------------
    Test class:  GremlinTest
    Test method: multipleHasClausesWorksOnMixedEdgeProperty[Using inmemory]
    Start time:  2017/08/28 19:56:22
================================================================================





================================================================================
 TEST SUCCEEDED                                                                 
--------------------------------------------------------------------------------
    Test class:  GremlinTest
    Test method: multipleHasClausesWorksOnMixedEdgeProperty[Using inmemory]
    End time:    2017/08/28 19:56:22 (Duration: 17ms)
================================================================================





================================================================================
 TEST START                                                                     
--------------------------------------------------------------------------------
    Test class:  GremlinTest
    Test method: multipleHasClausesWorksOnNonIndexedVertexProperty[Using inmemory]
    Start time:  2017/08/28 19:56:22
================================================================================



[WARN ] 2017-08-28 19:56:22 [    Test worker] [.i.t.ChronoGraphQueryProcessor]:  Query requires iteration over all vertices, because none of the given properties is indexed! For better performance use indices. Requested properties: [kind, name]
[WARN ] 2017-08-28 19:56:22 [    Test worker] [.i.t.ChronoGraphQueryProcessor]:  Query requires iteration over all vertices, because none of the given properties is indexed! For better performance use indices. Requested properties: [kind, name]


================================================================================
 TEST SUCCEEDED                                                                 
--------------------------------------------------------------------------------
    Test class:  GremlinTest
    Test method: multipleHasClausesWorksOnNonIndexedVertexProperty[Using inmemory]
    End time:    2017/08/28 19:56:22 (Duration: 0ms)
================================================================================





================================================================================
 TEST START                                                                     
--------------------------------------------------------------------------------
    Test class:  GremlinTest
    Test method: multipleHasClausesWorksOnMixedIndexedVertexProperty[Using inmemory]
    Start time:  2017/08/28 19:56:22
================================================================================





================================================================================
 TEST SUCCEEDED                                                                 
--------------------------------------------------------------------------------
    Test class:  GremlinTest
    Test method: multipleHasClausesWorksOnMixedIndexedVertexProperty[Using inmemory]
    End time:    2017/08/28 19:56:22 (Duration: 6ms)
================================================================================





================================================================================
 TEST START                                                                     
--------------------------------------------------------------------------------
    Test class:  GremlinTest
    Test method: multipleHasClausesWorksOnIndexedEdgeProperty[Using inmemory]
    Start time:  2017/08/28 19:56:22
================================================================================





================================================================================
 TEST SUCCEEDED                                                                 
--------------------------------------------------------------------------------
    Test class:  GremlinTest
    Test method: multipleHasClausesWorksOnIndexedEdgeProperty[Using inmemory]
    End time:    2017/08/28 19:56:22 (Duration: 5ms)
================================================================================





================================================================================
 TEST START                                                                     
--------------------------------------------------------------------------------
    Test class:  GremlinTest
    Test method: canExecuteGraphVHasLabel[Using inmemory]
    Start time:  2017/08/28 19:56:22
================================================================================



[WARN ] 2017-08-28 19:56:22 [    Test worker] [.i.t.ChronoGraphQueryProcessor]:  Query requires iteration over all vertices, because none of the given properties is indexed! For better performance use indices. Requested properties: [~label]
[WARN ] 2017-08-28 19:56:22 [    Test worker] [.i.t.ChronoGraphQueryProcessor]:  Query requires iteration over all vertices, because none of the given properties is indexed! For better performance use indices. Requested properties: [~label]
[WARN ] 2017-08-28 19:56:22 [    Test worker] [.i.t.ChronoGraphQueryProcessor]:  Query requires iteration over all vertices, because none of the given properties is indexed! For better performance use indices. Requested properties: [~label]
[WARN ] 2017-08-28 19:56:22 [    Test worker] [.i.t.ChronoGraphQueryProcessor]:  Query requires iteration over all vertices, because none of the given properties is indexed! For better performance use indices. Requested properties: [~label]


================================================================================
 TEST SUCCEEDED                                                                 
--------------------------------------------------------------------------------
    Test class:  GremlinTest
    Test method: canExecuteGraphVHasLabel[Using inmemory]
    End time:    2017/08/28 19:56:22 (Duration: 0ms)
================================================================================





================================================================================
 TEST START                                                                     
--------------------------------------------------------------------------------
    Test class:  GremlinTest
    Test method: usingSubqueriesWorks[Using inmemory]
    Start time:  2017/08/28 19:56:22
================================================================================





================================================================================
 TEST SUCCEEDED                                                                 
--------------------------------------------------------------------------------
    Test class:  GremlinTest
    Test method: usingSubqueriesWorks[Using inmemory]
    End time:    2017/08/28 19:56:22 (Duration: 0ms)
================================================================================





================================================================================
 TEST START                                                                     
--------------------------------------------------------------------------------
    Test class:  GremlinTest
    Test method: basicEgdeRetrievalWorks[Using inmemory]
    Start time:  2017/08/28 19:56:22
================================================================================



[WARN ] 2017-08-28 19:56:22 [    Test worker] [.i.t.ChronoGraphQueryProcessor]:  Query requires iteration over all edges, because none of the given properties is indexed! For better performance use indices. Requested properties: [since]


================================================================================
 TEST SUCCEEDED                                                                 
--------------------------------------------------------------------------------
    Test class:  GremlinTest
    Test method: basicEgdeRetrievalWorks[Using inmemory]
    End time:    2017/08/28 19:56:22 (Duration: 0ms)
================================================================================





================================================================================
 TEST START                                                                     
--------------------------------------------------------------------------------
    Test class:  GremlinTest
    Test method: canExecuteGraphEHasLabel[Using inmemory]
    Start time:  2017/08/28 19:56:22
================================================================================



[WARN ] 2017-08-28 19:56:22 [    Test worker] [.i.t.ChronoGraphQueryProcessor]:  Query requires iteration over all edges, because none of the given properties is indexed! For better performance use indices. Requested properties: [~label]
[WARN ] 2017-08-28 19:56:22 [    Test worker] [.i.t.ChronoGraphQueryProcessor]:  Query requires iteration over all edges, because none of the given properties is indexed! For better performance use indices. Requested properties: [~label]
[WARN ] 2017-08-28 19:56:22 [    Test worker] [.i.t.ChronoGraphQueryProcessor]:  Query requires iteration over all edges, because none of the given properties is indexed! For better performance use indices. Requested properties: [~label]
[WARN ] 2017-08-28 19:56:22 [    Test worker] [.i.t.ChronoGraphQueryProcessor]:  Query requires iteration over all edges, because none of the given properties is indexed! For better performance use indices. Requested properties: [~label]


================================================================================
 TEST SUCCEEDED                                                                 
--------------------------------------------------------------------------------
    Test class:  GremlinTest
    Test method: canExecuteGraphEHasLabel[Using inmemory]
    End time:    2017/08/28 19:56:22 (Duration: 0ms)
================================================================================





================================================================================
 TEST START                                                                     
--------------------------------------------------------------------------------
    Test class:  GremlinTest
    Test method: basicVertexRetrievalWorks[Using inmemory]
    Start time:  2017/08/28 19:56:22
================================================================================



[WARN ] 2017-08-28 19:56:22 [    Test worker] [.i.t.ChronoGraphQueryProcessor]:  Query requires iteration over all vertices, because none of the given properties is indexed! For better performance use indices. Requested properties: [name, age]


================================================================================
 TEST SUCCEEDED                                                                 
--------------------------------------------------------------------------------
    Test class:  GremlinTest
    Test method: basicVertexRetrievalWorks[Using inmemory]
    End time:    2017/08/28 19:56:22 (Duration: 0ms)
================================================================================





================================================================================
 TEST START                                                                     
--------------------------------------------------------------------------------
    Test class:  GremlinTest
    Test method: multipleHasClausesWorksOnNonIndexedEdgeProperty[Using inmemory]
    Start time:  2017/08/28 19:56:22
================================================================================



[WARN ] 2017-08-28 19:56:22 [    Test worker] [.i.t.ChronoGraphQueryProcessor]:  Query requires iteration over all edges, because none of the given properties is indexed! For better performance use indices. Requested properties: [a, b]
[WARN ] 2017-08-28 19:56:22 [    Test worker] [.i.t.ChronoGraphQueryProcessor]:  Query requires iteration over all edges, because none of the given properties is indexed! For better performance use indices. Requested properties: [a, b]


================================================================================
 TEST SUCCEEDED                                                                 
--------------------------------------------------------------------------------
    Test class:  GremlinTest
    Test method: multipleHasClausesWorksOnNonIndexedEdgeProperty[Using inmemory]
    End time:    2017/08/28 19:56:22 (Duration: 0ms)
================================================================================





================================================================================
 TEST START                                                                     
--------------------------------------------------------------------------------
    Test class:  GremlinTest
    Test method: multipleHasClausesWorksOnIndexedVertexProperty[Using inmemory]
    Start time:  2017/08/28 19:56:22
================================================================================





================================================================================
 TEST SUCCEEDED                                                                 
--------------------------------------------------------------------------------
    Test class:  GremlinTest
    Test method: multipleHasClausesWorksOnIndexedVertexProperty[Using inmemory]
    End time:    2017/08/28 19:56:22 (Duration: 19ms)
================================================================================





================================================================================
 TEST START                                                                     
--------------------------------------------------------------------------------
    Test class:  GremlinTest
    Test method: gremlinNavigationWorks[Using jdbc]
    Start time:  2017/08/28 19:56:22
================================================================================



[WARN ] 2017-08-28 19:56:22 [    Test worker] [.i.t.ChronoGraphQueryProcessor]:  Query requires iteration over all vertices, because none of the given properties is indexed! For better performance use indices. Requested properties: [kind, name]


================================================================================
 TEST SUCCEEDED                                                                 
--------------------------------------------------------------------------------
    Test class:  GremlinTest
    Test method: gremlinNavigationWorks[Using jdbc]
    End time:    2017/08/28 19:56:22 (Duration: 22ms)
================================================================================





================================================================================
 TEST START                                                                     
--------------------------------------------------------------------------------
    Test class:  GremlinTest
    Test method: multipleHasClausesWorksOnMixedEdgeProperty[Using jdbc]
    Start time:  2017/08/28 19:56:22
================================================================================





================================================================================
 TEST SUCCEEDED                                                                 
--------------------------------------------------------------------------------
    Test class:  GremlinTest
    Test method: multipleHasClausesWorksOnMixedEdgeProperty[Using jdbc]
    End time:    2017/08/28 19:56:22 (Duration: 30ms)
================================================================================





================================================================================
 TEST START                                                                     
--------------------------------------------------------------------------------
    Test class:  GremlinTest
    Test method: multipleHasClausesWorksOnNonIndexedVertexProperty[Using jdbc]
    Start time:  2017/08/28 19:56:22
================================================================================



[WARN ] 2017-08-28 19:56:22 [    Test worker] [.i.t.ChronoGraphQueryProcessor]:  Query requires iteration over all vertices, because none of the given properties is indexed! For better performance use indices. Requested properties: [kind, name]
[WARN ] 2017-08-28 19:56:22 [    Test worker] [.i.t.ChronoGraphQueryProcessor]:  Query requires iteration over all vertices, because none of the given properties is indexed! For better performance use indices. Requested properties: [kind, name]


================================================================================
 TEST SUCCEEDED                                                                 
--------------------------------------------------------------------------------
    Test class:  GremlinTest
    Test method: multipleHasClausesWorksOnNonIndexedVertexProperty[Using jdbc]
    End time:    2017/08/28 19:56:22 (Duration: 15ms)
================================================================================





================================================================================
 TEST START                                                                     
--------------------------------------------------------------------------------
    Test class:  GremlinTest
    Test method: multipleHasClausesWorksOnMixedIndexedVertexProperty[Using jdbc]
    Start time:  2017/08/28 19:56:22
================================================================================





================================================================================
 TEST SUCCEEDED                                                                 
--------------------------------------------------------------------------------
    Test class:  GremlinTest
    Test method: multipleHasClausesWorksOnMixedIndexedVertexProperty[Using jdbc]
    End time:    2017/08/28 19:56:22 (Duration: 39ms)
================================================================================





================================================================================
 TEST START                                                                     
--------------------------------------------------------------------------------
    Test class:  GremlinTest
    Test method: multipleHasClausesWorksOnIndexedEdgeProperty[Using jdbc]
    Start time:  2017/08/28 19:56:22
================================================================================





================================================================================
 TEST SUCCEEDED                                                                 
--------------------------------------------------------------------------------
    Test class:  GremlinTest
    Test method: multipleHasClausesWorksOnIndexedEdgeProperty[Using jdbc]
    End time:    2017/08/28 19:56:22 (Duration: 27ms)
================================================================================





================================================================================
 TEST START                                                                     
--------------------------------------------------------------------------------
    Test class:  GremlinTest
    Test method: canExecuteGraphVHasLabel[Using jdbc]
    Start time:  2017/08/28 19:56:22
================================================================================



[WARN ] 2017-08-28 19:56:22 [    Test worker] [.i.t.ChronoGraphQueryProcessor]:  Query requires iteration over all vertices, because none of the given properties is indexed! For better performance use indices. Requested properties: [~label]
[WARN ] 2017-08-28 19:56:22 [    Test worker] [.i.t.ChronoGraphQueryProcessor]:  Query requires iteration over all vertices, because none of the given properties is indexed! For better performance use indices. Requested properties: [~label]
[WARN ] 2017-08-28 19:56:22 [    Test worker] [.i.t.ChronoGraphQueryProcessor]:  Query requires iteration over all vertices, because none of the given properties is indexed! For better performance use indices. Requested properties: [~label]
[WARN ] 2017-08-28 19:56:22 [    Test worker] [.i.t.ChronoGraphQueryProcessor]:  Query requires iteration over all vertices, because none of the given properties is indexed! For better performance use indices. Requested properties: [~label]


================================================================================
 TEST SUCCEEDED                                                                 
--------------------------------------------------------------------------------
    Test class:  GremlinTest
    Test method: canExecuteGraphVHasLabel[Using jdbc]
    End time:    2017/08/28 19:56:22 (Duration: 16ms)
================================================================================





================================================================================
 TEST START                                                                     
--------------------------------------------------------------------------------
    Test class:  GremlinTest
    Test method: usingSubqueriesWorks[Using jdbc]
    Start time:  2017/08/28 19:56:22
================================================================================





================================================================================
 TEST SUCCEEDED                                                                 
--------------------------------------------------------------------------------
    Test class:  GremlinTest
    Test method: usingSubqueriesWorks[Using jdbc]
    End time:    2017/08/28 19:56:22 (Duration: 31ms)
================================================================================





================================================================================
 TEST START                                                                     
--------------------------------------------------------------------------------
    Test class:  GremlinTest
    Test method: basicEgdeRetrievalWorks[Using jdbc]
    Start time:  2017/08/28 19:56:22
================================================================================



[WARN ] 2017-08-28 19:56:22 [    Test worker] [.i.t.ChronoGraphQueryProcessor]:  Query requires iteration over all edges, because none of the given properties is indexed! For better performance use indices. Requested properties: [since]


================================================================================
 TEST SUCCEEDED                                                                 
--------------------------------------------------------------------------------
    Test class:  GremlinTest
    Test method: basicEgdeRetrievalWorks[Using jdbc]
    End time:    2017/08/28 19:56:22 (Duration: 26ms)
================================================================================





================================================================================
 TEST START                                                                     
--------------------------------------------------------------------------------
    Test class:  GremlinTest
    Test method: canExecuteGraphEHasLabel[Using jdbc]
    Start time:  2017/08/28 19:56:22
================================================================================



[WARN ] 2017-08-28 19:56:22 [    Test worker] [.i.t.ChronoGraphQueryProcessor]:  Query requires iteration over all edges, because none of the given properties is indexed! For better performance use indices. Requested properties: [~label]
[WARN ] 2017-08-28 19:56:22 [    Test worker] [.i.t.ChronoGraphQueryProcessor]:  Query requires iteration over all edges, because none of the given properties is indexed! For better performance use indices. Requested properties: [~label]
[WARN ] 2017-08-28 19:56:22 [    Test worker] [.i.t.ChronoGraphQueryProcessor]:  Query requires iteration over all edges, because none of the given properties is indexed! For better performance use indices. Requested properties: [~label]
[WARN ] 2017-08-28 19:56:22 [    Test worker] [.i.t.ChronoGraphQueryProcessor]:  Query requires iteration over all edges, because none of the given properties is indexed! For better performance use indices. Requested properties: [~label]


================================================================================
 TEST SUCCEEDED                                                                 
--------------------------------------------------------------------------------
    Test class:  GremlinTest
    Test method: canExecuteGraphEHasLabel[Using jdbc]
    End time:    2017/08/28 19:56:22 (Duration: 16ms)
================================================================================





================================================================================
 TEST START                                                                     
--------------------------------------------------------------------------------
    Test class:  GremlinTest
    Test method: basicVertexRetrievalWorks[Using jdbc]
    Start time:  2017/08/28 19:56:22
================================================================================



[WARN ] 2017-08-28 19:56:22 [    Test worker] [.i.t.ChronoGraphQueryProcessor]:  Query requires iteration over all vertices, because none of the given properties is indexed! For better performance use indices. Requested properties: [name, age]


================================================================================
 TEST SUCCEEDED                                                                 
--------------------------------------------------------------------------------
    Test class:  GremlinTest
    Test method: basicVertexRetrievalWorks[Using jdbc]
    End time:    2017/08/28 19:56:22 (Duration: 31ms)
================================================================================





================================================================================
 TEST START                                                                     
--------------------------------------------------------------------------------
    Test class:  GremlinTest
    Test method: multipleHasClausesWorksOnNonIndexedEdgeProperty[Using jdbc]
    Start time:  2017/08/28 19:56:22
================================================================================



[WARN ] 2017-08-28 19:56:22 [    Test worker] [.i.t.ChronoGraphQueryProcessor]:  Query requires iteration over all edges, because none of the given properties is indexed! For better performance use indices. Requested properties: [a, b]
[WARN ] 2017-08-28 19:56:22 [    Test worker] [.i.t.ChronoGraphQueryProcessor]:  Query requires iteration over all edges, because none of the given properties is indexed! For better performance use indices. Requested properties: [a, b]


================================================================================
 TEST SUCCEEDED                                                                 
--------------------------------------------------------------------------------
    Test class:  GremlinTest
    Test method: multipleHasClausesWorksOnNonIndexedEdgeProperty[Using jdbc]
    End time:    2017/08/28 19:56:22 (Duration: 16ms)
================================================================================





================================================================================
 TEST START                                                                     
--------------------------------------------------------------------------------
    Test class:  GremlinTest
    Test method: multipleHasClausesWorksOnIndexedVertexProperty[Using jdbc]
    Start time:  2017/08/28 19:56:22
================================================================================





================================================================================
 TEST SUCCEEDED                                                                 
--------------------------------------------------------------------------------
    Test class:  GremlinTest
    Test method: multipleHasClausesWorksOnIndexedVertexProperty[Using jdbc]
    End time:    2017/08/28 19:56:22 (Duration: 38ms)
================================================================================





================================================================================
 TEST START                                                                     
--------------------------------------------------------------------------------
    Test class:  GremlinTest
    Test method: gremlinNavigationWorks[Using mapdb]
    Start time:  2017/08/28 19:56:22
================================================================================



[WARN ] 2017-08-28 19:56:22 [    Test worker] [.i.t.ChronoGraphQueryProcessor]:  Query requires iteration over all vertices, because none of the given properties is indexed! For better performance use indices. Requested properties: [kind, name]


================================================================================
 TEST SUCCEEDED                                                                 
--------------------------------------------------------------------------------
    Test class:  GremlinTest
    Test method: gremlinNavigationWorks[Using mapdb]
    End time:    2017/08/28 19:56:22 (Duration: 292ms)
================================================================================





================================================================================
 TEST START                                                                     
--------------------------------------------------------------------------------
    Test class:  GremlinTest
    Test method: multipleHasClausesWorksOnMixedEdgeProperty[Using mapdb]
    Start time:  2017/08/28 19:56:22
================================================================================





================================================================================
 TEST SUCCEEDED                                                                 
--------------------------------------------------------------------------------
    Test class:  GremlinTest
    Test method: multipleHasClausesWorksOnMixedEdgeProperty[Using mapdb]
    End time:    2017/08/28 19:56:23 (Duration: 439ms)
================================================================================





================================================================================
 TEST START                                                                     
--------------------------------------------------------------------------------
    Test class:  GremlinTest
    Test method: multipleHasClausesWorksOnNonIndexedVertexProperty[Using mapdb]
    Start time:  2017/08/28 19:56:23
================================================================================



[WARN ] 2017-08-28 19:56:23 [    Test worker] [.i.t.ChronoGraphQueryProcessor]:  Query requires iteration over all vertices, because none of the given properties is indexed! For better performance use indices. Requested properties: [kind, name]
[WARN ] 2017-08-28 19:56:23 [    Test worker] [.i.t.ChronoGraphQueryProcessor]:  Query requires iteration over all vertices, because none of the given properties is indexed! For better performance use indices. Requested properties: [kind, name]


================================================================================
 TEST SUCCEEDED                                                                 
--------------------------------------------------------------------------------
    Test class:  GremlinTest
    Test method: multipleHasClausesWorksOnNonIndexedVertexProperty[Using mapdb]
    End time:    2017/08/28 19:56:23 (Duration: 316ms)
================================================================================





================================================================================
 TEST START                                                                     
--------------------------------------------------------------------------------
    Test class:  GremlinTest
    Test method: multipleHasClausesWorksOnMixedIndexedVertexProperty[Using mapdb]
    Start time:  2017/08/28 19:56:23
================================================================================





================================================================================
 TEST SUCCEEDED                                                                 
--------------------------------------------------------------------------------
    Test class:  GremlinTest
    Test method: multipleHasClausesWorksOnMixedIndexedVertexProperty[Using mapdb]
    End time:    2017/08/28 19:56:24 (Duration: 615ms)
================================================================================





================================================================================
 TEST START                                                                     
--------------------------------------------------------------------------------
    Test class:  GremlinTest
    Test method: multipleHasClausesWorksOnIndexedEdgeProperty[Using mapdb]
    Start time:  2017/08/28 19:56:24
================================================================================





================================================================================
 TEST SUCCEEDED                                                                 
--------------------------------------------------------------------------------
    Test class:  GremlinTest
    Test method: multipleHasClausesWorksOnIndexedEdgeProperty[Using mapdb]
    End time:    2017/08/28 19:56:24 (Duration: 869ms)
================================================================================





================================================================================
 TEST START                                                                     
--------------------------------------------------------------------------------
    Test class:  GremlinTest
    Test method: canExecuteGraphVHasLabel[Using mapdb]
    Start time:  2017/08/28 19:56:24
================================================================================



[WARN ] 2017-08-28 19:56:25 [    Test worker] [.i.t.ChronoGraphQueryProcessor]:  Query requires iteration over all vertices, because none of the given properties is indexed! For better performance use indices. Requested properties: [~label]
[WARN ] 2017-08-28 19:56:25 [    Test worker] [.i.t.ChronoGraphQueryProcessor]:  Query requires iteration over all vertices, because none of the given properties is indexed! For better performance use indices. Requested properties: [~label]
[WARN ] 2017-08-28 19:56:25 [    Test worker] [.i.t.ChronoGraphQueryProcessor]:  Query requires iteration over all vertices, because none of the given properties is indexed! For better performance use indices. Requested properties: [~label]
[WARN ] 2017-08-28 19:56:25 [    Test worker] [.i.t.ChronoGraphQueryProcessor]:  Query requires iteration over all vertices, because none of the given properties is indexed! For better performance use indices. Requested properties: [~label]


================================================================================
 TEST SUCCEEDED                                                                 
--------------------------------------------------------------------------------
    Test class:  GremlinTest
    Test method: canExecuteGraphVHasLabel[Using mapdb]
    End time:    2017/08/28 19:56:25 (Duration: 377ms)
================================================================================





================================================================================
 TEST START                                                                     
--------------------------------------------------------------------------------
    Test class:  GremlinTest
    Test method: usingSubqueriesWorks[Using mapdb]
    Start time:  2017/08/28 19:56:25
================================================================================





================================================================================
 TEST SUCCEEDED                                                                 
--------------------------------------------------------------------------------
    Test class:  GremlinTest
    Test method: usingSubqueriesWorks[Using mapdb]
    End time:    2017/08/28 19:56:25 (Duration: 254ms)
================================================================================





================================================================================
 TEST START                                                                     
--------------------------------------------------------------------------------
    Test class:  GremlinTest
    Test method: basicEgdeRetrievalWorks[Using mapdb]
    Start time:  2017/08/28 19:56:25
================================================================================



[WARN ] 2017-08-28 19:56:25 [    Test worker] [.i.t.ChronoGraphQueryProcessor]:  Query requires iteration over all edges, because none of the given properties is indexed! For better performance use indices. Requested properties: [since]


================================================================================
 TEST SUCCEEDED                                                                 
--------------------------------------------------------------------------------
    Test class:  GremlinTest
    Test method: basicEgdeRetrievalWorks[Using mapdb]
    End time:    2017/08/28 19:56:25 (Duration: 384ms)
================================================================================





================================================================================
 TEST START                                                                     
--------------------------------------------------------------------------------
    Test class:  GremlinTest
    Test method: canExecuteGraphEHasLabel[Using mapdb]
    Start time:  2017/08/28 19:56:25
================================================================================



[WARN ] 2017-08-28 19:56:26 [    Test worker] [.i.t.ChronoGraphQueryProcessor]:  Query requires iteration over all edges, because none of the given properties is indexed! For better performance use indices. Requested properties: [~label]
[WARN ] 2017-08-28 19:56:26 [    Test worker] [.i.t.ChronoGraphQueryProcessor]:  Query requires iteration over all edges, because none of the given properties is indexed! For better performance use indices. Requested properties: [~label]
[WARN ] 2017-08-28 19:56:26 [    Test worker] [.i.t.ChronoGraphQueryProcessor]:  Query requires iteration over all edges, because none of the given properties is indexed! For better performance use indices. Requested properties: [~label]
[WARN ] 2017-08-28 19:56:26 [    Test worker] [.i.t.ChronoGraphQueryProcessor]:  Query requires iteration over all edges, because none of the given properties is indexed! For better performance use indices. Requested properties: [~label]


================================================================================
 TEST SUCCEEDED                                                                 
--------------------------------------------------------------------------------
    Test class:  GremlinTest
    Test method: canExecuteGraphEHasLabel[Using mapdb]
    End time:    2017/08/28 19:56:26 (Duration: 285ms)
================================================================================





================================================================================
 TEST START                                                                     
--------------------------------------------------------------------------------
    Test class:  GremlinTest
    Test method: basicVertexRetrievalWorks[Using mapdb]
    Start time:  2017/08/28 19:56:26
================================================================================



[WARN ] 2017-08-28 19:56:26 [    Test worker] [.i.t.ChronoGraphQueryProcessor]:  Query requires iteration over all vertices, because none of the given properties is indexed! For better performance use indices. Requested properties: [name, age]


================================================================================
 TEST SUCCEEDED                                                                 
--------------------------------------------------------------------------------
    Test class:  GremlinTest
    Test method: basicVertexRetrievalWorks[Using mapdb]
    End time:    2017/08/28 19:56:26 (Duration: 279ms)
================================================================================





================================================================================
 TEST START                                                                     
--------------------------------------------------------------------------------
    Test class:  GremlinTest
    Test method: multipleHasClausesWorksOnNonIndexedEdgeProperty[Using mapdb]
    Start time:  2017/08/28 19:56:26
================================================================================



[WARN ] 2017-08-28 19:56:26 [    Test worker] [.i.t.ChronoGraphQueryProcessor]:  Query requires iteration over all edges, because none of the given properties is indexed! For better performance use indices. Requested properties: [a, b]
[WARN ] 2017-08-28 19:56:26 [    Test worker] [.i.t.ChronoGraphQueryProcessor]:  Query requires iteration over all edges, because none of the given properties is indexed! For better performance use indices. Requested properties: [a, b]


================================================================================
 TEST SUCCEEDED                                                                 
--------------------------------------------------------------------------------
    Test class:  GremlinTest
    Test method: multipleHasClausesWorksOnNonIndexedEdgeProperty[Using mapdb]
    End time:    2017/08/28 19:56:26 (Duration: 283ms)
================================================================================





================================================================================
 TEST START                                                                     
--------------------------------------------------------------------------------
    Test class:  GremlinTest
    Test method: multipleHasClausesWorksOnIndexedVertexProperty[Using mapdb]
    Start time:  2017/08/28 19:56:26
================================================================================





================================================================================
 TEST SUCCEEDED                                                                 
--------------------------------------------------------------------------------
    Test class:  GremlinTest
    Test method: multipleHasClausesWorksOnIndexedVertexProperty[Using mapdb]
    End time:    2017/08/28 19:56:27 (Duration: 784ms)
================================================================================



[INFO ] 2017-08-28 19:56:27 [    Test worker] [    o.c.c.test.ChronosUnitTest]:  Attempting to delete temp directory provided at: C:\Users\Martin\AppData\Local\Temp\ChronoDBTest318862688473434810
[INFO ] 2017-08-28 19:56:27 [    Test worker] [    o.c.c.test.ChronosUnitTest]:  Successfully deleted temp directory
]]></system-out>
  <system-err><![CDATA[]]></system-err>
</testsuite>
