<?xml version="1.0" encoding="UTF-8"?>
<testsuite name="org.chronos.chronograph.test.index.IndexMigrationTest" tests="1" skipped="0" failures="0" errors="0" timestamp="2017-08-28T17:56:30" hostname="Aurora" time="0.137">
  <properties/>
  <testcase name="canLoadGraphWithOldIndexers" classname="org.chronos.chronograph.test.index.IndexMigrationTest" time="0.137"/>
  <system-out><![CDATA[[INFO ] 2017-08-28 19:56:30 [    Test worker] [    o.c.c.test.ChronosUnitTest]:  Temp directory is provided at: C:\Users\Martin\AppData\Local\Temp\ChronoDBTest318862688473434810


================================================================================
 TEST START                                                                     
--------------------------------------------------------------------------------
    Test class:  IndexMigrationTest
    Test method: canLoadGraphWithOldIndexers
    Start time:  2017/08/28 19:56:30
================================================================================



[WARN ] 2017-08-28 19:56:30 [    Test worker] [    o.c.c.test.ChronosUnitTest]:  Failed to delete the test directory!


================================================================================
 TEST SUCCEEDED                                                                 
--------------------------------------------------------------------------------
    Test class:  IndexMigrationTest
    Test method: canLoadGraphWithOldIndexers
    End time:    2017/08/28 19:56:30 (Duration: 137ms)
================================================================================



[INFO ] 2017-08-28 19:56:30 [    Test worker] [    o.c.c.test.ChronosUnitTest]:  Attempting to delete temp directory provided at: C:\Users\Martin\AppData\Local\Temp\ChronoDBTest318862688473434810
[WARN ] 2017-08-28 19:56:30 [    Test worker] [    o.c.c.test.ChronosUnitTest]:  Failed to delete temp directory: java.io.IOException: Unable to delete file: C:\Users\Martin\AppData\Local\Temp\ChronoDBTest318862688473434810\TestDirectory5562a6743b974a7c8c74c7dc77bb46ba\GraphDump\dump.chronos.redo.3
]]></system-out>
  <system-err><![CDATA[]]></system-err>
</testsuite>
