<?xml version="1.0" encoding="UTF-8"?>
<testsuite name="org.apache.tinkerpop.gremlin.structure.util.detached.DetachedVertexTest" tests="18" skipped="2" failures="0" errors="0" timestamp="2017-08-28T17:58:56" hostname="Aurora" time="0.047">
  <properties/>
  <testcase name="shouldHaveSameHashCode" classname="org.apache.tinkerpop.gremlin.structure.util.detached.DetachedVertexTest" time="0.016"/>
  <testcase name="shouldAttachToVertex" classname="org.apache.tinkerpop.gremlin.structure.util.detached.DetachedVertexTest" time="0.0"/>
  <testcase name="shouldConstructDetachedVertexFromParts" classname="org.apache.tinkerpop.gremlin.structure.util.detached.DetachedVertexTest" time="0.0"/>
  <testcase name="shouldNotAllowSetProperty" classname="org.apache.tinkerpop.gremlin.structure.util.detached.DetachedVertexTest" time="0.0"/>
  <testcase name="shouldEvaluateToEqual" classname="org.apache.tinkerpop.gremlin.structure.util.detached.DetachedVertexTest" time="0.016"/>
  <testcase name="shouldCreateVertex" classname="org.apache.tinkerpop.gremlin.structure.util.detached.DetachedVertexTest" time="0.0"/>
  <testcase name="shouldNotAllowAddEdge" classname="org.apache.tinkerpop.gremlin.structure.util.detached.DetachedVertexTest" time="0.0"/>
  <testcase name="shouldConstructDetachedVertex" classname="org.apache.tinkerpop.gremlin.structure.util.detached.DetachedVertexTest" time="0.0"/>
  <testcase name="shouldBeAbleToCallPropertyIfThereIsASingleProperty" classname="org.apache.tinkerpop.gremlin.structure.util.detached.DetachedVertexTest" time="0.0"/>
  <testcase name="shouldDetachVertexWithMultiPropertiesAndMetaProperties" classname="org.apache.tinkerpop.gremlin.structure.util.detached.DetachedVertexTest" time="0.0">
    <skipped/>
  </testcase>
  <testcase name="shouldNotEvaluateToEqualDifferentId" classname="org.apache.tinkerpop.gremlin.structure.util.detached.DetachedVertexTest" time="0.0"/>
  <testcase name="shouldAttachToGraph" classname="org.apache.tinkerpop.gremlin.structure.util.detached.DetachedVertexTest" time="0.015"/>
  <testcase name="shouldHashAndEqualCorrectly" classname="org.apache.tinkerpop.gremlin.structure.util.detached.DetachedVertexTest" time="0.0"/>
  <testcase name="shouldNotBeAbleToCallPropertyIfThereAreMultipleProperties" classname="org.apache.tinkerpop.gremlin.structure.util.detached.DetachedVertexTest" time="0.0">
    <skipped/>
  </testcase>
  <testcase name="shouldNotAllowRemove" classname="org.apache.tinkerpop.gremlin.structure.util.detached.DetachedVertexTest" time="0.0"/>
  <testcase name="shouldConstructDetachedVertexFromPartsWithPropertiesOnProperties" classname="org.apache.tinkerpop.gremlin.structure.util.detached.DetachedVertexTest" time="0.0"/>
  <testcase name="shouldConstructDetachedVertexAsReference" classname="org.apache.tinkerpop.gremlin.structure.util.detached.DetachedVertexTest" time="0.0"/>
  <testcase name="shouldNotConstructNewWithSomethingAlreadyDetached" classname="org.apache.tinkerpop.gremlin.structure.util.detached.DetachedVertexTest" time="0.0"/>
  <system-out><![CDATA[[WARN ] 2017-08-28 19:58:56 [    Test worker] [.i.t.ChronoGraphQueryProcessor]:  Query requires iteration over all vertices, because none of the given properties is indexed! For better performance use indices. Requested properties: [name]
[WARN ] 2017-08-28 19:58:56 [    Test worker] [.i.t.ChronoGraphQueryProcessor]:  Query requires iteration over all vertices, because none of the given properties is indexed! For better performance use indices. Requested properties: [name]
[WARN ] 2017-08-28 19:58:56 [    Test worker] [.i.t.ChronoGraphQueryProcessor]:  Query requires iteration over all vertices, because none of the given properties is indexed! For better performance use indices. Requested properties: [name]
[WARN ] 2017-08-28 19:58:56 [    Test worker] [.i.t.ChronoGraphQueryProcessor]:  Query requires iteration over all vertices, because none of the given properties is indexed! For better performance use indices. Requested properties: [name]
[WARN ] 2017-08-28 19:58:56 [    Test worker] [.i.t.ChronoGraphQueryProcessor]:  Query requires iteration over all vertices, because none of the given properties is indexed! For better performance use indices. Requested properties: [name]
[WARN ] 2017-08-28 19:58:56 [    Test worker] [.i.t.ChronoGraphQueryProcessor]:  Query requires iteration over all vertices, because none of the given properties is indexed! For better performance use indices. Requested properties: [name]
[WARN ] 2017-08-28 19:58:56 [    Test worker] [.i.t.ChronoGraphQueryProcessor]:  Query requires iteration over all vertices, because none of the given properties is indexed! For better performance use indices. Requested properties: [name]
[WARN ] 2017-08-28 19:58:56 [    Test worker] [.i.t.ChronoGraphQueryProcessor]:  Query requires iteration over all vertices, because none of the given properties is indexed! For better performance use indices. Requested properties: [name]
[WARN ] 2017-08-28 19:58:56 [    Test worker] [.i.t.ChronoGraphQueryProcessor]:  Query requires iteration over all vertices, because none of the given properties is indexed! For better performance use indices. Requested properties: [name]
[WARN ] 2017-08-28 19:58:56 [    Test worker] [StandardChronoGraphTransaction]:  Query requires iterating over all vertices. For better performance, use 'has(...)' clauses in your gremlin.
[WARN ] 2017-08-28 19:58:56 [    Test worker] [StandardChronoGraphTransaction]:  Query requires iterating over all vertices. For better performance, use 'has(...)' clauses in your gremlin.
[WARN ] 2017-08-28 19:58:56 [    Test worker] [.i.t.ChronoGraphQueryProcessor]:  Query requires iteration over all vertices, because none of the given properties is indexed! For better performance use indices. Requested properties: [name]
[WARN ] 2017-08-28 19:58:56 [    Test worker] [.i.t.ChronoGraphQueryProcessor]:  Query requires iteration over all vertices, because none of the given properties is indexed! For better performance use indices. Requested properties: [name]
[WARN ] 2017-08-28 19:58:56 [    Test worker] [.i.t.ChronoGraphQueryProcessor]:  Query requires iteration over all vertices, because none of the given properties is indexed! For better performance use indices. Requested properties: [name]
]]></system-out>
  <system-err><![CDATA[]]></system-err>
</testsuite>
