<?xml version="1.0" encoding="UTF-8"?>
<testsuite name="org.chronos.chronograph.test.commitmetadata.CountCommitsTest" tests="20" skipped="0" failures="0" errors="0" timestamp="2017-08-28T17:54:46" hostname="Aurora" time="3.912">
  <properties/>
  <testcase name="canCountCommitsWithAndWithoutMetadata[Using tupl]" classname="org.chronos.chronograph.test.commitmetadata.CountCommitsTest" time="0.167"/>
  <testcase name="countingCommitTimestampsIsBranchLocal[Using tupl]" classname="org.chronos.chronograph.test.commitmetadata.CountCommitsTest" time="0.121"/>
  <testcase name="canCountCommitTimestampWhenNoMetadataIsGiven[Using tupl]" classname="org.chronos.chronograph.test.commitmetadata.CountCommitsTest" time="0.095"/>
  <testcase name="retrievingInvalidTimeRangeProducesZero[Using tupl]" classname="org.chronos.chronograph.test.commitmetadata.CountCommitsTest" time="0.085"/>
  <testcase name="canCountCommitsWithAndWithoutMetadata[Using inmemory]" classname="org.chronos.chronograph.test.commitmetadata.CountCommitsTest" time="0.014"/>
  <testcase name="countingCommitTimestampsIsBranchLocal[Using inmemory]" classname="org.chronos.chronograph.test.commitmetadata.CountCommitsTest" time="0.003"/>
  <testcase name="canCountCommitTimestampWhenNoMetadataIsGiven[Using inmemory]" classname="org.chronos.chronograph.test.commitmetadata.CountCommitsTest" time="0.002"/>
  <testcase name="retrievingInvalidTimeRangeProducesZero[Using inmemory]" classname="org.chronos.chronograph.test.commitmetadata.CountCommitsTest" time="0.002"/>
  <testcase name="canCountCommitsWithAndWithoutMetadata[Using mapdb]" classname="org.chronos.chronograph.test.commitmetadata.CountCommitsTest" time="0.432"/>
  <testcase name="countingCommitTimestampsIsBranchLocal[Using mapdb]" classname="org.chronos.chronograph.test.commitmetadata.CountCommitsTest" time="0.448"/>
  <testcase name="canCountCommitTimestampWhenNoMetadataIsGiven[Using mapdb]" classname="org.chronos.chronograph.test.commitmetadata.CountCommitsTest" time="0.385"/>
  <testcase name="retrievingInvalidTimeRangeProducesZero[Using mapdb]" classname="org.chronos.chronograph.test.commitmetadata.CountCommitsTest" time="0.401"/>
  <testcase name="canCountCommitsWithAndWithoutMetadata[Using jdbc]" classname="org.chronos.chronograph.test.commitmetadata.CountCommitsTest" time="0.049"/>
  <testcase name="countingCommitTimestampsIsBranchLocal[Using jdbc]" classname="org.chronos.chronograph.test.commitmetadata.CountCommitsTest" time="0.045"/>
  <testcase name="canCountCommitTimestampWhenNoMetadataIsGiven[Using jdbc]" classname="org.chronos.chronograph.test.commitmetadata.CountCommitsTest" time="0.044"/>
  <testcase name="retrievingInvalidTimeRangeProducesZero[Using jdbc]" classname="org.chronos.chronograph.test.commitmetadata.CountCommitsTest" time="0.031"/>
  <testcase name="canCountCommitsWithAndWithoutMetadata[Using chunked]" classname="org.chronos.chronograph.test.commitmetadata.CountCommitsTest" time="0.4"/>
  <testcase name="countingCommitTimestampsIsBranchLocal[Using chunked]" classname="org.chronos.chronograph.test.commitmetadata.CountCommitsTest" time="0.571"/>
  <testcase name="canCountCommitTimestampWhenNoMetadataIsGiven[Using chunked]" classname="org.chronos.chronograph.test.commitmetadata.CountCommitsTest" time="0.347"/>
  <testcase name="retrievingInvalidTimeRangeProducesZero[Using chunked]" classname="org.chronos.chronograph.test.commitmetadata.CountCommitsTest" time="0.27"/>
  <system-out><![CDATA[[INFO ] 2017-08-28 19:54:46 [    Test worker] [    o.c.c.test.ChronosUnitTest]:  Temp directory is provided at: C:\Users\Martin\AppData\Local\Temp\ChronoDBTest318862688473434810


================================================================================
 TEST START                                                                     
--------------------------------------------------------------------------------
    Test class:  CountCommitsTest
    Test method: canCountCommitsWithAndWithoutMetadata[Using tupl]
    Start time:  2017/08/28 19:54:46
================================================================================





================================================================================
 TEST SUCCEEDED                                                                 
--------------------------------------------------------------------------------
    Test class:  CountCommitsTest
    Test method: canCountCommitsWithAndWithoutMetadata[Using tupl]
    End time:    2017/08/28 19:54:47 (Duration: 167ms)
================================================================================





================================================================================
 TEST START                                                                     
--------------------------------------------------------------------------------
    Test class:  CountCommitsTest
    Test method: countingCommitTimestampsIsBranchLocal[Using tupl]
    Start time:  2017/08/28 19:54:47
================================================================================





================================================================================
 TEST SUCCEEDED                                                                 
--------------------------------------------------------------------------------
    Test class:  CountCommitsTest
    Test method: countingCommitTimestampsIsBranchLocal[Using tupl]
    End time:    2017/08/28 19:54:47 (Duration: 121ms)
================================================================================





================================================================================
 TEST START                                                                     
--------------------------------------------------------------------------------
    Test class:  CountCommitsTest
    Test method: canCountCommitTimestampWhenNoMetadataIsGiven[Using tupl]
    Start time:  2017/08/28 19:54:47
================================================================================





================================================================================
 TEST SUCCEEDED                                                                 
--------------------------------------------------------------------------------
    Test class:  CountCommitsTest
    Test method: canCountCommitTimestampWhenNoMetadataIsGiven[Using tupl]
    End time:    2017/08/28 19:54:47 (Duration: 95ms)
================================================================================





================================================================================
 TEST START                                                                     
--------------------------------------------------------------------------------
    Test class:  CountCommitsTest
    Test method: retrievingInvalidTimeRangeProducesZero[Using tupl]
    Start time:  2017/08/28 19:54:47
================================================================================





================================================================================
 TEST SUCCEEDED                                                                 
--------------------------------------------------------------------------------
    Test class:  CountCommitsTest
    Test method: retrievingInvalidTimeRangeProducesZero[Using tupl]
    End time:    2017/08/28 19:54:47 (Duration: 85ms)
================================================================================





================================================================================
 TEST START                                                                     
--------------------------------------------------------------------------------
    Test class:  CountCommitsTest
    Test method: canCountCommitsWithAndWithoutMetadata[Using inmemory]
    Start time:  2017/08/28 19:54:47
================================================================================





================================================================================
 TEST SUCCEEDED                                                                 
--------------------------------------------------------------------------------
    Test class:  CountCommitsTest
    Test method: canCountCommitsWithAndWithoutMetadata[Using inmemory]
    End time:    2017/08/28 19:54:47 (Duration: 14ms)
================================================================================





================================================================================
 TEST START                                                                     
--------------------------------------------------------------------------------
    Test class:  CountCommitsTest
    Test method: countingCommitTimestampsIsBranchLocal[Using inmemory]
    Start time:  2017/08/28 19:54:47
================================================================================





================================================================================
 TEST SUCCEEDED                                                                 
--------------------------------------------------------------------------------
    Test class:  CountCommitsTest
    Test method: countingCommitTimestampsIsBranchLocal[Using inmemory]
    End time:    2017/08/28 19:54:47 (Duration: 3ms)
================================================================================





================================================================================
 TEST START                                                                     
--------------------------------------------------------------------------------
    Test class:  CountCommitsTest
    Test method: canCountCommitTimestampWhenNoMetadataIsGiven[Using inmemory]
    Start time:  2017/08/28 19:54:47
================================================================================





================================================================================
 TEST SUCCEEDED                                                                 
--------------------------------------------------------------------------------
    Test class:  CountCommitsTest
    Test method: canCountCommitTimestampWhenNoMetadataIsGiven[Using inmemory]
    End time:    2017/08/28 19:54:47 (Duration: 2ms)
================================================================================





================================================================================
 TEST START                                                                     
--------------------------------------------------------------------------------
    Test class:  CountCommitsTest
    Test method: retrievingInvalidTimeRangeProducesZero[Using inmemory]
    Start time:  2017/08/28 19:54:47
================================================================================





================================================================================
 TEST SUCCEEDED                                                                 
--------------------------------------------------------------------------------
    Test class:  CountCommitsTest
    Test method: retrievingInvalidTimeRangeProducesZero[Using inmemory]
    End time:    2017/08/28 19:54:47 (Duration: 2ms)
================================================================================





================================================================================
 TEST START                                                                     
--------------------------------------------------------------------------------
    Test class:  CountCommitsTest
    Test method: canCountCommitsWithAndWithoutMetadata[Using mapdb]
    Start time:  2017/08/28 19:54:47
================================================================================





================================================================================
 TEST SUCCEEDED                                                                 
--------------------------------------------------------------------------------
    Test class:  CountCommitsTest
    Test method: canCountCommitsWithAndWithoutMetadata[Using mapdb]
    End time:    2017/08/28 19:54:47 (Duration: 432ms)
================================================================================





================================================================================
 TEST START                                                                     
--------------------------------------------------------------------------------
    Test class:  CountCommitsTest
    Test method: countingCommitTimestampsIsBranchLocal[Using mapdb]
    Start time:  2017/08/28 19:54:47
================================================================================





================================================================================
 TEST SUCCEEDED                                                                 
--------------------------------------------------------------------------------
    Test class:  CountCommitsTest
    Test method: countingCommitTimestampsIsBranchLocal[Using mapdb]
    End time:    2017/08/28 19:54:48 (Duration: 448ms)
================================================================================





================================================================================
 TEST START                                                                     
--------------------------------------------------------------------------------
    Test class:  CountCommitsTest
    Test method: canCountCommitTimestampWhenNoMetadataIsGiven[Using mapdb]
    Start time:  2017/08/28 19:54:48
================================================================================





================================================================================
 TEST SUCCEEDED                                                                 
--------------------------------------------------------------------------------
    Test class:  CountCommitsTest
    Test method: canCountCommitTimestampWhenNoMetadataIsGiven[Using mapdb]
    End time:    2017/08/28 19:54:48 (Duration: 385ms)
================================================================================





================================================================================
 TEST START                                                                     
--------------------------------------------------------------------------------
    Test class:  CountCommitsTest
    Test method: retrievingInvalidTimeRangeProducesZero[Using mapdb]
    Start time:  2017/08/28 19:54:48
================================================================================





================================================================================
 TEST SUCCEEDED                                                                 
--------------------------------------------------------------------------------
    Test class:  CountCommitsTest
    Test method: retrievingInvalidTimeRangeProducesZero[Using mapdb]
    End time:    2017/08/28 19:54:49 (Duration: 401ms)
================================================================================





================================================================================
 TEST START                                                                     
--------------------------------------------------------------------------------
    Test class:  CountCommitsTest
    Test method: canCountCommitsWithAndWithoutMetadata[Using jdbc]
    Start time:  2017/08/28 19:54:49
================================================================================





================================================================================
 TEST SUCCEEDED                                                                 
--------------------------------------------------------------------------------
    Test class:  CountCommitsTest
    Test method: canCountCommitsWithAndWithoutMetadata[Using jdbc]
    End time:    2017/08/28 19:54:49 (Duration: 49ms)
================================================================================





================================================================================
 TEST START                                                                     
--------------------------------------------------------------------------------
    Test class:  CountCommitsTest
    Test method: countingCommitTimestampsIsBranchLocal[Using jdbc]
    Start time:  2017/08/28 19:54:49
================================================================================





================================================================================
 TEST SUCCEEDED                                                                 
--------------------------------------------------------------------------------
    Test class:  CountCommitsTest
    Test method: countingCommitTimestampsIsBranchLocal[Using jdbc]
    End time:    2017/08/28 19:54:49 (Duration: 45ms)
================================================================================





================================================================================
 TEST START                                                                     
--------------------------------------------------------------------------------
    Test class:  CountCommitsTest
    Test method: canCountCommitTimestampWhenNoMetadataIsGiven[Using jdbc]
    Start time:  2017/08/28 19:54:49
================================================================================





================================================================================
 TEST SUCCEEDED                                                                 
--------------------------------------------------------------------------------
    Test class:  CountCommitsTest
    Test method: canCountCommitTimestampWhenNoMetadataIsGiven[Using jdbc]
    End time:    2017/08/28 19:54:49 (Duration: 44ms)
================================================================================





================================================================================
 TEST START                                                                     
--------------------------------------------------------------------------------
    Test class:  CountCommitsTest
    Test method: retrievingInvalidTimeRangeProducesZero[Using jdbc]
    Start time:  2017/08/28 19:54:49
================================================================================





================================================================================
 TEST SUCCEEDED                                                                 
--------------------------------------------------------------------------------
    Test class:  CountCommitsTest
    Test method: retrievingInvalidTimeRangeProducesZero[Using jdbc]
    End time:    2017/08/28 19:54:49 (Duration: 31ms)
================================================================================





================================================================================
 TEST START                                                                     
--------------------------------------------------------------------------------
    Test class:  CountCommitsTest
    Test method: canCountCommitsWithAndWithoutMetadata[Using chunked]
    Start time:  2017/08/28 19:54:49
================================================================================





================================================================================
 TEST SUCCEEDED                                                                 
--------------------------------------------------------------------------------
    Test class:  CountCommitsTest
    Test method: canCountCommitsWithAndWithoutMetadata[Using chunked]
    End time:    2017/08/28 19:54:49 (Duration: 400ms)
================================================================================





================================================================================
 TEST START                                                                     
--------------------------------------------------------------------------------
    Test class:  CountCommitsTest
    Test method: countingCommitTimestampsIsBranchLocal[Using chunked]
    Start time:  2017/08/28 19:54:49
================================================================================





================================================================================
 TEST SUCCEEDED                                                                 
--------------------------------------------------------------------------------
    Test class:  CountCommitsTest
    Test method: countingCommitTimestampsIsBranchLocal[Using chunked]
    End time:    2017/08/28 19:54:50 (Duration: 571ms)
================================================================================





================================================================================
 TEST START                                                                     
--------------------------------------------------------------------------------
    Test class:  CountCommitsTest
    Test method: canCountCommitTimestampWhenNoMetadataIsGiven[Using chunked]
    Start time:  2017/08/28 19:54:50
================================================================================





================================================================================
 TEST SUCCEEDED                                                                 
--------------------------------------------------------------------------------
    Test class:  CountCommitsTest
    Test method: canCountCommitTimestampWhenNoMetadataIsGiven[Using chunked]
    End time:    2017/08/28 19:54:50 (Duration: 347ms)
================================================================================





================================================================================
 TEST START                                                                     
--------------------------------------------------------------------------------
    Test class:  CountCommitsTest
    Test method: retrievingInvalidTimeRangeProducesZero[Using chunked]
    Start time:  2017/08/28 19:54:50
================================================================================





================================================================================
 TEST SUCCEEDED                                                                 
--------------------------------------------------------------------------------
    Test class:  CountCommitsTest
    Test method: retrievingInvalidTimeRangeProducesZero[Using chunked]
    End time:    2017/08/28 19:54:50 (Duration: 270ms)
================================================================================



[INFO ] 2017-08-28 19:54:50 [    Test worker] [    o.c.c.test.ChronosUnitTest]:  Attempting to delete temp directory provided at: C:\Users\Martin\AppData\Local\Temp\ChronoDBTest318862688473434810
[INFO ] 2017-08-28 19:54:50 [    Test worker] [    o.c.c.test.ChronosUnitTest]:  Successfully deleted temp directory
]]></system-out>
  <system-err><![CDATA[]]></system-err>
</testsuite>
