<?xml version="1.0" encoding="UTF-8"?>
<testsuite name="org.apache.tinkerpop.gremlin.structure.PropertyTest$PropertyValidationOnAddExceptionConsistencyTest" tests="12" skipped="0" failures="0" errors="0" timestamp="2017-08-28T17:59:01" hostname="Aurora" time="0.015">
  <properties/>
  <testcase name="shouldThrowOnGraphAddVertex[expect(providedKeyValuesMustBeAMultipleOfTwo)]" classname="org.apache.tinkerpop.gremlin.structure.PropertyTest$PropertyValidationOnAddExceptionConsistencyTest" time="0.0"/>
  <testcase name="shouldThrowOnGraphAddEdge[expect(providedKeyValuesMustBeAMultipleOfTwo)]" classname="org.apache.tinkerpop.gremlin.structure.PropertyTest$PropertyValidationOnAddExceptionConsistencyTest" time="0.0"/>
  <testcase name="shouldThrowOnGraphAddVertex[expect(providedKeyValuesMustBeAMultipleOfTwo)]" classname="org.apache.tinkerpop.gremlin.structure.PropertyTest$PropertyValidationOnAddExceptionConsistencyTest" time="0.0"/>
  <testcase name="shouldThrowOnGraphAddEdge[expect(providedKeyValuesMustBeAMultipleOfTwo)]" classname="org.apache.tinkerpop.gremlin.structure.PropertyTest$PropertyValidationOnAddExceptionConsistencyTest" time="0.0"/>
  <testcase name="shouldThrowOnGraphAddVertex[expect(providedKeyValuesMustHaveALegalKeyOnEvenIndices)]" classname="org.apache.tinkerpop.gremlin.structure.PropertyTest$PropertyValidationOnAddExceptionConsistencyTest" time="0.0"/>
  <testcase name="shouldThrowOnGraphAddEdge[expect(providedKeyValuesMustHaveALegalKeyOnEvenIndices)]" classname="org.apache.tinkerpop.gremlin.structure.PropertyTest$PropertyValidationOnAddExceptionConsistencyTest" time="0.0"/>
  <testcase name="shouldThrowOnGraphAddVertex[expect(propertyValueCanNotBeNull)]" classname="org.apache.tinkerpop.gremlin.structure.PropertyTest$PropertyValidationOnAddExceptionConsistencyTest" time="0.015"/>
  <testcase name="shouldThrowOnGraphAddEdge[expect(propertyValueCanNotBeNull)]" classname="org.apache.tinkerpop.gremlin.structure.PropertyTest$PropertyValidationOnAddExceptionConsistencyTest" time="0.0"/>
  <testcase name="shouldThrowOnGraphAddVertex[expect(providedKeyValuesMustHaveALegalKeyOnEvenIndices)]" classname="org.apache.tinkerpop.gremlin.structure.PropertyTest$PropertyValidationOnAddExceptionConsistencyTest" time="0.0"/>
  <testcase name="shouldThrowOnGraphAddEdge[expect(providedKeyValuesMustHaveALegalKeyOnEvenIndices)]" classname="org.apache.tinkerpop.gremlin.structure.PropertyTest$PropertyValidationOnAddExceptionConsistencyTest" time="0.0"/>
  <testcase name="shouldThrowOnGraphAddVertex[expect(propertyKeyCanNotBeEmpty)]" classname="org.apache.tinkerpop.gremlin.structure.PropertyTest$PropertyValidationOnAddExceptionConsistencyTest" time="0.0"/>
  <testcase name="shouldThrowOnGraphAddEdge[expect(propertyKeyCanNotBeEmpty)]" classname="org.apache.tinkerpop.gremlin.structure.PropertyTest$PropertyValidationOnAddExceptionConsistencyTest" time="0.0"/>
  <system-out><![CDATA[]]></system-out>
  <system-err><![CDATA[]]></system-err>
</testsuite>
