<?xml version="1.0" encoding="UTF-8"?>
<testsuite name="org.chronos.chronograph.test.commitmetadata.BasicCommitMetadataTest" tests="25" skipped="0" failures="0" errors="0" timestamp="2017-08-28T17:54:42" hostname="Aurora" time="4.372">
  <properties/>
  <testcase name="simpleStoringAndRetrievingMetadataWorks[Using tupl]" classname="org.chronos.chronograph.test.commitmetadata.BasicCommitMetadataTest" time="0.085"/>
  <testcase name="canUseHashMapAsCommitMetadata[Using tupl]" classname="org.chronos.chronograph.test.commitmetadata.BasicCommitMetadataTest" time="0.084"/>
  <testcase name="readingCommitMetadataRetrievesCorrectObject[Using tupl]" classname="org.chronos.chronograph.test.commitmetadata.BasicCommitMetadataTest" time="0.124"/>
  <testcase name="readingCommitMetadataFromNonExistingCommitTimestampsProducesNull[Using tupl]" classname="org.chronos.chronograph.test.commitmetadata.BasicCommitMetadataTest" time="0.092"/>
  <testcase name="readingCommitMessagesFromOriginBranchWorks[Using tupl]" classname="org.chronos.chronograph.test.commitmetadata.BasicCommitMetadataTest" time="0.115"/>
  <testcase name="simpleStoringAndRetrievingMetadataWorks[Using mapdb]" classname="org.chronos.chronograph.test.commitmetadata.BasicCommitMetadataTest" time="0.285"/>
  <testcase name="canUseHashMapAsCommitMetadata[Using mapdb]" classname="org.chronos.chronograph.test.commitmetadata.BasicCommitMetadataTest" time="0.301"/>
  <testcase name="readingCommitMetadataRetrievesCorrectObject[Using mapdb]" classname="org.chronos.chronograph.test.commitmetadata.BasicCommitMetadataTest" time="0.415"/>
  <testcase name="readingCommitMetadataFromNonExistingCommitTimestampsProducesNull[Using mapdb]" classname="org.chronos.chronograph.test.commitmetadata.BasicCommitMetadataTest" time="0.286"/>
  <testcase name="readingCommitMessagesFromOriginBranchWorks[Using mapdb]" classname="org.chronos.chronograph.test.commitmetadata.BasicCommitMetadataTest" time="0.369"/>
  <testcase name="simpleStoringAndRetrievingMetadataWorks[Using chunked]" classname="org.chronos.chronograph.test.commitmetadata.BasicCommitMetadataTest" time="0.232"/>
  <testcase name="canUseHashMapAsCommitMetadata[Using chunked]" classname="org.chronos.chronograph.test.commitmetadata.BasicCommitMetadataTest" time="0.369"/>
  <testcase name="readingCommitMetadataRetrievesCorrectObject[Using chunked]" classname="org.chronos.chronograph.test.commitmetadata.BasicCommitMetadataTest" time="0.401"/>
  <testcase name="readingCommitMetadataFromNonExistingCommitTimestampsProducesNull[Using chunked]" classname="org.chronos.chronograph.test.commitmetadata.BasicCommitMetadataTest" time="0.348"/>
  <testcase name="readingCommitMessagesFromOriginBranchWorks[Using chunked]" classname="org.chronos.chronograph.test.commitmetadata.BasicCommitMetadataTest" time="0.554"/>
  <testcase name="simpleStoringAndRetrievingMetadataWorks[Using jdbc]" classname="org.chronos.chronograph.test.commitmetadata.BasicCommitMetadataTest" time="0.047"/>
  <testcase name="canUseHashMapAsCommitMetadata[Using jdbc]" classname="org.chronos.chronograph.test.commitmetadata.BasicCommitMetadataTest" time="0.051"/>
  <testcase name="readingCommitMetadataRetrievesCorrectObject[Using jdbc]" classname="org.chronos.chronograph.test.commitmetadata.BasicCommitMetadataTest" time="0.066"/>
  <testcase name="readingCommitMetadataFromNonExistingCommitTimestampsProducesNull[Using jdbc]" classname="org.chronos.chronograph.test.commitmetadata.BasicCommitMetadataTest" time="0.052"/>
  <testcase name="readingCommitMessagesFromOriginBranchWorks[Using jdbc]" classname="org.chronos.chronograph.test.commitmetadata.BasicCommitMetadataTest" time="0.05"/>
  <testcase name="simpleStoringAndRetrievingMetadataWorks[Using inmemory]" classname="org.chronos.chronograph.test.commitmetadata.BasicCommitMetadataTest" time="0.0"/>
  <testcase name="canUseHashMapAsCommitMetadata[Using inmemory]" classname="org.chronos.chronograph.test.commitmetadata.BasicCommitMetadataTest" time="0.0"/>
  <testcase name="readingCommitMetadataRetrievesCorrectObject[Using inmemory]" classname="org.chronos.chronograph.test.commitmetadata.BasicCommitMetadataTest" time="0.035"/>
  <testcase name="readingCommitMetadataFromNonExistingCommitTimestampsProducesNull[Using inmemory]" classname="org.chronos.chronograph.test.commitmetadata.BasicCommitMetadataTest" time="0.0"/>
  <testcase name="readingCommitMessagesFromOriginBranchWorks[Using inmemory]" classname="org.chronos.chronograph.test.commitmetadata.BasicCommitMetadataTest" time="0.011"/>
  <system-out><![CDATA[[INFO ] 2017-08-28 19:54:42 [    Test worker] [    o.c.c.test.ChronosUnitTest]:  Temp directory is provided at: C:\Users\Martin\AppData\Local\Temp\ChronoDBTest318862688473434810


================================================================================
 TEST START                                                                     
--------------------------------------------------------------------------------
    Test class:  BasicCommitMetadataTest
    Test method: simpleStoringAndRetrievingMetadataWorks[Using tupl]
    Start time:  2017/08/28 19:54:42
================================================================================





================================================================================
 TEST SUCCEEDED                                                                 
--------------------------------------------------------------------------------
    Test class:  BasicCommitMetadataTest
    Test method: simpleStoringAndRetrievingMetadataWorks[Using tupl]
    End time:    2017/08/28 19:54:42 (Duration: 85ms)
================================================================================





================================================================================
 TEST START                                                                     
--------------------------------------------------------------------------------
    Test class:  BasicCommitMetadataTest
    Test method: canUseHashMapAsCommitMetadata[Using tupl]
    Start time:  2017/08/28 19:54:42
================================================================================





================================================================================
 TEST SUCCEEDED                                                                 
--------------------------------------------------------------------------------
    Test class:  BasicCommitMetadataTest
    Test method: canUseHashMapAsCommitMetadata[Using tupl]
    End time:    2017/08/28 19:54:42 (Duration: 84ms)
================================================================================





================================================================================
 TEST START                                                                     
--------------------------------------------------------------------------------
    Test class:  BasicCommitMetadataTest
    Test method: readingCommitMetadataRetrievesCorrectObject[Using tupl]
    Start time:  2017/08/28 19:54:42
================================================================================





================================================================================
 TEST SUCCEEDED                                                                 
--------------------------------------------------------------------------------
    Test class:  BasicCommitMetadataTest
    Test method: readingCommitMetadataRetrievesCorrectObject[Using tupl]
    End time:    2017/08/28 19:54:42 (Duration: 124ms)
================================================================================





================================================================================
 TEST START                                                                     
--------------------------------------------------------------------------------
    Test class:  BasicCommitMetadataTest
    Test method: readingCommitMetadataFromNonExistingCommitTimestampsProducesNull[Using tupl]
    Start time:  2017/08/28 19:54:42
================================================================================





================================================================================
 TEST SUCCEEDED                                                                 
--------------------------------------------------------------------------------
    Test class:  BasicCommitMetadataTest
    Test method: readingCommitMetadataFromNonExistingCommitTimestampsProducesNull[Using tupl]
    End time:    2017/08/28 19:54:42 (Duration: 92ms)
================================================================================





================================================================================
 TEST START                                                                     
--------------------------------------------------------------------------------
    Test class:  BasicCommitMetadataTest
    Test method: readingCommitMessagesFromOriginBranchWorks[Using tupl]
    Start time:  2017/08/28 19:54:42
================================================================================





================================================================================
 TEST SUCCEEDED                                                                 
--------------------------------------------------------------------------------
    Test class:  BasicCommitMetadataTest
    Test method: readingCommitMessagesFromOriginBranchWorks[Using tupl]
    End time:    2017/08/28 19:54:43 (Duration: 115ms)
================================================================================





================================================================================
 TEST START                                                                     
--------------------------------------------------------------------------------
    Test class:  BasicCommitMetadataTest
    Test method: simpleStoringAndRetrievingMetadataWorks[Using mapdb]
    Start time:  2017/08/28 19:54:43
================================================================================





================================================================================
 TEST SUCCEEDED                                                                 
--------------------------------------------------------------------------------
    Test class:  BasicCommitMetadataTest
    Test method: simpleStoringAndRetrievingMetadataWorks[Using mapdb]
    End time:    2017/08/28 19:54:43 (Duration: 285ms)
================================================================================





================================================================================
 TEST START                                                                     
--------------------------------------------------------------------------------
    Test class:  BasicCommitMetadataTest
    Test method: canUseHashMapAsCommitMetadata[Using mapdb]
    Start time:  2017/08/28 19:54:43
================================================================================





================================================================================
 TEST SUCCEEDED                                                                 
--------------------------------------------------------------------------------
    Test class:  BasicCommitMetadataTest
    Test method: canUseHashMapAsCommitMetadata[Using mapdb]
    End time:    2017/08/28 19:54:43 (Duration: 301ms)
================================================================================





================================================================================
 TEST START                                                                     
--------------------------------------------------------------------------------
    Test class:  BasicCommitMetadataTest
    Test method: readingCommitMetadataRetrievesCorrectObject[Using mapdb]
    Start time:  2017/08/28 19:54:43
================================================================================





================================================================================
 TEST SUCCEEDED                                                                 
--------------------------------------------------------------------------------
    Test class:  BasicCommitMetadataTest
    Test method: readingCommitMetadataRetrievesCorrectObject[Using mapdb]
    End time:    2017/08/28 19:54:44 (Duration: 415ms)
================================================================================





================================================================================
 TEST START                                                                     
--------------------------------------------------------------------------------
    Test class:  BasicCommitMetadataTest
    Test method: readingCommitMetadataFromNonExistingCommitTimestampsProducesNull[Using mapdb]
    Start time:  2017/08/28 19:54:44
================================================================================





================================================================================
 TEST SUCCEEDED                                                                 
--------------------------------------------------------------------------------
    Test class:  BasicCommitMetadataTest
    Test method: readingCommitMetadataFromNonExistingCommitTimestampsProducesNull[Using mapdb]
    End time:    2017/08/28 19:54:44 (Duration: 286ms)
================================================================================





================================================================================
 TEST START                                                                     
--------------------------------------------------------------------------------
    Test class:  BasicCommitMetadataTest
    Test method: readingCommitMessagesFromOriginBranchWorks[Using mapdb]
    Start time:  2017/08/28 19:54:44
================================================================================





================================================================================
 TEST SUCCEEDED                                                                 
--------------------------------------------------------------------------------
    Test class:  BasicCommitMetadataTest
    Test method: readingCommitMessagesFromOriginBranchWorks[Using mapdb]
    End time:    2017/08/28 19:54:44 (Duration: 369ms)
================================================================================





================================================================================
 TEST START                                                                     
--------------------------------------------------------------------------------
    Test class:  BasicCommitMetadataTest
    Test method: simpleStoringAndRetrievingMetadataWorks[Using chunked]
    Start time:  2017/08/28 19:54:44
================================================================================





================================================================================
 TEST SUCCEEDED                                                                 
--------------------------------------------------------------------------------
    Test class:  BasicCommitMetadataTest
    Test method: simpleStoringAndRetrievingMetadataWorks[Using chunked]
    End time:    2017/08/28 19:54:45 (Duration: 232ms)
================================================================================





================================================================================
 TEST START                                                                     
--------------------------------------------------------------------------------
    Test class:  BasicCommitMetadataTest
    Test method: canUseHashMapAsCommitMetadata[Using chunked]
    Start time:  2017/08/28 19:54:45
================================================================================





================================================================================
 TEST SUCCEEDED                                                                 
--------------------------------------------------------------------------------
    Test class:  BasicCommitMetadataTest
    Test method: canUseHashMapAsCommitMetadata[Using chunked]
    End time:    2017/08/28 19:54:45 (Duration: 369ms)
================================================================================





================================================================================
 TEST START                                                                     
--------------------------------------------------------------------------------
    Test class:  BasicCommitMetadataTest
    Test method: readingCommitMetadataRetrievesCorrectObject[Using chunked]
    Start time:  2017/08/28 19:54:45
================================================================================





================================================================================
 TEST SUCCEEDED                                                                 
--------------------------------------------------------------------------------
    Test class:  BasicCommitMetadataTest
    Test method: readingCommitMetadataRetrievesCorrectObject[Using chunked]
    End time:    2017/08/28 19:54:45 (Duration: 401ms)
================================================================================





================================================================================
 TEST START                                                                     
--------------------------------------------------------------------------------
    Test class:  BasicCommitMetadataTest
    Test method: readingCommitMetadataFromNonExistingCommitTimestampsProducesNull[Using chunked]
    Start time:  2017/08/28 19:54:45
================================================================================





================================================================================
 TEST SUCCEEDED                                                                 
--------------------------------------------------------------------------------
    Test class:  BasicCommitMetadataTest
    Test method: readingCommitMetadataFromNonExistingCommitTimestampsProducesNull[Using chunked]
    End time:    2017/08/28 19:54:46 (Duration: 348ms)
================================================================================





================================================================================
 TEST START                                                                     
--------------------------------------------------------------------------------
    Test class:  BasicCommitMetadataTest
    Test method: readingCommitMessagesFromOriginBranchWorks[Using chunked]
    Start time:  2017/08/28 19:54:46
================================================================================





================================================================================
 TEST SUCCEEDED                                                                 
--------------------------------------------------------------------------------
    Test class:  BasicCommitMetadataTest
    Test method: readingCommitMessagesFromOriginBranchWorks[Using chunked]
    End time:    2017/08/28 19:54:46 (Duration: 554ms)
================================================================================





================================================================================
 TEST START                                                                     
--------------------------------------------------------------------------------
    Test class:  BasicCommitMetadataTest
    Test method: simpleStoringAndRetrievingMetadataWorks[Using jdbc]
    Start time:  2017/08/28 19:54:46
================================================================================





================================================================================
 TEST SUCCEEDED                                                                 
--------------------------------------------------------------------------------
    Test class:  BasicCommitMetadataTest
    Test method: simpleStoringAndRetrievingMetadataWorks[Using jdbc]
    End time:    2017/08/28 19:54:46 (Duration: 47ms)
================================================================================





================================================================================
 TEST START                                                                     
--------------------------------------------------------------------------------
    Test class:  BasicCommitMetadataTest
    Test method: canUseHashMapAsCommitMetadata[Using jdbc]
    Start time:  2017/08/28 19:54:46
================================================================================





================================================================================
 TEST SUCCEEDED                                                                 
--------------------------------------------------------------------------------
    Test class:  BasicCommitMetadataTest
    Test method: canUseHashMapAsCommitMetadata[Using jdbc]
    End time:    2017/08/28 19:54:46 (Duration: 51ms)
================================================================================





================================================================================
 TEST START                                                                     
--------------------------------------------------------------------------------
    Test class:  BasicCommitMetadataTest
    Test method: readingCommitMetadataRetrievesCorrectObject[Using jdbc]
    Start time:  2017/08/28 19:54:46
================================================================================





================================================================================
 TEST SUCCEEDED                                                                 
--------------------------------------------------------------------------------
    Test class:  BasicCommitMetadataTest
    Test method: readingCommitMetadataRetrievesCorrectObject[Using jdbc]
    End time:    2017/08/28 19:54:46 (Duration: 66ms)
================================================================================





================================================================================
 TEST START                                                                     
--------------------------------------------------------------------------------
    Test class:  BasicCommitMetadataTest
    Test method: readingCommitMetadataFromNonExistingCommitTimestampsProducesNull[Using jdbc]
    Start time:  2017/08/28 19:54:46
================================================================================





================================================================================
 TEST SUCCEEDED                                                                 
--------------------------------------------------------------------------------
    Test class:  BasicCommitMetadataTest
    Test method: readingCommitMetadataFromNonExistingCommitTimestampsProducesNull[Using jdbc]
    End time:    2017/08/28 19:54:46 (Duration: 52ms)
================================================================================





================================================================================
 TEST START                                                                     
--------------------------------------------------------------------------------
    Test class:  BasicCommitMetadataTest
    Test method: readingCommitMessagesFromOriginBranchWorks[Using jdbc]
    Start time:  2017/08/28 19:54:46
================================================================================





================================================================================
 TEST SUCCEEDED                                                                 
--------------------------------------------------------------------------------
    Test class:  BasicCommitMetadataTest
    Test method: readingCommitMessagesFromOriginBranchWorks[Using jdbc]
    End time:    2017/08/28 19:54:46 (Duration: 50ms)
================================================================================





================================================================================
 TEST START                                                                     
--------------------------------------------------------------------------------
    Test class:  BasicCommitMetadataTest
    Test method: simpleStoringAndRetrievingMetadataWorks[Using inmemory]
    Start time:  2017/08/28 19:54:46
================================================================================





================================================================================
 TEST SUCCEEDED                                                                 
--------------------------------------------------------------------------------
    Test class:  BasicCommitMetadataTest
    Test method: simpleStoringAndRetrievingMetadataWorks[Using inmemory]
    End time:    2017/08/28 19:54:46 (Duration: 0ms)
================================================================================





================================================================================
 TEST START                                                                     
--------------------------------------------------------------------------------
    Test class:  BasicCommitMetadataTest
    Test method: canUseHashMapAsCommitMetadata[Using inmemory]
    Start time:  2017/08/28 19:54:46
================================================================================





================================================================================
 TEST SUCCEEDED                                                                 
--------------------------------------------------------------------------------
    Test class:  BasicCommitMetadataTest
    Test method: canUseHashMapAsCommitMetadata[Using inmemory]
    End time:    2017/08/28 19:54:46 (Duration: 0ms)
================================================================================





================================================================================
 TEST START                                                                     
--------------------------------------------------------------------------------
    Test class:  BasicCommitMetadataTest
    Test method: readingCommitMetadataRetrievesCorrectObject[Using inmemory]
    Start time:  2017/08/28 19:54:46
================================================================================





================================================================================
 TEST SUCCEEDED                                                                 
--------------------------------------------------------------------------------
    Test class:  BasicCommitMetadataTest
    Test method: readingCommitMetadataRetrievesCorrectObject[Using inmemory]
    End time:    2017/08/28 19:54:46 (Duration: 19ms)
================================================================================





================================================================================
 TEST START                                                                     
--------------------------------------------------------------------------------
    Test class:  BasicCommitMetadataTest
    Test method: readingCommitMetadataFromNonExistingCommitTimestampsProducesNull[Using inmemory]
    Start time:  2017/08/28 19:54:46
================================================================================





================================================================================
 TEST SUCCEEDED                                                                 
--------------------------------------------------------------------------------
    Test class:  BasicCommitMetadataTest
    Test method: readingCommitMetadataFromNonExistingCommitTimestampsProducesNull[Using inmemory]
    End time:    2017/08/28 19:54:46 (Duration: 0ms)
================================================================================





================================================================================
 TEST START                                                                     
--------------------------------------------------------------------------------
    Test class:  BasicCommitMetadataTest
    Test method: readingCommitMessagesFromOriginBranchWorks[Using inmemory]
    Start time:  2017/08/28 19:54:46
================================================================================





================================================================================
 TEST SUCCEEDED                                                                 
--------------------------------------------------------------------------------
    Test class:  BasicCommitMetadataTest
    Test method: readingCommitMessagesFromOriginBranchWorks[Using inmemory]
    End time:    2017/08/28 19:54:46 (Duration: 11ms)
================================================================================



[INFO ] 2017-08-28 19:54:46 [    Test worker] [    o.c.c.test.ChronosUnitTest]:  Attempting to delete temp directory provided at: C:\Users\Martin\AppData\Local\Temp\ChronoDBTest318862688473434810
[INFO ] 2017-08-28 19:54:46 [    Test worker] [    o.c.c.test.ChronosUnitTest]:  Successfully deleted temp directory
]]></system-out>
  <system-err><![CDATA[]]></system-err>
</testsuite>
