<?xml version="1.0" encoding="UTF-8"?>
<testsuite name="org.apache.tinkerpop.gremlin.structure.EdgeTest$BasicEdgeTest" tests="18" skipped="0" failures="0" errors="0" timestamp="2017-08-28T17:58:58" hostname="Aurora" time="0.051">
  <properties/>
  <testcase name="shouldReturnOutThenInOnVertexIterator" classname="org.apache.tinkerpop.gremlin.structure.EdgeTest$BasicEdgeTest" time="0.0"/>
  <testcase name="shouldValidateIdEquality" classname="org.apache.tinkerpop.gremlin.structure.EdgeTest$BasicEdgeTest" time="0.0"/>
  <testcase name="shouldHaveExceptionConsistencyWhenUsingSystemVertexLabel" classname="org.apache.tinkerpop.gremlin.structure.EdgeTest$BasicEdgeTest" time="0.0"/>
  <testcase name="shouldHaveExceptionConsistencyWhenUsingEmptyVertexLabel" classname="org.apache.tinkerpop.gremlin.structure.EdgeTest$BasicEdgeTest" time="0.0"/>
  <testcase name="shouldAutotypIntegerProperties" classname="org.apache.tinkerpop.gremlin.structure.EdgeTest$BasicEdgeTest" time="0.0"/>
  <testcase name="shouldHaveExceptionConsistencyWhenUsingNullEdgeLabel" classname="org.apache.tinkerpop.gremlin.structure.EdgeTest$BasicEdgeTest" time="0.0"/>
  <testcase name="shouldGetPropertyKeysOnEdge" classname="org.apache.tinkerpop.gremlin.structure.EdgeTest$BasicEdgeTest" time="0.0"/>
  <testcase name="shouldAutotypeBooleanProperties" classname="org.apache.tinkerpop.gremlin.structure.EdgeTest$BasicEdgeTest" time="0.0"/>
  <testcase name="shouldAutotypeFloatProperties" classname="org.apache.tinkerpop.gremlin.structure.EdgeTest$BasicEdgeTest" time="0.0"/>
  <testcase name="shouldNotHaveAConcurrentModificationExceptionWhenIteratingAndRemovingAddingEdges" classname="org.apache.tinkerpop.gremlin.structure.EdgeTest$BasicEdgeTest" time="0.0"/>
  <testcase name="shouldAutotypeDoubleProperties" classname="org.apache.tinkerpop.gremlin.structure.EdgeTest$BasicEdgeTest" time="0.0"/>
  <testcase name="shouldValidateEquality" classname="org.apache.tinkerpop.gremlin.structure.EdgeTest$BasicEdgeTest" time="0.0"/>
  <testcase name="shouldAutotypeStringProperties" classname="org.apache.tinkerpop.gremlin.structure.EdgeTest$BasicEdgeTest" time="0.0"/>
  <testcase name="shouldReturnEmptyIteratorIfNoProperties" classname="org.apache.tinkerpop.gremlin.structure.EdgeTest$BasicEdgeTest" time="0.0"/>
  <testcase name="shouldHaveExceptionConsistencyWhenUsingNullVertex" classname="org.apache.tinkerpop.gremlin.structure.EdgeTest$BasicEdgeTest" time="0.0"/>
  <testcase name="shouldAutotypeLongProperties" classname="org.apache.tinkerpop.gremlin.structure.EdgeTest$BasicEdgeTest" time="0.0"/>
  <testcase name="shouldHaveStandardStringRepresentation" classname="org.apache.tinkerpop.gremlin.structure.EdgeTest$BasicEdgeTest" time="0.016"/>
  <testcase name="shouldNotGetConcurrentModificationException" classname="org.apache.tinkerpop.gremlin.structure.EdgeTest$BasicEdgeTest" time="0.035"/>
  <system-out><![CDATA[[WARN ] 2017-08-28 19:58:58 [    Test worker] [StandardChronoGraphTransaction]:  Query requires iterating over all vertices. For better performance, use 'has(...)' clauses in your gremlin.
[WARN ] 2017-08-28 19:58:58 [    Test worker] [StandardChronoGraphTransaction]:  Query requires iterating over all edges. For better performance, use 'has(...)' clauses in your gremlin.
[WARN ] 2017-08-28 19:58:58 [    Test worker] [StandardChronoGraphTransaction]:  Query requires iterating over all vertices. For better performance, use 'has(...)' clauses in your gremlin.
[WARN ] 2017-08-28 19:58:58 [    Test worker] [StandardChronoGraphTransaction]:  Query requires iterating over all edges. For better performance, use 'has(...)' clauses in your gremlin.
[WARN ] 2017-08-28 19:58:58 [    Test worker] [StandardChronoGraphTransaction]:  Query requires iterating over all edges. For better performance, use 'has(...)' clauses in your gremlin.
[WARN ] 2017-08-28 19:58:58 [    Test worker] [StandardChronoGraphTransaction]:  Query requires iterating over all vertices. For better performance, use 'has(...)' clauses in your gremlin.
[WARN ] 2017-08-28 19:58:58 [    Test worker] [StandardChronoGraphTransaction]:  Query requires iterating over all edges. For better performance, use 'has(...)' clauses in your gremlin.
[WARN ] 2017-08-28 19:58:58 [    Test worker] [StandardChronoGraphTransaction]:  Query requires iterating over all vertices. For better performance, use 'has(...)' clauses in your gremlin.
[WARN ] 2017-08-28 19:58:58 [    Test worker] [StandardChronoGraphTransaction]:  Query requires iterating over all edges. For better performance, use 'has(...)' clauses in your gremlin.
]]></system-out>
  <system-err><![CDATA[]]></system-err>
</testsuite>
