<?xml version="1.0" encoding="UTF-8"?>
<testsuite name="org.chronos.chronograph.test.structure.MultiEdgeTest" tests="5" skipped="0" failures="0" errors="0" timestamp="2017-08-28T17:57:50" hostname="Aurora" time="0.912">
  <properties/>
  <testcase name="canHaveMultipleEdgesBetweenTwoVertices[Using mapdb]" classname="org.chronos.chronograph.test.structure.MultiEdgeTest" time="0.328"/>
  <testcase name="canHaveMultipleEdgesBetweenTwoVertices[Using jdbc]" classname="org.chronos.chronograph.test.structure.MultiEdgeTest" time="0.022"/>
  <testcase name="canHaveMultipleEdgesBetweenTwoVertices[Using inmemory]" classname="org.chronos.chronograph.test.structure.MultiEdgeTest" time="0.0"/>
  <testcase name="canHaveMultipleEdgesBetweenTwoVertices[Using chunked]" classname="org.chronos.chronograph.test.structure.MultiEdgeTest" time="0.377"/>
  <testcase name="canHaveMultipleEdgesBetweenTwoVertices[Using tupl]" classname="org.chronos.chronograph.test.structure.MultiEdgeTest" time="0.185"/>
  <system-out><![CDATA[[INFO ] 2017-08-28 19:57:50 [    Test worker] [    o.c.c.test.ChronosUnitTest]:  Temp directory is provided at: C:\Users\Martin\AppData\Local\Temp\ChronoDBTest318862688473434810


================================================================================
 TEST START                                                                     
--------------------------------------------------------------------------------
    Test class:  MultiEdgeTest
    Test method: canHaveMultipleEdgesBetweenTwoVertices[Using mapdb]
    Start time:  2017/08/28 19:57:50
================================================================================





================================================================================
 TEST SUCCEEDED                                                                 
--------------------------------------------------------------------------------
    Test class:  MultiEdgeTest
    Test method: canHaveMultipleEdgesBetweenTwoVertices[Using mapdb]
    End time:    2017/08/28 19:57:51 (Duration: 328ms)
================================================================================





================================================================================
 TEST START                                                                     
--------------------------------------------------------------------------------
    Test class:  MultiEdgeTest
    Test method: canHaveMultipleEdgesBetweenTwoVertices[Using jdbc]
    Start time:  2017/08/28 19:57:51
================================================================================





================================================================================
 TEST SUCCEEDED                                                                 
--------------------------------------------------------------------------------
    Test class:  MultiEdgeTest
    Test method: canHaveMultipleEdgesBetweenTwoVertices[Using jdbc]
    End time:    2017/08/28 19:57:51 (Duration: 22ms)
================================================================================





================================================================================
 TEST START                                                                     
--------------------------------------------------------------------------------
    Test class:  MultiEdgeTest
    Test method: canHaveMultipleEdgesBetweenTwoVertices[Using inmemory]
    Start time:  2017/08/28 19:57:51
================================================================================





================================================================================
 TEST SUCCEEDED                                                                 
--------------------------------------------------------------------------------
    Test class:  MultiEdgeTest
    Test method: canHaveMultipleEdgesBetweenTwoVertices[Using inmemory]
    End time:    2017/08/28 19:57:51 (Duration: 0ms)
================================================================================





================================================================================
 TEST START                                                                     
--------------------------------------------------------------------------------
    Test class:  MultiEdgeTest
    Test method: canHaveMultipleEdgesBetweenTwoVertices[Using chunked]
    Start time:  2017/08/28 19:57:51
================================================================================





================================================================================
 TEST SUCCEEDED                                                                 
--------------------------------------------------------------------------------
    Test class:  MultiEdgeTest
    Test method: canHaveMultipleEdgesBetweenTwoVertices[Using chunked]
    End time:    2017/08/28 19:57:51 (Duration: 377ms)
================================================================================





================================================================================
 TEST START                                                                     
--------------------------------------------------------------------------------
    Test class:  MultiEdgeTest
    Test method: canHaveMultipleEdgesBetweenTwoVertices[Using tupl]
    Start time:  2017/08/28 19:57:51
================================================================================





================================================================================
 TEST SUCCEEDED                                                                 
--------------------------------------------------------------------------------
    Test class:  MultiEdgeTest
    Test method: canHaveMultipleEdgesBetweenTwoVertices[Using tupl]
    End time:    2017/08/28 19:57:51 (Duration: 185ms)
================================================================================



[INFO ] 2017-08-28 19:57:51 [    Test worker] [    o.c.c.test.ChronosUnitTest]:  Attempting to delete temp directory provided at: C:\Users\Martin\AppData\Local\Temp\ChronoDBTest318862688473434810
[INFO ] 2017-08-28 19:57:51 [    Test worker] [    o.c.c.test.ChronosUnitTest]:  Successfully deleted temp directory
]]></system-out>
  <system-err><![CDATA[]]></system-err>
</testsuite>
