<?xml version="1.0" encoding="UTF-8"?>
<testsuite name="org.chronos.chronograph.test.index.GraphIndexingUtilsTest" tests="11" skipped="0" failures="0" errors="0" timestamp="2017-08-28T17:56:30" hostname="Aurora" time="0.015">
  <properties/>
  <testcase name="indexingLongValuesIgnoresFloatingPointValues" classname="org.chronos.chronograph.test.index.GraphIndexingUtilsTest" time="0.0"/>
  <testcase name="indexingDoubleValuesWillSkipStrings" classname="org.chronos.chronograph.test.index.GraphIndexingUtilsTest" time="0.0"/>
  <testcase name="indexingDoublesAlsoAcceptsIntegers" classname="org.chronos.chronograph.test.index.GraphIndexingUtilsTest" time="0.0"/>
  <testcase name="canIndexSingleDoubleValue" classname="org.chronos.chronograph.test.index.GraphIndexingUtilsTest" time="0.0"/>
  <testcase name="canIndexSingleStringValue" classname="org.chronos.chronograph.test.index.GraphIndexingUtilsTest" time="0.015"/>
  <testcase name="canIndexSingleLongValue" classname="org.chronos.chronograph.test.index.GraphIndexingUtilsTest" time="0.0"/>
  <testcase name="indexingLongsAlsoAcceptsIntegers" classname="org.chronos.chronograph.test.index.GraphIndexingUtilsTest" time="0.0"/>
  <testcase name="canIndexMultipleLongValues" classname="org.chronos.chronograph.test.index.GraphIndexingUtilsTest" time="0.0"/>
  <testcase name="indexingLongValuesWillSkipStrings" classname="org.chronos.chronograph.test.index.GraphIndexingUtilsTest" time="0.0"/>
  <testcase name="canIndexMultipleStringValues" classname="org.chronos.chronograph.test.index.GraphIndexingUtilsTest" time="0.0"/>
  <testcase name="canIndexMultipleDoubleValues" classname="org.chronos.chronograph.test.index.GraphIndexingUtilsTest" time="0.0"/>
  <system-out><![CDATA[[INFO ] 2017-08-28 19:56:30 [    Test worker] [    o.c.c.test.ChronosUnitTest]:  Temp directory is provided at: C:\Users\Martin\AppData\Local\Temp\ChronoDBTest318862688473434810


================================================================================
 TEST START                                                                     
--------------------------------------------------------------------------------
    Test class:  GraphIndexingUtilsTest
    Test method: indexingLongValuesIgnoresFloatingPointValues
    Start time:  2017/08/28 19:56:30
================================================================================





================================================================================
 TEST SUCCEEDED                                                                 
--------------------------------------------------------------------------------
    Test class:  GraphIndexingUtilsTest
    Test method: indexingLongValuesIgnoresFloatingPointValues
    End time:    2017/08/28 19:56:30 (Duration: 0ms)
================================================================================





================================================================================
 TEST START                                                                     
--------------------------------------------------------------------------------
    Test class:  GraphIndexingUtilsTest
    Test method: indexingDoubleValuesWillSkipStrings
    Start time:  2017/08/28 19:56:30
================================================================================





================================================================================
 TEST SUCCEEDED                                                                 
--------------------------------------------------------------------------------
    Test class:  GraphIndexingUtilsTest
    Test method: indexingDoubleValuesWillSkipStrings
    End time:    2017/08/28 19:56:30 (Duration: 0ms)
================================================================================





================================================================================
 TEST START                                                                     
--------------------------------------------------------------------------------
    Test class:  GraphIndexingUtilsTest
    Test method: indexingDoublesAlsoAcceptsIntegers
    Start time:  2017/08/28 19:56:30
================================================================================





================================================================================
 TEST SUCCEEDED                                                                 
--------------------------------------------------------------------------------
    Test class:  GraphIndexingUtilsTest
    Test method: indexingDoublesAlsoAcceptsIntegers
    End time:    2017/08/28 19:56:30 (Duration: 0ms)
================================================================================





================================================================================
 TEST START                                                                     
--------------------------------------------------------------------------------
    Test class:  GraphIndexingUtilsTest
    Test method: canIndexSingleDoubleValue
    Start time:  2017/08/28 19:56:30
================================================================================





================================================================================
 TEST SUCCEEDED                                                                 
--------------------------------------------------------------------------------
    Test class:  GraphIndexingUtilsTest
    Test method: canIndexSingleDoubleValue
    End time:    2017/08/28 19:56:30 (Duration: 0ms)
================================================================================





================================================================================
 TEST START                                                                     
--------------------------------------------------------------------------------
    Test class:  GraphIndexingUtilsTest
    Test method: canIndexSingleStringValue
    Start time:  2017/08/28 19:56:30
================================================================================





================================================================================
 TEST SUCCEEDED                                                                 
--------------------------------------------------------------------------------
    Test class:  GraphIndexingUtilsTest
    Test method: canIndexSingleStringValue
    End time:    2017/08/28 19:56:30 (Duration: 15ms)
================================================================================





================================================================================
 TEST START                                                                     
--------------------------------------------------------------------------------
    Test class:  GraphIndexingUtilsTest
    Test method: canIndexSingleLongValue
    Start time:  2017/08/28 19:56:30
================================================================================





================================================================================
 TEST SUCCEEDED                                                                 
--------------------------------------------------------------------------------
    Test class:  GraphIndexingUtilsTest
    Test method: canIndexSingleLongValue
    End time:    2017/08/28 19:56:30 (Duration: 0ms)
================================================================================





================================================================================
 TEST START                                                                     
--------------------------------------------------------------------------------
    Test class:  GraphIndexingUtilsTest
    Test method: indexingLongsAlsoAcceptsIntegers
    Start time:  2017/08/28 19:56:30
================================================================================





================================================================================
 TEST SUCCEEDED                                                                 
--------------------------------------------------------------------------------
    Test class:  GraphIndexingUtilsTest
    Test method: indexingLongsAlsoAcceptsIntegers
    End time:    2017/08/28 19:56:30 (Duration: 0ms)
================================================================================





================================================================================
 TEST START                                                                     
--------------------------------------------------------------------------------
    Test class:  GraphIndexingUtilsTest
    Test method: canIndexMultipleLongValues
    Start time:  2017/08/28 19:56:30
================================================================================





================================================================================
 TEST SUCCEEDED                                                                 
--------------------------------------------------------------------------------
    Test class:  GraphIndexingUtilsTest
    Test method: canIndexMultipleLongValues
    End time:    2017/08/28 19:56:30 (Duration: 0ms)
================================================================================





================================================================================
 TEST START                                                                     
--------------------------------------------------------------------------------
    Test class:  GraphIndexingUtilsTest
    Test method: indexingLongValuesWillSkipStrings
    Start time:  2017/08/28 19:56:30
================================================================================





================================================================================
 TEST SUCCEEDED                                                                 
--------------------------------------------------------------------------------
    Test class:  GraphIndexingUtilsTest
    Test method: indexingLongValuesWillSkipStrings
    End time:    2017/08/28 19:56:30 (Duration: 0ms)
================================================================================





================================================================================
 TEST START                                                                     
--------------------------------------------------------------------------------
    Test class:  GraphIndexingUtilsTest
    Test method: canIndexMultipleStringValues
    Start time:  2017/08/28 19:56:30
================================================================================





================================================================================
 TEST SUCCEEDED                                                                 
--------------------------------------------------------------------------------
    Test class:  GraphIndexingUtilsTest
    Test method: canIndexMultipleStringValues
    End time:    2017/08/28 19:56:30 (Duration: 0ms)
================================================================================





================================================================================
 TEST START                                                                     
--------------------------------------------------------------------------------
    Test class:  GraphIndexingUtilsTest
    Test method: canIndexMultipleDoubleValues
    Start time:  2017/08/28 19:56:30
================================================================================





================================================================================
 TEST SUCCEEDED                                                                 
--------------------------------------------------------------------------------
    Test class:  GraphIndexingUtilsTest
    Test method: canIndexMultipleDoubleValues
    End time:    2017/08/28 19:56:30 (Duration: 0ms)
================================================================================



[INFO ] 2017-08-28 19:56:30 [    Test worker] [    o.c.c.test.ChronosUnitTest]:  Attempting to delete temp directory provided at: C:\Users\Martin\AppData\Local\Temp\ChronoDBTest318862688473434810
[INFO ] 2017-08-28 19:56:30 [    Test worker] [    o.c.c.test.ChronosUnitTest]:  Successfully deleted temp directory
]]></system-out>
  <system-err><![CDATA[]]></system-err>
</testsuite>
