<?xml version="1.0" encoding="UTF-8"?>
<testsuite name="org.apache.tinkerpop.gremlin.algorithm.generator.CommunityGeneratorTest$DifferentDistributionsTest" tests="12" skipped="0" failures="0" errors="0" timestamp="2017-08-28T17:58:56" hostname="Aurora" time="0.545">
  <properties/>
  <testcase name="shouldGenerateSameGraph[test(NormalDistribution{stdDeviation=2.0, mean=0.0},PowerLawDistribution{gamma=2.4, multiplier=0.0},0,1)]" classname="org.apache.tinkerpop.gremlin.algorithm.generator.CommunityGeneratorTest$DifferentDistributionsTest" time="0.068"/>
  <testcase name="shouldGenerateDifferentGraph[test(NormalDistribution{stdDeviation=2.0, mean=0.0},PowerLawDistribution{gamma=2.4, multiplier=0.0},0,1)]" classname="org.apache.tinkerpop.gremlin.algorithm.generator.CommunityGeneratorTest$DifferentDistributionsTest" time="0.025"/>
  <testcase name="shouldGenerateSameGraph[test(NormalDistribution{stdDeviation=2.0, mean=0.0},PowerLawDistribution{gamma=2.4, multiplier=0.0},0,5)]" classname="org.apache.tinkerpop.gremlin.algorithm.generator.CommunityGeneratorTest$DifferentDistributionsTest" time="0.065"/>
  <testcase name="shouldGenerateDifferentGraph[test(NormalDistribution{stdDeviation=2.0, mean=0.0},PowerLawDistribution{gamma=2.4, multiplier=0.0},0,5)]" classname="org.apache.tinkerpop.gremlin.algorithm.generator.CommunityGeneratorTest$DifferentDistributionsTest" time="0.033"/>
  <testcase name="shouldGenerateSameGraph[test(NormalDistribution{stdDeviation=2.0, mean=0.0},NormalDistribution{stdDeviation=4.0, mean=0.0},0,5)]" classname="org.apache.tinkerpop.gremlin.algorithm.generator.CommunityGeneratorTest$DifferentDistributionsTest" time="0.066"/>
  <testcase name="shouldGenerateDifferentGraph[test(NormalDistribution{stdDeviation=2.0, mean=0.0},NormalDistribution{stdDeviation=4.0, mean=0.0},0,5)]" classname="org.apache.tinkerpop.gremlin.algorithm.generator.CommunityGeneratorTest$DifferentDistributionsTest" time="0.043"/>
  <testcase name="shouldGenerateSameGraph[test(NormalDistribution{stdDeviation=2.0, mean=0.0},NormalDistribution{stdDeviation=4.0, mean=0.0},0,1)]" classname="org.apache.tinkerpop.gremlin.algorithm.generator.CommunityGeneratorTest$DifferentDistributionsTest" time="0.056"/>
  <testcase name="shouldGenerateDifferentGraph[test(NormalDistribution{stdDeviation=2.0, mean=0.0},NormalDistribution{stdDeviation=4.0, mean=0.0},0,1)]" classname="org.apache.tinkerpop.gremlin.algorithm.generator.CommunityGeneratorTest$DifferentDistributionsTest" time="0.036"/>
  <testcase name="shouldGenerateSameGraph[test(PowerLawDistribution{gamma=2.3, multiplier=0.0},PowerLawDistribution{gamma=2.4, multiplier=0.0},0,25)]" classname="org.apache.tinkerpop.gremlin.algorithm.generator.CommunityGeneratorTest$DifferentDistributionsTest" time="0.04"/>
  <testcase name="shouldGenerateDifferentGraph[test(PowerLawDistribution{gamma=2.3, multiplier=0.0},PowerLawDistribution{gamma=2.4, multiplier=0.0},0,25)]" classname="org.apache.tinkerpop.gremlin.algorithm.generator.CommunityGeneratorTest$DifferentDistributionsTest" time="0.031"/>
  <testcase name="shouldGenerateSameGraph[test(PowerLawDistribution{gamma=2.3, multiplier=0.0},NormalDistribution{stdDeviation=4.0, mean=0.0},0,25)]" classname="org.apache.tinkerpop.gremlin.algorithm.generator.CommunityGeneratorTest$DifferentDistributionsTest" time="0.048"/>
  <testcase name="shouldGenerateDifferentGraph[test(PowerLawDistribution{gamma=2.3, multiplier=0.0},NormalDistribution{stdDeviation=4.0, mean=0.0},0,25)]" classname="org.apache.tinkerpop.gremlin.algorithm.generator.CommunityGeneratorTest$DifferentDistributionsTest" time="0.034"/>
  <system-out><![CDATA[[WARN ] 2017-08-28 19:58:56 [    Test worker] [StandardChronoGraphTransaction]:  Query requires iterating over all vertices. For better performance, use 'has(...)' clauses in your gremlin.
[WARN ] 2017-08-28 19:58:56 [    Test worker] [StandardChronoGraphTransaction]:  Query requires iterating over all vertices. For better performance, use 'has(...)' clauses in your gremlin.
[WARN ] 2017-08-28 19:58:56 [    Test worker] [StandardChronoGraphTransaction]:  Query requires iterating over all edges. For better performance, use 'has(...)' clauses in your gremlin.
[WARN ] 2017-08-28 19:58:56 [    Test worker] [StandardChronoGraphTransaction]:  Query requires iterating over all edges. For better performance, use 'has(...)' clauses in your gremlin.
[WARN ] 2017-08-28 19:58:56 [    Test worker] [StandardChronoGraphTransaction]:  Query requires iterating over all vertices. For better performance, use 'has(...)' clauses in your gremlin.
[WARN ] 2017-08-28 19:58:56 [    Test worker] [StandardChronoGraphTransaction]:  Query requires iterating over all vertices. For better performance, use 'has(...)' clauses in your gremlin.
[WARN ] 2017-08-28 19:58:56 [    Test worker] [StandardChronoGraphTransaction]:  Query requires iterating over all edges. For better performance, use 'has(...)' clauses in your gremlin.
[WARN ] 2017-08-28 19:58:56 [    Test worker] [StandardChronoGraphTransaction]:  Query requires iterating over all edges. For better performance, use 'has(...)' clauses in your gremlin.
[WARN ] 2017-08-28 19:58:56 [    Test worker] [StandardChronoGraphTransaction]:  Query requires iterating over all edges. For better performance, use 'has(...)' clauses in your gremlin.
[WARN ] 2017-08-28 19:58:56 [    Test worker] [StandardChronoGraphTransaction]:  Query requires iterating over all vertices. For better performance, use 'has(...)' clauses in your gremlin.
[WARN ] 2017-08-28 19:58:56 [    Test worker] [StandardChronoGraphTransaction]:  Query requires iterating over all edges. For better performance, use 'has(...)' clauses in your gremlin.
[WARN ] 2017-08-28 19:58:56 [    Test worker] [StandardChronoGraphTransaction]:  Query requires iterating over all vertices. For better performance, use 'has(...)' clauses in your gremlin.
[WARN ] 2017-08-28 19:58:56 [    Test worker] [StandardChronoGraphTransaction]:  Query requires iterating over all edges. For better performance, use 'has(...)' clauses in your gremlin.
[WARN ] 2017-08-28 19:58:56 [    Test worker] [StandardChronoGraphTransaction]:  Query requires iterating over all edges. For better performance, use 'has(...)' clauses in your gremlin.
[WARN ] 2017-08-28 19:58:56 [    Test worker] [StandardChronoGraphTransaction]:  Query requires iterating over all vertices. For better performance, use 'has(...)' clauses in your gremlin.
[WARN ] 2017-08-28 19:58:56 [    Test worker] [StandardChronoGraphTransaction]:  Query requires iterating over all vertices. For better performance, use 'has(...)' clauses in your gremlin.
[WARN ] 2017-08-28 19:58:56 [    Test worker] [StandardChronoGraphTransaction]:  Query requires iterating over all vertices. For better performance, use 'has(...)' clauses in your gremlin.
[WARN ] 2017-08-28 19:58:56 [    Test worker] [StandardChronoGraphTransaction]:  Query requires iterating over all vertices. For better performance, use 'has(...)' clauses in your gremlin.
[WARN ] 2017-08-28 19:58:56 [    Test worker] [StandardChronoGraphTransaction]:  Query requires iterating over all vertices. For better performance, use 'has(...)' clauses in your gremlin.
[WARN ] 2017-08-28 19:58:56 [    Test worker] [StandardChronoGraphTransaction]:  Query requires iterating over all vertices. For better performance, use 'has(...)' clauses in your gremlin.
[WARN ] 2017-08-28 19:58:56 [    Test worker] [StandardChronoGraphTransaction]:  Query requires iterating over all vertices. For better performance, use 'has(...)' clauses in your gremlin.
[WARN ] 2017-08-28 19:58:56 [    Test worker] [StandardChronoGraphTransaction]:  Query requires iterating over all vertices. For better performance, use 'has(...)' clauses in your gremlin.
[WARN ] 2017-08-28 19:58:56 [    Test worker] [StandardChronoGraphTransaction]:  Query requires iterating over all vertices. For better performance, use 'has(...)' clauses in your gremlin.
[WARN ] 2017-08-28 19:58:56 [    Test worker] [StandardChronoGraphTransaction]:  Query requires iterating over all vertices. For better performance, use 'has(...)' clauses in your gremlin.
[WARN ] 2017-08-28 19:58:56 [    Test worker] [StandardChronoGraphTransaction]:  Query requires iterating over all vertices. For better performance, use 'has(...)' clauses in your gremlin.
[WARN ] 2017-08-28 19:58:56 [    Test worker] [StandardChronoGraphTransaction]:  Query requires iterating over all vertices. For better performance, use 'has(...)' clauses in your gremlin.
[WARN ] 2017-08-28 19:58:56 [    Test worker] [StandardChronoGraphTransaction]:  Query requires iterating over all vertices. For better performance, use 'has(...)' clauses in your gremlin.
[WARN ] 2017-08-28 19:58:56 [    Test worker] [StandardChronoGraphTransaction]:  Query requires iterating over all vertices. For better performance, use 'has(...)' clauses in your gremlin.
[WARN ] 2017-08-28 19:58:56 [    Test worker] [StandardChronoGraphTransaction]:  Query requires iterating over all vertices. For better performance, use 'has(...)' clauses in your gremlin.
[WARN ] 2017-08-28 19:58:56 [    Test worker] [StandardChronoGraphTransaction]:  Query requires iterating over all vertices. For better performance, use 'has(...)' clauses in your gremlin.
[WARN ] 2017-08-28 19:58:56 [    Test worker] [StandardChronoGraphTransaction]:  Query requires iterating over all vertices. For better performance, use 'has(...)' clauses in your gremlin.
[WARN ] 2017-08-28 19:58:56 [    Test worker] [StandardChronoGraphTransaction]:  Query requires iterating over all vertices. For better performance, use 'has(...)' clauses in your gremlin.
[WARN ] 2017-08-28 19:58:56 [    Test worker] [StandardChronoGraphTransaction]:  Query requires iterating over all vertices. For better performance, use 'has(...)' clauses in your gremlin.
[WARN ] 2017-08-28 19:58:56 [    Test worker] [StandardChronoGraphTransaction]:  Query requires iterating over all vertices. For better performance, use 'has(...)' clauses in your gremlin.
[WARN ] 2017-08-28 19:58:56 [    Test worker] [StandardChronoGraphTransaction]:  Query requires iterating over all vertices. For better performance, use 'has(...)' clauses in your gremlin.
[WARN ] 2017-08-28 19:58:56 [    Test worker] [StandardChronoGraphTransaction]:  Query requires iterating over all vertices. For better performance, use 'has(...)' clauses in your gremlin.
[WARN ] 2017-08-28 19:58:56 [    Test worker] [StandardChronoGraphTransaction]:  Query requires iterating over all vertices. For better performance, use 'has(...)' clauses in your gremlin.
[WARN ] 2017-08-28 19:58:56 [    Test worker] [StandardChronoGraphTransaction]:  Query requires iterating over all vertices. For better performance, use 'has(...)' clauses in your gremlin.
[WARN ] 2017-08-28 19:58:56 [    Test worker] [StandardChronoGraphTransaction]:  Query requires iterating over all vertices. For better performance, use 'has(...)' clauses in your gremlin.
[WARN ] 2017-08-28 19:58:56 [    Test worker] [StandardChronoGraphTransaction]:  Query requires iterating over all vertices. For better performance, use 'has(...)' clauses in your gremlin.
[WARN ] 2017-08-28 19:58:56 [    Test worker] [StandardChronoGraphTransaction]:  Query requires iterating over all vertices. For better performance, use 'has(...)' clauses in your gremlin.
[WARN ] 2017-08-28 19:58:56 [    Test worker] [StandardChronoGraphTransaction]:  Query requires iterating over all vertices. For better performance, use 'has(...)' clauses in your gremlin.
[WARN ] 2017-08-28 19:58:56 [    Test worker] [StandardChronoGraphTransaction]:  Query requires iterating over all vertices. For better performance, use 'has(...)' clauses in your gremlin.
[WARN ] 2017-08-28 19:58:56 [    Test worker] [StandardChronoGraphTransaction]:  Query requires iterating over all vertices. For better performance, use 'has(...)' clauses in your gremlin.
[WARN ] 2017-08-28 19:58:56 [    Test worker] [StandardChronoGraphTransaction]:  Query requires iterating over all vertices. For better performance, use 'has(...)' clauses in your gremlin.
[WARN ] 2017-08-28 19:58:56 [    Test worker] [StandardChronoGraphTransaction]:  Query requires iterating over all vertices. For better performance, use 'has(...)' clauses in your gremlin.
[WARN ] 2017-08-28 19:58:56 [    Test worker] [StandardChronoGraphTransaction]:  Query requires iterating over all vertices. For better performance, use 'has(...)' clauses in your gremlin.
[WARN ] 2017-08-28 19:58:56 [    Test worker] [StandardChronoGraphTransaction]:  Query requires iterating over all vertices. For better performance, use 'has(...)' clauses in your gremlin.
[WARN ] 2017-08-28 19:58:56 [    Test worker] [StandardChronoGraphTransaction]:  Query requires iterating over all vertices. For better performance, use 'has(...)' clauses in your gremlin.
[WARN ] 2017-08-28 19:58:56 [    Test worker] [StandardChronoGraphTransaction]:  Query requires iterating over all vertices. For better performance, use 'has(...)' clauses in your gremlin.
[WARN ] 2017-08-28 19:58:56 [    Test worker] [StandardChronoGraphTransaction]:  Query requires iterating over all vertices. For better performance, use 'has(...)' clauses in your gremlin.
[WARN ] 2017-08-28 19:58:56 [    Test worker] [StandardChronoGraphTransaction]:  Query requires iterating over all vertices. For better performance, use 'has(...)' clauses in your gremlin.
[WARN ] 2017-08-28 19:58:56 [    Test worker] [StandardChronoGraphTransaction]:  Query requires iterating over all vertices. For better performance, use 'has(...)' clauses in your gremlin.
[WARN ] 2017-08-28 19:58:56 [    Test worker] [StandardChronoGraphTransaction]:  Query requires iterating over all vertices. For better performance, use 'has(...)' clauses in your gremlin.
[WARN ] 2017-08-28 19:58:56 [    Test worker] [StandardChronoGraphTransaction]:  Query requires iterating over all vertices. For better performance, use 'has(...)' clauses in your gremlin.
[WARN ] 2017-08-28 19:58:56 [    Test worker] [StandardChronoGraphTransaction]:  Query requires iterating over all vertices. For better performance, use 'has(...)' clauses in your gremlin.
[WARN ] 2017-08-28 19:58:56 [    Test worker] [StandardChronoGraphTransaction]:  Query requires iterating over all vertices. For better performance, use 'has(...)' clauses in your gremlin.
[WARN ] 2017-08-28 19:58:56 [    Test worker] [StandardChronoGraphTransaction]:  Query requires iterating over all vertices. For better performance, use 'has(...)' clauses in your gremlin.
[WARN ] 2017-08-28 19:58:56 [    Test worker] [StandardChronoGraphTransaction]:  Query requires iterating over all vertices. For better performance, use 'has(...)' clauses in your gremlin.
[WARN ] 2017-08-28 19:58:56 [    Test worker] [StandardChronoGraphTransaction]:  Query requires iterating over all vertices. For better performance, use 'has(...)' clauses in your gremlin.
[WARN ] 2017-08-28 19:58:56 [    Test worker] [StandardChronoGraphTransaction]:  Query requires iterating over all vertices. For better performance, use 'has(...)' clauses in your gremlin.
[WARN ] 2017-08-28 19:58:56 [    Test worker] [StandardChronoGraphTransaction]:  Query requires iterating over all vertices. For better performance, use 'has(...)' clauses in your gremlin.
[WARN ] 2017-08-28 19:58:56 [    Test worker] [StandardChronoGraphTransaction]:  Query requires iterating over all vertices. For better performance, use 'has(...)' clauses in your gremlin.
[WARN ] 2017-08-28 19:58:56 [    Test worker] [StandardChronoGraphTransaction]:  Query requires iterating over all vertices. For better performance, use 'has(...)' clauses in your gremlin.
[WARN ] 2017-08-28 19:58:56 [    Test worker] [StandardChronoGraphTransaction]:  Query requires iterating over all vertices. For better performance, use 'has(...)' clauses in your gremlin.
[WARN ] 2017-08-28 19:58:56 [    Test worker] [StandardChronoGraphTransaction]:  Query requires iterating over all vertices. For better performance, use 'has(...)' clauses in your gremlin.
[WARN ] 2017-08-28 19:58:56 [    Test worker] [StandardChronoGraphTransaction]:  Query requires iterating over all vertices. For better performance, use 'has(...)' clauses in your gremlin.
[WARN ] 2017-08-28 19:58:56 [    Test worker] [StandardChronoGraphTransaction]:  Query requires iterating over all vertices. For better performance, use 'has(...)' clauses in your gremlin.
[WARN ] 2017-08-28 19:58:56 [    Test worker] [StandardChronoGraphTransaction]:  Query requires iterating over all vertices. For better performance, use 'has(...)' clauses in your gremlin.
[WARN ] 2017-08-28 19:58:56 [    Test worker] [StandardChronoGraphTransaction]:  Query requires iterating over all vertices. For better performance, use 'has(...)' clauses in your gremlin.
[WARN ] 2017-08-28 19:58:56 [    Test worker] [StandardChronoGraphTransaction]:  Query requires iterating over all vertices. For better performance, use 'has(...)' clauses in your gremlin.
[WARN ] 2017-08-28 19:58:56 [    Test worker] [StandardChronoGraphTransaction]:  Query requires iterating over all vertices. For better performance, use 'has(...)' clauses in your gremlin.
[WARN ] 2017-08-28 19:58:56 [    Test worker] [StandardChronoGraphTransaction]:  Query requires iterating over all vertices. For better performance, use 'has(...)' clauses in your gremlin.
[WARN ] 2017-08-28 19:58:56 [    Test worker] [StandardChronoGraphTransaction]:  Query requires iterating over all vertices. For better performance, use 'has(...)' clauses in your gremlin.
[WARN ] 2017-08-28 19:58:56 [    Test worker] [StandardChronoGraphTransaction]:  Query requires iterating over all vertices. For better performance, use 'has(...)' clauses in your gremlin.
[WARN ] 2017-08-28 19:58:56 [    Test worker] [StandardChronoGraphTransaction]:  Query requires iterating over all vertices. For better performance, use 'has(...)' clauses in your gremlin.
[WARN ] 2017-08-28 19:58:56 [    Test worker] [StandardChronoGraphTransaction]:  Query requires iterating over all vertices. For better performance, use 'has(...)' clauses in your gremlin.
[WARN ] 2017-08-28 19:58:56 [    Test worker] [StandardChronoGraphTransaction]:  Query requires iterating over all vertices. For better performance, use 'has(...)' clauses in your gremlin.
[WARN ] 2017-08-28 19:58:56 [    Test worker] [StandardChronoGraphTransaction]:  Query requires iterating over all vertices. For better performance, use 'has(...)' clauses in your gremlin.
[WARN ] 2017-08-28 19:58:56 [    Test worker] [StandardChronoGraphTransaction]:  Query requires iterating over all vertices. For better performance, use 'has(...)' clauses in your gremlin.
[WARN ] 2017-08-28 19:58:56 [    Test worker] [StandardChronoGraphTransaction]:  Query requires iterating over all vertices. For better performance, use 'has(...)' clauses in your gremlin.
[WARN ] 2017-08-28 19:58:56 [    Test worker] [StandardChronoGraphTransaction]:  Query requires iterating over all vertices. For better performance, use 'has(...)' clauses in your gremlin.
[WARN ] 2017-08-28 19:58:56 [    Test worker] [StandardChronoGraphTransaction]:  Query requires iterating over all vertices. For better performance, use 'has(...)' clauses in your gremlin.
[WARN ] 2017-08-28 19:58:56 [    Test worker] [StandardChronoGraphTransaction]:  Query requires iterating over all vertices. For better performance, use 'has(...)' clauses in your gremlin.
[WARN ] 2017-08-28 19:58:56 [    Test worker] [StandardChronoGraphTransaction]:  Query requires iterating over all vertices. For better performance, use 'has(...)' clauses in your gremlin.
[WARN ] 2017-08-28 19:58:56 [    Test worker] [StandardChronoGraphTransaction]:  Query requires iterating over all vertices. For better performance, use 'has(...)' clauses in your gremlin.
[WARN ] 2017-08-28 19:58:56 [    Test worker] [StandardChronoGraphTransaction]:  Query requires iterating over all vertices. For better performance, use 'has(...)' clauses in your gremlin.
[WARN ] 2017-08-28 19:58:56 [    Test worker] [StandardChronoGraphTransaction]:  Query requires iterating over all vertices. For better performance, use 'has(...)' clauses in your gremlin.
[WARN ] 2017-08-28 19:58:56 [    Test worker] [StandardChronoGraphTransaction]:  Query requires iterating over all vertices. For better performance, use 'has(...)' clauses in your gremlin.
[WARN ] 2017-08-28 19:58:56 [    Test worker] [StandardChronoGraphTransaction]:  Query requires iterating over all vertices. For better performance, use 'has(...)' clauses in your gremlin.
[WARN ] 2017-08-28 19:58:56 [    Test worker] [StandardChronoGraphTransaction]:  Query requires iterating over all vertices. For better performance, use 'has(...)' clauses in your gremlin.
[WARN ] 2017-08-28 19:58:56 [    Test worker] [StandardChronoGraphTransaction]:  Query requires iterating over all vertices. For better performance, use 'has(...)' clauses in your gremlin.
[WARN ] 2017-08-28 19:58:56 [    Test worker] [StandardChronoGraphTransaction]:  Query requires iterating over all vertices. For better performance, use 'has(...)' clauses in your gremlin.
[WARN ] 2017-08-28 19:58:56 [    Test worker] [StandardChronoGraphTransaction]:  Query requires iterating over all vertices. For better performance, use 'has(...)' clauses in your gremlin.
[WARN ] 2017-08-28 19:58:56 [    Test worker] [StandardChronoGraphTransaction]:  Query requires iterating over all vertices. For better performance, use 'has(...)' clauses in your gremlin.
[WARN ] 2017-08-28 19:58:56 [    Test worker] [StandardChronoGraphTransaction]:  Query requires iterating over all vertices. For better performance, use 'has(...)' clauses in your gremlin.
[WARN ] 2017-08-28 19:58:56 [    Test worker] [StandardChronoGraphTransaction]:  Query requires iterating over all vertices. For better performance, use 'has(...)' clauses in your gremlin.
[WARN ] 2017-08-28 19:58:56 [    Test worker] [StandardChronoGraphTransaction]:  Query requires iterating over all vertices. For better performance, use 'has(...)' clauses in your gremlin.
[WARN ] 2017-08-28 19:58:56 [    Test worker] [StandardChronoGraphTransaction]:  Query requires iterating over all vertices. For better performance, use 'has(...)' clauses in your gremlin.
[WARN ] 2017-08-28 19:58:56 [    Test worker] [StandardChronoGraphTransaction]:  Query requires iterating over all vertices. For better performance, use 'has(...)' clauses in your gremlin.
[WARN ] 2017-08-28 19:58:56 [    Test worker] [StandardChronoGraphTransaction]:  Query requires iterating over all vertices. For better performance, use 'has(...)' clauses in your gremlin.
[WARN ] 2017-08-28 19:58:56 [    Test worker] [StandardChronoGraphTransaction]:  Query requires iterating over all vertices. For better performance, use 'has(...)' clauses in your gremlin.
[WARN ] 2017-08-28 19:58:56 [    Test worker] [StandardChronoGraphTransaction]:  Query requires iterating over all vertices. For better performance, use 'has(...)' clauses in your gremlin.
[WARN ] 2017-08-28 19:58:56 [    Test worker] [StandardChronoGraphTransaction]:  Query requires iterating over all vertices. For better performance, use 'has(...)' clauses in your gremlin.
[WARN ] 2017-08-28 19:58:56 [    Test worker] [StandardChronoGraphTransaction]:  Query requires iterating over all vertices. For better performance, use 'has(...)' clauses in your gremlin.
[WARN ] 2017-08-28 19:58:56 [    Test worker] [StandardChronoGraphTransaction]:  Query requires iterating over all vertices. For better performance, use 'has(...)' clauses in your gremlin.
[WARN ] 2017-08-28 19:58:56 [    Test worker] [StandardChronoGraphTransaction]:  Query requires iterating over all vertices. For better performance, use 'has(...)' clauses in your gremlin.
[WARN ] 2017-08-28 19:58:56 [    Test worker] [StandardChronoGraphTransaction]:  Query requires iterating over all vertices. For better performance, use 'has(...)' clauses in your gremlin.
[WARN ] 2017-08-28 19:58:56 [    Test worker] [StandardChronoGraphTransaction]:  Query requires iterating over all vertices. For better performance, use 'has(...)' clauses in your gremlin.
[WARN ] 2017-08-28 19:58:56 [    Test worker] [StandardChronoGraphTransaction]:  Query requires iterating over all vertices. For better performance, use 'has(...)' clauses in your gremlin.
[WARN ] 2017-08-28 19:58:56 [    Test worker] [StandardChronoGraphTransaction]:  Query requires iterating over all vertices. For better performance, use 'has(...)' clauses in your gremlin.
[WARN ] 2017-08-28 19:58:56 [    Test worker] [StandardChronoGraphTransaction]:  Query requires iterating over all vertices. For better performance, use 'has(...)' clauses in your gremlin.
[WARN ] 2017-08-28 19:58:56 [    Test worker] [StandardChronoGraphTransaction]:  Query requires iterating over all vertices. For better performance, use 'has(...)' clauses in your gremlin.
[WARN ] 2017-08-28 19:58:56 [    Test worker] [StandardChronoGraphTransaction]:  Query requires iterating over all vertices. For better performance, use 'has(...)' clauses in your gremlin.
[WARN ] 2017-08-28 19:58:56 [    Test worker] [StandardChronoGraphTransaction]:  Query requires iterating over all vertices. For better performance, use 'has(...)' clauses in your gremlin.
[WARN ] 2017-08-28 19:58:56 [    Test worker] [StandardChronoGraphTransaction]:  Query requires iterating over all vertices. For better performance, use 'has(...)' clauses in your gremlin.
[WARN ] 2017-08-28 19:58:56 [    Test worker] [StandardChronoGraphTransaction]:  Query requires iterating over all vertices. For better performance, use 'has(...)' clauses in your gremlin.
[WARN ] 2017-08-28 19:58:56 [    Test worker] [StandardChronoGraphTransaction]:  Query requires iterating over all edges. For better performance, use 'has(...)' clauses in your gremlin.
[WARN ] 2017-08-28 19:58:56 [    Test worker] [StandardChronoGraphTransaction]:  Query requires iterating over all edges. For better performance, use 'has(...)' clauses in your gremlin.
[WARN ] 2017-08-28 19:58:56 [    Test worker] [StandardChronoGraphTransaction]:  Query requires iterating over all vertices. For better performance, use 'has(...)' clauses in your gremlin.
[WARN ] 2017-08-28 19:58:56 [    Test worker] [StandardChronoGraphTransaction]:  Query requires iterating over all vertices. For better performance, use 'has(...)' clauses in your gremlin.
[WARN ] 2017-08-28 19:58:56 [    Test worker] [StandardChronoGraphTransaction]:  Query requires iterating over all edges. For better performance, use 'has(...)' clauses in your gremlin.
[WARN ] 2017-08-28 19:58:56 [    Test worker] [StandardChronoGraphTransaction]:  Query requires iterating over all edges. For better performance, use 'has(...)' clauses in your gremlin.
[WARN ] 2017-08-28 19:58:56 [    Test worker] [StandardChronoGraphTransaction]:  Query requires iterating over all edges. For better performance, use 'has(...)' clauses in your gremlin.
[WARN ] 2017-08-28 19:58:56 [    Test worker] [StandardChronoGraphTransaction]:  Query requires iterating over all vertices. For better performance, use 'has(...)' clauses in your gremlin.
[WARN ] 2017-08-28 19:58:56 [    Test worker] [StandardChronoGraphTransaction]:  Query requires iterating over all edges. For better performance, use 'has(...)' clauses in your gremlin.
[WARN ] 2017-08-28 19:58:56 [    Test worker] [StandardChronoGraphTransaction]:  Query requires iterating over all vertices. For better performance, use 'has(...)' clauses in your gremlin.
[WARN ] 2017-08-28 19:58:56 [    Test worker] [StandardChronoGraphTransaction]:  Query requires iterating over all vertices. For better performance, use 'has(...)' clauses in your gremlin.
[WARN ] 2017-08-28 19:58:56 [    Test worker] [StandardChronoGraphTransaction]:  Query requires iterating over all vertices. For better performance, use 'has(...)' clauses in your gremlin.
[WARN ] 2017-08-28 19:58:56 [    Test worker] [StandardChronoGraphTransaction]:  Query requires iterating over all vertices. For better performance, use 'has(...)' clauses in your gremlin.
[WARN ] 2017-08-28 19:58:56 [    Test worker] [StandardChronoGraphTransaction]:  Query requires iterating over all vertices. For better performance, use 'has(...)' clauses in your gremlin.
[WARN ] 2017-08-28 19:58:56 [    Test worker] [StandardChronoGraphTransaction]:  Query requires iterating over all edges. For better performance, use 'has(...)' clauses in your gremlin.
[WARN ] 2017-08-28 19:58:56 [    Test worker] [StandardChronoGraphTransaction]:  Query requires iterating over all edges. For better performance, use 'has(...)' clauses in your gremlin.
[WARN ] 2017-08-28 19:58:56 [    Test worker] [StandardChronoGraphTransaction]:  Query requires iterating over all vertices. For better performance, use 'has(...)' clauses in your gremlin.
[WARN ] 2017-08-28 19:58:56 [    Test worker] [StandardChronoGraphTransaction]:  Query requires iterating over all vertices. For better performance, use 'has(...)' clauses in your gremlin.
[WARN ] 2017-08-28 19:58:56 [    Test worker] [StandardChronoGraphTransaction]:  Query requires iterating over all edges. For better performance, use 'has(...)' clauses in your gremlin.
[WARN ] 2017-08-28 19:58:56 [    Test worker] [StandardChronoGraphTransaction]:  Query requires iterating over all edges. For better performance, use 'has(...)' clauses in your gremlin.
[WARN ] 2017-08-28 19:58:56 [    Test worker] [StandardChronoGraphTransaction]:  Query requires iterating over all edges. For better performance, use 'has(...)' clauses in your gremlin.
[WARN ] 2017-08-28 19:58:56 [    Test worker] [StandardChronoGraphTransaction]:  Query requires iterating over all vertices. For better performance, use 'has(...)' clauses in your gremlin.
[WARN ] 2017-08-28 19:58:56 [    Test worker] [StandardChronoGraphTransaction]:  Query requires iterating over all edges. For better performance, use 'has(...)' clauses in your gremlin.
[WARN ] 2017-08-28 19:58:56 [    Test worker] [StandardChronoGraphTransaction]:  Query requires iterating over all vertices. For better performance, use 'has(...)' clauses in your gremlin.
[WARN ] 2017-08-28 19:58:56 [    Test worker] [StandardChronoGraphTransaction]:  Query requires iterating over all edges. For better performance, use 'has(...)' clauses in your gremlin.
[WARN ] 2017-08-28 19:58:56 [    Test worker] [StandardChronoGraphTransaction]:  Query requires iterating over all edges. For better performance, use 'has(...)' clauses in your gremlin.
[WARN ] 2017-08-28 19:58:56 [    Test worker] [StandardChronoGraphTransaction]:  Query requires iterating over all vertices. For better performance, use 'has(...)' clauses in your gremlin.
[WARN ] 2017-08-28 19:58:56 [    Test worker] [StandardChronoGraphTransaction]:  Query requires iterating over all vertices. For better performance, use 'has(...)' clauses in your gremlin.
[WARN ] 2017-08-28 19:58:56 [    Test worker] [StandardChronoGraphTransaction]:  Query requires iterating over all vertices. For better performance, use 'has(...)' clauses in your gremlin.
[WARN ] 2017-08-28 19:58:56 [    Test worker] [StandardChronoGraphTransaction]:  Query requires iterating over all vertices. For better performance, use 'has(...)' clauses in your gremlin.
[WARN ] 2017-08-28 19:58:56 [    Test worker] [StandardChronoGraphTransaction]:  Query requires iterating over all vertices. For better performance, use 'has(...)' clauses in your gremlin.
[WARN ] 2017-08-28 19:58:56 [    Test worker] [StandardChronoGraphTransaction]:  Query requires iterating over all vertices. For better performance, use 'has(...)' clauses in your gremlin.
[WARN ] 2017-08-28 19:58:56 [    Test worker] [StandardChronoGraphTransaction]:  Query requires iterating over all vertices. For better performance, use 'has(...)' clauses in your gremlin.
[WARN ] 2017-08-28 19:58:56 [    Test worker] [StandardChronoGraphTransaction]:  Query requires iterating over all vertices. For better performance, use 'has(...)' clauses in your gremlin.
[WARN ] 2017-08-28 19:58:56 [    Test worker] [StandardChronoGraphTransaction]:  Query requires iterating over all vertices. For better performance, use 'has(...)' clauses in your gremlin.
[WARN ] 2017-08-28 19:58:56 [    Test worker] [StandardChronoGraphTransaction]:  Query requires iterating over all vertices. For better performance, use 'has(...)' clauses in your gremlin.
[WARN ] 2017-08-28 19:58:56 [    Test worker] [StandardChronoGraphTransaction]:  Query requires iterating over all vertices. For better performance, use 'has(...)' clauses in your gremlin.
[WARN ] 2017-08-28 19:58:56 [    Test worker] [StandardChronoGraphTransaction]:  Query requires iterating over all vertices. For better performance, use 'has(...)' clauses in your gremlin.
[WARN ] 2017-08-28 19:58:56 [    Test worker] [StandardChronoGraphTransaction]:  Query requires iterating over all vertices. For better performance, use 'has(...)' clauses in your gremlin.
[WARN ] 2017-08-28 19:58:56 [    Test worker] [StandardChronoGraphTransaction]:  Query requires iterating over all vertices. For better performance, use 'has(...)' clauses in your gremlin.
[WARN ] 2017-08-28 19:58:56 [    Test worker] [StandardChronoGraphTransaction]:  Query requires iterating over all vertices. For better performance, use 'has(...)' clauses in your gremlin.
[WARN ] 2017-08-28 19:58:56 [    Test worker] [StandardChronoGraphTransaction]:  Query requires iterating over all vertices. For better performance, use 'has(...)' clauses in your gremlin.
[WARN ] 2017-08-28 19:58:56 [    Test worker] [StandardChronoGraphTransaction]:  Query requires iterating over all vertices. For better performance, use 'has(...)' clauses in your gremlin.
[WARN ] 2017-08-28 19:58:56 [    Test worker] [StandardChronoGraphTransaction]:  Query requires iterating over all vertices. For better performance, use 'has(...)' clauses in your gremlin.
[WARN ] 2017-08-28 19:58:56 [    Test worker] [StandardChronoGraphTransaction]:  Query requires iterating over all vertices. For better performance, use 'has(...)' clauses in your gremlin.
[WARN ] 2017-08-28 19:58:56 [    Test worker] [StandardChronoGraphTransaction]:  Query requires iterating over all vertices. For better performance, use 'has(...)' clauses in your gremlin.
[WARN ] 2017-08-28 19:58:56 [    Test worker] [StandardChronoGraphTransaction]:  Query requires iterating over all vertices. For better performance, use 'has(...)' clauses in your gremlin.
[WARN ] 2017-08-28 19:58:56 [    Test worker] [StandardChronoGraphTransaction]:  Query requires iterating over all vertices. For better performance, use 'has(...)' clauses in your gremlin.
[WARN ] 2017-08-28 19:58:56 [    Test worker] [StandardChronoGraphTransaction]:  Query requires iterating over all vertices. For better performance, use 'has(...)' clauses in your gremlin.
[WARN ] 2017-08-28 19:58:56 [    Test worker] [StandardChronoGraphTransaction]:  Query requires iterating over all vertices. For better performance, use 'has(...)' clauses in your gremlin.
[WARN ] 2017-08-28 19:58:56 [    Test worker] [StandardChronoGraphTransaction]:  Query requires iterating over all vertices. For better performance, use 'has(...)' clauses in your gremlin.
[WARN ] 2017-08-28 19:58:56 [    Test worker] [StandardChronoGraphTransaction]:  Query requires iterating over all vertices. For better performance, use 'has(...)' clauses in your gremlin.
[WARN ] 2017-08-28 19:58:56 [    Test worker] [StandardChronoGraphTransaction]:  Query requires iterating over all vertices. For better performance, use 'has(...)' clauses in your gremlin.
[WARN ] 2017-08-28 19:58:56 [    Test worker] [StandardChronoGraphTransaction]:  Query requires iterating over all vertices. For better performance, use 'has(...)' clauses in your gremlin.
[WARN ] 2017-08-28 19:58:56 [    Test worker] [StandardChronoGraphTransaction]:  Query requires iterating over all vertices. For better performance, use 'has(...)' clauses in your gremlin.
[WARN ] 2017-08-28 19:58:56 [    Test worker] [StandardChronoGraphTransaction]:  Query requires iterating over all vertices. For better performance, use 'has(...)' clauses in your gremlin.
[WARN ] 2017-08-28 19:58:56 [    Test worker] [StandardChronoGraphTransaction]:  Query requires iterating over all vertices. For better performance, use 'has(...)' clauses in your gremlin.
[WARN ] 2017-08-28 19:58:56 [    Test worker] [StandardChronoGraphTransaction]:  Query requires iterating over all vertices. For better performance, use 'has(...)' clauses in your gremlin.
[WARN ] 2017-08-28 19:58:56 [    Test worker] [StandardChronoGraphTransaction]:  Query requires iterating over all vertices. For better performance, use 'has(...)' clauses in your gremlin.
[WARN ] 2017-08-28 19:58:56 [    Test worker] [StandardChronoGraphTransaction]:  Query requires iterating over all vertices. For better performance, use 'has(...)' clauses in your gremlin.
[WARN ] 2017-08-28 19:58:56 [    Test worker] [StandardChronoGraphTransaction]:  Query requires iterating over all vertices. For better performance, use 'has(...)' clauses in your gremlin.
[WARN ] 2017-08-28 19:58:56 [    Test worker] [StandardChronoGraphTransaction]:  Query requires iterating over all vertices. For better performance, use 'has(...)' clauses in your gremlin.
[WARN ] 2017-08-28 19:58:56 [    Test worker] [StandardChronoGraphTransaction]:  Query requires iterating over all vertices. For better performance, use 'has(...)' clauses in your gremlin.
[WARN ] 2017-08-28 19:58:56 [    Test worker] [StandardChronoGraphTransaction]:  Query requires iterating over all vertices. For better performance, use 'has(...)' clauses in your gremlin.
[WARN ] 2017-08-28 19:58:56 [    Test worker] [StandardChronoGraphTransaction]:  Query requires iterating over all vertices. For better performance, use 'has(...)' clauses in your gremlin.
[WARN ] 2017-08-28 19:58:56 [    Test worker] [StandardChronoGraphTransaction]:  Query requires iterating over all vertices. For better performance, use 'has(...)' clauses in your gremlin.
[WARN ] 2017-08-28 19:58:56 [    Test worker] [StandardChronoGraphTransaction]:  Query requires iterating over all vertices. For better performance, use 'has(...)' clauses in your gremlin.
[WARN ] 2017-08-28 19:58:56 [    Test worker] [StandardChronoGraphTransaction]:  Query requires iterating over all vertices. For better performance, use 'has(...)' clauses in your gremlin.
[WARN ] 2017-08-28 19:58:56 [    Test worker] [StandardChronoGraphTransaction]:  Query requires iterating over all vertices. For better performance, use 'has(...)' clauses in your gremlin.
[WARN ] 2017-08-28 19:58:56 [    Test worker] [StandardChronoGraphTransaction]:  Query requires iterating over all vertices. For better performance, use 'has(...)' clauses in your gremlin.
[WARN ] 2017-08-28 19:58:56 [    Test worker] [StandardChronoGraphTransaction]:  Query requires iterating over all vertices. For better performance, use 'has(...)' clauses in your gremlin.
[WARN ] 2017-08-28 19:58:56 [    Test worker] [StandardChronoGraphTransaction]:  Query requires iterating over all vertices. For better performance, use 'has(...)' clauses in your gremlin.
[WARN ] 2017-08-28 19:58:56 [    Test worker] [StandardChronoGraphTransaction]:  Query requires iterating over all vertices. For better performance, use 'has(...)' clauses in your gremlin.
[WARN ] 2017-08-28 19:58:56 [    Test worker] [StandardChronoGraphTransaction]:  Query requires iterating over all vertices. For better performance, use 'has(...)' clauses in your gremlin.
[WARN ] 2017-08-28 19:58:56 [    Test worker] [StandardChronoGraphTransaction]:  Query requires iterating over all vertices. For better performance, use 'has(...)' clauses in your gremlin.
[WARN ] 2017-08-28 19:58:56 [    Test worker] [StandardChronoGraphTransaction]:  Query requires iterating over all vertices. For better performance, use 'has(...)' clauses in your gremlin.
[WARN ] 2017-08-28 19:58:56 [    Test worker] [StandardChronoGraphTransaction]:  Query requires iterating over all vertices. For better performance, use 'has(...)' clauses in your gremlin.
[WARN ] 2017-08-28 19:58:56 [    Test worker] [StandardChronoGraphTransaction]:  Query requires iterating over all vertices. For better performance, use 'has(...)' clauses in your gremlin.
[WARN ] 2017-08-28 19:58:56 [    Test worker] [StandardChronoGraphTransaction]:  Query requires iterating over all vertices. For better performance, use 'has(...)' clauses in your gremlin.
[WARN ] 2017-08-28 19:58:56 [    Test worker] [StandardChronoGraphTransaction]:  Query requires iterating over all vertices. For better performance, use 'has(...)' clauses in your gremlin.
[WARN ] 2017-08-28 19:58:56 [    Test worker] [StandardChronoGraphTransaction]:  Query requires iterating over all vertices. For better performance, use 'has(...)' clauses in your gremlin.
[WARN ] 2017-08-28 19:58:56 [    Test worker] [StandardChronoGraphTransaction]:  Query requires iterating over all vertices. For better performance, use 'has(...)' clauses in your gremlin.
[WARN ] 2017-08-28 19:58:56 [    Test worker] [StandardChronoGraphTransaction]:  Query requires iterating over all vertices. For better performance, use 'has(...)' clauses in your gremlin.
[WARN ] 2017-08-28 19:58:56 [    Test worker] [StandardChronoGraphTransaction]:  Query requires iterating over all vertices. For better performance, use 'has(...)' clauses in your gremlin.
[WARN ] 2017-08-28 19:58:56 [    Test worker] [StandardChronoGraphTransaction]:  Query requires iterating over all vertices. For better performance, use 'has(...)' clauses in your gremlin.
[WARN ] 2017-08-28 19:58:56 [    Test worker] [StandardChronoGraphTransaction]:  Query requires iterating over all vertices. For better performance, use 'has(...)' clauses in your gremlin.
[WARN ] 2017-08-28 19:58:56 [    Test worker] [StandardChronoGraphTransaction]:  Query requires iterating over all vertices. For better performance, use 'has(...)' clauses in your gremlin.
[WARN ] 2017-08-28 19:58:56 [    Test worker] [StandardChronoGraphTransaction]:  Query requires iterating over all vertices. For better performance, use 'has(...)' clauses in your gremlin.
[WARN ] 2017-08-28 19:58:56 [    Test worker] [StandardChronoGraphTransaction]:  Query requires iterating over all vertices. For better performance, use 'has(...)' clauses in your gremlin.
[WARN ] 2017-08-28 19:58:56 [    Test worker] [StandardChronoGraphTransaction]:  Query requires iterating over all vertices. For better performance, use 'has(...)' clauses in your gremlin.
[WARN ] 2017-08-28 19:58:56 [    Test worker] [StandardChronoGraphTransaction]:  Query requires iterating over all vertices. For better performance, use 'has(...)' clauses in your gremlin.
[WARN ] 2017-08-28 19:58:56 [    Test worker] [StandardChronoGraphTransaction]:  Query requires iterating over all vertices. For better performance, use 'has(...)' clauses in your gremlin.
[WARN ] 2017-08-28 19:58:56 [    Test worker] [StandardChronoGraphTransaction]:  Query requires iterating over all vertices. For better performance, use 'has(...)' clauses in your gremlin.
[WARN ] 2017-08-28 19:58:56 [    Test worker] [StandardChronoGraphTransaction]:  Query requires iterating over all vertices. For better performance, use 'has(...)' clauses in your gremlin.
[WARN ] 2017-08-28 19:58:56 [    Test worker] [StandardChronoGraphTransaction]:  Query requires iterating over all vertices. For better performance, use 'has(...)' clauses in your gremlin.
[WARN ] 2017-08-28 19:58:56 [    Test worker] [StandardChronoGraphTransaction]:  Query requires iterating over all vertices. For better performance, use 'has(...)' clauses in your gremlin.
[WARN ] 2017-08-28 19:58:56 [    Test worker] [StandardChronoGraphTransaction]:  Query requires iterating over all vertices. For better performance, use 'has(...)' clauses in your gremlin.
[WARN ] 2017-08-28 19:58:56 [    Test worker] [StandardChronoGraphTransaction]:  Query requires iterating over all vertices. For better performance, use 'has(...)' clauses in your gremlin.
[WARN ] 2017-08-28 19:58:56 [    Test worker] [StandardChronoGraphTransaction]:  Query requires iterating over all vertices. For better performance, use 'has(...)' clauses in your gremlin.
[WARN ] 2017-08-28 19:58:56 [    Test worker] [StandardChronoGraphTransaction]:  Query requires iterating over all vertices. For better performance, use 'has(...)' clauses in your gremlin.
[WARN ] 2017-08-28 19:58:56 [    Test worker] [StandardChronoGraphTransaction]:  Query requires iterating over all vertices. For better performance, use 'has(...)' clauses in your gremlin.
[WARN ] 2017-08-28 19:58:56 [    Test worker] [StandardChronoGraphTransaction]:  Query requires iterating over all vertices. For better performance, use 'has(...)' clauses in your gremlin.
[WARN ] 2017-08-28 19:58:56 [    Test worker] [StandardChronoGraphTransaction]:  Query requires iterating over all vertices. For better performance, use 'has(...)' clauses in your gremlin.
[WARN ] 2017-08-28 19:58:56 [    Test worker] [StandardChronoGraphTransaction]:  Query requires iterating over all vertices. For better performance, use 'has(...)' clauses in your gremlin.
[WARN ] 2017-08-28 19:58:56 [    Test worker] [StandardChronoGraphTransaction]:  Query requires iterating over all vertices. For better performance, use 'has(...)' clauses in your gremlin.
[WARN ] 2017-08-28 19:58:56 [    Test worker] [StandardChronoGraphTransaction]:  Query requires iterating over all vertices. For better performance, use 'has(...)' clauses in your gremlin.
[WARN ] 2017-08-28 19:58:56 [    Test worker] [StandardChronoGraphTransaction]:  Query requires iterating over all vertices. For better performance, use 'has(...)' clauses in your gremlin.
[WARN ] 2017-08-28 19:58:56 [    Test worker] [StandardChronoGraphTransaction]:  Query requires iterating over all vertices. For better performance, use 'has(...)' clauses in your gremlin.
[WARN ] 2017-08-28 19:58:56 [    Test worker] [StandardChronoGraphTransaction]:  Query requires iterating over all vertices. For better performance, use 'has(...)' clauses in your gremlin.
[WARN ] 2017-08-28 19:58:56 [    Test worker] [StandardChronoGraphTransaction]:  Query requires iterating over all vertices. For better performance, use 'has(...)' clauses in your gremlin.
[WARN ] 2017-08-28 19:58:56 [    Test worker] [StandardChronoGraphTransaction]:  Query requires iterating over all vertices. For better performance, use 'has(...)' clauses in your gremlin.
[WARN ] 2017-08-28 19:58:56 [    Test worker] [StandardChronoGraphTransaction]:  Query requires iterating over all vertices. For better performance, use 'has(...)' clauses in your gremlin.
[WARN ] 2017-08-28 19:58:56 [    Test worker] [StandardChronoGraphTransaction]:  Query requires iterating over all vertices. For better performance, use 'has(...)' clauses in your gremlin.
[WARN ] 2017-08-28 19:58:56 [    Test worker] [StandardChronoGraphTransaction]:  Query requires iterating over all vertices. For better performance, use 'has(...)' clauses in your gremlin.
[WARN ] 2017-08-28 19:58:56 [    Test worker] [StandardChronoGraphTransaction]:  Query requires iterating over all vertices. For better performance, use 'has(...)' clauses in your gremlin.
[WARN ] 2017-08-28 19:58:56 [    Test worker] [StandardChronoGraphTransaction]:  Query requires iterating over all vertices. For better performance, use 'has(...)' clauses in your gremlin.
[WARN ] 2017-08-28 19:58:56 [    Test worker] [StandardChronoGraphTransaction]:  Query requires iterating over all vertices. For better performance, use 'has(...)' clauses in your gremlin.
[WARN ] 2017-08-28 19:58:56 [    Test worker] [StandardChronoGraphTransaction]:  Query requires iterating over all vertices. For better performance, use 'has(...)' clauses in your gremlin.
[WARN ] 2017-08-28 19:58:56 [    Test worker] [StandardChronoGraphTransaction]:  Query requires iterating over all vertices. For better performance, use 'has(...)' clauses in your gremlin.
[WARN ] 2017-08-28 19:58:56 [    Test worker] [StandardChronoGraphTransaction]:  Query requires iterating over all vertices. For better performance, use 'has(...)' clauses in your gremlin.
[WARN ] 2017-08-28 19:58:56 [    Test worker] [StandardChronoGraphTransaction]:  Query requires iterating over all vertices. For better performance, use 'has(...)' clauses in your gremlin.
[WARN ] 2017-08-28 19:58:56 [    Test worker] [StandardChronoGraphTransaction]:  Query requires iterating over all vertices. For better performance, use 'has(...)' clauses in your gremlin.
[WARN ] 2017-08-28 19:58:56 [    Test worker] [StandardChronoGraphTransaction]:  Query requires iterating over all vertices. For better performance, use 'has(...)' clauses in your gremlin.
[WARN ] 2017-08-28 19:58:56 [    Test worker] [StandardChronoGraphTransaction]:  Query requires iterating over all vertices. For better performance, use 'has(...)' clauses in your gremlin.
[WARN ] 2017-08-28 19:58:56 [    Test worker] [StandardChronoGraphTransaction]:  Query requires iterating over all vertices. For better performance, use 'has(...)' clauses in your gremlin.
[WARN ] 2017-08-28 19:58:56 [    Test worker] [StandardChronoGraphTransaction]:  Query requires iterating over all vertices. For better performance, use 'has(...)' clauses in your gremlin.
[WARN ] 2017-08-28 19:58:56 [    Test worker] [StandardChronoGraphTransaction]:  Query requires iterating over all vertices. For better performance, use 'has(...)' clauses in your gremlin.
[WARN ] 2017-08-28 19:58:56 [    Test worker] [StandardChronoGraphTransaction]:  Query requires iterating over all vertices. For better performance, use 'has(...)' clauses in your gremlin.
[WARN ] 2017-08-28 19:58:56 [    Test worker] [StandardChronoGraphTransaction]:  Query requires iterating over all vertices. For better performance, use 'has(...)' clauses in your gremlin.
[WARN ] 2017-08-28 19:58:56 [    Test worker] [StandardChronoGraphTransaction]:  Query requires iterating over all edges. For better performance, use 'has(...)' clauses in your gremlin.
[WARN ] 2017-08-28 19:58:56 [    Test worker] [StandardChronoGraphTransaction]:  Query requires iterating over all edges. For better performance, use 'has(...)' clauses in your gremlin.
[WARN ] 2017-08-28 19:58:56 [    Test worker] [StandardChronoGraphTransaction]:  Query requires iterating over all vertices. For better performance, use 'has(...)' clauses in your gremlin.
[WARN ] 2017-08-28 19:58:56 [    Test worker] [StandardChronoGraphTransaction]:  Query requires iterating over all vertices. For better performance, use 'has(...)' clauses in your gremlin.
[WARN ] 2017-08-28 19:58:56 [    Test worker] [StandardChronoGraphTransaction]:  Query requires iterating over all edges. For better performance, use 'has(...)' clauses in your gremlin.
[WARN ] 2017-08-28 19:58:56 [    Test worker] [StandardChronoGraphTransaction]:  Query requires iterating over all edges. For better performance, use 'has(...)' clauses in your gremlin.
[WARN ] 2017-08-28 19:58:56 [    Test worker] [StandardChronoGraphTransaction]:  Query requires iterating over all edges. For better performance, use 'has(...)' clauses in your gremlin.
[WARN ] 2017-08-28 19:58:56 [    Test worker] [StandardChronoGraphTransaction]:  Query requires iterating over all vertices. For better performance, use 'has(...)' clauses in your gremlin.
[WARN ] 2017-08-28 19:58:56 [    Test worker] [StandardChronoGraphTransaction]:  Query requires iterating over all edges. For better performance, use 'has(...)' clauses in your gremlin.
[WARN ] 2017-08-28 19:58:56 [    Test worker] [StandardChronoGraphTransaction]:  Query requires iterating over all vertices. For better performance, use 'has(...)' clauses in your gremlin.
[WARN ] 2017-08-28 19:58:56 [    Test worker] [StandardChronoGraphTransaction]:  Query requires iterating over all vertices. For better performance, use 'has(...)' clauses in your gremlin.
[WARN ] 2017-08-28 19:58:56 [    Test worker] [StandardChronoGraphTransaction]:  Query requires iterating over all vertices. For better performance, use 'has(...)' clauses in your gremlin.
[WARN ] 2017-08-28 19:58:56 [    Test worker] [StandardChronoGraphTransaction]:  Query requires iterating over all vertices. For better performance, use 'has(...)' clauses in your gremlin.
[WARN ] 2017-08-28 19:58:56 [    Test worker] [StandardChronoGraphTransaction]:  Query requires iterating over all vertices. For better performance, use 'has(...)' clauses in your gremlin.
[WARN ] 2017-08-28 19:58:56 [    Test worker] [StandardChronoGraphTransaction]:  Query requires iterating over all edges. For better performance, use 'has(...)' clauses in your gremlin.
[WARN ] 2017-08-28 19:58:56 [    Test worker] [StandardChronoGraphTransaction]:  Query requires iterating over all edges. For better performance, use 'has(...)' clauses in your gremlin.
[WARN ] 2017-08-28 19:58:56 [    Test worker] [StandardChronoGraphTransaction]:  Query requires iterating over all vertices. For better performance, use 'has(...)' clauses in your gremlin.
[WARN ] 2017-08-28 19:58:56 [    Test worker] [StandardChronoGraphTransaction]:  Query requires iterating over all vertices. For better performance, use 'has(...)' clauses in your gremlin.
[WARN ] 2017-08-28 19:58:56 [    Test worker] [StandardChronoGraphTransaction]:  Query requires iterating over all edges. For better performance, use 'has(...)' clauses in your gremlin.
[WARN ] 2017-08-28 19:58:56 [    Test worker] [StandardChronoGraphTransaction]:  Query requires iterating over all edges. For better performance, use 'has(...)' clauses in your gremlin.
[WARN ] 2017-08-28 19:58:56 [    Test worker] [StandardChronoGraphTransaction]:  Query requires iterating over all edges. For better performance, use 'has(...)' clauses in your gremlin.
[WARN ] 2017-08-28 19:58:56 [    Test worker] [StandardChronoGraphTransaction]:  Query requires iterating over all vertices. For better performance, use 'has(...)' clauses in your gremlin.
[WARN ] 2017-08-28 19:58:56 [    Test worker] [StandardChronoGraphTransaction]:  Query requires iterating over all edges. For better performance, use 'has(...)' clauses in your gremlin.
[WARN ] 2017-08-28 19:58:56 [    Test worker] [StandardChronoGraphTransaction]:  Query requires iterating over all vertices. For better performance, use 'has(...)' clauses in your gremlin.
[WARN ] 2017-08-28 19:58:56 [    Test worker] [StandardChronoGraphTransaction]:  Query requires iterating over all edges. For better performance, use 'has(...)' clauses in your gremlin.
[WARN ] 2017-08-28 19:58:56 [    Test worker] [StandardChronoGraphTransaction]:  Query requires iterating over all edges. For better performance, use 'has(...)' clauses in your gremlin.
[WARN ] 2017-08-28 19:58:56 [    Test worker] [StandardChronoGraphTransaction]:  Query requires iterating over all vertices. For better performance, use 'has(...)' clauses in your gremlin.
[WARN ] 2017-08-28 19:58:56 [    Test worker] [StandardChronoGraphTransaction]:  Query requires iterating over all vertices. For better performance, use 'has(...)' clauses in your gremlin.
[WARN ] 2017-08-28 19:58:56 [    Test worker] [StandardChronoGraphTransaction]:  Query requires iterating over all vertices. For better performance, use 'has(...)' clauses in your gremlin.
[WARN ] 2017-08-28 19:58:56 [    Test worker] [StandardChronoGraphTransaction]:  Query requires iterating over all vertices. For better performance, use 'has(...)' clauses in your gremlin.
[WARN ] 2017-08-28 19:58:56 [    Test worker] [StandardChronoGraphTransaction]:  Query requires iterating over all vertices. For better performance, use 'has(...)' clauses in your gremlin.
[WARN ] 2017-08-28 19:58:56 [    Test worker] [StandardChronoGraphTransaction]:  Query requires iterating over all vertices. For better performance, use 'has(...)' clauses in your gremlin.
[WARN ] 2017-08-28 19:58:56 [    Test worker] [StandardChronoGraphTransaction]:  Query requires iterating over all vertices. For better performance, use 'has(...)' clauses in your gremlin.
[WARN ] 2017-08-28 19:58:56 [    Test worker] [StandardChronoGraphTransaction]:  Query requires iterating over all vertices. For better performance, use 'has(...)' clauses in your gremlin.
[WARN ] 2017-08-28 19:58:56 [    Test worker] [StandardChronoGraphTransaction]:  Query requires iterating over all vertices. For better performance, use 'has(...)' clauses in your gremlin.
[WARN ] 2017-08-28 19:58:56 [    Test worker] [StandardChronoGraphTransaction]:  Query requires iterating over all vertices. For better performance, use 'has(...)' clauses in your gremlin.
[WARN ] 2017-08-28 19:58:56 [    Test worker] [StandardChronoGraphTransaction]:  Query requires iterating over all vertices. For better performance, use 'has(...)' clauses in your gremlin.
[WARN ] 2017-08-28 19:58:56 [    Test worker] [StandardChronoGraphTransaction]:  Query requires iterating over all vertices. For better performance, use 'has(...)' clauses in your gremlin.
[WARN ] 2017-08-28 19:58:56 [    Test worker] [StandardChronoGraphTransaction]:  Query requires iterating over all vertices. For better performance, use 'has(...)' clauses in your gremlin.
[WARN ] 2017-08-28 19:58:56 [    Test worker] [StandardChronoGraphTransaction]:  Query requires iterating over all vertices. For better performance, use 'has(...)' clauses in your gremlin.
[WARN ] 2017-08-28 19:58:56 [    Test worker] [StandardChronoGraphTransaction]:  Query requires iterating over all vertices. For better performance, use 'has(...)' clauses in your gremlin.
[WARN ] 2017-08-28 19:58:56 [    Test worker] [StandardChronoGraphTransaction]:  Query requires iterating over all vertices. For better performance, use 'has(...)' clauses in your gremlin.
[WARN ] 2017-08-28 19:58:56 [    Test worker] [StandardChronoGraphTransaction]:  Query requires iterating over all vertices. For better performance, use 'has(...)' clauses in your gremlin.
[WARN ] 2017-08-28 19:58:56 [    Test worker] [StandardChronoGraphTransaction]:  Query requires iterating over all vertices. For better performance, use 'has(...)' clauses in your gremlin.
[WARN ] 2017-08-28 19:58:56 [    Test worker] [StandardChronoGraphTransaction]:  Query requires iterating over all vertices. For better performance, use 'has(...)' clauses in your gremlin.
[WARN ] 2017-08-28 19:58:56 [    Test worker] [StandardChronoGraphTransaction]:  Query requires iterating over all vertices. For better performance, use 'has(...)' clauses in your gremlin.
[WARN ] 2017-08-28 19:58:56 [    Test worker] [StandardChronoGraphTransaction]:  Query requires iterating over all vertices. For better performance, use 'has(...)' clauses in your gremlin.
[WARN ] 2017-08-28 19:58:56 [    Test worker] [StandardChronoGraphTransaction]:  Query requires iterating over all vertices. For better performance, use 'has(...)' clauses in your gremlin.
[WARN ] 2017-08-28 19:58:56 [    Test worker] [StandardChronoGraphTransaction]:  Query requires iterating over all vertices. For better performance, use 'has(...)' clauses in your gremlin.
[WARN ] 2017-08-28 19:58:56 [    Test worker] [StandardChronoGraphTransaction]:  Query requires iterating over all vertices. For better performance, use 'has(...)' clauses in your gremlin.
[WARN ] 2017-08-28 19:58:56 [    Test worker] [StandardChronoGraphTransaction]:  Query requires iterating over all vertices. For better performance, use 'has(...)' clauses in your gremlin.
[WARN ] 2017-08-28 19:58:56 [    Test worker] [StandardChronoGraphTransaction]:  Query requires iterating over all vertices. For better performance, use 'has(...)' clauses in your gremlin.
[WARN ] 2017-08-28 19:58:56 [    Test worker] [StandardChronoGraphTransaction]:  Query requires iterating over all vertices. For better performance, use 'has(...)' clauses in your gremlin.
[WARN ] 2017-08-28 19:58:56 [    Test worker] [StandardChronoGraphTransaction]:  Query requires iterating over all vertices. For better performance, use 'has(...)' clauses in your gremlin.
[WARN ] 2017-08-28 19:58:56 [    Test worker] [StandardChronoGraphTransaction]:  Query requires iterating over all vertices. For better performance, use 'has(...)' clauses in your gremlin.
[WARN ] 2017-08-28 19:58:56 [    Test worker] [StandardChronoGraphTransaction]:  Query requires iterating over all vertices. For better performance, use 'has(...)' clauses in your gremlin.
[WARN ] 2017-08-28 19:58:56 [    Test worker] [StandardChronoGraphTransaction]:  Query requires iterating over all vertices. For better performance, use 'has(...)' clauses in your gremlin.
[WARN ] 2017-08-28 19:58:56 [    Test worker] [StandardChronoGraphTransaction]:  Query requires iterating over all vertices. For better performance, use 'has(...)' clauses in your gremlin.
[WARN ] 2017-08-28 19:58:56 [    Test worker] [StandardChronoGraphTransaction]:  Query requires iterating over all vertices. For better performance, use 'has(...)' clauses in your gremlin.
[WARN ] 2017-08-28 19:58:56 [    Test worker] [StandardChronoGraphTransaction]:  Query requires iterating over all vertices. For better performance, use 'has(...)' clauses in your gremlin.
[WARN ] 2017-08-28 19:58:56 [    Test worker] [StandardChronoGraphTransaction]:  Query requires iterating over all vertices. For better performance, use 'has(...)' clauses in your gremlin.
[WARN ] 2017-08-28 19:58:56 [    Test worker] [StandardChronoGraphTransaction]:  Query requires iterating over all vertices. For better performance, use 'has(...)' clauses in your gremlin.
[WARN ] 2017-08-28 19:58:56 [    Test worker] [StandardChronoGraphTransaction]:  Query requires iterating over all vertices. For better performance, use 'has(...)' clauses in your gremlin.
[WARN ] 2017-08-28 19:58:56 [    Test worker] [StandardChronoGraphTransaction]:  Query requires iterating over all vertices. For better performance, use 'has(...)' clauses in your gremlin.
[WARN ] 2017-08-28 19:58:56 [    Test worker] [StandardChronoGraphTransaction]:  Query requires iterating over all vertices. For better performance, use 'has(...)' clauses in your gremlin.
[WARN ] 2017-08-28 19:58:56 [    Test worker] [StandardChronoGraphTransaction]:  Query requires iterating over all vertices. For better performance, use 'has(...)' clauses in your gremlin.
[WARN ] 2017-08-28 19:58:56 [    Test worker] [StandardChronoGraphTransaction]:  Query requires iterating over all vertices. For better performance, use 'has(...)' clauses in your gremlin.
[WARN ] 2017-08-28 19:58:56 [    Test worker] [StandardChronoGraphTransaction]:  Query requires iterating over all vertices. For better performance, use 'has(...)' clauses in your gremlin.
[WARN ] 2017-08-28 19:58:56 [    Test worker] [StandardChronoGraphTransaction]:  Query requires iterating over all vertices. For better performance, use 'has(...)' clauses in your gremlin.
[WARN ] 2017-08-28 19:58:56 [    Test worker] [StandardChronoGraphTransaction]:  Query requires iterating over all vertices. For better performance, use 'has(...)' clauses in your gremlin.
[WARN ] 2017-08-28 19:58:56 [    Test worker] [StandardChronoGraphTransaction]:  Query requires iterating over all vertices. For better performance, use 'has(...)' clauses in your gremlin.
[WARN ] 2017-08-28 19:58:56 [    Test worker] [StandardChronoGraphTransaction]:  Query requires iterating over all vertices. For better performance, use 'has(...)' clauses in your gremlin.
[WARN ] 2017-08-28 19:58:56 [    Test worker] [StandardChronoGraphTransaction]:  Query requires iterating over all vertices. For better performance, use 'has(...)' clauses in your gremlin.
[WARN ] 2017-08-28 19:58:56 [    Test worker] [StandardChronoGraphTransaction]:  Query requires iterating over all vertices. For better performance, use 'has(...)' clauses in your gremlin.
[WARN ] 2017-08-28 19:58:56 [    Test worker] [StandardChronoGraphTransaction]:  Query requires iterating over all vertices. For better performance, use 'has(...)' clauses in your gremlin.
[WARN ] 2017-08-28 19:58:56 [    Test worker] [StandardChronoGraphTransaction]:  Query requires iterating over all vertices. For better performance, use 'has(...)' clauses in your gremlin.
[WARN ] 2017-08-28 19:58:56 [    Test worker] [StandardChronoGraphTransaction]:  Query requires iterating over all vertices. For better performance, use 'has(...)' clauses in your gremlin.
[WARN ] 2017-08-28 19:58:56 [    Test worker] [StandardChronoGraphTransaction]:  Query requires iterating over all vertices. For better performance, use 'has(...)' clauses in your gremlin.
[WARN ] 2017-08-28 19:58:56 [    Test worker] [StandardChronoGraphTransaction]:  Query requires iterating over all vertices. For better performance, use 'has(...)' clauses in your gremlin.
[WARN ] 2017-08-28 19:58:56 [    Test worker] [StandardChronoGraphTransaction]:  Query requires iterating over all vertices. For better performance, use 'has(...)' clauses in your gremlin.
[WARN ] 2017-08-28 19:58:56 [    Test worker] [StandardChronoGraphTransaction]:  Query requires iterating over all vertices. For better performance, use 'has(...)' clauses in your gremlin.
[WARN ] 2017-08-28 19:58:56 [    Test worker] [StandardChronoGraphTransaction]:  Query requires iterating over all vertices. For better performance, use 'has(...)' clauses in your gremlin.
[WARN ] 2017-08-28 19:58:56 [    Test worker] [StandardChronoGraphTransaction]:  Query requires iterating over all vertices. For better performance, use 'has(...)' clauses in your gremlin.
[WARN ] 2017-08-28 19:58:56 [    Test worker] [StandardChronoGraphTransaction]:  Query requires iterating over all vertices. For better performance, use 'has(...)' clauses in your gremlin.
[WARN ] 2017-08-28 19:58:56 [    Test worker] [StandardChronoGraphTransaction]:  Query requires iterating over all vertices. For better performance, use 'has(...)' clauses in your gremlin.
[WARN ] 2017-08-28 19:58:56 [    Test worker] [StandardChronoGraphTransaction]:  Query requires iterating over all vertices. For better performance, use 'has(...)' clauses in your gremlin.
[WARN ] 2017-08-28 19:58:56 [    Test worker] [StandardChronoGraphTransaction]:  Query requires iterating over all vertices. For better performance, use 'has(...)' clauses in your gremlin.
[WARN ] 2017-08-28 19:58:56 [    Test worker] [StandardChronoGraphTransaction]:  Query requires iterating over all vertices. For better performance, use 'has(...)' clauses in your gremlin.
[WARN ] 2017-08-28 19:58:56 [    Test worker] [StandardChronoGraphTransaction]:  Query requires iterating over all vertices. For better performance, use 'has(...)' clauses in your gremlin.
[WARN ] 2017-08-28 19:58:56 [    Test worker] [StandardChronoGraphTransaction]:  Query requires iterating over all vertices. For better performance, use 'has(...)' clauses in your gremlin.
[WARN ] 2017-08-28 19:58:56 [    Test worker] [StandardChronoGraphTransaction]:  Query requires iterating over all vertices. For better performance, use 'has(...)' clauses in your gremlin.
[WARN ] 2017-08-28 19:58:56 [    Test worker] [StandardChronoGraphTransaction]:  Query requires iterating over all vertices. For better performance, use 'has(...)' clauses in your gremlin.
[WARN ] 2017-08-28 19:58:56 [    Test worker] [StandardChronoGraphTransaction]:  Query requires iterating over all vertices. For better performance, use 'has(...)' clauses in your gremlin.
[WARN ] 2017-08-28 19:58:56 [    Test worker] [StandardChronoGraphTransaction]:  Query requires iterating over all vertices. For better performance, use 'has(...)' clauses in your gremlin.
[WARN ] 2017-08-28 19:58:56 [    Test worker] [StandardChronoGraphTransaction]:  Query requires iterating over all vertices. For better performance, use 'has(...)' clauses in your gremlin.
[WARN ] 2017-08-28 19:58:56 [    Test worker] [StandardChronoGraphTransaction]:  Query requires iterating over all vertices. For better performance, use 'has(...)' clauses in your gremlin.
[WARN ] 2017-08-28 19:58:56 [    Test worker] [StandardChronoGraphTransaction]:  Query requires iterating over all vertices. For better performance, use 'has(...)' clauses in your gremlin.
[WARN ] 2017-08-28 19:58:56 [    Test worker] [StandardChronoGraphTransaction]:  Query requires iterating over all vertices. For better performance, use 'has(...)' clauses in your gremlin.
[WARN ] 2017-08-28 19:58:56 [    Test worker] [StandardChronoGraphTransaction]:  Query requires iterating over all vertices. For better performance, use 'has(...)' clauses in your gremlin.
[WARN ] 2017-08-28 19:58:56 [    Test worker] [StandardChronoGraphTransaction]:  Query requires iterating over all vertices. For better performance, use 'has(...)' clauses in your gremlin.
[WARN ] 2017-08-28 19:58:56 [    Test worker] [StandardChronoGraphTransaction]:  Query requires iterating over all vertices. For better performance, use 'has(...)' clauses in your gremlin.
[WARN ] 2017-08-28 19:58:56 [    Test worker] [StandardChronoGraphTransaction]:  Query requires iterating over all vertices. For better performance, use 'has(...)' clauses in your gremlin.
[WARN ] 2017-08-28 19:58:56 [    Test worker] [StandardChronoGraphTransaction]:  Query requires iterating over all vertices. For better performance, use 'has(...)' clauses in your gremlin.
[WARN ] 2017-08-28 19:58:56 [    Test worker] [StandardChronoGraphTransaction]:  Query requires iterating over all vertices. For better performance, use 'has(...)' clauses in your gremlin.
[WARN ] 2017-08-28 19:58:56 [    Test worker] [StandardChronoGraphTransaction]:  Query requires iterating over all vertices. For better performance, use 'has(...)' clauses in your gremlin.
[WARN ] 2017-08-28 19:58:56 [    Test worker] [StandardChronoGraphTransaction]:  Query requires iterating over all vertices. For better performance, use 'has(...)' clauses in your gremlin.
[WARN ] 2017-08-28 19:58:56 [    Test worker] [StandardChronoGraphTransaction]:  Query requires iterating over all vertices. For better performance, use 'has(...)' clauses in your gremlin.
[WARN ] 2017-08-28 19:58:56 [    Test worker] [StandardChronoGraphTransaction]:  Query requires iterating over all vertices. For better performance, use 'has(...)' clauses in your gremlin.
[WARN ] 2017-08-28 19:58:56 [    Test worker] [StandardChronoGraphTransaction]:  Query requires iterating over all vertices. For better performance, use 'has(...)' clauses in your gremlin.
[WARN ] 2017-08-28 19:58:56 [    Test worker] [StandardChronoGraphTransaction]:  Query requires iterating over all vertices. For better performance, use 'has(...)' clauses in your gremlin.
[WARN ] 2017-08-28 19:58:56 [    Test worker] [StandardChronoGraphTransaction]:  Query requires iterating over all vertices. For better performance, use 'has(...)' clauses in your gremlin.
[WARN ] 2017-08-28 19:58:56 [    Test worker] [StandardChronoGraphTransaction]:  Query requires iterating over all vertices. For better performance, use 'has(...)' clauses in your gremlin.
[WARN ] 2017-08-28 19:58:56 [    Test worker] [StandardChronoGraphTransaction]:  Query requires iterating over all vertices. For better performance, use 'has(...)' clauses in your gremlin.
[WARN ] 2017-08-28 19:58:56 [    Test worker] [StandardChronoGraphTransaction]:  Query requires iterating over all vertices. For better performance, use 'has(...)' clauses in your gremlin.
[WARN ] 2017-08-28 19:58:56 [    Test worker] [StandardChronoGraphTransaction]:  Query requires iterating over all vertices. For better performance, use 'has(...)' clauses in your gremlin.
[WARN ] 2017-08-28 19:58:56 [    Test worker] [StandardChronoGraphTransaction]:  Query requires iterating over all vertices. For better performance, use 'has(...)' clauses in your gremlin.
[WARN ] 2017-08-28 19:58:56 [    Test worker] [StandardChronoGraphTransaction]:  Query requires iterating over all vertices. For better performance, use 'has(...)' clauses in your gremlin.
[WARN ] 2017-08-28 19:58:56 [    Test worker] [StandardChronoGraphTransaction]:  Query requires iterating over all vertices. For better performance, use 'has(...)' clauses in your gremlin.
[WARN ] 2017-08-28 19:58:56 [    Test worker] [StandardChronoGraphTransaction]:  Query requires iterating over all vertices. For better performance, use 'has(...)' clauses in your gremlin.
[WARN ] 2017-08-28 19:58:56 [    Test worker] [StandardChronoGraphTransaction]:  Query requires iterating over all vertices. For better performance, use 'has(...)' clauses in your gremlin.
[WARN ] 2017-08-28 19:58:56 [    Test worker] [StandardChronoGraphTransaction]:  Query requires iterating over all vertices. For better performance, use 'has(...)' clauses in your gremlin.
[WARN ] 2017-08-28 19:58:56 [    Test worker] [StandardChronoGraphTransaction]:  Query requires iterating over all vertices. For better performance, use 'has(...)' clauses in your gremlin.
[WARN ] 2017-08-28 19:58:56 [    Test worker] [StandardChronoGraphTransaction]:  Query requires iterating over all vertices. For better performance, use 'has(...)' clauses in your gremlin.
[WARN ] 2017-08-28 19:58:56 [    Test worker] [StandardChronoGraphTransaction]:  Query requires iterating over all vertices. For better performance, use 'has(...)' clauses in your gremlin.
[WARN ] 2017-08-28 19:58:56 [    Test worker] [StandardChronoGraphTransaction]:  Query requires iterating over all vertices. For better performance, use 'has(...)' clauses in your gremlin.
[WARN ] 2017-08-28 19:58:56 [    Test worker] [StandardChronoGraphTransaction]:  Query requires iterating over all vertices. For better performance, use 'has(...)' clauses in your gremlin.
[WARN ] 2017-08-28 19:58:56 [    Test worker] [StandardChronoGraphTransaction]:  Query requires iterating over all vertices. For better performance, use 'has(...)' clauses in your gremlin.
[WARN ] 2017-08-28 19:58:56 [    Test worker] [StandardChronoGraphTransaction]:  Query requires iterating over all vertices. For better performance, use 'has(...)' clauses in your gremlin.
[WARN ] 2017-08-28 19:58:56 [    Test worker] [StandardChronoGraphTransaction]:  Query requires iterating over all vertices. For better performance, use 'has(...)' clauses in your gremlin.
[WARN ] 2017-08-28 19:58:56 [    Test worker] [StandardChronoGraphTransaction]:  Query requires iterating over all edges. For better performance, use 'has(...)' clauses in your gremlin.
[WARN ] 2017-08-28 19:58:56 [    Test worker] [StandardChronoGraphTransaction]:  Query requires iterating over all edges. For better performance, use 'has(...)' clauses in your gremlin.
[WARN ] 2017-08-28 19:58:56 [    Test worker] [StandardChronoGraphTransaction]:  Query requires iterating over all vertices. For better performance, use 'has(...)' clauses in your gremlin.
[WARN ] 2017-08-28 19:58:56 [    Test worker] [StandardChronoGraphTransaction]:  Query requires iterating over all vertices. For better performance, use 'has(...)' clauses in your gremlin.
[WARN ] 2017-08-28 19:58:56 [    Test worker] [StandardChronoGraphTransaction]:  Query requires iterating over all edges. For better performance, use 'has(...)' clauses in your gremlin.
[WARN ] 2017-08-28 19:58:56 [    Test worker] [StandardChronoGraphTransaction]:  Query requires iterating over all edges. For better performance, use 'has(...)' clauses in your gremlin.
[WARN ] 2017-08-28 19:58:56 [    Test worker] [StandardChronoGraphTransaction]:  Query requires iterating over all edges. For better performance, use 'has(...)' clauses in your gremlin.
[WARN ] 2017-08-28 19:58:56 [    Test worker] [StandardChronoGraphTransaction]:  Query requires iterating over all vertices. For better performance, use 'has(...)' clauses in your gremlin.
[WARN ] 2017-08-28 19:58:56 [    Test worker] [StandardChronoGraphTransaction]:  Query requires iterating over all edges. For better performance, use 'has(...)' clauses in your gremlin.
[WARN ] 2017-08-28 19:58:56 [    Test worker] [StandardChronoGraphTransaction]:  Query requires iterating over all vertices. For better performance, use 'has(...)' clauses in your gremlin.
[WARN ] 2017-08-28 19:58:56 [    Test worker] [StandardChronoGraphTransaction]:  Query requires iterating over all vertices. For better performance, use 'has(...)' clauses in your gremlin.
[WARN ] 2017-08-28 19:58:56 [    Test worker] [StandardChronoGraphTransaction]:  Query requires iterating over all vertices. For better performance, use 'has(...)' clauses in your gremlin.
[WARN ] 2017-08-28 19:58:56 [    Test worker] [StandardChronoGraphTransaction]:  Query requires iterating over all vertices. For better performance, use 'has(...)' clauses in your gremlin.
[WARN ] 2017-08-28 19:58:56 [    Test worker] [StandardChronoGraphTransaction]:  Query requires iterating over all vertices. For better performance, use 'has(...)' clauses in your gremlin.
[WARN ] 2017-08-28 19:58:56 [    Test worker] [StandardChronoGraphTransaction]:  Query requires iterating over all edges. For better performance, use 'has(...)' clauses in your gremlin.
[WARN ] 2017-08-28 19:58:56 [    Test worker] [StandardChronoGraphTransaction]:  Query requires iterating over all edges. For better performance, use 'has(...)' clauses in your gremlin.
[WARN ] 2017-08-28 19:58:56 [    Test worker] [StandardChronoGraphTransaction]:  Query requires iterating over all vertices. For better performance, use 'has(...)' clauses in your gremlin.
[WARN ] 2017-08-28 19:58:56 [    Test worker] [StandardChronoGraphTransaction]:  Query requires iterating over all vertices. For better performance, use 'has(...)' clauses in your gremlin.
[WARN ] 2017-08-28 19:58:56 [    Test worker] [StandardChronoGraphTransaction]:  Query requires iterating over all edges. For better performance, use 'has(...)' clauses in your gremlin.
[WARN ] 2017-08-28 19:58:56 [    Test worker] [StandardChronoGraphTransaction]:  Query requires iterating over all edges. For better performance, use 'has(...)' clauses in your gremlin.
[WARN ] 2017-08-28 19:58:56 [    Test worker] [StandardChronoGraphTransaction]:  Query requires iterating over all edges. For better performance, use 'has(...)' clauses in your gremlin.
[WARN ] 2017-08-28 19:58:56 [    Test worker] [StandardChronoGraphTransaction]:  Query requires iterating over all vertices. For better performance, use 'has(...)' clauses in your gremlin.
[WARN ] 2017-08-28 19:58:56 [    Test worker] [StandardChronoGraphTransaction]:  Query requires iterating over all edges. For better performance, use 'has(...)' clauses in your gremlin.
[WARN ] 2017-08-28 19:58:56 [    Test worker] [StandardChronoGraphTransaction]:  Query requires iterating over all vertices. For better performance, use 'has(...)' clauses in your gremlin.
[WARN ] 2017-08-28 19:58:56 [    Test worker] [StandardChronoGraphTransaction]:  Query requires iterating over all edges. For better performance, use 'has(...)' clauses in your gremlin.
[WARN ] 2017-08-28 19:58:56 [    Test worker] [StandardChronoGraphTransaction]:  Query requires iterating over all edges. For better performance, use 'has(...)' clauses in your gremlin.
[WARN ] 2017-08-28 19:58:56 [    Test worker] [StandardChronoGraphTransaction]:  Query requires iterating over all vertices. For better performance, use 'has(...)' clauses in your gremlin.
[WARN ] 2017-08-28 19:58:56 [    Test worker] [StandardChronoGraphTransaction]:  Query requires iterating over all vertices. For better performance, use 'has(...)' clauses in your gremlin.
[WARN ] 2017-08-28 19:58:56 [    Test worker] [StandardChronoGraphTransaction]:  Query requires iterating over all vertices. For better performance, use 'has(...)' clauses in your gremlin.
[WARN ] 2017-08-28 19:58:56 [    Test worker] [StandardChronoGraphTransaction]:  Query requires iterating over all vertices. For better performance, use 'has(...)' clauses in your gremlin.
[WARN ] 2017-08-28 19:58:56 [    Test worker] [StandardChronoGraphTransaction]:  Query requires iterating over all vertices. For better performance, use 'has(...)' clauses in your gremlin.
[WARN ] 2017-08-28 19:58:56 [    Test worker] [StandardChronoGraphTransaction]:  Query requires iterating over all vertices. For better performance, use 'has(...)' clauses in your gremlin.
[WARN ] 2017-08-28 19:58:56 [    Test worker] [StandardChronoGraphTransaction]:  Query requires iterating over all vertices. For better performance, use 'has(...)' clauses in your gremlin.
[WARN ] 2017-08-28 19:58:56 [    Test worker] [StandardChronoGraphTransaction]:  Query requires iterating over all vertices. For better performance, use 'has(...)' clauses in your gremlin.
[WARN ] 2017-08-28 19:58:56 [    Test worker] [StandardChronoGraphTransaction]:  Query requires iterating over all vertices. For better performance, use 'has(...)' clauses in your gremlin.
[WARN ] 2017-08-28 19:58:56 [    Test worker] [StandardChronoGraphTransaction]:  Query requires iterating over all vertices. For better performance, use 'has(...)' clauses in your gremlin.
[WARN ] 2017-08-28 19:58:56 [    Test worker] [StandardChronoGraphTransaction]:  Query requires iterating over all vertices. For better performance, use 'has(...)' clauses in your gremlin.
[WARN ] 2017-08-28 19:58:56 [    Test worker] [StandardChronoGraphTransaction]:  Query requires iterating over all vertices. For better performance, use 'has(...)' clauses in your gremlin.
[WARN ] 2017-08-28 19:58:56 [    Test worker] [StandardChronoGraphTransaction]:  Query requires iterating over all vertices. For better performance, use 'has(...)' clauses in your gremlin.
[WARN ] 2017-08-28 19:58:56 [    Test worker] [StandardChronoGraphTransaction]:  Query requires iterating over all vertices. For better performance, use 'has(...)' clauses in your gremlin.
[WARN ] 2017-08-28 19:58:56 [    Test worker] [StandardChronoGraphTransaction]:  Query requires iterating over all vertices. For better performance, use 'has(...)' clauses in your gremlin.
[WARN ] 2017-08-28 19:58:56 [    Test worker] [StandardChronoGraphTransaction]:  Query requires iterating over all vertices. For better performance, use 'has(...)' clauses in your gremlin.
[WARN ] 2017-08-28 19:58:56 [    Test worker] [StandardChronoGraphTransaction]:  Query requires iterating over all vertices. For better performance, use 'has(...)' clauses in your gremlin.
[WARN ] 2017-08-28 19:58:56 [    Test worker] [StandardChronoGraphTransaction]:  Query requires iterating over all vertices. For better performance, use 'has(...)' clauses in your gremlin.
[WARN ] 2017-08-28 19:58:56 [    Test worker] [StandardChronoGraphTransaction]:  Query requires iterating over all vertices. For better performance, use 'has(...)' clauses in your gremlin.
[WARN ] 2017-08-28 19:58:56 [    Test worker] [StandardChronoGraphTransaction]:  Query requires iterating over all vertices. For better performance, use 'has(...)' clauses in your gremlin.
[WARN ] 2017-08-28 19:58:56 [    Test worker] [StandardChronoGraphTransaction]:  Query requires iterating over all vertices. For better performance, use 'has(...)' clauses in your gremlin.
[WARN ] 2017-08-28 19:58:56 [    Test worker] [StandardChronoGraphTransaction]:  Query requires iterating over all vertices. For better performance, use 'has(...)' clauses in your gremlin.
[WARN ] 2017-08-28 19:58:56 [    Test worker] [StandardChronoGraphTransaction]:  Query requires iterating over all vertices. For better performance, use 'has(...)' clauses in your gremlin.
[WARN ] 2017-08-28 19:58:56 [    Test worker] [StandardChronoGraphTransaction]:  Query requires iterating over all vertices. For better performance, use 'has(...)' clauses in your gremlin.
[WARN ] 2017-08-28 19:58:56 [    Test worker] [StandardChronoGraphTransaction]:  Query requires iterating over all vertices. For better performance, use 'has(...)' clauses in your gremlin.
[WARN ] 2017-08-28 19:58:56 [    Test worker] [StandardChronoGraphTransaction]:  Query requires iterating over all vertices. For better performance, use 'has(...)' clauses in your gremlin.
[WARN ] 2017-08-28 19:58:56 [    Test worker] [StandardChronoGraphTransaction]:  Query requires iterating over all vertices. For better performance, use 'has(...)' clauses in your gremlin.
[WARN ] 2017-08-28 19:58:56 [    Test worker] [StandardChronoGraphTransaction]:  Query requires iterating over all vertices. For better performance, use 'has(...)' clauses in your gremlin.
[WARN ] 2017-08-28 19:58:56 [    Test worker] [StandardChronoGraphTransaction]:  Query requires iterating over all vertices. For better performance, use 'has(...)' clauses in your gremlin.
[WARN ] 2017-08-28 19:58:56 [    Test worker] [StandardChronoGraphTransaction]:  Query requires iterating over all vertices. For better performance, use 'has(...)' clauses in your gremlin.
[WARN ] 2017-08-28 19:58:56 [    Test worker] [StandardChronoGraphTransaction]:  Query requires iterating over all vertices. For better performance, use 'has(...)' clauses in your gremlin.
[WARN ] 2017-08-28 19:58:56 [    Test worker] [StandardChronoGraphTransaction]:  Query requires iterating over all vertices. For better performance, use 'has(...)' clauses in your gremlin.
[WARN ] 2017-08-28 19:58:56 [    Test worker] [StandardChronoGraphTransaction]:  Query requires iterating over all vertices. For better performance, use 'has(...)' clauses in your gremlin.
[WARN ] 2017-08-28 19:58:56 [    Test worker] [StandardChronoGraphTransaction]:  Query requires iterating over all vertices. For better performance, use 'has(...)' clauses in your gremlin.
[WARN ] 2017-08-28 19:58:56 [    Test worker] [StandardChronoGraphTransaction]:  Query requires iterating over all vertices. For better performance, use 'has(...)' clauses in your gremlin.
[WARN ] 2017-08-28 19:58:56 [    Test worker] [StandardChronoGraphTransaction]:  Query requires iterating over all vertices. For better performance, use 'has(...)' clauses in your gremlin.
[WARN ] 2017-08-28 19:58:56 [    Test worker] [StandardChronoGraphTransaction]:  Query requires iterating over all vertices. For better performance, use 'has(...)' clauses in your gremlin.
[WARN ] 2017-08-28 19:58:56 [    Test worker] [StandardChronoGraphTransaction]:  Query requires iterating over all vertices. For better performance, use 'has(...)' clauses in your gremlin.
[WARN ] 2017-08-28 19:58:56 [    Test worker] [StandardChronoGraphTransaction]:  Query requires iterating over all vertices. For better performance, use 'has(...)' clauses in your gremlin.
[WARN ] 2017-08-28 19:58:56 [    Test worker] [StandardChronoGraphTransaction]:  Query requires iterating over all vertices. For better performance, use 'has(...)' clauses in your gremlin.
[WARN ] 2017-08-28 19:58:56 [    Test worker] [StandardChronoGraphTransaction]:  Query requires iterating over all vertices. For better performance, use 'has(...)' clauses in your gremlin.
[WARN ] 2017-08-28 19:58:56 [    Test worker] [StandardChronoGraphTransaction]:  Query requires iterating over all vertices. For better performance, use 'has(...)' clauses in your gremlin.
[WARN ] 2017-08-28 19:58:56 [    Test worker] [StandardChronoGraphTransaction]:  Query requires iterating over all vertices. For better performance, use 'has(...)' clauses in your gremlin.
[WARN ] 2017-08-28 19:58:56 [    Test worker] [StandardChronoGraphTransaction]:  Query requires iterating over all vertices. For better performance, use 'has(...)' clauses in your gremlin.
[WARN ] 2017-08-28 19:58:56 [    Test worker] [StandardChronoGraphTransaction]:  Query requires iterating over all vertices. For better performance, use 'has(...)' clauses in your gremlin.
[WARN ] 2017-08-28 19:58:56 [    Test worker] [StandardChronoGraphTransaction]:  Query requires iterating over all vertices. For better performance, use 'has(...)' clauses in your gremlin.
[WARN ] 2017-08-28 19:58:56 [    Test worker] [StandardChronoGraphTransaction]:  Query requires iterating over all vertices. For better performance, use 'has(...)' clauses in your gremlin.
[WARN ] 2017-08-28 19:58:56 [    Test worker] [StandardChronoGraphTransaction]:  Query requires iterating over all vertices. For better performance, use 'has(...)' clauses in your gremlin.
[WARN ] 2017-08-28 19:58:56 [    Test worker] [StandardChronoGraphTransaction]:  Query requires iterating over all vertices. For better performance, use 'has(...)' clauses in your gremlin.
[WARN ] 2017-08-28 19:58:56 [    Test worker] [StandardChronoGraphTransaction]:  Query requires iterating over all vertices. For better performance, use 'has(...)' clauses in your gremlin.
[WARN ] 2017-08-28 19:58:56 [    Test worker] [StandardChronoGraphTransaction]:  Query requires iterating over all vertices. For better performance, use 'has(...)' clauses in your gremlin.
[WARN ] 2017-08-28 19:58:56 [    Test worker] [StandardChronoGraphTransaction]:  Query requires iterating over all vertices. For better performance, use 'has(...)' clauses in your gremlin.
[WARN ] 2017-08-28 19:58:56 [    Test worker] [StandardChronoGraphTransaction]:  Query requires iterating over all vertices. For better performance, use 'has(...)' clauses in your gremlin.
[WARN ] 2017-08-28 19:58:56 [    Test worker] [StandardChronoGraphTransaction]:  Query requires iterating over all vertices. For better performance, use 'has(...)' clauses in your gremlin.
[WARN ] 2017-08-28 19:58:56 [    Test worker] [StandardChronoGraphTransaction]:  Query requires iterating over all vertices. For better performance, use 'has(...)' clauses in your gremlin.
[WARN ] 2017-08-28 19:58:56 [    Test worker] [StandardChronoGraphTransaction]:  Query requires iterating over all vertices. For better performance, use 'has(...)' clauses in your gremlin.
[WARN ] 2017-08-28 19:58:56 [    Test worker] [StandardChronoGraphTransaction]:  Query requires iterating over all vertices. For better performance, use 'has(...)' clauses in your gremlin.
[WARN ] 2017-08-28 19:58:56 [    Test worker] [StandardChronoGraphTransaction]:  Query requires iterating over all vertices. For better performance, use 'has(...)' clauses in your gremlin.
[WARN ] 2017-08-28 19:58:56 [    Test worker] [StandardChronoGraphTransaction]:  Query requires iterating over all vertices. For better performance, use 'has(...)' clauses in your gremlin.
[WARN ] 2017-08-28 19:58:56 [    Test worker] [StandardChronoGraphTransaction]:  Query requires iterating over all vertices. For better performance, use 'has(...)' clauses in your gremlin.
[WARN ] 2017-08-28 19:58:56 [    Test worker] [StandardChronoGraphTransaction]:  Query requires iterating over all vertices. For better performance, use 'has(...)' clauses in your gremlin.
[WARN ] 2017-08-28 19:58:56 [    Test worker] [StandardChronoGraphTransaction]:  Query requires iterating over all vertices. For better performance, use 'has(...)' clauses in your gremlin.
[WARN ] 2017-08-28 19:58:56 [    Test worker] [StandardChronoGraphTransaction]:  Query requires iterating over all vertices. For better performance, use 'has(...)' clauses in your gremlin.
[WARN ] 2017-08-28 19:58:56 [    Test worker] [StandardChronoGraphTransaction]:  Query requires iterating over all vertices. For better performance, use 'has(...)' clauses in your gremlin.
[WARN ] 2017-08-28 19:58:56 [    Test worker] [StandardChronoGraphTransaction]:  Query requires iterating over all vertices. For better performance, use 'has(...)' clauses in your gremlin.
[WARN ] 2017-08-28 19:58:56 [    Test worker] [StandardChronoGraphTransaction]:  Query requires iterating over all vertices. For better performance, use 'has(...)' clauses in your gremlin.
[WARN ] 2017-08-28 19:58:56 [    Test worker] [StandardChronoGraphTransaction]:  Query requires iterating over all vertices. For better performance, use 'has(...)' clauses in your gremlin.
[WARN ] 2017-08-28 19:58:56 [    Test worker] [StandardChronoGraphTransaction]:  Query requires iterating over all vertices. For better performance, use 'has(...)' clauses in your gremlin.
[WARN ] 2017-08-28 19:58:56 [    Test worker] [StandardChronoGraphTransaction]:  Query requires iterating over all vertices. For better performance, use 'has(...)' clauses in your gremlin.
[WARN ] 2017-08-28 19:58:56 [    Test worker] [StandardChronoGraphTransaction]:  Query requires iterating over all vertices. For better performance, use 'has(...)' clauses in your gremlin.
[WARN ] 2017-08-28 19:58:56 [    Test worker] [StandardChronoGraphTransaction]:  Query requires iterating over all vertices. For better performance, use 'has(...)' clauses in your gremlin.
[WARN ] 2017-08-28 19:58:56 [    Test worker] [StandardChronoGraphTransaction]:  Query requires iterating over all vertices. For better performance, use 'has(...)' clauses in your gremlin.
[WARN ] 2017-08-28 19:58:56 [    Test worker] [StandardChronoGraphTransaction]:  Query requires iterating over all vertices. For better performance, use 'has(...)' clauses in your gremlin.
[WARN ] 2017-08-28 19:58:56 [    Test worker] [StandardChronoGraphTransaction]:  Query requires iterating over all vertices. For better performance, use 'has(...)' clauses in your gremlin.
[WARN ] 2017-08-28 19:58:56 [    Test worker] [StandardChronoGraphTransaction]:  Query requires iterating over all vertices. For better performance, use 'has(...)' clauses in your gremlin.
[WARN ] 2017-08-28 19:58:56 [    Test worker] [StandardChronoGraphTransaction]:  Query requires iterating over all vertices. For better performance, use 'has(...)' clauses in your gremlin.
[WARN ] 2017-08-28 19:58:56 [    Test worker] [StandardChronoGraphTransaction]:  Query requires iterating over all vertices. For better performance, use 'has(...)' clauses in your gremlin.
[WARN ] 2017-08-28 19:58:56 [    Test worker] [StandardChronoGraphTransaction]:  Query requires iterating over all vertices. For better performance, use 'has(...)' clauses in your gremlin.
[WARN ] 2017-08-28 19:58:56 [    Test worker] [StandardChronoGraphTransaction]:  Query requires iterating over all vertices. For better performance, use 'has(...)' clauses in your gremlin.
[WARN ] 2017-08-28 19:58:56 [    Test worker] [StandardChronoGraphTransaction]:  Query requires iterating over all vertices. For better performance, use 'has(...)' clauses in your gremlin.
[WARN ] 2017-08-28 19:58:56 [    Test worker] [StandardChronoGraphTransaction]:  Query requires iterating over all vertices. For better performance, use 'has(...)' clauses in your gremlin.
[WARN ] 2017-08-28 19:58:56 [    Test worker] [StandardChronoGraphTransaction]:  Query requires iterating over all vertices. For better performance, use 'has(...)' clauses in your gremlin.
[WARN ] 2017-08-28 19:58:56 [    Test worker] [StandardChronoGraphTransaction]:  Query requires iterating over all vertices. For better performance, use 'has(...)' clauses in your gremlin.
[WARN ] 2017-08-28 19:58:56 [    Test worker] [StandardChronoGraphTransaction]:  Query requires iterating over all vertices. For better performance, use 'has(...)' clauses in your gremlin.
[WARN ] 2017-08-28 19:58:56 [    Test worker] [StandardChronoGraphTransaction]:  Query requires iterating over all vertices. For better performance, use 'has(...)' clauses in your gremlin.
[WARN ] 2017-08-28 19:58:56 [    Test worker] [StandardChronoGraphTransaction]:  Query requires iterating over all vertices. For better performance, use 'has(...)' clauses in your gremlin.
[WARN ] 2017-08-28 19:58:56 [    Test worker] [StandardChronoGraphTransaction]:  Query requires iterating over all vertices. For better performance, use 'has(...)' clauses in your gremlin.
[WARN ] 2017-08-28 19:58:56 [    Test worker] [StandardChronoGraphTransaction]:  Query requires iterating over all vertices. For better performance, use 'has(...)' clauses in your gremlin.
[WARN ] 2017-08-28 19:58:56 [    Test worker] [StandardChronoGraphTransaction]:  Query requires iterating over all vertices. For better performance, use 'has(...)' clauses in your gremlin.
[WARN ] 2017-08-28 19:58:56 [    Test worker] [StandardChronoGraphTransaction]:  Query requires iterating over all vertices. For better performance, use 'has(...)' clauses in your gremlin.
[WARN ] 2017-08-28 19:58:56 [    Test worker] [StandardChronoGraphTransaction]:  Query requires iterating over all vertices. For better performance, use 'has(...)' clauses in your gremlin.
[WARN ] 2017-08-28 19:58:56 [    Test worker] [StandardChronoGraphTransaction]:  Query requires iterating over all vertices. For better performance, use 'has(...)' clauses in your gremlin.
[WARN ] 2017-08-28 19:58:56 [    Test worker] [StandardChronoGraphTransaction]:  Query requires iterating over all vertices. For better performance, use 'has(...)' clauses in your gremlin.
[WARN ] 2017-08-28 19:58:56 [    Test worker] [StandardChronoGraphTransaction]:  Query requires iterating over all vertices. For better performance, use 'has(...)' clauses in your gremlin.
[WARN ] 2017-08-28 19:58:56 [    Test worker] [StandardChronoGraphTransaction]:  Query requires iterating over all vertices. For better performance, use 'has(...)' clauses in your gremlin.
[WARN ] 2017-08-28 19:58:56 [    Test worker] [StandardChronoGraphTransaction]:  Query requires iterating over all vertices. For better performance, use 'has(...)' clauses in your gremlin.
[WARN ] 2017-08-28 19:58:56 [    Test worker] [StandardChronoGraphTransaction]:  Query requires iterating over all vertices. For better performance, use 'has(...)' clauses in your gremlin.
[WARN ] 2017-08-28 19:58:56 [    Test worker] [StandardChronoGraphTransaction]:  Query requires iterating over all vertices. For better performance, use 'has(...)' clauses in your gremlin.
[WARN ] 2017-08-28 19:58:56 [    Test worker] [StandardChronoGraphTransaction]:  Query requires iterating over all vertices. For better performance, use 'has(...)' clauses in your gremlin.
[WARN ] 2017-08-28 19:58:56 [    Test worker] [StandardChronoGraphTransaction]:  Query requires iterating over all vertices. For better performance, use 'has(...)' clauses in your gremlin.
[WARN ] 2017-08-28 19:58:56 [    Test worker] [StandardChronoGraphTransaction]:  Query requires iterating over all vertices. For better performance, use 'has(...)' clauses in your gremlin.
[WARN ] 2017-08-28 19:58:56 [    Test worker] [StandardChronoGraphTransaction]:  Query requires iterating over all vertices. For better performance, use 'has(...)' clauses in your gremlin.
[WARN ] 2017-08-28 19:58:56 [    Test worker] [StandardChronoGraphTransaction]:  Query requires iterating over all vertices. For better performance, use 'has(...)' clauses in your gremlin.
[WARN ] 2017-08-28 19:58:56 [    Test worker] [StandardChronoGraphTransaction]:  Query requires iterating over all edges. For better performance, use 'has(...)' clauses in your gremlin.
[WARN ] 2017-08-28 19:58:56 [    Test worker] [StandardChronoGraphTransaction]:  Query requires iterating over all edges. For better performance, use 'has(...)' clauses in your gremlin.
[WARN ] 2017-08-28 19:58:56 [    Test worker] [StandardChronoGraphTransaction]:  Query requires iterating over all vertices. For better performance, use 'has(...)' clauses in your gremlin.
[WARN ] 2017-08-28 19:58:56 [    Test worker] [StandardChronoGraphTransaction]:  Query requires iterating over all vertices. For better performance, use 'has(...)' clauses in your gremlin.
[WARN ] 2017-08-28 19:58:56 [    Test worker] [StandardChronoGraphTransaction]:  Query requires iterating over all edges. For better performance, use 'has(...)' clauses in your gremlin.
[WARN ] 2017-08-28 19:58:56 [    Test worker] [StandardChronoGraphTransaction]:  Query requires iterating over all edges. For better performance, use 'has(...)' clauses in your gremlin.
[WARN ] 2017-08-28 19:58:56 [    Test worker] [StandardChronoGraphTransaction]:  Query requires iterating over all edges. For better performance, use 'has(...)' clauses in your gremlin.
[WARN ] 2017-08-28 19:58:56 [    Test worker] [StandardChronoGraphTransaction]:  Query requires iterating over all vertices. For better performance, use 'has(...)' clauses in your gremlin.
[WARN ] 2017-08-28 19:58:56 [    Test worker] [StandardChronoGraphTransaction]:  Query requires iterating over all edges. For better performance, use 'has(...)' clauses in your gremlin.
[WARN ] 2017-08-28 19:58:56 [    Test worker] [StandardChronoGraphTransaction]:  Query requires iterating over all vertices. For better performance, use 'has(...)' clauses in your gremlin.
[WARN ] 2017-08-28 19:58:56 [    Test worker] [StandardChronoGraphTransaction]:  Query requires iterating over all vertices. For better performance, use 'has(...)' clauses in your gremlin.
[WARN ] 2017-08-28 19:58:56 [    Test worker] [StandardChronoGraphTransaction]:  Query requires iterating over all vertices. For better performance, use 'has(...)' clauses in your gremlin.
[WARN ] 2017-08-28 19:58:56 [    Test worker] [StandardChronoGraphTransaction]:  Query requires iterating over all vertices. For better performance, use 'has(...)' clauses in your gremlin.
[WARN ] 2017-08-28 19:58:56 [    Test worker] [StandardChronoGraphTransaction]:  Query requires iterating over all vertices. For better performance, use 'has(...)' clauses in your gremlin.
[WARN ] 2017-08-28 19:58:56 [    Test worker] [StandardChronoGraphTransaction]:  Query requires iterating over all edges. For better performance, use 'has(...)' clauses in your gremlin.
[WARN ] 2017-08-28 19:58:56 [    Test worker] [StandardChronoGraphTransaction]:  Query requires iterating over all edges. For better performance, use 'has(...)' clauses in your gremlin.
[WARN ] 2017-08-28 19:58:56 [    Test worker] [StandardChronoGraphTransaction]:  Query requires iterating over all vertices. For better performance, use 'has(...)' clauses in your gremlin.
[WARN ] 2017-08-28 19:58:56 [    Test worker] [StandardChronoGraphTransaction]:  Query requires iterating over all vertices. For better performance, use 'has(...)' clauses in your gremlin.
[WARN ] 2017-08-28 19:58:56 [    Test worker] [StandardChronoGraphTransaction]:  Query requires iterating over all edges. For better performance, use 'has(...)' clauses in your gremlin.
[WARN ] 2017-08-28 19:58:56 [    Test worker] [StandardChronoGraphTransaction]:  Query requires iterating over all edges. For better performance, use 'has(...)' clauses in your gremlin.
[WARN ] 2017-08-28 19:58:56 [    Test worker] [StandardChronoGraphTransaction]:  Query requires iterating over all edges. For better performance, use 'has(...)' clauses in your gremlin.
[WARN ] 2017-08-28 19:58:56 [    Test worker] [StandardChronoGraphTransaction]:  Query requires iterating over all vertices. For better performance, use 'has(...)' clauses in your gremlin.
[WARN ] 2017-08-28 19:58:56 [    Test worker] [StandardChronoGraphTransaction]:  Query requires iterating over all edges. For better performance, use 'has(...)' clauses in your gremlin.
[WARN ] 2017-08-28 19:58:56 [    Test worker] [StandardChronoGraphTransaction]:  Query requires iterating over all vertices. For better performance, use 'has(...)' clauses in your gremlin.
[WARN ] 2017-08-28 19:58:56 [    Test worker] [StandardChronoGraphTransaction]:  Query requires iterating over all edges. For better performance, use 'has(...)' clauses in your gremlin.
[WARN ] 2017-08-28 19:58:56 [    Test worker] [StandardChronoGraphTransaction]:  Query requires iterating over all edges. For better performance, use 'has(...)' clauses in your gremlin.
[WARN ] 2017-08-28 19:58:56 [    Test worker] [StandardChronoGraphTransaction]:  Query requires iterating over all vertices. For better performance, use 'has(...)' clauses in your gremlin.
[WARN ] 2017-08-28 19:58:56 [    Test worker] [StandardChronoGraphTransaction]:  Query requires iterating over all vertices. For better performance, use 'has(...)' clauses in your gremlin.
[WARN ] 2017-08-28 19:58:56 [    Test worker] [StandardChronoGraphTransaction]:  Query requires iterating over all vertices. For better performance, use 'has(...)' clauses in your gremlin.
[WARN ] 2017-08-28 19:58:56 [    Test worker] [StandardChronoGraphTransaction]:  Query requires iterating over all vertices. For better performance, use 'has(...)' clauses in your gremlin.
[WARN ] 2017-08-28 19:58:56 [    Test worker] [StandardChronoGraphTransaction]:  Query requires iterating over all vertices. For better performance, use 'has(...)' clauses in your gremlin.
[WARN ] 2017-08-28 19:58:56 [    Test worker] [StandardChronoGraphTransaction]:  Query requires iterating over all vertices. For better performance, use 'has(...)' clauses in your gremlin.
[WARN ] 2017-08-28 19:58:56 [    Test worker] [StandardChronoGraphTransaction]:  Query requires iterating over all vertices. For better performance, use 'has(...)' clauses in your gremlin.
[WARN ] 2017-08-28 19:58:56 [    Test worker] [StandardChronoGraphTransaction]:  Query requires iterating over all vertices. For better performance, use 'has(...)' clauses in your gremlin.
[WARN ] 2017-08-28 19:58:56 [    Test worker] [StandardChronoGraphTransaction]:  Query requires iterating over all vertices. For better performance, use 'has(...)' clauses in your gremlin.
[WARN ] 2017-08-28 19:58:56 [    Test worker] [StandardChronoGraphTransaction]:  Query requires iterating over all vertices. For better performance, use 'has(...)' clauses in your gremlin.
[WARN ] 2017-08-28 19:58:56 [    Test worker] [StandardChronoGraphTransaction]:  Query requires iterating over all vertices. For better performance, use 'has(...)' clauses in your gremlin.
[WARN ] 2017-08-28 19:58:56 [    Test worker] [StandardChronoGraphTransaction]:  Query requires iterating over all vertices. For better performance, use 'has(...)' clauses in your gremlin.
[WARN ] 2017-08-28 19:58:56 [    Test worker] [StandardChronoGraphTransaction]:  Query requires iterating over all vertices. For better performance, use 'has(...)' clauses in your gremlin.
[WARN ] 2017-08-28 19:58:56 [    Test worker] [StandardChronoGraphTransaction]:  Query requires iterating over all vertices. For better performance, use 'has(...)' clauses in your gremlin.
[WARN ] 2017-08-28 19:58:56 [    Test worker] [StandardChronoGraphTransaction]:  Query requires iterating over all vertices. For better performance, use 'has(...)' clauses in your gremlin.
[WARN ] 2017-08-28 19:58:56 [    Test worker] [StandardChronoGraphTransaction]:  Query requires iterating over all vertices. For better performance, use 'has(...)' clauses in your gremlin.
[WARN ] 2017-08-28 19:58:56 [    Test worker] [StandardChronoGraphTransaction]:  Query requires iterating over all vertices. For better performance, use 'has(...)' clauses in your gremlin.
[WARN ] 2017-08-28 19:58:56 [    Test worker] [StandardChronoGraphTransaction]:  Query requires iterating over all vertices. For better performance, use 'has(...)' clauses in your gremlin.
[WARN ] 2017-08-28 19:58:56 [    Test worker] [StandardChronoGraphTransaction]:  Query requires iterating over all vertices. For better performance, use 'has(...)' clauses in your gremlin.
[WARN ] 2017-08-28 19:58:56 [    Test worker] [StandardChronoGraphTransaction]:  Query requires iterating over all vertices. For better performance, use 'has(...)' clauses in your gremlin.
[WARN ] 2017-08-28 19:58:56 [    Test worker] [StandardChronoGraphTransaction]:  Query requires iterating over all vertices. For better performance, use 'has(...)' clauses in your gremlin.
[WARN ] 2017-08-28 19:58:56 [    Test worker] [StandardChronoGraphTransaction]:  Query requires iterating over all vertices. For better performance, use 'has(...)' clauses in your gremlin.
[WARN ] 2017-08-28 19:58:56 [    Test worker] [StandardChronoGraphTransaction]:  Query requires iterating over all vertices. For better performance, use 'has(...)' clauses in your gremlin.
[WARN ] 2017-08-28 19:58:56 [    Test worker] [StandardChronoGraphTransaction]:  Query requires iterating over all vertices. For better performance, use 'has(...)' clauses in your gremlin.
[WARN ] 2017-08-28 19:58:56 [    Test worker] [StandardChronoGraphTransaction]:  Query requires iterating over all vertices. For better performance, use 'has(...)' clauses in your gremlin.
[WARN ] 2017-08-28 19:58:56 [    Test worker] [StandardChronoGraphTransaction]:  Query requires iterating over all vertices. For better performance, use 'has(...)' clauses in your gremlin.
[WARN ] 2017-08-28 19:58:56 [    Test worker] [StandardChronoGraphTransaction]:  Query requires iterating over all vertices. For better performance, use 'has(...)' clauses in your gremlin.
[WARN ] 2017-08-28 19:58:56 [    Test worker] [StandardChronoGraphTransaction]:  Query requires iterating over all vertices. For better performance, use 'has(...)' clauses in your gremlin.
[WARN ] 2017-08-28 19:58:56 [    Test worker] [StandardChronoGraphTransaction]:  Query requires iterating over all vertices. For better performance, use 'has(...)' clauses in your gremlin.
[WARN ] 2017-08-28 19:58:56 [    Test worker] [StandardChronoGraphTransaction]:  Query requires iterating over all vertices. For better performance, use 'has(...)' clauses in your gremlin.
[WARN ] 2017-08-28 19:58:56 [    Test worker] [StandardChronoGraphTransaction]:  Query requires iterating over all vertices. For better performance, use 'has(...)' clauses in your gremlin.
[WARN ] 2017-08-28 19:58:56 [    Test worker] [StandardChronoGraphTransaction]:  Query requires iterating over all vertices. For better performance, use 'has(...)' clauses in your gremlin.
[WARN ] 2017-08-28 19:58:56 [    Test worker] [StandardChronoGraphTransaction]:  Query requires iterating over all vertices. For better performance, use 'has(...)' clauses in your gremlin.
[WARN ] 2017-08-28 19:58:56 [    Test worker] [StandardChronoGraphTransaction]:  Query requires iterating over all vertices. For better performance, use 'has(...)' clauses in your gremlin.
[WARN ] 2017-08-28 19:58:56 [    Test worker] [StandardChronoGraphTransaction]:  Query requires iterating over all vertices. For better performance, use 'has(...)' clauses in your gremlin.
[WARN ] 2017-08-28 19:58:56 [    Test worker] [StandardChronoGraphTransaction]:  Query requires iterating over all vertices. For better performance, use 'has(...)' clauses in your gremlin.
[WARN ] 2017-08-28 19:58:56 [    Test worker] [StandardChronoGraphTransaction]:  Query requires iterating over all vertices. For better performance, use 'has(...)' clauses in your gremlin.
[WARN ] 2017-08-28 19:58:56 [    Test worker] [StandardChronoGraphTransaction]:  Query requires iterating over all vertices. For better performance, use 'has(...)' clauses in your gremlin.
[WARN ] 2017-08-28 19:58:56 [    Test worker] [StandardChronoGraphTransaction]:  Query requires iterating over all vertices. For better performance, use 'has(...)' clauses in your gremlin.
[WARN ] 2017-08-28 19:58:56 [    Test worker] [StandardChronoGraphTransaction]:  Query requires iterating over all vertices. For better performance, use 'has(...)' clauses in your gremlin.
[WARN ] 2017-08-28 19:58:56 [    Test worker] [StandardChronoGraphTransaction]:  Query requires iterating over all vertices. For better performance, use 'has(...)' clauses in your gremlin.
[WARN ] 2017-08-28 19:58:56 [    Test worker] [StandardChronoGraphTransaction]:  Query requires iterating over all vertices. For better performance, use 'has(...)' clauses in your gremlin.
[WARN ] 2017-08-28 19:58:56 [    Test worker] [StandardChronoGraphTransaction]:  Query requires iterating over all vertices. For better performance, use 'has(...)' clauses in your gremlin.
[WARN ] 2017-08-28 19:58:56 [    Test worker] [StandardChronoGraphTransaction]:  Query requires iterating over all vertices. For better performance, use 'has(...)' clauses in your gremlin.
[WARN ] 2017-08-28 19:58:56 [    Test worker] [StandardChronoGraphTransaction]:  Query requires iterating over all vertices. For better performance, use 'has(...)' clauses in your gremlin.
[WARN ] 2017-08-28 19:58:56 [    Test worker] [StandardChronoGraphTransaction]:  Query requires iterating over all vertices. For better performance, use 'has(...)' clauses in your gremlin.
[WARN ] 2017-08-28 19:58:56 [    Test worker] [StandardChronoGraphTransaction]:  Query requires iterating over all vertices. For better performance, use 'has(...)' clauses in your gremlin.
[WARN ] 2017-08-28 19:58:56 [    Test worker] [StandardChronoGraphTransaction]:  Query requires iterating over all vertices. For better performance, use 'has(...)' clauses in your gremlin.
[WARN ] 2017-08-28 19:58:56 [    Test worker] [StandardChronoGraphTransaction]:  Query requires iterating over all vertices. For better performance, use 'has(...)' clauses in your gremlin.
[WARN ] 2017-08-28 19:58:56 [    Test worker] [StandardChronoGraphTransaction]:  Query requires iterating over all vertices. For better performance, use 'has(...)' clauses in your gremlin.
[WARN ] 2017-08-28 19:58:56 [    Test worker] [StandardChronoGraphTransaction]:  Query requires iterating over all vertices. For better performance, use 'has(...)' clauses in your gremlin.
[WARN ] 2017-08-28 19:58:56 [    Test worker] [StandardChronoGraphTransaction]:  Query requires iterating over all vertices. For better performance, use 'has(...)' clauses in your gremlin.
[WARN ] 2017-08-28 19:58:56 [    Test worker] [StandardChronoGraphTransaction]:  Query requires iterating over all vertices. For better performance, use 'has(...)' clauses in your gremlin.
[WARN ] 2017-08-28 19:58:56 [    Test worker] [StandardChronoGraphTransaction]:  Query requires iterating over all vertices. For better performance, use 'has(...)' clauses in your gremlin.
[WARN ] 2017-08-28 19:58:56 [    Test worker] [StandardChronoGraphTransaction]:  Query requires iterating over all vertices. For better performance, use 'has(...)' clauses in your gremlin.
[WARN ] 2017-08-28 19:58:56 [    Test worker] [StandardChronoGraphTransaction]:  Query requires iterating over all vertices. For better performance, use 'has(...)' clauses in your gremlin.
[WARN ] 2017-08-28 19:58:56 [    Test worker] [StandardChronoGraphTransaction]:  Query requires iterating over all vertices. For better performance, use 'has(...)' clauses in your gremlin.
[WARN ] 2017-08-28 19:58:56 [    Test worker] [StandardChronoGraphTransaction]:  Query requires iterating over all vertices. For better performance, use 'has(...)' clauses in your gremlin.
[WARN ] 2017-08-28 19:58:56 [    Test worker] [StandardChronoGraphTransaction]:  Query requires iterating over all vertices. For better performance, use 'has(...)' clauses in your gremlin.
[WARN ] 2017-08-28 19:58:56 [    Test worker] [StandardChronoGraphTransaction]:  Query requires iterating over all vertices. For better performance, use 'has(...)' clauses in your gremlin.
[WARN ] 2017-08-28 19:58:56 [    Test worker] [StandardChronoGraphTransaction]:  Query requires iterating over all vertices. For better performance, use 'has(...)' clauses in your gremlin.
[WARN ] 2017-08-28 19:58:56 [    Test worker] [StandardChronoGraphTransaction]:  Query requires iterating over all vertices. For better performance, use 'has(...)' clauses in your gremlin.
[WARN ] 2017-08-28 19:58:56 [    Test worker] [StandardChronoGraphTransaction]:  Query requires iterating over all vertices. For better performance, use 'has(...)' clauses in your gremlin.
[WARN ] 2017-08-28 19:58:56 [    Test worker] [StandardChronoGraphTransaction]:  Query requires iterating over all vertices. For better performance, use 'has(...)' clauses in your gremlin.
[WARN ] 2017-08-28 19:58:56 [    Test worker] [StandardChronoGraphTransaction]:  Query requires iterating over all vertices. For better performance, use 'has(...)' clauses in your gremlin.
[WARN ] 2017-08-28 19:58:56 [    Test worker] [StandardChronoGraphTransaction]:  Query requires iterating over all vertices. For better performance, use 'has(...)' clauses in your gremlin.
[WARN ] 2017-08-28 19:58:56 [    Test worker] [StandardChronoGraphTransaction]:  Query requires iterating over all vertices. For better performance, use 'has(...)' clauses in your gremlin.
[WARN ] 2017-08-28 19:58:56 [    Test worker] [StandardChronoGraphTransaction]:  Query requires iterating over all vertices. For better performance, use 'has(...)' clauses in your gremlin.
[WARN ] 2017-08-28 19:58:56 [    Test worker] [StandardChronoGraphTransaction]:  Query requires iterating over all vertices. For better performance, use 'has(...)' clauses in your gremlin.
[WARN ] 2017-08-28 19:58:56 [    Test worker] [StandardChronoGraphTransaction]:  Query requires iterating over all vertices. For better performance, use 'has(...)' clauses in your gremlin.
[WARN ] 2017-08-28 19:58:56 [    Test worker] [StandardChronoGraphTransaction]:  Query requires iterating over all vertices. For better performance, use 'has(...)' clauses in your gremlin.
[WARN ] 2017-08-28 19:58:56 [    Test worker] [StandardChronoGraphTransaction]:  Query requires iterating over all vertices. For better performance, use 'has(...)' clauses in your gremlin.
[WARN ] 2017-08-28 19:58:56 [    Test worker] [StandardChronoGraphTransaction]:  Query requires iterating over all vertices. For better performance, use 'has(...)' clauses in your gremlin.
[WARN ] 2017-08-28 19:58:56 [    Test worker] [StandardChronoGraphTransaction]:  Query requires iterating over all vertices. For better performance, use 'has(...)' clauses in your gremlin.
[WARN ] 2017-08-28 19:58:56 [    Test worker] [StandardChronoGraphTransaction]:  Query requires iterating over all vertices. For better performance, use 'has(...)' clauses in your gremlin.
[WARN ] 2017-08-28 19:58:56 [    Test worker] [StandardChronoGraphTransaction]:  Query requires iterating over all vertices. For better performance, use 'has(...)' clauses in your gremlin.
[WARN ] 2017-08-28 19:58:56 [    Test worker] [StandardChronoGraphTransaction]:  Query requires iterating over all vertices. For better performance, use 'has(...)' clauses in your gremlin.
[WARN ] 2017-08-28 19:58:56 [    Test worker] [StandardChronoGraphTransaction]:  Query requires iterating over all vertices. For better performance, use 'has(...)' clauses in your gremlin.
[WARN ] 2017-08-28 19:58:56 [    Test worker] [StandardChronoGraphTransaction]:  Query requires iterating over all vertices. For better performance, use 'has(...)' clauses in your gremlin.
[WARN ] 2017-08-28 19:58:56 [    Test worker] [StandardChronoGraphTransaction]:  Query requires iterating over all vertices. For better performance, use 'has(...)' clauses in your gremlin.
[WARN ] 2017-08-28 19:58:56 [    Test worker] [StandardChronoGraphTransaction]:  Query requires iterating over all vertices. For better performance, use 'has(...)' clauses in your gremlin.
[WARN ] 2017-08-28 19:58:56 [    Test worker] [StandardChronoGraphTransaction]:  Query requires iterating over all vertices. For better performance, use 'has(...)' clauses in your gremlin.
[WARN ] 2017-08-28 19:58:56 [    Test worker] [StandardChronoGraphTransaction]:  Query requires iterating over all vertices. For better performance, use 'has(...)' clauses in your gremlin.
[WARN ] 2017-08-28 19:58:56 [    Test worker] [StandardChronoGraphTransaction]:  Query requires iterating over all vertices. For better performance, use 'has(...)' clauses in your gremlin.
[WARN ] 2017-08-28 19:58:56 [    Test worker] [StandardChronoGraphTransaction]:  Query requires iterating over all vertices. For better performance, use 'has(...)' clauses in your gremlin.
[WARN ] 2017-08-28 19:58:56 [    Test worker] [StandardChronoGraphTransaction]:  Query requires iterating over all vertices. For better performance, use 'has(...)' clauses in your gremlin.
[WARN ] 2017-08-28 19:58:56 [    Test worker] [StandardChronoGraphTransaction]:  Query requires iterating over all vertices. For better performance, use 'has(...)' clauses in your gremlin.
[WARN ] 2017-08-28 19:58:56 [    Test worker] [StandardChronoGraphTransaction]:  Query requires iterating over all vertices. For better performance, use 'has(...)' clauses in your gremlin.
[WARN ] 2017-08-28 19:58:56 [    Test worker] [StandardChronoGraphTransaction]:  Query requires iterating over all vertices. For better performance, use 'has(...)' clauses in your gremlin.
[WARN ] 2017-08-28 19:58:56 [    Test worker] [StandardChronoGraphTransaction]:  Query requires iterating over all vertices. For better performance, use 'has(...)' clauses in your gremlin.
[WARN ] 2017-08-28 19:58:56 [    Test worker] [StandardChronoGraphTransaction]:  Query requires iterating over all vertices. For better performance, use 'has(...)' clauses in your gremlin.
[WARN ] 2017-08-28 19:58:56 [    Test worker] [StandardChronoGraphTransaction]:  Query requires iterating over all vertices. For better performance, use 'has(...)' clauses in your gremlin.
[WARN ] 2017-08-28 19:58:56 [    Test worker] [StandardChronoGraphTransaction]:  Query requires iterating over all vertices. For better performance, use 'has(...)' clauses in your gremlin.
[WARN ] 2017-08-28 19:58:56 [    Test worker] [StandardChronoGraphTransaction]:  Query requires iterating over all vertices. For better performance, use 'has(...)' clauses in your gremlin.
[WARN ] 2017-08-28 19:58:56 [    Test worker] [StandardChronoGraphTransaction]:  Query requires iterating over all vertices. For better performance, use 'has(...)' clauses in your gremlin.
[WARN ] 2017-08-28 19:58:56 [    Test worker] [StandardChronoGraphTransaction]:  Query requires iterating over all vertices. For better performance, use 'has(...)' clauses in your gremlin.
[WARN ] 2017-08-28 19:58:56 [    Test worker] [StandardChronoGraphTransaction]:  Query requires iterating over all vertices. For better performance, use 'has(...)' clauses in your gremlin.
[WARN ] 2017-08-28 19:58:56 [    Test worker] [StandardChronoGraphTransaction]:  Query requires iterating over all vertices. For better performance, use 'has(...)' clauses in your gremlin.
[WARN ] 2017-08-28 19:58:56 [    Test worker] [StandardChronoGraphTransaction]:  Query requires iterating over all vertices. For better performance, use 'has(...)' clauses in your gremlin.
[WARN ] 2017-08-28 19:58:56 [    Test worker] [StandardChronoGraphTransaction]:  Query requires iterating over all vertices. For better performance, use 'has(...)' clauses in your gremlin.
[WARN ] 2017-08-28 19:58:56 [    Test worker] [StandardChronoGraphTransaction]:  Query requires iterating over all vertices. For better performance, use 'has(...)' clauses in your gremlin.
[WARN ] 2017-08-28 19:58:56 [    Test worker] [StandardChronoGraphTransaction]:  Query requires iterating over all vertices. For better performance, use 'has(...)' clauses in your gremlin.
[WARN ] 2017-08-28 19:58:56 [    Test worker] [StandardChronoGraphTransaction]:  Query requires iterating over all vertices. For better performance, use 'has(...)' clauses in your gremlin.
[WARN ] 2017-08-28 19:58:56 [    Test worker] [StandardChronoGraphTransaction]:  Query requires iterating over all edges. For better performance, use 'has(...)' clauses in your gremlin.
[WARN ] 2017-08-28 19:58:56 [    Test worker] [StandardChronoGraphTransaction]:  Query requires iterating over all edges. For better performance, use 'has(...)' clauses in your gremlin.
[WARN ] 2017-08-28 19:58:56 [    Test worker] [StandardChronoGraphTransaction]:  Query requires iterating over all vertices. For better performance, use 'has(...)' clauses in your gremlin.
[WARN ] 2017-08-28 19:58:56 [    Test worker] [StandardChronoGraphTransaction]:  Query requires iterating over all vertices. For better performance, use 'has(...)' clauses in your gremlin.
[WARN ] 2017-08-28 19:58:56 [    Test worker] [StandardChronoGraphTransaction]:  Query requires iterating over all edges. For better performance, use 'has(...)' clauses in your gremlin.
[WARN ] 2017-08-28 19:58:56 [    Test worker] [StandardChronoGraphTransaction]:  Query requires iterating over all edges. For better performance, use 'has(...)' clauses in your gremlin.
[WARN ] 2017-08-28 19:58:56 [    Test worker] [StandardChronoGraphTransaction]:  Query requires iterating over all edges. For better performance, use 'has(...)' clauses in your gremlin.
[WARN ] 2017-08-28 19:58:56 [    Test worker] [StandardChronoGraphTransaction]:  Query requires iterating over all vertices. For better performance, use 'has(...)' clauses in your gremlin.
[WARN ] 2017-08-28 19:58:56 [    Test worker] [StandardChronoGraphTransaction]:  Query requires iterating over all edges. For better performance, use 'has(...)' clauses in your gremlin.
[WARN ] 2017-08-28 19:58:56 [    Test worker] [StandardChronoGraphTransaction]:  Query requires iterating over all vertices. For better performance, use 'has(...)' clauses in your gremlin.
[WARN ] 2017-08-28 19:58:56 [    Test worker] [StandardChronoGraphTransaction]:  Query requires iterating over all vertices. For better performance, use 'has(...)' clauses in your gremlin.
[WARN ] 2017-08-28 19:58:56 [    Test worker] [StandardChronoGraphTransaction]:  Query requires iterating over all vertices. For better performance, use 'has(...)' clauses in your gremlin.
[WARN ] 2017-08-28 19:58:56 [    Test worker] [StandardChronoGraphTransaction]:  Query requires iterating over all vertices. For better performance, use 'has(...)' clauses in your gremlin.
[WARN ] 2017-08-28 19:58:56 [    Test worker] [StandardChronoGraphTransaction]:  Query requires iterating over all vertices. For better performance, use 'has(...)' clauses in your gremlin.
[WARN ] 2017-08-28 19:58:56 [    Test worker] [StandardChronoGraphTransaction]:  Query requires iterating over all edges. For better performance, use 'has(...)' clauses in your gremlin.
[WARN ] 2017-08-28 19:58:56 [    Test worker] [StandardChronoGraphTransaction]:  Query requires iterating over all edges. For better performance, use 'has(...)' clauses in your gremlin.
[WARN ] 2017-08-28 19:58:56 [    Test worker] [StandardChronoGraphTransaction]:  Query requires iterating over all vertices. For better performance, use 'has(...)' clauses in your gremlin.
[WARN ] 2017-08-28 19:58:56 [    Test worker] [StandardChronoGraphTransaction]:  Query requires iterating over all vertices. For better performance, use 'has(...)' clauses in your gremlin.
[WARN ] 2017-08-28 19:58:56 [    Test worker] [StandardChronoGraphTransaction]:  Query requires iterating over all edges. For better performance, use 'has(...)' clauses in your gremlin.
[WARN ] 2017-08-28 19:58:56 [    Test worker] [StandardChronoGraphTransaction]:  Query requires iterating over all edges. For better performance, use 'has(...)' clauses in your gremlin.
[WARN ] 2017-08-28 19:58:56 [    Test worker] [StandardChronoGraphTransaction]:  Query requires iterating over all edges. For better performance, use 'has(...)' clauses in your gremlin.
[WARN ] 2017-08-28 19:58:56 [    Test worker] [StandardChronoGraphTransaction]:  Query requires iterating over all vertices. For better performance, use 'has(...)' clauses in your gremlin.
[WARN ] 2017-08-28 19:58:56 [    Test worker] [StandardChronoGraphTransaction]:  Query requires iterating over all edges. For better performance, use 'has(...)' clauses in your gremlin.
[WARN ] 2017-08-28 19:58:56 [    Test worker] [StandardChronoGraphTransaction]:  Query requires iterating over all vertices. For better performance, use 'has(...)' clauses in your gremlin.
[WARN ] 2017-08-28 19:58:56 [    Test worker] [StandardChronoGraphTransaction]:  Query requires iterating over all edges. For better performance, use 'has(...)' clauses in your gremlin.
[WARN ] 2017-08-28 19:58:56 [    Test worker] [StandardChronoGraphTransaction]:  Query requires iterating over all edges. For better performance, use 'has(...)' clauses in your gremlin.
[WARN ] 2017-08-28 19:58:56 [    Test worker] [StandardChronoGraphTransaction]:  Query requires iterating over all vertices. For better performance, use 'has(...)' clauses in your gremlin.
[WARN ] 2017-08-28 19:58:56 [    Test worker] [StandardChronoGraphTransaction]:  Query requires iterating over all vertices. For better performance, use 'has(...)' clauses in your gremlin.
[WARN ] 2017-08-28 19:58:56 [    Test worker] [StandardChronoGraphTransaction]:  Query requires iterating over all vertices. For better performance, use 'has(...)' clauses in your gremlin.
[WARN ] 2017-08-28 19:58:56 [    Test worker] [StandardChronoGraphTransaction]:  Query requires iterating over all vertices. For better performance, use 'has(...)' clauses in your gremlin.
[WARN ] 2017-08-28 19:58:56 [    Test worker] [StandardChronoGraphTransaction]:  Query requires iterating over all vertices. For better performance, use 'has(...)' clauses in your gremlin.
[WARN ] 2017-08-28 19:58:56 [    Test worker] [StandardChronoGraphTransaction]:  Query requires iterating over all vertices. For better performance, use 'has(...)' clauses in your gremlin.
[WARN ] 2017-08-28 19:58:56 [    Test worker] [StandardChronoGraphTransaction]:  Query requires iterating over all vertices. For better performance, use 'has(...)' clauses in your gremlin.
[WARN ] 2017-08-28 19:58:56 [    Test worker] [StandardChronoGraphTransaction]:  Query requires iterating over all vertices. For better performance, use 'has(...)' clauses in your gremlin.
[WARN ] 2017-08-28 19:58:56 [    Test worker] [StandardChronoGraphTransaction]:  Query requires iterating over all vertices. For better performance, use 'has(...)' clauses in your gremlin.
[WARN ] 2017-08-28 19:58:56 [    Test worker] [StandardChronoGraphTransaction]:  Query requires iterating over all vertices. For better performance, use 'has(...)' clauses in your gremlin.
[WARN ] 2017-08-28 19:58:56 [    Test worker] [StandardChronoGraphTransaction]:  Query requires iterating over all vertices. For better performance, use 'has(...)' clauses in your gremlin.
[WARN ] 2017-08-28 19:58:56 [    Test worker] [StandardChronoGraphTransaction]:  Query requires iterating over all vertices. For better performance, use 'has(...)' clauses in your gremlin.
[WARN ] 2017-08-28 19:58:56 [    Test worker] [StandardChronoGraphTransaction]:  Query requires iterating over all vertices. For better performance, use 'has(...)' clauses in your gremlin.
[WARN ] 2017-08-28 19:58:56 [    Test worker] [StandardChronoGraphTransaction]:  Query requires iterating over all vertices. For better performance, use 'has(...)' clauses in your gremlin.
[WARN ] 2017-08-28 19:58:56 [    Test worker] [StandardChronoGraphTransaction]:  Query requires iterating over all vertices. For better performance, use 'has(...)' clauses in your gremlin.
[WARN ] 2017-08-28 19:58:56 [    Test worker] [StandardChronoGraphTransaction]:  Query requires iterating over all vertices. For better performance, use 'has(...)' clauses in your gremlin.
[WARN ] 2017-08-28 19:58:56 [    Test worker] [StandardChronoGraphTransaction]:  Query requires iterating over all vertices. For better performance, use 'has(...)' clauses in your gremlin.
[WARN ] 2017-08-28 19:58:56 [    Test worker] [StandardChronoGraphTransaction]:  Query requires iterating over all vertices. For better performance, use 'has(...)' clauses in your gremlin.
[WARN ] 2017-08-28 19:58:56 [    Test worker] [StandardChronoGraphTransaction]:  Query requires iterating over all vertices. For better performance, use 'has(...)' clauses in your gremlin.
[WARN ] 2017-08-28 19:58:56 [    Test worker] [StandardChronoGraphTransaction]:  Query requires iterating over all vertices. For better performance, use 'has(...)' clauses in your gremlin.
[WARN ] 2017-08-28 19:58:56 [    Test worker] [StandardChronoGraphTransaction]:  Query requires iterating over all vertices. For better performance, use 'has(...)' clauses in your gremlin.
[WARN ] 2017-08-28 19:58:56 [    Test worker] [StandardChronoGraphTransaction]:  Query requires iterating over all vertices. For better performance, use 'has(...)' clauses in your gremlin.
[WARN ] 2017-08-28 19:58:56 [    Test worker] [StandardChronoGraphTransaction]:  Query requires iterating over all vertices. For better performance, use 'has(...)' clauses in your gremlin.
[WARN ] 2017-08-28 19:58:56 [    Test worker] [StandardChronoGraphTransaction]:  Query requires iterating over all vertices. For better performance, use 'has(...)' clauses in your gremlin.
[WARN ] 2017-08-28 19:58:56 [    Test worker] [StandardChronoGraphTransaction]:  Query requires iterating over all vertices. For better performance, use 'has(...)' clauses in your gremlin.
[WARN ] 2017-08-28 19:58:56 [    Test worker] [StandardChronoGraphTransaction]:  Query requires iterating over all vertices. For better performance, use 'has(...)' clauses in your gremlin.
[WARN ] 2017-08-28 19:58:56 [    Test worker] [StandardChronoGraphTransaction]:  Query requires iterating over all vertices. For better performance, use 'has(...)' clauses in your gremlin.
[WARN ] 2017-08-28 19:58:56 [    Test worker] [StandardChronoGraphTransaction]:  Query requires iterating over all vertices. For better performance, use 'has(...)' clauses in your gremlin.
[WARN ] 2017-08-28 19:58:56 [    Test worker] [StandardChronoGraphTransaction]:  Query requires iterating over all vertices. For better performance, use 'has(...)' clauses in your gremlin.
[WARN ] 2017-08-28 19:58:56 [    Test worker] [StandardChronoGraphTransaction]:  Query requires iterating over all vertices. For better performance, use 'has(...)' clauses in your gremlin.
[WARN ] 2017-08-28 19:58:56 [    Test worker] [StandardChronoGraphTransaction]:  Query requires iterating over all vertices. For better performance, use 'has(...)' clauses in your gremlin.
[WARN ] 2017-08-28 19:58:56 [    Test worker] [StandardChronoGraphTransaction]:  Query requires iterating over all vertices. For better performance, use 'has(...)' clauses in your gremlin.
[WARN ] 2017-08-28 19:58:56 [    Test worker] [StandardChronoGraphTransaction]:  Query requires iterating over all vertices. For better performance, use 'has(...)' clauses in your gremlin.
[WARN ] 2017-08-28 19:58:56 [    Test worker] [StandardChronoGraphTransaction]:  Query requires iterating over all vertices. For better performance, use 'has(...)' clauses in your gremlin.
[WARN ] 2017-08-28 19:58:56 [    Test worker] [StandardChronoGraphTransaction]:  Query requires iterating over all vertices. For better performance, use 'has(...)' clauses in your gremlin.
[WARN ] 2017-08-28 19:58:56 [    Test worker] [StandardChronoGraphTransaction]:  Query requires iterating over all vertices. For better performance, use 'has(...)' clauses in your gremlin.
[WARN ] 2017-08-28 19:58:56 [    Test worker] [StandardChronoGraphTransaction]:  Query requires iterating over all vertices. For better performance, use 'has(...)' clauses in your gremlin.
[WARN ] 2017-08-28 19:58:56 [    Test worker] [StandardChronoGraphTransaction]:  Query requires iterating over all vertices. For better performance, use 'has(...)' clauses in your gremlin.
[WARN ] 2017-08-28 19:58:56 [    Test worker] [StandardChronoGraphTransaction]:  Query requires iterating over all vertices. For better performance, use 'has(...)' clauses in your gremlin.
[WARN ] 2017-08-28 19:58:56 [    Test worker] [StandardChronoGraphTransaction]:  Query requires iterating over all vertices. For better performance, use 'has(...)' clauses in your gremlin.
[WARN ] 2017-08-28 19:58:56 [    Test worker] [StandardChronoGraphTransaction]:  Query requires iterating over all vertices. For better performance, use 'has(...)' clauses in your gremlin.
[WARN ] 2017-08-28 19:58:56 [    Test worker] [StandardChronoGraphTransaction]:  Query requires iterating over all vertices. For better performance, use 'has(...)' clauses in your gremlin.
[WARN ] 2017-08-28 19:58:56 [    Test worker] [StandardChronoGraphTransaction]:  Query requires iterating over all vertices. For better performance, use 'has(...)' clauses in your gremlin.
[WARN ] 2017-08-28 19:58:56 [    Test worker] [StandardChronoGraphTransaction]:  Query requires iterating over all vertices. For better performance, use 'has(...)' clauses in your gremlin.
[WARN ] 2017-08-28 19:58:56 [    Test worker] [StandardChronoGraphTransaction]:  Query requires iterating over all vertices. For better performance, use 'has(...)' clauses in your gremlin.
[WARN ] 2017-08-28 19:58:56 [    Test worker] [StandardChronoGraphTransaction]:  Query requires iterating over all vertices. For better performance, use 'has(...)' clauses in your gremlin.
[WARN ] 2017-08-28 19:58:56 [    Test worker] [StandardChronoGraphTransaction]:  Query requires iterating over all vertices. For better performance, use 'has(...)' clauses in your gremlin.
[WARN ] 2017-08-28 19:58:56 [    Test worker] [StandardChronoGraphTransaction]:  Query requires iterating over all vertices. For better performance, use 'has(...)' clauses in your gremlin.
[WARN ] 2017-08-28 19:58:56 [    Test worker] [StandardChronoGraphTransaction]:  Query requires iterating over all vertices. For better performance, use 'has(...)' clauses in your gremlin.
[WARN ] 2017-08-28 19:58:56 [    Test worker] [StandardChronoGraphTransaction]:  Query requires iterating over all vertices. For better performance, use 'has(...)' clauses in your gremlin.
[WARN ] 2017-08-28 19:58:56 [    Test worker] [StandardChronoGraphTransaction]:  Query requires iterating over all vertices. For better performance, use 'has(...)' clauses in your gremlin.
[WARN ] 2017-08-28 19:58:56 [    Test worker] [StandardChronoGraphTransaction]:  Query requires iterating over all vertices. For better performance, use 'has(...)' clauses in your gremlin.
[WARN ] 2017-08-28 19:58:56 [    Test worker] [StandardChronoGraphTransaction]:  Query requires iterating over all vertices. For better performance, use 'has(...)' clauses in your gremlin.
[WARN ] 2017-08-28 19:58:56 [    Test worker] [StandardChronoGraphTransaction]:  Query requires iterating over all vertices. For better performance, use 'has(...)' clauses in your gremlin.
[WARN ] 2017-08-28 19:58:56 [    Test worker] [StandardChronoGraphTransaction]:  Query requires iterating over all vertices. For better performance, use 'has(...)' clauses in your gremlin.
[WARN ] 2017-08-28 19:58:56 [    Test worker] [StandardChronoGraphTransaction]:  Query requires iterating over all vertices. For better performance, use 'has(...)' clauses in your gremlin.
[WARN ] 2017-08-28 19:58:56 [    Test worker] [StandardChronoGraphTransaction]:  Query requires iterating over all vertices. For better performance, use 'has(...)' clauses in your gremlin.
[WARN ] 2017-08-28 19:58:56 [    Test worker] [StandardChronoGraphTransaction]:  Query requires iterating over all vertices. For better performance, use 'has(...)' clauses in your gremlin.
[WARN ] 2017-08-28 19:58:56 [    Test worker] [StandardChronoGraphTransaction]:  Query requires iterating over all vertices. For better performance, use 'has(...)' clauses in your gremlin.
[WARN ] 2017-08-28 19:58:56 [    Test worker] [StandardChronoGraphTransaction]:  Query requires iterating over all vertices. For better performance, use 'has(...)' clauses in your gremlin.
[WARN ] 2017-08-28 19:58:56 [    Test worker] [StandardChronoGraphTransaction]:  Query requires iterating over all vertices. For better performance, use 'has(...)' clauses in your gremlin.
[WARN ] 2017-08-28 19:58:56 [    Test worker] [StandardChronoGraphTransaction]:  Query requires iterating over all vertices. For better performance, use 'has(...)' clauses in your gremlin.
[WARN ] 2017-08-28 19:58:56 [    Test worker] [StandardChronoGraphTransaction]:  Query requires iterating over all vertices. For better performance, use 'has(...)' clauses in your gremlin.
[WARN ] 2017-08-28 19:58:56 [    Test worker] [StandardChronoGraphTransaction]:  Query requires iterating over all vertices. For better performance, use 'has(...)' clauses in your gremlin.
[WARN ] 2017-08-28 19:58:56 [    Test worker] [StandardChronoGraphTransaction]:  Query requires iterating over all vertices. For better performance, use 'has(...)' clauses in your gremlin.
[WARN ] 2017-08-28 19:58:56 [    Test worker] [StandardChronoGraphTransaction]:  Query requires iterating over all vertices. For better performance, use 'has(...)' clauses in your gremlin.
[WARN ] 2017-08-28 19:58:56 [    Test worker] [StandardChronoGraphTransaction]:  Query requires iterating over all vertices. For better performance, use 'has(...)' clauses in your gremlin.
[WARN ] 2017-08-28 19:58:56 [    Test worker] [StandardChronoGraphTransaction]:  Query requires iterating over all vertices. For better performance, use 'has(...)' clauses in your gremlin.
[WARN ] 2017-08-28 19:58:56 [    Test worker] [StandardChronoGraphTransaction]:  Query requires iterating over all vertices. For better performance, use 'has(...)' clauses in your gremlin.
[WARN ] 2017-08-28 19:58:56 [    Test worker] [StandardChronoGraphTransaction]:  Query requires iterating over all vertices. For better performance, use 'has(...)' clauses in your gremlin.
[WARN ] 2017-08-28 19:58:56 [    Test worker] [StandardChronoGraphTransaction]:  Query requires iterating over all vertices. For better performance, use 'has(...)' clauses in your gremlin.
[WARN ] 2017-08-28 19:58:56 [    Test worker] [StandardChronoGraphTransaction]:  Query requires iterating over all vertices. For better performance, use 'has(...)' clauses in your gremlin.
[WARN ] 2017-08-28 19:58:56 [    Test worker] [StandardChronoGraphTransaction]:  Query requires iterating over all vertices. For better performance, use 'has(...)' clauses in your gremlin.
[WARN ] 2017-08-28 19:58:56 [    Test worker] [StandardChronoGraphTransaction]:  Query requires iterating over all vertices. For better performance, use 'has(...)' clauses in your gremlin.
[WARN ] 2017-08-28 19:58:56 [    Test worker] [StandardChronoGraphTransaction]:  Query requires iterating over all vertices. For better performance, use 'has(...)' clauses in your gremlin.
[WARN ] 2017-08-28 19:58:56 [    Test worker] [StandardChronoGraphTransaction]:  Query requires iterating over all vertices. For better performance, use 'has(...)' clauses in your gremlin.
[WARN ] 2017-08-28 19:58:56 [    Test worker] [StandardChronoGraphTransaction]:  Query requires iterating over all vertices. For better performance, use 'has(...)' clauses in your gremlin.
[WARN ] 2017-08-28 19:58:56 [    Test worker] [StandardChronoGraphTransaction]:  Query requires iterating over all vertices. For better performance, use 'has(...)' clauses in your gremlin.
[WARN ] 2017-08-28 19:58:56 [    Test worker] [StandardChronoGraphTransaction]:  Query requires iterating over all vertices. For better performance, use 'has(...)' clauses in your gremlin.
[WARN ] 2017-08-28 19:58:56 [    Test worker] [StandardChronoGraphTransaction]:  Query requires iterating over all vertices. For better performance, use 'has(...)' clauses in your gremlin.
[WARN ] 2017-08-28 19:58:56 [    Test worker] [StandardChronoGraphTransaction]:  Query requires iterating over all vertices. For better performance, use 'has(...)' clauses in your gremlin.
[WARN ] 2017-08-28 19:58:56 [    Test worker] [StandardChronoGraphTransaction]:  Query requires iterating over all vertices. For better performance, use 'has(...)' clauses in your gremlin.
[WARN ] 2017-08-28 19:58:56 [    Test worker] [StandardChronoGraphTransaction]:  Query requires iterating over all vertices. For better performance, use 'has(...)' clauses in your gremlin.
[WARN ] 2017-08-28 19:58:56 [    Test worker] [StandardChronoGraphTransaction]:  Query requires iterating over all vertices. For better performance, use 'has(...)' clauses in your gremlin.
[WARN ] 2017-08-28 19:58:56 [    Test worker] [StandardChronoGraphTransaction]:  Query requires iterating over all vertices. For better performance, use 'has(...)' clauses in your gremlin.
[WARN ] 2017-08-28 19:58:56 [    Test worker] [StandardChronoGraphTransaction]:  Query requires iterating over all vertices. For better performance, use 'has(...)' clauses in your gremlin.
[WARN ] 2017-08-28 19:58:56 [    Test worker] [StandardChronoGraphTransaction]:  Query requires iterating over all vertices. For better performance, use 'has(...)' clauses in your gremlin.
[WARN ] 2017-08-28 19:58:56 [    Test worker] [StandardChronoGraphTransaction]:  Query requires iterating over all vertices. For better performance, use 'has(...)' clauses in your gremlin.
[WARN ] 2017-08-28 19:58:56 [    Test worker] [StandardChronoGraphTransaction]:  Query requires iterating over all vertices. For better performance, use 'has(...)' clauses in your gremlin.
[WARN ] 2017-08-28 19:58:56 [    Test worker] [StandardChronoGraphTransaction]:  Query requires iterating over all vertices. For better performance, use 'has(...)' clauses in your gremlin.
[WARN ] 2017-08-28 19:58:56 [    Test worker] [StandardChronoGraphTransaction]:  Query requires iterating over all vertices. For better performance, use 'has(...)' clauses in your gremlin.
[WARN ] 2017-08-28 19:58:56 [    Test worker] [StandardChronoGraphTransaction]:  Query requires iterating over all vertices. For better performance, use 'has(...)' clauses in your gremlin.
[WARN ] 2017-08-28 19:58:56 [    Test worker] [StandardChronoGraphTransaction]:  Query requires iterating over all vertices. For better performance, use 'has(...)' clauses in your gremlin.
[WARN ] 2017-08-28 19:58:56 [    Test worker] [StandardChronoGraphTransaction]:  Query requires iterating over all vertices. For better performance, use 'has(...)' clauses in your gremlin.
[WARN ] 2017-08-28 19:58:56 [    Test worker] [StandardChronoGraphTransaction]:  Query requires iterating over all vertices. For better performance, use 'has(...)' clauses in your gremlin.
[WARN ] 2017-08-28 19:58:56 [    Test worker] [StandardChronoGraphTransaction]:  Query requires iterating over all vertices. For better performance, use 'has(...)' clauses in your gremlin.
[WARN ] 2017-08-28 19:58:56 [    Test worker] [StandardChronoGraphTransaction]:  Query requires iterating over all vertices. For better performance, use 'has(...)' clauses in your gremlin.
[WARN ] 2017-08-28 19:58:56 [    Test worker] [StandardChronoGraphTransaction]:  Query requires iterating over all vertices. For better performance, use 'has(...)' clauses in your gremlin.
[WARN ] 2017-08-28 19:58:56 [    Test worker] [StandardChronoGraphTransaction]:  Query requires iterating over all vertices. For better performance, use 'has(...)' clauses in your gremlin.
[WARN ] 2017-08-28 19:58:56 [    Test worker] [StandardChronoGraphTransaction]:  Query requires iterating over all vertices. For better performance, use 'has(...)' clauses in your gremlin.
[WARN ] 2017-08-28 19:58:56 [    Test worker] [StandardChronoGraphTransaction]:  Query requires iterating over all vertices. For better performance, use 'has(...)' clauses in your gremlin.
[WARN ] 2017-08-28 19:58:56 [    Test worker] [StandardChronoGraphTransaction]:  Query requires iterating over all vertices. For better performance, use 'has(...)' clauses in your gremlin.
[WARN ] 2017-08-28 19:58:56 [    Test worker] [StandardChronoGraphTransaction]:  Query requires iterating over all vertices. For better performance, use 'has(...)' clauses in your gremlin.
[WARN ] 2017-08-28 19:58:56 [    Test worker] [StandardChronoGraphTransaction]:  Query requires iterating over all edges. For better performance, use 'has(...)' clauses in your gremlin.
[WARN ] 2017-08-28 19:58:56 [    Test worker] [StandardChronoGraphTransaction]:  Query requires iterating over all edges. For better performance, use 'has(...)' clauses in your gremlin.
[WARN ] 2017-08-28 19:58:56 [    Test worker] [StandardChronoGraphTransaction]:  Query requires iterating over all vertices. For better performance, use 'has(...)' clauses in your gremlin.
[WARN ] 2017-08-28 19:58:56 [    Test worker] [StandardChronoGraphTransaction]:  Query requires iterating over all vertices. For better performance, use 'has(...)' clauses in your gremlin.
[WARN ] 2017-08-28 19:58:56 [    Test worker] [StandardChronoGraphTransaction]:  Query requires iterating over all edges. For better performance, use 'has(...)' clauses in your gremlin.
[WARN ] 2017-08-28 19:58:56 [    Test worker] [StandardChronoGraphTransaction]:  Query requires iterating over all edges. For better performance, use 'has(...)' clauses in your gremlin.
[WARN ] 2017-08-28 19:58:56 [    Test worker] [StandardChronoGraphTransaction]:  Query requires iterating over all edges. For better performance, use 'has(...)' clauses in your gremlin.
[WARN ] 2017-08-28 19:58:56 [    Test worker] [StandardChronoGraphTransaction]:  Query requires iterating over all vertices. For better performance, use 'has(...)' clauses in your gremlin.
[WARN ] 2017-08-28 19:58:56 [    Test worker] [StandardChronoGraphTransaction]:  Query requires iterating over all edges. For better performance, use 'has(...)' clauses in your gremlin.
[WARN ] 2017-08-28 19:58:56 [    Test worker] [StandardChronoGraphTransaction]:  Query requires iterating over all vertices. For better performance, use 'has(...)' clauses in your gremlin.
[WARN ] 2017-08-28 19:58:56 [    Test worker] [StandardChronoGraphTransaction]:  Query requires iterating over all vertices. For better performance, use 'has(...)' clauses in your gremlin.
[WARN ] 2017-08-28 19:58:56 [    Test worker] [StandardChronoGraphTransaction]:  Query requires iterating over all vertices. For better performance, use 'has(...)' clauses in your gremlin.
]]></system-out>
  <system-err><![CDATA[]]></system-err>
</testsuite>
