<?xml version="1.0" encoding="UTF-8"?>
<testsuite name="org.chronos.chronograph.test.branch.GraphBranchTest" tests="10" skipped="0" failures="0" errors="0" timestamp="2017-08-28T17:54:38" hostname="Aurora" time="3.77">
  <properties/>
  <testcase name="canCreateBranch[Using chunked]" classname="org.chronos.chronograph.test.branch.GraphBranchTest" time="1.378"/>
  <testcase name="canRetrieveMasterBranch[Using chunked]" classname="org.chronos.chronograph.test.branch.GraphBranchTest" time="0.232"/>
  <testcase name="canCreateBranch[Using inmemory]" classname="org.chronos.chronograph.test.branch.GraphBranchTest" time="0.014"/>
  <testcase name="canRetrieveMasterBranch[Using inmemory]" classname="org.chronos.chronograph.test.branch.GraphBranchTest" time="0.0"/>
  <testcase name="canCreateBranch[Using mapdb]" classname="org.chronos.chronograph.test.branch.GraphBranchTest" time="0.925"/>
  <testcase name="canRetrieveMasterBranch[Using mapdb]" classname="org.chronos.chronograph.test.branch.GraphBranchTest" time="0.278"/>
  <testcase name="canCreateBranch[Using tupl]" classname="org.chronos.chronograph.test.branch.GraphBranchTest" time="0.253"/>
  <testcase name="canRetrieveMasterBranch[Using tupl]" classname="org.chronos.chronograph.test.branch.GraphBranchTest" time="0.116"/>
  <testcase name="canCreateBranch[Using jdbc]" classname="org.chronos.chronograph.test.branch.GraphBranchTest" time="0.519"/>
  <testcase name="canRetrieveMasterBranch[Using jdbc]" classname="org.chronos.chronograph.test.branch.GraphBranchTest" time="0.055"/>
  <system-out><![CDATA[[INFO ] 2017-08-28 19:54:38 [    Test worker] [    o.c.c.test.ChronosUnitTest]:  Temp directory is provided at: C:\Users\Martin\AppData\Local\Temp\ChronoDBTest318862688473434810


================================================================================
 TEST START                                                                     
--------------------------------------------------------------------------------
    Test class:  GraphBranchTest
    Test method: canCreateBranch[Using chunked]
    Start time:  2017/08/28 19:54:38
================================================================================





================================================================================
 TEST SUCCEEDED                                                                 
--------------------------------------------------------------------------------
    Test class:  GraphBranchTest
    Test method: canCreateBranch[Using chunked]
    End time:    2017/08/28 19:54:39 (Duration: 1378ms)
================================================================================





================================================================================
 TEST START                                                                     
--------------------------------------------------------------------------------
    Test class:  GraphBranchTest
    Test method: canRetrieveMasterBranch[Using chunked]
    Start time:  2017/08/28 19:54:39
================================================================================





================================================================================
 TEST SUCCEEDED                                                                 
--------------------------------------------------------------------------------
    Test class:  GraphBranchTest
    Test method: canRetrieveMasterBranch[Using chunked]
    End time:    2017/08/28 19:54:39 (Duration: 232ms)
================================================================================





================================================================================
 TEST START                                                                     
--------------------------------------------------------------------------------
    Test class:  GraphBranchTest
    Test method: canCreateBranch[Using inmemory]
    Start time:  2017/08/28 19:54:39
================================================================================





================================================================================
 TEST SUCCEEDED                                                                 
--------------------------------------------------------------------------------
    Test class:  GraphBranchTest
    Test method: canCreateBranch[Using inmemory]
    End time:    2017/08/28 19:54:39 (Duration: 14ms)
================================================================================





================================================================================
 TEST START                                                                     
--------------------------------------------------------------------------------
    Test class:  GraphBranchTest
    Test method: canRetrieveMasterBranch[Using inmemory]
    Start time:  2017/08/28 19:54:39
================================================================================





================================================================================
 TEST SUCCEEDED                                                                 
--------------------------------------------------------------------------------
    Test class:  GraphBranchTest
    Test method: canRetrieveMasterBranch[Using inmemory]
    End time:    2017/08/28 19:54:39 (Duration: 0ms)
================================================================================





================================================================================
 TEST START                                                                     
--------------------------------------------------------------------------------
    Test class:  GraphBranchTest
    Test method: canCreateBranch[Using mapdb]
    Start time:  2017/08/28 19:54:39
================================================================================





================================================================================
 TEST SUCCEEDED                                                                 
--------------------------------------------------------------------------------
    Test class:  GraphBranchTest
    Test method: canCreateBranch[Using mapdb]
    End time:    2017/08/28 19:54:40 (Duration: 925ms)
================================================================================





================================================================================
 TEST START                                                                     
--------------------------------------------------------------------------------
    Test class:  GraphBranchTest
    Test method: canRetrieveMasterBranch[Using mapdb]
    Start time:  2017/08/28 19:54:40
================================================================================





================================================================================
 TEST SUCCEEDED                                                                 
--------------------------------------------------------------------------------
    Test class:  GraphBranchTest
    Test method: canRetrieveMasterBranch[Using mapdb]
    End time:    2017/08/28 19:54:41 (Duration: 278ms)
================================================================================





================================================================================
 TEST START                                                                     
--------------------------------------------------------------------------------
    Test class:  GraphBranchTest
    Test method: canCreateBranch[Using tupl]
    Start time:  2017/08/28 19:54:41
================================================================================





================================================================================
 TEST SUCCEEDED                                                                 
--------------------------------------------------------------------------------
    Test class:  GraphBranchTest
    Test method: canCreateBranch[Using tupl]
    End time:    2017/08/28 19:54:41 (Duration: 253ms)
================================================================================





================================================================================
 TEST START                                                                     
--------------------------------------------------------------------------------
    Test class:  GraphBranchTest
    Test method: canRetrieveMasterBranch[Using tupl]
    Start time:  2017/08/28 19:54:41
================================================================================





================================================================================
 TEST SUCCEEDED                                                                 
--------------------------------------------------------------------------------
    Test class:  GraphBranchTest
    Test method: canRetrieveMasterBranch[Using tupl]
    End time:    2017/08/28 19:54:41 (Duration: 116ms)
================================================================================





================================================================================
 TEST START                                                                     
--------------------------------------------------------------------------------
    Test class:  GraphBranchTest
    Test method: canCreateBranch[Using jdbc]
    Start time:  2017/08/28 19:54:41
================================================================================





================================================================================
 TEST SUCCEEDED                                                                 
--------------------------------------------------------------------------------
    Test class:  GraphBranchTest
    Test method: canCreateBranch[Using jdbc]
    End time:    2017/08/28 19:54:42 (Duration: 519ms)
================================================================================





================================================================================
 TEST START                                                                     
--------------------------------------------------------------------------------
    Test class:  GraphBranchTest
    Test method: canRetrieveMasterBranch[Using jdbc]
    Start time:  2017/08/28 19:54:42
================================================================================





================================================================================
 TEST SUCCEEDED                                                                 
--------------------------------------------------------------------------------
    Test class:  GraphBranchTest
    Test method: canRetrieveMasterBranch[Using jdbc]
    End time:    2017/08/28 19:54:42 (Duration: 53ms)
================================================================================



[INFO ] 2017-08-28 19:54:42 [    Test worker] [    o.c.c.test.ChronosUnitTest]:  Attempting to delete temp directory provided at: C:\Users\Martin\AppData\Local\Temp\ChronoDBTest318862688473434810
[INFO ] 2017-08-28 19:54:42 [    Test worker] [    o.c.c.test.ChronosUnitTest]:  Successfully deleted temp directory
]]></system-out>
  <system-err><![CDATA[SLF4J: Class path contains multiple SLF4J bindings.
SLF4J: Found binding in [jar:file:/C:/Users/Martin/.gradle/caches/modules-2/files-2.1/ch.qos.logback/logback-classic/1.1.3/d90276fff414f06cb375f2057f6778cd63c6082f/logback-classic-1.1.3.jar!/org/slf4j/impl/StaticLoggerBinder.class]
SLF4J: Found binding in [jar:file:/C:/Users/Martin/.gradle/caches/modules-2/files-2.1/org.slf4j/slf4j-log4j12/1.7.12/485f77901840cf4e8bf852f2abb9b723eb8ec29/slf4j-log4j12-1.7.12.jar!/org/slf4j/impl/StaticLoggerBinder.class]
SLF4J: See http://www.slf4j.org/codes.html#multiple_bindings for an explanation.
SLF4J: Actual binding is of type [ch.qos.logback.classic.util.ContextSelectorStaticBinder]
]]></system-err>
</testsuite>
