<?xml version="1.0" encoding="UTF-8"?>
<testsuite name="org.chronos.chronograph.test.transaction.ElementTransactionTransitionTest" tests="30" skipped="0" failures="0" errors="0" timestamp="2017-08-28T17:58:22" hostname="Aurora" time="5.385">
  <properties/>
  <testcase name="canReuseVerticesAfterTransactionCommit[Using inmemory]" classname="org.chronos.chronograph.test.transaction.ElementTransactionTransitionTest" time="0.016"/>
  <testcase name="vertexCanBeAccessedAfterCommit[Using inmemory]" classname="org.chronos.chronograph.test.transaction.ElementTransactionTransitionTest" time="0.0"/>
  <testcase name="transientVertexModificationsAreResetOnRollback[Using inmemory]" classname="org.chronos.chronograph.test.transaction.ElementTransactionTransitionTest" time="0.0"/>
  <testcase name="canReuseVerticesAfterIncrementalCommit[Using inmemory]" classname="org.chronos.chronograph.test.transaction.ElementTransactionTransitionTest" time="0.0"/>
  <testcase name="cannotAccessGraphElementFromOtherThread[Using inmemory]" classname="org.chronos.chronograph.test.transaction.ElementTransactionTransitionTest" time="0.0"/>
  <testcase name="removedVertexCanBeAccessedAfterCommitButIsInRemovedState[Using inmemory]" classname="org.chronos.chronograph.test.transaction.ElementTransactionTransitionTest" time="0.012"/>
  <testcase name="canReuseVerticesAfterTransactionCommit[Using tupl]" classname="org.chronos.chronograph.test.transaction.ElementTransactionTransitionTest" time="0.156"/>
  <testcase name="vertexCanBeAccessedAfterCommit[Using tupl]" classname="org.chronos.chronograph.test.transaction.ElementTransactionTransitionTest" time="0.153"/>
  <testcase name="transientVertexModificationsAreResetOnRollback[Using tupl]" classname="org.chronos.chronograph.test.transaction.ElementTransactionTransitionTest" time="0.147"/>
  <testcase name="canReuseVerticesAfterIncrementalCommit[Using tupl]" classname="org.chronos.chronograph.test.transaction.ElementTransactionTransitionTest" time="0.184"/>
  <testcase name="cannotAccessGraphElementFromOtherThread[Using tupl]" classname="org.chronos.chronograph.test.transaction.ElementTransactionTransitionTest" time="0.17"/>
  <testcase name="removedVertexCanBeAccessedAfterCommitButIsInRemovedState[Using tupl]" classname="org.chronos.chronograph.test.transaction.ElementTransactionTransitionTest" time="0.178"/>
  <testcase name="canReuseVerticesAfterTransactionCommit[Using chunked]" classname="org.chronos.chronograph.test.transaction.ElementTransactionTransitionTest" time="0.338"/>
  <testcase name="vertexCanBeAccessedAfterCommit[Using chunked]" classname="org.chronos.chronograph.test.transaction.ElementTransactionTransitionTest" time="0.484"/>
  <testcase name="transientVertexModificationsAreResetOnRollback[Using chunked]" classname="org.chronos.chronograph.test.transaction.ElementTransactionTransitionTest" time="0.2"/>
  <testcase name="canReuseVerticesAfterIncrementalCommit[Using chunked]" classname="org.chronos.chronograph.test.transaction.ElementTransactionTransitionTest" time="0.232"/>
  <testcase name="cannotAccessGraphElementFromOtherThread[Using chunked]" classname="org.chronos.chronograph.test.transaction.ElementTransactionTransitionTest" time="0.2"/>
  <testcase name="removedVertexCanBeAccessedAfterCommitButIsInRemovedState[Using chunked]" classname="org.chronos.chronograph.test.transaction.ElementTransactionTransitionTest" time="0.331"/>
  <testcase name="canReuseVerticesAfterTransactionCommit[Using jdbc]" classname="org.chronos.chronograph.test.transaction.ElementTransactionTransitionTest" time="0.037"/>
  <testcase name="vertexCanBeAccessedAfterCommit[Using jdbc]" classname="org.chronos.chronograph.test.transaction.ElementTransactionTransitionTest" time="0.032"/>
  <testcase name="transientVertexModificationsAreResetOnRollback[Using jdbc]" classname="org.chronos.chronograph.test.transaction.ElementTransactionTransitionTest" time="0.032"/>
  <testcase name="canReuseVerticesAfterIncrementalCommit[Using jdbc]" classname="org.chronos.chronograph.test.transaction.ElementTransactionTransitionTest" time="0.031"/>
  <testcase name="cannotAccessGraphElementFromOtherThread[Using jdbc]" classname="org.chronos.chronograph.test.transaction.ElementTransactionTransitionTest" time="0.022"/>
  <testcase name="removedVertexCanBeAccessedAfterCommitButIsInRemovedState[Using jdbc]" classname="org.chronos.chronograph.test.transaction.ElementTransactionTransitionTest" time="0.024"/>
  <testcase name="canReuseVerticesAfterTransactionCommit[Using mapdb]" classname="org.chronos.chronograph.test.transaction.ElementTransactionTransitionTest" time="0.36"/>
  <testcase name="vertexCanBeAccessedAfterCommit[Using mapdb]" classname="org.chronos.chronograph.test.transaction.ElementTransactionTransitionTest" time="0.378"/>
  <testcase name="transientVertexModificationsAreResetOnRollback[Using mapdb]" classname="org.chronos.chronograph.test.transaction.ElementTransactionTransitionTest" time="0.384"/>
  <testcase name="canReuseVerticesAfterIncrementalCommit[Using mapdb]" classname="org.chronos.chronograph.test.transaction.ElementTransactionTransitionTest" time="0.437"/>
  <testcase name="cannotAccessGraphElementFromOtherThread[Using mapdb]" classname="org.chronos.chronograph.test.transaction.ElementTransactionTransitionTest" time="0.363"/>
  <testcase name="removedVertexCanBeAccessedAfterCommitButIsInRemovedState[Using mapdb]" classname="org.chronos.chronograph.test.transaction.ElementTransactionTransitionTest" time="0.484"/>
  <system-out><![CDATA[[INFO ] 2017-08-28 19:58:22 [    Test worker] [    o.c.c.test.ChronosUnitTest]:  Temp directory is provided at: C:\Users\Martin\AppData\Local\Temp\ChronoDBTest318862688473434810


================================================================================
 TEST START                                                                     
--------------------------------------------------------------------------------
    Test class:  ElementTransactionTransitionTest
    Test method: canReuseVerticesAfterTransactionCommit[Using inmemory]
    Start time:  2017/08/28 19:58:22
================================================================================



[WARN ] 2017-08-28 19:58:22 [    Test worker] [.i.t.ChronoGraphQueryProcessor]:  Query requires iteration over all vertices, because none of the given properties is indexed! For better performance use indices. Requested properties: [name]
[WARN ] 2017-08-28 19:58:22 [    Test worker] [.i.t.ChronoGraphQueryProcessor]:  Query requires iteration over all vertices, because none of the given properties is indexed! For better performance use indices. Requested properties: [name]


================================================================================
 TEST SUCCEEDED                                                                 
--------------------------------------------------------------------------------
    Test class:  ElementTransactionTransitionTest
    Test method: canReuseVerticesAfterTransactionCommit[Using inmemory]
    End time:    2017/08/28 19:58:22 (Duration: 16ms)
================================================================================





================================================================================
 TEST START                                                                     
--------------------------------------------------------------------------------
    Test class:  ElementTransactionTransitionTest
    Test method: vertexCanBeAccessedAfterCommit[Using inmemory]
    Start time:  2017/08/28 19:58:22
================================================================================





================================================================================
 TEST SUCCEEDED                                                                 
--------------------------------------------------------------------------------
    Test class:  ElementTransactionTransitionTest
    Test method: vertexCanBeAccessedAfterCommit[Using inmemory]
    End time:    2017/08/28 19:58:22 (Duration: 0ms)
================================================================================





================================================================================
 TEST START                                                                     
--------------------------------------------------------------------------------
    Test class:  ElementTransactionTransitionTest
    Test method: transientVertexModificationsAreResetOnRollback[Using inmemory]
    Start time:  2017/08/28 19:58:22
================================================================================





================================================================================
 TEST SUCCEEDED                                                                 
--------------------------------------------------------------------------------
    Test class:  ElementTransactionTransitionTest
    Test method: transientVertexModificationsAreResetOnRollback[Using inmemory]
    End time:    2017/08/28 19:58:22 (Duration: 0ms)
================================================================================





================================================================================
 TEST START                                                                     
--------------------------------------------------------------------------------
    Test class:  ElementTransactionTransitionTest
    Test method: canReuseVerticesAfterIncrementalCommit[Using inmemory]
    Start time:  2017/08/28 19:58:22
================================================================================



[WARN ] 2017-08-28 19:58:22 [    Test worker] [.i.t.ChronoGraphQueryProcessor]:  Query requires iteration over all vertices, because none of the given properties is indexed! For better performance use indices. Requested properties: [firstname]
[WARN ] 2017-08-28 19:58:22 [    Test worker] [.i.t.ChronoGraphQueryProcessor]:  Query requires iteration over all vertices, because none of the given properties is indexed! For better performance use indices. Requested properties: [firstname]


================================================================================
 TEST SUCCEEDED                                                                 
--------------------------------------------------------------------------------
    Test class:  ElementTransactionTransitionTest
    Test method: canReuseVerticesAfterIncrementalCommit[Using inmemory]
    End time:    2017/08/28 19:58:22 (Duration: 0ms)
================================================================================





================================================================================
 TEST START                                                                     
--------------------------------------------------------------------------------
    Test class:  ElementTransactionTransitionTest
    Test method: cannotAccessGraphElementFromOtherThread[Using inmemory]
    Start time:  2017/08/28 19:58:22
================================================================================





================================================================================
 TEST SUCCEEDED                                                                 
--------------------------------------------------------------------------------
    Test class:  ElementTransactionTransitionTest
    Test method: cannotAccessGraphElementFromOtherThread[Using inmemory]
    End time:    2017/08/28 19:58:22 (Duration: 0ms)
================================================================================





================================================================================
 TEST START                                                                     
--------------------------------------------------------------------------------
    Test class:  ElementTransactionTransitionTest
    Test method: removedVertexCanBeAccessedAfterCommitButIsInRemovedState[Using inmemory]
    Start time:  2017/08/28 19:58:22
================================================================================





================================================================================
 TEST SUCCEEDED                                                                 
--------------------------------------------------------------------------------
    Test class:  ElementTransactionTransitionTest
    Test method: removedVertexCanBeAccessedAfterCommitButIsInRemovedState[Using inmemory]
    End time:    2017/08/28 19:58:22 (Duration: 12ms)
================================================================================





================================================================================
 TEST START                                                                     
--------------------------------------------------------------------------------
    Test class:  ElementTransactionTransitionTest
    Test method: canReuseVerticesAfterTransactionCommit[Using tupl]
    Start time:  2017/08/28 19:58:22
================================================================================



[WARN ] 2017-08-28 19:58:22 [    Test worker] [.i.t.ChronoGraphQueryProcessor]:  Query requires iteration over all vertices, because none of the given properties is indexed! For better performance use indices. Requested properties: [name]
[WARN ] 2017-08-28 19:58:22 [    Test worker] [.i.t.ChronoGraphQueryProcessor]:  Query requires iteration over all vertices, because none of the given properties is indexed! For better performance use indices. Requested properties: [name]


================================================================================
 TEST SUCCEEDED                                                                 
--------------------------------------------------------------------------------
    Test class:  ElementTransactionTransitionTest
    Test method: canReuseVerticesAfterTransactionCommit[Using tupl]
    End time:    2017/08/28 19:58:22 (Duration: 156ms)
================================================================================





================================================================================
 TEST START                                                                     
--------------------------------------------------------------------------------
    Test class:  ElementTransactionTransitionTest
    Test method: vertexCanBeAccessedAfterCommit[Using tupl]
    Start time:  2017/08/28 19:58:22
================================================================================





================================================================================
 TEST SUCCEEDED                                                                 
--------------------------------------------------------------------------------
    Test class:  ElementTransactionTransitionTest
    Test method: vertexCanBeAccessedAfterCommit[Using tupl]
    End time:    2017/08/28 19:58:22 (Duration: 153ms)
================================================================================





================================================================================
 TEST START                                                                     
--------------------------------------------------------------------------------
    Test class:  ElementTransactionTransitionTest
    Test method: transientVertexModificationsAreResetOnRollback[Using tupl]
    Start time:  2017/08/28 19:58:22
================================================================================





================================================================================
 TEST SUCCEEDED                                                                 
--------------------------------------------------------------------------------
    Test class:  ElementTransactionTransitionTest
    Test method: transientVertexModificationsAreResetOnRollback[Using tupl]
    End time:    2017/08/28 19:58:23 (Duration: 147ms)
================================================================================





================================================================================
 TEST START                                                                     
--------------------------------------------------------------------------------
    Test class:  ElementTransactionTransitionTest
    Test method: canReuseVerticesAfterIncrementalCommit[Using tupl]
    Start time:  2017/08/28 19:58:23
================================================================================



[WARN ] 2017-08-28 19:58:23 [    Test worker] [.i.t.ChronoGraphQueryProcessor]:  Query requires iteration over all vertices, because none of the given properties is indexed! For better performance use indices. Requested properties: [firstname]
[WARN ] 2017-08-28 19:58:23 [    Test worker] [.i.t.ChronoGraphQueryProcessor]:  Query requires iteration over all vertices, because none of the given properties is indexed! For better performance use indices. Requested properties: [firstname]


================================================================================
 TEST SUCCEEDED                                                                 
--------------------------------------------------------------------------------
    Test class:  ElementTransactionTransitionTest
    Test method: canReuseVerticesAfterIncrementalCommit[Using tupl]
    End time:    2017/08/28 19:58:23 (Duration: 184ms)
================================================================================





================================================================================
 TEST START                                                                     
--------------------------------------------------------------------------------
    Test class:  ElementTransactionTransitionTest
    Test method: cannotAccessGraphElementFromOtherThread[Using tupl]
    Start time:  2017/08/28 19:58:23
================================================================================





================================================================================
 TEST SUCCEEDED                                                                 
--------------------------------------------------------------------------------
    Test class:  ElementTransactionTransitionTest
    Test method: cannotAccessGraphElementFromOtherThread[Using tupl]
    End time:    2017/08/28 19:58:23 (Duration: 170ms)
================================================================================





================================================================================
 TEST START                                                                     
--------------------------------------------------------------------------------
    Test class:  ElementTransactionTransitionTest
    Test method: removedVertexCanBeAccessedAfterCommitButIsInRemovedState[Using tupl]
    Start time:  2017/08/28 19:58:23
================================================================================





================================================================================
 TEST SUCCEEDED                                                                 
--------------------------------------------------------------------------------
    Test class:  ElementTransactionTransitionTest
    Test method: removedVertexCanBeAccessedAfterCommitButIsInRemovedState[Using tupl]
    End time:    2017/08/28 19:58:23 (Duration: 178ms)
================================================================================





================================================================================
 TEST START                                                                     
--------------------------------------------------------------------------------
    Test class:  ElementTransactionTransitionTest
    Test method: canReuseVerticesAfterTransactionCommit[Using chunked]
    Start time:  2017/08/28 19:58:23
================================================================================



[WARN ] 2017-08-28 19:58:23 [    Test worker] [.i.t.ChronoGraphQueryProcessor]:  Query requires iteration over all vertices, because none of the given properties is indexed! For better performance use indices. Requested properties: [name]
[WARN ] 2017-08-28 19:58:23 [    Test worker] [.i.t.ChronoGraphQueryProcessor]:  Query requires iteration over all vertices, because none of the given properties is indexed! For better performance use indices. Requested properties: [name]


================================================================================
 TEST SUCCEEDED                                                                 
--------------------------------------------------------------------------------
    Test class:  ElementTransactionTransitionTest
    Test method: canReuseVerticesAfterTransactionCommit[Using chunked]
    End time:    2017/08/28 19:58:23 (Duration: 338ms)
================================================================================





================================================================================
 TEST START                                                                     
--------------------------------------------------------------------------------
    Test class:  ElementTransactionTransitionTest
    Test method: vertexCanBeAccessedAfterCommit[Using chunked]
    Start time:  2017/08/28 19:58:23
================================================================================





================================================================================
 TEST SUCCEEDED                                                                 
--------------------------------------------------------------------------------
    Test class:  ElementTransactionTransitionTest
    Test method: vertexCanBeAccessedAfterCommit[Using chunked]
    End time:    2017/08/28 19:58:24 (Duration: 484ms)
================================================================================





================================================================================
 TEST START                                                                     
--------------------------------------------------------------------------------
    Test class:  ElementTransactionTransitionTest
    Test method: transientVertexModificationsAreResetOnRollback[Using chunked]
    Start time:  2017/08/28 19:58:24
================================================================================





================================================================================
 TEST SUCCEEDED                                                                 
--------------------------------------------------------------------------------
    Test class:  ElementTransactionTransitionTest
    Test method: transientVertexModificationsAreResetOnRollback[Using chunked]
    End time:    2017/08/28 19:58:24 (Duration: 200ms)
================================================================================





================================================================================
 TEST START                                                                     
--------------------------------------------------------------------------------
    Test class:  ElementTransactionTransitionTest
    Test method: canReuseVerticesAfterIncrementalCommit[Using chunked]
    Start time:  2017/08/28 19:58:24
================================================================================



[WARN ] 2017-08-28 19:58:24 [    Test worker] [.i.t.ChronoGraphQueryProcessor]:  Query requires iteration over all vertices, because none of the given properties is indexed! For better performance use indices. Requested properties: [firstname]
[WARN ] 2017-08-28 19:58:24 [    Test worker] [.i.t.ChronoGraphQueryProcessor]:  Query requires iteration over all vertices, because none of the given properties is indexed! For better performance use indices. Requested properties: [firstname]


================================================================================
 TEST SUCCEEDED                                                                 
--------------------------------------------------------------------------------
    Test class:  ElementTransactionTransitionTest
    Test method: canReuseVerticesAfterIncrementalCommit[Using chunked]
    End time:    2017/08/28 19:58:24 (Duration: 232ms)
================================================================================





================================================================================
 TEST START                                                                     
--------------------------------------------------------------------------------
    Test class:  ElementTransactionTransitionTest
    Test method: cannotAccessGraphElementFromOtherThread[Using chunked]
    Start time:  2017/08/28 19:58:24
================================================================================





================================================================================
 TEST SUCCEEDED                                                                 
--------------------------------------------------------------------------------
    Test class:  ElementTransactionTransitionTest
    Test method: cannotAccessGraphElementFromOtherThread[Using chunked]
    End time:    2017/08/28 19:58:25 (Duration: 200ms)
================================================================================





================================================================================
 TEST START                                                                     
--------------------------------------------------------------------------------
    Test class:  ElementTransactionTransitionTest
    Test method: removedVertexCanBeAccessedAfterCommitButIsInRemovedState[Using chunked]
    Start time:  2017/08/28 19:58:25
================================================================================





================================================================================
 TEST SUCCEEDED                                                                 
--------------------------------------------------------------------------------
    Test class:  ElementTransactionTransitionTest
    Test method: removedVertexCanBeAccessedAfterCommitButIsInRemovedState[Using chunked]
    End time:    2017/08/28 19:58:25 (Duration: 331ms)
================================================================================





================================================================================
 TEST START                                                                     
--------------------------------------------------------------------------------
    Test class:  ElementTransactionTransitionTest
    Test method: canReuseVerticesAfterTransactionCommit[Using jdbc]
    Start time:  2017/08/28 19:58:25
================================================================================



[WARN ] 2017-08-28 19:58:25 [    Test worker] [.i.t.ChronoGraphQueryProcessor]:  Query requires iteration over all vertices, because none of the given properties is indexed! For better performance use indices. Requested properties: [name]
[WARN ] 2017-08-28 19:58:25 [    Test worker] [.i.t.ChronoGraphQueryProcessor]:  Query requires iteration over all vertices, because none of the given properties is indexed! For better performance use indices. Requested properties: [name]


================================================================================
 TEST SUCCEEDED                                                                 
--------------------------------------------------------------------------------
    Test class:  ElementTransactionTransitionTest
    Test method: canReuseVerticesAfterTransactionCommit[Using jdbc]
    End time:    2017/08/28 19:58:25 (Duration: 37ms)
================================================================================





================================================================================
 TEST START                                                                     
--------------------------------------------------------------------------------
    Test class:  ElementTransactionTransitionTest
    Test method: vertexCanBeAccessedAfterCommit[Using jdbc]
    Start time:  2017/08/28 19:58:25
================================================================================





================================================================================
 TEST SUCCEEDED                                                                 
--------------------------------------------------------------------------------
    Test class:  ElementTransactionTransitionTest
    Test method: vertexCanBeAccessedAfterCommit[Using jdbc]
    End time:    2017/08/28 19:58:25 (Duration: 32ms)
================================================================================





================================================================================
 TEST START                                                                     
--------------------------------------------------------------------------------
    Test class:  ElementTransactionTransitionTest
    Test method: transientVertexModificationsAreResetOnRollback[Using jdbc]
    Start time:  2017/08/28 19:58:25
================================================================================





================================================================================
 TEST SUCCEEDED                                                                 
--------------------------------------------------------------------------------
    Test class:  ElementTransactionTransitionTest
    Test method: transientVertexModificationsAreResetOnRollback[Using jdbc]
    End time:    2017/08/28 19:58:25 (Duration: 32ms)
================================================================================





================================================================================
 TEST START                                                                     
--------------------------------------------------------------------------------
    Test class:  ElementTransactionTransitionTest
    Test method: canReuseVerticesAfterIncrementalCommit[Using jdbc]
    Start time:  2017/08/28 19:58:25
================================================================================



[WARN ] 2017-08-28 19:58:25 [    Test worker] [.i.t.ChronoGraphQueryProcessor]:  Query requires iteration over all vertices, because none of the given properties is indexed! For better performance use indices. Requested properties: [firstname]
[WARN ] 2017-08-28 19:58:25 [    Test worker] [.i.t.ChronoGraphQueryProcessor]:  Query requires iteration over all vertices, because none of the given properties is indexed! For better performance use indices. Requested properties: [firstname]


================================================================================
 TEST SUCCEEDED                                                                 
--------------------------------------------------------------------------------
    Test class:  ElementTransactionTransitionTest
    Test method: canReuseVerticesAfterIncrementalCommit[Using jdbc]
    End time:    2017/08/28 19:58:25 (Duration: 31ms)
================================================================================





================================================================================
 TEST START                                                                     
--------------------------------------------------------------------------------
    Test class:  ElementTransactionTransitionTest
    Test method: cannotAccessGraphElementFromOtherThread[Using jdbc]
    Start time:  2017/08/28 19:58:25
================================================================================





================================================================================
 TEST SUCCEEDED                                                                 
--------------------------------------------------------------------------------
    Test class:  ElementTransactionTransitionTest
    Test method: cannotAccessGraphElementFromOtherThread[Using jdbc]
    End time:    2017/08/28 19:58:25 (Duration: 22ms)
================================================================================





================================================================================
 TEST START                                                                     
--------------------------------------------------------------------------------
    Test class:  ElementTransactionTransitionTest
    Test method: removedVertexCanBeAccessedAfterCommitButIsInRemovedState[Using jdbc]
    Start time:  2017/08/28 19:58:25
================================================================================





================================================================================
 TEST SUCCEEDED                                                                 
--------------------------------------------------------------------------------
    Test class:  ElementTransactionTransitionTest
    Test method: removedVertexCanBeAccessedAfterCommitButIsInRemovedState[Using jdbc]
    End time:    2017/08/28 19:58:25 (Duration: 24ms)
================================================================================





================================================================================
 TEST START                                                                     
--------------------------------------------------------------------------------
    Test class:  ElementTransactionTransitionTest
    Test method: canReuseVerticesAfterTransactionCommit[Using mapdb]
    Start time:  2017/08/28 19:58:25
================================================================================



[WARN ] 2017-08-28 19:58:25 [    Test worker] [.i.t.ChronoGraphQueryProcessor]:  Query requires iteration over all vertices, because none of the given properties is indexed! For better performance use indices. Requested properties: [name]
[WARN ] 2017-08-28 19:58:25 [    Test worker] [.i.t.ChronoGraphQueryProcessor]:  Query requires iteration over all vertices, because none of the given properties is indexed! For better performance use indices. Requested properties: [name]


================================================================================
 TEST SUCCEEDED                                                                 
--------------------------------------------------------------------------------
    Test class:  ElementTransactionTransitionTest
    Test method: canReuseVerticesAfterTransactionCommit[Using mapdb]
    End time:    2017/08/28 19:58:25 (Duration: 360ms)
================================================================================





================================================================================
 TEST START                                                                     
--------------------------------------------------------------------------------
    Test class:  ElementTransactionTransitionTest
    Test method: vertexCanBeAccessedAfterCommit[Using mapdb]
    Start time:  2017/08/28 19:58:25
================================================================================





================================================================================
 TEST SUCCEEDED                                                                 
--------------------------------------------------------------------------------
    Test class:  ElementTransactionTransitionTest
    Test method: vertexCanBeAccessedAfterCommit[Using mapdb]
    End time:    2017/08/28 19:58:26 (Duration: 378ms)
================================================================================





================================================================================
 TEST START                                                                     
--------------------------------------------------------------------------------
    Test class:  ElementTransactionTransitionTest
    Test method: transientVertexModificationsAreResetOnRollback[Using mapdb]
    Start time:  2017/08/28 19:58:26
================================================================================





================================================================================
 TEST SUCCEEDED                                                                 
--------------------------------------------------------------------------------
    Test class:  ElementTransactionTransitionTest
    Test method: transientVertexModificationsAreResetOnRollback[Using mapdb]
    End time:    2017/08/28 19:58:26 (Duration: 384ms)
================================================================================





================================================================================
 TEST START                                                                     
--------------------------------------------------------------------------------
    Test class:  ElementTransactionTransitionTest
    Test method: canReuseVerticesAfterIncrementalCommit[Using mapdb]
    Start time:  2017/08/28 19:58:26
================================================================================



[WARN ] 2017-08-28 19:58:26 [    Test worker] [.i.t.ChronoGraphQueryProcessor]:  Query requires iteration over all vertices, because none of the given properties is indexed! For better performance use indices. Requested properties: [firstname]
[WARN ] 2017-08-28 19:58:26 [    Test worker] [.i.t.ChronoGraphQueryProcessor]:  Query requires iteration over all vertices, because none of the given properties is indexed! For better performance use indices. Requested properties: [firstname]


================================================================================
 TEST SUCCEEDED                                                                 
--------------------------------------------------------------------------------
    Test class:  ElementTransactionTransitionTest
    Test method: canReuseVerticesAfterIncrementalCommit[Using mapdb]
    End time:    2017/08/28 19:58:27 (Duration: 437ms)
================================================================================





================================================================================
 TEST START                                                                     
--------------------------------------------------------------------------------
    Test class:  ElementTransactionTransitionTest
    Test method: cannotAccessGraphElementFromOtherThread[Using mapdb]
    Start time:  2017/08/28 19:58:27
================================================================================





================================================================================
 TEST SUCCEEDED                                                                 
--------------------------------------------------------------------------------
    Test class:  ElementTransactionTransitionTest
    Test method: cannotAccessGraphElementFromOtherThread[Using mapdb]
    End time:    2017/08/28 19:58:27 (Duration: 363ms)
================================================================================





================================================================================
 TEST START                                                                     
--------------------------------------------------------------------------------
    Test class:  ElementTransactionTransitionTest
    Test method: removedVertexCanBeAccessedAfterCommitButIsInRemovedState[Using mapdb]
    Start time:  2017/08/28 19:58:27
================================================================================





================================================================================
 TEST SUCCEEDED                                                                 
--------------------------------------------------------------------------------
    Test class:  ElementTransactionTransitionTest
    Test method: removedVertexCanBeAccessedAfterCommitButIsInRemovedState[Using mapdb]
    End time:    2017/08/28 19:58:27 (Duration: 484ms)
================================================================================



[INFO ] 2017-08-28 19:58:27 [    Test worker] [    o.c.c.test.ChronosUnitTest]:  Attempting to delete temp directory provided at: C:\Users\Martin\AppData\Local\Temp\ChronoDBTest318862688473434810
[INFO ] 2017-08-28 19:58:27 [    Test worker] [    o.c.c.test.ChronosUnitTest]:  Successfully deleted temp directory
]]></system-out>
  <system-err><![CDATA[]]></system-err>
</testsuite>
