<?xml version="1.0" encoding="UTF-8"?>
<testsuite name="org.apache.tinkerpop.gremlin.structure.io.IoVertexTest" tests="30" skipped="6" failures="0" errors="0" timestamp="2017-08-28T17:58:59" hostname="Aurora" time="0.204">
  <properties/>
  <testcase name="shouldReadWriteVerticesNoEdgesToGryoManual[graphson]" classname="org.apache.tinkerpop.gremlin.structure.io.IoVertexTest" time="0.004">
    <skipped/>
  </testcase>
  <testcase name="shouldReadWriteVertexWithBOTHEdges[graphson]" classname="org.apache.tinkerpop.gremlin.structure.io.IoVertexTest" time="0.0"/>
  <testcase name="shouldReadWriteVerticesNoEdgesToGraphSONManual[graphson]" classname="org.apache.tinkerpop.gremlin.structure.io.IoVertexTest" time="0.116"/>
  <testcase name="shouldReadWriteVerticesNoEdges[graphson]" classname="org.apache.tinkerpop.gremlin.structure.io.IoVertexTest" time="0.015"/>
  <testcase name="shouldReadWriteVertexWithINEdges[graphson]" classname="org.apache.tinkerpop.gremlin.structure.io.IoVertexTest" time="0.0"/>
  <testcase name="shouldReadWriteVertexMultiPropsNoEdges[graphson]" classname="org.apache.tinkerpop.gremlin.structure.io.IoVertexTest" time="0.0">
    <skipped/>
  </testcase>
  <testcase name="shouldReadWriteDetachedVertexAsReferenceNoEdges[graphson]" classname="org.apache.tinkerpop.gremlin.structure.io.IoVertexTest" time="0.0"/>
  <testcase name="shouldReadWriteVertexNoEdges[graphson]" classname="org.apache.tinkerpop.gremlin.structure.io.IoVertexTest" time="0.0"/>
  <testcase name="shouldReadWriteVertexWithOUTEdges[graphson]" classname="org.apache.tinkerpop.gremlin.structure.io.IoVertexTest" time="0.0"/>
  <testcase name="shouldReadWriteDetachedVertexNoEdges[graphson]" classname="org.apache.tinkerpop.gremlin.structure.io.IoVertexTest" time="0.0"/>
  <testcase name="shouldReadWriteVerticesNoEdgesToGryoManual[graphson-embedded]" classname="org.apache.tinkerpop.gremlin.structure.io.IoVertexTest" time="0.016">
    <skipped/>
  </testcase>
  <testcase name="shouldReadWriteVertexWithBOTHEdges[graphson-embedded]" classname="org.apache.tinkerpop.gremlin.structure.io.IoVertexTest" time="0.0"/>
  <testcase name="shouldReadWriteVerticesNoEdgesToGraphSONManual[graphson-embedded]" classname="org.apache.tinkerpop.gremlin.structure.io.IoVertexTest" time="0.0"/>
  <testcase name="shouldReadWriteVerticesNoEdges[graphson-embedded]" classname="org.apache.tinkerpop.gremlin.structure.io.IoVertexTest" time="0.016"/>
  <testcase name="shouldReadWriteVertexWithINEdges[graphson-embedded]" classname="org.apache.tinkerpop.gremlin.structure.io.IoVertexTest" time="0.0"/>
  <testcase name="shouldReadWriteVertexMultiPropsNoEdges[graphson-embedded]" classname="org.apache.tinkerpop.gremlin.structure.io.IoVertexTest" time="0.0">
    <skipped/>
  </testcase>
  <testcase name="shouldReadWriteDetachedVertexAsReferenceNoEdges[graphson-embedded]" classname="org.apache.tinkerpop.gremlin.structure.io.IoVertexTest" time="0.0"/>
  <testcase name="shouldReadWriteVertexNoEdges[graphson-embedded]" classname="org.apache.tinkerpop.gremlin.structure.io.IoVertexTest" time="0.0"/>
  <testcase name="shouldReadWriteVertexWithOUTEdges[graphson-embedded]" classname="org.apache.tinkerpop.gremlin.structure.io.IoVertexTest" time="0.0"/>
  <testcase name="shouldReadWriteDetachedVertexNoEdges[graphson-embedded]" classname="org.apache.tinkerpop.gremlin.structure.io.IoVertexTest" time="0.0"/>
  <testcase name="shouldReadWriteVerticesNoEdgesToGryoManual[gryo]" classname="org.apache.tinkerpop.gremlin.structure.io.IoVertexTest" time="0.015"/>
  <testcase name="shouldReadWriteVertexWithBOTHEdges[gryo]" classname="org.apache.tinkerpop.gremlin.structure.io.IoVertexTest" time="0.0"/>
  <testcase name="shouldReadWriteVerticesNoEdgesToGraphSONManual[gryo]" classname="org.apache.tinkerpop.gremlin.structure.io.IoVertexTest" time="0.016">
    <skipped/>
  </testcase>
  <testcase name="shouldReadWriteVerticesNoEdges[gryo]" classname="org.apache.tinkerpop.gremlin.structure.io.IoVertexTest" time="0.006"/>
  <testcase name="shouldReadWriteVertexWithINEdges[gryo]" classname="org.apache.tinkerpop.gremlin.structure.io.IoVertexTest" time="0.0"/>
  <testcase name="shouldReadWriteVertexMultiPropsNoEdges[gryo]" classname="org.apache.tinkerpop.gremlin.structure.io.IoVertexTest" time="0.0">
    <skipped/>
  </testcase>
  <testcase name="shouldReadWriteDetachedVertexAsReferenceNoEdges[gryo]" classname="org.apache.tinkerpop.gremlin.structure.io.IoVertexTest" time="0.0"/>
  <testcase name="shouldReadWriteVertexNoEdges[gryo]" classname="org.apache.tinkerpop.gremlin.structure.io.IoVertexTest" time="0.0"/>
  <testcase name="shouldReadWriteVertexWithOUTEdges[gryo]" classname="org.apache.tinkerpop.gremlin.structure.io.IoVertexTest" time="0.0"/>
  <testcase name="shouldReadWriteDetachedVertexNoEdges[gryo]" classname="org.apache.tinkerpop.gremlin.structure.io.IoVertexTest" time="0.0"/>
  <system-out><![CDATA[[WARN ] 2017-08-28 19:58:59 [    Test worker] [.i.t.ChronoGraphQueryProcessor]:  Query requires iteration over all vertices, because none of the given properties is indexed! For better performance use indices. Requested properties: [age]
[WARN ] 2017-08-28 19:58:59 [    Test worker] [.i.t.ChronoGraphQueryProcessor]:  Query requires iteration over all vertices, because none of the given properties is indexed! For better performance use indices. Requested properties: [age]
[WARN ] 2017-08-28 19:58:59 [    Test worker] [.i.t.ChronoGraphQueryProcessor]:  Query requires iteration over all vertices, because none of the given properties is indexed! For better performance use indices. Requested properties: [age]
[WARN ] 2017-08-28 19:58:59 [    Test worker] [.i.t.ChronoGraphQueryProcessor]:  Query requires iteration over all vertices, because none of the given properties is indexed! For better performance use indices. Requested properties: [age]
[WARN ] 2017-08-28 19:58:59 [    Test worker] [.i.t.ChronoGraphQueryProcessor]:  Query requires iteration over all vertices, because none of the given properties is indexed! For better performance use indices. Requested properties: [age]
[WARN ] 2017-08-28 19:58:59 [    Test worker] [.i.t.ChronoGraphQueryProcessor]:  Query requires iteration over all vertices, because none of the given properties is indexed! For better performance use indices. Requested properties: [age]
]]></system-out>
  <system-err><![CDATA[]]></system-err>
</testsuite>
