<?xml version="1.0" encoding="UTF-8"?>
<testsuite name="org.apache.tinkerpop.gremlin.structure.util.detached.DetachedPropertyTest" tests="8" skipped="0" failures="0" errors="0" timestamp="2017-08-28T17:58:56" hostname="Aurora" time="0.015">
  <properties/>
  <testcase name="shouldBeEqualProperties" classname="org.apache.tinkerpop.gremlin.structure.util.detached.DetachedPropertyTest" time="0.0"/>
  <testcase name="shouldAttachToVertex" classname="org.apache.tinkerpop.gremlin.structure.util.detached.DetachedPropertyTest" time="0.0"/>
  <testcase name="shouldNotBeEqualPropertiesAsThereIsDifferentId" classname="org.apache.tinkerpop.gremlin.structure.util.detached.DetachedPropertyTest" time="0.0"/>
  <testcase name="shouldAttachToGraph" classname="org.apache.tinkerpop.gremlin.structure.util.detached.DetachedPropertyTest" time="0.015"/>
  <testcase name="shouldConstructDetachedPropertyWithPropertyFromEdge" classname="org.apache.tinkerpop.gremlin.structure.util.detached.DetachedPropertyTest" time="0.0"/>
  <testcase name="shouldNotBeEqualPropertiesAsThereIsDifferentKey" classname="org.apache.tinkerpop.gremlin.structure.util.detached.DetachedPropertyTest" time="0.0"/>
  <testcase name="shouldNotSupportRemove" classname="org.apache.tinkerpop.gremlin.structure.util.detached.DetachedPropertyTest" time="0.0"/>
  <testcase name="shouldNotConstructNewWithSomethingAlreadyDetached" classname="org.apache.tinkerpop.gremlin.structure.util.detached.DetachedPropertyTest" time="0.0"/>
  <system-out><![CDATA[[WARN ] 2017-08-28 19:58:56 [    Test worker] [.i.t.ChronoGraphQueryProcessor]:  Query requires iteration over all vertices, because none of the given properties is indexed! For better performance use indices. Requested properties: [name]
[WARN ] 2017-08-28 19:58:56 [    Test worker] [.i.t.ChronoGraphQueryProcessor]:  Query requires iteration over all vertices, because none of the given properties is indexed! For better performance use indices. Requested properties: [name]
[WARN ] 2017-08-28 19:58:56 [    Test worker] [.i.t.ChronoGraphQueryProcessor]:  Query requires iteration over all vertices, because none of the given properties is indexed! For better performance use indices. Requested properties: [name]
[WARN ] 2017-08-28 19:58:56 [    Test worker] [.i.t.ChronoGraphQueryProcessor]:  Query requires iteration over all vertices, because none of the given properties is indexed! For better performance use indices. Requested properties: [name]
[WARN ] 2017-08-28 19:58:56 [    Test worker] [.i.t.ChronoGraphQueryProcessor]:  Query requires iteration over all vertices, because none of the given properties is indexed! For better performance use indices. Requested properties: [name]
[WARN ] 2017-08-28 19:58:56 [    Test worker] [.i.t.ChronoGraphQueryProcessor]:  Query requires iteration over all vertices, because none of the given properties is indexed! For better performance use indices. Requested properties: [name]
[WARN ] 2017-08-28 19:58:56 [    Test worker] [.i.t.ChronoGraphQueryProcessor]:  Query requires iteration over all vertices, because none of the given properties is indexed! For better performance use indices. Requested properties: [name]
[WARN ] 2017-08-28 19:58:56 [    Test worker] [.i.t.ChronoGraphQueryProcessor]:  Query requires iteration over all vertices, because none of the given properties is indexed! For better performance use indices. Requested properties: [name]
[WARN ] 2017-08-28 19:58:56 [    Test worker] [.i.t.ChronoGraphQueryProcessor]:  Query requires iteration over all vertices, because none of the given properties is indexed! For better performance use indices. Requested properties: [name]
[WARN ] 2017-08-28 19:58:56 [    Test worker] [.i.t.ChronoGraphQueryProcessor]:  Query requires iteration over all vertices, because none of the given properties is indexed! For better performance use indices. Requested properties: [name]
[WARN ] 2017-08-28 19:58:56 [    Test worker] [.i.t.ChronoGraphQueryProcessor]:  Query requires iteration over all vertices, because none of the given properties is indexed! For better performance use indices. Requested properties: [name]
]]></system-out>
  <system-err><![CDATA[]]></system-err>
</testsuite>
