<?xml version="1.0" encoding="UTF-8"?>
<testsuite name="org.apache.tinkerpop.gremlin.structure.VertexTest$BasicVertexTest" tests="27" skipped="1" failures="0" errors="0" timestamp="2017-08-28T17:59:11" hostname="Aurora" time="0.08">
  <properties/>
  <testcase name="shouldEvaluateEquivalentVertexHashCodeWithSuppliedIds" classname="org.apache.tinkerpop.gremlin.structure.VertexTest$BasicVertexTest" time="0.0"/>
  <testcase name="shouldValidateIdEquality" classname="org.apache.tinkerpop.gremlin.structure.VertexTest$BasicVertexTest" time="0.0"/>
  <testcase name="shouldEvaluateEquivalentVerticesWithNoSuppliedIds" classname="org.apache.tinkerpop.gremlin.structure.VertexTest$BasicVertexTest" time="0.0"/>
  <testcase name="shouldGetPropertyKeysOnVertex" classname="org.apache.tinkerpop.gremlin.structure.VertexTest$BasicVertexTest" time="0.0"/>
  <testcase name="shouldUseDefaultLabelIfNotSpecified" classname="org.apache.tinkerpop.gremlin.structure.VertexTest$BasicVertexTest" time="0.0"/>
  <testcase name="shouldHaveExceptionConsistencyWhenUsingSystemVertexLabel" classname="org.apache.tinkerpop.gremlin.structure.VertexTest$BasicVertexTest" time="0.0"/>
  <testcase name="shouldHaveExceptionConsistencyWhenUsingEmptyVertexLabel" classname="org.apache.tinkerpop.gremlin.structure.VertexTest$BasicVertexTest" time="0.0"/>
  <testcase name="shouldAutotypIntegerProperties" classname="org.apache.tinkerpop.gremlin.structure.VertexTest$BasicVertexTest" time="0.0"/>
  <testcase name="shouldAddVertexWithLabel" classname="org.apache.tinkerpop.gremlin.structure.VertexTest$BasicVertexTest" time="0.0"/>
  <testcase name="shouldAutotypeBooleanProperties" classname="org.apache.tinkerpop.gremlin.structure.VertexTest$BasicVertexTest" time="0.0"/>
  <testcase name="shouldAutotypeFloatProperties" classname="org.apache.tinkerpop.gremlin.structure.VertexTest$BasicVertexTest" time="0.0"/>
  <testcase name="shouldAutotypeDoubleProperties" classname="org.apache.tinkerpop.gremlin.structure.VertexTest$BasicVertexTest" time="0.0"/>
  <testcase name="shouldHaveExceptionConsistencyWhenUsingEmptyVertexLabelOnOverload" classname="org.apache.tinkerpop.gremlin.structure.VertexTest$BasicVertexTest" time="0.0"/>
  <testcase name="shouldValidateEquality" classname="org.apache.tinkerpop.gremlin.structure.VertexTest$BasicVertexTest" time="0.0"/>
  <testcase name="shouldHaveExceptionConsistencyWhenUsingNullVertexLabelOnOverload" classname="org.apache.tinkerpop.gremlin.structure.VertexTest$BasicVertexTest" time="0.0"/>
  <testcase name="shouldAutotypeStringProperties" classname="org.apache.tinkerpop.gremlin.structure.VertexTest$BasicVertexTest" time="0.0"/>
  <testcase name="shouldSupportBasicVertexManipulation" classname="org.apache.tinkerpop.gremlin.structure.VertexTest$BasicVertexTest" time="0.0"/>
  <testcase name="shouldHaveExceptionConsistencyWhenIdNotSupportedForAddEdge" classname="org.apache.tinkerpop.gremlin.structure.VertexTest$BasicVertexTest" time="0.016">
    <skipped/>
  </testcase>
  <testcase name="shouldHaveExceptionConsistencyWhenUsingNullVertexLabel" classname="org.apache.tinkerpop.gremlin.structure.VertexTest$BasicVertexTest" time="0.0"/>
  <testcase name="shouldEvaluateVerticesEquivalentWithSuppliedIdsViaTraversal" classname="org.apache.tinkerpop.gremlin.structure.VertexTest$BasicVertexTest" time="0.0"/>
  <testcase name="shouldReturnEmptyIteratorIfNoProperties" classname="org.apache.tinkerpop.gremlin.structure.VertexTest$BasicVertexTest" time="0.0"/>
  <testcase name="shouldAutotypeLongProperties" classname="org.apache.tinkerpop.gremlin.structure.VertexTest$BasicVertexTest" time="0.0"/>
  <testcase name="shouldHaveExceptionConsistencyWhenAssigningSameIdOnEdge" classname="org.apache.tinkerpop.gremlin.structure.VertexTest$BasicVertexTest" time="0.0"/>
  <testcase name="shouldHaveStandardStringRepresentation" classname="org.apache.tinkerpop.gremlin.structure.VertexTest$BasicVertexTest" time="0.0"/>
  <testcase name="shouldNotGetConcurrentModificationException" classname="org.apache.tinkerpop.gremlin.structure.VertexTest$BasicVertexTest" time="0.064"/>
  <testcase name="shouldEvaluateVerticesEquivalentWithSuppliedIdsViaIterators" classname="org.apache.tinkerpop.gremlin.structure.VertexTest$BasicVertexTest" time="0.0"/>
  <testcase name="shouldHaveExceptionConsistencyWhenUsingSystemVertexLabelOnOverload" classname="org.apache.tinkerpop.gremlin.structure.VertexTest$BasicVertexTest" time="0.0"/>
  <system-out><![CDATA[[WARN ] 2017-08-28 19:59:11 [    Test worker] [StandardChronoGraphTransaction]:  Query requires iterating over all vertices. For better performance, use 'has(...)' clauses in your gremlin.
[WARN ] 2017-08-28 19:59:11 [    Test worker] [StandardChronoGraphTransaction]:  Query requires iterating over all edges. For better performance, use 'has(...)' clauses in your gremlin.
[WARN ] 2017-08-28 19:59:11 [    Test worker] [StandardChronoGraphTransaction]:  Query requires iterating over all vertices. For better performance, use 'has(...)' clauses in your gremlin.
[WARN ] 2017-08-28 19:59:11 [    Test worker] [StandardChronoGraphTransaction]:  Query requires iterating over all edges. For better performance, use 'has(...)' clauses in your gremlin.
[WARN ] 2017-08-28 19:59:11 [    Test worker] [StandardChronoGraphTransaction]:  Query requires iterating over all vertices. For better performance, use 'has(...)' clauses in your gremlin.
[WARN ] 2017-08-28 19:59:11 [    Test worker] [StandardChronoGraphTransaction]:  Query requires iterating over all edges. For better performance, use 'has(...)' clauses in your gremlin.
[WARN ] 2017-08-28 19:59:11 [    Test worker] [StandardChronoGraphTransaction]:  Query requires iterating over all vertices. For better performance, use 'has(...)' clauses in your gremlin.
[WARN ] 2017-08-28 19:59:11 [    Test worker] [StandardChronoGraphTransaction]:  Query requires iterating over all edges. For better performance, use 'has(...)' clauses in your gremlin.
[WARN ] 2017-08-28 19:59:11 [    Test worker] [StandardChronoGraphTransaction]:  Query requires iterating over all vertices. For better performance, use 'has(...)' clauses in your gremlin.
[WARN ] 2017-08-28 19:59:11 [    Test worker] [StandardChronoGraphTransaction]:  Query requires iterating over all vertices. For better performance, use 'has(...)' clauses in your gremlin.
[WARN ] 2017-08-28 19:59:11 [    Test worker] [StandardChronoGraphTransaction]:  Query requires iterating over all vertices. For better performance, use 'has(...)' clauses in your gremlin.
[WARN ] 2017-08-28 19:59:11 [    Test worker] [StandardChronoGraphTransaction]:  Query requires iterating over all vertices. For better performance, use 'has(...)' clauses in your gremlin.
[WARN ] 2017-08-28 19:59:11 [    Test worker] [StandardChronoGraphTransaction]:  Query requires iterating over all vertices. For better performance, use 'has(...)' clauses in your gremlin.
[WARN ] 2017-08-28 19:59:11 [    Test worker] [StandardChronoGraphTransaction]:  Query requires iterating over all vertices. For better performance, use 'has(...)' clauses in your gremlin.
[WARN ] 2017-08-28 19:59:11 [    Test worker] [StandardChronoGraphTransaction]:  Query requires iterating over all vertices. For better performance, use 'has(...)' clauses in your gremlin.
[WARN ] 2017-08-28 19:59:11 [    Test worker] [StandardChronoGraphTransaction]:  Query requires iterating over all vertices. For better performance, use 'has(...)' clauses in your gremlin.
[WARN ] 2017-08-28 19:59:11 [    Test worker] [StandardChronoGraphTransaction]:  Query requires iterating over all vertices. For better performance, use 'has(...)' clauses in your gremlin.
[WARN ] 2017-08-28 19:59:11 [    Test worker] [StandardChronoGraphTransaction]:  Query requires iterating over all vertices. For better performance, use 'has(...)' clauses in your gremlin.
[WARN ] 2017-08-28 19:59:11 [    Test worker] [StandardChronoGraphTransaction]:  Query requires iterating over all vertices. For better performance, use 'has(...)' clauses in your gremlin.
[WARN ] 2017-08-28 19:59:11 [    Test worker] [StandardChronoGraphTransaction]:  Query requires iterating over all vertices. For better performance, use 'has(...)' clauses in your gremlin.
[WARN ] 2017-08-28 19:59:11 [    Test worker] [StandardChronoGraphTransaction]:  Query requires iterating over all vertices. For better performance, use 'has(...)' clauses in your gremlin.
[WARN ] 2017-08-28 19:59:11 [    Test worker] [StandardChronoGraphTransaction]:  Query requires iterating over all vertices. For better performance, use 'has(...)' clauses in your gremlin.
[WARN ] 2017-08-28 19:59:11 [    Test worker] [StandardChronoGraphTransaction]:  Query requires iterating over all vertices. For better performance, use 'has(...)' clauses in your gremlin.
[WARN ] 2017-08-28 19:59:11 [    Test worker] [StandardChronoGraphTransaction]:  Query requires iterating over all vertices. For better performance, use 'has(...)' clauses in your gremlin.
[WARN ] 2017-08-28 19:59:11 [    Test worker] [StandardChronoGraphTransaction]:  Query requires iterating over all vertices. For better performance, use 'has(...)' clauses in your gremlin.
[WARN ] 2017-08-28 19:59:11 [    Test worker] [StandardChronoGraphTransaction]:  Query requires iterating over all vertices. For better performance, use 'has(...)' clauses in your gremlin.
[WARN ] 2017-08-28 19:59:11 [    Test worker] [StandardChronoGraphTransaction]:  Query requires iterating over all vertices. For better performance, use 'has(...)' clauses in your gremlin.
[WARN ] 2017-08-28 19:59:11 [    Test worker] [StandardChronoGraphTransaction]:  Query requires iterating over all vertices. For better performance, use 'has(...)' clauses in your gremlin.
[WARN ] 2017-08-28 19:59:11 [    Test worker] [StandardChronoGraphTransaction]:  Query requires iterating over all vertices. For better performance, use 'has(...)' clauses in your gremlin.
[WARN ] 2017-08-28 19:59:11 [    Test worker] [StandardChronoGraphTransaction]:  Query requires iterating over all vertices. For better performance, use 'has(...)' clauses in your gremlin.
[WARN ] 2017-08-28 19:59:11 [    Test worker] [StandardChronoGraphTransaction]:  Query requires iterating over all vertices. For better performance, use 'has(...)' clauses in your gremlin.
[WARN ] 2017-08-28 19:59:11 [    Test worker] [StandardChronoGraphTransaction]:  Query requires iterating over all vertices. For better performance, use 'has(...)' clauses in your gremlin.
[WARN ] 2017-08-28 19:59:11 [    Test worker] [StandardChronoGraphTransaction]:  Query requires iterating over all vertices. For better performance, use 'has(...)' clauses in your gremlin.
[WARN ] 2017-08-28 19:59:11 [    Test worker] [StandardChronoGraphTransaction]:  Query requires iterating over all vertices. For better performance, use 'has(...)' clauses in your gremlin.
[WARN ] 2017-08-28 19:59:11 [    Test worker] [StandardChronoGraphTransaction]:  Query requires iterating over all vertices. For better performance, use 'has(...)' clauses in your gremlin.
[WARN ] 2017-08-28 19:59:11 [    Test worker] [StandardChronoGraphTransaction]:  Query requires iterating over all edges. For better performance, use 'has(...)' clauses in your gremlin.
[WARN ] 2017-08-28 19:59:11 [    Test worker] [StandardChronoGraphTransaction]:  Query requires iterating over all vertices. For better performance, use 'has(...)' clauses in your gremlin.
[WARN ] 2017-08-28 19:59:11 [    Test worker] [StandardChronoGraphTransaction]:  Query requires iterating over all edges. For better performance, use 'has(...)' clauses in your gremlin.
[WARN ] 2017-08-28 19:59:11 [    Test worker] [StandardChronoGraphTransaction]:  Query requires iterating over all vertices. For better performance, use 'has(...)' clauses in your gremlin.
[WARN ] 2017-08-28 19:59:11 [    Test worker] [StandardChronoGraphTransaction]:  Query requires iterating over all vertices. For better performance, use 'has(...)' clauses in your gremlin.
[WARN ] 2017-08-28 19:59:11 [    Test worker] [StandardChronoGraphTransaction]:  Query requires iterating over all edges. For better performance, use 'has(...)' clauses in your gremlin.
[WARN ] 2017-08-28 19:59:11 [    Test worker] [StandardChronoGraphTransaction]:  Query requires iterating over all vertices. For better performance, use 'has(...)' clauses in your gremlin.
[WARN ] 2017-08-28 19:59:11 [    Test worker] [StandardChronoGraphTransaction]:  Query requires iterating over all edges. For better performance, use 'has(...)' clauses in your gremlin.
]]></system-out>
  <system-err><![CDATA[]]></system-err>
</testsuite>
