<?xml version="1.0" encoding="UTF-8"?>
<testsuite name="org.apache.tinkerpop.gremlin.structure.util.detached.DetachedEdgeTest" tests="12" skipped="0" failures="0" errors="0" timestamp="2017-08-28T17:58:56" hostname="Aurora" time="0.182">
  <properties/>
  <testcase name="shouldHaveSameHashCode" classname="org.apache.tinkerpop.gremlin.structure.util.detached.DetachedEdgeTest" time="0.141"/>
  <testcase name="shouldAttachToVertex" classname="org.apache.tinkerpop.gremlin.structure.util.detached.DetachedEdgeTest" time="0.007"/>
  <testcase name="shouldNotAllowSetProperty" classname="org.apache.tinkerpop.gremlin.structure.util.detached.DetachedEdgeTest" time="0.001"/>
  <testcase name="shouldConstructDetachedEdge" classname="org.apache.tinkerpop.gremlin.structure.util.detached.DetachedEdgeTest" time="0.008"/>
  <testcase name="shouldEvaluateToEqual" classname="org.apache.tinkerpop.gremlin.structure.util.detached.DetachedEdgeTest" time="0.006"/>
  <testcase name="shouldNotEvaluateToEqualDifferentId" classname="org.apache.tinkerpop.gremlin.structure.util.detached.DetachedEdgeTest" time="0.006"/>
  <testcase name="shouldAttachToGraph" classname="org.apache.tinkerpop.gremlin.structure.util.detached.DetachedEdgeTest" time="0.005"/>
  <testcase name="shouldHashAndEqualCorrectly" classname="org.apache.tinkerpop.gremlin.structure.util.detached.DetachedEdgeTest" time="0.001"/>
  <testcase name="shouldConstructDetachedEdgeAsReference" classname="org.apache.tinkerpop.gremlin.structure.util.detached.DetachedEdgeTest" time="0.006"/>
  <testcase name="shouldNotAllowRemove" classname="org.apache.tinkerpop.gremlin.structure.util.detached.DetachedEdgeTest" time="0.0"/>
  <testcase name="shouldNotConstructNewWithSomethingAlreadyDetached" classname="org.apache.tinkerpop.gremlin.structure.util.detached.DetachedEdgeTest" time="0.001"/>
  <testcase name="shouldConstructDetachedEdgeFromParts" classname="org.apache.tinkerpop.gremlin.structure.util.detached.DetachedEdgeTest" time="0.0"/>
  <system-out><![CDATA[[WARN ] 2017-08-28 19:58:56 [    Test worker] [.i.t.ChronoGraphQueryProcessor]:  Query requires iteration over all vertices, because none of the given properties is indexed! For better performance use indices. Requested properties: [name]
[WARN ] 2017-08-28 19:58:56 [    Test worker] [.i.t.ChronoGraphQueryProcessor]:  Query requires iteration over all vertices, because none of the given properties is indexed! For better performance use indices. Requested properties: [name]
[WARN ] 2017-08-28 19:58:56 [    Test worker] [.i.t.ChronoGraphQueryProcessor]:  Query requires iteration over all vertices, because none of the given properties is indexed! For better performance use indices. Requested properties: [name]
[WARN ] 2017-08-28 19:58:56 [    Test worker] [.i.t.ChronoGraphQueryProcessor]:  Query requires iteration over all vertices, because none of the given properties is indexed! For better performance use indices. Requested properties: [name]
[WARN ] 2017-08-28 19:58:56 [    Test worker] [.i.t.ChronoGraphQueryProcessor]:  Query requires iteration over all vertices, because none of the given properties is indexed! For better performance use indices. Requested properties: [name]
[WARN ] 2017-08-28 19:58:56 [    Test worker] [.i.t.ChronoGraphQueryProcessor]:  Query requires iteration over all vertices, because none of the given properties is indexed! For better performance use indices. Requested properties: [name]
[WARN ] 2017-08-28 19:58:56 [    Test worker] [.i.t.ChronoGraphQueryProcessor]:  Query requires iteration over all vertices, because none of the given properties is indexed! For better performance use indices. Requested properties: [name]
[WARN ] 2017-08-28 19:58:56 [    Test worker] [.i.t.ChronoGraphQueryProcessor]:  Query requires iteration over all vertices, because none of the given properties is indexed! For better performance use indices. Requested properties: [name]
[WARN ] 2017-08-28 19:58:56 [    Test worker] [.i.t.ChronoGraphQueryProcessor]:  Query requires iteration over all vertices, because none of the given properties is indexed! For better performance use indices. Requested properties: [name]
[WARN ] 2017-08-28 19:58:56 [    Test worker] [.i.t.ChronoGraphQueryProcessor]:  Query requires iteration over all vertices, because none of the given properties is indexed! For better performance use indices. Requested properties: [name]
[WARN ] 2017-08-28 19:58:56 [    Test worker] [.i.t.ChronoGraphQueryProcessor]:  Query requires iteration over all vertices, because none of the given properties is indexed! For better performance use indices. Requested properties: [name]
[WARN ] 2017-08-28 19:58:56 [    Test worker] [.i.t.ChronoGraphQueryProcessor]:  Query requires iteration over all vertices, because none of the given properties is indexed! For better performance use indices. Requested properties: [name]
[WARN ] 2017-08-28 19:58:56 [    Test worker] [.i.t.ChronoGraphQueryProcessor]:  Query requires iteration over all vertices, because none of the given properties is indexed! For better performance use indices. Requested properties: [name]
[WARN ] 2017-08-28 19:58:56 [    Test worker] [.i.t.ChronoGraphQueryProcessor]:  Query requires iteration over all vertices, because none of the given properties is indexed! For better performance use indices. Requested properties: [name]
[WARN ] 2017-08-28 19:58:56 [    Test worker] [.i.t.ChronoGraphQueryProcessor]:  Query requires iteration over all vertices, because none of the given properties is indexed! For better performance use indices. Requested properties: [name]
[WARN ] 2017-08-28 19:58:56 [    Test worker] [.i.t.ChronoGraphQueryProcessor]:  Query requires iteration over all vertices, because none of the given properties is indexed! For better performance use indices. Requested properties: [name]
[WARN ] 2017-08-28 19:58:56 [    Test worker] [.i.t.ChronoGraphQueryProcessor]:  Query requires iteration over all vertices, because none of the given properties is indexed! For better performance use indices. Requested properties: [name]
[WARN ] 2017-08-28 19:58:56 [    Test worker] [.i.t.ChronoGraphQueryProcessor]:  Query requires iteration over all vertices, because none of the given properties is indexed! For better performance use indices. Requested properties: [name]
[WARN ] 2017-08-28 19:58:56 [    Test worker] [.i.t.ChronoGraphQueryProcessor]:  Query requires iteration over all vertices, because none of the given properties is indexed! For better performance use indices. Requested properties: [name]
]]></system-out>
  <system-err><![CDATA[]]></system-err>
</testsuite>
