<?xml version="1.0" encoding="UTF-8"?>
<testsuite name="org.apache.tinkerpop.gremlin.structure.GraphTest" tests="102" skipped="68" failures="0" errors="0" timestamp="2017-08-28T17:58:59" hostname="Aurora" time="1.265">
  <properties/>
  <testcase name="shouldIterateEdgesWithUuidIdSupportUsingEdge" classname="org.apache.tinkerpop.gremlin.structure.GraphTest" time="0.0">
    <skipped/>
  </testcase>
  <testcase name="shouldIterateEdgesWithCustomIdSupportUsingStringRepresentations" classname="org.apache.tinkerpop.gremlin.structure.GraphTest" time="0.0">
    <skipped/>
  </testcase>
  <testcase name="shouldIterateVerticesWithNumericIdSupportUsingDoubleRepresentation" classname="org.apache.tinkerpop.gremlin.structure.GraphTest" time="0.0">
    <skipped/>
  </testcase>
  <testcase name="shouldAddVertexWithUserSuppliedAnyIdUsingString" classname="org.apache.tinkerpop.gremlin.structure.GraphTest" time="0.0">
    <skipped/>
  </testcase>
  <testcase name="shouldPersistDataOnClose" classname="org.apache.tinkerpop.gremlin.structure.GraphTest" time="0.0">
    <skipped/>
  </testcase>
  <testcase name="shouldIterateVerticesWithNumericIdSupportUsingLongRepresentations" classname="org.apache.tinkerpop.gremlin.structure.GraphTest" time="0.0">
    <skipped/>
  </testcase>
  <testcase name="shouldIterateVerticesWithStringSupportUsingStarVertex" classname="org.apache.tinkerpop.gremlin.structure.GraphTest" time="0.0"/>
  <testcase name="shouldIterateEdgesWithUuidIdSupportUsingEdgeIds" classname="org.apache.tinkerpop.gremlin.structure.GraphTest" time="0.0">
    <skipped/>
  </testcase>
  <testcase name="shouldIterateVerticesWithCustomIdSupportUsingVertexId" classname="org.apache.tinkerpop.gremlin.structure.GraphTest" time="0.0">
    <skipped/>
  </testcase>
  <testcase name="shouldIterateVerticesWithCustomIdSupportUsingVertices" classname="org.apache.tinkerpop.gremlin.structure.GraphTest" time="0.0">
    <skipped/>
  </testcase>
  <testcase name="shouldIterateEdgesWithNumericIdSupportUsingIntegerRepresentation" classname="org.apache.tinkerpop.gremlin.structure.GraphTest" time="0.0">
    <skipped/>
  </testcase>
  <testcase name="shouldIterateVerticesWithNumericIdSupportUsingIntegerRepresentation" classname="org.apache.tinkerpop.gremlin.structure.GraphTest" time="0.0">
    <skipped/>
  </testcase>
  <testcase name="shouldIterateVerticesWithUuidIdSupportUsingVertexIds" classname="org.apache.tinkerpop.gremlin.structure.GraphTest" time="0.0">
    <skipped/>
  </testcase>
  <testcase name="shouldIterateVerticesWithNumericSupportUsingStarVertex" classname="org.apache.tinkerpop.gremlin.structure.GraphTest" time="0.0">
    <skipped/>
  </testcase>
  <testcase name="shouldIterateEdgesWithNumericIdSupportUsingDoubleRepresentations" classname="org.apache.tinkerpop.gremlin.structure.GraphTest" time="0.0">
    <skipped/>
  </testcase>
  <testcase name="shouldIterateVerticesWithStringIdSupportUsingStringRepresentations" classname="org.apache.tinkerpop.gremlin.structure.GraphTest" time="0.0"/>
  <testcase name="shouldIterateVerticesWithNumericIdSupportUsingDoubleRepresentations" classname="org.apache.tinkerpop.gremlin.structure.GraphTest" time="0.0">
    <skipped/>
  </testcase>
  <testcase name="shouldIterateVerticesWithUuidIdSupportUsingVertex" classname="org.apache.tinkerpop.gremlin.structure.GraphTest" time="0.0">
    <skipped/>
  </testcase>
  <testcase name="shouldIterateVerticesWithCustomIdSupportUsingStringRepresentation" classname="org.apache.tinkerpop.gremlin.structure.GraphTest" time="0.0">
    <skipped/>
  </testcase>
  <testcase name="shouldIterateVerticesWithCustomIdSupportUsingVertex" classname="org.apache.tinkerpop.gremlin.structure.GraphTest" time="0.0">
    <skipped/>
  </testcase>
  <testcase name="shouldImplementAndExposeFeatures" classname="org.apache.tinkerpop.gremlin.structure.GraphTest" time="0.0"/>
  <testcase name="shouldIterateVerticesWithUuidIdSupportUsingStarVertex" classname="org.apache.tinkerpop.gremlin.structure.GraphTest" time="0.0">
    <skipped/>
  </testcase>
  <testcase name="shouldTraverseInOutFromVertexWithMultipleEdgeLabelFilter" classname="org.apache.tinkerpop.gremlin.structure.GraphTest" time="0.016"/>
  <testcase name="shouldAddVertexWithUserSuppliedUuidId" classname="org.apache.tinkerpop.gremlin.structure.GraphTest" time="0.0">
    <skipped/>
  </testcase>
  <testcase name="shouldIterateVerticesWithCustomIdSupportUsingReferenceVertex" classname="org.apache.tinkerpop.gremlin.structure.GraphTest" time="0.0">
    <skipped/>
  </testcase>
  <testcase name="shouldHaveExceptionConsistencyWhenFindEdgeByIdThatIsNonExistentViaIterator" classname="org.apache.tinkerpop.gremlin.structure.GraphTest" time="0.0"/>
  <testcase name="shouldIterateEdgesWithUuidIdSupportUsingEdges" classname="org.apache.tinkerpop.gremlin.structure.GraphTest" time="0.0">
    <skipped/>
  </testcase>
  <testcase name="shouldAddVertexWithUserSuppliedStringId" classname="org.apache.tinkerpop.gremlin.structure.GraphTest" time="0.0"/>
  <testcase name="shouldIterateVerticesWithNumericIdSupportUsingVertexIds" classname="org.apache.tinkerpop.gremlin.structure.GraphTest" time="0.0">
    <skipped/>
  </testcase>
  <testcase name="shouldIterateEdgesWithStringIdSupportUsingEdge" classname="org.apache.tinkerpop.gremlin.structure.GraphTest" time="0.0"/>
  <testcase name="shouldIterateVerticesWithNumericIdSupportUsingVertex" classname="org.apache.tinkerpop.gremlin.structure.GraphTest" time="0.0">
    <skipped/>
  </testcase>
  <testcase name="shouldIterateEdgesWithStringIdSupportUsingEdgeId" classname="org.apache.tinkerpop.gremlin.structure.GraphTest" time="0.0"/>
  <testcase name="shouldRemoveVertices" classname="org.apache.tinkerpop.gremlin.structure.GraphTest" time="0.731"/>
  <testcase name="shouldIterateVerticesWithNumericIdSupportUsingFloatRepresentation" classname="org.apache.tinkerpop.gremlin.structure.GraphTest" time="0.0">
    <skipped/>
  </testcase>
  <testcase name="shouldIterateEdgesWithNumericIdSupportUsingIntegerRepresentations" classname="org.apache.tinkerpop.gremlin.structure.GraphTest" time="0.0">
    <skipped/>
  </testcase>
  <testcase name="shouldIterateEdgesWithStringIdSupportUsingStringRepresentation" classname="org.apache.tinkerpop.gremlin.structure.GraphTest" time="0.001"/>
  <testcase name="shouldIterateVerticesWithNumericIdSupportUsingFloatRepresentations" classname="org.apache.tinkerpop.gremlin.structure.GraphTest" time="0.0">
    <skipped/>
  </testcase>
  <testcase name="shouldIterateVerticesWithNumericSupportUsingReferenceVertex" classname="org.apache.tinkerpop.gremlin.structure.GraphTest" time="0.0">
    <skipped/>
  </testcase>
  <testcase name="shouldIterateEdgesWithNumericIdSupportUsingLongRepresentation" classname="org.apache.tinkerpop.gremlin.structure.GraphTest" time="0.0">
    <skipped/>
  </testcase>
  <testcase name="shouldHaveExceptionConsistencyWhenAssigningSameIdOnVertex" classname="org.apache.tinkerpop.gremlin.structure.GraphTest" time="0.001"/>
  <testcase name="shouldOverwriteEarlierKeyValuesWithLaterKeyValuesOnAddVertexIfMultiProperty" classname="org.apache.tinkerpop.gremlin.structure.GraphTest" time="0.0">
    <skipped/>
  </testcase>
  <testcase name="shouldIterateVerticesWithCustomIdSupportUsingStringRepresentations" classname="org.apache.tinkerpop.gremlin.structure.GraphTest" time="0.0">
    <skipped/>
  </testcase>
  <testcase name="shouldIterateVerticesWithCustomIdSupportUsingDetachedVertex" classname="org.apache.tinkerpop.gremlin.structure.GraphTest" time="0.0">
    <skipped/>
  </testcase>
  <testcase name="shouldRemoveEdges" classname="org.apache.tinkerpop.gremlin.structure.GraphTest" time="0.463"/>
  <testcase name="shouldIterateEdgesWithNumericIdSupportUsingStringRepresentation" classname="org.apache.tinkerpop.gremlin.structure.GraphTest" time="0.0">
    <skipped/>
  </testcase>
  <testcase name="shouldAddVertexWithUserSuppliedNumericId" classname="org.apache.tinkerpop.gremlin.structure.GraphTest" time="0.0">
    <skipped/>
  </testcase>
  <testcase name="shouldIterateEdgesWithUuidIdSupportUsingStringRepresentations" classname="org.apache.tinkerpop.gremlin.structure.GraphTest" time="0.0">
    <skipped/>
  </testcase>
  <testcase name="shouldIterateEdgesWithStringIdSupportUsingEdges" classname="org.apache.tinkerpop.gremlin.structure.GraphTest" time="0.0"/>
  <testcase name="shouldIterateVerticesWithStringIdSupportUsingVertexId" classname="org.apache.tinkerpop.gremlin.structure.GraphTest" time="0.0"/>
  <testcase name="shouldIterateVerticesWithStringIdSupportUsingVertices" classname="org.apache.tinkerpop.gremlin.structure.GraphTest" time="0.0"/>
  <testcase name="shouldNotMixTypesForGettingSpecificEdgesWithStringFirst" classname="org.apache.tinkerpop.gremlin.structure.GraphTest" time="0.0"/>
  <testcase name="shouldIterateEdgesWithNumericIdSupportUsingDoubleRepresentation" classname="org.apache.tinkerpop.gremlin.structure.GraphTest" time="0.0">
    <skipped/>
  </testcase>
  <testcase name="shouldIterateVerticesWithCustomIdSupportUsingStarVertex" classname="org.apache.tinkerpop.gremlin.structure.GraphTest" time="0.0">
    <skipped/>
  </testcase>
  <testcase name="shouldIterateVerticesWithNumericIdSupportUsingVertexId" classname="org.apache.tinkerpop.gremlin.structure.GraphTest" time="0.0">
    <skipped/>
  </testcase>
  <testcase name="shouldIterateVerticesWithNumericIdSupportUsingVertices" classname="org.apache.tinkerpop.gremlin.structure.GraphTest" time="0.0">
    <skipped/>
  </testcase>
  <testcase name="shouldOverwriteEarlierKeyValuesWithLaterKeyValuesOnAddVertexIfNoMultiProperty" classname="org.apache.tinkerpop.gremlin.structure.GraphTest" time="0.0"/>
  <testcase name="shouldIterateVerticesWithUuidIdSupportUsingReferenceVertex" classname="org.apache.tinkerpop.gremlin.structure.GraphTest" time="0.0">
    <skipped/>
  </testcase>
  <testcase name="shouldIterateVerticesWithUuidIdSupportUsingStringRepresentation" classname="org.apache.tinkerpop.gremlin.structure.GraphTest" time="0.0">
    <skipped/>
  </testcase>
  <testcase name="shouldTestTreeConnectivity" classname="org.apache.tinkerpop.gremlin.structure.GraphTest" time="0.038"/>
  <testcase name="shouldRemoveVerticesWithoutConcurrentModificationException" classname="org.apache.tinkerpop.gremlin.structure.GraphTest" time="0.0"/>
  <testcase name="shouldIterateVerticesWithStringSupportUsingReferenceVertex" classname="org.apache.tinkerpop.gremlin.structure.GraphTest" time="0.0"/>
  <testcase name="shouldIterateVerticesWithStringIdSupportUsingVertexIds" classname="org.apache.tinkerpop.gremlin.structure.GraphTest" time="0.0"/>
  <testcase name="shouldEvaluateConnectivityPatterns" classname="org.apache.tinkerpop.gremlin.structure.GraphTest" time="0.014"/>
  <testcase name="shouldIterateEdgesWithStringIdSupportUsingEdgeIds" classname="org.apache.tinkerpop.gremlin.structure.GraphTest" time="0.0"/>
  <testcase name="shouldIterateEdgesWithNumericIdSupportUsingEdge" classname="org.apache.tinkerpop.gremlin.structure.GraphTest" time="0.0">
    <skipped/>
  </testcase>
  <testcase name="shouldIterateVerticesWithNumericIdSupportUsingIntegerRepresentations" classname="org.apache.tinkerpop.gremlin.structure.GraphTest" time="0.0">
    <skipped/>
  </testcase>
  <testcase name="shouldIterateVerticesWithNumericSupportUsingDetachedVertex" classname="org.apache.tinkerpop.gremlin.structure.GraphTest" time="0.0">
    <skipped/>
  </testcase>
  <testcase name="shouldIterateEdgesWithCustomIdSupportUsingEdge" classname="org.apache.tinkerpop.gremlin.structure.GraphTest" time="0.0">
    <skipped/>
  </testcase>
  <testcase name="shouldNotMixTypesForGettingSpecificVerticesWithStringFirst" classname="org.apache.tinkerpop.gremlin.structure.GraphTest" time="0.0"/>
  <testcase name="shouldIterateEdgesWithNumericIdSupportUsingLongRepresentations" classname="org.apache.tinkerpop.gremlin.structure.GraphTest" time="0.0">
    <skipped/>
  </testcase>
  <testcase name="shouldIterateEdgesWithStringIdSupportUsingStringRepresentations" classname="org.apache.tinkerpop.gremlin.structure.GraphTest" time="0.0"/>
  <testcase name="shouldIterateVerticesWithCustomIdSupportUsingVertexIds" classname="org.apache.tinkerpop.gremlin.structure.GraphTest" time="0.0">
    <skipped/>
  </testcase>
  <testcase name="shouldTraverseInOutFromVertexWithSingleEdgeLabelFilter" classname="org.apache.tinkerpop.gremlin.structure.GraphTest" time="0.0"/>
  <testcase name="shouldIterateEdgesWithUuidIdSupportUsingEdgeId" classname="org.apache.tinkerpop.gremlin.structure.GraphTest" time="0.0">
    <skipped/>
  </testcase>
  <testcase name="shouldIterateEdgesWithCustomIdSupportUsingEdgeId" classname="org.apache.tinkerpop.gremlin.structure.GraphTest" time="0.0">
    <skipped/>
  </testcase>
  <testcase name="shouldIterateEdgesWithNumericIdSupportUsingStringRepresentations" classname="org.apache.tinkerpop.gremlin.structure.GraphTest" time="0.0">
    <skipped/>
  </testcase>
  <testcase name="shouldIterateEdgesWithCustomIdSupportUsingEdges" classname="org.apache.tinkerpop.gremlin.structure.GraphTest" time="0.0">
    <skipped/>
  </testcase>
  <testcase name="shouldRemoveEdgesWithoutConcurrentModificationException" classname="org.apache.tinkerpop.gremlin.structure.GraphTest" time="0.0"/>
  <testcase name="shouldIterateVerticesWithNumericIdSupportUsingStringRepresentations" classname="org.apache.tinkerpop.gremlin.structure.GraphTest" time="0.0">
    <skipped/>
  </testcase>
  <testcase name="shouldIterateVerticesWithUuidIdSupportUsingDetachedVertex" classname="org.apache.tinkerpop.gremlin.structure.GraphTest" time="0.0">
    <skipped/>
  </testcase>
  <testcase name="shouldIterateVerticesWithNumericIdSupportUsingLongRepresentation" classname="org.apache.tinkerpop.gremlin.structure.GraphTest" time="0.0">
    <skipped/>
  </testcase>
  <testcase name="shouldIterateVerticesWithUuidIdSupportUsingVertexId" classname="org.apache.tinkerpop.gremlin.structure.GraphTest" time="0.0">
    <skipped/>
  </testcase>
  <testcase name="shouldIterateVerticesWithUuidIdSupportUsingVertices" classname="org.apache.tinkerpop.gremlin.structure.GraphTest" time="0.0">
    <skipped/>
  </testcase>
  <testcase name="shouldIterateVerticesWithStringIdSupportUsingStringRepresentation" classname="org.apache.tinkerpop.gremlin.structure.GraphTest" time="0.0"/>
  <testcase name="shouldNotMixTypesForGettingSpecificVerticesWithVertexFirst" classname="org.apache.tinkerpop.gremlin.structure.GraphTest" time="0.0"/>
  <testcase name="shouldIterateEdgesWithUuidIdSupportUsingStringRepresentation" classname="org.apache.tinkerpop.gremlin.structure.GraphTest" time="0.0">
    <skipped/>
  </testcase>
  <testcase name="shouldIterateEdgesWithNumericIdSupportUsingEdgeId" classname="org.apache.tinkerpop.gremlin.structure.GraphTest" time="0.0">
    <skipped/>
  </testcase>
  <testcase name="shouldIterateEdgesWithCustomIdSupportUsingStringRepresentation" classname="org.apache.tinkerpop.gremlin.structure.GraphTest" time="0.0">
    <skipped/>
  </testcase>
  <testcase name="shouldIterateVerticesWithUuidIdSupportUsingStringRepresentations" classname="org.apache.tinkerpop.gremlin.structure.GraphTest" time="0.0">
    <skipped/>
  </testcase>
  <testcase name="shouldIterateVerticesWithStringIdSupportUsingVertex" classname="org.apache.tinkerpop.gremlin.structure.GraphTest" time="0.0"/>
  <testcase name="shouldIterateEdgesWithCustomIdSupportUsingEdgeIds" classname="org.apache.tinkerpop.gremlin.structure.GraphTest" time="0.0">
    <skipped/>
  </testcase>
  <testcase name="shouldAddVertexWithUserSuppliedAnyIdUsingAnyObject" classname="org.apache.tinkerpop.gremlin.structure.GraphTest" time="0.0">
    <skipped/>
  </testcase>
  <testcase name="shouldIterateEdgesWithNumericIdSupportUsingEdgeIds" classname="org.apache.tinkerpop.gremlin.structure.GraphTest" time="0.0">
    <skipped/>
  </testcase>
  <testcase name="shouldHaveExceptionConsistencyWhenFindVertexByIdThatIsNonExistentViaIterator" classname="org.apache.tinkerpop.gremlin.structure.GraphTest" time="0.0"/>
  <testcase name="shouldHaveStandardStringRepresentation" classname="org.apache.tinkerpop.gremlin.structure.GraphTest" time="0.0"/>
  <testcase name="shouldNotMixTypesForGettingSpecificEdgesWithEdgeFirst" classname="org.apache.tinkerpop.gremlin.structure.GraphTest" time="0.0"/>
  <testcase name="shouldIterateEdgesWithNumericIdSupportUsingFloatRepresentations" classname="org.apache.tinkerpop.gremlin.structure.GraphTest" time="0.0">
    <skipped/>
  </testcase>
  <testcase name="shouldAddVertexWithUserSuppliedAnyIdUsingUuid" classname="org.apache.tinkerpop.gremlin.structure.GraphTest" time="0.0">
    <skipped/>
  </testcase>
  <testcase name="shouldIterateVerticesWithStringSupportUsingDetachedVertex" classname="org.apache.tinkerpop.gremlin.structure.GraphTest" time="0.0"/>
  <testcase name="shouldIterateEdgesWithNumericIdSupportUsingVertices" classname="org.apache.tinkerpop.gremlin.structure.GraphTest" time="0.0">
    <skipped/>
  </testcase>
  <testcase name="shouldIterateVerticesWithNumericIdSupportUsingStringRepresentation" classname="org.apache.tinkerpop.gremlin.structure.GraphTest" time="0.0">
    <skipped/>
  </testcase>
  <testcase name="shouldIterateEdgesWithNumericIdSupportUsingFloatRepresentation" classname="org.apache.tinkerpop.gremlin.structure.GraphTest" time="0.0">
    <skipped/>
  </testcase>
  <system-out><![CDATA[[WARN ] 2017-08-28 19:58:59 [    Test worker] [StandardChronoGraphTransaction]:  Query requires iterating over all vertices. For better performance, use 'has(...)' clauses in your gremlin.
[WARN ] 2017-08-28 19:58:59 [    Test worker] [StandardChronoGraphTransaction]:  Query requires iterating over all edges. For better performance, use 'has(...)' clauses in your gremlin.
[WARN ] 2017-08-28 19:58:59 [    Test worker] [StandardChronoGraphTransaction]:  Query requires iterating over all vertices. For better performance, use 'has(...)' clauses in your gremlin.
[WARN ] 2017-08-28 19:58:59 [    Test worker] [StandardChronoGraphTransaction]:  Query requires iterating over all edges. For better performance, use 'has(...)' clauses in your gremlin.
[WARN ] 2017-08-28 19:58:59 [    Test worker] [StandardChronoGraphTransaction]:  Query requires iterating over all vertices. For better performance, use 'has(...)' clauses in your gremlin.
[WARN ] 2017-08-28 19:58:59 [    Test worker] [StandardChronoGraphTransaction]:  Query requires iterating over all edges. For better performance, use 'has(...)' clauses in your gremlin.
[WARN ] 2017-08-28 19:58:59 [    Test worker] [StandardChronoGraphTransaction]:  Query requires iterating over all vertices. For better performance, use 'has(...)' clauses in your gremlin.
[WARN ] 2017-08-28 19:58:59 [    Test worker] [StandardChronoGraphTransaction]:  Query requires iterating over all edges. For better performance, use 'has(...)' clauses in your gremlin.
[WARN ] 2017-08-28 19:58:59 [    Test worker] [StandardChronoGraphTransaction]:  Query requires iterating over all vertices. For better performance, use 'has(...)' clauses in your gremlin.
[WARN ] 2017-08-28 19:58:59 [    Test worker] [StandardChronoGraphTransaction]:  Query requires iterating over all edges. For better performance, use 'has(...)' clauses in your gremlin.
[WARN ] 2017-08-28 19:58:59 [    Test worker] [StandardChronoGraphTransaction]:  Query requires iterating over all vertices. For better performance, use 'has(...)' clauses in your gremlin.
[WARN ] 2017-08-28 19:58:59 [    Test worker] [StandardChronoGraphTransaction]:  Query requires iterating over all edges. For better performance, use 'has(...)' clauses in your gremlin.
[WARN ] 2017-08-28 19:58:59 [    Test worker] [StandardChronoGraphTransaction]:  Query requires iterating over all vertices. For better performance, use 'has(...)' clauses in your gremlin.
[WARN ] 2017-08-28 19:58:59 [    Test worker] [StandardChronoGraphTransaction]:  Query requires iterating over all edges. For better performance, use 'has(...)' clauses in your gremlin.
[WARN ] 2017-08-28 19:58:59 [    Test worker] [StandardChronoGraphTransaction]:  Query requires iterating over all vertices. For better performance, use 'has(...)' clauses in your gremlin.
[WARN ] 2017-08-28 19:58:59 [    Test worker] [StandardChronoGraphTransaction]:  Query requires iterating over all edges. For better performance, use 'has(...)' clauses in your gremlin.
[WARN ] 2017-08-28 19:58:59 [    Test worker] [StandardChronoGraphTransaction]:  Query requires iterating over all vertices. For better performance, use 'has(...)' clauses in your gremlin.
[WARN ] 2017-08-28 19:58:59 [    Test worker] [StandardChronoGraphTransaction]:  Query requires iterating over all edges. For better performance, use 'has(...)' clauses in your gremlin.
[WARN ] 2017-08-28 19:58:59 [    Test worker] [StandardChronoGraphTransaction]:  Query requires iterating over all vertices. For better performance, use 'has(...)' clauses in your gremlin.
[WARN ] 2017-08-28 19:58:59 [    Test worker] [StandardChronoGraphTransaction]:  Query requires iterating over all edges. For better performance, use 'has(...)' clauses in your gremlin.
[WARN ] 2017-08-28 19:58:59 [    Test worker] [StandardChronoGraphTransaction]:  Query requires iterating over all vertices. For better performance, use 'has(...)' clauses in your gremlin.
[WARN ] 2017-08-28 19:58:59 [    Test worker] [StandardChronoGraphTransaction]:  Query requires iterating over all edges. For better performance, use 'has(...)' clauses in your gremlin.
[WARN ] 2017-08-28 19:58:59 [    Test worker] [StandardChronoGraphTransaction]:  Query requires iterating over all vertices. For better performance, use 'has(...)' clauses in your gremlin.
[WARN ] 2017-08-28 19:58:59 [    Test worker] [StandardChronoGraphTransaction]:  Query requires iterating over all edges. For better performance, use 'has(...)' clauses in your gremlin.
[WARN ] 2017-08-28 19:58:59 [    Test worker] [StandardChronoGraphTransaction]:  Query requires iterating over all vertices. For better performance, use 'has(...)' clauses in your gremlin.
[WARN ] 2017-08-28 19:58:59 [    Test worker] [StandardChronoGraphTransaction]:  Query requires iterating over all edges. For better performance, use 'has(...)' clauses in your gremlin.
[WARN ] 2017-08-28 19:58:59 [    Test worker] [StandardChronoGraphTransaction]:  Query requires iterating over all vertices. For better performance, use 'has(...)' clauses in your gremlin.
[WARN ] 2017-08-28 19:58:59 [    Test worker] [StandardChronoGraphTransaction]:  Query requires iterating over all edges. For better performance, use 'has(...)' clauses in your gremlin.
[WARN ] 2017-08-28 19:58:59 [    Test worker] [StandardChronoGraphTransaction]:  Query requires iterating over all vertices. For better performance, use 'has(...)' clauses in your gremlin.
[WARN ] 2017-08-28 19:58:59 [    Test worker] [StandardChronoGraphTransaction]:  Query requires iterating over all edges. For better performance, use 'has(...)' clauses in your gremlin.
[WARN ] 2017-08-28 19:58:59 [    Test worker] [StandardChronoGraphTransaction]:  Query requires iterating over all vertices. For better performance, use 'has(...)' clauses in your gremlin.
[WARN ] 2017-08-28 19:58:59 [    Test worker] [StandardChronoGraphTransaction]:  Query requires iterating over all edges. For better performance, use 'has(...)' clauses in your gremlin.
[WARN ] 2017-08-28 19:58:59 [    Test worker] [StandardChronoGraphTransaction]:  Query requires iterating over all vertices. For better performance, use 'has(...)' clauses in your gremlin.
[WARN ] 2017-08-28 19:58:59 [    Test worker] [StandardChronoGraphTransaction]:  Query requires iterating over all edges. For better performance, use 'has(...)' clauses in your gremlin.
[WARN ] 2017-08-28 19:58:59 [    Test worker] [StandardChronoGraphTransaction]:  Query requires iterating over all vertices. For better performance, use 'has(...)' clauses in your gremlin.
[WARN ] 2017-08-28 19:58:59 [    Test worker] [StandardChronoGraphTransaction]:  Query requires iterating over all edges. For better performance, use 'has(...)' clauses in your gremlin.
[WARN ] 2017-08-28 19:58:59 [    Test worker] [StandardChronoGraphTransaction]:  Query requires iterating over all vertices. For better performance, use 'has(...)' clauses in your gremlin.
[WARN ] 2017-08-28 19:58:59 [    Test worker] [StandardChronoGraphTransaction]:  Query requires iterating over all edges. For better performance, use 'has(...)' clauses in your gremlin.
[WARN ] 2017-08-28 19:59:00 [    Test worker] [StandardChronoGraphTransaction]:  Query requires iterating over all vertices. For better performance, use 'has(...)' clauses in your gremlin.
[WARN ] 2017-08-28 19:59:00 [    Test worker] [StandardChronoGraphTransaction]:  Query requires iterating over all edges. For better performance, use 'has(...)' clauses in your gremlin.
[WARN ] 2017-08-28 19:59:00 [    Test worker] [StandardChronoGraphTransaction]:  Query requires iterating over all vertices. For better performance, use 'has(...)' clauses in your gremlin.
[WARN ] 2017-08-28 19:59:00 [    Test worker] [StandardChronoGraphTransaction]:  Query requires iterating over all edges. For better performance, use 'has(...)' clauses in your gremlin.
[WARN ] 2017-08-28 19:59:00 [    Test worker] [StandardChronoGraphTransaction]:  Query requires iterating over all vertices. For better performance, use 'has(...)' clauses in your gremlin.
[WARN ] 2017-08-28 19:59:00 [    Test worker] [StandardChronoGraphTransaction]:  Query requires iterating over all edges. For better performance, use 'has(...)' clauses in your gremlin.
[WARN ] 2017-08-28 19:59:00 [    Test worker] [StandardChronoGraphTransaction]:  Query requires iterating over all vertices. For better performance, use 'has(...)' clauses in your gremlin.
[WARN ] 2017-08-28 19:59:00 [    Test worker] [StandardChronoGraphTransaction]:  Query requires iterating over all edges. For better performance, use 'has(...)' clauses in your gremlin.
[WARN ] 2017-08-28 19:59:00 [    Test worker] [StandardChronoGraphTransaction]:  Query requires iterating over all vertices. For better performance, use 'has(...)' clauses in your gremlin.
[WARN ] 2017-08-28 19:59:00 [    Test worker] [StandardChronoGraphTransaction]:  Query requires iterating over all edges. For better performance, use 'has(...)' clauses in your gremlin.
[WARN ] 2017-08-28 19:59:00 [    Test worker] [StandardChronoGraphTransaction]:  Query requires iterating over all vertices. For better performance, use 'has(...)' clauses in your gremlin.
[WARN ] 2017-08-28 19:59:00 [    Test worker] [StandardChronoGraphTransaction]:  Query requires iterating over all edges. For better performance, use 'has(...)' clauses in your gremlin.
[WARN ] 2017-08-28 19:59:00 [    Test worker] [StandardChronoGraphTransaction]:  Query requires iterating over all vertices. For better performance, use 'has(...)' clauses in your gremlin.
[WARN ] 2017-08-28 19:59:00 [    Test worker] [StandardChronoGraphTransaction]:  Query requires iterating over all edges. For better performance, use 'has(...)' clauses in your gremlin.
[WARN ] 2017-08-28 19:59:00 [    Test worker] [StandardChronoGraphTransaction]:  Query requires iterating over all vertices. For better performance, use 'has(...)' clauses in your gremlin.
[WARN ] 2017-08-28 19:59:00 [    Test worker] [StandardChronoGraphTransaction]:  Query requires iterating over all edges. For better performance, use 'has(...)' clauses in your gremlin.
[WARN ] 2017-08-28 19:59:00 [    Test worker] [StandardChronoGraphTransaction]:  Query requires iterating over all vertices. For better performance, use 'has(...)' clauses in your gremlin.
[WARN ] 2017-08-28 19:59:00 [    Test worker] [StandardChronoGraphTransaction]:  Query requires iterating over all edges. For better performance, use 'has(...)' clauses in your gremlin.
[WARN ] 2017-08-28 19:59:00 [    Test worker] [StandardChronoGraphTransaction]:  Query requires iterating over all vertices. For better performance, use 'has(...)' clauses in your gremlin.
[WARN ] 2017-08-28 19:59:00 [    Test worker] [StandardChronoGraphTransaction]:  Query requires iterating over all edges. For better performance, use 'has(...)' clauses in your gremlin.
[WARN ] 2017-08-28 19:59:00 [    Test worker] [StandardChronoGraphTransaction]:  Query requires iterating over all vertices. For better performance, use 'has(...)' clauses in your gremlin.
[WARN ] 2017-08-28 19:59:00 [    Test worker] [StandardChronoGraphTransaction]:  Query requires iterating over all edges. For better performance, use 'has(...)' clauses in your gremlin.
[WARN ] 2017-08-28 19:59:00 [    Test worker] [StandardChronoGraphTransaction]:  Query requires iterating over all vertices. For better performance, use 'has(...)' clauses in your gremlin.
[WARN ] 2017-08-28 19:59:00 [    Test worker] [StandardChronoGraphTransaction]:  Query requires iterating over all edges. For better performance, use 'has(...)' clauses in your gremlin.
[WARN ] 2017-08-28 19:59:00 [    Test worker] [StandardChronoGraphTransaction]:  Query requires iterating over all vertices. For better performance, use 'has(...)' clauses in your gremlin.
[WARN ] 2017-08-28 19:59:00 [    Test worker] [StandardChronoGraphTransaction]:  Query requires iterating over all edges. For better performance, use 'has(...)' clauses in your gremlin.
[WARN ] 2017-08-28 19:59:00 [    Test worker] [StandardChronoGraphTransaction]:  Query requires iterating over all vertices. For better performance, use 'has(...)' clauses in your gremlin.
[WARN ] 2017-08-28 19:59:00 [    Test worker] [StandardChronoGraphTransaction]:  Query requires iterating over all edges. For better performance, use 'has(...)' clauses in your gremlin.
[WARN ] 2017-08-28 19:59:00 [    Test worker] [StandardChronoGraphTransaction]:  Query requires iterating over all vertices. For better performance, use 'has(...)' clauses in your gremlin.
[WARN ] 2017-08-28 19:59:00 [    Test worker] [StandardChronoGraphTransaction]:  Query requires iterating over all edges. For better performance, use 'has(...)' clauses in your gremlin.
[WARN ] 2017-08-28 19:59:00 [    Test worker] [StandardChronoGraphTransaction]:  Query requires iterating over all vertices. For better performance, use 'has(...)' clauses in your gremlin.
[WARN ] 2017-08-28 19:59:00 [    Test worker] [StandardChronoGraphTransaction]:  Query requires iterating over all edges. For better performance, use 'has(...)' clauses in your gremlin.
[WARN ] 2017-08-28 19:59:00 [    Test worker] [StandardChronoGraphTransaction]:  Query requires iterating over all vertices. For better performance, use 'has(...)' clauses in your gremlin.
[WARN ] 2017-08-28 19:59:00 [    Test worker] [StandardChronoGraphTransaction]:  Query requires iterating over all edges. For better performance, use 'has(...)' clauses in your gremlin.
[WARN ] 2017-08-28 19:59:00 [    Test worker] [StandardChronoGraphTransaction]:  Query requires iterating over all vertices. For better performance, use 'has(...)' clauses in your gremlin.
[WARN ] 2017-08-28 19:59:00 [    Test worker] [StandardChronoGraphTransaction]:  Query requires iterating over all edges. For better performance, use 'has(...)' clauses in your gremlin.
[WARN ] 2017-08-28 19:59:00 [    Test worker] [StandardChronoGraphTransaction]:  Query requires iterating over all vertices. For better performance, use 'has(...)' clauses in your gremlin.
[WARN ] 2017-08-28 19:59:00 [    Test worker] [StandardChronoGraphTransaction]:  Query requires iterating over all edges. For better performance, use 'has(...)' clauses in your gremlin.
[WARN ] 2017-08-28 19:59:00 [    Test worker] [StandardChronoGraphTransaction]:  Query requires iterating over all vertices. For better performance, use 'has(...)' clauses in your gremlin.
[WARN ] 2017-08-28 19:59:00 [    Test worker] [StandardChronoGraphTransaction]:  Query requires iterating over all edges. For better performance, use 'has(...)' clauses in your gremlin.
[WARN ] 2017-08-28 19:59:00 [    Test worker] [StandardChronoGraphTransaction]:  Query requires iterating over all vertices. For better performance, use 'has(...)' clauses in your gremlin.
[WARN ] 2017-08-28 19:59:00 [    Test worker] [StandardChronoGraphTransaction]:  Query requires iterating over all edges. For better performance, use 'has(...)' clauses in your gremlin.
[WARN ] 2017-08-28 19:59:00 [    Test worker] [StandardChronoGraphTransaction]:  Query requires iterating over all vertices. For better performance, use 'has(...)' clauses in your gremlin.
[WARN ] 2017-08-28 19:59:00 [    Test worker] [StandardChronoGraphTransaction]:  Query requires iterating over all edges. For better performance, use 'has(...)' clauses in your gremlin.
[WARN ] 2017-08-28 19:59:00 [    Test worker] [StandardChronoGraphTransaction]:  Query requires iterating over all vertices. For better performance, use 'has(...)' clauses in your gremlin.
[WARN ] 2017-08-28 19:59:00 [    Test worker] [StandardChronoGraphTransaction]:  Query requires iterating over all edges. For better performance, use 'has(...)' clauses in your gremlin.
[WARN ] 2017-08-28 19:59:00 [    Test worker] [StandardChronoGraphTransaction]:  Query requires iterating over all vertices. For better performance, use 'has(...)' clauses in your gremlin.
[WARN ] 2017-08-28 19:59:00 [    Test worker] [StandardChronoGraphTransaction]:  Query requires iterating over all edges. For better performance, use 'has(...)' clauses in your gremlin.
[WARN ] 2017-08-28 19:59:00 [    Test worker] [StandardChronoGraphTransaction]:  Query requires iterating over all vertices. For better performance, use 'has(...)' clauses in your gremlin.
[WARN ] 2017-08-28 19:59:00 [    Test worker] [StandardChronoGraphTransaction]:  Query requires iterating over all edges. For better performance, use 'has(...)' clauses in your gremlin.
[WARN ] 2017-08-28 19:59:00 [    Test worker] [StandardChronoGraphTransaction]:  Query requires iterating over all vertices. For better performance, use 'has(...)' clauses in your gremlin.
[WARN ] 2017-08-28 19:59:00 [    Test worker] [StandardChronoGraphTransaction]:  Query requires iterating over all edges. For better performance, use 'has(...)' clauses in your gremlin.
[WARN ] 2017-08-28 19:59:00 [    Test worker] [StandardChronoGraphTransaction]:  Query requires iterating over all vertices. For better performance, use 'has(...)' clauses in your gremlin.
[WARN ] 2017-08-28 19:59:00 [    Test worker] [StandardChronoGraphTransaction]:  Query requires iterating over all edges. For better performance, use 'has(...)' clauses in your gremlin.
[WARN ] 2017-08-28 19:59:00 [    Test worker] [StandardChronoGraphTransaction]:  Query requires iterating over all vertices. For better performance, use 'has(...)' clauses in your gremlin.
[WARN ] 2017-08-28 19:59:00 [    Test worker] [StandardChronoGraphTransaction]:  Query requires iterating over all edges. For better performance, use 'has(...)' clauses in your gremlin.
[WARN ] 2017-08-28 19:59:00 [    Test worker] [StandardChronoGraphTransaction]:  Query requires iterating over all vertices. For better performance, use 'has(...)' clauses in your gremlin.
[WARN ] 2017-08-28 19:59:00 [    Test worker] [StandardChronoGraphTransaction]:  Query requires iterating over all edges. For better performance, use 'has(...)' clauses in your gremlin.
[WARN ] 2017-08-28 19:59:00 [    Test worker] [StandardChronoGraphTransaction]:  Query requires iterating over all vertices. For better performance, use 'has(...)' clauses in your gremlin.
[WARN ] 2017-08-28 19:59:00 [    Test worker] [StandardChronoGraphTransaction]:  Query requires iterating over all edges. For better performance, use 'has(...)' clauses in your gremlin.
[WARN ] 2017-08-28 19:59:00 [    Test worker] [StandardChronoGraphTransaction]:  Query requires iterating over all vertices. For better performance, use 'has(...)' clauses in your gremlin.
[WARN ] 2017-08-28 19:59:00 [    Test worker] [StandardChronoGraphTransaction]:  Query requires iterating over all edges. For better performance, use 'has(...)' clauses in your gremlin.
[WARN ] 2017-08-28 19:59:00 [    Test worker] [StandardChronoGraphTransaction]:  Query requires iterating over all vertices. For better performance, use 'has(...)' clauses in your gremlin.
[WARN ] 2017-08-28 19:59:00 [    Test worker] [StandardChronoGraphTransaction]:  Query requires iterating over all edges. For better performance, use 'has(...)' clauses in your gremlin.
[WARN ] 2017-08-28 19:59:00 [    Test worker] [StandardChronoGraphTransaction]:  Query requires iterating over all vertices. For better performance, use 'has(...)' clauses in your gremlin.
[WARN ] 2017-08-28 19:59:00 [    Test worker] [StandardChronoGraphTransaction]:  Query requires iterating over all edges. For better performance, use 'has(...)' clauses in your gremlin.
[WARN ] 2017-08-28 19:59:00 [    Test worker] [StandardChronoGraphTransaction]:  Query requires iterating over all vertices. For better performance, use 'has(...)' clauses in your gremlin.
[WARN ] 2017-08-28 19:59:00 [    Test worker] [StandardChronoGraphTransaction]:  Query requires iterating over all edges. For better performance, use 'has(...)' clauses in your gremlin.
[WARN ] 2017-08-28 19:59:00 [    Test worker] [StandardChronoGraphTransaction]:  Query requires iterating over all vertices. For better performance, use 'has(...)' clauses in your gremlin.
[WARN ] 2017-08-28 19:59:00 [    Test worker] [StandardChronoGraphTransaction]:  Query requires iterating over all edges. For better performance, use 'has(...)' clauses in your gremlin.
[WARN ] 2017-08-28 19:59:00 [    Test worker] [StandardChronoGraphTransaction]:  Query requires iterating over all vertices. For better performance, use 'has(...)' clauses in your gremlin.
[WARN ] 2017-08-28 19:59:00 [    Test worker] [StandardChronoGraphTransaction]:  Query requires iterating over all edges. For better performance, use 'has(...)' clauses in your gremlin.
[WARN ] 2017-08-28 19:59:00 [    Test worker] [StandardChronoGraphTransaction]:  Query requires iterating over all vertices. For better performance, use 'has(...)' clauses in your gremlin.
[WARN ] 2017-08-28 19:59:00 [    Test worker] [StandardChronoGraphTransaction]:  Query requires iterating over all edges. For better performance, use 'has(...)' clauses in your gremlin.
[WARN ] 2017-08-28 19:59:00 [    Test worker] [StandardChronoGraphTransaction]:  Query requires iterating over all vertices. For better performance, use 'has(...)' clauses in your gremlin.
[WARN ] 2017-08-28 19:59:00 [    Test worker] [StandardChronoGraphTransaction]:  Query requires iterating over all edges. For better performance, use 'has(...)' clauses in your gremlin.
[WARN ] 2017-08-28 19:59:00 [    Test worker] [StandardChronoGraphTransaction]:  Query requires iterating over all vertices. For better performance, use 'has(...)' clauses in your gremlin.
[WARN ] 2017-08-28 19:59:00 [    Test worker] [StandardChronoGraphTransaction]:  Query requires iterating over all edges. For better performance, use 'has(...)' clauses in your gremlin.
[WARN ] 2017-08-28 19:59:00 [    Test worker] [StandardChronoGraphTransaction]:  Query requires iterating over all vertices. For better performance, use 'has(...)' clauses in your gremlin.
[WARN ] 2017-08-28 19:59:00 [    Test worker] [StandardChronoGraphTransaction]:  Query requires iterating over all edges. For better performance, use 'has(...)' clauses in your gremlin.
[WARN ] 2017-08-28 19:59:00 [    Test worker] [StandardChronoGraphTransaction]:  Query requires iterating over all vertices. For better performance, use 'has(...)' clauses in your gremlin.
[WARN ] 2017-08-28 19:59:00 [    Test worker] [StandardChronoGraphTransaction]:  Query requires iterating over all edges. For better performance, use 'has(...)' clauses in your gremlin.
[WARN ] 2017-08-28 19:59:00 [    Test worker] [StandardChronoGraphTransaction]:  Query requires iterating over all vertices. For better performance, use 'has(...)' clauses in your gremlin.
[WARN ] 2017-08-28 19:59:00 [    Test worker] [StandardChronoGraphTransaction]:  Query requires iterating over all edges. For better performance, use 'has(...)' clauses in your gremlin.
[WARN ] 2017-08-28 19:59:00 [    Test worker] [StandardChronoGraphTransaction]:  Query requires iterating over all vertices. For better performance, use 'has(...)' clauses in your gremlin.
[WARN ] 2017-08-28 19:59:00 [    Test worker] [StandardChronoGraphTransaction]:  Query requires iterating over all edges. For better performance, use 'has(...)' clauses in your gremlin.
[WARN ] 2017-08-28 19:59:00 [    Test worker] [StandardChronoGraphTransaction]:  Query requires iterating over all vertices. For better performance, use 'has(...)' clauses in your gremlin.
[WARN ] 2017-08-28 19:59:00 [    Test worker] [StandardChronoGraphTransaction]:  Query requires iterating over all edges. For better performance, use 'has(...)' clauses in your gremlin.
[WARN ] 2017-08-28 19:59:00 [    Test worker] [StandardChronoGraphTransaction]:  Query requires iterating over all vertices. For better performance, use 'has(...)' clauses in your gremlin.
[WARN ] 2017-08-28 19:59:00 [    Test worker] [StandardChronoGraphTransaction]:  Query requires iterating over all edges. For better performance, use 'has(...)' clauses in your gremlin.
[WARN ] 2017-08-28 19:59:00 [    Test worker] [StandardChronoGraphTransaction]:  Query requires iterating over all vertices. For better performance, use 'has(...)' clauses in your gremlin.
[WARN ] 2017-08-28 19:59:00 [    Test worker] [StandardChronoGraphTransaction]:  Query requires iterating over all edges. For better performance, use 'has(...)' clauses in your gremlin.
[WARN ] 2017-08-28 19:59:00 [    Test worker] [StandardChronoGraphTransaction]:  Query requires iterating over all vertices. For better performance, use 'has(...)' clauses in your gremlin.
[WARN ] 2017-08-28 19:59:00 [    Test worker] [StandardChronoGraphTransaction]:  Query requires iterating over all edges. For better performance, use 'has(...)' clauses in your gremlin.
[WARN ] 2017-08-28 19:59:00 [    Test worker] [StandardChronoGraphTransaction]:  Query requires iterating over all vertices. For better performance, use 'has(...)' clauses in your gremlin.
[WARN ] 2017-08-28 19:59:00 [    Test worker] [StandardChronoGraphTransaction]:  Query requires iterating over all edges. For better performance, use 'has(...)' clauses in your gremlin.
[WARN ] 2017-08-28 19:59:00 [    Test worker] [StandardChronoGraphTransaction]:  Query requires iterating over all vertices. For better performance, use 'has(...)' clauses in your gremlin.
[WARN ] 2017-08-28 19:59:00 [    Test worker] [StandardChronoGraphTransaction]:  Query requires iterating over all edges. For better performance, use 'has(...)' clauses in your gremlin.
[WARN ] 2017-08-28 19:59:00 [    Test worker] [StandardChronoGraphTransaction]:  Query requires iterating over all vertices. For better performance, use 'has(...)' clauses in your gremlin.
[WARN ] 2017-08-28 19:59:00 [    Test worker] [StandardChronoGraphTransaction]:  Query requires iterating over all edges. For better performance, use 'has(...)' clauses in your gremlin.
[WARN ] 2017-08-28 19:59:00 [    Test worker] [StandardChronoGraphTransaction]:  Query requires iterating over all vertices. For better performance, use 'has(...)' clauses in your gremlin.
[WARN ] 2017-08-28 19:59:00 [    Test worker] [StandardChronoGraphTransaction]:  Query requires iterating over all edges. For better performance, use 'has(...)' clauses in your gremlin.
[WARN ] 2017-08-28 19:59:00 [    Test worker] [StandardChronoGraphTransaction]:  Query requires iterating over all vertices. For better performance, use 'has(...)' clauses in your gremlin.
[WARN ] 2017-08-28 19:59:00 [    Test worker] [StandardChronoGraphTransaction]:  Query requires iterating over all edges. For better performance, use 'has(...)' clauses in your gremlin.
[WARN ] 2017-08-28 19:59:00 [    Test worker] [StandardChronoGraphTransaction]:  Query requires iterating over all vertices. For better performance, use 'has(...)' clauses in your gremlin.
[WARN ] 2017-08-28 19:59:00 [    Test worker] [StandardChronoGraphTransaction]:  Query requires iterating over all edges. For better performance, use 'has(...)' clauses in your gremlin.
[WARN ] 2017-08-28 19:59:00 [    Test worker] [StandardChronoGraphTransaction]:  Query requires iterating over all vertices. For better performance, use 'has(...)' clauses in your gremlin.
[WARN ] 2017-08-28 19:59:00 [    Test worker] [StandardChronoGraphTransaction]:  Query requires iterating over all edges. For better performance, use 'has(...)' clauses in your gremlin.
[WARN ] 2017-08-28 19:59:00 [    Test worker] [StandardChronoGraphTransaction]:  Query requires iterating over all vertices. For better performance, use 'has(...)' clauses in your gremlin.
[WARN ] 2017-08-28 19:59:00 [    Test worker] [StandardChronoGraphTransaction]:  Query requires iterating over all edges. For better performance, use 'has(...)' clauses in your gremlin.
[WARN ] 2017-08-28 19:59:00 [    Test worker] [StandardChronoGraphTransaction]:  Query requires iterating over all vertices. For better performance, use 'has(...)' clauses in your gremlin.
[WARN ] 2017-08-28 19:59:00 [    Test worker] [StandardChronoGraphTransaction]:  Query requires iterating over all edges. For better performance, use 'has(...)' clauses in your gremlin.
[WARN ] 2017-08-28 19:59:00 [    Test worker] [StandardChronoGraphTransaction]:  Query requires iterating over all vertices. For better performance, use 'has(...)' clauses in your gremlin.
[WARN ] 2017-08-28 19:59:00 [    Test worker] [StandardChronoGraphTransaction]:  Query requires iterating over all edges. For better performance, use 'has(...)' clauses in your gremlin.
[WARN ] 2017-08-28 19:59:00 [    Test worker] [StandardChronoGraphTransaction]:  Query requires iterating over all vertices. For better performance, use 'has(...)' clauses in your gremlin.
[WARN ] 2017-08-28 19:59:00 [    Test worker] [StandardChronoGraphTransaction]:  Query requires iterating over all edges. For better performance, use 'has(...)' clauses in your gremlin.
[WARN ] 2017-08-28 19:59:00 [    Test worker] [StandardChronoGraphTransaction]:  Query requires iterating over all vertices. For better performance, use 'has(...)' clauses in your gremlin.
[WARN ] 2017-08-28 19:59:00 [    Test worker] [StandardChronoGraphTransaction]:  Query requires iterating over all edges. For better performance, use 'has(...)' clauses in your gremlin.
[WARN ] 2017-08-28 19:59:00 [    Test worker] [StandardChronoGraphTransaction]:  Query requires iterating over all vertices. For better performance, use 'has(...)' clauses in your gremlin.
[WARN ] 2017-08-28 19:59:00 [    Test worker] [StandardChronoGraphTransaction]:  Query requires iterating over all edges. For better performance, use 'has(...)' clauses in your gremlin.
[WARN ] 2017-08-28 19:59:00 [    Test worker] [StandardChronoGraphTransaction]:  Query requires iterating over all vertices. For better performance, use 'has(...)' clauses in your gremlin.
[WARN ] 2017-08-28 19:59:00 [    Test worker] [StandardChronoGraphTransaction]:  Query requires iterating over all edges. For better performance, use 'has(...)' clauses in your gremlin.
[WARN ] 2017-08-28 19:59:00 [    Test worker] [StandardChronoGraphTransaction]:  Query requires iterating over all vertices. For better performance, use 'has(...)' clauses in your gremlin.
[WARN ] 2017-08-28 19:59:00 [    Test worker] [StandardChronoGraphTransaction]:  Query requires iterating over all edges. For better performance, use 'has(...)' clauses in your gremlin.
[WARN ] 2017-08-28 19:59:00 [    Test worker] [StandardChronoGraphTransaction]:  Query requires iterating over all vertices. For better performance, use 'has(...)' clauses in your gremlin.
[WARN ] 2017-08-28 19:59:00 [    Test worker] [StandardChronoGraphTransaction]:  Query requires iterating over all edges. For better performance, use 'has(...)' clauses in your gremlin.
[WARN ] 2017-08-28 19:59:00 [    Test worker] [StandardChronoGraphTransaction]:  Query requires iterating over all vertices. For better performance, use 'has(...)' clauses in your gremlin.
[WARN ] 2017-08-28 19:59:00 [    Test worker] [StandardChronoGraphTransaction]:  Query requires iterating over all edges. For better performance, use 'has(...)' clauses in your gremlin.
[WARN ] 2017-08-28 19:59:00 [    Test worker] [StandardChronoGraphTransaction]:  Query requires iterating over all vertices. For better performance, use 'has(...)' clauses in your gremlin.
[WARN ] 2017-08-28 19:59:00 [    Test worker] [StandardChronoGraphTransaction]:  Query requires iterating over all edges. For better performance, use 'has(...)' clauses in your gremlin.
[WARN ] 2017-08-28 19:59:00 [    Test worker] [StandardChronoGraphTransaction]:  Query requires iterating over all vertices. For better performance, use 'has(...)' clauses in your gremlin.
[WARN ] 2017-08-28 19:59:00 [    Test worker] [StandardChronoGraphTransaction]:  Query requires iterating over all edges. For better performance, use 'has(...)' clauses in your gremlin.
[WARN ] 2017-08-28 19:59:00 [    Test worker] [StandardChronoGraphTransaction]:  Query requires iterating over all vertices. For better performance, use 'has(...)' clauses in your gremlin.
[WARN ] 2017-08-28 19:59:00 [    Test worker] [StandardChronoGraphTransaction]:  Query requires iterating over all edges. For better performance, use 'has(...)' clauses in your gremlin.
[WARN ] 2017-08-28 19:59:00 [    Test worker] [StandardChronoGraphTransaction]:  Query requires iterating over all vertices. For better performance, use 'has(...)' clauses in your gremlin.
[WARN ] 2017-08-28 19:59:00 [    Test worker] [StandardChronoGraphTransaction]:  Query requires iterating over all edges. For better performance, use 'has(...)' clauses in your gremlin.
[WARN ] 2017-08-28 19:59:00 [    Test worker] [StandardChronoGraphTransaction]:  Query requires iterating over all vertices. For better performance, use 'has(...)' clauses in your gremlin.
[WARN ] 2017-08-28 19:59:00 [    Test worker] [StandardChronoGraphTransaction]:  Query requires iterating over all edges. For better performance, use 'has(...)' clauses in your gremlin.
[WARN ] 2017-08-28 19:59:00 [    Test worker] [StandardChronoGraphTransaction]:  Query requires iterating over all vertices. For better performance, use 'has(...)' clauses in your gremlin.
[WARN ] 2017-08-28 19:59:00 [    Test worker] [StandardChronoGraphTransaction]:  Query requires iterating over all edges. For better performance, use 'has(...)' clauses in your gremlin.
[WARN ] 2017-08-28 19:59:00 [    Test worker] [StandardChronoGraphTransaction]:  Query requires iterating over all vertices. For better performance, use 'has(...)' clauses in your gremlin.
[WARN ] 2017-08-28 19:59:00 [    Test worker] [StandardChronoGraphTransaction]:  Query requires iterating over all edges. For better performance, use 'has(...)' clauses in your gremlin.
[WARN ] 2017-08-28 19:59:00 [    Test worker] [StandardChronoGraphTransaction]:  Query requires iterating over all vertices. For better performance, use 'has(...)' clauses in your gremlin.
[WARN ] 2017-08-28 19:59:00 [    Test worker] [StandardChronoGraphTransaction]:  Query requires iterating over all edges. For better performance, use 'has(...)' clauses in your gremlin.
[WARN ] 2017-08-28 19:59:00 [    Test worker] [StandardChronoGraphTransaction]:  Query requires iterating over all vertices. For better performance, use 'has(...)' clauses in your gremlin.
[WARN ] 2017-08-28 19:59:00 [    Test worker] [StandardChronoGraphTransaction]:  Query requires iterating over all edges. For better performance, use 'has(...)' clauses in your gremlin.
[WARN ] 2017-08-28 19:59:00 [    Test worker] [StandardChronoGraphTransaction]:  Query requires iterating over all vertices. For better performance, use 'has(...)' clauses in your gremlin.
[WARN ] 2017-08-28 19:59:00 [    Test worker] [StandardChronoGraphTransaction]:  Query requires iterating over all edges. For better performance, use 'has(...)' clauses in your gremlin.
[WARN ] 2017-08-28 19:59:00 [    Test worker] [StandardChronoGraphTransaction]:  Query requires iterating over all vertices. For better performance, use 'has(...)' clauses in your gremlin.
[WARN ] 2017-08-28 19:59:00 [    Test worker] [StandardChronoGraphTransaction]:  Query requires iterating over all edges. For better performance, use 'has(...)' clauses in your gremlin.
[WARN ] 2017-08-28 19:59:00 [    Test worker] [StandardChronoGraphTransaction]:  Query requires iterating over all vertices. For better performance, use 'has(...)' clauses in your gremlin.
[WARN ] 2017-08-28 19:59:00 [    Test worker] [StandardChronoGraphTransaction]:  Query requires iterating over all edges. For better performance, use 'has(...)' clauses in your gremlin.
[WARN ] 2017-08-28 19:59:00 [    Test worker] [StandardChronoGraphTransaction]:  Query requires iterating over all vertices. For better performance, use 'has(...)' clauses in your gremlin.
[WARN ] 2017-08-28 19:59:00 [    Test worker] [StandardChronoGraphTransaction]:  Query requires iterating over all edges. For better performance, use 'has(...)' clauses in your gremlin.
[WARN ] 2017-08-28 19:59:00 [    Test worker] [StandardChronoGraphTransaction]:  Query requires iterating over all vertices. For better performance, use 'has(...)' clauses in your gremlin.
[WARN ] 2017-08-28 19:59:00 [    Test worker] [StandardChronoGraphTransaction]:  Query requires iterating over all edges. For better performance, use 'has(...)' clauses in your gremlin.
[WARN ] 2017-08-28 19:59:00 [    Test worker] [StandardChronoGraphTransaction]:  Query requires iterating over all vertices. For better performance, use 'has(...)' clauses in your gremlin.
[WARN ] 2017-08-28 19:59:00 [    Test worker] [StandardChronoGraphTransaction]:  Query requires iterating over all edges. For better performance, use 'has(...)' clauses in your gremlin.
[WARN ] 2017-08-28 19:59:00 [    Test worker] [StandardChronoGraphTransaction]:  Query requires iterating over all vertices. For better performance, use 'has(...)' clauses in your gremlin.
[WARN ] 2017-08-28 19:59:00 [    Test worker] [StandardChronoGraphTransaction]:  Query requires iterating over all edges. For better performance, use 'has(...)' clauses in your gremlin.
[WARN ] 2017-08-28 19:59:00 [    Test worker] [StandardChronoGraphTransaction]:  Query requires iterating over all vertices. For better performance, use 'has(...)' clauses in your gremlin.
[WARN ] 2017-08-28 19:59:00 [    Test worker] [StandardChronoGraphTransaction]:  Query requires iterating over all edges. For better performance, use 'has(...)' clauses in your gremlin.
[WARN ] 2017-08-28 19:59:00 [    Test worker] [StandardChronoGraphTransaction]:  Query requires iterating over all vertices. For better performance, use 'has(...)' clauses in your gremlin.
[WARN ] 2017-08-28 19:59:00 [    Test worker] [StandardChronoGraphTransaction]:  Query requires iterating over all edges. For better performance, use 'has(...)' clauses in your gremlin.
[WARN ] 2017-08-28 19:59:00 [    Test worker] [StandardChronoGraphTransaction]:  Query requires iterating over all vertices. For better performance, use 'has(...)' clauses in your gremlin.
[WARN ] 2017-08-28 19:59:00 [    Test worker] [StandardChronoGraphTransaction]:  Query requires iterating over all edges. For better performance, use 'has(...)' clauses in your gremlin.
[WARN ] 2017-08-28 19:59:00 [    Test worker] [StandardChronoGraphTransaction]:  Query requires iterating over all vertices. For better performance, use 'has(...)' clauses in your gremlin.
[WARN ] 2017-08-28 19:59:00 [    Test worker] [StandardChronoGraphTransaction]:  Query requires iterating over all edges. For better performance, use 'has(...)' clauses in your gremlin.
[WARN ] 2017-08-28 19:59:00 [    Test worker] [StandardChronoGraphTransaction]:  Query requires iterating over all vertices. For better performance, use 'has(...)' clauses in your gremlin.
[WARN ] 2017-08-28 19:59:00 [    Test worker] [StandardChronoGraphTransaction]:  Query requires iterating over all edges. For better performance, use 'has(...)' clauses in your gremlin.
[WARN ] 2017-08-28 19:59:00 [    Test worker] [StandardChronoGraphTransaction]:  Query requires iterating over all vertices. For better performance, use 'has(...)' clauses in your gremlin.
[WARN ] 2017-08-28 19:59:00 [    Test worker] [StandardChronoGraphTransaction]:  Query requires iterating over all edges. For better performance, use 'has(...)' clauses in your gremlin.
[WARN ] 2017-08-28 19:59:00 [    Test worker] [StandardChronoGraphTransaction]:  Query requires iterating over all vertices. For better performance, use 'has(...)' clauses in your gremlin.
[WARN ] 2017-08-28 19:59:00 [    Test worker] [StandardChronoGraphTransaction]:  Query requires iterating over all edges. For better performance, use 'has(...)' clauses in your gremlin.
[WARN ] 2017-08-28 19:59:00 [    Test worker] [StandardChronoGraphTransaction]:  Query requires iterating over all vertices. For better performance, use 'has(...)' clauses in your gremlin.
[WARN ] 2017-08-28 19:59:00 [    Test worker] [StandardChronoGraphTransaction]:  Query requires iterating over all edges. For better performance, use 'has(...)' clauses in your gremlin.
[WARN ] 2017-08-28 19:59:00 [    Test worker] [StandardChronoGraphTransaction]:  Query requires iterating over all vertices. For better performance, use 'has(...)' clauses in your gremlin.
[WARN ] 2017-08-28 19:59:00 [    Test worker] [StandardChronoGraphTransaction]:  Query requires iterating over all edges. For better performance, use 'has(...)' clauses in your gremlin.
[WARN ] 2017-08-28 19:59:00 [    Test worker] [StandardChronoGraphTransaction]:  Query requires iterating over all vertices. For better performance, use 'has(...)' clauses in your gremlin.
[WARN ] 2017-08-28 19:59:00 [    Test worker] [StandardChronoGraphTransaction]:  Query requires iterating over all edges. For better performance, use 'has(...)' clauses in your gremlin.
[WARN ] 2017-08-28 19:59:00 [    Test worker] [StandardChronoGraphTransaction]:  Query requires iterating over all vertices. For better performance, use 'has(...)' clauses in your gremlin.
[WARN ] 2017-08-28 19:59:00 [    Test worker] [StandardChronoGraphTransaction]:  Query requires iterating over all edges. For better performance, use 'has(...)' clauses in your gremlin.
[WARN ] 2017-08-28 19:59:00 [    Test worker] [StandardChronoGraphTransaction]:  Query requires iterating over all vertices. For better performance, use 'has(...)' clauses in your gremlin.
[WARN ] 2017-08-28 19:59:00 [    Test worker] [StandardChronoGraphTransaction]:  Query requires iterating over all edges. For better performance, use 'has(...)' clauses in your gremlin.
[WARN ] 2017-08-28 19:59:00 [    Test worker] [StandardChronoGraphTransaction]:  Query requires iterating over all vertices. For better performance, use 'has(...)' clauses in your gremlin.
[WARN ] 2017-08-28 19:59:00 [    Test worker] [StandardChronoGraphTransaction]:  Query requires iterating over all edges. For better performance, use 'has(...)' clauses in your gremlin.
[WARN ] 2017-08-28 19:59:00 [    Test worker] [StandardChronoGraphTransaction]:  Query requires iterating over all vertices. For better performance, use 'has(...)' clauses in your gremlin.
[WARN ] 2017-08-28 19:59:00 [    Test worker] [StandardChronoGraphTransaction]:  Query requires iterating over all edges. For better performance, use 'has(...)' clauses in your gremlin.
[WARN ] 2017-08-28 19:59:00 [    Test worker] [StandardChronoGraphTransaction]:  Query requires iterating over all vertices. For better performance, use 'has(...)' clauses in your gremlin.
[WARN ] 2017-08-28 19:59:00 [    Test worker] [StandardChronoGraphTransaction]:  Query requires iterating over all edges. For better performance, use 'has(...)' clauses in your gremlin.
[WARN ] 2017-08-28 19:59:00 [    Test worker] [StandardChronoGraphTransaction]:  Query requires iterating over all vertices. For better performance, use 'has(...)' clauses in your gremlin.
[WARN ] 2017-08-28 19:59:00 [    Test worker] [StandardChronoGraphTransaction]:  Query requires iterating over all edges. For better performance, use 'has(...)' clauses in your gremlin.
[WARN ] 2017-08-28 19:59:00 [    Test worker] [StandardChronoGraphTransaction]:  Query requires iterating over all vertices. For better performance, use 'has(...)' clauses in your gremlin.
[WARN ] 2017-08-28 19:59:00 [    Test worker] [StandardChronoGraphTransaction]:  Query requires iterating over all edges. For better performance, use 'has(...)' clauses in your gremlin.
[WARN ] 2017-08-28 19:59:00 [    Test worker] [StandardChronoGraphTransaction]:  Query requires iterating over all vertices. For better performance, use 'has(...)' clauses in your gremlin.
[WARN ] 2017-08-28 19:59:00 [    Test worker] [StandardChronoGraphTransaction]:  Query requires iterating over all edges. For better performance, use 'has(...)' clauses in your gremlin.
[WARN ] 2017-08-28 19:59:00 [    Test worker] [StandardChronoGraphTransaction]:  Query requires iterating over all vertices. For better performance, use 'has(...)' clauses in your gremlin.
[WARN ] 2017-08-28 19:59:00 [    Test worker] [StandardChronoGraphTransaction]:  Query requires iterating over all edges. For better performance, use 'has(...)' clauses in your gremlin.
[WARN ] 2017-08-28 19:59:00 [    Test worker] [StandardChronoGraphTransaction]:  Query requires iterating over all vertices. For better performance, use 'has(...)' clauses in your gremlin.
[WARN ] 2017-08-28 19:59:00 [    Test worker] [StandardChronoGraphTransaction]:  Query requires iterating over all edges. For better performance, use 'has(...)' clauses in your gremlin.
[WARN ] 2017-08-28 19:59:00 [    Test worker] [StandardChronoGraphTransaction]:  Query requires iterating over all vertices. For better performance, use 'has(...)' clauses in your gremlin.
[WARN ] 2017-08-28 19:59:00 [    Test worker] [StandardChronoGraphTransaction]:  Query requires iterating over all edges. For better performance, use 'has(...)' clauses in your gremlin.
[WARN ] 2017-08-28 19:59:00 [    Test worker] [StandardChronoGraphTransaction]:  Query requires iterating over all vertices. For better performance, use 'has(...)' clauses in your gremlin.
[WARN ] 2017-08-28 19:59:00 [    Test worker] [StandardChronoGraphTransaction]:  Query requires iterating over all edges. For better performance, use 'has(...)' clauses in your gremlin.
[WARN ] 2017-08-28 19:59:00 [    Test worker] [StandardChronoGraphTransaction]:  Query requires iterating over all vertices. For better performance, use 'has(...)' clauses in your gremlin.
[WARN ] 2017-08-28 19:59:00 [    Test worker] [StandardChronoGraphTransaction]:  Query requires iterating over all edges. For better performance, use 'has(...)' clauses in your gremlin.
[WARN ] 2017-08-28 19:59:00 [    Test worker] [StandardChronoGraphTransaction]:  Query requires iterating over all vertices. For better performance, use 'has(...)' clauses in your gremlin.
[WARN ] 2017-08-28 19:59:00 [    Test worker] [StandardChronoGraphTransaction]:  Query requires iterating over all edges. For better performance, use 'has(...)' clauses in your gremlin.
[WARN ] 2017-08-28 19:59:00 [    Test worker] [StandardChronoGraphTransaction]:  Query requires iterating over all vertices. For better performance, use 'has(...)' clauses in your gremlin.
[WARN ] 2017-08-28 19:59:00 [    Test worker] [StandardChronoGraphTransaction]:  Query requires iterating over all edges. For better performance, use 'has(...)' clauses in your gremlin.
[WARN ] 2017-08-28 19:59:00 [    Test worker] [StandardChronoGraphTransaction]:  Query requires iterating over all vertices. For better performance, use 'has(...)' clauses in your gremlin.
[WARN ] 2017-08-28 19:59:00 [    Test worker] [StandardChronoGraphTransaction]:  Query requires iterating over all edges. For better performance, use 'has(...)' clauses in your gremlin.
[WARN ] 2017-08-28 19:59:00 [    Test worker] [StandardChronoGraphTransaction]:  Query requires iterating over all vertices. For better performance, use 'has(...)' clauses in your gremlin.
[WARN ] 2017-08-28 19:59:00 [    Test worker] [StandardChronoGraphTransaction]:  Query requires iterating over all edges. For better performance, use 'has(...)' clauses in your gremlin.
[WARN ] 2017-08-28 19:59:00 [    Test worker] [StandardChronoGraphTransaction]:  Query requires iterating over all vertices. For better performance, use 'has(...)' clauses in your gremlin.
[WARN ] 2017-08-28 19:59:00 [    Test worker] [StandardChronoGraphTransaction]:  Query requires iterating over all edges. For better performance, use 'has(...)' clauses in your gremlin.
[WARN ] 2017-08-28 19:59:00 [    Test worker] [StandardChronoGraphTransaction]:  Query requires iterating over all vertices. For better performance, use 'has(...)' clauses in your gremlin.
[WARN ] 2017-08-28 19:59:00 [    Test worker] [StandardChronoGraphTransaction]:  Query requires iterating over all edges. For better performance, use 'has(...)' clauses in your gremlin.
[WARN ] 2017-08-28 19:59:00 [    Test worker] [StandardChronoGraphTransaction]:  Query requires iterating over all vertices. For better performance, use 'has(...)' clauses in your gremlin.
[WARN ] 2017-08-28 19:59:00 [    Test worker] [StandardChronoGraphTransaction]:  Query requires iterating over all edges. For better performance, use 'has(...)' clauses in your gremlin.
[WARN ] 2017-08-28 19:59:00 [    Test worker] [StandardChronoGraphTransaction]:  Query requires iterating over all vertices. For better performance, use 'has(...)' clauses in your gremlin.
[WARN ] 2017-08-28 19:59:00 [    Test worker] [StandardChronoGraphTransaction]:  Query requires iterating over all edges. For better performance, use 'has(...)' clauses in your gremlin.
[WARN ] 2017-08-28 19:59:00 [    Test worker] [StandardChronoGraphTransaction]:  Query requires iterating over all vertices. For better performance, use 'has(...)' clauses in your gremlin.
[WARN ] 2017-08-28 19:59:00 [    Test worker] [StandardChronoGraphTransaction]:  Query requires iterating over all edges. For better performance, use 'has(...)' clauses in your gremlin.
[WARN ] 2017-08-28 19:59:00 [    Test worker] [StandardChronoGraphTransaction]:  Query requires iterating over all vertices. For better performance, use 'has(...)' clauses in your gremlin.
[WARN ] 2017-08-28 19:59:00 [    Test worker] [StandardChronoGraphTransaction]:  Query requires iterating over all edges. For better performance, use 'has(...)' clauses in your gremlin.
[WARN ] 2017-08-28 19:59:00 [    Test worker] [StandardChronoGraphTransaction]:  Query requires iterating over all vertices. For better performance, use 'has(...)' clauses in your gremlin.
[WARN ] 2017-08-28 19:59:00 [    Test worker] [StandardChronoGraphTransaction]:  Query requires iterating over all edges. For better performance, use 'has(...)' clauses in your gremlin.
[WARN ] 2017-08-28 19:59:00 [    Test worker] [StandardChronoGraphTransaction]:  Query requires iterating over all vertices. For better performance, use 'has(...)' clauses in your gremlin.
[WARN ] 2017-08-28 19:59:00 [    Test worker] [StandardChronoGraphTransaction]:  Query requires iterating over all edges. For better performance, use 'has(...)' clauses in your gremlin.
[WARN ] 2017-08-28 19:59:00 [    Test worker] [StandardChronoGraphTransaction]:  Query requires iterating over all vertices. For better performance, use 'has(...)' clauses in your gremlin.
[WARN ] 2017-08-28 19:59:00 [    Test worker] [StandardChronoGraphTransaction]:  Query requires iterating over all edges. For better performance, use 'has(...)' clauses in your gremlin.
[WARN ] 2017-08-28 19:59:00 [    Test worker] [StandardChronoGraphTransaction]:  Query requires iterating over all vertices. For better performance, use 'has(...)' clauses in your gremlin.
[WARN ] 2017-08-28 19:59:00 [    Test worker] [StandardChronoGraphTransaction]:  Query requires iterating over all edges. For better performance, use 'has(...)' clauses in your gremlin.
[WARN ] 2017-08-28 19:59:00 [    Test worker] [StandardChronoGraphTransaction]:  Query requires iterating over all vertices. For better performance, use 'has(...)' clauses in your gremlin.
[WARN ] 2017-08-28 19:59:00 [    Test worker] [StandardChronoGraphTransaction]:  Query requires iterating over all edges. For better performance, use 'has(...)' clauses in your gremlin.
[WARN ] 2017-08-28 19:59:00 [    Test worker] [StandardChronoGraphTransaction]:  Query requires iterating over all vertices. For better performance, use 'has(...)' clauses in your gremlin.
[WARN ] 2017-08-28 19:59:00 [    Test worker] [StandardChronoGraphTransaction]:  Query requires iterating over all edges. For better performance, use 'has(...)' clauses in your gremlin.
[WARN ] 2017-08-28 19:59:00 [    Test worker] [StandardChronoGraphTransaction]:  Query requires iterating over all vertices. For better performance, use 'has(...)' clauses in your gremlin.
[WARN ] 2017-08-28 19:59:00 [    Test worker] [StandardChronoGraphTransaction]:  Query requires iterating over all edges. For better performance, use 'has(...)' clauses in your gremlin.
[WARN ] 2017-08-28 19:59:00 [    Test worker] [StandardChronoGraphTransaction]:  Query requires iterating over all vertices. For better performance, use 'has(...)' clauses in your gremlin.
[WARN ] 2017-08-28 19:59:00 [    Test worker] [StandardChronoGraphTransaction]:  Query requires iterating over all edges. For better performance, use 'has(...)' clauses in your gremlin.
[WARN ] 2017-08-28 19:59:00 [    Test worker] [StandardChronoGraphTransaction]:  Query requires iterating over all vertices. For better performance, use 'has(...)' clauses in your gremlin.
[WARN ] 2017-08-28 19:59:00 [    Test worker] [StandardChronoGraphTransaction]:  Query requires iterating over all edges. For better performance, use 'has(...)' clauses in your gremlin.
[WARN ] 2017-08-28 19:59:00 [    Test worker] [StandardChronoGraphTransaction]:  Query requires iterating over all vertices. For better performance, use 'has(...)' clauses in your gremlin.
[WARN ] 2017-08-28 19:59:00 [    Test worker] [StandardChronoGraphTransaction]:  Query requires iterating over all edges. For better performance, use 'has(...)' clauses in your gremlin.
[WARN ] 2017-08-28 19:59:00 [    Test worker] [StandardChronoGraphTransaction]:  Query requires iterating over all vertices. For better performance, use 'has(...)' clauses in your gremlin.
[WARN ] 2017-08-28 19:59:00 [    Test worker] [StandardChronoGraphTransaction]:  Query requires iterating over all edges. For better performance, use 'has(...)' clauses in your gremlin.
[WARN ] 2017-08-28 19:59:00 [    Test worker] [StandardChronoGraphTransaction]:  Query requires iterating over all vertices. For better performance, use 'has(...)' clauses in your gremlin.
[WARN ] 2017-08-28 19:59:00 [    Test worker] [StandardChronoGraphTransaction]:  Query requires iterating over all edges. For better performance, use 'has(...)' clauses in your gremlin.
[WARN ] 2017-08-28 19:59:00 [    Test worker] [StandardChronoGraphTransaction]:  Query requires iterating over all vertices. For better performance, use 'has(...)' clauses in your gremlin.
[WARN ] 2017-08-28 19:59:00 [    Test worker] [StandardChronoGraphTransaction]:  Query requires iterating over all edges. For better performance, use 'has(...)' clauses in your gremlin.
[WARN ] 2017-08-28 19:59:00 [    Test worker] [StandardChronoGraphTransaction]:  Query requires iterating over all vertices. For better performance, use 'has(...)' clauses in your gremlin.
[WARN ] 2017-08-28 19:59:00 [    Test worker] [StandardChronoGraphTransaction]:  Query requires iterating over all edges. For better performance, use 'has(...)' clauses in your gremlin.
[WARN ] 2017-08-28 19:59:00 [    Test worker] [StandardChronoGraphTransaction]:  Query requires iterating over all vertices. For better performance, use 'has(...)' clauses in your gremlin.
[WARN ] 2017-08-28 19:59:00 [    Test worker] [StandardChronoGraphTransaction]:  Query requires iterating over all edges. For better performance, use 'has(...)' clauses in your gremlin.
[WARN ] 2017-08-28 19:59:00 [    Test worker] [StandardChronoGraphTransaction]:  Query requires iterating over all vertices. For better performance, use 'has(...)' clauses in your gremlin.
[WARN ] 2017-08-28 19:59:00 [    Test worker] [StandardChronoGraphTransaction]:  Query requires iterating over all edges. For better performance, use 'has(...)' clauses in your gremlin.
[WARN ] 2017-08-28 19:59:00 [    Test worker] [StandardChronoGraphTransaction]:  Query requires iterating over all vertices. For better performance, use 'has(...)' clauses in your gremlin.
[WARN ] 2017-08-28 19:59:00 [    Test worker] [StandardChronoGraphTransaction]:  Query requires iterating over all edges. For better performance, use 'has(...)' clauses in your gremlin.
[WARN ] 2017-08-28 19:59:00 [    Test worker] [StandardChronoGraphTransaction]:  Query requires iterating over all vertices. For better performance, use 'has(...)' clauses in your gremlin.
[WARN ] 2017-08-28 19:59:00 [    Test worker] [StandardChronoGraphTransaction]:  Query requires iterating over all edges. For better performance, use 'has(...)' clauses in your gremlin.
[WARN ] 2017-08-28 19:59:00 [    Test worker] [StandardChronoGraphTransaction]:  Query requires iterating over all vertices. For better performance, use 'has(...)' clauses in your gremlin.
[WARN ] 2017-08-28 19:59:00 [    Test worker] [StandardChronoGraphTransaction]:  Query requires iterating over all edges. For better performance, use 'has(...)' clauses in your gremlin.
[WARN ] 2017-08-28 19:59:00 [    Test worker] [StandardChronoGraphTransaction]:  Query requires iterating over all vertices. For better performance, use 'has(...)' clauses in your gremlin.
[WARN ] 2017-08-28 19:59:00 [    Test worker] [StandardChronoGraphTransaction]:  Query requires iterating over all edges. For better performance, use 'has(...)' clauses in your gremlin.
[WARN ] 2017-08-28 19:59:00 [    Test worker] [StandardChronoGraphTransaction]:  Query requires iterating over all vertices. For better performance, use 'has(...)' clauses in your gremlin.
[WARN ] 2017-08-28 19:59:00 [    Test worker] [StandardChronoGraphTransaction]:  Query requires iterating over all edges. For better performance, use 'has(...)' clauses in your gremlin.
[WARN ] 2017-08-28 19:59:00 [    Test worker] [StandardChronoGraphTransaction]:  Query requires iterating over all vertices. For better performance, use 'has(...)' clauses in your gremlin.
[WARN ] 2017-08-28 19:59:00 [    Test worker] [StandardChronoGraphTransaction]:  Query requires iterating over all edges. For better performance, use 'has(...)' clauses in your gremlin.
[WARN ] 2017-08-28 19:59:00 [    Test worker] [StandardChronoGraphTransaction]:  Query requires iterating over all vertices. For better performance, use 'has(...)' clauses in your gremlin.
[WARN ] 2017-08-28 19:59:00 [    Test worker] [StandardChronoGraphTransaction]:  Query requires iterating over all edges. For better performance, use 'has(...)' clauses in your gremlin.
[WARN ] 2017-08-28 19:59:00 [    Test worker] [StandardChronoGraphTransaction]:  Query requires iterating over all vertices. For better performance, use 'has(...)' clauses in your gremlin.
[WARN ] 2017-08-28 19:59:00 [    Test worker] [StandardChronoGraphTransaction]:  Query requires iterating over all edges. For better performance, use 'has(...)' clauses in your gremlin.
[WARN ] 2017-08-28 19:59:00 [    Test worker] [StandardChronoGraphTransaction]:  Query requires iterating over all vertices. For better performance, use 'has(...)' clauses in your gremlin.
[WARN ] 2017-08-28 19:59:00 [    Test worker] [StandardChronoGraphTransaction]:  Query requires iterating over all edges. For better performance, use 'has(...)' clauses in your gremlin.
[WARN ] 2017-08-28 19:59:00 [    Test worker] [StandardChronoGraphTransaction]:  Query requires iterating over all vertices. For better performance, use 'has(...)' clauses in your gremlin.
[WARN ] 2017-08-28 19:59:00 [    Test worker] [StandardChronoGraphTransaction]:  Query requires iterating over all edges. For better performance, use 'has(...)' clauses in your gremlin.
[WARN ] 2017-08-28 19:59:00 [    Test worker] [StandardChronoGraphTransaction]:  Query requires iterating over all vertices. For better performance, use 'has(...)' clauses in your gremlin.
[WARN ] 2017-08-28 19:59:00 [    Test worker] [StandardChronoGraphTransaction]:  Query requires iterating over all edges. For better performance, use 'has(...)' clauses in your gremlin.
[WARN ] 2017-08-28 19:59:00 [    Test worker] [StandardChronoGraphTransaction]:  Query requires iterating over all vertices. For better performance, use 'has(...)' clauses in your gremlin.
[WARN ] 2017-08-28 19:59:00 [    Test worker] [StandardChronoGraphTransaction]:  Query requires iterating over all edges. For better performance, use 'has(...)' clauses in your gremlin.
[WARN ] 2017-08-28 19:59:00 [    Test worker] [StandardChronoGraphTransaction]:  Query requires iterating over all vertices. For better performance, use 'has(...)' clauses in your gremlin.
[WARN ] 2017-08-28 19:59:00 [    Test worker] [StandardChronoGraphTransaction]:  Query requires iterating over all edges. For better performance, use 'has(...)' clauses in your gremlin.
[WARN ] 2017-08-28 19:59:00 [    Test worker] [StandardChronoGraphTransaction]:  Query requires iterating over all vertices. For better performance, use 'has(...)' clauses in your gremlin.
[WARN ] 2017-08-28 19:59:00 [    Test worker] [StandardChronoGraphTransaction]:  Query requires iterating over all edges. For better performance, use 'has(...)' clauses in your gremlin.
[WARN ] 2017-08-28 19:59:00 [    Test worker] [StandardChronoGraphTransaction]:  Query requires iterating over all vertices. For better performance, use 'has(...)' clauses in your gremlin.
[WARN ] 2017-08-28 19:59:00 [    Test worker] [StandardChronoGraphTransaction]:  Query requires iterating over all edges. For better performance, use 'has(...)' clauses in your gremlin.
[WARN ] 2017-08-28 19:59:00 [    Test worker] [StandardChronoGraphTransaction]:  Query requires iterating over all vertices. For better performance, use 'has(...)' clauses in your gremlin.
[WARN ] 2017-08-28 19:59:00 [    Test worker] [StandardChronoGraphTransaction]:  Query requires iterating over all edges. For better performance, use 'has(...)' clauses in your gremlin.
[WARN ] 2017-08-28 19:59:00 [    Test worker] [StandardChronoGraphTransaction]:  Query requires iterating over all vertices. For better performance, use 'has(...)' clauses in your gremlin.
[WARN ] 2017-08-28 19:59:00 [    Test worker] [StandardChronoGraphTransaction]:  Query requires iterating over all edges. For better performance, use 'has(...)' clauses in your gremlin.
[WARN ] 2017-08-28 19:59:00 [    Test worker] [StandardChronoGraphTransaction]:  Query requires iterating over all vertices. For better performance, use 'has(...)' clauses in your gremlin.
[WARN ] 2017-08-28 19:59:00 [    Test worker] [StandardChronoGraphTransaction]:  Query requires iterating over all edges. For better performance, use 'has(...)' clauses in your gremlin.
[WARN ] 2017-08-28 19:59:00 [    Test worker] [StandardChronoGraphTransaction]:  Query requires iterating over all vertices. For better performance, use 'has(...)' clauses in your gremlin.
[WARN ] 2017-08-28 19:59:00 [    Test worker] [StandardChronoGraphTransaction]:  Query requires iterating over all edges. For better performance, use 'has(...)' clauses in your gremlin.
[WARN ] 2017-08-28 19:59:00 [    Test worker] [StandardChronoGraphTransaction]:  Query requires iterating over all vertices. For better performance, use 'has(...)' clauses in your gremlin.
[WARN ] 2017-08-28 19:59:00 [    Test worker] [StandardChronoGraphTransaction]:  Query requires iterating over all edges. For better performance, use 'has(...)' clauses in your gremlin.
[WARN ] 2017-08-28 19:59:00 [    Test worker] [StandardChronoGraphTransaction]:  Query requires iterating over all vertices. For better performance, use 'has(...)' clauses in your gremlin.
[WARN ] 2017-08-28 19:59:00 [    Test worker] [StandardChronoGraphTransaction]:  Query requires iterating over all edges. For better performance, use 'has(...)' clauses in your gremlin.
[WARN ] 2017-08-28 19:59:00 [    Test worker] [StandardChronoGraphTransaction]:  Query requires iterating over all vertices. For better performance, use 'has(...)' clauses in your gremlin.
[WARN ] 2017-08-28 19:59:00 [    Test worker] [StandardChronoGraphTransaction]:  Query requires iterating over all edges. For better performance, use 'has(...)' clauses in your gremlin.
[WARN ] 2017-08-28 19:59:00 [    Test worker] [StandardChronoGraphTransaction]:  Query requires iterating over all vertices. For better performance, use 'has(...)' clauses in your gremlin.
[WARN ] 2017-08-28 19:59:00 [    Test worker] [StandardChronoGraphTransaction]:  Query requires iterating over all edges. For better performance, use 'has(...)' clauses in your gremlin.
[WARN ] 2017-08-28 19:59:00 [    Test worker] [StandardChronoGraphTransaction]:  Query requires iterating over all vertices. For better performance, use 'has(...)' clauses in your gremlin.
[WARN ] 2017-08-28 19:59:00 [    Test worker] [StandardChronoGraphTransaction]:  Query requires iterating over all edges. For better performance, use 'has(...)' clauses in your gremlin.
[WARN ] 2017-08-28 19:59:00 [    Test worker] [StandardChronoGraphTransaction]:  Query requires iterating over all vertices. For better performance, use 'has(...)' clauses in your gremlin.
[WARN ] 2017-08-28 19:59:00 [    Test worker] [StandardChronoGraphTransaction]:  Query requires iterating over all edges. For better performance, use 'has(...)' clauses in your gremlin.
[WARN ] 2017-08-28 19:59:00 [    Test worker] [StandardChronoGraphTransaction]:  Query requires iterating over all vertices. For better performance, use 'has(...)' clauses in your gremlin.
[WARN ] 2017-08-28 19:59:00 [    Test worker] [StandardChronoGraphTransaction]:  Query requires iterating over all edges. For better performance, use 'has(...)' clauses in your gremlin.
[WARN ] 2017-08-28 19:59:00 [    Test worker] [StandardChronoGraphTransaction]:  Query requires iterating over all vertices. For better performance, use 'has(...)' clauses in your gremlin.
[WARN ] 2017-08-28 19:59:00 [    Test worker] [StandardChronoGraphTransaction]:  Query requires iterating over all edges. For better performance, use 'has(...)' clauses in your gremlin.
[WARN ] 2017-08-28 19:59:00 [    Test worker] [StandardChronoGraphTransaction]:  Query requires iterating over all vertices. For better performance, use 'has(...)' clauses in your gremlin.
[WARN ] 2017-08-28 19:59:00 [    Test worker] [StandardChronoGraphTransaction]:  Query requires iterating over all edges. For better performance, use 'has(...)' clauses in your gremlin.
[WARN ] 2017-08-28 19:59:00 [    Test worker] [StandardChronoGraphTransaction]:  Query requires iterating over all vertices. For better performance, use 'has(...)' clauses in your gremlin.
[WARN ] 2017-08-28 19:59:00 [    Test worker] [StandardChronoGraphTransaction]:  Query requires iterating over all edges. For better performance, use 'has(...)' clauses in your gremlin.
[WARN ] 2017-08-28 19:59:00 [    Test worker] [StandardChronoGraphTransaction]:  Query requires iterating over all vertices. For better performance, use 'has(...)' clauses in your gremlin.
[WARN ] 2017-08-28 19:59:00 [    Test worker] [StandardChronoGraphTransaction]:  Query requires iterating over all edges. For better performance, use 'has(...)' clauses in your gremlin.
[WARN ] 2017-08-28 19:59:00 [    Test worker] [StandardChronoGraphTransaction]:  Query requires iterating over all vertices. For better performance, use 'has(...)' clauses in your gremlin.
[WARN ] 2017-08-28 19:59:00 [    Test worker] [StandardChronoGraphTransaction]:  Query requires iterating over all edges. For better performance, use 'has(...)' clauses in your gremlin.
[WARN ] 2017-08-28 19:59:00 [    Test worker] [StandardChronoGraphTransaction]:  Query requires iterating over all vertices. For better performance, use 'has(...)' clauses in your gremlin.
[WARN ] 2017-08-28 19:59:00 [    Test worker] [StandardChronoGraphTransaction]:  Query requires iterating over all edges. For better performance, use 'has(...)' clauses in your gremlin.
[WARN ] 2017-08-28 19:59:00 [    Test worker] [StandardChronoGraphTransaction]:  Query requires iterating over all vertices. For better performance, use 'has(...)' clauses in your gremlin.
[WARN ] 2017-08-28 19:59:00 [    Test worker] [StandardChronoGraphTransaction]:  Query requires iterating over all edges. For better performance, use 'has(...)' clauses in your gremlin.
[WARN ] 2017-08-28 19:59:00 [    Test worker] [StandardChronoGraphTransaction]:  Query requires iterating over all vertices. For better performance, use 'has(...)' clauses in your gremlin.
[WARN ] 2017-08-28 19:59:00 [    Test worker] [StandardChronoGraphTransaction]:  Query requires iterating over all edges. For better performance, use 'has(...)' clauses in your gremlin.
[WARN ] 2017-08-28 19:59:00 [    Test worker] [StandardChronoGraphTransaction]:  Query requires iterating over all vertices. For better performance, use 'has(...)' clauses in your gremlin.
[WARN ] 2017-08-28 19:59:00 [    Test worker] [StandardChronoGraphTransaction]:  Query requires iterating over all edges. For better performance, use 'has(...)' clauses in your gremlin.
[WARN ] 2017-08-28 19:59:00 [    Test worker] [StandardChronoGraphTransaction]:  Query requires iterating over all vertices. For better performance, use 'has(...)' clauses in your gremlin.
[WARN ] 2017-08-28 19:59:00 [    Test worker] [StandardChronoGraphTransaction]:  Query requires iterating over all edges. For better performance, use 'has(...)' clauses in your gremlin.
[WARN ] 2017-08-28 19:59:00 [    Test worker] [StandardChronoGraphTransaction]:  Query requires iterating over all vertices. For better performance, use 'has(...)' clauses in your gremlin.
[WARN ] 2017-08-28 19:59:00 [    Test worker] [StandardChronoGraphTransaction]:  Query requires iterating over all edges. For better performance, use 'has(...)' clauses in your gremlin.
[WARN ] 2017-08-28 19:59:00 [    Test worker] [StandardChronoGraphTransaction]:  Query requires iterating over all vertices. For better performance, use 'has(...)' clauses in your gremlin.
[WARN ] 2017-08-28 19:59:00 [    Test worker] [StandardChronoGraphTransaction]:  Query requires iterating over all edges. For better performance, use 'has(...)' clauses in your gremlin.
[WARN ] 2017-08-28 19:59:00 [    Test worker] [StandardChronoGraphTransaction]:  Query requires iterating over all vertices. For better performance, use 'has(...)' clauses in your gremlin.
[WARN ] 2017-08-28 19:59:00 [    Test worker] [StandardChronoGraphTransaction]:  Query requires iterating over all edges. For better performance, use 'has(...)' clauses in your gremlin.
[WARN ] 2017-08-28 19:59:00 [    Test worker] [StandardChronoGraphTransaction]:  Query requires iterating over all vertices. For better performance, use 'has(...)' clauses in your gremlin.
[WARN ] 2017-08-28 19:59:00 [    Test worker] [StandardChronoGraphTransaction]:  Query requires iterating over all edges. For better performance, use 'has(...)' clauses in your gremlin.
[WARN ] 2017-08-28 19:59:00 [    Test worker] [StandardChronoGraphTransaction]:  Query requires iterating over all vertices. For better performance, use 'has(...)' clauses in your gremlin.
[WARN ] 2017-08-28 19:59:00 [    Test worker] [StandardChronoGraphTransaction]:  Query requires iterating over all edges. For better performance, use 'has(...)' clauses in your gremlin.
[WARN ] 2017-08-28 19:59:00 [    Test worker] [StandardChronoGraphTransaction]:  Query requires iterating over all vertices. For better performance, use 'has(...)' clauses in your gremlin.
[WARN ] 2017-08-28 19:59:00 [    Test worker] [StandardChronoGraphTransaction]:  Query requires iterating over all edges. For better performance, use 'has(...)' clauses in your gremlin.
[WARN ] 2017-08-28 19:59:00 [    Test worker] [StandardChronoGraphTransaction]:  Query requires iterating over all vertices. For better performance, use 'has(...)' clauses in your gremlin.
[WARN ] 2017-08-28 19:59:00 [    Test worker] [StandardChronoGraphTransaction]:  Query requires iterating over all edges. For better performance, use 'has(...)' clauses in your gremlin.
[WARN ] 2017-08-28 19:59:00 [    Test worker] [StandardChronoGraphTransaction]:  Query requires iterating over all vertices. For better performance, use 'has(...)' clauses in your gremlin.
[WARN ] 2017-08-28 19:59:00 [    Test worker] [StandardChronoGraphTransaction]:  Query requires iterating over all edges. For better performance, use 'has(...)' clauses in your gremlin.
[WARN ] 2017-08-28 19:59:00 [    Test worker] [StandardChronoGraphTransaction]:  Query requires iterating over all vertices. For better performance, use 'has(...)' clauses in your gremlin.
[WARN ] 2017-08-28 19:59:00 [    Test worker] [StandardChronoGraphTransaction]:  Query requires iterating over all edges. For better performance, use 'has(...)' clauses in your gremlin.
[WARN ] 2017-08-28 19:59:00 [    Test worker] [StandardChronoGraphTransaction]:  Query requires iterating over all vertices. For better performance, use 'has(...)' clauses in your gremlin.
[WARN ] 2017-08-28 19:59:00 [    Test worker] [StandardChronoGraphTransaction]:  Query requires iterating over all edges. For better performance, use 'has(...)' clauses in your gremlin.
[WARN ] 2017-08-28 19:59:00 [    Test worker] [StandardChronoGraphTransaction]:  Query requires iterating over all vertices. For better performance, use 'has(...)' clauses in your gremlin.
[WARN ] 2017-08-28 19:59:00 [    Test worker] [StandardChronoGraphTransaction]:  Query requires iterating over all edges. For better performance, use 'has(...)' clauses in your gremlin.
[WARN ] 2017-08-28 19:59:00 [    Test worker] [StandardChronoGraphTransaction]:  Query requires iterating over all vertices. For better performance, use 'has(...)' clauses in your gremlin.
[WARN ] 2017-08-28 19:59:00 [    Test worker] [StandardChronoGraphTransaction]:  Query requires iterating over all edges. For better performance, use 'has(...)' clauses in your gremlin.
[WARN ] 2017-08-28 19:59:00 [    Test worker] [StandardChronoGraphTransaction]:  Query requires iterating over all vertices. For better performance, use 'has(...)' clauses in your gremlin.
[WARN ] 2017-08-28 19:59:00 [    Test worker] [StandardChronoGraphTransaction]:  Query requires iterating over all edges. For better performance, use 'has(...)' clauses in your gremlin.
[WARN ] 2017-08-28 19:59:00 [    Test worker] [StandardChronoGraphTransaction]:  Query requires iterating over all vertices. For better performance, use 'has(...)' clauses in your gremlin.
[WARN ] 2017-08-28 19:59:00 [    Test worker] [StandardChronoGraphTransaction]:  Query requires iterating over all edges. For better performance, use 'has(...)' clauses in your gremlin.
[WARN ] 2017-08-28 19:59:00 [    Test worker] [StandardChronoGraphTransaction]:  Query requires iterating over all vertices. For better performance, use 'has(...)' clauses in your gremlin.
[WARN ] 2017-08-28 19:59:00 [    Test worker] [StandardChronoGraphTransaction]:  Query requires iterating over all edges. For better performance, use 'has(...)' clauses in your gremlin.
[WARN ] 2017-08-28 19:59:00 [    Test worker] [StandardChronoGraphTransaction]:  Query requires iterating over all vertices. For better performance, use 'has(...)' clauses in your gremlin.
[WARN ] 2017-08-28 19:59:00 [    Test worker] [StandardChronoGraphTransaction]:  Query requires iterating over all edges. For better performance, use 'has(...)' clauses in your gremlin.
[WARN ] 2017-08-28 19:59:00 [    Test worker] [StandardChronoGraphTransaction]:  Query requires iterating over all vertices. For better performance, use 'has(...)' clauses in your gremlin.
[WARN ] 2017-08-28 19:59:00 [    Test worker] [StandardChronoGraphTransaction]:  Query requires iterating over all edges. For better performance, use 'has(...)' clauses in your gremlin.
[WARN ] 2017-08-28 19:59:00 [    Test worker] [StandardChronoGraphTransaction]:  Query requires iterating over all vertices. For better performance, use 'has(...)' clauses in your gremlin.
[WARN ] 2017-08-28 19:59:00 [    Test worker] [StandardChronoGraphTransaction]:  Query requires iterating over all edges. For better performance, use 'has(...)' clauses in your gremlin.
[WARN ] 2017-08-28 19:59:00 [    Test worker] [StandardChronoGraphTransaction]:  Query requires iterating over all vertices. For better performance, use 'has(...)' clauses in your gremlin.
[WARN ] 2017-08-28 19:59:00 [    Test worker] [StandardChronoGraphTransaction]:  Query requires iterating over all edges. For better performance, use 'has(...)' clauses in your gremlin.
[WARN ] 2017-08-28 19:59:00 [    Test worker] [StandardChronoGraphTransaction]:  Query requires iterating over all vertices. For better performance, use 'has(...)' clauses in your gremlin.
[WARN ] 2017-08-28 19:59:00 [    Test worker] [StandardChronoGraphTransaction]:  Query requires iterating over all edges. For better performance, use 'has(...)' clauses in your gremlin.
[WARN ] 2017-08-28 19:59:00 [    Test worker] [StandardChronoGraphTransaction]:  Query requires iterating over all vertices. For better performance, use 'has(...)' clauses in your gremlin.
[WARN ] 2017-08-28 19:59:00 [    Test worker] [StandardChronoGraphTransaction]:  Query requires iterating over all edges. For better performance, use 'has(...)' clauses in your gremlin.
[WARN ] 2017-08-28 19:59:00 [    Test worker] [StandardChronoGraphTransaction]:  Query requires iterating over all vertices. For better performance, use 'has(...)' clauses in your gremlin.
[WARN ] 2017-08-28 19:59:00 [    Test worker] [StandardChronoGraphTransaction]:  Query requires iterating over all edges. For better performance, use 'has(...)' clauses in your gremlin.
[WARN ] 2017-08-28 19:59:00 [    Test worker] [StandardChronoGraphTransaction]:  Query requires iterating over all vertices. For better performance, use 'has(...)' clauses in your gremlin.
[WARN ] 2017-08-28 19:59:00 [    Test worker] [StandardChronoGraphTransaction]:  Query requires iterating over all edges. For better performance, use 'has(...)' clauses in your gremlin.
[WARN ] 2017-08-28 19:59:00 [    Test worker] [StandardChronoGraphTransaction]:  Query requires iterating over all vertices. For better performance, use 'has(...)' clauses in your gremlin.
[WARN ] 2017-08-28 19:59:00 [    Test worker] [StandardChronoGraphTransaction]:  Query requires iterating over all edges. For better performance, use 'has(...)' clauses in your gremlin.
[WARN ] 2017-08-28 19:59:00 [    Test worker] [StandardChronoGraphTransaction]:  Query requires iterating over all vertices. For better performance, use 'has(...)' clauses in your gremlin.
[WARN ] 2017-08-28 19:59:00 [    Test worker] [StandardChronoGraphTransaction]:  Query requires iterating over all edges. For better performance, use 'has(...)' clauses in your gremlin.
[WARN ] 2017-08-28 19:59:00 [    Test worker] [StandardChronoGraphTransaction]:  Query requires iterating over all vertices. For better performance, use 'has(...)' clauses in your gremlin.
[WARN ] 2017-08-28 19:59:00 [    Test worker] [StandardChronoGraphTransaction]:  Query requires iterating over all edges. For better performance, use 'has(...)' clauses in your gremlin.
[WARN ] 2017-08-28 19:59:00 [    Test worker] [StandardChronoGraphTransaction]:  Query requires iterating over all vertices. For better performance, use 'has(...)' clauses in your gremlin.
[WARN ] 2017-08-28 19:59:00 [    Test worker] [StandardChronoGraphTransaction]:  Query requires iterating over all edges. For better performance, use 'has(...)' clauses in your gremlin.
[WARN ] 2017-08-28 19:59:00 [    Test worker] [StandardChronoGraphTransaction]:  Query requires iterating over all vertices. For better performance, use 'has(...)' clauses in your gremlin.
[WARN ] 2017-08-28 19:59:00 [    Test worker] [StandardChronoGraphTransaction]:  Query requires iterating over all edges. For better performance, use 'has(...)' clauses in your gremlin.
[WARN ] 2017-08-28 19:59:00 [    Test worker] [StandardChronoGraphTransaction]:  Query requires iterating over all vertices. For better performance, use 'has(...)' clauses in your gremlin.
[WARN ] 2017-08-28 19:59:00 [    Test worker] [StandardChronoGraphTransaction]:  Query requires iterating over all edges. For better performance, use 'has(...)' clauses in your gremlin.
[WARN ] 2017-08-28 19:59:00 [    Test worker] [StandardChronoGraphTransaction]:  Query requires iterating over all vertices. For better performance, use 'has(...)' clauses in your gremlin.
[WARN ] 2017-08-28 19:59:00 [    Test worker] [StandardChronoGraphTransaction]:  Query requires iterating over all edges. For better performance, use 'has(...)' clauses in your gremlin.
[WARN ] 2017-08-28 19:59:00 [    Test worker] [StandardChronoGraphTransaction]:  Query requires iterating over all vertices. For better performance, use 'has(...)' clauses in your gremlin.
[WARN ] 2017-08-28 19:59:00 [    Test worker] [StandardChronoGraphTransaction]:  Query requires iterating over all edges. For better performance, use 'has(...)' clauses in your gremlin.
[WARN ] 2017-08-28 19:59:00 [    Test worker] [StandardChronoGraphTransaction]:  Query requires iterating over all vertices. For better performance, use 'has(...)' clauses in your gremlin.
[WARN ] 2017-08-28 19:59:00 [    Test worker] [StandardChronoGraphTransaction]:  Query requires iterating over all edges. For better performance, use 'has(...)' clauses in your gremlin.
[WARN ] 2017-08-28 19:59:00 [    Test worker] [StandardChronoGraphTransaction]:  Query requires iterating over all vertices. For better performance, use 'has(...)' clauses in your gremlin.
[WARN ] 2017-08-28 19:59:00 [    Test worker] [StandardChronoGraphTransaction]:  Query requires iterating over all edges. For better performance, use 'has(...)' clauses in your gremlin.
[WARN ] 2017-08-28 19:59:00 [    Test worker] [StandardChronoGraphTransaction]:  Query requires iterating over all vertices. For better performance, use 'has(...)' clauses in your gremlin.
[WARN ] 2017-08-28 19:59:00 [    Test worker] [StandardChronoGraphTransaction]:  Query requires iterating over all edges. For better performance, use 'has(...)' clauses in your gremlin.
[WARN ] 2017-08-28 19:59:00 [    Test worker] [StandardChronoGraphTransaction]:  Query requires iterating over all vertices. For better performance, use 'has(...)' clauses in your gremlin.
[WARN ] 2017-08-28 19:59:00 [    Test worker] [StandardChronoGraphTransaction]:  Query requires iterating over all edges. For better performance, use 'has(...)' clauses in your gremlin.
[WARN ] 2017-08-28 19:59:00 [    Test worker] [StandardChronoGraphTransaction]:  Query requires iterating over all vertices. For better performance, use 'has(...)' clauses in your gremlin.
[WARN ] 2017-08-28 19:59:00 [    Test worker] [StandardChronoGraphTransaction]:  Query requires iterating over all edges. For better performance, use 'has(...)' clauses in your gremlin.
[WARN ] 2017-08-28 19:59:00 [    Test worker] [StandardChronoGraphTransaction]:  Query requires iterating over all vertices. For better performance, use 'has(...)' clauses in your gremlin.
[WARN ] 2017-08-28 19:59:00 [    Test worker] [StandardChronoGraphTransaction]:  Query requires iterating over all edges. For better performance, use 'has(...)' clauses in your gremlin.
[WARN ] 2017-08-28 19:59:00 [    Test worker] [StandardChronoGraphTransaction]:  Query requires iterating over all vertices. For better performance, use 'has(...)' clauses in your gremlin.
[WARN ] 2017-08-28 19:59:00 [    Test worker] [StandardChronoGraphTransaction]:  Query requires iterating over all edges. For better performance, use 'has(...)' clauses in your gremlin.
[WARN ] 2017-08-28 19:59:00 [    Test worker] [StandardChronoGraphTransaction]:  Query requires iterating over all vertices. For better performance, use 'has(...)' clauses in your gremlin.
[WARN ] 2017-08-28 19:59:00 [    Test worker] [StandardChronoGraphTransaction]:  Query requires iterating over all edges. For better performance, use 'has(...)' clauses in your gremlin.
[WARN ] 2017-08-28 19:59:00 [    Test worker] [StandardChronoGraphTransaction]:  Query requires iterating over all vertices. For better performance, use 'has(...)' clauses in your gremlin.
[WARN ] 2017-08-28 19:59:00 [    Test worker] [StandardChronoGraphTransaction]:  Query requires iterating over all edges. For better performance, use 'has(...)' clauses in your gremlin.
[WARN ] 2017-08-28 19:59:00 [    Test worker] [StandardChronoGraphTransaction]:  Query requires iterating over all vertices. For better performance, use 'has(...)' clauses in your gremlin.
[WARN ] 2017-08-28 19:59:00 [    Test worker] [StandardChronoGraphTransaction]:  Query requires iterating over all edges. For better performance, use 'has(...)' clauses in your gremlin.
[WARN ] 2017-08-28 19:59:00 [    Test worker] [StandardChronoGraphTransaction]:  Query requires iterating over all vertices. For better performance, use 'has(...)' clauses in your gremlin.
[WARN ] 2017-08-28 19:59:00 [    Test worker] [StandardChronoGraphTransaction]:  Query requires iterating over all edges. For better performance, use 'has(...)' clauses in your gremlin.
[WARN ] 2017-08-28 19:59:00 [    Test worker] [StandardChronoGraphTransaction]:  Query requires iterating over all vertices. For better performance, use 'has(...)' clauses in your gremlin.
[WARN ] 2017-08-28 19:59:00 [    Test worker] [StandardChronoGraphTransaction]:  Query requires iterating over all edges. For better performance, use 'has(...)' clauses in your gremlin.
[WARN ] 2017-08-28 19:59:00 [    Test worker] [StandardChronoGraphTransaction]:  Query requires iterating over all vertices. For better performance, use 'has(...)' clauses in your gremlin.
[WARN ] 2017-08-28 19:59:00 [    Test worker] [StandardChronoGraphTransaction]:  Query requires iterating over all edges. For better performance, use 'has(...)' clauses in your gremlin.
[WARN ] 2017-08-28 19:59:00 [    Test worker] [StandardChronoGraphTransaction]:  Query requires iterating over all vertices. For better performance, use 'has(...)' clauses in your gremlin.
[WARN ] 2017-08-28 19:59:00 [    Test worker] [StandardChronoGraphTransaction]:  Query requires iterating over all edges. For better performance, use 'has(...)' clauses in your gremlin.
[WARN ] 2017-08-28 19:59:00 [    Test worker] [StandardChronoGraphTransaction]:  Query requires iterating over all vertices. For better performance, use 'has(...)' clauses in your gremlin.
[WARN ] 2017-08-28 19:59:00 [    Test worker] [StandardChronoGraphTransaction]:  Query requires iterating over all edges. For better performance, use 'has(...)' clauses in your gremlin.
[WARN ] 2017-08-28 19:59:00 [    Test worker] [StandardChronoGraphTransaction]:  Query requires iterating over all vertices. For better performance, use 'has(...)' clauses in your gremlin.
[WARN ] 2017-08-28 19:59:00 [    Test worker] [StandardChronoGraphTransaction]:  Query requires iterating over all edges. For better performance, use 'has(...)' clauses in your gremlin.
[WARN ] 2017-08-28 19:59:00 [    Test worker] [StandardChronoGraphTransaction]:  Query requires iterating over all vertices. For better performance, use 'has(...)' clauses in your gremlin.
[WARN ] 2017-08-28 19:59:00 [    Test worker] [StandardChronoGraphTransaction]:  Query requires iterating over all edges. For better performance, use 'has(...)' clauses in your gremlin.
[WARN ] 2017-08-28 19:59:00 [    Test worker] [StandardChronoGraphTransaction]:  Query requires iterating over all vertices. For better performance, use 'has(...)' clauses in your gremlin.
[WARN ] 2017-08-28 19:59:00 [    Test worker] [StandardChronoGraphTransaction]:  Query requires iterating over all edges. For better performance, use 'has(...)' clauses in your gremlin.
[WARN ] 2017-08-28 19:59:00 [    Test worker] [StandardChronoGraphTransaction]:  Query requires iterating over all vertices. For better performance, use 'has(...)' clauses in your gremlin.
[WARN ] 2017-08-28 19:59:00 [    Test worker] [StandardChronoGraphTransaction]:  Query requires iterating over all edges. For better performance, use 'has(...)' clauses in your gremlin.
[WARN ] 2017-08-28 19:59:00 [    Test worker] [StandardChronoGraphTransaction]:  Query requires iterating over all vertices. For better performance, use 'has(...)' clauses in your gremlin.
[WARN ] 2017-08-28 19:59:00 [    Test worker] [StandardChronoGraphTransaction]:  Query requires iterating over all edges. For better performance, use 'has(...)' clauses in your gremlin.
[WARN ] 2017-08-28 19:59:00 [    Test worker] [StandardChronoGraphTransaction]:  Query requires iterating over all vertices. For better performance, use 'has(...)' clauses in your gremlin.
[WARN ] 2017-08-28 19:59:00 [    Test worker] [StandardChronoGraphTransaction]:  Query requires iterating over all edges. For better performance, use 'has(...)' clauses in your gremlin.
[WARN ] 2017-08-28 19:59:00 [    Test worker] [StandardChronoGraphTransaction]:  Query requires iterating over all vertices. For better performance, use 'has(...)' clauses in your gremlin.
[WARN ] 2017-08-28 19:59:00 [    Test worker] [StandardChronoGraphTransaction]:  Query requires iterating over all edges. For better performance, use 'has(...)' clauses in your gremlin.
[WARN ] 2017-08-28 19:59:00 [    Test worker] [StandardChronoGraphTransaction]:  Query requires iterating over all vertices. For better performance, use 'has(...)' clauses in your gremlin.
[WARN ] 2017-08-28 19:59:00 [    Test worker] [StandardChronoGraphTransaction]:  Query requires iterating over all edges. For better performance, use 'has(...)' clauses in your gremlin.
[WARN ] 2017-08-28 19:59:00 [    Test worker] [StandardChronoGraphTransaction]:  Query requires iterating over all vertices. For better performance, use 'has(...)' clauses in your gremlin.
[WARN ] 2017-08-28 19:59:00 [    Test worker] [StandardChronoGraphTransaction]:  Query requires iterating over all edges. For better performance, use 'has(...)' clauses in your gremlin.
[WARN ] 2017-08-28 19:59:00 [    Test worker] [StandardChronoGraphTransaction]:  Query requires iterating over all vertices. For better performance, use 'has(...)' clauses in your gremlin.
[WARN ] 2017-08-28 19:59:00 [    Test worker] [StandardChronoGraphTransaction]:  Query requires iterating over all edges. For better performance, use 'has(...)' clauses in your gremlin.
[WARN ] 2017-08-28 19:59:00 [    Test worker] [StandardChronoGraphTransaction]:  Query requires iterating over all vertices. For better performance, use 'has(...)' clauses in your gremlin.
[WARN ] 2017-08-28 19:59:00 [    Test worker] [StandardChronoGraphTransaction]:  Query requires iterating over all edges. For better performance, use 'has(...)' clauses in your gremlin.
[WARN ] 2017-08-28 19:59:00 [    Test worker] [StandardChronoGraphTransaction]:  Query requires iterating over all vertices. For better performance, use 'has(...)' clauses in your gremlin.
[WARN ] 2017-08-28 19:59:00 [    Test worker] [StandardChronoGraphTransaction]:  Query requires iterating over all edges. For better performance, use 'has(...)' clauses in your gremlin.
[WARN ] 2017-08-28 19:59:00 [    Test worker] [StandardChronoGraphTransaction]:  Query requires iterating over all vertices. For better performance, use 'has(...)' clauses in your gremlin.
[WARN ] 2017-08-28 19:59:00 [    Test worker] [StandardChronoGraphTransaction]:  Query requires iterating over all edges. For better performance, use 'has(...)' clauses in your gremlin.
[WARN ] 2017-08-28 19:59:00 [    Test worker] [StandardChronoGraphTransaction]:  Query requires iterating over all vertices. For better performance, use 'has(...)' clauses in your gremlin.
[WARN ] 2017-08-28 19:59:00 [    Test worker] [StandardChronoGraphTransaction]:  Query requires iterating over all edges. For better performance, use 'has(...)' clauses in your gremlin.
[WARN ] 2017-08-28 19:59:00 [    Test worker] [StandardChronoGraphTransaction]:  Query requires iterating over all vertices. For better performance, use 'has(...)' clauses in your gremlin.
[WARN ] 2017-08-28 19:59:00 [    Test worker] [StandardChronoGraphTransaction]:  Query requires iterating over all edges. For better performance, use 'has(...)' clauses in your gremlin.
[WARN ] 2017-08-28 19:59:00 [    Test worker] [StandardChronoGraphTransaction]:  Query requires iterating over all vertices. For better performance, use 'has(...)' clauses in your gremlin.
[WARN ] 2017-08-28 19:59:00 [    Test worker] [StandardChronoGraphTransaction]:  Query requires iterating over all edges. For better performance, use 'has(...)' clauses in your gremlin.
[WARN ] 2017-08-28 19:59:00 [    Test worker] [StandardChronoGraphTransaction]:  Query requires iterating over all vertices. For better performance, use 'has(...)' clauses in your gremlin.
[WARN ] 2017-08-28 19:59:00 [    Test worker] [StandardChronoGraphTransaction]:  Query requires iterating over all edges. For better performance, use 'has(...)' clauses in your gremlin.
[WARN ] 2017-08-28 19:59:00 [    Test worker] [StandardChronoGraphTransaction]:  Query requires iterating over all vertices. For better performance, use 'has(...)' clauses in your gremlin.
[WARN ] 2017-08-28 19:59:00 [    Test worker] [StandardChronoGraphTransaction]:  Query requires iterating over all edges. For better performance, use 'has(...)' clauses in your gremlin.
[WARN ] 2017-08-28 19:59:00 [    Test worker] [StandardChronoGraphTransaction]:  Query requires iterating over all vertices. For better performance, use 'has(...)' clauses in your gremlin.
[WARN ] 2017-08-28 19:59:00 [    Test worker] [StandardChronoGraphTransaction]:  Query requires iterating over all edges. For better performance, use 'has(...)' clauses in your gremlin.
[WARN ] 2017-08-28 19:59:00 [    Test worker] [StandardChronoGraphTransaction]:  Query requires iterating over all vertices. For better performance, use 'has(...)' clauses in your gremlin.
[WARN ] 2017-08-28 19:59:00 [    Test worker] [StandardChronoGraphTransaction]:  Query requires iterating over all edges. For better performance, use 'has(...)' clauses in your gremlin.
[WARN ] 2017-08-28 19:59:00 [    Test worker] [StandardChronoGraphTransaction]:  Query requires iterating over all vertices. For better performance, use 'has(...)' clauses in your gremlin.
[WARN ] 2017-08-28 19:59:00 [    Test worker] [StandardChronoGraphTransaction]:  Query requires iterating over all edges. For better performance, use 'has(...)' clauses in your gremlin.
[WARN ] 2017-08-28 19:59:00 [    Test worker] [StandardChronoGraphTransaction]:  Query requires iterating over all vertices. For better performance, use 'has(...)' clauses in your gremlin.
[WARN ] 2017-08-28 19:59:00 [    Test worker] [StandardChronoGraphTransaction]:  Query requires iterating over all edges. For better performance, use 'has(...)' clauses in your gremlin.
[WARN ] 2017-08-28 19:59:00 [    Test worker] [StandardChronoGraphTransaction]:  Query requires iterating over all vertices. For better performance, use 'has(...)' clauses in your gremlin.
[WARN ] 2017-08-28 19:59:00 [    Test worker] [StandardChronoGraphTransaction]:  Query requires iterating over all edges. For better performance, use 'has(...)' clauses in your gremlin.
[WARN ] 2017-08-28 19:59:00 [    Test worker] [StandardChronoGraphTransaction]:  Query requires iterating over all vertices. For better performance, use 'has(...)' clauses in your gremlin.
[WARN ] 2017-08-28 19:59:00 [    Test worker] [StandardChronoGraphTransaction]:  Query requires iterating over all edges. For better performance, use 'has(...)' clauses in your gremlin.
[WARN ] 2017-08-28 19:59:00 [    Test worker] [StandardChronoGraphTransaction]:  Query requires iterating over all vertices. For better performance, use 'has(...)' clauses in your gremlin.
[WARN ] 2017-08-28 19:59:00 [    Test worker] [StandardChronoGraphTransaction]:  Query requires iterating over all edges. For better performance, use 'has(...)' clauses in your gremlin.
[WARN ] 2017-08-28 19:59:00 [    Test worker] [StandardChronoGraphTransaction]:  Query requires iterating over all vertices. For better performance, use 'has(...)' clauses in your gremlin.
[WARN ] 2017-08-28 19:59:00 [    Test worker] [StandardChronoGraphTransaction]:  Query requires iterating over all edges. For better performance, use 'has(...)' clauses in your gremlin.
[WARN ] 2017-08-28 19:59:00 [    Test worker] [StandardChronoGraphTransaction]:  Query requires iterating over all vertices. For better performance, use 'has(...)' clauses in your gremlin.
[WARN ] 2017-08-28 19:59:00 [    Test worker] [StandardChronoGraphTransaction]:  Query requires iterating over all edges. For better performance, use 'has(...)' clauses in your gremlin.
[WARN ] 2017-08-28 19:59:00 [    Test worker] [StandardChronoGraphTransaction]:  Query requires iterating over all vertices. For better performance, use 'has(...)' clauses in your gremlin.
[WARN ] 2017-08-28 19:59:00 [    Test worker] [StandardChronoGraphTransaction]:  Query requires iterating over all edges. For better performance, use 'has(...)' clauses in your gremlin.
[WARN ] 2017-08-28 19:59:00 [    Test worker] [StandardChronoGraphTransaction]:  Query requires iterating over all vertices. For better performance, use 'has(...)' clauses in your gremlin.
[WARN ] 2017-08-28 19:59:00 [    Test worker] [StandardChronoGraphTransaction]:  Query requires iterating over all edges. For better performance, use 'has(...)' clauses in your gremlin.
[WARN ] 2017-08-28 19:59:00 [    Test worker] [StandardChronoGraphTransaction]:  Query requires iterating over all vertices. For better performance, use 'has(...)' clauses in your gremlin.
[WARN ] 2017-08-28 19:59:00 [    Test worker] [StandardChronoGraphTransaction]:  Query requires iterating over all edges. For better performance, use 'has(...)' clauses in your gremlin.
[WARN ] 2017-08-28 19:59:00 [    Test worker] [StandardChronoGraphTransaction]:  Query requires iterating over all vertices. For better performance, use 'has(...)' clauses in your gremlin.
[WARN ] 2017-08-28 19:59:00 [    Test worker] [StandardChronoGraphTransaction]:  Query requires iterating over all edges. For better performance, use 'has(...)' clauses in your gremlin.
[WARN ] 2017-08-28 19:59:00 [    Test worker] [StandardChronoGraphTransaction]:  Query requires iterating over all vertices. For better performance, use 'has(...)' clauses in your gremlin.
[WARN ] 2017-08-28 19:59:00 [    Test worker] [StandardChronoGraphTransaction]:  Query requires iterating over all edges. For better performance, use 'has(...)' clauses in your gremlin.
[WARN ] 2017-08-28 19:59:00 [    Test worker] [StandardChronoGraphTransaction]:  Query requires iterating over all vertices. For better performance, use 'has(...)' clauses in your gremlin.
[WARN ] 2017-08-28 19:59:00 [    Test worker] [StandardChronoGraphTransaction]:  Query requires iterating over all edges. For better performance, use 'has(...)' clauses in your gremlin.
[WARN ] 2017-08-28 19:59:00 [    Test worker] [StandardChronoGraphTransaction]:  Query requires iterating over all vertices. For better performance, use 'has(...)' clauses in your gremlin.
[WARN ] 2017-08-28 19:59:00 [    Test worker] [StandardChronoGraphTransaction]:  Query requires iterating over all edges. For better performance, use 'has(...)' clauses in your gremlin.
[WARN ] 2017-08-28 19:59:00 [    Test worker] [StandardChronoGraphTransaction]:  Query requires iterating over all vertices. For better performance, use 'has(...)' clauses in your gremlin.
[WARN ] 2017-08-28 19:59:00 [    Test worker] [StandardChronoGraphTransaction]:  Query requires iterating over all edges. For better performance, use 'has(...)' clauses in your gremlin.
[WARN ] 2017-08-28 19:59:00 [    Test worker] [StandardChronoGraphTransaction]:  Query requires iterating over all vertices. For better performance, use 'has(...)' clauses in your gremlin.
[WARN ] 2017-08-28 19:59:00 [    Test worker] [StandardChronoGraphTransaction]:  Query requires iterating over all edges. For better performance, use 'has(...)' clauses in your gremlin.
[WARN ] 2017-08-28 19:59:00 [    Test worker] [StandardChronoGraphTransaction]:  Query requires iterating over all vertices. For better performance, use 'has(...)' clauses in your gremlin.
[WARN ] 2017-08-28 19:59:00 [    Test worker] [StandardChronoGraphTransaction]:  Query requires iterating over all edges. For better performance, use 'has(...)' clauses in your gremlin.
[WARN ] 2017-08-28 19:59:00 [    Test worker] [StandardChronoGraphTransaction]:  Query requires iterating over all vertices. For better performance, use 'has(...)' clauses in your gremlin.
[WARN ] 2017-08-28 19:59:00 [    Test worker] [StandardChronoGraphTransaction]:  Query requires iterating over all edges. For better performance, use 'has(...)' clauses in your gremlin.
[WARN ] 2017-08-28 19:59:00 [    Test worker] [StandardChronoGraphTransaction]:  Query requires iterating over all vertices. For better performance, use 'has(...)' clauses in your gremlin.
[WARN ] 2017-08-28 19:59:00 [    Test worker] [StandardChronoGraphTransaction]:  Query requires iterating over all edges. For better performance, use 'has(...)' clauses in your gremlin.
[WARN ] 2017-08-28 19:59:00 [    Test worker] [StandardChronoGraphTransaction]:  Query requires iterating over all vertices. For better performance, use 'has(...)' clauses in your gremlin.
[WARN ] 2017-08-28 19:59:00 [    Test worker] [StandardChronoGraphTransaction]:  Query requires iterating over all edges. For better performance, use 'has(...)' clauses in your gremlin.
[WARN ] 2017-08-28 19:59:00 [    Test worker] [StandardChronoGraphTransaction]:  Query requires iterating over all vertices. For better performance, use 'has(...)' clauses in your gremlin.
[WARN ] 2017-08-28 19:59:00 [    Test worker] [StandardChronoGraphTransaction]:  Query requires iterating over all edges. For better performance, use 'has(...)' clauses in your gremlin.
[WARN ] 2017-08-28 19:59:00 [    Test worker] [StandardChronoGraphTransaction]:  Query requires iterating over all vertices. For better performance, use 'has(...)' clauses in your gremlin.
[WARN ] 2017-08-28 19:59:00 [    Test worker] [StandardChronoGraphTransaction]:  Query requires iterating over all edges. For better performance, use 'has(...)' clauses in your gremlin.
[WARN ] 2017-08-28 19:59:00 [    Test worker] [StandardChronoGraphTransaction]:  Query requires iterating over all vertices. For better performance, use 'has(...)' clauses in your gremlin.
[WARN ] 2017-08-28 19:59:00 [    Test worker] [StandardChronoGraphTransaction]:  Query requires iterating over all edges. For better performance, use 'has(...)' clauses in your gremlin.
[WARN ] 2017-08-28 19:59:00 [    Test worker] [StandardChronoGraphTransaction]:  Query requires iterating over all vertices. For better performance, use 'has(...)' clauses in your gremlin.
[WARN ] 2017-08-28 19:59:00 [    Test worker] [StandardChronoGraphTransaction]:  Query requires iterating over all edges. For better performance, use 'has(...)' clauses in your gremlin.
[WARN ] 2017-08-28 19:59:00 [    Test worker] [StandardChronoGraphTransaction]:  Query requires iterating over all vertices. For better performance, use 'has(...)' clauses in your gremlin.
[WARN ] 2017-08-28 19:59:00 [    Test worker] [StandardChronoGraphTransaction]:  Query requires iterating over all edges. For better performance, use 'has(...)' clauses in your gremlin.
[WARN ] 2017-08-28 19:59:00 [    Test worker] [StandardChronoGraphTransaction]:  Query requires iterating over all vertices. For better performance, use 'has(...)' clauses in your gremlin.
[WARN ] 2017-08-28 19:59:00 [    Test worker] [StandardChronoGraphTransaction]:  Query requires iterating over all edges. For better performance, use 'has(...)' clauses in your gremlin.
[WARN ] 2017-08-28 19:59:00 [    Test worker] [StandardChronoGraphTransaction]:  Query requires iterating over all vertices. For better performance, use 'has(...)' clauses in your gremlin.
[WARN ] 2017-08-28 19:59:00 [    Test worker] [StandardChronoGraphTransaction]:  Query requires iterating over all edges. For better performance, use 'has(...)' clauses in your gremlin.
[WARN ] 2017-08-28 19:59:00 [    Test worker] [StandardChronoGraphTransaction]:  Query requires iterating over all vertices. For better performance, use 'has(...)' clauses in your gremlin.
[WARN ] 2017-08-28 19:59:00 [    Test worker] [StandardChronoGraphTransaction]:  Query requires iterating over all edges. For better performance, use 'has(...)' clauses in your gremlin.
[WARN ] 2017-08-28 19:59:00 [    Test worker] [StandardChronoGraphTransaction]:  Query requires iterating over all vertices. For better performance, use 'has(...)' clauses in your gremlin.
[WARN ] 2017-08-28 19:59:00 [    Test worker] [StandardChronoGraphTransaction]:  Query requires iterating over all edges. For better performance, use 'has(...)' clauses in your gremlin.
[WARN ] 2017-08-28 19:59:00 [    Test worker] [StandardChronoGraphTransaction]:  Query requires iterating over all vertices. For better performance, use 'has(...)' clauses in your gremlin.
[WARN ] 2017-08-28 19:59:00 [    Test worker] [StandardChronoGraphTransaction]:  Query requires iterating over all edges. For better performance, use 'has(...)' clauses in your gremlin.
[WARN ] 2017-08-28 19:59:00 [    Test worker] [StandardChronoGraphTransaction]:  Query requires iterating over all vertices. For better performance, use 'has(...)' clauses in your gremlin.
[WARN ] 2017-08-28 19:59:00 [    Test worker] [StandardChronoGraphTransaction]:  Query requires iterating over all edges. For better performance, use 'has(...)' clauses in your gremlin.
[WARN ] 2017-08-28 19:59:00 [    Test worker] [StandardChronoGraphTransaction]:  Query requires iterating over all vertices. For better performance, use 'has(...)' clauses in your gremlin.
[WARN ] 2017-08-28 19:59:00 [    Test worker] [StandardChronoGraphTransaction]:  Query requires iterating over all edges. For better performance, use 'has(...)' clauses in your gremlin.
[WARN ] 2017-08-28 19:59:00 [    Test worker] [StandardChronoGraphTransaction]:  Query requires iterating over all vertices. For better performance, use 'has(...)' clauses in your gremlin.
[WARN ] 2017-08-28 19:59:00 [    Test worker] [StandardChronoGraphTransaction]:  Query requires iterating over all edges. For better performance, use 'has(...)' clauses in your gremlin.
[WARN ] 2017-08-28 19:59:00 [    Test worker] [StandardChronoGraphTransaction]:  Query requires iterating over all vertices. For better performance, use 'has(...)' clauses in your gremlin.
[WARN ] 2017-08-28 19:59:00 [    Test worker] [StandardChronoGraphTransaction]:  Query requires iterating over all edges. For better performance, use 'has(...)' clauses in your gremlin.
[WARN ] 2017-08-28 19:59:00 [    Test worker] [StandardChronoGraphTransaction]:  Query requires iterating over all vertices. For better performance, use 'has(...)' clauses in your gremlin.
[WARN ] 2017-08-28 19:59:00 [    Test worker] [StandardChronoGraphTransaction]:  Query requires iterating over all edges. For better performance, use 'has(...)' clauses in your gremlin.
[WARN ] 2017-08-28 19:59:00 [    Test worker] [StandardChronoGraphTransaction]:  Query requires iterating over all vertices. For better performance, use 'has(...)' clauses in your gremlin.
[WARN ] 2017-08-28 19:59:00 [    Test worker] [StandardChronoGraphTransaction]:  Query requires iterating over all edges. For better performance, use 'has(...)' clauses in your gremlin.
[WARN ] 2017-08-28 19:59:00 [    Test worker] [StandardChronoGraphTransaction]:  Query requires iterating over all vertices. For better performance, use 'has(...)' clauses in your gremlin.
[WARN ] 2017-08-28 19:59:00 [    Test worker] [StandardChronoGraphTransaction]:  Query requires iterating over all edges. For better performance, use 'has(...)' clauses in your gremlin.
[WARN ] 2017-08-28 19:59:00 [    Test worker] [StandardChronoGraphTransaction]:  Query requires iterating over all vertices. For better performance, use 'has(...)' clauses in your gremlin.
[WARN ] 2017-08-28 19:59:00 [    Test worker] [StandardChronoGraphTransaction]:  Query requires iterating over all edges. For better performance, use 'has(...)' clauses in your gremlin.
[WARN ] 2017-08-28 19:59:00 [    Test worker] [StandardChronoGraphTransaction]:  Query requires iterating over all vertices. For better performance, use 'has(...)' clauses in your gremlin.
[WARN ] 2017-08-28 19:59:00 [    Test worker] [StandardChronoGraphTransaction]:  Query requires iterating over all edges. For better performance, use 'has(...)' clauses in your gremlin.
[WARN ] 2017-08-28 19:59:00 [    Test worker] [StandardChronoGraphTransaction]:  Query requires iterating over all vertices. For better performance, use 'has(...)' clauses in your gremlin.
[WARN ] 2017-08-28 19:59:00 [    Test worker] [StandardChronoGraphTransaction]:  Query requires iterating over all edges. For better performance, use 'has(...)' clauses in your gremlin.
[WARN ] 2017-08-28 19:59:00 [    Test worker] [StandardChronoGraphTransaction]:  Query requires iterating over all vertices. For better performance, use 'has(...)' clauses in your gremlin.
[WARN ] 2017-08-28 19:59:00 [    Test worker] [StandardChronoGraphTransaction]:  Query requires iterating over all edges. For better performance, use 'has(...)' clauses in your gremlin.
[WARN ] 2017-08-28 19:59:00 [    Test worker] [StandardChronoGraphTransaction]:  Query requires iterating over all vertices. For better performance, use 'has(...)' clauses in your gremlin.
[WARN ] 2017-08-28 19:59:00 [    Test worker] [StandardChronoGraphTransaction]:  Query requires iterating over all edges. For better performance, use 'has(...)' clauses in your gremlin.
[WARN ] 2017-08-28 19:59:00 [    Test worker] [StandardChronoGraphTransaction]:  Query requires iterating over all vertices. For better performance, use 'has(...)' clauses in your gremlin.
[WARN ] 2017-08-28 19:59:00 [    Test worker] [StandardChronoGraphTransaction]:  Query requires iterating over all edges. For better performance, use 'has(...)' clauses in your gremlin.
[WARN ] 2017-08-28 19:59:00 [    Test worker] [StandardChronoGraphTransaction]:  Query requires iterating over all vertices. For better performance, use 'has(...)' clauses in your gremlin.
[WARN ] 2017-08-28 19:59:00 [    Test worker] [StandardChronoGraphTransaction]:  Query requires iterating over all edges. For better performance, use 'has(...)' clauses in your gremlin.
[WARN ] 2017-08-28 19:59:00 [    Test worker] [StandardChronoGraphTransaction]:  Query requires iterating over all vertices. For better performance, use 'has(...)' clauses in your gremlin.
[WARN ] 2017-08-28 19:59:00 [    Test worker] [StandardChronoGraphTransaction]:  Query requires iterating over all edges. For better performance, use 'has(...)' clauses in your gremlin.
[WARN ] 2017-08-28 19:59:00 [    Test worker] [StandardChronoGraphTransaction]:  Query requires iterating over all vertices. For better performance, use 'has(...)' clauses in your gremlin.
[WARN ] 2017-08-28 19:59:00 [    Test worker] [StandardChronoGraphTransaction]:  Query requires iterating over all edges. For better performance, use 'has(...)' clauses in your gremlin.
[WARN ] 2017-08-28 19:59:00 [    Test worker] [StandardChronoGraphTransaction]:  Query requires iterating over all vertices. For better performance, use 'has(...)' clauses in your gremlin.
[WARN ] 2017-08-28 19:59:00 [    Test worker] [StandardChronoGraphTransaction]:  Query requires iterating over all edges. For better performance, use 'has(...)' clauses in your gremlin.
[WARN ] 2017-08-28 19:59:00 [    Test worker] [StandardChronoGraphTransaction]:  Query requires iterating over all vertices. For better performance, use 'has(...)' clauses in your gremlin.
[WARN ] 2017-08-28 19:59:00 [    Test worker] [StandardChronoGraphTransaction]:  Query requires iterating over all edges. For better performance, use 'has(...)' clauses in your gremlin.
[WARN ] 2017-08-28 19:59:00 [    Test worker] [StandardChronoGraphTransaction]:  Query requires iterating over all vertices. For better performance, use 'has(...)' clauses in your gremlin.
[WARN ] 2017-08-28 19:59:00 [    Test worker] [StandardChronoGraphTransaction]:  Query requires iterating over all edges. For better performance, use 'has(...)' clauses in your gremlin.
[WARN ] 2017-08-28 19:59:00 [    Test worker] [StandardChronoGraphTransaction]:  Query requires iterating over all vertices. For better performance, use 'has(...)' clauses in your gremlin.
[WARN ] 2017-08-28 19:59:00 [    Test worker] [StandardChronoGraphTransaction]:  Query requires iterating over all edges. For better performance, use 'has(...)' clauses in your gremlin.
[WARN ] 2017-08-28 19:59:00 [    Test worker] [StandardChronoGraphTransaction]:  Query requires iterating over all vertices. For better performance, use 'has(...)' clauses in your gremlin.
[WARN ] 2017-08-28 19:59:00 [    Test worker] [StandardChronoGraphTransaction]:  Query requires iterating over all edges. For better performance, use 'has(...)' clauses in your gremlin.
[WARN ] 2017-08-28 19:59:00 [    Test worker] [StandardChronoGraphTransaction]:  Query requires iterating over all vertices. For better performance, use 'has(...)' clauses in your gremlin.
[WARN ] 2017-08-28 19:59:00 [    Test worker] [StandardChronoGraphTransaction]:  Query requires iterating over all edges. For better performance, use 'has(...)' clauses in your gremlin.
[WARN ] 2017-08-28 19:59:00 [    Test worker] [StandardChronoGraphTransaction]:  Query requires iterating over all vertices. For better performance, use 'has(...)' clauses in your gremlin.
[WARN ] 2017-08-28 19:59:00 [    Test worker] [StandardChronoGraphTransaction]:  Query requires iterating over all edges. For better performance, use 'has(...)' clauses in your gremlin.
[WARN ] 2017-08-28 19:59:00 [    Test worker] [StandardChronoGraphTransaction]:  Query requires iterating over all vertices. For better performance, use 'has(...)' clauses in your gremlin.
[WARN ] 2017-08-28 19:59:00 [    Test worker] [StandardChronoGraphTransaction]:  Query requires iterating over all edges. For better performance, use 'has(...)' clauses in your gremlin.
[WARN ] 2017-08-28 19:59:00 [    Test worker] [StandardChronoGraphTransaction]:  Query requires iterating over all vertices. For better performance, use 'has(...)' clauses in your gremlin.
[WARN ] 2017-08-28 19:59:00 [    Test worker] [StandardChronoGraphTransaction]:  Query requires iterating over all edges. For better performance, use 'has(...)' clauses in your gremlin.
[WARN ] 2017-08-28 19:59:00 [    Test worker] [StandardChronoGraphTransaction]:  Query requires iterating over all vertices. For better performance, use 'has(...)' clauses in your gremlin.
[WARN ] 2017-08-28 19:59:00 [    Test worker] [StandardChronoGraphTransaction]:  Query requires iterating over all edges. For better performance, use 'has(...)' clauses in your gremlin.
[WARN ] 2017-08-28 19:59:00 [    Test worker] [StandardChronoGraphTransaction]:  Query requires iterating over all vertices. For better performance, use 'has(...)' clauses in your gremlin.
[WARN ] 2017-08-28 19:59:00 [    Test worker] [StandardChronoGraphTransaction]:  Query requires iterating over all edges. For better performance, use 'has(...)' clauses in your gremlin.
[WARN ] 2017-08-28 19:59:00 [    Test worker] [StandardChronoGraphTransaction]:  Query requires iterating over all vertices. For better performance, use 'has(...)' clauses in your gremlin.
[WARN ] 2017-08-28 19:59:00 [    Test worker] [StandardChronoGraphTransaction]:  Query requires iterating over all edges. For better performance, use 'has(...)' clauses in your gremlin.
[WARN ] 2017-08-28 19:59:00 [    Test worker] [StandardChronoGraphTransaction]:  Query requires iterating over all vertices. For better performance, use 'has(...)' clauses in your gremlin.
[WARN ] 2017-08-28 19:59:00 [    Test worker] [StandardChronoGraphTransaction]:  Query requires iterating over all edges. For better performance, use 'has(...)' clauses in your gremlin.
[WARN ] 2017-08-28 19:59:00 [    Test worker] [StandardChronoGraphTransaction]:  Query requires iterating over all vertices. For better performance, use 'has(...)' clauses in your gremlin.
[WARN ] 2017-08-28 19:59:00 [    Test worker] [StandardChronoGraphTransaction]:  Query requires iterating over all edges. For better performance, use 'has(...)' clauses in your gremlin.
[WARN ] 2017-08-28 19:59:00 [    Test worker] [StandardChronoGraphTransaction]:  Query requires iterating over all vertices. For better performance, use 'has(...)' clauses in your gremlin.
[WARN ] 2017-08-28 19:59:00 [    Test worker] [StandardChronoGraphTransaction]:  Query requires iterating over all edges. For better performance, use 'has(...)' clauses in your gremlin.
[WARN ] 2017-08-28 19:59:00 [    Test worker] [StandardChronoGraphTransaction]:  Query requires iterating over all vertices. For better performance, use 'has(...)' clauses in your gremlin.
[WARN ] 2017-08-28 19:59:00 [    Test worker] [StandardChronoGraphTransaction]:  Query requires iterating over all edges. For better performance, use 'has(...)' clauses in your gremlin.
[WARN ] 2017-08-28 19:59:00 [    Test worker] [StandardChronoGraphTransaction]:  Query requires iterating over all vertices. For better performance, use 'has(...)' clauses in your gremlin.
[WARN ] 2017-08-28 19:59:00 [    Test worker] [StandardChronoGraphTransaction]:  Query requires iterating over all edges. For better performance, use 'has(...)' clauses in your gremlin.
[WARN ] 2017-08-28 19:59:00 [    Test worker] [StandardChronoGraphTransaction]:  Query requires iterating over all vertices. For better performance, use 'has(...)' clauses in your gremlin.
[WARN ] 2017-08-28 19:59:00 [    Test worker] [StandardChronoGraphTransaction]:  Query requires iterating over all edges. For better performance, use 'has(...)' clauses in your gremlin.
[WARN ] 2017-08-28 19:59:00 [    Test worker] [StandardChronoGraphTransaction]:  Query requires iterating over all vertices. For better performance, use 'has(...)' clauses in your gremlin.
[WARN ] 2017-08-28 19:59:00 [    Test worker] [StandardChronoGraphTransaction]:  Query requires iterating over all edges. For better performance, use 'has(...)' clauses in your gremlin.
[WARN ] 2017-08-28 19:59:00 [    Test worker] [StandardChronoGraphTransaction]:  Query requires iterating over all vertices. For better performance, use 'has(...)' clauses in your gremlin.
[WARN ] 2017-08-28 19:59:00 [    Test worker] [StandardChronoGraphTransaction]:  Query requires iterating over all edges. For better performance, use 'has(...)' clauses in your gremlin.
[WARN ] 2017-08-28 19:59:00 [    Test worker] [StandardChronoGraphTransaction]:  Query requires iterating over all vertices. For better performance, use 'has(...)' clauses in your gremlin.
[WARN ] 2017-08-28 19:59:00 [    Test worker] [StandardChronoGraphTransaction]:  Query requires iterating over all edges. For better performance, use 'has(...)' clauses in your gremlin.
[WARN ] 2017-08-28 19:59:00 [    Test worker] [StandardChronoGraphTransaction]:  Query requires iterating over all vertices. For better performance, use 'has(...)' clauses in your gremlin.
[WARN ] 2017-08-28 19:59:00 [    Test worker] [StandardChronoGraphTransaction]:  Query requires iterating over all edges. For better performance, use 'has(...)' clauses in your gremlin.
[WARN ] 2017-08-28 19:59:00 [    Test worker] [StandardChronoGraphTransaction]:  Query requires iterating over all vertices. For better performance, use 'has(...)' clauses in your gremlin.
[WARN ] 2017-08-28 19:59:00 [    Test worker] [StandardChronoGraphTransaction]:  Query requires iterating over all edges. For better performance, use 'has(...)' clauses in your gremlin.
[WARN ] 2017-08-28 19:59:00 [    Test worker] [StandardChronoGraphTransaction]:  Query requires iterating over all vertices. For better performance, use 'has(...)' clauses in your gremlin.
[WARN ] 2017-08-28 19:59:00 [    Test worker] [StandardChronoGraphTransaction]:  Query requires iterating over all edges. For better performance, use 'has(...)' clauses in your gremlin.
[WARN ] 2017-08-28 19:59:00 [    Test worker] [StandardChronoGraphTransaction]:  Query requires iterating over all vertices. For better performance, use 'has(...)' clauses in your gremlin.
[WARN ] 2017-08-28 19:59:00 [    Test worker] [StandardChronoGraphTransaction]:  Query requires iterating over all edges. For better performance, use 'has(...)' clauses in your gremlin.
[WARN ] 2017-08-28 19:59:00 [    Test worker] [StandardChronoGraphTransaction]:  Query requires iterating over all vertices. For better performance, use 'has(...)' clauses in your gremlin.
[WARN ] 2017-08-28 19:59:00 [    Test worker] [StandardChronoGraphTransaction]:  Query requires iterating over all edges. For better performance, use 'has(...)' clauses in your gremlin.
[WARN ] 2017-08-28 19:59:00 [    Test worker] [StandardChronoGraphTransaction]:  Query requires iterating over all vertices. For better performance, use 'has(...)' clauses in your gremlin.
[WARN ] 2017-08-28 19:59:00 [    Test worker] [StandardChronoGraphTransaction]:  Query requires iterating over all edges. For better performance, use 'has(...)' clauses in your gremlin.
[WARN ] 2017-08-28 19:59:00 [    Test worker] [StandardChronoGraphTransaction]:  Query requires iterating over all vertices. For better performance, use 'has(...)' clauses in your gremlin.
[WARN ] 2017-08-28 19:59:00 [    Test worker] [StandardChronoGraphTransaction]:  Query requires iterating over all edges. For better performance, use 'has(...)' clauses in your gremlin.
[WARN ] 2017-08-28 19:59:00 [    Test worker] [StandardChronoGraphTransaction]:  Query requires iterating over all vertices. For better performance, use 'has(...)' clauses in your gremlin.
[WARN ] 2017-08-28 19:59:00 [    Test worker] [StandardChronoGraphTransaction]:  Query requires iterating over all edges. For better performance, use 'has(...)' clauses in your gremlin.
[WARN ] 2017-08-28 19:59:00 [    Test worker] [StandardChronoGraphTransaction]:  Query requires iterating over all vertices. For better performance, use 'has(...)' clauses in your gremlin.
[WARN ] 2017-08-28 19:59:00 [    Test worker] [StandardChronoGraphTransaction]:  Query requires iterating over all edges. For better performance, use 'has(...)' clauses in your gremlin.
[WARN ] 2017-08-28 19:59:00 [    Test worker] [StandardChronoGraphTransaction]:  Query requires iterating over all vertices. For better performance, use 'has(...)' clauses in your gremlin.
[WARN ] 2017-08-28 19:59:00 [    Test worker] [StandardChronoGraphTransaction]:  Query requires iterating over all edges. For better performance, use 'has(...)' clauses in your gremlin.
[WARN ] 2017-08-28 19:59:00 [    Test worker] [StandardChronoGraphTransaction]:  Query requires iterating over all vertices. For better performance, use 'has(...)' clauses in your gremlin.
[WARN ] 2017-08-28 19:59:00 [    Test worker] [StandardChronoGraphTransaction]:  Query requires iterating over all edges. For better performance, use 'has(...)' clauses in your gremlin.
[WARN ] 2017-08-28 19:59:00 [    Test worker] [StandardChronoGraphTransaction]:  Query requires iterating over all vertices. For better performance, use 'has(...)' clauses in your gremlin.
[WARN ] 2017-08-28 19:59:00 [    Test worker] [StandardChronoGraphTransaction]:  Query requires iterating over all edges. For better performance, use 'has(...)' clauses in your gremlin.
[WARN ] 2017-08-28 19:59:00 [    Test worker] [StandardChronoGraphTransaction]:  Query requires iterating over all vertices. For better performance, use 'has(...)' clauses in your gremlin.
[WARN ] 2017-08-28 19:59:00 [    Test worker] [StandardChronoGraphTransaction]:  Query requires iterating over all edges. For better performance, use 'has(...)' clauses in your gremlin.
[WARN ] 2017-08-28 19:59:00 [    Test worker] [StandardChronoGraphTransaction]:  Query requires iterating over all vertices. For better performance, use 'has(...)' clauses in your gremlin.
[WARN ] 2017-08-28 19:59:00 [    Test worker] [StandardChronoGraphTransaction]:  Query requires iterating over all edges. For better performance, use 'has(...)' clauses in your gremlin.
[WARN ] 2017-08-28 19:59:00 [    Test worker] [StandardChronoGraphTransaction]:  Query requires iterating over all vertices. For better performance, use 'has(...)' clauses in your gremlin.
[WARN ] 2017-08-28 19:59:00 [    Test worker] [StandardChronoGraphTransaction]:  Query requires iterating over all edges. For better performance, use 'has(...)' clauses in your gremlin.
[WARN ] 2017-08-28 19:59:00 [    Test worker] [StandardChronoGraphTransaction]:  Query requires iterating over all vertices. For better performance, use 'has(...)' clauses in your gremlin.
[WARN ] 2017-08-28 19:59:00 [    Test worker] [StandardChronoGraphTransaction]:  Query requires iterating over all edges. For better performance, use 'has(...)' clauses in your gremlin.
[WARN ] 2017-08-28 19:59:00 [    Test worker] [StandardChronoGraphTransaction]:  Query requires iterating over all vertices. For better performance, use 'has(...)' clauses in your gremlin.
[WARN ] 2017-08-28 19:59:00 [    Test worker] [StandardChronoGraphTransaction]:  Query requires iterating over all edges. For better performance, use 'has(...)' clauses in your gremlin.
[WARN ] 2017-08-28 19:59:00 [    Test worker] [StandardChronoGraphTransaction]:  Query requires iterating over all vertices. For better performance, use 'has(...)' clauses in your gremlin.
[WARN ] 2017-08-28 19:59:00 [    Test worker] [StandardChronoGraphTransaction]:  Query requires iterating over all edges. For better performance, use 'has(...)' clauses in your gremlin.
[WARN ] 2017-08-28 19:59:00 [    Test worker] [StandardChronoGraphTransaction]:  Query requires iterating over all vertices. For better performance, use 'has(...)' clauses in your gremlin.
[WARN ] 2017-08-28 19:59:00 [    Test worker] [StandardChronoGraphTransaction]:  Query requires iterating over all edges. For better performance, use 'has(...)' clauses in your gremlin.
[WARN ] 2017-08-28 19:59:00 [    Test worker] [StandardChronoGraphTransaction]:  Query requires iterating over all vertices. For better performance, use 'has(...)' clauses in your gremlin.
[WARN ] 2017-08-28 19:59:00 [    Test worker] [StandardChronoGraphTransaction]:  Query requires iterating over all edges. For better performance, use 'has(...)' clauses in your gremlin.
[WARN ] 2017-08-28 19:59:00 [    Test worker] [StandardChronoGraphTransaction]:  Query requires iterating over all vertices. For better performance, use 'has(...)' clauses in your gremlin.
[WARN ] 2017-08-28 19:59:00 [    Test worker] [StandardChronoGraphTransaction]:  Query requires iterating over all edges. For better performance, use 'has(...)' clauses in your gremlin.
[WARN ] 2017-08-28 19:59:00 [    Test worker] [StandardChronoGraphTransaction]:  Query requires iterating over all vertices. For better performance, use 'has(...)' clauses in your gremlin.
[WARN ] 2017-08-28 19:59:00 [    Test worker] [StandardChronoGraphTransaction]:  Query requires iterating over all edges. For better performance, use 'has(...)' clauses in your gremlin.
[WARN ] 2017-08-28 19:59:00 [    Test worker] [StandardChronoGraphTransaction]:  Query requires iterating over all vertices. For better performance, use 'has(...)' clauses in your gremlin.
[WARN ] 2017-08-28 19:59:00 [    Test worker] [StandardChronoGraphTransaction]:  Query requires iterating over all edges. For better performance, use 'has(...)' clauses in your gremlin.
[WARN ] 2017-08-28 19:59:00 [    Test worker] [StandardChronoGraphTransaction]:  Query requires iterating over all vertices. For better performance, use 'has(...)' clauses in your gremlin.
[WARN ] 2017-08-28 19:59:00 [    Test worker] [StandardChronoGraphTransaction]:  Query requires iterating over all edges. For better performance, use 'has(...)' clauses in your gremlin.
[WARN ] 2017-08-28 19:59:00 [    Test worker] [StandardChronoGraphTransaction]:  Query requires iterating over all vertices. For better performance, use 'has(...)' clauses in your gremlin.
[WARN ] 2017-08-28 19:59:00 [    Test worker] [StandardChronoGraphTransaction]:  Query requires iterating over all edges. For better performance, use 'has(...)' clauses in your gremlin.
[WARN ] 2017-08-28 19:59:00 [    Test worker] [StandardChronoGraphTransaction]:  Query requires iterating over all vertices. For better performance, use 'has(...)' clauses in your gremlin.
[WARN ] 2017-08-28 19:59:00 [    Test worker] [StandardChronoGraphTransaction]:  Query requires iterating over all edges. For better performance, use 'has(...)' clauses in your gremlin.
[WARN ] 2017-08-28 19:59:00 [    Test worker] [StandardChronoGraphTransaction]:  Query requires iterating over all vertices. For better performance, use 'has(...)' clauses in your gremlin.
[WARN ] 2017-08-28 19:59:00 [    Test worker] [StandardChronoGraphTransaction]:  Query requires iterating over all edges. For better performance, use 'has(...)' clauses in your gremlin.
[WARN ] 2017-08-28 19:59:00 [    Test worker] [StandardChronoGraphTransaction]:  Query requires iterating over all vertices. For better performance, use 'has(...)' clauses in your gremlin.
[WARN ] 2017-08-28 19:59:00 [    Test worker] [StandardChronoGraphTransaction]:  Query requires iterating over all edges. For better performance, use 'has(...)' clauses in your gremlin.
[WARN ] 2017-08-28 19:59:00 [    Test worker] [StandardChronoGraphTransaction]:  Query requires iterating over all vertices. For better performance, use 'has(...)' clauses in your gremlin.
[WARN ] 2017-08-28 19:59:00 [    Test worker] [StandardChronoGraphTransaction]:  Query requires iterating over all edges. For better performance, use 'has(...)' clauses in your gremlin.
[WARN ] 2017-08-28 19:59:00 [    Test worker] [StandardChronoGraphTransaction]:  Query requires iterating over all vertices. For better performance, use 'has(...)' clauses in your gremlin.
[WARN ] 2017-08-28 19:59:00 [    Test worker] [StandardChronoGraphTransaction]:  Query requires iterating over all edges. For better performance, use 'has(...)' clauses in your gremlin.
[WARN ] 2017-08-28 19:59:00 [    Test worker] [StandardChronoGraphTransaction]:  Query requires iterating over all vertices. For better performance, use 'has(...)' clauses in your gremlin.
[WARN ] 2017-08-28 19:59:00 [    Test worker] [StandardChronoGraphTransaction]:  Query requires iterating over all edges. For better performance, use 'has(...)' clauses in your gremlin.
[WARN ] 2017-08-28 19:59:00 [    Test worker] [StandardChronoGraphTransaction]:  Query requires iterating over all vertices. For better performance, use 'has(...)' clauses in your gremlin.
[WARN ] 2017-08-28 19:59:00 [    Test worker] [StandardChronoGraphTransaction]:  Query requires iterating over all edges. For better performance, use 'has(...)' clauses in your gremlin.
[WARN ] 2017-08-28 19:59:00 [    Test worker] [StandardChronoGraphTransaction]:  Query requires iterating over all vertices. For better performance, use 'has(...)' clauses in your gremlin.
[WARN ] 2017-08-28 19:59:00 [    Test worker] [StandardChronoGraphTransaction]:  Query requires iterating over all edges. For better performance, use 'has(...)' clauses in your gremlin.
[WARN ] 2017-08-28 19:59:00 [    Test worker] [StandardChronoGraphTransaction]:  Query requires iterating over all vertices. For better performance, use 'has(...)' clauses in your gremlin.
[WARN ] 2017-08-28 19:59:00 [    Test worker] [StandardChronoGraphTransaction]:  Query requires iterating over all edges. For better performance, use 'has(...)' clauses in your gremlin.
[WARN ] 2017-08-28 19:59:00 [    Test worker] [StandardChronoGraphTransaction]:  Query requires iterating over all vertices. For better performance, use 'has(...)' clauses in your gremlin.
[WARN ] 2017-08-28 19:59:00 [    Test worker] [StandardChronoGraphTransaction]:  Query requires iterating over all edges. For better performance, use 'has(...)' clauses in your gremlin.
[WARN ] 2017-08-28 19:59:00 [    Test worker] [StandardChronoGraphTransaction]:  Query requires iterating over all vertices. For better performance, use 'has(...)' clauses in your gremlin.
[WARN ] 2017-08-28 19:59:00 [    Test worker] [StandardChronoGraphTransaction]:  Query requires iterating over all edges. For better performance, use 'has(...)' clauses in your gremlin.
[WARN ] 2017-08-28 19:59:00 [    Test worker] [StandardChronoGraphTransaction]:  Query requires iterating over all vertices. For better performance, use 'has(...)' clauses in your gremlin.
[WARN ] 2017-08-28 19:59:00 [    Test worker] [StandardChronoGraphTransaction]:  Query requires iterating over all edges. For better performance, use 'has(...)' clauses in your gremlin.
[WARN ] 2017-08-28 19:59:00 [    Test worker] [StandardChronoGraphTransaction]:  Query requires iterating over all vertices. For better performance, use 'has(...)' clauses in your gremlin.
[WARN ] 2017-08-28 19:59:00 [    Test worker] [StandardChronoGraphTransaction]:  Query requires iterating over all edges. For better performance, use 'has(...)' clauses in your gremlin.
[WARN ] 2017-08-28 19:59:00 [    Test worker] [StandardChronoGraphTransaction]:  Query requires iterating over all vertices. For better performance, use 'has(...)' clauses in your gremlin.
[WARN ] 2017-08-28 19:59:00 [    Test worker] [StandardChronoGraphTransaction]:  Query requires iterating over all edges. For better performance, use 'has(...)' clauses in your gremlin.
[WARN ] 2017-08-28 19:59:00 [    Test worker] [StandardChronoGraphTransaction]:  Query requires iterating over all vertices. For better performance, use 'has(...)' clauses in your gremlin.
[WARN ] 2017-08-28 19:59:00 [    Test worker] [StandardChronoGraphTransaction]:  Query requires iterating over all edges. For better performance, use 'has(...)' clauses in your gremlin.
[WARN ] 2017-08-28 19:59:00 [    Test worker] [StandardChronoGraphTransaction]:  Query requires iterating over all vertices. For better performance, use 'has(...)' clauses in your gremlin.
[WARN ] 2017-08-28 19:59:00 [    Test worker] [StandardChronoGraphTransaction]:  Query requires iterating over all edges. For better performance, use 'has(...)' clauses in your gremlin.
[WARN ] 2017-08-28 19:59:00 [    Test worker] [StandardChronoGraphTransaction]:  Query requires iterating over all vertices. For better performance, use 'has(...)' clauses in your gremlin.
[WARN ] 2017-08-28 19:59:00 [    Test worker] [StandardChronoGraphTransaction]:  Query requires iterating over all edges. For better performance, use 'has(...)' clauses in your gremlin.
[WARN ] 2017-08-28 19:59:00 [    Test worker] [StandardChronoGraphTransaction]:  Query requires iterating over all vertices. For better performance, use 'has(...)' clauses in your gremlin.
[WARN ] 2017-08-28 19:59:00 [    Test worker] [StandardChronoGraphTransaction]:  Query requires iterating over all edges. For better performance, use 'has(...)' clauses in your gremlin.
[WARN ] 2017-08-28 19:59:00 [    Test worker] [StandardChronoGraphTransaction]:  Query requires iterating over all vertices. For better performance, use 'has(...)' clauses in your gremlin.
[WARN ] 2017-08-28 19:59:00 [    Test worker] [StandardChronoGraphTransaction]:  Query requires iterating over all edges. For better performance, use 'has(...)' clauses in your gremlin.
[WARN ] 2017-08-28 19:59:00 [    Test worker] [StandardChronoGraphTransaction]:  Query requires iterating over all vertices. For better performance, use 'has(...)' clauses in your gremlin.
[WARN ] 2017-08-28 19:59:00 [    Test worker] [StandardChronoGraphTransaction]:  Query requires iterating over all edges. For better performance, use 'has(...)' clauses in your gremlin.
[WARN ] 2017-08-28 19:59:00 [    Test worker] [StandardChronoGraphTransaction]:  Query requires iterating over all vertices. For better performance, use 'has(...)' clauses in your gremlin.
[WARN ] 2017-08-28 19:59:00 [    Test worker] [StandardChronoGraphTransaction]:  Query requires iterating over all edges. For better performance, use 'has(...)' clauses in your gremlin.
[WARN ] 2017-08-28 19:59:00 [    Test worker] [StandardChronoGraphTransaction]:  Query requires iterating over all vertices. For better performance, use 'has(...)' clauses in your gremlin.
[WARN ] 2017-08-28 19:59:00 [    Test worker] [StandardChronoGraphTransaction]:  Query requires iterating over all edges. For better performance, use 'has(...)' clauses in your gremlin.
[WARN ] 2017-08-28 19:59:00 [    Test worker] [StandardChronoGraphTransaction]:  Query requires iterating over all vertices. For better performance, use 'has(...)' clauses in your gremlin.
[WARN ] 2017-08-28 19:59:00 [    Test worker] [StandardChronoGraphTransaction]:  Query requires iterating over all edges. For better performance, use 'has(...)' clauses in your gremlin.
[WARN ] 2017-08-28 19:59:00 [    Test worker] [StandardChronoGraphTransaction]:  Query requires iterating over all vertices. For better performance, use 'has(...)' clauses in your gremlin.
[WARN ] 2017-08-28 19:59:00 [    Test worker] [StandardChronoGraphTransaction]:  Query requires iterating over all edges. For better performance, use 'has(...)' clauses in your gremlin.
[WARN ] 2017-08-28 19:59:00 [    Test worker] [StandardChronoGraphTransaction]:  Query requires iterating over all vertices. For better performance, use 'has(...)' clauses in your gremlin.
[WARN ] 2017-08-28 19:59:00 [    Test worker] [StandardChronoGraphTransaction]:  Query requires iterating over all edges. For better performance, use 'has(...)' clauses in your gremlin.
[WARN ] 2017-08-28 19:59:00 [    Test worker] [StandardChronoGraphTransaction]:  Query requires iterating over all vertices. For better performance, use 'has(...)' clauses in your gremlin.
[WARN ] 2017-08-28 19:59:00 [    Test worker] [StandardChronoGraphTransaction]:  Query requires iterating over all edges. For better performance, use 'has(...)' clauses in your gremlin.
[WARN ] 2017-08-28 19:59:00 [    Test worker] [StandardChronoGraphTransaction]:  Query requires iterating over all vertices. For better performance, use 'has(...)' clauses in your gremlin.
[WARN ] 2017-08-28 19:59:00 [    Test worker] [StandardChronoGraphTransaction]:  Query requires iterating over all edges. For better performance, use 'has(...)' clauses in your gremlin.
[WARN ] 2017-08-28 19:59:00 [    Test worker] [StandardChronoGraphTransaction]:  Query requires iterating over all vertices. For better performance, use 'has(...)' clauses in your gremlin.
[WARN ] 2017-08-28 19:59:00 [    Test worker] [StandardChronoGraphTransaction]:  Query requires iterating over all edges. For better performance, use 'has(...)' clauses in your gremlin.
[WARN ] 2017-08-28 19:59:00 [    Test worker] [StandardChronoGraphTransaction]:  Query requires iterating over all vertices. For better performance, use 'has(...)' clauses in your gremlin.
[WARN ] 2017-08-28 19:59:00 [    Test worker] [StandardChronoGraphTransaction]:  Query requires iterating over all edges. For better performance, use 'has(...)' clauses in your gremlin.
[WARN ] 2017-08-28 19:59:00 [    Test worker] [StandardChronoGraphTransaction]:  Query requires iterating over all vertices. For better performance, use 'has(...)' clauses in your gremlin.
[WARN ] 2017-08-28 19:59:00 [    Test worker] [StandardChronoGraphTransaction]:  Query requires iterating over all edges. For better performance, use 'has(...)' clauses in your gremlin.
[WARN ] 2017-08-28 19:59:00 [    Test worker] [StandardChronoGraphTransaction]:  Query requires iterating over all vertices. For better performance, use 'has(...)' clauses in your gremlin.
[WARN ] 2017-08-28 19:59:00 [    Test worker] [StandardChronoGraphTransaction]:  Query requires iterating over all edges. For better performance, use 'has(...)' clauses in your gremlin.
[WARN ] 2017-08-28 19:59:00 [    Test worker] [StandardChronoGraphTransaction]:  Query requires iterating over all vertices. For better performance, use 'has(...)' clauses in your gremlin.
[WARN ] 2017-08-28 19:59:00 [    Test worker] [StandardChronoGraphTransaction]:  Query requires iterating over all edges. For better performance, use 'has(...)' clauses in your gremlin.
[WARN ] 2017-08-28 19:59:00 [    Test worker] [StandardChronoGraphTransaction]:  Query requires iterating over all vertices. For better performance, use 'has(...)' clauses in your gremlin.
[WARN ] 2017-08-28 19:59:00 [    Test worker] [StandardChronoGraphTransaction]:  Query requires iterating over all edges. For better performance, use 'has(...)' clauses in your gremlin.
[WARN ] 2017-08-28 19:59:00 [    Test worker] [StandardChronoGraphTransaction]:  Query requires iterating over all vertices. For better performance, use 'has(...)' clauses in your gremlin.
[WARN ] 2017-08-28 19:59:00 [    Test worker] [StandardChronoGraphTransaction]:  Query requires iterating over all edges. For better performance, use 'has(...)' clauses in your gremlin.
[WARN ] 2017-08-28 19:59:00 [    Test worker] [StandardChronoGraphTransaction]:  Query requires iterating over all vertices. For better performance, use 'has(...)' clauses in your gremlin.
[WARN ] 2017-08-28 19:59:00 [    Test worker] [StandardChronoGraphTransaction]:  Query requires iterating over all edges. For better performance, use 'has(...)' clauses in your gremlin.
[WARN ] 2017-08-28 19:59:00 [    Test worker] [StandardChronoGraphTransaction]:  Query requires iterating over all vertices. For better performance, use 'has(...)' clauses in your gremlin.
[WARN ] 2017-08-28 19:59:00 [    Test worker] [StandardChronoGraphTransaction]:  Query requires iterating over all edges. For better performance, use 'has(...)' clauses in your gremlin.
[WARN ] 2017-08-28 19:59:00 [    Test worker] [StandardChronoGraphTransaction]:  Query requires iterating over all vertices. For better performance, use 'has(...)' clauses in your gremlin.
[WARN ] 2017-08-28 19:59:00 [    Test worker] [StandardChronoGraphTransaction]:  Query requires iterating over all edges. For better performance, use 'has(...)' clauses in your gremlin.
[WARN ] 2017-08-28 19:59:00 [    Test worker] [StandardChronoGraphTransaction]:  Query requires iterating over all vertices. For better performance, use 'has(...)' clauses in your gremlin.
[WARN ] 2017-08-28 19:59:00 [    Test worker] [StandardChronoGraphTransaction]:  Query requires iterating over all edges. For better performance, use 'has(...)' clauses in your gremlin.
[WARN ] 2017-08-28 19:59:00 [    Test worker] [StandardChronoGraphTransaction]:  Query requires iterating over all vertices. For better performance, use 'has(...)' clauses in your gremlin.
[WARN ] 2017-08-28 19:59:00 [    Test worker] [StandardChronoGraphTransaction]:  Query requires iterating over all edges. For better performance, use 'has(...)' clauses in your gremlin.
[WARN ] 2017-08-28 19:59:00 [    Test worker] [StandardChronoGraphTransaction]:  Query requires iterating over all vertices. For better performance, use 'has(...)' clauses in your gremlin.
[WARN ] 2017-08-28 19:59:00 [    Test worker] [StandardChronoGraphTransaction]:  Query requires iterating over all edges. For better performance, use 'has(...)' clauses in your gremlin.
[WARN ] 2017-08-28 19:59:00 [    Test worker] [StandardChronoGraphTransaction]:  Query requires iterating over all vertices. For better performance, use 'has(...)' clauses in your gremlin.
[WARN ] 2017-08-28 19:59:00 [    Test worker] [StandardChronoGraphTransaction]:  Query requires iterating over all edges. For better performance, use 'has(...)' clauses in your gremlin.
[WARN ] 2017-08-28 19:59:00 [    Test worker] [StandardChronoGraphTransaction]:  Query requires iterating over all vertices. For better performance, use 'has(...)' clauses in your gremlin.
[WARN ] 2017-08-28 19:59:00 [    Test worker] [StandardChronoGraphTransaction]:  Query requires iterating over all edges. For better performance, use 'has(...)' clauses in your gremlin.
[WARN ] 2017-08-28 19:59:00 [    Test worker] [StandardChronoGraphTransaction]:  Query requires iterating over all vertices. For better performance, use 'has(...)' clauses in your gremlin.
[WARN ] 2017-08-28 19:59:00 [    Test worker] [StandardChronoGraphTransaction]:  Query requires iterating over all edges. For better performance, use 'has(...)' clauses in your gremlin.
[WARN ] 2017-08-28 19:59:00 [    Test worker] [StandardChronoGraphTransaction]:  Query requires iterating over all vertices. For better performance, use 'has(...)' clauses in your gremlin.
[WARN ] 2017-08-28 19:59:00 [    Test worker] [StandardChronoGraphTransaction]:  Query requires iterating over all edges. For better performance, use 'has(...)' clauses in your gremlin.
[WARN ] 2017-08-28 19:59:00 [    Test worker] [StandardChronoGraphTransaction]:  Query requires iterating over all vertices. For better performance, use 'has(...)' clauses in your gremlin.
[WARN ] 2017-08-28 19:59:00 [    Test worker] [StandardChronoGraphTransaction]:  Query requires iterating over all edges. For better performance, use 'has(...)' clauses in your gremlin.
[WARN ] 2017-08-28 19:59:00 [    Test worker] [StandardChronoGraphTransaction]:  Query requires iterating over all vertices. For better performance, use 'has(...)' clauses in your gremlin.
[WARN ] 2017-08-28 19:59:00 [    Test worker] [StandardChronoGraphTransaction]:  Query requires iterating over all edges. For better performance, use 'has(...)' clauses in your gremlin.
[WARN ] 2017-08-28 19:59:00 [    Test worker] [StandardChronoGraphTransaction]:  Query requires iterating over all vertices. For better performance, use 'has(...)' clauses in your gremlin.
[WARN ] 2017-08-28 19:59:00 [    Test worker] [StandardChronoGraphTransaction]:  Query requires iterating over all edges. For better performance, use 'has(...)' clauses in your gremlin.
[WARN ] 2017-08-28 19:59:00 [    Test worker] [StandardChronoGraphTransaction]:  Query requires iterating over all vertices. For better performance, use 'has(...)' clauses in your gremlin.
[WARN ] 2017-08-28 19:59:00 [    Test worker] [StandardChronoGraphTransaction]:  Query requires iterating over all edges. For better performance, use 'has(...)' clauses in your gremlin.
[WARN ] 2017-08-28 19:59:00 [    Test worker] [StandardChronoGraphTransaction]:  Query requires iterating over all vertices. For better performance, use 'has(...)' clauses in your gremlin.
[WARN ] 2017-08-28 19:59:00 [    Test worker] [StandardChronoGraphTransaction]:  Query requires iterating over all edges. For better performance, use 'has(...)' clauses in your gremlin.
[WARN ] 2017-08-28 19:59:00 [    Test worker] [StandardChronoGraphTransaction]:  Query requires iterating over all vertices. For better performance, use 'has(...)' clauses in your gremlin.
[WARN ] 2017-08-28 19:59:00 [    Test worker] [StandardChronoGraphTransaction]:  Query requires iterating over all edges. For better performance, use 'has(...)' clauses in your gremlin.
[WARN ] 2017-08-28 19:59:00 [    Test worker] [StandardChronoGraphTransaction]:  Query requires iterating over all vertices. For better performance, use 'has(...)' clauses in your gremlin.
[WARN ] 2017-08-28 19:59:00 [    Test worker] [StandardChronoGraphTransaction]:  Query requires iterating over all edges. For better performance, use 'has(...)' clauses in your gremlin.
[WARN ] 2017-08-28 19:59:00 [    Test worker] [StandardChronoGraphTransaction]:  Query requires iterating over all vertices. For better performance, use 'has(...)' clauses in your gremlin.
[WARN ] 2017-08-28 19:59:00 [    Test worker] [StandardChronoGraphTransaction]:  Query requires iterating over all edges. For better performance, use 'has(...)' clauses in your gremlin.
[WARN ] 2017-08-28 19:59:00 [    Test worker] [StandardChronoGraphTransaction]:  Query requires iterating over all vertices. For better performance, use 'has(...)' clauses in your gremlin.
[WARN ] 2017-08-28 19:59:00 [    Test worker] [StandardChronoGraphTransaction]:  Query requires iterating over all edges. For better performance, use 'has(...)' clauses in your gremlin.
[WARN ] 2017-08-28 19:59:00 [    Test worker] [StandardChronoGraphTransaction]:  Query requires iterating over all vertices. For better performance, use 'has(...)' clauses in your gremlin.
[WARN ] 2017-08-28 19:59:00 [    Test worker] [StandardChronoGraphTransaction]:  Query requires iterating over all edges. For better performance, use 'has(...)' clauses in your gremlin.
[WARN ] 2017-08-28 19:59:00 [    Test worker] [StandardChronoGraphTransaction]:  Query requires iterating over all vertices. For better performance, use 'has(...)' clauses in your gremlin.
[WARN ] 2017-08-28 19:59:00 [    Test worker] [StandardChronoGraphTransaction]:  Query requires iterating over all edges. For better performance, use 'has(...)' clauses in your gremlin.
[WARN ] 2017-08-28 19:59:00 [    Test worker] [StandardChronoGraphTransaction]:  Query requires iterating over all vertices. For better performance, use 'has(...)' clauses in your gremlin.
[WARN ] 2017-08-28 19:59:00 [    Test worker] [StandardChronoGraphTransaction]:  Query requires iterating over all edges. For better performance, use 'has(...)' clauses in your gremlin.
[WARN ] 2017-08-28 19:59:00 [    Test worker] [StandardChronoGraphTransaction]:  Query requires iterating over all vertices. For better performance, use 'has(...)' clauses in your gremlin.
[WARN ] 2017-08-28 19:59:00 [    Test worker] [StandardChronoGraphTransaction]:  Query requires iterating over all edges. For better performance, use 'has(...)' clauses in your gremlin.
[WARN ] 2017-08-28 19:59:00 [    Test worker] [StandardChronoGraphTransaction]:  Query requires iterating over all vertices. For better performance, use 'has(...)' clauses in your gremlin.
[WARN ] 2017-08-28 19:59:00 [    Test worker] [StandardChronoGraphTransaction]:  Query requires iterating over all edges. For better performance, use 'has(...)' clauses in your gremlin.
[WARN ] 2017-08-28 19:59:00 [    Test worker] [StandardChronoGraphTransaction]:  Query requires iterating over all vertices. For better performance, use 'has(...)' clauses in your gremlin.
[WARN ] 2017-08-28 19:59:00 [    Test worker] [StandardChronoGraphTransaction]:  Query requires iterating over all edges. For better performance, use 'has(...)' clauses in your gremlin.
[WARN ] 2017-08-28 19:59:00 [    Test worker] [StandardChronoGraphTransaction]:  Query requires iterating over all vertices. For better performance, use 'has(...)' clauses in your gremlin.
[WARN ] 2017-08-28 19:59:00 [    Test worker] [StandardChronoGraphTransaction]:  Query requires iterating over all edges. For better performance, use 'has(...)' clauses in your gremlin.
[WARN ] 2017-08-28 19:59:00 [    Test worker] [StandardChronoGraphTransaction]:  Query requires iterating over all vertices. For better performance, use 'has(...)' clauses in your gremlin.
[WARN ] 2017-08-28 19:59:00 [    Test worker] [StandardChronoGraphTransaction]:  Query requires iterating over all edges. For better performance, use 'has(...)' clauses in your gremlin.
[WARN ] 2017-08-28 19:59:00 [    Test worker] [StandardChronoGraphTransaction]:  Query requires iterating over all vertices. For better performance, use 'has(...)' clauses in your gremlin.
[WARN ] 2017-08-28 19:59:00 [    Test worker] [StandardChronoGraphTransaction]:  Query requires iterating over all edges. For better performance, use 'has(...)' clauses in your gremlin.
[WARN ] 2017-08-28 19:59:00 [    Test worker] [StandardChronoGraphTransaction]:  Query requires iterating over all vertices. For better performance, use 'has(...)' clauses in your gremlin.
[WARN ] 2017-08-28 19:59:00 [    Test worker] [StandardChronoGraphTransaction]:  Query requires iterating over all edges. For better performance, use 'has(...)' clauses in your gremlin.
[WARN ] 2017-08-28 19:59:00 [    Test worker] [StandardChronoGraphTransaction]:  Query requires iterating over all vertices. For better performance, use 'has(...)' clauses in your gremlin.
[WARN ] 2017-08-28 19:59:00 [    Test worker] [StandardChronoGraphTransaction]:  Query requires iterating over all edges. For better performance, use 'has(...)' clauses in your gremlin.
[WARN ] 2017-08-28 19:59:00 [    Test worker] [StandardChronoGraphTransaction]:  Query requires iterating over all vertices. For better performance, use 'has(...)' clauses in your gremlin.
[WARN ] 2017-08-28 19:59:00 [    Test worker] [StandardChronoGraphTransaction]:  Query requires iterating over all edges. For better performance, use 'has(...)' clauses in your gremlin.
[WARN ] 2017-08-28 19:59:00 [    Test worker] [StandardChronoGraphTransaction]:  Query requires iterating over all vertices. For better performance, use 'has(...)' clauses in your gremlin.
[WARN ] 2017-08-28 19:59:00 [    Test worker] [StandardChronoGraphTransaction]:  Query requires iterating over all edges. For better performance, use 'has(...)' clauses in your gremlin.
[WARN ] 2017-08-28 19:59:00 [    Test worker] [StandardChronoGraphTransaction]:  Query requires iterating over all vertices. For better performance, use 'has(...)' clauses in your gremlin.
[WARN ] 2017-08-28 19:59:00 [    Test worker] [StandardChronoGraphTransaction]:  Query requires iterating over all edges. For better performance, use 'has(...)' clauses in your gremlin.
[WARN ] 2017-08-28 19:59:00 [    Test worker] [StandardChronoGraphTransaction]:  Query requires iterating over all vertices. For better performance, use 'has(...)' clauses in your gremlin.
[WARN ] 2017-08-28 19:59:00 [    Test worker] [StandardChronoGraphTransaction]:  Query requires iterating over all edges. For better performance, use 'has(...)' clauses in your gremlin.
[WARN ] 2017-08-28 19:59:00 [    Test worker] [StandardChronoGraphTransaction]:  Query requires iterating over all vertices. For better performance, use 'has(...)' clauses in your gremlin.
[WARN ] 2017-08-28 19:59:00 [    Test worker] [StandardChronoGraphTransaction]:  Query requires iterating over all edges. For better performance, use 'has(...)' clauses in your gremlin.
[WARN ] 2017-08-28 19:59:00 [    Test worker] [StandardChronoGraphTransaction]:  Query requires iterating over all vertices. For better performance, use 'has(...)' clauses in your gremlin.
[WARN ] 2017-08-28 19:59:00 [    Test worker] [StandardChronoGraphTransaction]:  Query requires iterating over all edges. For better performance, use 'has(...)' clauses in your gremlin.
[WARN ] 2017-08-28 19:59:00 [    Test worker] [StandardChronoGraphTransaction]:  Query requires iterating over all vertices. For better performance, use 'has(...)' clauses in your gremlin.
[WARN ] 2017-08-28 19:59:00 [    Test worker] [StandardChronoGraphTransaction]:  Query requires iterating over all edges. For better performance, use 'has(...)' clauses in your gremlin.
[WARN ] 2017-08-28 19:59:00 [    Test worker] [StandardChronoGraphTransaction]:  Query requires iterating over all vertices. For better performance, use 'has(...)' clauses in your gremlin.
[WARN ] 2017-08-28 19:59:00 [    Test worker] [StandardChronoGraphTransaction]:  Query requires iterating over all edges. For better performance, use 'has(...)' clauses in your gremlin.
[WARN ] 2017-08-28 19:59:00 [    Test worker] [StandardChronoGraphTransaction]:  Query requires iterating over all vertices. For better performance, use 'has(...)' clauses in your gremlin.
[WARN ] 2017-08-28 19:59:00 [    Test worker] [StandardChronoGraphTransaction]:  Query requires iterating over all edges. For better performance, use 'has(...)' clauses in your gremlin.
[WARN ] 2017-08-28 19:59:00 [    Test worker] [StandardChronoGraphTransaction]:  Query requires iterating over all vertices. For better performance, use 'has(...)' clauses in your gremlin.
[WARN ] 2017-08-28 19:59:00 [    Test worker] [StandardChronoGraphTransaction]:  Query requires iterating over all edges. For better performance, use 'has(...)' clauses in your gremlin.
[WARN ] 2017-08-28 19:59:00 [    Test worker] [StandardChronoGraphTransaction]:  Query requires iterating over all vertices. For better performance, use 'has(...)' clauses in your gremlin.
[WARN ] 2017-08-28 19:59:00 [    Test worker] [StandardChronoGraphTransaction]:  Query requires iterating over all edges. For better performance, use 'has(...)' clauses in your gremlin.
[WARN ] 2017-08-28 19:59:00 [    Test worker] [StandardChronoGraphTransaction]:  Query requires iterating over all vertices. For better performance, use 'has(...)' clauses in your gremlin.
[WARN ] 2017-08-28 19:59:00 [    Test worker] [StandardChronoGraphTransaction]:  Query requires iterating over all edges. For better performance, use 'has(...)' clauses in your gremlin.
[WARN ] 2017-08-28 19:59:00 [    Test worker] [StandardChronoGraphTransaction]:  Query requires iterating over all vertices. For better performance, use 'has(...)' clauses in your gremlin.
[WARN ] 2017-08-28 19:59:00 [    Test worker] [StandardChronoGraphTransaction]:  Query requires iterating over all edges. For better performance, use 'has(...)' clauses in your gremlin.
[WARN ] 2017-08-28 19:59:00 [    Test worker] [StandardChronoGraphTransaction]:  Query requires iterating over all vertices. For better performance, use 'has(...)' clauses in your gremlin.
[WARN ] 2017-08-28 19:59:00 [    Test worker] [StandardChronoGraphTransaction]:  Query requires iterating over all edges. For better performance, use 'has(...)' clauses in your gremlin.
[WARN ] 2017-08-28 19:59:00 [    Test worker] [StandardChronoGraphTransaction]:  Query requires iterating over all vertices. For better performance, use 'has(...)' clauses in your gremlin.
[WARN ] 2017-08-28 19:59:00 [    Test worker] [StandardChronoGraphTransaction]:  Query requires iterating over all edges. For better performance, use 'has(...)' clauses in your gremlin.
[WARN ] 2017-08-28 19:59:00 [    Test worker] [StandardChronoGraphTransaction]:  Query requires iterating over all vertices. For better performance, use 'has(...)' clauses in your gremlin.
[WARN ] 2017-08-28 19:59:00 [    Test worker] [StandardChronoGraphTransaction]:  Query requires iterating over all edges. For better performance, use 'has(...)' clauses in your gremlin.
[WARN ] 2017-08-28 19:59:00 [    Test worker] [StandardChronoGraphTransaction]:  Query requires iterating over all vertices. For better performance, use 'has(...)' clauses in your gremlin.
[WARN ] 2017-08-28 19:59:00 [    Test worker] [StandardChronoGraphTransaction]:  Query requires iterating over all edges. For better performance, use 'has(...)' clauses in your gremlin.
[WARN ] 2017-08-28 19:59:00 [    Test worker] [StandardChronoGraphTransaction]:  Query requires iterating over all vertices. For better performance, use 'has(...)' clauses in your gremlin.
[WARN ] 2017-08-28 19:59:00 [    Test worker] [StandardChronoGraphTransaction]:  Query requires iterating over all edges. For better performance, use 'has(...)' clauses in your gremlin.
[WARN ] 2017-08-28 19:59:00 [    Test worker] [StandardChronoGraphTransaction]:  Query requires iterating over all vertices. For better performance, use 'has(...)' clauses in your gremlin.
[WARN ] 2017-08-28 19:59:00 [    Test worker] [StandardChronoGraphTransaction]:  Query requires iterating over all edges. For better performance, use 'has(...)' clauses in your gremlin.
[WARN ] 2017-08-28 19:59:00 [    Test worker] [StandardChronoGraphTransaction]:  Query requires iterating over all vertices. For better performance, use 'has(...)' clauses in your gremlin.
[WARN ] 2017-08-28 19:59:00 [    Test worker] [StandardChronoGraphTransaction]:  Query requires iterating over all edges. For better performance, use 'has(...)' clauses in your gremlin.
[WARN ] 2017-08-28 19:59:00 [    Test worker] [StandardChronoGraphTransaction]:  Query requires iterating over all vertices. For better performance, use 'has(...)' clauses in your gremlin.
[WARN ] 2017-08-28 19:59:00 [    Test worker] [StandardChronoGraphTransaction]:  Query requires iterating over all edges. For better performance, use 'has(...)' clauses in your gremlin.
[WARN ] 2017-08-28 19:59:00 [    Test worker] [StandardChronoGraphTransaction]:  Query requires iterating over all vertices. For better performance, use 'has(...)' clauses in your gremlin.
[WARN ] 2017-08-28 19:59:00 [    Test worker] [StandardChronoGraphTransaction]:  Query requires iterating over all edges. For better performance, use 'has(...)' clauses in your gremlin.
[WARN ] 2017-08-28 19:59:00 [    Test worker] [StandardChronoGraphTransaction]:  Query requires iterating over all vertices. For better performance, use 'has(...)' clauses in your gremlin.
[WARN ] 2017-08-28 19:59:00 [    Test worker] [StandardChronoGraphTransaction]:  Query requires iterating over all edges. For better performance, use 'has(...)' clauses in your gremlin.
[WARN ] 2017-08-28 19:59:00 [    Test worker] [StandardChronoGraphTransaction]:  Query requires iterating over all vertices. For better performance, use 'has(...)' clauses in your gremlin.
[WARN ] 2017-08-28 19:59:00 [    Test worker] [StandardChronoGraphTransaction]:  Query requires iterating over all edges. For better performance, use 'has(...)' clauses in your gremlin.
[WARN ] 2017-08-28 19:59:00 [    Test worker] [StandardChronoGraphTransaction]:  Query requires iterating over all vertices. For better performance, use 'has(...)' clauses in your gremlin.
[WARN ] 2017-08-28 19:59:00 [    Test worker] [StandardChronoGraphTransaction]:  Query requires iterating over all edges. For better performance, use 'has(...)' clauses in your gremlin.
[WARN ] 2017-08-28 19:59:00 [    Test worker] [StandardChronoGraphTransaction]:  Query requires iterating over all vertices. For better performance, use 'has(...)' clauses in your gremlin.
[WARN ] 2017-08-28 19:59:00 [    Test worker] [StandardChronoGraphTransaction]:  Query requires iterating over all edges. For better performance, use 'has(...)' clauses in your gremlin.
[WARN ] 2017-08-28 19:59:00 [    Test worker] [StandardChronoGraphTransaction]:  Query requires iterating over all vertices. For better performance, use 'has(...)' clauses in your gremlin.
[WARN ] 2017-08-28 19:59:00 [    Test worker] [StandardChronoGraphTransaction]:  Query requires iterating over all edges. For better performance, use 'has(...)' clauses in your gremlin.
[WARN ] 2017-08-28 19:59:00 [    Test worker] [StandardChronoGraphTransaction]:  Query requires iterating over all vertices. For better performance, use 'has(...)' clauses in your gremlin.
[WARN ] 2017-08-28 19:59:00 [    Test worker] [StandardChronoGraphTransaction]:  Query requires iterating over all edges. For better performance, use 'has(...)' clauses in your gremlin.
[WARN ] 2017-08-28 19:59:00 [    Test worker] [StandardChronoGraphTransaction]:  Query requires iterating over all vertices. For better performance, use 'has(...)' clauses in your gremlin.
[WARN ] 2017-08-28 19:59:00 [    Test worker] [StandardChronoGraphTransaction]:  Query requires iterating over all edges. For better performance, use 'has(...)' clauses in your gremlin.
[WARN ] 2017-08-28 19:59:00 [    Test worker] [StandardChronoGraphTransaction]:  Query requires iterating over all vertices. For better performance, use 'has(...)' clauses in your gremlin.
[WARN ] 2017-08-28 19:59:00 [    Test worker] [StandardChronoGraphTransaction]:  Query requires iterating over all edges. For better performance, use 'has(...)' clauses in your gremlin.
[WARN ] 2017-08-28 19:59:00 [    Test worker] [StandardChronoGraphTransaction]:  Query requires iterating over all vertices. For better performance, use 'has(...)' clauses in your gremlin.
[WARN ] 2017-08-28 19:59:00 [    Test worker] [StandardChronoGraphTransaction]:  Query requires iterating over all edges. For better performance, use 'has(...)' clauses in your gremlin.
[WARN ] 2017-08-28 19:59:00 [    Test worker] [StandardChronoGraphTransaction]:  Query requires iterating over all vertices. For better performance, use 'has(...)' clauses in your gremlin.
[WARN ] 2017-08-28 19:59:00 [    Test worker] [StandardChronoGraphTransaction]:  Query requires iterating over all edges. For better performance, use 'has(...)' clauses in your gremlin.
[WARN ] 2017-08-28 19:59:00 [    Test worker] [StandardChronoGraphTransaction]:  Query requires iterating over all vertices. For better performance, use 'has(...)' clauses in your gremlin.
[WARN ] 2017-08-28 19:59:00 [    Test worker] [StandardChronoGraphTransaction]:  Query requires iterating over all edges. For better performance, use 'has(...)' clauses in your gremlin.
[WARN ] 2017-08-28 19:59:00 [    Test worker] [StandardChronoGraphTransaction]:  Query requires iterating over all vertices. For better performance, use 'has(...)' clauses in your gremlin.
[WARN ] 2017-08-28 19:59:00 [    Test worker] [StandardChronoGraphTransaction]:  Query requires iterating over all edges. For better performance, use 'has(...)' clauses in your gremlin.
[WARN ] 2017-08-28 19:59:00 [    Test worker] [StandardChronoGraphTransaction]:  Query requires iterating over all vertices. For better performance, use 'has(...)' clauses in your gremlin.
[WARN ] 2017-08-28 19:59:00 [    Test worker] [StandardChronoGraphTransaction]:  Query requires iterating over all edges. For better performance, use 'has(...)' clauses in your gremlin.
[WARN ] 2017-08-28 19:59:00 [    Test worker] [StandardChronoGraphTransaction]:  Query requires iterating over all vertices. For better performance, use 'has(...)' clauses in your gremlin.
[WARN ] 2017-08-28 19:59:00 [    Test worker] [StandardChronoGraphTransaction]:  Query requires iterating over all edges. For better performance, use 'has(...)' clauses in your gremlin.
[WARN ] 2017-08-28 19:59:00 [    Test worker] [StandardChronoGraphTransaction]:  Query requires iterating over all vertices. For better performance, use 'has(...)' clauses in your gremlin.
[WARN ] 2017-08-28 19:59:00 [    Test worker] [StandardChronoGraphTransaction]:  Query requires iterating over all edges. For better performance, use 'has(...)' clauses in your gremlin.
[WARN ] 2017-08-28 19:59:00 [    Test worker] [StandardChronoGraphTransaction]:  Query requires iterating over all vertices. For better performance, use 'has(...)' clauses in your gremlin.
[WARN ] 2017-08-28 19:59:00 [    Test worker] [StandardChronoGraphTransaction]:  Query requires iterating over all edges. For better performance, use 'has(...)' clauses in your gremlin.
[WARN ] 2017-08-28 19:59:00 [    Test worker] [StandardChronoGraphTransaction]:  Query requires iterating over all vertices. For better performance, use 'has(...)' clauses in your gremlin.
[WARN ] 2017-08-28 19:59:00 [    Test worker] [StandardChronoGraphTransaction]:  Query requires iterating over all edges. For better performance, use 'has(...)' clauses in your gremlin.
[WARN ] 2017-08-28 19:59:00 [    Test worker] [StandardChronoGraphTransaction]:  Query requires iterating over all vertices. For better performance, use 'has(...)' clauses in your gremlin.
[WARN ] 2017-08-28 19:59:00 [    Test worker] [StandardChronoGraphTransaction]:  Query requires iterating over all edges. For better performance, use 'has(...)' clauses in your gremlin.
[WARN ] 2017-08-28 19:59:00 [    Test worker] [StandardChronoGraphTransaction]:  Query requires iterating over all vertices. For better performance, use 'has(...)' clauses in your gremlin.
[WARN ] 2017-08-28 19:59:00 [    Test worker] [StandardChronoGraphTransaction]:  Query requires iterating over all edges. For better performance, use 'has(...)' clauses in your gremlin.
[WARN ] 2017-08-28 19:59:00 [    Test worker] [StandardChronoGraphTransaction]:  Query requires iterating over all vertices. For better performance, use 'has(...)' clauses in your gremlin.
[WARN ] 2017-08-28 19:59:00 [    Test worker] [StandardChronoGraphTransaction]:  Query requires iterating over all edges. For better performance, use 'has(...)' clauses in your gremlin.
[WARN ] 2017-08-28 19:59:00 [    Test worker] [StandardChronoGraphTransaction]:  Query requires iterating over all vertices. For better performance, use 'has(...)' clauses in your gremlin.
[WARN ] 2017-08-28 19:59:00 [    Test worker] [StandardChronoGraphTransaction]:  Query requires iterating over all edges. For better performance, use 'has(...)' clauses in your gremlin.
[WARN ] 2017-08-28 19:59:00 [    Test worker] [StandardChronoGraphTransaction]:  Query requires iterating over all vertices. For better performance, use 'has(...)' clauses in your gremlin.
[WARN ] 2017-08-28 19:59:00 [    Test worker] [StandardChronoGraphTransaction]:  Query requires iterating over all edges. For better performance, use 'has(...)' clauses in your gremlin.
[WARN ] 2017-08-28 19:59:00 [    Test worker] [StandardChronoGraphTransaction]:  Query requires iterating over all vertices. For better performance, use 'has(...)' clauses in your gremlin.
[WARN ] 2017-08-28 19:59:00 [    Test worker] [StandardChronoGraphTransaction]:  Query requires iterating over all edges. For better performance, use 'has(...)' clauses in your gremlin.
[WARN ] 2017-08-28 19:59:00 [    Test worker] [StandardChronoGraphTransaction]:  Query requires iterating over all vertices. For better performance, use 'has(...)' clauses in your gremlin.
[WARN ] 2017-08-28 19:59:00 [    Test worker] [StandardChronoGraphTransaction]:  Query requires iterating over all edges. For better performance, use 'has(...)' clauses in your gremlin.
[WARN ] 2017-08-28 19:59:00 [    Test worker] [StandardChronoGraphTransaction]:  Query requires iterating over all vertices. For better performance, use 'has(...)' clauses in your gremlin.
[WARN ] 2017-08-28 19:59:00 [    Test worker] [StandardChronoGraphTransaction]:  Query requires iterating over all edges. For better performance, use 'has(...)' clauses in your gremlin.
[WARN ] 2017-08-28 19:59:00 [    Test worker] [StandardChronoGraphTransaction]:  Query requires iterating over all vertices. For better performance, use 'has(...)' clauses in your gremlin.
[WARN ] 2017-08-28 19:59:00 [    Test worker] [StandardChronoGraphTransaction]:  Query requires iterating over all edges. For better performance, use 'has(...)' clauses in your gremlin.
[WARN ] 2017-08-28 19:59:00 [    Test worker] [StandardChronoGraphTransaction]:  Query requires iterating over all vertices. For better performance, use 'has(...)' clauses in your gremlin.
[WARN ] 2017-08-28 19:59:00 [    Test worker] [StandardChronoGraphTransaction]:  Query requires iterating over all edges. For better performance, use 'has(...)' clauses in your gremlin.
[WARN ] 2017-08-28 19:59:00 [    Test worker] [StandardChronoGraphTransaction]:  Query requires iterating over all vertices. For better performance, use 'has(...)' clauses in your gremlin.
[WARN ] 2017-08-28 19:59:00 [    Test worker] [StandardChronoGraphTransaction]:  Query requires iterating over all edges. For better performance, use 'has(...)' clauses in your gremlin.
[WARN ] 2017-08-28 19:59:00 [    Test worker] [StandardChronoGraphTransaction]:  Query requires iterating over all vertices. For better performance, use 'has(...)' clauses in your gremlin.
[WARN ] 2017-08-28 19:59:00 [    Test worker] [StandardChronoGraphTransaction]:  Query requires iterating over all edges. For better performance, use 'has(...)' clauses in your gremlin.
[WARN ] 2017-08-28 19:59:00 [    Test worker] [StandardChronoGraphTransaction]:  Query requires iterating over all vertices. For better performance, use 'has(...)' clauses in your gremlin.
[WARN ] 2017-08-28 19:59:00 [    Test worker] [StandardChronoGraphTransaction]:  Query requires iterating over all edges. For better performance, use 'has(...)' clauses in your gremlin.
[WARN ] 2017-08-28 19:59:00 [    Test worker] [StandardChronoGraphTransaction]:  Query requires iterating over all vertices. For better performance, use 'has(...)' clauses in your gremlin.
[WARN ] 2017-08-28 19:59:00 [    Test worker] [StandardChronoGraphTransaction]:  Query requires iterating over all edges. For better performance, use 'has(...)' clauses in your gremlin.
[WARN ] 2017-08-28 19:59:00 [    Test worker] [StandardChronoGraphTransaction]:  Query requires iterating over all vertices. For better performance, use 'has(...)' clauses in your gremlin.
[WARN ] 2017-08-28 19:59:00 [    Test worker] [StandardChronoGraphTransaction]:  Query requires iterating over all edges. For better performance, use 'has(...)' clauses in your gremlin.
[WARN ] 2017-08-28 19:59:00 [    Test worker] [StandardChronoGraphTransaction]:  Query requires iterating over all vertices. For better performance, use 'has(...)' clauses in your gremlin.
[WARN ] 2017-08-28 19:59:00 [    Test worker] [StandardChronoGraphTransaction]:  Query requires iterating over all edges. For better performance, use 'has(...)' clauses in your gremlin.
[WARN ] 2017-08-28 19:59:00 [    Test worker] [StandardChronoGraphTransaction]:  Query requires iterating over all vertices. For better performance, use 'has(...)' clauses in your gremlin.
[WARN ] 2017-08-28 19:59:00 [    Test worker] [StandardChronoGraphTransaction]:  Query requires iterating over all edges. For better performance, use 'has(...)' clauses in your gremlin.
[WARN ] 2017-08-28 19:59:00 [    Test worker] [StandardChronoGraphTransaction]:  Query requires iterating over all vertices. For better performance, use 'has(...)' clauses in your gremlin.
[WARN ] 2017-08-28 19:59:00 [    Test worker] [StandardChronoGraphTransaction]:  Query requires iterating over all edges. For better performance, use 'has(...)' clauses in your gremlin.
[WARN ] 2017-08-28 19:59:00 [    Test worker] [StandardChronoGraphTransaction]:  Query requires iterating over all vertices. For better performance, use 'has(...)' clauses in your gremlin.
[WARN ] 2017-08-28 19:59:00 [    Test worker] [StandardChronoGraphTransaction]:  Query requires iterating over all edges. For better performance, use 'has(...)' clauses in your gremlin.
[WARN ] 2017-08-28 19:59:00 [    Test worker] [StandardChronoGraphTransaction]:  Query requires iterating over all vertices. For better performance, use 'has(...)' clauses in your gremlin.
[WARN ] 2017-08-28 19:59:00 [    Test worker] [StandardChronoGraphTransaction]:  Query requires iterating over all edges. For better performance, use 'has(...)' clauses in your gremlin.
[WARN ] 2017-08-28 19:59:00 [    Test worker] [StandardChronoGraphTransaction]:  Query requires iterating over all vertices. For better performance, use 'has(...)' clauses in your gremlin.
[WARN ] 2017-08-28 19:59:00 [    Test worker] [StandardChronoGraphTransaction]:  Query requires iterating over all edges. For better performance, use 'has(...)' clauses in your gremlin.
[WARN ] 2017-08-28 19:59:00 [    Test worker] [StandardChronoGraphTransaction]:  Query requires iterating over all vertices. For better performance, use 'has(...)' clauses in your gremlin.
[WARN ] 2017-08-28 19:59:00 [    Test worker] [StandardChronoGraphTransaction]:  Query requires iterating over all edges. For better performance, use 'has(...)' clauses in your gremlin.
[WARN ] 2017-08-28 19:59:00 [    Test worker] [StandardChronoGraphTransaction]:  Query requires iterating over all vertices. For better performance, use 'has(...)' clauses in your gremlin.
[WARN ] 2017-08-28 19:59:00 [    Test worker] [StandardChronoGraphTransaction]:  Query requires iterating over all edges. For better performance, use 'has(...)' clauses in your gremlin.
[WARN ] 2017-08-28 19:59:00 [    Test worker] [StandardChronoGraphTransaction]:  Query requires iterating over all vertices. For better performance, use 'has(...)' clauses in your gremlin.
[WARN ] 2017-08-28 19:59:00 [    Test worker] [StandardChronoGraphTransaction]:  Query requires iterating over all edges. For better performance, use 'has(...)' clauses in your gremlin.
[WARN ] 2017-08-28 19:59:00 [    Test worker] [StandardChronoGraphTransaction]:  Query requires iterating over all vertices. For better performance, use 'has(...)' clauses in your gremlin.
[WARN ] 2017-08-28 19:59:00 [    Test worker] [StandardChronoGraphTransaction]:  Query requires iterating over all edges. For better performance, use 'has(...)' clauses in your gremlin.
[WARN ] 2017-08-28 19:59:00 [    Test worker] [StandardChronoGraphTransaction]:  Query requires iterating over all vertices. For better performance, use 'has(...)' clauses in your gremlin.
[WARN ] 2017-08-28 19:59:00 [    Test worker] [StandardChronoGraphTransaction]:  Query requires iterating over all edges. For better performance, use 'has(...)' clauses in your gremlin.
[WARN ] 2017-08-28 19:59:00 [    Test worker] [StandardChronoGraphTransaction]:  Query requires iterating over all vertices. For better performance, use 'has(...)' clauses in your gremlin.
[WARN ] 2017-08-28 19:59:00 [    Test worker] [StandardChronoGraphTransaction]:  Query requires iterating over all edges. For better performance, use 'has(...)' clauses in your gremlin.
[WARN ] 2017-08-28 19:59:00 [    Test worker] [StandardChronoGraphTransaction]:  Query requires iterating over all vertices. For better performance, use 'has(...)' clauses in your gremlin.
[WARN ] 2017-08-28 19:59:00 [    Test worker] [StandardChronoGraphTransaction]:  Query requires iterating over all edges. For better performance, use 'has(...)' clauses in your gremlin.
[WARN ] 2017-08-28 19:59:00 [    Test worker] [StandardChronoGraphTransaction]:  Query requires iterating over all vertices. For better performance, use 'has(...)' clauses in your gremlin.
[WARN ] 2017-08-28 19:59:00 [    Test worker] [StandardChronoGraphTransaction]:  Query requires iterating over all edges. For better performance, use 'has(...)' clauses in your gremlin.
[WARN ] 2017-08-28 19:59:00 [    Test worker] [StandardChronoGraphTransaction]:  Query requires iterating over all vertices. For better performance, use 'has(...)' clauses in your gremlin.
[WARN ] 2017-08-28 19:59:00 [    Test worker] [StandardChronoGraphTransaction]:  Query requires iterating over all edges. For better performance, use 'has(...)' clauses in your gremlin.
[WARN ] 2017-08-28 19:59:00 [    Test worker] [StandardChronoGraphTransaction]:  Query requires iterating over all vertices. For better performance, use 'has(...)' clauses in your gremlin.
[WARN ] 2017-08-28 19:59:00 [    Test worker] [StandardChronoGraphTransaction]:  Query requires iterating over all edges. For better performance, use 'has(...)' clauses in your gremlin.
[WARN ] 2017-08-28 19:59:00 [    Test worker] [StandardChronoGraphTransaction]:  Query requires iterating over all vertices. For better performance, use 'has(...)' clauses in your gremlin.
[WARN ] 2017-08-28 19:59:00 [    Test worker] [StandardChronoGraphTransaction]:  Query requires iterating over all edges. For better performance, use 'has(...)' clauses in your gremlin.
[WARN ] 2017-08-28 19:59:00 [    Test worker] [StandardChronoGraphTransaction]:  Query requires iterating over all vertices. For better performance, use 'has(...)' clauses in your gremlin.
[WARN ] 2017-08-28 19:59:00 [    Test worker] [StandardChronoGraphTransaction]:  Query requires iterating over all edges. For better performance, use 'has(...)' clauses in your gremlin.
[WARN ] 2017-08-28 19:59:00 [    Test worker] [StandardChronoGraphTransaction]:  Query requires iterating over all vertices. For better performance, use 'has(...)' clauses in your gremlin.
[WARN ] 2017-08-28 19:59:00 [    Test worker] [StandardChronoGraphTransaction]:  Query requires iterating over all edges. For better performance, use 'has(...)' clauses in your gremlin.
[WARN ] 2017-08-28 19:59:00 [    Test worker] [StandardChronoGraphTransaction]:  Query requires iterating over all vertices. For better performance, use 'has(...)' clauses in your gremlin.
[WARN ] 2017-08-28 19:59:00 [    Test worker] [StandardChronoGraphTransaction]:  Query requires iterating over all edges. For better performance, use 'has(...)' clauses in your gremlin.
[WARN ] 2017-08-28 19:59:00 [    Test worker] [StandardChronoGraphTransaction]:  Query requires iterating over all vertices. For better performance, use 'has(...)' clauses in your gremlin.
[WARN ] 2017-08-28 19:59:00 [    Test worker] [StandardChronoGraphTransaction]:  Query requires iterating over all edges. For better performance, use 'has(...)' clauses in your gremlin.
[WARN ] 2017-08-28 19:59:00 [    Test worker] [StandardChronoGraphTransaction]:  Query requires iterating over all vertices. For better performance, use 'has(...)' clauses in your gremlin.
[WARN ] 2017-08-28 19:59:00 [    Test worker] [StandardChronoGraphTransaction]:  Query requires iterating over all edges. For better performance, use 'has(...)' clauses in your gremlin.
[WARN ] 2017-08-28 19:59:00 [    Test worker] [StandardChronoGraphTransaction]:  Query requires iterating over all vertices. For better performance, use 'has(...)' clauses in your gremlin.
[WARN ] 2017-08-28 19:59:00 [    Test worker] [StandardChronoGraphTransaction]:  Query requires iterating over all edges. For better performance, use 'has(...)' clauses in your gremlin.
[WARN ] 2017-08-28 19:59:00 [    Test worker] [StandardChronoGraphTransaction]:  Query requires iterating over all vertices. For better performance, use 'has(...)' clauses in your gremlin.
[WARN ] 2017-08-28 19:59:00 [    Test worker] [StandardChronoGraphTransaction]:  Query requires iterating over all edges. For better performance, use 'has(...)' clauses in your gremlin.
[WARN ] 2017-08-28 19:59:00 [    Test worker] [StandardChronoGraphTransaction]:  Query requires iterating over all vertices. For better performance, use 'has(...)' clauses in your gremlin.
[WARN ] 2017-08-28 19:59:00 [    Test worker] [StandardChronoGraphTransaction]:  Query requires iterating over all edges. For better performance, use 'has(...)' clauses in your gremlin.
[WARN ] 2017-08-28 19:59:00 [    Test worker] [StandardChronoGraphTransaction]:  Query requires iterating over all vertices. For better performance, use 'has(...)' clauses in your gremlin.
[WARN ] 2017-08-28 19:59:00 [    Test worker] [StandardChronoGraphTransaction]:  Query requires iterating over all edges. For better performance, use 'has(...)' clauses in your gremlin.
[WARN ] 2017-08-28 19:59:00 [    Test worker] [StandardChronoGraphTransaction]:  Query requires iterating over all vertices. For better performance, use 'has(...)' clauses in your gremlin.
[WARN ] 2017-08-28 19:59:00 [    Test worker] [StandardChronoGraphTransaction]:  Query requires iterating over all edges. For better performance, use 'has(...)' clauses in your gremlin.
[WARN ] 2017-08-28 19:59:00 [    Test worker] [StandardChronoGraphTransaction]:  Query requires iterating over all vertices. For better performance, use 'has(...)' clauses in your gremlin.
[WARN ] 2017-08-28 19:59:00 [    Test worker] [StandardChronoGraphTransaction]:  Query requires iterating over all edges. For better performance, use 'has(...)' clauses in your gremlin.
[WARN ] 2017-08-28 19:59:00 [    Test worker] [StandardChronoGraphTransaction]:  Query requires iterating over all vertices. For better performance, use 'has(...)' clauses in your gremlin.
[WARN ] 2017-08-28 19:59:00 [    Test worker] [StandardChronoGraphTransaction]:  Query requires iterating over all edges. For better performance, use 'has(...)' clauses in your gremlin.
[WARN ] 2017-08-28 19:59:00 [    Test worker] [StandardChronoGraphTransaction]:  Query requires iterating over all vertices. For better performance, use 'has(...)' clauses in your gremlin.
[WARN ] 2017-08-28 19:59:00 [    Test worker] [StandardChronoGraphTransaction]:  Query requires iterating over all edges. For better performance, use 'has(...)' clauses in your gremlin.
[WARN ] 2017-08-28 19:59:00 [    Test worker] [StandardChronoGraphTransaction]:  Query requires iterating over all vertices. For better performance, use 'has(...)' clauses in your gremlin.
[WARN ] 2017-08-28 19:59:00 [    Test worker] [StandardChronoGraphTransaction]:  Query requires iterating over all edges. For better performance, use 'has(...)' clauses in your gremlin.
[WARN ] 2017-08-28 19:59:00 [    Test worker] [StandardChronoGraphTransaction]:  Query requires iterating over all vertices. For better performance, use 'has(...)' clauses in your gremlin.
[WARN ] 2017-08-28 19:59:00 [    Test worker] [StandardChronoGraphTransaction]:  Query requires iterating over all edges. For better performance, use 'has(...)' clauses in your gremlin.
[WARN ] 2017-08-28 19:59:00 [    Test worker] [StandardChronoGraphTransaction]:  Query requires iterating over all vertices. For better performance, use 'has(...)' clauses in your gremlin.
[WARN ] 2017-08-28 19:59:00 [    Test worker] [StandardChronoGraphTransaction]:  Query requires iterating over all edges. For better performance, use 'has(...)' clauses in your gremlin.
[WARN ] 2017-08-28 19:59:00 [    Test worker] [StandardChronoGraphTransaction]:  Query requires iterating over all vertices. For better performance, use 'has(...)' clauses in your gremlin.
[WARN ] 2017-08-28 19:59:00 [    Test worker] [StandardChronoGraphTransaction]:  Query requires iterating over all edges. For better performance, use 'has(...)' clauses in your gremlin.
[WARN ] 2017-08-28 19:59:00 [    Test worker] [StandardChronoGraphTransaction]:  Query requires iterating over all vertices. For better performance, use 'has(...)' clauses in your gremlin.
[WARN ] 2017-08-28 19:59:00 [    Test worker] [StandardChronoGraphTransaction]:  Query requires iterating over all edges. For better performance, use 'has(...)' clauses in your gremlin.
[WARN ] 2017-08-28 19:59:00 [    Test worker] [StandardChronoGraphTransaction]:  Query requires iterating over all vertices. For better performance, use 'has(...)' clauses in your gremlin.
[WARN ] 2017-08-28 19:59:00 [    Test worker] [StandardChronoGraphTransaction]:  Query requires iterating over all edges. For better performance, use 'has(...)' clauses in your gremlin.
[WARN ] 2017-08-28 19:59:00 [    Test worker] [StandardChronoGraphTransaction]:  Query requires iterating over all vertices. For better performance, use 'has(...)' clauses in your gremlin.
[WARN ] 2017-08-28 19:59:00 [    Test worker] [StandardChronoGraphTransaction]:  Query requires iterating over all edges. For better performance, use 'has(...)' clauses in your gremlin.
[WARN ] 2017-08-28 19:59:00 [    Test worker] [StandardChronoGraphTransaction]:  Query requires iterating over all vertices. For better performance, use 'has(...)' clauses in your gremlin.
[WARN ] 2017-08-28 19:59:00 [    Test worker] [StandardChronoGraphTransaction]:  Query requires iterating over all edges. For better performance, use 'has(...)' clauses in your gremlin.
[WARN ] 2017-08-28 19:59:00 [    Test worker] [StandardChronoGraphTransaction]:  Query requires iterating over all vertices. For better performance, use 'has(...)' clauses in your gremlin.
[WARN ] 2017-08-28 19:59:00 [    Test worker] [StandardChronoGraphTransaction]:  Query requires iterating over all edges. For better performance, use 'has(...)' clauses in your gremlin.
[WARN ] 2017-08-28 19:59:00 [    Test worker] [StandardChronoGraphTransaction]:  Query requires iterating over all vertices. For better performance, use 'has(...)' clauses in your gremlin.
[WARN ] 2017-08-28 19:59:00 [    Test worker] [StandardChronoGraphTransaction]:  Query requires iterating over all edges. For better performance, use 'has(...)' clauses in your gremlin.
[WARN ] 2017-08-28 19:59:00 [    Test worker] [StandardChronoGraphTransaction]:  Query requires iterating over all vertices. For better performance, use 'has(...)' clauses in your gremlin.
[WARN ] 2017-08-28 19:59:00 [    Test worker] [StandardChronoGraphTransaction]:  Query requires iterating over all edges. For better performance, use 'has(...)' clauses in your gremlin.
[WARN ] 2017-08-28 19:59:00 [    Test worker] [StandardChronoGraphTransaction]:  Query requires iterating over all vertices. For better performance, use 'has(...)' clauses in your gremlin.
[WARN ] 2017-08-28 19:59:00 [    Test worker] [StandardChronoGraphTransaction]:  Query requires iterating over all edges. For better performance, use 'has(...)' clauses in your gremlin.
[WARN ] 2017-08-28 19:59:00 [    Test worker] [StandardChronoGraphTransaction]:  Query requires iterating over all vertices. For better performance, use 'has(...)' clauses in your gremlin.
[WARN ] 2017-08-28 19:59:00 [    Test worker] [StandardChronoGraphTransaction]:  Query requires iterating over all edges. For better performance, use 'has(...)' clauses in your gremlin.
[WARN ] 2017-08-28 19:59:00 [    Test worker] [StandardChronoGraphTransaction]:  Query requires iterating over all vertices. For better performance, use 'has(...)' clauses in your gremlin.
[WARN ] 2017-08-28 19:59:00 [    Test worker] [StandardChronoGraphTransaction]:  Query requires iterating over all edges. For better performance, use 'has(...)' clauses in your gremlin.
[WARN ] 2017-08-28 19:59:00 [    Test worker] [StandardChronoGraphTransaction]:  Query requires iterating over all vertices. For better performance, use 'has(...)' clauses in your gremlin.
[WARN ] 2017-08-28 19:59:00 [    Test worker] [StandardChronoGraphTransaction]:  Query requires iterating over all edges. For better performance, use 'has(...)' clauses in your gremlin.
[WARN ] 2017-08-28 19:59:00 [    Test worker] [StandardChronoGraphTransaction]:  Query requires iterating over all vertices. For better performance, use 'has(...)' clauses in your gremlin.
[WARN ] 2017-08-28 19:59:00 [    Test worker] [StandardChronoGraphTransaction]:  Query requires iterating over all edges. For better performance, use 'has(...)' clauses in your gremlin.
[WARN ] 2017-08-28 19:59:00 [    Test worker] [StandardChronoGraphTransaction]:  Query requires iterating over all vertices. For better performance, use 'has(...)' clauses in your gremlin.
[WARN ] 2017-08-28 19:59:00 [    Test worker] [StandardChronoGraphTransaction]:  Query requires iterating over all edges. For better performance, use 'has(...)' clauses in your gremlin.
[WARN ] 2017-08-28 19:59:00 [    Test worker] [StandardChronoGraphTransaction]:  Query requires iterating over all vertices. For better performance, use 'has(...)' clauses in your gremlin.
[WARN ] 2017-08-28 19:59:00 [    Test worker] [StandardChronoGraphTransaction]:  Query requires iterating over all edges. For better performance, use 'has(...)' clauses in your gremlin.
[WARN ] 2017-08-28 19:59:00 [    Test worker] [StandardChronoGraphTransaction]:  Query requires iterating over all vertices. For better performance, use 'has(...)' clauses in your gremlin.
[WARN ] 2017-08-28 19:59:00 [    Test worker] [StandardChronoGraphTransaction]:  Query requires iterating over all edges. For better performance, use 'has(...)' clauses in your gremlin.
[WARN ] 2017-08-28 19:59:00 [    Test worker] [StandardChronoGraphTransaction]:  Query requires iterating over all vertices. For better performance, use 'has(...)' clauses in your gremlin.
[WARN ] 2017-08-28 19:59:00 [    Test worker] [StandardChronoGraphTransaction]:  Query requires iterating over all edges. For better performance, use 'has(...)' clauses in your gremlin.
[WARN ] 2017-08-28 19:59:00 [    Test worker] [StandardChronoGraphTransaction]:  Query requires iterating over all vertices. For better performance, use 'has(...)' clauses in your gremlin.
[WARN ] 2017-08-28 19:59:00 [    Test worker] [StandardChronoGraphTransaction]:  Query requires iterating over all edges. For better performance, use 'has(...)' clauses in your gremlin.
[WARN ] 2017-08-28 19:59:00 [    Test worker] [StandardChronoGraphTransaction]:  Query requires iterating over all vertices. For better performance, use 'has(...)' clauses in your gremlin.
[WARN ] 2017-08-28 19:59:00 [    Test worker] [StandardChronoGraphTransaction]:  Query requires iterating over all edges. For better performance, use 'has(...)' clauses in your gremlin.
[WARN ] 2017-08-28 19:59:00 [    Test worker] [StandardChronoGraphTransaction]:  Query requires iterating over all vertices. For better performance, use 'has(...)' clauses in your gremlin.
[WARN ] 2017-08-28 19:59:00 [    Test worker] [StandardChronoGraphTransaction]:  Query requires iterating over all edges. For better performance, use 'has(...)' clauses in your gremlin.
[WARN ] 2017-08-28 19:59:00 [    Test worker] [StandardChronoGraphTransaction]:  Query requires iterating over all vertices. For better performance, use 'has(...)' clauses in your gremlin.
[WARN ] 2017-08-28 19:59:00 [    Test worker] [StandardChronoGraphTransaction]:  Query requires iterating over all edges. For better performance, use 'has(...)' clauses in your gremlin.
[WARN ] 2017-08-28 19:59:00 [    Test worker] [StandardChronoGraphTransaction]:  Query requires iterating over all vertices. For better performance, use 'has(...)' clauses in your gremlin.
[WARN ] 2017-08-28 19:59:00 [    Test worker] [StandardChronoGraphTransaction]:  Query requires iterating over all edges. For better performance, use 'has(...)' clauses in your gremlin.
[WARN ] 2017-08-28 19:59:00 [    Test worker] [StandardChronoGraphTransaction]:  Query requires iterating over all vertices. For better performance, use 'has(...)' clauses in your gremlin.
[WARN ] 2017-08-28 19:59:00 [    Test worker] [StandardChronoGraphTransaction]:  Query requires iterating over all edges. For better performance, use 'has(...)' clauses in your gremlin.
[WARN ] 2017-08-28 19:59:00 [    Test worker] [StandardChronoGraphTransaction]:  Query requires iterating over all vertices. For better performance, use 'has(...)' clauses in your gremlin.
[WARN ] 2017-08-28 19:59:00 [    Test worker] [StandardChronoGraphTransaction]:  Query requires iterating over all edges. For better performance, use 'has(...)' clauses in your gremlin.
[WARN ] 2017-08-28 19:59:00 [    Test worker] [StandardChronoGraphTransaction]:  Query requires iterating over all vertices. For better performance, use 'has(...)' clauses in your gremlin.
[WARN ] 2017-08-28 19:59:00 [    Test worker] [StandardChronoGraphTransaction]:  Query requires iterating over all edges. For better performance, use 'has(...)' clauses in your gremlin.
[WARN ] 2017-08-28 19:59:00 [    Test worker] [StandardChronoGraphTransaction]:  Query requires iterating over all vertices. For better performance, use 'has(...)' clauses in your gremlin.
[WARN ] 2017-08-28 19:59:00 [    Test worker] [StandardChronoGraphTransaction]:  Query requires iterating over all edges. For better performance, use 'has(...)' clauses in your gremlin.
[WARN ] 2017-08-28 19:59:00 [    Test worker] [StandardChronoGraphTransaction]:  Query requires iterating over all vertices. For better performance, use 'has(...)' clauses in your gremlin.
[WARN ] 2017-08-28 19:59:00 [    Test worker] [StandardChronoGraphTransaction]:  Query requires iterating over all edges. For better performance, use 'has(...)' clauses in your gremlin.
[WARN ] 2017-08-28 19:59:00 [    Test worker] [StandardChronoGraphTransaction]:  Query requires iterating over all vertices. For better performance, use 'has(...)' clauses in your gremlin.
[WARN ] 2017-08-28 19:59:00 [    Test worker] [StandardChronoGraphTransaction]:  Query requires iterating over all edges. For better performance, use 'has(...)' clauses in your gremlin.
[WARN ] 2017-08-28 19:59:00 [    Test worker] [StandardChronoGraphTransaction]:  Query requires iterating over all vertices. For better performance, use 'has(...)' clauses in your gremlin.
[WARN ] 2017-08-28 19:59:00 [    Test worker] [StandardChronoGraphTransaction]:  Query requires iterating over all edges. For better performance, use 'has(...)' clauses in your gremlin.
[WARN ] 2017-08-28 19:59:00 [    Test worker] [StandardChronoGraphTransaction]:  Query requires iterating over all vertices. For better performance, use 'has(...)' clauses in your gremlin.
[WARN ] 2017-08-28 19:59:00 [    Test worker] [StandardChronoGraphTransaction]:  Query requires iterating over all edges. For better performance, use 'has(...)' clauses in your gremlin.
[WARN ] 2017-08-28 19:59:00 [    Test worker] [StandardChronoGraphTransaction]:  Query requires iterating over all vertices. For better performance, use 'has(...)' clauses in your gremlin.
[WARN ] 2017-08-28 19:59:00 [    Test worker] [StandardChronoGraphTransaction]:  Query requires iterating over all edges. For better performance, use 'has(...)' clauses in your gremlin.
[WARN ] 2017-08-28 19:59:00 [    Test worker] [StandardChronoGraphTransaction]:  Query requires iterating over all vertices. For better performance, use 'has(...)' clauses in your gremlin.
[WARN ] 2017-08-28 19:59:00 [    Test worker] [StandardChronoGraphTransaction]:  Query requires iterating over all edges. For better performance, use 'has(...)' clauses in your gremlin.
[WARN ] 2017-08-28 19:59:00 [    Test worker] [StandardChronoGraphTransaction]:  Query requires iterating over all vertices. For better performance, use 'has(...)' clauses in your gremlin.
[WARN ] 2017-08-28 19:59:00 [    Test worker] [StandardChronoGraphTransaction]:  Query requires iterating over all edges. For better performance, use 'has(...)' clauses in your gremlin.
[WARN ] 2017-08-28 19:59:00 [    Test worker] [StandardChronoGraphTransaction]:  Query requires iterating over all vertices. For better performance, use 'has(...)' clauses in your gremlin.
[WARN ] 2017-08-28 19:59:00 [    Test worker] [StandardChronoGraphTransaction]:  Query requires iterating over all edges. For better performance, use 'has(...)' clauses in your gremlin.
[WARN ] 2017-08-28 19:59:00 [    Test worker] [StandardChronoGraphTransaction]:  Query requires iterating over all vertices. For better performance, use 'has(...)' clauses in your gremlin.
[WARN ] 2017-08-28 19:59:00 [    Test worker] [StandardChronoGraphTransaction]:  Query requires iterating over all edges. For better performance, use 'has(...)' clauses in your gremlin.
[WARN ] 2017-08-28 19:59:00 [    Test worker] [StandardChronoGraphTransaction]:  Query requires iterating over all vertices. For better performance, use 'has(...)' clauses in your gremlin.
[WARN ] 2017-08-28 19:59:00 [    Test worker] [StandardChronoGraphTransaction]:  Query requires iterating over all edges. For better performance, use 'has(...)' clauses in your gremlin.
[WARN ] 2017-08-28 19:59:00 [    Test worker] [StandardChronoGraphTransaction]:  Query requires iterating over all vertices. For better performance, use 'has(...)' clauses in your gremlin.
[WARN ] 2017-08-28 19:59:00 [    Test worker] [StandardChronoGraphTransaction]:  Query requires iterating over all edges. For better performance, use 'has(...)' clauses in your gremlin.
[WARN ] 2017-08-28 19:59:00 [    Test worker] [StandardChronoGraphTransaction]:  Query requires iterating over all vertices. For better performance, use 'has(...)' clauses in your gremlin.
[WARN ] 2017-08-28 19:59:00 [    Test worker] [StandardChronoGraphTransaction]:  Query requires iterating over all edges. For better performance, use 'has(...)' clauses in your gremlin.
[WARN ] 2017-08-28 19:59:00 [    Test worker] [StandardChronoGraphTransaction]:  Query requires iterating over all vertices. For better performance, use 'has(...)' clauses in your gremlin.
[WARN ] 2017-08-28 19:59:00 [    Test worker] [StandardChronoGraphTransaction]:  Query requires iterating over all edges. For better performance, use 'has(...)' clauses in your gremlin.
[WARN ] 2017-08-28 19:59:00 [    Test worker] [StandardChronoGraphTransaction]:  Query requires iterating over all vertices. For better performance, use 'has(...)' clauses in your gremlin.
[WARN ] 2017-08-28 19:59:00 [    Test worker] [StandardChronoGraphTransaction]:  Query requires iterating over all edges. For better performance, use 'has(...)' clauses in your gremlin.
[WARN ] 2017-08-28 19:59:00 [    Test worker] [StandardChronoGraphTransaction]:  Query requires iterating over all vertices. For better performance, use 'has(...)' clauses in your gremlin.
[WARN ] 2017-08-28 19:59:00 [    Test worker] [StandardChronoGraphTransaction]:  Query requires iterating over all edges. For better performance, use 'has(...)' clauses in your gremlin.
[WARN ] 2017-08-28 19:59:00 [    Test worker] [StandardChronoGraphTransaction]:  Query requires iterating over all vertices. For better performance, use 'has(...)' clauses in your gremlin.
[WARN ] 2017-08-28 19:59:00 [    Test worker] [StandardChronoGraphTransaction]:  Query requires iterating over all edges. For better performance, use 'has(...)' clauses in your gremlin.
[WARN ] 2017-08-28 19:59:00 [    Test worker] [StandardChronoGraphTransaction]:  Query requires iterating over all vertices. For better performance, use 'has(...)' clauses in your gremlin.
[WARN ] 2017-08-28 19:59:00 [    Test worker] [StandardChronoGraphTransaction]:  Query requires iterating over all edges. For better performance, use 'has(...)' clauses in your gremlin.
[WARN ] 2017-08-28 19:59:00 [    Test worker] [StandardChronoGraphTransaction]:  Query requires iterating over all vertices. For better performance, use 'has(...)' clauses in your gremlin.
[WARN ] 2017-08-28 19:59:00 [    Test worker] [StandardChronoGraphTransaction]:  Query requires iterating over all edges. For better performance, use 'has(...)' clauses in your gremlin.
[WARN ] 2017-08-28 19:59:00 [    Test worker] [StandardChronoGraphTransaction]:  Query requires iterating over all vertices. For better performance, use 'has(...)' clauses in your gremlin.
[WARN ] 2017-08-28 19:59:00 [    Test worker] [StandardChronoGraphTransaction]:  Query requires iterating over all edges. For better performance, use 'has(...)' clauses in your gremlin.
[WARN ] 2017-08-28 19:59:00 [    Test worker] [StandardChronoGraphTransaction]:  Query requires iterating over all vertices. For better performance, use 'has(...)' clauses in your gremlin.
[WARN ] 2017-08-28 19:59:00 [    Test worker] [StandardChronoGraphTransaction]:  Query requires iterating over all edges. For better performance, use 'has(...)' clauses in your gremlin.
[WARN ] 2017-08-28 19:59:00 [    Test worker] [StandardChronoGraphTransaction]:  Query requires iterating over all vertices. For better performance, use 'has(...)' clauses in your gremlin.
[WARN ] 2017-08-28 19:59:00 [    Test worker] [StandardChronoGraphTransaction]:  Query requires iterating over all edges. For better performance, use 'has(...)' clauses in your gremlin.
[WARN ] 2017-08-28 19:59:00 [    Test worker] [StandardChronoGraphTransaction]:  Query requires iterating over all vertices. For better performance, use 'has(...)' clauses in your gremlin.
[WARN ] 2017-08-28 19:59:00 [    Test worker] [StandardChronoGraphTransaction]:  Query requires iterating over all edges. For better performance, use 'has(...)' clauses in your gremlin.
[WARN ] 2017-08-28 19:59:00 [    Test worker] [StandardChronoGraphTransaction]:  Query requires iterating over all vertices. For better performance, use 'has(...)' clauses in your gremlin.
[WARN ] 2017-08-28 19:59:00 [    Test worker] [StandardChronoGraphTransaction]:  Query requires iterating over all edges. For better performance, use 'has(...)' clauses in your gremlin.
[WARN ] 2017-08-28 19:59:00 [    Test worker] [StandardChronoGraphTransaction]:  Query requires iterating over all vertices. For better performance, use 'has(...)' clauses in your gremlin.
[WARN ] 2017-08-28 19:59:00 [    Test worker] [StandardChronoGraphTransaction]:  Query requires iterating over all edges. For better performance, use 'has(...)' clauses in your gremlin.
[WARN ] 2017-08-28 19:59:00 [    Test worker] [StandardChronoGraphTransaction]:  Query requires iterating over all vertices. For better performance, use 'has(...)' clauses in your gremlin.
[WARN ] 2017-08-28 19:59:00 [    Test worker] [StandardChronoGraphTransaction]:  Query requires iterating over all edges. For better performance, use 'has(...)' clauses in your gremlin.
[WARN ] 2017-08-28 19:59:00 [    Test worker] [StandardChronoGraphTransaction]:  Query requires iterating over all vertices. For better performance, use 'has(...)' clauses in your gremlin.
[WARN ] 2017-08-28 19:59:00 [    Test worker] [StandardChronoGraphTransaction]:  Query requires iterating over all edges. For better performance, use 'has(...)' clauses in your gremlin.
[WARN ] 2017-08-28 19:59:00 [    Test worker] [StandardChronoGraphTransaction]:  Query requires iterating over all vertices. For better performance, use 'has(...)' clauses in your gremlin.
[WARN ] 2017-08-28 19:59:00 [    Test worker] [StandardChronoGraphTransaction]:  Query requires iterating over all edges. For better performance, use 'has(...)' clauses in your gremlin.
[WARN ] 2017-08-28 19:59:00 [    Test worker] [StandardChronoGraphTransaction]:  Query requires iterating over all vertices. For better performance, use 'has(...)' clauses in your gremlin.
[WARN ] 2017-08-28 19:59:00 [    Test worker] [StandardChronoGraphTransaction]:  Query requires iterating over all edges. For better performance, use 'has(...)' clauses in your gremlin.
[WARN ] 2017-08-28 19:59:00 [    Test worker] [StandardChronoGraphTransaction]:  Query requires iterating over all vertices. For better performance, use 'has(...)' clauses in your gremlin.
[WARN ] 2017-08-28 19:59:00 [    Test worker] [StandardChronoGraphTransaction]:  Query requires iterating over all edges. For better performance, use 'has(...)' clauses in your gremlin.
[WARN ] 2017-08-28 19:59:00 [    Test worker] [StandardChronoGraphTransaction]:  Query requires iterating over all vertices. For better performance, use 'has(...)' clauses in your gremlin.
[WARN ] 2017-08-28 19:59:00 [    Test worker] [StandardChronoGraphTransaction]:  Query requires iterating over all edges. For better performance, use 'has(...)' clauses in your gremlin.
[WARN ] 2017-08-28 19:59:00 [    Test worker] [StandardChronoGraphTransaction]:  Query requires iterating over all vertices. For better performance, use 'has(...)' clauses in your gremlin.
[WARN ] 2017-08-28 19:59:00 [    Test worker] [StandardChronoGraphTransaction]:  Query requires iterating over all edges. For better performance, use 'has(...)' clauses in your gremlin.
[WARN ] 2017-08-28 19:59:00 [    Test worker] [StandardChronoGraphTransaction]:  Query requires iterating over all vertices. For better performance, use 'has(...)' clauses in your gremlin.
[WARN ] 2017-08-28 19:59:00 [    Test worker] [StandardChronoGraphTransaction]:  Query requires iterating over all edges. For better performance, use 'has(...)' clauses in your gremlin.
[WARN ] 2017-08-28 19:59:00 [    Test worker] [StandardChronoGraphTransaction]:  Query requires iterating over all vertices. For better performance, use 'has(...)' clauses in your gremlin.
[WARN ] 2017-08-28 19:59:00 [    Test worker] [StandardChronoGraphTransaction]:  Query requires iterating over all edges. For better performance, use 'has(...)' clauses in your gremlin.
[WARN ] 2017-08-28 19:59:00 [    Test worker] [StandardChronoGraphTransaction]:  Query requires iterating over all vertices. For better performance, use 'has(...)' clauses in your gremlin.
[WARN ] 2017-08-28 19:59:00 [    Test worker] [StandardChronoGraphTransaction]:  Query requires iterating over all edges. For better performance, use 'has(...)' clauses in your gremlin.
[WARN ] 2017-08-28 19:59:00 [    Test worker] [StandardChronoGraphTransaction]:  Query requires iterating over all vertices. For better performance, use 'has(...)' clauses in your gremlin.
[WARN ] 2017-08-28 19:59:00 [    Test worker] [StandardChronoGraphTransaction]:  Query requires iterating over all edges. For better performance, use 'has(...)' clauses in your gremlin.
[WARN ] 2017-08-28 19:59:00 [    Test worker] [StandardChronoGraphTransaction]:  Query requires iterating over all vertices. For better performance, use 'has(...)' clauses in your gremlin.
[WARN ] 2017-08-28 19:59:00 [    Test worker] [StandardChronoGraphTransaction]:  Query requires iterating over all edges. For better performance, use 'has(...)' clauses in your gremlin.
[WARN ] 2017-08-28 19:59:00 [    Test worker] [StandardChronoGraphTransaction]:  Query requires iterating over all vertices. For better performance, use 'has(...)' clauses in your gremlin.
[WARN ] 2017-08-28 19:59:00 [    Test worker] [StandardChronoGraphTransaction]:  Query requires iterating over all edges. For better performance, use 'has(...)' clauses in your gremlin.
[WARN ] 2017-08-28 19:59:00 [    Test worker] [StandardChronoGraphTransaction]:  Query requires iterating over all vertices. For better performance, use 'has(...)' clauses in your gremlin.
[WARN ] 2017-08-28 19:59:00 [    Test worker] [StandardChronoGraphTransaction]:  Query requires iterating over all edges. For better performance, use 'has(...)' clauses in your gremlin.
[WARN ] 2017-08-28 19:59:00 [    Test worker] [StandardChronoGraphTransaction]:  Query requires iterating over all vertices. For better performance, use 'has(...)' clauses in your gremlin.
[WARN ] 2017-08-28 19:59:00 [    Test worker] [StandardChronoGraphTransaction]:  Query requires iterating over all edges. For better performance, use 'has(...)' clauses in your gremlin.
[WARN ] 2017-08-28 19:59:00 [    Test worker] [StandardChronoGraphTransaction]:  Query requires iterating over all vertices. For better performance, use 'has(...)' clauses in your gremlin.
[WARN ] 2017-08-28 19:59:00 [    Test worker] [StandardChronoGraphTransaction]:  Query requires iterating over all edges. For better performance, use 'has(...)' clauses in your gremlin.
[WARN ] 2017-08-28 19:59:00 [    Test worker] [StandardChronoGraphTransaction]:  Query requires iterating over all vertices. For better performance, use 'has(...)' clauses in your gremlin.
[WARN ] 2017-08-28 19:59:00 [    Test worker] [StandardChronoGraphTransaction]:  Query requires iterating over all edges. For better performance, use 'has(...)' clauses in your gremlin.
[WARN ] 2017-08-28 19:59:00 [    Test worker] [StandardChronoGraphTransaction]:  Query requires iterating over all vertices. For better performance, use 'has(...)' clauses in your gremlin.
[WARN ] 2017-08-28 19:59:00 [    Test worker] [StandardChronoGraphTransaction]:  Query requires iterating over all edges. For better performance, use 'has(...)' clauses in your gremlin.
[WARN ] 2017-08-28 19:59:00 [    Test worker] [StandardChronoGraphTransaction]:  Query requires iterating over all vertices. For better performance, use 'has(...)' clauses in your gremlin.
[WARN ] 2017-08-28 19:59:00 [    Test worker] [StandardChronoGraphTransaction]:  Query requires iterating over all edges. For better performance, use 'has(...)' clauses in your gremlin.
[WARN ] 2017-08-28 19:59:00 [    Test worker] [StandardChronoGraphTransaction]:  Query requires iterating over all vertices. For better performance, use 'has(...)' clauses in your gremlin.
[WARN ] 2017-08-28 19:59:00 [    Test worker] [StandardChronoGraphTransaction]:  Query requires iterating over all edges. For better performance, use 'has(...)' clauses in your gremlin.
[WARN ] 2017-08-28 19:59:00 [    Test worker] [StandardChronoGraphTransaction]:  Query requires iterating over all vertices. For better performance, use 'has(...)' clauses in your gremlin.
[WARN ] 2017-08-28 19:59:00 [    Test worker] [StandardChronoGraphTransaction]:  Query requires iterating over all edges. For better performance, use 'has(...)' clauses in your gremlin.
[WARN ] 2017-08-28 19:59:00 [    Test worker] [StandardChronoGraphTransaction]:  Query requires iterating over all vertices. For better performance, use 'has(...)' clauses in your gremlin.
[WARN ] 2017-08-28 19:59:00 [    Test worker] [StandardChronoGraphTransaction]:  Query requires iterating over all edges. For better performance, use 'has(...)' clauses in your gremlin.
[WARN ] 2017-08-28 19:59:00 [    Test worker] [StandardChronoGraphTransaction]:  Query requires iterating over all vertices. For better performance, use 'has(...)' clauses in your gremlin.
[WARN ] 2017-08-28 19:59:00 [    Test worker] [StandardChronoGraphTransaction]:  Query requires iterating over all edges. For better performance, use 'has(...)' clauses in your gremlin.
[WARN ] 2017-08-28 19:59:00 [    Test worker] [StandardChronoGraphTransaction]:  Query requires iterating over all vertices. For better performance, use 'has(...)' clauses in your gremlin.
[WARN ] 2017-08-28 19:59:00 [    Test worker] [StandardChronoGraphTransaction]:  Query requires iterating over all edges. For better performance, use 'has(...)' clauses in your gremlin.
[WARN ] 2017-08-28 19:59:00 [    Test worker] [StandardChronoGraphTransaction]:  Query requires iterating over all vertices. For better performance, use 'has(...)' clauses in your gremlin.
[WARN ] 2017-08-28 19:59:00 [    Test worker] [StandardChronoGraphTransaction]:  Query requires iterating over all edges. For better performance, use 'has(...)' clauses in your gremlin.
[WARN ] 2017-08-28 19:59:00 [    Test worker] [StandardChronoGraphTransaction]:  Query requires iterating over all vertices. For better performance, use 'has(...)' clauses in your gremlin.
[WARN ] 2017-08-28 19:59:00 [    Test worker] [StandardChronoGraphTransaction]:  Query requires iterating over all edges. For better performance, use 'has(...)' clauses in your gremlin.
[WARN ] 2017-08-28 19:59:00 [    Test worker] [StandardChronoGraphTransaction]:  Query requires iterating over all vertices. For better performance, use 'has(...)' clauses in your gremlin.
[WARN ] 2017-08-28 19:59:00 [    Test worker] [StandardChronoGraphTransaction]:  Query requires iterating over all edges. For better performance, use 'has(...)' clauses in your gremlin.
[WARN ] 2017-08-28 19:59:00 [    Test worker] [StandardChronoGraphTransaction]:  Query requires iterating over all vertices. For better performance, use 'has(...)' clauses in your gremlin.
[WARN ] 2017-08-28 19:59:00 [    Test worker] [StandardChronoGraphTransaction]:  Query requires iterating over all edges. For better performance, use 'has(...)' clauses in your gremlin.
[WARN ] 2017-08-28 19:59:00 [    Test worker] [StandardChronoGraphTransaction]:  Query requires iterating over all vertices. For better performance, use 'has(...)' clauses in your gremlin.
[WARN ] 2017-08-28 19:59:00 [    Test worker] [StandardChronoGraphTransaction]:  Query requires iterating over all edges. For better performance, use 'has(...)' clauses in your gremlin.
[WARN ] 2017-08-28 19:59:00 [    Test worker] [StandardChronoGraphTransaction]:  Query requires iterating over all vertices. For better performance, use 'has(...)' clauses in your gremlin.
[WARN ] 2017-08-28 19:59:00 [    Test worker] [StandardChronoGraphTransaction]:  Query requires iterating over all edges. For better performance, use 'has(...)' clauses in your gremlin.
[WARN ] 2017-08-28 19:59:00 [    Test worker] [StandardChronoGraphTransaction]:  Query requires iterating over all vertices. For better performance, use 'has(...)' clauses in your gremlin.
[WARN ] 2017-08-28 19:59:00 [    Test worker] [StandardChronoGraphTransaction]:  Query requires iterating over all edges. For better performance, use 'has(...)' clauses in your gremlin.
[WARN ] 2017-08-28 19:59:00 [    Test worker] [StandardChronoGraphTransaction]:  Query requires iterating over all vertices. For better performance, use 'has(...)' clauses in your gremlin.
[WARN ] 2017-08-28 19:59:00 [    Test worker] [StandardChronoGraphTransaction]:  Query requires iterating over all edges. For better performance, use 'has(...)' clauses in your gremlin.
[WARN ] 2017-08-28 19:59:00 [    Test worker] [StandardChronoGraphTransaction]:  Query requires iterating over all vertices. For better performance, use 'has(...)' clauses in your gremlin.
[WARN ] 2017-08-28 19:59:00 [    Test worker] [StandardChronoGraphTransaction]:  Query requires iterating over all edges. For better performance, use 'has(...)' clauses in your gremlin.
[WARN ] 2017-08-28 19:59:00 [    Test worker] [StandardChronoGraphTransaction]:  Query requires iterating over all vertices. For better performance, use 'has(...)' clauses in your gremlin.
[WARN ] 2017-08-28 19:59:00 [    Test worker] [StandardChronoGraphTransaction]:  Query requires iterating over all edges. For better performance, use 'has(...)' clauses in your gremlin.
[WARN ] 2017-08-28 19:59:00 [    Test worker] [StandardChronoGraphTransaction]:  Query requires iterating over all vertices. For better performance, use 'has(...)' clauses in your gremlin.
[WARN ] 2017-08-28 19:59:00 [    Test worker] [StandardChronoGraphTransaction]:  Query requires iterating over all edges. For better performance, use 'has(...)' clauses in your gremlin.
[WARN ] 2017-08-28 19:59:00 [    Test worker] [StandardChronoGraphTransaction]:  Query requires iterating over all vertices. For better performance, use 'has(...)' clauses in your gremlin.
[WARN ] 2017-08-28 19:59:00 [    Test worker] [StandardChronoGraphTransaction]:  Query requires iterating over all edges. For better performance, use 'has(...)' clauses in your gremlin.
[WARN ] 2017-08-28 19:59:00 [    Test worker] [StandardChronoGraphTransaction]:  Query requires iterating over all vertices. For better performance, use 'has(...)' clauses in your gremlin.
[WARN ] 2017-08-28 19:59:00 [    Test worker] [StandardChronoGraphTransaction]:  Query requires iterating over all edges. For better performance, use 'has(...)' clauses in your gremlin.
[WARN ] 2017-08-28 19:59:00 [    Test worker] [StandardChronoGraphTransaction]:  Query requires iterating over all vertices. For better performance, use 'has(...)' clauses in your gremlin.
[WARN ] 2017-08-28 19:59:00 [    Test worker] [StandardChronoGraphTransaction]:  Query requires iterating over all edges. For better performance, use 'has(...)' clauses in your gremlin.
[WARN ] 2017-08-28 19:59:00 [    Test worker] [StandardChronoGraphTransaction]:  Query requires iterating over all vertices. For better performance, use 'has(...)' clauses in your gremlin.
[WARN ] 2017-08-28 19:59:00 [    Test worker] [StandardChronoGraphTransaction]:  Query requires iterating over all edges. For better performance, use 'has(...)' clauses in your gremlin.
[WARN ] 2017-08-28 19:59:00 [    Test worker] [StandardChronoGraphTransaction]:  Query requires iterating over all vertices. For better performance, use 'has(...)' clauses in your gremlin.
[WARN ] 2017-08-28 19:59:00 [    Test worker] [StandardChronoGraphTransaction]:  Query requires iterating over all edges. For better performance, use 'has(...)' clauses in your gremlin.
[WARN ] 2017-08-28 19:59:00 [    Test worker] [StandardChronoGraphTransaction]:  Query requires iterating over all vertices. For better performance, use 'has(...)' clauses in your gremlin.
[WARN ] 2017-08-28 19:59:00 [    Test worker] [StandardChronoGraphTransaction]:  Query requires iterating over all edges. For better performance, use 'has(...)' clauses in your gremlin.
[WARN ] 2017-08-28 19:59:00 [    Test worker] [StandardChronoGraphTransaction]:  Query requires iterating over all vertices. For better performance, use 'has(...)' clauses in your gremlin.
[WARN ] 2017-08-28 19:59:00 [    Test worker] [StandardChronoGraphTransaction]:  Query requires iterating over all edges. For better performance, use 'has(...)' clauses in your gremlin.
[WARN ] 2017-08-28 19:59:00 [    Test worker] [StandardChronoGraphTransaction]:  Query requires iterating over all vertices. For better performance, use 'has(...)' clauses in your gremlin.
[WARN ] 2017-08-28 19:59:00 [    Test worker] [StandardChronoGraphTransaction]:  Query requires iterating over all edges. For better performance, use 'has(...)' clauses in your gremlin.
[WARN ] 2017-08-28 19:59:00 [    Test worker] [StandardChronoGraphTransaction]:  Query requires iterating over all vertices. For better performance, use 'has(...)' clauses in your gremlin.
[WARN ] 2017-08-28 19:59:00 [    Test worker] [StandardChronoGraphTransaction]:  Query requires iterating over all edges. For better performance, use 'has(...)' clauses in your gremlin.
[WARN ] 2017-08-28 19:59:00 [    Test worker] [StandardChronoGraphTransaction]:  Query requires iterating over all vertices. For better performance, use 'has(...)' clauses in your gremlin.
[WARN ] 2017-08-28 19:59:00 [    Test worker] [StandardChronoGraphTransaction]:  Query requires iterating over all edges. For better performance, use 'has(...)' clauses in your gremlin.
[WARN ] 2017-08-28 19:59:00 [    Test worker] [StandardChronoGraphTransaction]:  Query requires iterating over all vertices. For better performance, use 'has(...)' clauses in your gremlin.
[WARN ] 2017-08-28 19:59:00 [    Test worker] [StandardChronoGraphTransaction]:  Query requires iterating over all edges. For better performance, use 'has(...)' clauses in your gremlin.
[WARN ] 2017-08-28 19:59:00 [    Test worker] [StandardChronoGraphTransaction]:  Query requires iterating over all vertices. For better performance, use 'has(...)' clauses in your gremlin.
[WARN ] 2017-08-28 19:59:00 [    Test worker] [StandardChronoGraphTransaction]:  Query requires iterating over all edges. For better performance, use 'has(...)' clauses in your gremlin.
[WARN ] 2017-08-28 19:59:00 [    Test worker] [StandardChronoGraphTransaction]:  Query requires iterating over all vertices. For better performance, use 'has(...)' clauses in your gremlin.
[WARN ] 2017-08-28 19:59:00 [    Test worker] [StandardChronoGraphTransaction]:  Query requires iterating over all edges. For better performance, use 'has(...)' clauses in your gremlin.
[WARN ] 2017-08-28 19:59:00 [    Test worker] [StandardChronoGraphTransaction]:  Query requires iterating over all vertices. For better performance, use 'has(...)' clauses in your gremlin.
[WARN ] 2017-08-28 19:59:00 [    Test worker] [StandardChronoGraphTransaction]:  Query requires iterating over all edges. For better performance, use 'has(...)' clauses in your gremlin.
[WARN ] 2017-08-28 19:59:00 [    Test worker] [StandardChronoGraphTransaction]:  Query requires iterating over all vertices. For better performance, use 'has(...)' clauses in your gremlin.
[WARN ] 2017-08-28 19:59:00 [    Test worker] [StandardChronoGraphTransaction]:  Query requires iterating over all edges. For better performance, use 'has(...)' clauses in your gremlin.
[WARN ] 2017-08-28 19:59:00 [    Test worker] [StandardChronoGraphTransaction]:  Query requires iterating over all vertices. For better performance, use 'has(...)' clauses in your gremlin.
[WARN ] 2017-08-28 19:59:00 [    Test worker] [StandardChronoGraphTransaction]:  Query requires iterating over all edges. For better performance, use 'has(...)' clauses in your gremlin.
[WARN ] 2017-08-28 19:59:00 [    Test worker] [StandardChronoGraphTransaction]:  Query requires iterating over all vertices. For better performance, use 'has(...)' clauses in your gremlin.
[WARN ] 2017-08-28 19:59:00 [    Test worker] [StandardChronoGraphTransaction]:  Query requires iterating over all edges. For better performance, use 'has(...)' clauses in your gremlin.
[WARN ] 2017-08-28 19:59:00 [    Test worker] [StandardChronoGraphTransaction]:  Query requires iterating over all vertices. For better performance, use 'has(...)' clauses in your gremlin.
[WARN ] 2017-08-28 19:59:00 [    Test worker] [StandardChronoGraphTransaction]:  Query requires iterating over all edges. For better performance, use 'has(...)' clauses in your gremlin.
[WARN ] 2017-08-28 19:59:00 [    Test worker] [StandardChronoGraphTransaction]:  Query requires iterating over all vertices. For better performance, use 'has(...)' clauses in your gremlin.
[WARN ] 2017-08-28 19:59:00 [    Test worker] [StandardChronoGraphTransaction]:  Query requires iterating over all edges. For better performance, use 'has(...)' clauses in your gremlin.
[WARN ] 2017-08-28 19:59:00 [    Test worker] [StandardChronoGraphTransaction]:  Query requires iterating over all vertices. For better performance, use 'has(...)' clauses in your gremlin.
[WARN ] 2017-08-28 19:59:00 [    Test worker] [StandardChronoGraphTransaction]:  Query requires iterating over all edges. For better performance, use 'has(...)' clauses in your gremlin.
[WARN ] 2017-08-28 19:59:00 [    Test worker] [StandardChronoGraphTransaction]:  Query requires iterating over all vertices. For better performance, use 'has(...)' clauses in your gremlin.
[WARN ] 2017-08-28 19:59:00 [    Test worker] [StandardChronoGraphTransaction]:  Query requires iterating over all edges. For better performance, use 'has(...)' clauses in your gremlin.
[WARN ] 2017-08-28 19:59:00 [    Test worker] [StandardChronoGraphTransaction]:  Query requires iterating over all vertices. For better performance, use 'has(...)' clauses in your gremlin.
[WARN ] 2017-08-28 19:59:00 [    Test worker] [StandardChronoGraphTransaction]:  Query requires iterating over all edges. For better performance, use 'has(...)' clauses in your gremlin.
[WARN ] 2017-08-28 19:59:00 [    Test worker] [StandardChronoGraphTransaction]:  Query requires iterating over all vertices. For better performance, use 'has(...)' clauses in your gremlin.
[WARN ] 2017-08-28 19:59:00 [    Test worker] [StandardChronoGraphTransaction]:  Query requires iterating over all edges. For better performance, use 'has(...)' clauses in your gremlin.
[WARN ] 2017-08-28 19:59:00 [    Test worker] [StandardChronoGraphTransaction]:  Query requires iterating over all vertices. For better performance, use 'has(...)' clauses in your gremlin.
[WARN ] 2017-08-28 19:59:00 [    Test worker] [StandardChronoGraphTransaction]:  Query requires iterating over all edges. For better performance, use 'has(...)' clauses in your gremlin.
[WARN ] 2017-08-28 19:59:00 [    Test worker] [StandardChronoGraphTransaction]:  Query requires iterating over all vertices. For better performance, use 'has(...)' clauses in your gremlin.
[WARN ] 2017-08-28 19:59:00 [    Test worker] [StandardChronoGraphTransaction]:  Query requires iterating over all edges. For better performance, use 'has(...)' clauses in your gremlin.
[WARN ] 2017-08-28 19:59:00 [    Test worker] [StandardChronoGraphTransaction]:  Query requires iterating over all vertices. For better performance, use 'has(...)' clauses in your gremlin.
[WARN ] 2017-08-28 19:59:00 [    Test worker] [StandardChronoGraphTransaction]:  Query requires iterating over all edges. For better performance, use 'has(...)' clauses in your gremlin.
[WARN ] 2017-08-28 19:59:00 [    Test worker] [StandardChronoGraphTransaction]:  Query requires iterating over all vertices. For better performance, use 'has(...)' clauses in your gremlin.
[WARN ] 2017-08-28 19:59:00 [    Test worker] [StandardChronoGraphTransaction]:  Query requires iterating over all edges. For better performance, use 'has(...)' clauses in your gremlin.
[WARN ] 2017-08-28 19:59:00 [    Test worker] [StandardChronoGraphTransaction]:  Query requires iterating over all vertices. For better performance, use 'has(...)' clauses in your gremlin.
[WARN ] 2017-08-28 19:59:00 [    Test worker] [StandardChronoGraphTransaction]:  Query requires iterating over all edges. For better performance, use 'has(...)' clauses in your gremlin.
[WARN ] 2017-08-28 19:59:00 [    Test worker] [StandardChronoGraphTransaction]:  Query requires iterating over all vertices. For better performance, use 'has(...)' clauses in your gremlin.
[WARN ] 2017-08-28 19:59:00 [    Test worker] [StandardChronoGraphTransaction]:  Query requires iterating over all edges. For better performance, use 'has(...)' clauses in your gremlin.
[WARN ] 2017-08-28 19:59:00 [    Test worker] [StandardChronoGraphTransaction]:  Query requires iterating over all vertices. For better performance, use 'has(...)' clauses in your gremlin.
[WARN ] 2017-08-28 19:59:00 [    Test worker] [StandardChronoGraphTransaction]:  Query requires iterating over all edges. For better performance, use 'has(...)' clauses in your gremlin.
[WARN ] 2017-08-28 19:59:00 [    Test worker] [StandardChronoGraphTransaction]:  Query requires iterating over all vertices. For better performance, use 'has(...)' clauses in your gremlin.
[WARN ] 2017-08-28 19:59:00 [    Test worker] [StandardChronoGraphTransaction]:  Query requires iterating over all edges. For better performance, use 'has(...)' clauses in your gremlin.
[WARN ] 2017-08-28 19:59:00 [    Test worker] [StandardChronoGraphTransaction]:  Query requires iterating over all vertices. For better performance, use 'has(...)' clauses in your gremlin.
[WARN ] 2017-08-28 19:59:00 [    Test worker] [StandardChronoGraphTransaction]:  Query requires iterating over all edges. For better performance, use 'has(...)' clauses in your gremlin.
[WARN ] 2017-08-28 19:59:00 [    Test worker] [StandardChronoGraphTransaction]:  Query requires iterating over all vertices. For better performance, use 'has(...)' clauses in your gremlin.
[WARN ] 2017-08-28 19:59:00 [    Test worker] [StandardChronoGraphTransaction]:  Query requires iterating over all edges. For better performance, use 'has(...)' clauses in your gremlin.
[WARN ] 2017-08-28 19:59:00 [    Test worker] [StandardChronoGraphTransaction]:  Query requires iterating over all vertices. For better performance, use 'has(...)' clauses in your gremlin.
[WARN ] 2017-08-28 19:59:00 [    Test worker] [StandardChronoGraphTransaction]:  Query requires iterating over all edges. For better performance, use 'has(...)' clauses in your gremlin.
[WARN ] 2017-08-28 19:59:00 [    Test worker] [StandardChronoGraphTransaction]:  Query requires iterating over all vertices. For better performance, use 'has(...)' clauses in your gremlin.
[WARN ] 2017-08-28 19:59:00 [    Test worker] [StandardChronoGraphTransaction]:  Query requires iterating over all edges. For better performance, use 'has(...)' clauses in your gremlin.
[WARN ] 2017-08-28 19:59:00 [    Test worker] [StandardChronoGraphTransaction]:  Query requires iterating over all vertices. For better performance, use 'has(...)' clauses in your gremlin.
[WARN ] 2017-08-28 19:59:00 [    Test worker] [StandardChronoGraphTransaction]:  Query requires iterating over all edges. For better performance, use 'has(...)' clauses in your gremlin.
[WARN ] 2017-08-28 19:59:00 [    Test worker] [StandardChronoGraphTransaction]:  Query requires iterating over all vertices. For better performance, use 'has(...)' clauses in your gremlin.
[WARN ] 2017-08-28 19:59:00 [    Test worker] [StandardChronoGraphTransaction]:  Query requires iterating over all edges. For better performance, use 'has(...)' clauses in your gremlin.
[WARN ] 2017-08-28 19:59:00 [    Test worker] [StandardChronoGraphTransaction]:  Query requires iterating over all vertices. For better performance, use 'has(...)' clauses in your gremlin.
[WARN ] 2017-08-28 19:59:00 [    Test worker] [StandardChronoGraphTransaction]:  Query requires iterating over all edges. For better performance, use 'has(...)' clauses in your gremlin.
[WARN ] 2017-08-28 19:59:00 [    Test worker] [StandardChronoGraphTransaction]:  Query requires iterating over all vertices. For better performance, use 'has(...)' clauses in your gremlin.
[WARN ] 2017-08-28 19:59:00 [    Test worker] [StandardChronoGraphTransaction]:  Query requires iterating over all edges. For better performance, use 'has(...)' clauses in your gremlin.
[WARN ] 2017-08-28 19:59:00 [    Test worker] [StandardChronoGraphTransaction]:  Query requires iterating over all vertices. For better performance, use 'has(...)' clauses in your gremlin.
[WARN ] 2017-08-28 19:59:00 [    Test worker] [StandardChronoGraphTransaction]:  Query requires iterating over all edges. For better performance, use 'has(...)' clauses in your gremlin.
[WARN ] 2017-08-28 19:59:00 [    Test worker] [StandardChronoGraphTransaction]:  Query requires iterating over all vertices. For better performance, use 'has(...)' clauses in your gremlin.
[WARN ] 2017-08-28 19:59:00 [    Test worker] [StandardChronoGraphTransaction]:  Query requires iterating over all edges. For better performance, use 'has(...)' clauses in your gremlin.
[WARN ] 2017-08-28 19:59:00 [    Test worker] [StandardChronoGraphTransaction]:  Query requires iterating over all vertices. For better performance, use 'has(...)' clauses in your gremlin.
[WARN ] 2017-08-28 19:59:00 [    Test worker] [StandardChronoGraphTransaction]:  Query requires iterating over all edges. For better performance, use 'has(...)' clauses in your gremlin.
[WARN ] 2017-08-28 19:59:00 [    Test worker] [StandardChronoGraphTransaction]:  Query requires iterating over all vertices. For better performance, use 'has(...)' clauses in your gremlin.
[WARN ] 2017-08-28 19:59:00 [    Test worker] [StandardChronoGraphTransaction]:  Query requires iterating over all edges. For better performance, use 'has(...)' clauses in your gremlin.
[WARN ] 2017-08-28 19:59:00 [    Test worker] [StandardChronoGraphTransaction]:  Query requires iterating over all vertices. For better performance, use 'has(...)' clauses in your gremlin.
[WARN ] 2017-08-28 19:59:00 [    Test worker] [StandardChronoGraphTransaction]:  Query requires iterating over all edges. For better performance, use 'has(...)' clauses in your gremlin.
[WARN ] 2017-08-28 19:59:00 [    Test worker] [StandardChronoGraphTransaction]:  Query requires iterating over all vertices. For better performance, use 'has(...)' clauses in your gremlin.
[WARN ] 2017-08-28 19:59:00 [    Test worker] [StandardChronoGraphTransaction]:  Query requires iterating over all edges. For better performance, use 'has(...)' clauses in your gremlin.
[WARN ] 2017-08-28 19:59:00 [    Test worker] [StandardChronoGraphTransaction]:  Query requires iterating over all vertices. For better performance, use 'has(...)' clauses in your gremlin.
[WARN ] 2017-08-28 19:59:00 [    Test worker] [StandardChronoGraphTransaction]:  Query requires iterating over all edges. For better performance, use 'has(...)' clauses in your gremlin.
[WARN ] 2017-08-28 19:59:00 [    Test worker] [StandardChronoGraphTransaction]:  Query requires iterating over all vertices. For better performance, use 'has(...)' clauses in your gremlin.
[WARN ] 2017-08-28 19:59:00 [    Test worker] [StandardChronoGraphTransaction]:  Query requires iterating over all edges. For better performance, use 'has(...)' clauses in your gremlin.
[WARN ] 2017-08-28 19:59:00 [    Test worker] [StandardChronoGraphTransaction]:  Query requires iterating over all vertices. For better performance, use 'has(...)' clauses in your gremlin.
[WARN ] 2017-08-28 19:59:00 [    Test worker] [StandardChronoGraphTransaction]:  Query requires iterating over all edges. For better performance, use 'has(...)' clauses in your gremlin.
[WARN ] 2017-08-28 19:59:00 [    Test worker] [StandardChronoGraphTransaction]:  Query requires iterating over all vertices. For better performance, use 'has(...)' clauses in your gremlin.
[WARN ] 2017-08-28 19:59:00 [    Test worker] [StandardChronoGraphTransaction]:  Query requires iterating over all edges. For better performance, use 'has(...)' clauses in your gremlin.
[WARN ] 2017-08-28 19:59:00 [    Test worker] [StandardChronoGraphTransaction]:  Query requires iterating over all vertices. For better performance, use 'has(...)' clauses in your gremlin.
[WARN ] 2017-08-28 19:59:00 [    Test worker] [StandardChronoGraphTransaction]:  Query requires iterating over all edges. For better performance, use 'has(...)' clauses in your gremlin.
[WARN ] 2017-08-28 19:59:00 [    Test worker] [StandardChronoGraphTransaction]:  Query requires iterating over all vertices. For better performance, use 'has(...)' clauses in your gremlin.
[WARN ] 2017-08-28 19:59:00 [    Test worker] [StandardChronoGraphTransaction]:  Query requires iterating over all edges. For better performance, use 'has(...)' clauses in your gremlin.
[WARN ] 2017-08-28 19:59:00 [    Test worker] [StandardChronoGraphTransaction]:  Query requires iterating over all vertices. For better performance, use 'has(...)' clauses in your gremlin.
[WARN ] 2017-08-28 19:59:00 [    Test worker] [StandardChronoGraphTransaction]:  Query requires iterating over all edges. For better performance, use 'has(...)' clauses in your gremlin.
[WARN ] 2017-08-28 19:59:00 [    Test worker] [StandardChronoGraphTransaction]:  Query requires iterating over all vertices. For better performance, use 'has(...)' clauses in your gremlin.
[WARN ] 2017-08-28 19:59:00 [    Test worker] [StandardChronoGraphTransaction]:  Query requires iterating over all edges. For better performance, use 'has(...)' clauses in your gremlin.
[WARN ] 2017-08-28 19:59:00 [    Test worker] [StandardChronoGraphTransaction]:  Query requires iterating over all vertices. For better performance, use 'has(...)' clauses in your gremlin.
[WARN ] 2017-08-28 19:59:00 [    Test worker] [StandardChronoGraphTransaction]:  Query requires iterating over all edges. For better performance, use 'has(...)' clauses in your gremlin.
[WARN ] 2017-08-28 19:59:00 [    Test worker] [StandardChronoGraphTransaction]:  Query requires iterating over all vertices. For better performance, use 'has(...)' clauses in your gremlin.
[WARN ] 2017-08-28 19:59:00 [    Test worker] [StandardChronoGraphTransaction]:  Query requires iterating over all edges. For better performance, use 'has(...)' clauses in your gremlin.
[WARN ] 2017-08-28 19:59:00 [    Test worker] [StandardChronoGraphTransaction]:  Query requires iterating over all vertices. For better performance, use 'has(...)' clauses in your gremlin.
[WARN ] 2017-08-28 19:59:00 [    Test worker] [StandardChronoGraphTransaction]:  Query requires iterating over all edges. For better performance, use 'has(...)' clauses in your gremlin.
[WARN ] 2017-08-28 19:59:00 [    Test worker] [StandardChronoGraphTransaction]:  Query requires iterating over all vertices. For better performance, use 'has(...)' clauses in your gremlin.
[WARN ] 2017-08-28 19:59:00 [    Test worker] [StandardChronoGraphTransaction]:  Query requires iterating over all edges. For better performance, use 'has(...)' clauses in your gremlin.
[WARN ] 2017-08-28 19:59:00 [    Test worker] [StandardChronoGraphTransaction]:  Query requires iterating over all vertices. For better performance, use 'has(...)' clauses in your gremlin.
[WARN ] 2017-08-28 19:59:00 [    Test worker] [StandardChronoGraphTransaction]:  Query requires iterating over all edges. For better performance, use 'has(...)' clauses in your gremlin.
[WARN ] 2017-08-28 19:59:00 [    Test worker] [StandardChronoGraphTransaction]:  Query requires iterating over all vertices. For better performance, use 'has(...)' clauses in your gremlin.
[WARN ] 2017-08-28 19:59:00 [    Test worker] [StandardChronoGraphTransaction]:  Query requires iterating over all edges. For better performance, use 'has(...)' clauses in your gremlin.
[WARN ] 2017-08-28 19:59:00 [    Test worker] [StandardChronoGraphTransaction]:  Query requires iterating over all vertices. For better performance, use 'has(...)' clauses in your gremlin.
[WARN ] 2017-08-28 19:59:00 [    Test worker] [StandardChronoGraphTransaction]:  Query requires iterating over all edges. For better performance, use 'has(...)' clauses in your gremlin.
[WARN ] 2017-08-28 19:59:00 [    Test worker] [StandardChronoGraphTransaction]:  Query requires iterating over all vertices. For better performance, use 'has(...)' clauses in your gremlin.
[WARN ] 2017-08-28 19:59:00 [    Test worker] [StandardChronoGraphTransaction]:  Query requires iterating over all edges. For better performance, use 'has(...)' clauses in your gremlin.
[WARN ] 2017-08-28 19:59:00 [    Test worker] [StandardChronoGraphTransaction]:  Query requires iterating over all vertices. For better performance, use 'has(...)' clauses in your gremlin.
[WARN ] 2017-08-28 19:59:00 [    Test worker] [StandardChronoGraphTransaction]:  Query requires iterating over all edges. For better performance, use 'has(...)' clauses in your gremlin.
[WARN ] 2017-08-28 19:59:00 [    Test worker] [StandardChronoGraphTransaction]:  Query requires iterating over all vertices. For better performance, use 'has(...)' clauses in your gremlin.
[WARN ] 2017-08-28 19:59:00 [    Test worker] [StandardChronoGraphTransaction]:  Query requires iterating over all edges. For better performance, use 'has(...)' clauses in your gremlin.
[WARN ] 2017-08-28 19:59:00 [    Test worker] [StandardChronoGraphTransaction]:  Query requires iterating over all vertices. For better performance, use 'has(...)' clauses in your gremlin.
[WARN ] 2017-08-28 19:59:00 [    Test worker] [StandardChronoGraphTransaction]:  Query requires iterating over all edges. For better performance, use 'has(...)' clauses in your gremlin.
[WARN ] 2017-08-28 19:59:00 [    Test worker] [StandardChronoGraphTransaction]:  Query requires iterating over all vertices. For better performance, use 'has(...)' clauses in your gremlin.
[WARN ] 2017-08-28 19:59:00 [    Test worker] [StandardChronoGraphTransaction]:  Query requires iterating over all edges. For better performance, use 'has(...)' clauses in your gremlin.
[WARN ] 2017-08-28 19:59:00 [    Test worker] [StandardChronoGraphTransaction]:  Query requires iterating over all vertices. For better performance, use 'has(...)' clauses in your gremlin.
[WARN ] 2017-08-28 19:59:00 [    Test worker] [StandardChronoGraphTransaction]:  Query requires iterating over all edges. For better performance, use 'has(...)' clauses in your gremlin.
[WARN ] 2017-08-28 19:59:00 [    Test worker] [StandardChronoGraphTransaction]:  Query requires iterating over all vertices. For better performance, use 'has(...)' clauses in your gremlin.
[WARN ] 2017-08-28 19:59:00 [    Test worker] [StandardChronoGraphTransaction]:  Query requires iterating over all edges. For better performance, use 'has(...)' clauses in your gremlin.
[WARN ] 2017-08-28 19:59:00 [    Test worker] [StandardChronoGraphTransaction]:  Query requires iterating over all vertices. For better performance, use 'has(...)' clauses in your gremlin.
[WARN ] 2017-08-28 19:59:00 [    Test worker] [StandardChronoGraphTransaction]:  Query requires iterating over all edges. For better performance, use 'has(...)' clauses in your gremlin.
[WARN ] 2017-08-28 19:59:00 [    Test worker] [StandardChronoGraphTransaction]:  Query requires iterating over all vertices. For better performance, use 'has(...)' clauses in your gremlin.
[WARN ] 2017-08-28 19:59:00 [    Test worker] [StandardChronoGraphTransaction]:  Query requires iterating over all edges. For better performance, use 'has(...)' clauses in your gremlin.
[WARN ] 2017-08-28 19:59:00 [    Test worker] [StandardChronoGraphTransaction]:  Query requires iterating over all vertices. For better performance, use 'has(...)' clauses in your gremlin.
[WARN ] 2017-08-28 19:59:00 [    Test worker] [StandardChronoGraphTransaction]:  Query requires iterating over all edges. For better performance, use 'has(...)' clauses in your gremlin.
[WARN ] 2017-08-28 19:59:00 [    Test worker] [StandardChronoGraphTransaction]:  Query requires iterating over all vertices. For better performance, use 'has(...)' clauses in your gremlin.
[WARN ] 2017-08-28 19:59:00 [    Test worker] [StandardChronoGraphTransaction]:  Query requires iterating over all edges. For better performance, use 'has(...)' clauses in your gremlin.
[WARN ] 2017-08-28 19:59:00 [    Test worker] [StandardChronoGraphTransaction]:  Query requires iterating over all vertices. For better performance, use 'has(...)' clauses in your gremlin.
[WARN ] 2017-08-28 19:59:00 [    Test worker] [StandardChronoGraphTransaction]:  Query requires iterating over all edges. For better performance, use 'has(...)' clauses in your gremlin.
[WARN ] 2017-08-28 19:59:00 [    Test worker] [StandardChronoGraphTransaction]:  Query requires iterating over all vertices. For better performance, use 'has(...)' clauses in your gremlin.
[WARN ] 2017-08-28 19:59:00 [    Test worker] [StandardChronoGraphTransaction]:  Query requires iterating over all edges. For better performance, use 'has(...)' clauses in your gremlin.
[WARN ] 2017-08-28 19:59:00 [    Test worker] [StandardChronoGraphTransaction]:  Query requires iterating over all vertices. For better performance, use 'has(...)' clauses in your gremlin.
[WARN ] 2017-08-28 19:59:00 [    Test worker] [StandardChronoGraphTransaction]:  Query requires iterating over all edges. For better performance, use 'has(...)' clauses in your gremlin.
[WARN ] 2017-08-28 19:59:00 [    Test worker] [StandardChronoGraphTransaction]:  Query requires iterating over all vertices. For better performance, use 'has(...)' clauses in your gremlin.
[WARN ] 2017-08-28 19:59:00 [    Test worker] [StandardChronoGraphTransaction]:  Query requires iterating over all edges. For better performance, use 'has(...)' clauses in your gremlin.
[WARN ] 2017-08-28 19:59:00 [    Test worker] [StandardChronoGraphTransaction]:  Query requires iterating over all vertices. For better performance, use 'has(...)' clauses in your gremlin.
[WARN ] 2017-08-28 19:59:00 [    Test worker] [StandardChronoGraphTransaction]:  Query requires iterating over all edges. For better performance, use 'has(...)' clauses in your gremlin.
[WARN ] 2017-08-28 19:59:00 [    Test worker] [StandardChronoGraphTransaction]:  Query requires iterating over all vertices. For better performance, use 'has(...)' clauses in your gremlin.
[WARN ] 2017-08-28 19:59:00 [    Test worker] [StandardChronoGraphTransaction]:  Query requires iterating over all edges. For better performance, use 'has(...)' clauses in your gremlin.
[WARN ] 2017-08-28 19:59:00 [    Test worker] [StandardChronoGraphTransaction]:  Query requires iterating over all vertices. For better performance, use 'has(...)' clauses in your gremlin.
[WARN ] 2017-08-28 19:59:00 [    Test worker] [StandardChronoGraphTransaction]:  Query requires iterating over all edges. For better performance, use 'has(...)' clauses in your gremlin.
[WARN ] 2017-08-28 19:59:00 [    Test worker] [StandardChronoGraphTransaction]:  Query requires iterating over all vertices. For better performance, use 'has(...)' clauses in your gremlin.
[WARN ] 2017-08-28 19:59:00 [    Test worker] [StandardChronoGraphTransaction]:  Query requires iterating over all edges. For better performance, use 'has(...)' clauses in your gremlin.
[WARN ] 2017-08-28 19:59:00 [    Test worker] [StandardChronoGraphTransaction]:  Query requires iterating over all vertices. For better performance, use 'has(...)' clauses in your gremlin.
[WARN ] 2017-08-28 19:59:00 [    Test worker] [StandardChronoGraphTransaction]:  Query requires iterating over all edges. For better performance, use 'has(...)' clauses in your gremlin.
[WARN ] 2017-08-28 19:59:00 [    Test worker] [StandardChronoGraphTransaction]:  Query requires iterating over all vertices. For better performance, use 'has(...)' clauses in your gremlin.
[WARN ] 2017-08-28 19:59:00 [    Test worker] [StandardChronoGraphTransaction]:  Query requires iterating over all edges. For better performance, use 'has(...)' clauses in your gremlin.
[WARN ] 2017-08-28 19:59:00 [    Test worker] [StandardChronoGraphTransaction]:  Query requires iterating over all vertices. For better performance, use 'has(...)' clauses in your gremlin.
[WARN ] 2017-08-28 19:59:00 [    Test worker] [StandardChronoGraphTransaction]:  Query requires iterating over all edges. For better performance, use 'has(...)' clauses in your gremlin.
[WARN ] 2017-08-28 19:59:00 [    Test worker] [StandardChronoGraphTransaction]:  Query requires iterating over all vertices. For better performance, use 'has(...)' clauses in your gremlin.
[WARN ] 2017-08-28 19:59:00 [    Test worker] [StandardChronoGraphTransaction]:  Query requires iterating over all edges. For better performance, use 'has(...)' clauses in your gremlin.
[WARN ] 2017-08-28 19:59:00 [    Test worker] [StandardChronoGraphTransaction]:  Query requires iterating over all vertices. For better performance, use 'has(...)' clauses in your gremlin.
[WARN ] 2017-08-28 19:59:00 [    Test worker] [StandardChronoGraphTransaction]:  Query requires iterating over all edges. For better performance, use 'has(...)' clauses in your gremlin.
[WARN ] 2017-08-28 19:59:00 [    Test worker] [StandardChronoGraphTransaction]:  Query requires iterating over all vertices. For better performance, use 'has(...)' clauses in your gremlin.
[WARN ] 2017-08-28 19:59:00 [    Test worker] [StandardChronoGraphTransaction]:  Query requires iterating over all edges. For better performance, use 'has(...)' clauses in your gremlin.
[WARN ] 2017-08-28 19:59:00 [    Test worker] [StandardChronoGraphTransaction]:  Query requires iterating over all vertices. For better performance, use 'has(...)' clauses in your gremlin.
[WARN ] 2017-08-28 19:59:00 [    Test worker] [StandardChronoGraphTransaction]:  Query requires iterating over all edges. For better performance, use 'has(...)' clauses in your gremlin.
[WARN ] 2017-08-28 19:59:00 [    Test worker] [StandardChronoGraphTransaction]:  Query requires iterating over all vertices. For better performance, use 'has(...)' clauses in your gremlin.
[WARN ] 2017-08-28 19:59:00 [    Test worker] [StandardChronoGraphTransaction]:  Query requires iterating over all edges. For better performance, use 'has(...)' clauses in your gremlin.
[WARN ] 2017-08-28 19:59:00 [    Test worker] [StandardChronoGraphTransaction]:  Query requires iterating over all vertices. For better performance, use 'has(...)' clauses in your gremlin.
[WARN ] 2017-08-28 19:59:00 [    Test worker] [StandardChronoGraphTransaction]:  Query requires iterating over all edges. For better performance, use 'has(...)' clauses in your gremlin.
[WARN ] 2017-08-28 19:59:00 [    Test worker] [StandardChronoGraphTransaction]:  Query requires iterating over all vertices. For better performance, use 'has(...)' clauses in your gremlin.
[WARN ] 2017-08-28 19:59:00 [    Test worker] [StandardChronoGraphTransaction]:  Query requires iterating over all edges. For better performance, use 'has(...)' clauses in your gremlin.
[WARN ] 2017-08-28 19:59:00 [    Test worker] [StandardChronoGraphTransaction]:  Query requires iterating over all vertices. For better performance, use 'has(...)' clauses in your gremlin.
[WARN ] 2017-08-28 19:59:00 [    Test worker] [StandardChronoGraphTransaction]:  Query requires iterating over all edges. For better performance, use 'has(...)' clauses in your gremlin.
[WARN ] 2017-08-28 19:59:00 [    Test worker] [StandardChronoGraphTransaction]:  Query requires iterating over all vertices. For better performance, use 'has(...)' clauses in your gremlin.
[WARN ] 2017-08-28 19:59:00 [    Test worker] [StandardChronoGraphTransaction]:  Query requires iterating over all edges. For better performance, use 'has(...)' clauses in your gremlin.
[WARN ] 2017-08-28 19:59:00 [    Test worker] [StandardChronoGraphTransaction]:  Query requires iterating over all vertices. For better performance, use 'has(...)' clauses in your gremlin.
[WARN ] 2017-08-28 19:59:00 [    Test worker] [StandardChronoGraphTransaction]:  Query requires iterating over all edges. For better performance, use 'has(...)' clauses in your gremlin.
[WARN ] 2017-08-28 19:59:00 [    Test worker] [StandardChronoGraphTransaction]:  Query requires iterating over all vertices. For better performance, use 'has(...)' clauses in your gremlin.
[WARN ] 2017-08-28 19:59:00 [    Test worker] [StandardChronoGraphTransaction]:  Query requires iterating over all edges. For better performance, use 'has(...)' clauses in your gremlin.
[WARN ] 2017-08-28 19:59:00 [    Test worker] [StandardChronoGraphTransaction]:  Query requires iterating over all vertices. For better performance, use 'has(...)' clauses in your gremlin.
[WARN ] 2017-08-28 19:59:00 [    Test worker] [StandardChronoGraphTransaction]:  Query requires iterating over all edges. For better performance, use 'has(...)' clauses in your gremlin.
[WARN ] 2017-08-28 19:59:00 [    Test worker] [StandardChronoGraphTransaction]:  Query requires iterating over all vertices. For better performance, use 'has(...)' clauses in your gremlin.
[WARN ] 2017-08-28 19:59:00 [    Test worker] [StandardChronoGraphTransaction]:  Query requires iterating over all edges. For better performance, use 'has(...)' clauses in your gremlin.
[WARN ] 2017-08-28 19:59:00 [    Test worker] [StandardChronoGraphTransaction]:  Query requires iterating over all vertices. For better performance, use 'has(...)' clauses in your gremlin.
[WARN ] 2017-08-28 19:59:00 [    Test worker] [StandardChronoGraphTransaction]:  Query requires iterating over all edges. For better performance, use 'has(...)' clauses in your gremlin.
[WARN ] 2017-08-28 19:59:00 [    Test worker] [StandardChronoGraphTransaction]:  Query requires iterating over all vertices. For better performance, use 'has(...)' clauses in your gremlin.
[WARN ] 2017-08-28 19:59:00 [    Test worker] [StandardChronoGraphTransaction]:  Query requires iterating over all edges. For better performance, use 'has(...)' clauses in your gremlin.
[WARN ] 2017-08-28 19:59:00 [    Test worker] [StandardChronoGraphTransaction]:  Query requires iterating over all vertices. For better performance, use 'has(...)' clauses in your gremlin.
[WARN ] 2017-08-28 19:59:00 [    Test worker] [StandardChronoGraphTransaction]:  Query requires iterating over all edges. For better performance, use 'has(...)' clauses in your gremlin.
[WARN ] 2017-08-28 19:59:00 [    Test worker] [StandardChronoGraphTransaction]:  Query requires iterating over all vertices. For better performance, use 'has(...)' clauses in your gremlin.
[WARN ] 2017-08-28 19:59:00 [    Test worker] [StandardChronoGraphTransaction]:  Query requires iterating over all edges. For better performance, use 'has(...)' clauses in your gremlin.
[WARN ] 2017-08-28 19:59:00 [    Test worker] [StandardChronoGraphTransaction]:  Query requires iterating over all vertices. For better performance, use 'has(...)' clauses in your gremlin.
[WARN ] 2017-08-28 19:59:00 [    Test worker] [StandardChronoGraphTransaction]:  Query requires iterating over all edges. For better performance, use 'has(...)' clauses in your gremlin.
[WARN ] 2017-08-28 19:59:00 [    Test worker] [StandardChronoGraphTransaction]:  Query requires iterating over all vertices. For better performance, use 'has(...)' clauses in your gremlin.
[WARN ] 2017-08-28 19:59:00 [    Test worker] [StandardChronoGraphTransaction]:  Query requires iterating over all edges. For better performance, use 'has(...)' clauses in your gremlin.
[WARN ] 2017-08-28 19:59:00 [    Test worker] [StandardChronoGraphTransaction]:  Query requires iterating over all vertices. For better performance, use 'has(...)' clauses in your gremlin.
[WARN ] 2017-08-28 19:59:00 [    Test worker] [StandardChronoGraphTransaction]:  Query requires iterating over all edges. For better performance, use 'has(...)' clauses in your gremlin.
[WARN ] 2017-08-28 19:59:00 [    Test worker] [StandardChronoGraphTransaction]:  Query requires iterating over all vertices. For better performance, use 'has(...)' clauses in your gremlin.
[WARN ] 2017-08-28 19:59:00 [    Test worker] [StandardChronoGraphTransaction]:  Query requires iterating over all edges. For better performance, use 'has(...)' clauses in your gremlin.
[WARN ] 2017-08-28 19:59:00 [    Test worker] [StandardChronoGraphTransaction]:  Query requires iterating over all vertices. For better performance, use 'has(...)' clauses in your gremlin.
[WARN ] 2017-08-28 19:59:00 [    Test worker] [StandardChronoGraphTransaction]:  Query requires iterating over all edges. For better performance, use 'has(...)' clauses in your gremlin.
[WARN ] 2017-08-28 19:59:00 [    Test worker] [StandardChronoGraphTransaction]:  Query requires iterating over all vertices. For better performance, use 'has(...)' clauses in your gremlin.
[WARN ] 2017-08-28 19:59:00 [    Test worker] [StandardChronoGraphTransaction]:  Query requires iterating over all edges. For better performance, use 'has(...)' clauses in your gremlin.
[WARN ] 2017-08-28 19:59:00 [    Test worker] [StandardChronoGraphTransaction]:  Query requires iterating over all vertices. For better performance, use 'has(...)' clauses in your gremlin.
[WARN ] 2017-08-28 19:59:00 [    Test worker] [StandardChronoGraphTransaction]:  Query requires iterating over all edges. For better performance, use 'has(...)' clauses in your gremlin.
[WARN ] 2017-08-28 19:59:00 [    Test worker] [StandardChronoGraphTransaction]:  Query requires iterating over all vertices. For better performance, use 'has(...)' clauses in your gremlin.
[WARN ] 2017-08-28 19:59:00 [    Test worker] [StandardChronoGraphTransaction]:  Query requires iterating over all edges. For better performance, use 'has(...)' clauses in your gremlin.
[WARN ] 2017-08-28 19:59:00 [    Test worker] [StandardChronoGraphTransaction]:  Query requires iterating over all vertices. For better performance, use 'has(...)' clauses in your gremlin.
[WARN ] 2017-08-28 19:59:00 [    Test worker] [StandardChronoGraphTransaction]:  Query requires iterating over all edges. For better performance, use 'has(...)' clauses in your gremlin.
[WARN ] 2017-08-28 19:59:00 [    Test worker] [StandardChronoGraphTransaction]:  Query requires iterating over all vertices. For better performance, use 'has(...)' clauses in your gremlin.
[WARN ] 2017-08-28 19:59:00 [    Test worker] [StandardChronoGraphTransaction]:  Query requires iterating over all edges. For better performance, use 'has(...)' clauses in your gremlin.
[WARN ] 2017-08-28 19:59:00 [    Test worker] [StandardChronoGraphTransaction]:  Query requires iterating over all vertices. For better performance, use 'has(...)' clauses in your gremlin.
[WARN ] 2017-08-28 19:59:00 [    Test worker] [StandardChronoGraphTransaction]:  Query requires iterating over all edges. For better performance, use 'has(...)' clauses in your gremlin.
[WARN ] 2017-08-28 19:59:00 [    Test worker] [StandardChronoGraphTransaction]:  Query requires iterating over all vertices. For better performance, use 'has(...)' clauses in your gremlin.
[WARN ] 2017-08-28 19:59:00 [    Test worker] [StandardChronoGraphTransaction]:  Query requires iterating over all edges. For better performance, use 'has(...)' clauses in your gremlin.
[WARN ] 2017-08-28 19:59:00 [    Test worker] [StandardChronoGraphTransaction]:  Query requires iterating over all vertices. For better performance, use 'has(...)' clauses in your gremlin.
[WARN ] 2017-08-28 19:59:00 [    Test worker] [StandardChronoGraphTransaction]:  Query requires iterating over all edges. For better performance, use 'has(...)' clauses in your gremlin.
[WARN ] 2017-08-28 19:59:00 [    Test worker] [StandardChronoGraphTransaction]:  Query requires iterating over all vertices. For better performance, use 'has(...)' clauses in your gremlin.
[WARN ] 2017-08-28 19:59:00 [    Test worker] [StandardChronoGraphTransaction]:  Query requires iterating over all edges. For better performance, use 'has(...)' clauses in your gremlin.
[WARN ] 2017-08-28 19:59:00 [    Test worker] [StandardChronoGraphTransaction]:  Query requires iterating over all vertices. For better performance, use 'has(...)' clauses in your gremlin.
[WARN ] 2017-08-28 19:59:00 [    Test worker] [StandardChronoGraphTransaction]:  Query requires iterating over all edges. For better performance, use 'has(...)' clauses in your gremlin.
[WARN ] 2017-08-28 19:59:00 [    Test worker] [StandardChronoGraphTransaction]:  Query requires iterating over all vertices. For better performance, use 'has(...)' clauses in your gremlin.
[WARN ] 2017-08-28 19:59:00 [    Test worker] [StandardChronoGraphTransaction]:  Query requires iterating over all edges. For better performance, use 'has(...)' clauses in your gremlin.
[WARN ] 2017-08-28 19:59:00 [    Test worker] [StandardChronoGraphTransaction]:  Query requires iterating over all vertices. For better performance, use 'has(...)' clauses in your gremlin.
[WARN ] 2017-08-28 19:59:00 [    Test worker] [StandardChronoGraphTransaction]:  Query requires iterating over all edges. For better performance, use 'has(...)' clauses in your gremlin.
[WARN ] 2017-08-28 19:59:00 [    Test worker] [StandardChronoGraphTransaction]:  Query requires iterating over all vertices. For better performance, use 'has(...)' clauses in your gremlin.
[WARN ] 2017-08-28 19:59:00 [    Test worker] [StandardChronoGraphTransaction]:  Query requires iterating over all edges. For better performance, use 'has(...)' clauses in your gremlin.
[WARN ] 2017-08-28 19:59:00 [    Test worker] [StandardChronoGraphTransaction]:  Query requires iterating over all vertices. For better performance, use 'has(...)' clauses in your gremlin.
[WARN ] 2017-08-28 19:59:00 [    Test worker] [StandardChronoGraphTransaction]:  Query requires iterating over all edges. For better performance, use 'has(...)' clauses in your gremlin.
[WARN ] 2017-08-28 19:59:00 [    Test worker] [StandardChronoGraphTransaction]:  Query requires iterating over all vertices. For better performance, use 'has(...)' clauses in your gremlin.
[WARN ] 2017-08-28 19:59:00 [    Test worker] [StandardChronoGraphTransaction]:  Query requires iterating over all edges. For better performance, use 'has(...)' clauses in your gremlin.
[WARN ] 2017-08-28 19:59:00 [    Test worker] [StandardChronoGraphTransaction]:  Query requires iterating over all vertices. For better performance, use 'has(...)' clauses in your gremlin.
[WARN ] 2017-08-28 19:59:00 [    Test worker] [StandardChronoGraphTransaction]:  Query requires iterating over all edges. For better performance, use 'has(...)' clauses in your gremlin.
[WARN ] 2017-08-28 19:59:00 [    Test worker] [StandardChronoGraphTransaction]:  Query requires iterating over all vertices. For better performance, use 'has(...)' clauses in your gremlin.
[WARN ] 2017-08-28 19:59:00 [    Test worker] [StandardChronoGraphTransaction]:  Query requires iterating over all edges. For better performance, use 'has(...)' clauses in your gremlin.
[WARN ] 2017-08-28 19:59:00 [    Test worker] [StandardChronoGraphTransaction]:  Query requires iterating over all vertices. For better performance, use 'has(...)' clauses in your gremlin.
[WARN ] 2017-08-28 19:59:00 [    Test worker] [StandardChronoGraphTransaction]:  Query requires iterating over all edges. For better performance, use 'has(...)' clauses in your gremlin.
[WARN ] 2017-08-28 19:59:00 [    Test worker] [StandardChronoGraphTransaction]:  Query requires iterating over all vertices. For better performance, use 'has(...)' clauses in your gremlin.
[WARN ] 2017-08-28 19:59:00 [    Test worker] [StandardChronoGraphTransaction]:  Query requires iterating over all edges. For better performance, use 'has(...)' clauses in your gremlin.
[WARN ] 2017-08-28 19:59:00 [    Test worker] [StandardChronoGraphTransaction]:  Query requires iterating over all vertices. For better performance, use 'has(...)' clauses in your gremlin.
[WARN ] 2017-08-28 19:59:00 [    Test worker] [StandardChronoGraphTransaction]:  Query requires iterating over all edges. For better performance, use 'has(...)' clauses in your gremlin.
[WARN ] 2017-08-28 19:59:00 [    Test worker] [StandardChronoGraphTransaction]:  Query requires iterating over all vertices. For better performance, use 'has(...)' clauses in your gremlin.
[WARN ] 2017-08-28 19:59:00 [    Test worker] [StandardChronoGraphTransaction]:  Query requires iterating over all edges. For better performance, use 'has(...)' clauses in your gremlin.
[WARN ] 2017-08-28 19:59:00 [    Test worker] [StandardChronoGraphTransaction]:  Query requires iterating over all vertices. For better performance, use 'has(...)' clauses in your gremlin.
[WARN ] 2017-08-28 19:59:00 [    Test worker] [StandardChronoGraphTransaction]:  Query requires iterating over all edges. For better performance, use 'has(...)' clauses in your gremlin.
[WARN ] 2017-08-28 19:59:00 [    Test worker] [StandardChronoGraphTransaction]:  Query requires iterating over all vertices. For better performance, use 'has(...)' clauses in your gremlin.
[WARN ] 2017-08-28 19:59:00 [    Test worker] [StandardChronoGraphTransaction]:  Query requires iterating over all edges. For better performance, use 'has(...)' clauses in your gremlin.
[WARN ] 2017-08-28 19:59:00 [    Test worker] [StandardChronoGraphTransaction]:  Query requires iterating over all vertices. For better performance, use 'has(...)' clauses in your gremlin.
[WARN ] 2017-08-28 19:59:00 [    Test worker] [StandardChronoGraphTransaction]:  Query requires iterating over all edges. For better performance, use 'has(...)' clauses in your gremlin.
[WARN ] 2017-08-28 19:59:00 [    Test worker] [StandardChronoGraphTransaction]:  Query requires iterating over all vertices. For better performance, use 'has(...)' clauses in your gremlin.
[WARN ] 2017-08-28 19:59:00 [    Test worker] [StandardChronoGraphTransaction]:  Query requires iterating over all edges. For better performance, use 'has(...)' clauses in your gremlin.
[WARN ] 2017-08-28 19:59:00 [    Test worker] [StandardChronoGraphTransaction]:  Query requires iterating over all vertices. For better performance, use 'has(...)' clauses in your gremlin.
[WARN ] 2017-08-28 19:59:00 [    Test worker] [StandardChronoGraphTransaction]:  Query requires iterating over all edges. For better performance, use 'has(...)' clauses in your gremlin.
[WARN ] 2017-08-28 19:59:00 [    Test worker] [StandardChronoGraphTransaction]:  Query requires iterating over all vertices. For better performance, use 'has(...)' clauses in your gremlin.
[WARN ] 2017-08-28 19:59:00 [    Test worker] [StandardChronoGraphTransaction]:  Query requires iterating over all edges. For better performance, use 'has(...)' clauses in your gremlin.
[WARN ] 2017-08-28 19:59:00 [    Test worker] [StandardChronoGraphTransaction]:  Query requires iterating over all vertices. For better performance, use 'has(...)' clauses in your gremlin.
[WARN ] 2017-08-28 19:59:00 [    Test worker] [StandardChronoGraphTransaction]:  Query requires iterating over all edges. For better performance, use 'has(...)' clauses in your gremlin.
[WARN ] 2017-08-28 19:59:00 [    Test worker] [StandardChronoGraphTransaction]:  Query requires iterating over all vertices. For better performance, use 'has(...)' clauses in your gremlin.
[WARN ] 2017-08-28 19:59:00 [    Test worker] [StandardChronoGraphTransaction]:  Query requires iterating over all edges. For better performance, use 'has(...)' clauses in your gremlin.
[WARN ] 2017-08-28 19:59:00 [    Test worker] [StandardChronoGraphTransaction]:  Query requires iterating over all vertices. For better performance, use 'has(...)' clauses in your gremlin.
[WARN ] 2017-08-28 19:59:00 [    Test worker] [StandardChronoGraphTransaction]:  Query requires iterating over all edges. For better performance, use 'has(...)' clauses in your gremlin.
[WARN ] 2017-08-28 19:59:00 [    Test worker] [StandardChronoGraphTransaction]:  Query requires iterating over all vertices. For better performance, use 'has(...)' clauses in your gremlin.
[WARN ] 2017-08-28 19:59:00 [    Test worker] [StandardChronoGraphTransaction]:  Query requires iterating over all edges. For better performance, use 'has(...)' clauses in your gremlin.
[WARN ] 2017-08-28 19:59:00 [    Test worker] [StandardChronoGraphTransaction]:  Query requires iterating over all vertices. For better performance, use 'has(...)' clauses in your gremlin.
[WARN ] 2017-08-28 19:59:00 [    Test worker] [StandardChronoGraphTransaction]:  Query requires iterating over all edges. For better performance, use 'has(...)' clauses in your gremlin.
[WARN ] 2017-08-28 19:59:00 [    Test worker] [StandardChronoGraphTransaction]:  Query requires iterating over all vertices. For better performance, use 'has(...)' clauses in your gremlin.
[WARN ] 2017-08-28 19:59:00 [    Test worker] [StandardChronoGraphTransaction]:  Query requires iterating over all edges. For better performance, use 'has(...)' clauses in your gremlin.
[WARN ] 2017-08-28 19:59:00 [    Test worker] [StandardChronoGraphTransaction]:  Query requires iterating over all vertices. For better performance, use 'has(...)' clauses in your gremlin.
[WARN ] 2017-08-28 19:59:00 [    Test worker] [StandardChronoGraphTransaction]:  Query requires iterating over all edges. For better performance, use 'has(...)' clauses in your gremlin.
[WARN ] 2017-08-28 19:59:00 [    Test worker] [StandardChronoGraphTransaction]:  Query requires iterating over all vertices. For better performance, use 'has(...)' clauses in your gremlin.
[WARN ] 2017-08-28 19:59:00 [    Test worker] [StandardChronoGraphTransaction]:  Query requires iterating over all edges. For better performance, use 'has(...)' clauses in your gremlin.
[WARN ] 2017-08-28 19:59:00 [    Test worker] [StandardChronoGraphTransaction]:  Query requires iterating over all vertices. For better performance, use 'has(...)' clauses in your gremlin.
[WARN ] 2017-08-28 19:59:00 [    Test worker] [StandardChronoGraphTransaction]:  Query requires iterating over all edges. For better performance, use 'has(...)' clauses in your gremlin.
[WARN ] 2017-08-28 19:59:00 [    Test worker] [StandardChronoGraphTransaction]:  Query requires iterating over all vertices. For better performance, use 'has(...)' clauses in your gremlin.
[WARN ] 2017-08-28 19:59:00 [    Test worker] [StandardChronoGraphTransaction]:  Query requires iterating over all edges. For better performance, use 'has(...)' clauses in your gremlin.
[WARN ] 2017-08-28 19:59:00 [    Test worker] [StandardChronoGraphTransaction]:  Query requires iterating over all vertices. For better performance, use 'has(...)' clauses in your gremlin.
[WARN ] 2017-08-28 19:59:00 [    Test worker] [StandardChronoGraphTransaction]:  Query requires iterating over all edges. For better performance, use 'has(...)' clauses in your gremlin.
[WARN ] 2017-08-28 19:59:00 [    Test worker] [StandardChronoGraphTransaction]:  Query requires iterating over all vertices. For better performance, use 'has(...)' clauses in your gremlin.
[WARN ] 2017-08-28 19:59:00 [    Test worker] [StandardChronoGraphTransaction]:  Query requires iterating over all edges. For better performance, use 'has(...)' clauses in your gremlin.
[WARN ] 2017-08-28 19:59:00 [    Test worker] [StandardChronoGraphTransaction]:  Query requires iterating over all vertices. For better performance, use 'has(...)' clauses in your gremlin.
[WARN ] 2017-08-28 19:59:00 [    Test worker] [StandardChronoGraphTransaction]:  Query requires iterating over all edges. For better performance, use 'has(...)' clauses in your gremlin.
[WARN ] 2017-08-28 19:59:00 [    Test worker] [StandardChronoGraphTransaction]:  Query requires iterating over all vertices. For better performance, use 'has(...)' clauses in your gremlin.
[WARN ] 2017-08-28 19:59:00 [    Test worker] [StandardChronoGraphTransaction]:  Query requires iterating over all edges. For better performance, use 'has(...)' clauses in your gremlin.
[WARN ] 2017-08-28 19:59:00 [    Test worker] [StandardChronoGraphTransaction]:  Query requires iterating over all vertices. For better performance, use 'has(...)' clauses in your gremlin.
[WARN ] 2017-08-28 19:59:00 [    Test worker] [StandardChronoGraphTransaction]:  Query requires iterating over all edges. For better performance, use 'has(...)' clauses in your gremlin.
[WARN ] 2017-08-28 19:59:00 [    Test worker] [StandardChronoGraphTransaction]:  Query requires iterating over all vertices. For better performance, use 'has(...)' clauses in your gremlin.
[WARN ] 2017-08-28 19:59:00 [    Test worker] [StandardChronoGraphTransaction]:  Query requires iterating over all edges. For better performance, use 'has(...)' clauses in your gremlin.
[WARN ] 2017-08-28 19:59:00 [    Test worker] [StandardChronoGraphTransaction]:  Query requires iterating over all vertices. For better performance, use 'has(...)' clauses in your gremlin.
[WARN ] 2017-08-28 19:59:00 [    Test worker] [StandardChronoGraphTransaction]:  Query requires iterating over all edges. For better performance, use 'has(...)' clauses in your gremlin.
[WARN ] 2017-08-28 19:59:00 [    Test worker] [StandardChronoGraphTransaction]:  Query requires iterating over all vertices. For better performance, use 'has(...)' clauses in your gremlin.
[WARN ] 2017-08-28 19:59:00 [    Test worker] [StandardChronoGraphTransaction]:  Query requires iterating over all edges. For better performance, use 'has(...)' clauses in your gremlin.
[WARN ] 2017-08-28 19:59:00 [    Test worker] [StandardChronoGraphTransaction]:  Query requires iterating over all vertices. For better performance, use 'has(...)' clauses in your gremlin.
[WARN ] 2017-08-28 19:59:00 [    Test worker] [StandardChronoGraphTransaction]:  Query requires iterating over all edges. For better performance, use 'has(...)' clauses in your gremlin.
[WARN ] 2017-08-28 19:59:00 [    Test worker] [StandardChronoGraphTransaction]:  Query requires iterating over all vertices. For better performance, use 'has(...)' clauses in your gremlin.
[WARN ] 2017-08-28 19:59:00 [    Test worker] [StandardChronoGraphTransaction]:  Query requires iterating over all edges. For better performance, use 'has(...)' clauses in your gremlin.
[WARN ] 2017-08-28 19:59:00 [    Test worker] [StandardChronoGraphTransaction]:  Query requires iterating over all vertices. For better performance, use 'has(...)' clauses in your gremlin.
[WARN ] 2017-08-28 19:59:00 [    Test worker] [StandardChronoGraphTransaction]:  Query requires iterating over all edges. For better performance, use 'has(...)' clauses in your gremlin.
[WARN ] 2017-08-28 19:59:00 [    Test worker] [StandardChronoGraphTransaction]:  Query requires iterating over all vertices. For better performance, use 'has(...)' clauses in your gremlin.
[WARN ] 2017-08-28 19:59:00 [    Test worker] [StandardChronoGraphTransaction]:  Query requires iterating over all edges. For better performance, use 'has(...)' clauses in your gremlin.
[WARN ] 2017-08-28 19:59:00 [    Test worker] [StandardChronoGraphTransaction]:  Query requires iterating over all vertices. For better performance, use 'has(...)' clauses in your gremlin.
[WARN ] 2017-08-28 19:59:00 [    Test worker] [StandardChronoGraphTransaction]:  Query requires iterating over all edges. For better performance, use 'has(...)' clauses in your gremlin.
[WARN ] 2017-08-28 19:59:00 [    Test worker] [StandardChronoGraphTransaction]:  Query requires iterating over all vertices. For better performance, use 'has(...)' clauses in your gremlin.
[WARN ] 2017-08-28 19:59:00 [    Test worker] [StandardChronoGraphTransaction]:  Query requires iterating over all edges. For better performance, use 'has(...)' clauses in your gremlin.
[WARN ] 2017-08-28 19:59:00 [    Test worker] [StandardChronoGraphTransaction]:  Query requires iterating over all vertices. For better performance, use 'has(...)' clauses in your gremlin.
[WARN ] 2017-08-28 19:59:00 [    Test worker] [StandardChronoGraphTransaction]:  Query requires iterating over all edges. For better performance, use 'has(...)' clauses in your gremlin.
[WARN ] 2017-08-28 19:59:00 [    Test worker] [StandardChronoGraphTransaction]:  Query requires iterating over all vertices. For better performance, use 'has(...)' clauses in your gremlin.
[WARN ] 2017-08-28 19:59:00 [    Test worker] [StandardChronoGraphTransaction]:  Query requires iterating over all edges. For better performance, use 'has(...)' clauses in your gremlin.
[WARN ] 2017-08-28 19:59:00 [    Test worker] [StandardChronoGraphTransaction]:  Query requires iterating over all vertices. For better performance, use 'has(...)' clauses in your gremlin.
[WARN ] 2017-08-28 19:59:00 [    Test worker] [StandardChronoGraphTransaction]:  Query requires iterating over all edges. For better performance, use 'has(...)' clauses in your gremlin.
[WARN ] 2017-08-28 19:59:00 [    Test worker] [StandardChronoGraphTransaction]:  Query requires iterating over all vertices. For better performance, use 'has(...)' clauses in your gremlin.
[WARN ] 2017-08-28 19:59:00 [    Test worker] [StandardChronoGraphTransaction]:  Query requires iterating over all edges. For better performance, use 'has(...)' clauses in your gremlin.
[WARN ] 2017-08-28 19:59:00 [    Test worker] [StandardChronoGraphTransaction]:  Query requires iterating over all vertices. For better performance, use 'has(...)' clauses in your gremlin.
[WARN ] 2017-08-28 19:59:00 [    Test worker] [StandardChronoGraphTransaction]:  Query requires iterating over all edges. For better performance, use 'has(...)' clauses in your gremlin.
[WARN ] 2017-08-28 19:59:00 [    Test worker] [StandardChronoGraphTransaction]:  Query requires iterating over all vertices. For better performance, use 'has(...)' clauses in your gremlin.
[WARN ] 2017-08-28 19:59:00 [    Test worker] [StandardChronoGraphTransaction]:  Query requires iterating over all edges. For better performance, use 'has(...)' clauses in your gremlin.
[WARN ] 2017-08-28 19:59:00 [    Test worker] [StandardChronoGraphTransaction]:  Query requires iterating over all vertices. For better performance, use 'has(...)' clauses in your gremlin.
[WARN ] 2017-08-28 19:59:00 [    Test worker] [StandardChronoGraphTransaction]:  Query requires iterating over all edges. For better performance, use 'has(...)' clauses in your gremlin.
[WARN ] 2017-08-28 19:59:00 [    Test worker] [StandardChronoGraphTransaction]:  Query requires iterating over all vertices. For better performance, use 'has(...)' clauses in your gremlin.
[WARN ] 2017-08-28 19:59:00 [    Test worker] [StandardChronoGraphTransaction]:  Query requires iterating over all edges. For better performance, use 'has(...)' clauses in your gremlin.
[WARN ] 2017-08-28 19:59:00 [    Test worker] [StandardChronoGraphTransaction]:  Query requires iterating over all vertices. For better performance, use 'has(...)' clauses in your gremlin.
[WARN ] 2017-08-28 19:59:00 [    Test worker] [StandardChronoGraphTransaction]:  Query requires iterating over all edges. For better performance, use 'has(...)' clauses in your gremlin.
[WARN ] 2017-08-28 19:59:00 [    Test worker] [StandardChronoGraphTransaction]:  Query requires iterating over all vertices. For better performance, use 'has(...)' clauses in your gremlin.
[WARN ] 2017-08-28 19:59:00 [    Test worker] [StandardChronoGraphTransaction]:  Query requires iterating over all edges. For better performance, use 'has(...)' clauses in your gremlin.
[WARN ] 2017-08-28 19:59:00 [    Test worker] [StandardChronoGraphTransaction]:  Query requires iterating over all vertices. For better performance, use 'has(...)' clauses in your gremlin.
[WARN ] 2017-08-28 19:59:00 [    Test worker] [StandardChronoGraphTransaction]:  Query requires iterating over all edges. For better performance, use 'has(...)' clauses in your gremlin.
[WARN ] 2017-08-28 19:59:00 [    Test worker] [StandardChronoGraphTransaction]:  Query requires iterating over all vertices. For better performance, use 'has(...)' clauses in your gremlin.
[WARN ] 2017-08-28 19:59:00 [    Test worker] [StandardChronoGraphTransaction]:  Query requires iterating over all edges. For better performance, use 'has(...)' clauses in your gremlin.
[WARN ] 2017-08-28 19:59:00 [    Test worker] [StandardChronoGraphTransaction]:  Query requires iterating over all vertices. For better performance, use 'has(...)' clauses in your gremlin.
[WARN ] 2017-08-28 19:59:00 [    Test worker] [StandardChronoGraphTransaction]:  Query requires iterating over all edges. For better performance, use 'has(...)' clauses in your gremlin.
[WARN ] 2017-08-28 19:59:00 [    Test worker] [StandardChronoGraphTransaction]:  Query requires iterating over all vertices. For better performance, use 'has(...)' clauses in your gremlin.
[WARN ] 2017-08-28 19:59:00 [    Test worker] [StandardChronoGraphTransaction]:  Query requires iterating over all edges. For better performance, use 'has(...)' clauses in your gremlin.
[WARN ] 2017-08-28 19:59:00 [    Test worker] [StandardChronoGraphTransaction]:  Query requires iterating over all vertices. For better performance, use 'has(...)' clauses in your gremlin.
[WARN ] 2017-08-28 19:59:00 [    Test worker] [StandardChronoGraphTransaction]:  Query requires iterating over all edges. For better performance, use 'has(...)' clauses in your gremlin.
[WARN ] 2017-08-28 19:59:00 [    Test worker] [StandardChronoGraphTransaction]:  Query requires iterating over all vertices. For better performance, use 'has(...)' clauses in your gremlin.
[WARN ] 2017-08-28 19:59:00 [    Test worker] [StandardChronoGraphTransaction]:  Query requires iterating over all edges. For better performance, use 'has(...)' clauses in your gremlin.
[WARN ] 2017-08-28 19:59:00 [    Test worker] [StandardChronoGraphTransaction]:  Query requires iterating over all vertices. For better performance, use 'has(...)' clauses in your gremlin.
[WARN ] 2017-08-28 19:59:00 [    Test worker] [StandardChronoGraphTransaction]:  Query requires iterating over all edges. For better performance, use 'has(...)' clauses in your gremlin.
[WARN ] 2017-08-28 19:59:00 [    Test worker] [StandardChronoGraphTransaction]:  Query requires iterating over all vertices. For better performance, use 'has(...)' clauses in your gremlin.
[WARN ] 2017-08-28 19:59:00 [    Test worker] [StandardChronoGraphTransaction]:  Query requires iterating over all edges. For better performance, use 'has(...)' clauses in your gremlin.
[WARN ] 2017-08-28 19:59:00 [    Test worker] [StandardChronoGraphTransaction]:  Query requires iterating over all vertices. For better performance, use 'has(...)' clauses in your gremlin.
[WARN ] 2017-08-28 19:59:00 [    Test worker] [StandardChronoGraphTransaction]:  Query requires iterating over all edges. For better performance, use 'has(...)' clauses in your gremlin.
[WARN ] 2017-08-28 19:59:00 [    Test worker] [StandardChronoGraphTransaction]:  Query requires iterating over all vertices. For better performance, use 'has(...)' clauses in your gremlin.
[WARN ] 2017-08-28 19:59:00 [    Test worker] [StandardChronoGraphTransaction]:  Query requires iterating over all edges. For better performance, use 'has(...)' clauses in your gremlin.
[WARN ] 2017-08-28 19:59:00 [    Test worker] [StandardChronoGraphTransaction]:  Query requires iterating over all vertices. For better performance, use 'has(...)' clauses in your gremlin.
[WARN ] 2017-08-28 19:59:00 [    Test worker] [StandardChronoGraphTransaction]:  Query requires iterating over all edges. For better performance, use 'has(...)' clauses in your gremlin.
[WARN ] 2017-08-28 19:59:00 [    Test worker] [StandardChronoGraphTransaction]:  Query requires iterating over all vertices. For better performance, use 'has(...)' clauses in your gremlin.
[WARN ] 2017-08-28 19:59:00 [    Test worker] [StandardChronoGraphTransaction]:  Query requires iterating over all edges. For better performance, use 'has(...)' clauses in your gremlin.
[WARN ] 2017-08-28 19:59:00 [    Test worker] [StandardChronoGraphTransaction]:  Query requires iterating over all vertices. For better performance, use 'has(...)' clauses in your gremlin.
[WARN ] 2017-08-28 19:59:00 [    Test worker] [StandardChronoGraphTransaction]:  Query requires iterating over all edges. For better performance, use 'has(...)' clauses in your gremlin.
[WARN ] 2017-08-28 19:59:00 [    Test worker] [StandardChronoGraphTransaction]:  Query requires iterating over all vertices. For better performance, use 'has(...)' clauses in your gremlin.
[WARN ] 2017-08-28 19:59:00 [    Test worker] [StandardChronoGraphTransaction]:  Query requires iterating over all edges. For better performance, use 'has(...)' clauses in your gremlin.
[WARN ] 2017-08-28 19:59:00 [    Test worker] [StandardChronoGraphTransaction]:  Query requires iterating over all vertices. For better performance, use 'has(...)' clauses in your gremlin.
[WARN ] 2017-08-28 19:59:00 [    Test worker] [StandardChronoGraphTransaction]:  Query requires iterating over all edges. For better performance, use 'has(...)' clauses in your gremlin.
[WARN ] 2017-08-28 19:59:00 [    Test worker] [StandardChronoGraphTransaction]:  Query requires iterating over all vertices. For better performance, use 'has(...)' clauses in your gremlin.
[WARN ] 2017-08-28 19:59:00 [    Test worker] [StandardChronoGraphTransaction]:  Query requires iterating over all edges. For better performance, use 'has(...)' clauses in your gremlin.
[WARN ] 2017-08-28 19:59:00 [    Test worker] [StandardChronoGraphTransaction]:  Query requires iterating over all vertices. For better performance, use 'has(...)' clauses in your gremlin.
[WARN ] 2017-08-28 19:59:00 [    Test worker] [StandardChronoGraphTransaction]:  Query requires iterating over all edges. For better performance, use 'has(...)' clauses in your gremlin.
[WARN ] 2017-08-28 19:59:00 [    Test worker] [StandardChronoGraphTransaction]:  Query requires iterating over all vertices. For better performance, use 'has(...)' clauses in your gremlin.
[WARN ] 2017-08-28 19:59:00 [    Test worker] [StandardChronoGraphTransaction]:  Query requires iterating over all edges. For better performance, use 'has(...)' clauses in your gremlin.
[WARN ] 2017-08-28 19:59:00 [    Test worker] [StandardChronoGraphTransaction]:  Query requires iterating over all vertices. For better performance, use 'has(...)' clauses in your gremlin.
[WARN ] 2017-08-28 19:59:00 [    Test worker] [StandardChronoGraphTransaction]:  Query requires iterating over all edges. For better performance, use 'has(...)' clauses in your gremlin.
[WARN ] 2017-08-28 19:59:00 [    Test worker] [StandardChronoGraphTransaction]:  Query requires iterating over all vertices. For better performance, use 'has(...)' clauses in your gremlin.
[WARN ] 2017-08-28 19:59:00 [    Test worker] [StandardChronoGraphTransaction]:  Query requires iterating over all edges. For better performance, use 'has(...)' clauses in your gremlin.
[WARN ] 2017-08-28 19:59:00 [    Test worker] [StandardChronoGraphTransaction]:  Query requires iterating over all vertices. For better performance, use 'has(...)' clauses in your gremlin.
[WARN ] 2017-08-28 19:59:00 [    Test worker] [StandardChronoGraphTransaction]:  Query requires iterating over all edges. For better performance, use 'has(...)' clauses in your gremlin.
[WARN ] 2017-08-28 19:59:00 [    Test worker] [StandardChronoGraphTransaction]:  Query requires iterating over all vertices. For better performance, use 'has(...)' clauses in your gremlin.
[WARN ] 2017-08-28 19:59:00 [    Test worker] [StandardChronoGraphTransaction]:  Query requires iterating over all edges. For better performance, use 'has(...)' clauses in your gremlin.
[WARN ] 2017-08-28 19:59:00 [    Test worker] [StandardChronoGraphTransaction]:  Query requires iterating over all vertices. For better performance, use 'has(...)' clauses in your gremlin.
[WARN ] 2017-08-28 19:59:00 [    Test worker] [StandardChronoGraphTransaction]:  Query requires iterating over all edges. For better performance, use 'has(...)' clauses in your gremlin.
[WARN ] 2017-08-28 19:59:00 [    Test worker] [StandardChronoGraphTransaction]:  Query requires iterating over all vertices. For better performance, use 'has(...)' clauses in your gremlin.
[WARN ] 2017-08-28 19:59:00 [    Test worker] [StandardChronoGraphTransaction]:  Query requires iterating over all edges. For better performance, use 'has(...)' clauses in your gremlin.
[WARN ] 2017-08-28 19:59:00 [    Test worker] [StandardChronoGraphTransaction]:  Query requires iterating over all vertices. For better performance, use 'has(...)' clauses in your gremlin.
[WARN ] 2017-08-28 19:59:00 [    Test worker] [StandardChronoGraphTransaction]:  Query requires iterating over all edges. For better performance, use 'has(...)' clauses in your gremlin.
[WARN ] 2017-08-28 19:59:00 [    Test worker] [StandardChronoGraphTransaction]:  Query requires iterating over all vertices. For better performance, use 'has(...)' clauses in your gremlin.
[WARN ] 2017-08-28 19:59:00 [    Test worker] [StandardChronoGraphTransaction]:  Query requires iterating over all edges. For better performance, use 'has(...)' clauses in your gremlin.
[WARN ] 2017-08-28 19:59:00 [    Test worker] [StandardChronoGraphTransaction]:  Query requires iterating over all vertices. For better performance, use 'has(...)' clauses in your gremlin.
[WARN ] 2017-08-28 19:59:00 [    Test worker] [StandardChronoGraphTransaction]:  Query requires iterating over all edges. For better performance, use 'has(...)' clauses in your gremlin.
[WARN ] 2017-08-28 19:59:00 [    Test worker] [StandardChronoGraphTransaction]:  Query requires iterating over all vertices. For better performance, use 'has(...)' clauses in your gremlin.
[WARN ] 2017-08-28 19:59:00 [    Test worker] [StandardChronoGraphTransaction]:  Query requires iterating over all edges. For better performance, use 'has(...)' clauses in your gremlin.
[WARN ] 2017-08-28 19:59:00 [    Test worker] [StandardChronoGraphTransaction]:  Query requires iterating over all vertices. For better performance, use 'has(...)' clauses in your gremlin.
[WARN ] 2017-08-28 19:59:00 [    Test worker] [StandardChronoGraphTransaction]:  Query requires iterating over all edges. For better performance, use 'has(...)' clauses in your gremlin.
[WARN ] 2017-08-28 19:59:00 [    Test worker] [StandardChronoGraphTransaction]:  Query requires iterating over all vertices. For better performance, use 'has(...)' clauses in your gremlin.
[WARN ] 2017-08-28 19:59:00 [    Test worker] [StandardChronoGraphTransaction]:  Query requires iterating over all edges. For better performance, use 'has(...)' clauses in your gremlin.
[WARN ] 2017-08-28 19:59:00 [    Test worker] [StandardChronoGraphTransaction]:  Query requires iterating over all vertices. For better performance, use 'has(...)' clauses in your gremlin.
[WARN ] 2017-08-28 19:59:00 [    Test worker] [StandardChronoGraphTransaction]:  Query requires iterating over all edges. For better performance, use 'has(...)' clauses in your gremlin.
[WARN ] 2017-08-28 19:59:00 [    Test worker] [StandardChronoGraphTransaction]:  Query requires iterating over all vertices. For better performance, use 'has(...)' clauses in your gremlin.
[WARN ] 2017-08-28 19:59:00 [    Test worker] [StandardChronoGraphTransaction]:  Query requires iterating over all edges. For better performance, use 'has(...)' clauses in your gremlin.
[WARN ] 2017-08-28 19:59:00 [    Test worker] [StandardChronoGraphTransaction]:  Query requires iterating over all vertices. For better performance, use 'has(...)' clauses in your gremlin.
[WARN ] 2017-08-28 19:59:00 [    Test worker] [StandardChronoGraphTransaction]:  Query requires iterating over all edges. For better performance, use 'has(...)' clauses in your gremlin.
[WARN ] 2017-08-28 19:59:00 [    Test worker] [StandardChronoGraphTransaction]:  Query requires iterating over all vertices. For better performance, use 'has(...)' clauses in your gremlin.
[WARN ] 2017-08-28 19:59:00 [    Test worker] [StandardChronoGraphTransaction]:  Query requires iterating over all edges. For better performance, use 'has(...)' clauses in your gremlin.
[WARN ] 2017-08-28 19:59:00 [    Test worker] [StandardChronoGraphTransaction]:  Query requires iterating over all vertices. For better performance, use 'has(...)' clauses in your gremlin.
[WARN ] 2017-08-28 19:59:00 [    Test worker] [StandardChronoGraphTransaction]:  Query requires iterating over all edges. For better performance, use 'has(...)' clauses in your gremlin.
[WARN ] 2017-08-28 19:59:00 [    Test worker] [StandardChronoGraphTransaction]:  Query requires iterating over all vertices. For better performance, use 'has(...)' clauses in your gremlin.
[WARN ] 2017-08-28 19:59:00 [    Test worker] [StandardChronoGraphTransaction]:  Query requires iterating over all edges. For better performance, use 'has(...)' clauses in your gremlin.
[WARN ] 2017-08-28 19:59:00 [    Test worker] [StandardChronoGraphTransaction]:  Query requires iterating over all vertices. For better performance, use 'has(...)' clauses in your gremlin.
[WARN ] 2017-08-28 19:59:00 [    Test worker] [StandardChronoGraphTransaction]:  Query requires iterating over all edges. For better performance, use 'has(...)' clauses in your gremlin.
[WARN ] 2017-08-28 19:59:00 [    Test worker] [StandardChronoGraphTransaction]:  Query requires iterating over all vertices. For better performance, use 'has(...)' clauses in your gremlin.
[WARN ] 2017-08-28 19:59:00 [    Test worker] [StandardChronoGraphTransaction]:  Query requires iterating over all edges. For better performance, use 'has(...)' clauses in your gremlin.
[WARN ] 2017-08-28 19:59:00 [    Test worker] [StandardChronoGraphTransaction]:  Query requires iterating over all vertices. For better performance, use 'has(...)' clauses in your gremlin.
[WARN ] 2017-08-28 19:59:00 [    Test worker] [StandardChronoGraphTransaction]:  Query requires iterating over all edges. For better performance, use 'has(...)' clauses in your gremlin.
[WARN ] 2017-08-28 19:59:00 [    Test worker] [StandardChronoGraphTransaction]:  Query requires iterating over all vertices. For better performance, use 'has(...)' clauses in your gremlin.
[WARN ] 2017-08-28 19:59:00 [    Test worker] [StandardChronoGraphTransaction]:  Query requires iterating over all edges. For better performance, use 'has(...)' clauses in your gremlin.
[WARN ] 2017-08-28 19:59:00 [    Test worker] [StandardChronoGraphTransaction]:  Query requires iterating over all vertices. For better performance, use 'has(...)' clauses in your gremlin.
[WARN ] 2017-08-28 19:59:00 [    Test worker] [StandardChronoGraphTransaction]:  Query requires iterating over all edges. For better performance, use 'has(...)' clauses in your gremlin.
[WARN ] 2017-08-28 19:59:00 [    Test worker] [StandardChronoGraphTransaction]:  Query requires iterating over all vertices. For better performance, use 'has(...)' clauses in your gremlin.
[WARN ] 2017-08-28 19:59:00 [    Test worker] [StandardChronoGraphTransaction]:  Query requires iterating over all edges. For better performance, use 'has(...)' clauses in your gremlin.
[WARN ] 2017-08-28 19:59:01 [    Test worker] [StandardChronoGraphTransaction]:  Query requires iterating over all vertices. For better performance, use 'has(...)' clauses in your gremlin.
[WARN ] 2017-08-28 19:59:01 [    Test worker] [StandardChronoGraphTransaction]:  Query requires iterating over all edges. For better performance, use 'has(...)' clauses in your gremlin.
[WARN ] 2017-08-28 19:59:01 [    Test worker] [StandardChronoGraphTransaction]:  Query requires iterating over all vertices. For better performance, use 'has(...)' clauses in your gremlin.
[WARN ] 2017-08-28 19:59:01 [    Test worker] [StandardChronoGraphTransaction]:  Query requires iterating over all edges. For better performance, use 'has(...)' clauses in your gremlin.
[WARN ] 2017-08-28 19:59:01 [    Test worker] [StandardChronoGraphTransaction]:  Query requires iterating over all vertices. For better performance, use 'has(...)' clauses in your gremlin.
[WARN ] 2017-08-28 19:59:01 [    Test worker] [StandardChronoGraphTransaction]:  Query requires iterating over all edges. For better performance, use 'has(...)' clauses in your gremlin.
[WARN ] 2017-08-28 19:59:01 [    Test worker] [StandardChronoGraphTransaction]:  Query requires iterating over all vertices. For better performance, use 'has(...)' clauses in your gremlin.
[WARN ] 2017-08-28 19:59:01 [    Test worker] [StandardChronoGraphTransaction]:  Query requires iterating over all edges. For better performance, use 'has(...)' clauses in your gremlin.
[WARN ] 2017-08-28 19:59:01 [    Test worker] [StandardChronoGraphTransaction]:  Query requires iterating over all vertices. For better performance, use 'has(...)' clauses in your gremlin.
[WARN ] 2017-08-28 19:59:01 [    Test worker] [StandardChronoGraphTransaction]:  Query requires iterating over all edges. For better performance, use 'has(...)' clauses in your gremlin.
[WARN ] 2017-08-28 19:59:01 [    Test worker] [StandardChronoGraphTransaction]:  Query requires iterating over all vertices. For better performance, use 'has(...)' clauses in your gremlin.
[WARN ] 2017-08-28 19:59:01 [    Test worker] [StandardChronoGraphTransaction]:  Query requires iterating over all edges. For better performance, use 'has(...)' clauses in your gremlin.
[WARN ] 2017-08-28 19:59:01 [    Test worker] [StandardChronoGraphTransaction]:  Query requires iterating over all vertices. For better performance, use 'has(...)' clauses in your gremlin.
[WARN ] 2017-08-28 19:59:01 [    Test worker] [StandardChronoGraphTransaction]:  Query requires iterating over all edges. For better performance, use 'has(...)' clauses in your gremlin.
[WARN ] 2017-08-28 19:59:01 [    Test worker] [StandardChronoGraphTransaction]:  Query requires iterating over all vertices. For better performance, use 'has(...)' clauses in your gremlin.
[WARN ] 2017-08-28 19:59:01 [    Test worker] [StandardChronoGraphTransaction]:  Query requires iterating over all edges. For better performance, use 'has(...)' clauses in your gremlin.
[WARN ] 2017-08-28 19:59:01 [    Test worker] [StandardChronoGraphTransaction]:  Query requires iterating over all vertices. For better performance, use 'has(...)' clauses in your gremlin.
[WARN ] 2017-08-28 19:59:01 [    Test worker] [StandardChronoGraphTransaction]:  Query requires iterating over all edges. For better performance, use 'has(...)' clauses in your gremlin.
[WARN ] 2017-08-28 19:59:01 [    Test worker] [StandardChronoGraphTransaction]:  Query requires iterating over all vertices. For better performance, use 'has(...)' clauses in your gremlin.
[WARN ] 2017-08-28 19:59:01 [    Test worker] [StandardChronoGraphTransaction]:  Query requires iterating over all edges. For better performance, use 'has(...)' clauses in your gremlin.
[WARN ] 2017-08-28 19:59:01 [    Test worker] [StandardChronoGraphTransaction]:  Query requires iterating over all vertices. For better performance, use 'has(...)' clauses in your gremlin.
[WARN ] 2017-08-28 19:59:01 [    Test worker] [StandardChronoGraphTransaction]:  Query requires iterating over all edges. For better performance, use 'has(...)' clauses in your gremlin.
[WARN ] 2017-08-28 19:59:01 [    Test worker] [StandardChronoGraphTransaction]:  Query requires iterating over all vertices. For better performance, use 'has(...)' clauses in your gremlin.
[WARN ] 2017-08-28 19:59:01 [    Test worker] [StandardChronoGraphTransaction]:  Query requires iterating over all edges. For better performance, use 'has(...)' clauses in your gremlin.
[WARN ] 2017-08-28 19:59:01 [    Test worker] [StandardChronoGraphTransaction]:  Query requires iterating over all vertices. For better performance, use 'has(...)' clauses in your gremlin.
[WARN ] 2017-08-28 19:59:01 [    Test worker] [StandardChronoGraphTransaction]:  Query requires iterating over all edges. For better performance, use 'has(...)' clauses in your gremlin.
[WARN ] 2017-08-28 19:59:01 [    Test worker] [StandardChronoGraphTransaction]:  Query requires iterating over all vertices. For better performance, use 'has(...)' clauses in your gremlin.
[WARN ] 2017-08-28 19:59:01 [    Test worker] [StandardChronoGraphTransaction]:  Query requires iterating over all edges. For better performance, use 'has(...)' clauses in your gremlin.
[WARN ] 2017-08-28 19:59:01 [    Test worker] [StandardChronoGraphTransaction]:  Query requires iterating over all vertices. For better performance, use 'has(...)' clauses in your gremlin.
[WARN ] 2017-08-28 19:59:01 [    Test worker] [StandardChronoGraphTransaction]:  Query requires iterating over all edges. For better performance, use 'has(...)' clauses in your gremlin.
[WARN ] 2017-08-28 19:59:01 [    Test worker] [StandardChronoGraphTransaction]:  Query requires iterating over all vertices. For better performance, use 'has(...)' clauses in your gremlin.
[WARN ] 2017-08-28 19:59:01 [    Test worker] [StandardChronoGraphTransaction]:  Query requires iterating over all edges. For better performance, use 'has(...)' clauses in your gremlin.
[WARN ] 2017-08-28 19:59:01 [    Test worker] [StandardChronoGraphTransaction]:  Query requires iterating over all vertices. For better performance, use 'has(...)' clauses in your gremlin.
[WARN ] 2017-08-28 19:59:01 [    Test worker] [StandardChronoGraphTransaction]:  Query requires iterating over all edges. For better performance, use 'has(...)' clauses in your gremlin.
[WARN ] 2017-08-28 19:59:01 [    Test worker] [StandardChronoGraphTransaction]:  Query requires iterating over all vertices. For better performance, use 'has(...)' clauses in your gremlin.
[WARN ] 2017-08-28 19:59:01 [    Test worker] [StandardChronoGraphTransaction]:  Query requires iterating over all edges. For better performance, use 'has(...)' clauses in your gremlin.
[WARN ] 2017-08-28 19:59:01 [    Test worker] [StandardChronoGraphTransaction]:  Query requires iterating over all vertices. For better performance, use 'has(...)' clauses in your gremlin.
[WARN ] 2017-08-28 19:59:01 [    Test worker] [StandardChronoGraphTransaction]:  Query requires iterating over all edges. For better performance, use 'has(...)' clauses in your gremlin.
[WARN ] 2017-08-28 19:59:01 [    Test worker] [StandardChronoGraphTransaction]:  Query requires iterating over all vertices. For better performance, use 'has(...)' clauses in your gremlin.
[WARN ] 2017-08-28 19:59:01 [    Test worker] [StandardChronoGraphTransaction]:  Query requires iterating over all edges. For better performance, use 'has(...)' clauses in your gremlin.
[WARN ] 2017-08-28 19:59:01 [    Test worker] [StandardChronoGraphTransaction]:  Query requires iterating over all vertices. For better performance, use 'has(...)' clauses in your gremlin.
[WARN ] 2017-08-28 19:59:01 [    Test worker] [StandardChronoGraphTransaction]:  Query requires iterating over all edges. For better performance, use 'has(...)' clauses in your gremlin.
[WARN ] 2017-08-28 19:59:01 [    Test worker] [StandardChronoGraphTransaction]:  Query requires iterating over all vertices. For better performance, use 'has(...)' clauses in your gremlin.
[WARN ] 2017-08-28 19:59:01 [    Test worker] [StandardChronoGraphTransaction]:  Query requires iterating over all edges. For better performance, use 'has(...)' clauses in your gremlin.
[WARN ] 2017-08-28 19:59:01 [    Test worker] [StandardChronoGraphTransaction]:  Query requires iterating over all vertices. For better performance, use 'has(...)' clauses in your gremlin.
[WARN ] 2017-08-28 19:59:01 [    Test worker] [StandardChronoGraphTransaction]:  Query requires iterating over all edges. For better performance, use 'has(...)' clauses in your gremlin.
[WARN ] 2017-08-28 19:59:01 [    Test worker] [StandardChronoGraphTransaction]:  Query requires iterating over all vertices. For better performance, use 'has(...)' clauses in your gremlin.
[WARN ] 2017-08-28 19:59:01 [    Test worker] [StandardChronoGraphTransaction]:  Query requires iterating over all edges. For better performance, use 'has(...)' clauses in your gremlin.
[WARN ] 2017-08-28 19:59:01 [    Test worker] [StandardChronoGraphTransaction]:  Query requires iterating over all vertices. For better performance, use 'has(...)' clauses in your gremlin.
[WARN ] 2017-08-28 19:59:01 [    Test worker] [StandardChronoGraphTransaction]:  Query requires iterating over all edges. For better performance, use 'has(...)' clauses in your gremlin.
[WARN ] 2017-08-28 19:59:01 [    Test worker] [StandardChronoGraphTransaction]:  Query requires iterating over all vertices. For better performance, use 'has(...)' clauses in your gremlin.
[WARN ] 2017-08-28 19:59:01 [    Test worker] [StandardChronoGraphTransaction]:  Query requires iterating over all edges. For better performance, use 'has(...)' clauses in your gremlin.
[WARN ] 2017-08-28 19:59:01 [    Test worker] [StandardChronoGraphTransaction]:  Query requires iterating over all vertices. For better performance, use 'has(...)' clauses in your gremlin.
[WARN ] 2017-08-28 19:59:01 [    Test worker] [StandardChronoGraphTransaction]:  Query requires iterating over all edges. For better performance, use 'has(...)' clauses in your gremlin.
[WARN ] 2017-08-28 19:59:01 [    Test worker] [StandardChronoGraphTransaction]:  Query requires iterating over all vertices. For better performance, use 'has(...)' clauses in your gremlin.
[WARN ] 2017-08-28 19:59:01 [    Test worker] [StandardChronoGraphTransaction]:  Query requires iterating over all edges. For better performance, use 'has(...)' clauses in your gremlin.
[WARN ] 2017-08-28 19:59:01 [    Test worker] [StandardChronoGraphTransaction]:  Query requires iterating over all vertices. For better performance, use 'has(...)' clauses in your gremlin.
[WARN ] 2017-08-28 19:59:01 [    Test worker] [StandardChronoGraphTransaction]:  Query requires iterating over all edges. For better performance, use 'has(...)' clauses in your gremlin.
[WARN ] 2017-08-28 19:59:01 [    Test worker] [StandardChronoGraphTransaction]:  Query requires iterating over all vertices. For better performance, use 'has(...)' clauses in your gremlin.
[WARN ] 2017-08-28 19:59:01 [    Test worker] [StandardChronoGraphTransaction]:  Query requires iterating over all edges. For better performance, use 'has(...)' clauses in your gremlin.
[WARN ] 2017-08-28 19:59:01 [    Test worker] [StandardChronoGraphTransaction]:  Query requires iterating over all vertices. For better performance, use 'has(...)' clauses in your gremlin.
[WARN ] 2017-08-28 19:59:01 [    Test worker] [StandardChronoGraphTransaction]:  Query requires iterating over all edges. For better performance, use 'has(...)' clauses in your gremlin.
[WARN ] 2017-08-28 19:59:01 [    Test worker] [StandardChronoGraphTransaction]:  Query requires iterating over all vertices. For better performance, use 'has(...)' clauses in your gremlin.
[WARN ] 2017-08-28 19:59:01 [    Test worker] [StandardChronoGraphTransaction]:  Query requires iterating over all edges. For better performance, use 'has(...)' clauses in your gremlin.
[WARN ] 2017-08-28 19:59:01 [    Test worker] [StandardChronoGraphTransaction]:  Query requires iterating over all vertices. For better performance, use 'has(...)' clauses in your gremlin.
[WARN ] 2017-08-28 19:59:01 [    Test worker] [StandardChronoGraphTransaction]:  Query requires iterating over all edges. For better performance, use 'has(...)' clauses in your gremlin.
[WARN ] 2017-08-28 19:59:01 [    Test worker] [StandardChronoGraphTransaction]:  Query requires iterating over all vertices. For better performance, use 'has(...)' clauses in your gremlin.
[WARN ] 2017-08-28 19:59:01 [    Test worker] [StandardChronoGraphTransaction]:  Query requires iterating over all edges. For better performance, use 'has(...)' clauses in your gremlin.
[WARN ] 2017-08-28 19:59:01 [    Test worker] [StandardChronoGraphTransaction]:  Query requires iterating over all vertices. For better performance, use 'has(...)' clauses in your gremlin.
[WARN ] 2017-08-28 19:59:01 [    Test worker] [StandardChronoGraphTransaction]:  Query requires iterating over all edges. For better performance, use 'has(...)' clauses in your gremlin.
[WARN ] 2017-08-28 19:59:01 [    Test worker] [StandardChronoGraphTransaction]:  Query requires iterating over all vertices. For better performance, use 'has(...)' clauses in your gremlin.
[WARN ] 2017-08-28 19:59:01 [    Test worker] [StandardChronoGraphTransaction]:  Query requires iterating over all edges. For better performance, use 'has(...)' clauses in your gremlin.
[WARN ] 2017-08-28 19:59:01 [    Test worker] [StandardChronoGraphTransaction]:  Query requires iterating over all vertices. For better performance, use 'has(...)' clauses in your gremlin.
[WARN ] 2017-08-28 19:59:01 [    Test worker] [StandardChronoGraphTransaction]:  Query requires iterating over all edges. For better performance, use 'has(...)' clauses in your gremlin.
[WARN ] 2017-08-28 19:59:01 [    Test worker] [StandardChronoGraphTransaction]:  Query requires iterating over all vertices. For better performance, use 'has(...)' clauses in your gremlin.
[WARN ] 2017-08-28 19:59:01 [    Test worker] [StandardChronoGraphTransaction]:  Query requires iterating over all edges. For better performance, use 'has(...)' clauses in your gremlin.
[WARN ] 2017-08-28 19:59:01 [    Test worker] [StandardChronoGraphTransaction]:  Query requires iterating over all vertices. For better performance, use 'has(...)' clauses in your gremlin.
[WARN ] 2017-08-28 19:59:01 [    Test worker] [StandardChronoGraphTransaction]:  Query requires iterating over all edges. For better performance, use 'has(...)' clauses in your gremlin.
[WARN ] 2017-08-28 19:59:01 [    Test worker] [StandardChronoGraphTransaction]:  Query requires iterating over all vertices. For better performance, use 'has(...)' clauses in your gremlin.
[WARN ] 2017-08-28 19:59:01 [    Test worker] [StandardChronoGraphTransaction]:  Query requires iterating over all edges. For better performance, use 'has(...)' clauses in your gremlin.
[WARN ] 2017-08-28 19:59:01 [    Test worker] [StandardChronoGraphTransaction]:  Query requires iterating over all vertices. For better performance, use 'has(...)' clauses in your gremlin.
[WARN ] 2017-08-28 19:59:01 [    Test worker] [StandardChronoGraphTransaction]:  Query requires iterating over all edges. For better performance, use 'has(...)' clauses in your gremlin.
[WARN ] 2017-08-28 19:59:01 [    Test worker] [StandardChronoGraphTransaction]:  Query requires iterating over all vertices. For better performance, use 'has(...)' clauses in your gremlin.
[WARN ] 2017-08-28 19:59:01 [    Test worker] [StandardChronoGraphTransaction]:  Query requires iterating over all edges. For better performance, use 'has(...)' clauses in your gremlin.
[WARN ] 2017-08-28 19:59:01 [    Test worker] [StandardChronoGraphTransaction]:  Query requires iterating over all vertices. For better performance, use 'has(...)' clauses in your gremlin.
[WARN ] 2017-08-28 19:59:01 [    Test worker] [StandardChronoGraphTransaction]:  Query requires iterating over all edges. For better performance, use 'has(...)' clauses in your gremlin.
[WARN ] 2017-08-28 19:59:01 [    Test worker] [StandardChronoGraphTransaction]:  Query requires iterating over all vertices. For better performance, use 'has(...)' clauses in your gremlin.
[WARN ] 2017-08-28 19:59:01 [    Test worker] [StandardChronoGraphTransaction]:  Query requires iterating over all edges. For better performance, use 'has(...)' clauses in your gremlin.
[WARN ] 2017-08-28 19:59:01 [    Test worker] [StandardChronoGraphTransaction]:  Query requires iterating over all vertices. For better performance, use 'has(...)' clauses in your gremlin.
[WARN ] 2017-08-28 19:59:01 [    Test worker] [StandardChronoGraphTransaction]:  Query requires iterating over all edges. For better performance, use 'has(...)' clauses in your gremlin.
[WARN ] 2017-08-28 19:59:01 [    Test worker] [StandardChronoGraphTransaction]:  Query requires iterating over all vertices. For better performance, use 'has(...)' clauses in your gremlin.
[WARN ] 2017-08-28 19:59:01 [    Test worker] [StandardChronoGraphTransaction]:  Query requires iterating over all edges. For better performance, use 'has(...)' clauses in your gremlin.
[WARN ] 2017-08-28 19:59:01 [    Test worker] [StandardChronoGraphTransaction]:  Query requires iterating over all vertices. For better performance, use 'has(...)' clauses in your gremlin.
[WARN ] 2017-08-28 19:59:01 [    Test worker] [StandardChronoGraphTransaction]:  Query requires iterating over all edges. For better performance, use 'has(...)' clauses in your gremlin.
[WARN ] 2017-08-28 19:59:01 [    Test worker] [StandardChronoGraphTransaction]:  Query requires iterating over all vertices. For better performance, use 'has(...)' clauses in your gremlin.
[WARN ] 2017-08-28 19:59:01 [    Test worker] [StandardChronoGraphTransaction]:  Query requires iterating over all edges. For better performance, use 'has(...)' clauses in your gremlin.
[WARN ] 2017-08-28 19:59:01 [    Test worker] [StandardChronoGraphTransaction]:  Query requires iterating over all vertices. For better performance, use 'has(...)' clauses in your gremlin.
[WARN ] 2017-08-28 19:59:01 [    Test worker] [StandardChronoGraphTransaction]:  Query requires iterating over all edges. For better performance, use 'has(...)' clauses in your gremlin.
[WARN ] 2017-08-28 19:59:01 [    Test worker] [StandardChronoGraphTransaction]:  Query requires iterating over all vertices. For better performance, use 'has(...)' clauses in your gremlin.
[WARN ] 2017-08-28 19:59:01 [    Test worker] [StandardChronoGraphTransaction]:  Query requires iterating over all edges. For better performance, use 'has(...)' clauses in your gremlin.
[WARN ] 2017-08-28 19:59:01 [    Test worker] [StandardChronoGraphTransaction]:  Query requires iterating over all vertices. For better performance, use 'has(...)' clauses in your gremlin.
[WARN ] 2017-08-28 19:59:01 [    Test worker] [StandardChronoGraphTransaction]:  Query requires iterating over all edges. For better performance, use 'has(...)' clauses in your gremlin.
[WARN ] 2017-08-28 19:59:01 [    Test worker] [StandardChronoGraphTransaction]:  Query requires iterating over all vertices. For better performance, use 'has(...)' clauses in your gremlin.
[WARN ] 2017-08-28 19:59:01 [    Test worker] [StandardChronoGraphTransaction]:  Query requires iterating over all edges. For better performance, use 'has(...)' clauses in your gremlin.
[WARN ] 2017-08-28 19:59:01 [    Test worker] [StandardChronoGraphTransaction]:  Query requires iterating over all vertices. For better performance, use 'has(...)' clauses in your gremlin.
[WARN ] 2017-08-28 19:59:01 [    Test worker] [StandardChronoGraphTransaction]:  Query requires iterating over all edges. For better performance, use 'has(...)' clauses in your gremlin.
[WARN ] 2017-08-28 19:59:01 [    Test worker] [StandardChronoGraphTransaction]:  Query requires iterating over all vertices. For better performance, use 'has(...)' clauses in your gremlin.
[WARN ] 2017-08-28 19:59:01 [    Test worker] [StandardChronoGraphTransaction]:  Query requires iterating over all edges. For better performance, use 'has(...)' clauses in your gremlin.
[WARN ] 2017-08-28 19:59:01 [    Test worker] [StandardChronoGraphTransaction]:  Query requires iterating over all vertices. For better performance, use 'has(...)' clauses in your gremlin.
[WARN ] 2017-08-28 19:59:01 [    Test worker] [StandardChronoGraphTransaction]:  Query requires iterating over all edges. For better performance, use 'has(...)' clauses in your gremlin.
[WARN ] 2017-08-28 19:59:01 [    Test worker] [StandardChronoGraphTransaction]:  Query requires iterating over all vertices. For better performance, use 'has(...)' clauses in your gremlin.
[WARN ] 2017-08-28 19:59:01 [    Test worker] [StandardChronoGraphTransaction]:  Query requires iterating over all edges. For better performance, use 'has(...)' clauses in your gremlin.
[WARN ] 2017-08-28 19:59:01 [    Test worker] [StandardChronoGraphTransaction]:  Query requires iterating over all vertices. For better performance, use 'has(...)' clauses in your gremlin.
[WARN ] 2017-08-28 19:59:01 [    Test worker] [StandardChronoGraphTransaction]:  Query requires iterating over all edges. For better performance, use 'has(...)' clauses in your gremlin.
[WARN ] 2017-08-28 19:59:01 [    Test worker] [StandardChronoGraphTransaction]:  Query requires iterating over all vertices. For better performance, use 'has(...)' clauses in your gremlin.
[WARN ] 2017-08-28 19:59:01 [    Test worker] [StandardChronoGraphTransaction]:  Query requires iterating over all edges. For better performance, use 'has(...)' clauses in your gremlin.
[WARN ] 2017-08-28 19:59:01 [    Test worker] [StandardChronoGraphTransaction]:  Query requires iterating over all vertices. For better performance, use 'has(...)' clauses in your gremlin.
[WARN ] 2017-08-28 19:59:01 [    Test worker] [StandardChronoGraphTransaction]:  Query requires iterating over all edges. For better performance, use 'has(...)' clauses in your gremlin.
[WARN ] 2017-08-28 19:59:01 [    Test worker] [StandardChronoGraphTransaction]:  Query requires iterating over all vertices. For better performance, use 'has(...)' clauses in your gremlin.
[WARN ] 2017-08-28 19:59:01 [    Test worker] [StandardChronoGraphTransaction]:  Query requires iterating over all edges. For better performance, use 'has(...)' clauses in your gremlin.
[WARN ] 2017-08-28 19:59:01 [    Test worker] [StandardChronoGraphTransaction]:  Query requires iterating over all vertices. For better performance, use 'has(...)' clauses in your gremlin.
[WARN ] 2017-08-28 19:59:01 [    Test worker] [StandardChronoGraphTransaction]:  Query requires iterating over all edges. For better performance, use 'has(...)' clauses in your gremlin.
[WARN ] 2017-08-28 19:59:01 [    Test worker] [StandardChronoGraphTransaction]:  Query requires iterating over all vertices. For better performance, use 'has(...)' clauses in your gremlin.
[WARN ] 2017-08-28 19:59:01 [    Test worker] [StandardChronoGraphTransaction]:  Query requires iterating over all edges. For better performance, use 'has(...)' clauses in your gremlin.
[WARN ] 2017-08-28 19:59:01 [    Test worker] [StandardChronoGraphTransaction]:  Query requires iterating over all vertices. For better performance, use 'has(...)' clauses in your gremlin.
[WARN ] 2017-08-28 19:59:01 [    Test worker] [StandardChronoGraphTransaction]:  Query requires iterating over all edges. For better performance, use 'has(...)' clauses in your gremlin.
[WARN ] 2017-08-28 19:59:01 [    Test worker] [StandardChronoGraphTransaction]:  Query requires iterating over all vertices. For better performance, use 'has(...)' clauses in your gremlin.
[WARN ] 2017-08-28 19:59:01 [    Test worker] [StandardChronoGraphTransaction]:  Query requires iterating over all edges. For better performance, use 'has(...)' clauses in your gremlin.
[WARN ] 2017-08-28 19:59:01 [    Test worker] [StandardChronoGraphTransaction]:  Query requires iterating over all vertices. For better performance, use 'has(...)' clauses in your gremlin.
[WARN ] 2017-08-28 19:59:01 [    Test worker] [StandardChronoGraphTransaction]:  Query requires iterating over all edges. For better performance, use 'has(...)' clauses in your gremlin.
[WARN ] 2017-08-28 19:59:01 [    Test worker] [StandardChronoGraphTransaction]:  Query requires iterating over all vertices. For better performance, use 'has(...)' clauses in your gremlin.
[WARN ] 2017-08-28 19:59:01 [    Test worker] [StandardChronoGraphTransaction]:  Query requires iterating over all edges. For better performance, use 'has(...)' clauses in your gremlin.
[WARN ] 2017-08-28 19:59:01 [    Test worker] [StandardChronoGraphTransaction]:  Query requires iterating over all vertices. For better performance, use 'has(...)' clauses in your gremlin.
[WARN ] 2017-08-28 19:59:01 [    Test worker] [StandardChronoGraphTransaction]:  Query requires iterating over all edges. For better performance, use 'has(...)' clauses in your gremlin.
[WARN ] 2017-08-28 19:59:01 [    Test worker] [StandardChronoGraphTransaction]:  Query requires iterating over all vertices. For better performance, use 'has(...)' clauses in your gremlin.
[WARN ] 2017-08-28 19:59:01 [    Test worker] [StandardChronoGraphTransaction]:  Query requires iterating over all edges. For better performance, use 'has(...)' clauses in your gremlin.
[WARN ] 2017-08-28 19:59:01 [    Test worker] [StandardChronoGraphTransaction]:  Query requires iterating over all vertices. For better performance, use 'has(...)' clauses in your gremlin.
[WARN ] 2017-08-28 19:59:01 [    Test worker] [StandardChronoGraphTransaction]:  Query requires iterating over all edges. For better performance, use 'has(...)' clauses in your gremlin.
[WARN ] 2017-08-28 19:59:01 [    Test worker] [StandardChronoGraphTransaction]:  Query requires iterating over all vertices. For better performance, use 'has(...)' clauses in your gremlin.
[WARN ] 2017-08-28 19:59:01 [    Test worker] [StandardChronoGraphTransaction]:  Query requires iterating over all edges. For better performance, use 'has(...)' clauses in your gremlin.
[WARN ] 2017-08-28 19:59:01 [    Test worker] [StandardChronoGraphTransaction]:  Query requires iterating over all vertices. For better performance, use 'has(...)' clauses in your gremlin.
[WARN ] 2017-08-28 19:59:01 [    Test worker] [StandardChronoGraphTransaction]:  Query requires iterating over all edges. For better performance, use 'has(...)' clauses in your gremlin.
[WARN ] 2017-08-28 19:59:01 [    Test worker] [StandardChronoGraphTransaction]:  Query requires iterating over all vertices. For better performance, use 'has(...)' clauses in your gremlin.
[WARN ] 2017-08-28 19:59:01 [    Test worker] [StandardChronoGraphTransaction]:  Query requires iterating over all edges. For better performance, use 'has(...)' clauses in your gremlin.
[WARN ] 2017-08-28 19:59:01 [    Test worker] [StandardChronoGraphTransaction]:  Query requires iterating over all vertices. For better performance, use 'has(...)' clauses in your gremlin.
[WARN ] 2017-08-28 19:59:01 [    Test worker] [StandardChronoGraphTransaction]:  Query requires iterating over all edges. For better performance, use 'has(...)' clauses in your gremlin.
[WARN ] 2017-08-28 19:59:01 [    Test worker] [StandardChronoGraphTransaction]:  Query requires iterating over all vertices. For better performance, use 'has(...)' clauses in your gremlin.
[WARN ] 2017-08-28 19:59:01 [    Test worker] [StandardChronoGraphTransaction]:  Query requires iterating over all edges. For better performance, use 'has(...)' clauses in your gremlin.
[WARN ] 2017-08-28 19:59:01 [    Test worker] [StandardChronoGraphTransaction]:  Query requires iterating over all vertices. For better performance, use 'has(...)' clauses in your gremlin.
[WARN ] 2017-08-28 19:59:01 [    Test worker] [StandardChronoGraphTransaction]:  Query requires iterating over all edges. For better performance, use 'has(...)' clauses in your gremlin.
[WARN ] 2017-08-28 19:59:01 [    Test worker] [StandardChronoGraphTransaction]:  Query requires iterating over all vertices. For better performance, use 'has(...)' clauses in your gremlin.
[WARN ] 2017-08-28 19:59:01 [    Test worker] [StandardChronoGraphTransaction]:  Query requires iterating over all edges. For better performance, use 'has(...)' clauses in your gremlin.
[WARN ] 2017-08-28 19:59:01 [    Test worker] [StandardChronoGraphTransaction]:  Query requires iterating over all vertices. For better performance, use 'has(...)' clauses in your gremlin.
[WARN ] 2017-08-28 19:59:01 [    Test worker] [StandardChronoGraphTransaction]:  Query requires iterating over all edges. For better performance, use 'has(...)' clauses in your gremlin.
[WARN ] 2017-08-28 19:59:01 [    Test worker] [StandardChronoGraphTransaction]:  Query requires iterating over all vertices. For better performance, use 'has(...)' clauses in your gremlin.
[WARN ] 2017-08-28 19:59:01 [    Test worker] [StandardChronoGraphTransaction]:  Query requires iterating over all edges. For better performance, use 'has(...)' clauses in your gremlin.
[WARN ] 2017-08-28 19:59:01 [    Test worker] [StandardChronoGraphTransaction]:  Query requires iterating over all vertices. For better performance, use 'has(...)' clauses in your gremlin.
[WARN ] 2017-08-28 19:59:01 [    Test worker] [StandardChronoGraphTransaction]:  Query requires iterating over all edges. For better performance, use 'has(...)' clauses in your gremlin.
[WARN ] 2017-08-28 19:59:01 [    Test worker] [StandardChronoGraphTransaction]:  Query requires iterating over all vertices. For better performance, use 'has(...)' clauses in your gremlin.
[WARN ] 2017-08-28 19:59:01 [    Test worker] [StandardChronoGraphTransaction]:  Query requires iterating over all edges. For better performance, use 'has(...)' clauses in your gremlin.
[WARN ] 2017-08-28 19:59:01 [    Test worker] [StandardChronoGraphTransaction]:  Query requires iterating over all vertices. For better performance, use 'has(...)' clauses in your gremlin.
[WARN ] 2017-08-28 19:59:01 [    Test worker] [StandardChronoGraphTransaction]:  Query requires iterating over all edges. For better performance, use 'has(...)' clauses in your gremlin.
[WARN ] 2017-08-28 19:59:01 [    Test worker] [StandardChronoGraphTransaction]:  Query requires iterating over all vertices. For better performance, use 'has(...)' clauses in your gremlin.
[WARN ] 2017-08-28 19:59:01 [    Test worker] [StandardChronoGraphTransaction]:  Query requires iterating over all edges. For better performance, use 'has(...)' clauses in your gremlin.
[WARN ] 2017-08-28 19:59:01 [    Test worker] [StandardChronoGraphTransaction]:  Query requires iterating over all vertices. For better performance, use 'has(...)' clauses in your gremlin.
[WARN ] 2017-08-28 19:59:01 [    Test worker] [StandardChronoGraphTransaction]:  Query requires iterating over all edges. For better performance, use 'has(...)' clauses in your gremlin.
[WARN ] 2017-08-28 19:59:01 [    Test worker] [StandardChronoGraphTransaction]:  Query requires iterating over all vertices. For better performance, use 'has(...)' clauses in your gremlin.
[WARN ] 2017-08-28 19:59:01 [    Test worker] [StandardChronoGraphTransaction]:  Query requires iterating over all edges. For better performance, use 'has(...)' clauses in your gremlin.
[WARN ] 2017-08-28 19:59:01 [    Test worker] [StandardChronoGraphTransaction]:  Query requires iterating over all vertices. For better performance, use 'has(...)' clauses in your gremlin.
[WARN ] 2017-08-28 19:59:01 [    Test worker] [StandardChronoGraphTransaction]:  Query requires iterating over all edges. For better performance, use 'has(...)' clauses in your gremlin.
[WARN ] 2017-08-28 19:59:01 [    Test worker] [StandardChronoGraphTransaction]:  Query requires iterating over all vertices. For better performance, use 'has(...)' clauses in your gremlin.
[WARN ] 2017-08-28 19:59:01 [    Test worker] [StandardChronoGraphTransaction]:  Query requires iterating over all edges. For better performance, use 'has(...)' clauses in your gremlin.
[WARN ] 2017-08-28 19:59:01 [    Test worker] [StandardChronoGraphTransaction]:  Query requires iterating over all vertices. For better performance, use 'has(...)' clauses in your gremlin.
[WARN ] 2017-08-28 19:59:01 [    Test worker] [StandardChronoGraphTransaction]:  Query requires iterating over all edges. For better performance, use 'has(...)' clauses in your gremlin.
[WARN ] 2017-08-28 19:59:01 [    Test worker] [StandardChronoGraphTransaction]:  Query requires iterating over all vertices. For better performance, use 'has(...)' clauses in your gremlin.
[WARN ] 2017-08-28 19:59:01 [    Test worker] [StandardChronoGraphTransaction]:  Query requires iterating over all edges. For better performance, use 'has(...)' clauses in your gremlin.
[WARN ] 2017-08-28 19:59:01 [    Test worker] [StandardChronoGraphTransaction]:  Query requires iterating over all vertices. For better performance, use 'has(...)' clauses in your gremlin.
[WARN ] 2017-08-28 19:59:01 [    Test worker] [StandardChronoGraphTransaction]:  Query requires iterating over all edges. For better performance, use 'has(...)' clauses in your gremlin.
[WARN ] 2017-08-28 19:59:01 [    Test worker] [StandardChronoGraphTransaction]:  Query requires iterating over all vertices. For better performance, use 'has(...)' clauses in your gremlin.
[WARN ] 2017-08-28 19:59:01 [    Test worker] [StandardChronoGraphTransaction]:  Query requires iterating over all edges. For better performance, use 'has(...)' clauses in your gremlin.
[WARN ] 2017-08-28 19:59:01 [    Test worker] [StandardChronoGraphTransaction]:  Query requires iterating over all vertices. For better performance, use 'has(...)' clauses in your gremlin.
[WARN ] 2017-08-28 19:59:01 [    Test worker] [StandardChronoGraphTransaction]:  Query requires iterating over all edges. For better performance, use 'has(...)' clauses in your gremlin.
[WARN ] 2017-08-28 19:59:01 [    Test worker] [StandardChronoGraphTransaction]:  Query requires iterating over all vertices. For better performance, use 'has(...)' clauses in your gremlin.
[WARN ] 2017-08-28 19:59:01 [    Test worker] [StandardChronoGraphTransaction]:  Query requires iterating over all edges. For better performance, use 'has(...)' clauses in your gremlin.
[WARN ] 2017-08-28 19:59:01 [    Test worker] [StandardChronoGraphTransaction]:  Query requires iterating over all vertices. For better performance, use 'has(...)' clauses in your gremlin.
[WARN ] 2017-08-28 19:59:01 [    Test worker] [StandardChronoGraphTransaction]:  Query requires iterating over all edges. For better performance, use 'has(...)' clauses in your gremlin.
[WARN ] 2017-08-28 19:59:01 [    Test worker] [StandardChronoGraphTransaction]:  Query requires iterating over all vertices. For better performance, use 'has(...)' clauses in your gremlin.
[WARN ] 2017-08-28 19:59:01 [    Test worker] [StandardChronoGraphTransaction]:  Query requires iterating over all edges. For better performance, use 'has(...)' clauses in your gremlin.
[WARN ] 2017-08-28 19:59:01 [    Test worker] [StandardChronoGraphTransaction]:  Query requires iterating over all vertices. For better performance, use 'has(...)' clauses in your gremlin.
[WARN ] 2017-08-28 19:59:01 [    Test worker] [StandardChronoGraphTransaction]:  Query requires iterating over all edges. For better performance, use 'has(...)' clauses in your gremlin.
[WARN ] 2017-08-28 19:59:01 [    Test worker] [StandardChronoGraphTransaction]:  Query requires iterating over all vertices. For better performance, use 'has(...)' clauses in your gremlin.
[WARN ] 2017-08-28 19:59:01 [    Test worker] [StandardChronoGraphTransaction]:  Query requires iterating over all edges. For better performance, use 'has(...)' clauses in your gremlin.
[WARN ] 2017-08-28 19:59:01 [    Test worker] [StandardChronoGraphTransaction]:  Query requires iterating over all vertices. For better performance, use 'has(...)' clauses in your gremlin.
[WARN ] 2017-08-28 19:59:01 [    Test worker] [StandardChronoGraphTransaction]:  Query requires iterating over all edges. For better performance, use 'has(...)' clauses in your gremlin.
[WARN ] 2017-08-28 19:59:01 [    Test worker] [StandardChronoGraphTransaction]:  Query requires iterating over all vertices. For better performance, use 'has(...)' clauses in your gremlin.
[WARN ] 2017-08-28 19:59:01 [    Test worker] [StandardChronoGraphTransaction]:  Query requires iterating over all edges. For better performance, use 'has(...)' clauses in your gremlin.
[WARN ] 2017-08-28 19:59:01 [    Test worker] [StandardChronoGraphTransaction]:  Query requires iterating over all vertices. For better performance, use 'has(...)' clauses in your gremlin.
[WARN ] 2017-08-28 19:59:01 [    Test worker] [StandardChronoGraphTransaction]:  Query requires iterating over all edges. For better performance, use 'has(...)' clauses in your gremlin.
[WARN ] 2017-08-28 19:59:01 [    Test worker] [StandardChronoGraphTransaction]:  Query requires iterating over all vertices. For better performance, use 'has(...)' clauses in your gremlin.
[WARN ] 2017-08-28 19:59:01 [    Test worker] [StandardChronoGraphTransaction]:  Query requires iterating over all edges. For better performance, use 'has(...)' clauses in your gremlin.
[WARN ] 2017-08-28 19:59:01 [    Test worker] [StandardChronoGraphTransaction]:  Query requires iterating over all vertices. For better performance, use 'has(...)' clauses in your gremlin.
[WARN ] 2017-08-28 19:59:01 [    Test worker] [StandardChronoGraphTransaction]:  Query requires iterating over all edges. For better performance, use 'has(...)' clauses in your gremlin.
[WARN ] 2017-08-28 19:59:01 [    Test worker] [StandardChronoGraphTransaction]:  Query requires iterating over all vertices. For better performance, use 'has(...)' clauses in your gremlin.
[WARN ] 2017-08-28 19:59:01 [    Test worker] [StandardChronoGraphTransaction]:  Query requires iterating over all edges. For better performance, use 'has(...)' clauses in your gremlin.
[WARN ] 2017-08-28 19:59:01 [    Test worker] [StandardChronoGraphTransaction]:  Query requires iterating over all vertices. For better performance, use 'has(...)' clauses in your gremlin.
[WARN ] 2017-08-28 19:59:01 [    Test worker] [StandardChronoGraphTransaction]:  Query requires iterating over all edges. For better performance, use 'has(...)' clauses in your gremlin.
[WARN ] 2017-08-28 19:59:01 [    Test worker] [StandardChronoGraphTransaction]:  Query requires iterating over all vertices. For better performance, use 'has(...)' clauses in your gremlin.
[WARN ] 2017-08-28 19:59:01 [    Test worker] [StandardChronoGraphTransaction]:  Query requires iterating over all edges. For better performance, use 'has(...)' clauses in your gremlin.
[WARN ] 2017-08-28 19:59:01 [    Test worker] [StandardChronoGraphTransaction]:  Query requires iterating over all vertices. For better performance, use 'has(...)' clauses in your gremlin.
[WARN ] 2017-08-28 19:59:01 [    Test worker] [StandardChronoGraphTransaction]:  Query requires iterating over all edges. For better performance, use 'has(...)' clauses in your gremlin.
[WARN ] 2017-08-28 19:59:01 [    Test worker] [StandardChronoGraphTransaction]:  Query requires iterating over all vertices. For better performance, use 'has(...)' clauses in your gremlin.
[WARN ] 2017-08-28 19:59:01 [    Test worker] [StandardChronoGraphTransaction]:  Query requires iterating over all edges. For better performance, use 'has(...)' clauses in your gremlin.
[WARN ] 2017-08-28 19:59:01 [    Test worker] [StandardChronoGraphTransaction]:  Query requires iterating over all vertices. For better performance, use 'has(...)' clauses in your gremlin.
[WARN ] 2017-08-28 19:59:01 [    Test worker] [StandardChronoGraphTransaction]:  Query requires iterating over all edges. For better performance, use 'has(...)' clauses in your gremlin.
[WARN ] 2017-08-28 19:59:01 [    Test worker] [StandardChronoGraphTransaction]:  Query requires iterating over all vertices. For better performance, use 'has(...)' clauses in your gremlin.
[WARN ] 2017-08-28 19:59:01 [    Test worker] [StandardChronoGraphTransaction]:  Query requires iterating over all edges. For better performance, use 'has(...)' clauses in your gremlin.
[WARN ] 2017-08-28 19:59:01 [    Test worker] [StandardChronoGraphTransaction]:  Query requires iterating over all vertices. For better performance, use 'has(...)' clauses in your gremlin.
[WARN ] 2017-08-28 19:59:01 [    Test worker] [StandardChronoGraphTransaction]:  Query requires iterating over all edges. For better performance, use 'has(...)' clauses in your gremlin.
[WARN ] 2017-08-28 19:59:01 [    Test worker] [StandardChronoGraphTransaction]:  Query requires iterating over all vertices. For better performance, use 'has(...)' clauses in your gremlin.
[WARN ] 2017-08-28 19:59:01 [    Test worker] [StandardChronoGraphTransaction]:  Query requires iterating over all edges. For better performance, use 'has(...)' clauses in your gremlin.
[WARN ] 2017-08-28 19:59:01 [    Test worker] [StandardChronoGraphTransaction]:  Query requires iterating over all vertices. For better performance, use 'has(...)' clauses in your gremlin.
[WARN ] 2017-08-28 19:59:01 [    Test worker] [StandardChronoGraphTransaction]:  Query requires iterating over all edges. For better performance, use 'has(...)' clauses in your gremlin.
[WARN ] 2017-08-28 19:59:01 [    Test worker] [StandardChronoGraphTransaction]:  Query requires iterating over all vertices. For better performance, use 'has(...)' clauses in your gremlin.
[WARN ] 2017-08-28 19:59:01 [    Test worker] [StandardChronoGraphTransaction]:  Query requires iterating over all edges. For better performance, use 'has(...)' clauses in your gremlin.
[WARN ] 2017-08-28 19:59:01 [    Test worker] [StandardChronoGraphTransaction]:  Query requires iterating over all vertices. For better performance, use 'has(...)' clauses in your gremlin.
[WARN ] 2017-08-28 19:59:01 [    Test worker] [StandardChronoGraphTransaction]:  Query requires iterating over all edges. For better performance, use 'has(...)' clauses in your gremlin.
[WARN ] 2017-08-28 19:59:01 [    Test worker] [StandardChronoGraphTransaction]:  Query requires iterating over all vertices. For better performance, use 'has(...)' clauses in your gremlin.
[WARN ] 2017-08-28 19:59:01 [    Test worker] [StandardChronoGraphTransaction]:  Query requires iterating over all edges. For better performance, use 'has(...)' clauses in your gremlin.
[WARN ] 2017-08-28 19:59:01 [    Test worker] [StandardChronoGraphTransaction]:  Query requires iterating over all vertices. For better performance, use 'has(...)' clauses in your gremlin.
[WARN ] 2017-08-28 19:59:01 [    Test worker] [StandardChronoGraphTransaction]:  Query requires iterating over all edges. For better performance, use 'has(...)' clauses in your gremlin.
[WARN ] 2017-08-28 19:59:01 [    Test worker] [StandardChronoGraphTransaction]:  Query requires iterating over all vertices. For better performance, use 'has(...)' clauses in your gremlin.
[WARN ] 2017-08-28 19:59:01 [    Test worker] [StandardChronoGraphTransaction]:  Query requires iterating over all edges. For better performance, use 'has(...)' clauses in your gremlin.
[WARN ] 2017-08-28 19:59:01 [    Test worker] [StandardChronoGraphTransaction]:  Query requires iterating over all vertices. For better performance, use 'has(...)' clauses in your gremlin.
[WARN ] 2017-08-28 19:59:01 [    Test worker] [StandardChronoGraphTransaction]:  Query requires iterating over all edges. For better performance, use 'has(...)' clauses in your gremlin.
[WARN ] 2017-08-28 19:59:01 [    Test worker] [StandardChronoGraphTransaction]:  Query requires iterating over all vertices. For better performance, use 'has(...)' clauses in your gremlin.
[WARN ] 2017-08-28 19:59:01 [    Test worker] [StandardChronoGraphTransaction]:  Query requires iterating over all edges. For better performance, use 'has(...)' clauses in your gremlin.
[WARN ] 2017-08-28 19:59:01 [    Test worker] [StandardChronoGraphTransaction]:  Query requires iterating over all vertices. For better performance, use 'has(...)' clauses in your gremlin.
[WARN ] 2017-08-28 19:59:01 [    Test worker] [StandardChronoGraphTransaction]:  Query requires iterating over all edges. For better performance, use 'has(...)' clauses in your gremlin.
[WARN ] 2017-08-28 19:59:01 [    Test worker] [StandardChronoGraphTransaction]:  Query requires iterating over all vertices. For better performance, use 'has(...)' clauses in your gremlin.
[WARN ] 2017-08-28 19:59:01 [    Test worker] [StandardChronoGraphTransaction]:  Query requires iterating over all edges. For better performance, use 'has(...)' clauses in your gremlin.
[WARN ] 2017-08-28 19:59:01 [    Test worker] [StandardChronoGraphTransaction]:  Query requires iterating over all vertices. For better performance, use 'has(...)' clauses in your gremlin.
[WARN ] 2017-08-28 19:59:01 [    Test worker] [StandardChronoGraphTransaction]:  Query requires iterating over all edges. For better performance, use 'has(...)' clauses in your gremlin.
[WARN ] 2017-08-28 19:59:01 [    Test worker] [StandardChronoGraphTransaction]:  Query requires iterating over all vertices. For better performance, use 'has(...)' clauses in your gremlin.
[WARN ] 2017-08-28 19:59:01 [    Test worker] [StandardChronoGraphTransaction]:  Query requires iterating over all edges. For better performance, use 'has(...)' clauses in your gremlin.
[WARN ] 2017-08-28 19:59:01 [    Test worker] [StandardChronoGraphTransaction]:  Query requires iterating over all vertices. For better performance, use 'has(...)' clauses in your gremlin.
[WARN ] 2017-08-28 19:59:01 [    Test worker] [StandardChronoGraphTransaction]:  Query requires iterating over all edges. For better performance, use 'has(...)' clauses in your gremlin.
[WARN ] 2017-08-28 19:59:01 [    Test worker] [StandardChronoGraphTransaction]:  Query requires iterating over all vertices. For better performance, use 'has(...)' clauses in your gremlin.
[WARN ] 2017-08-28 19:59:01 [    Test worker] [StandardChronoGraphTransaction]:  Query requires iterating over all edges. For better performance, use 'has(...)' clauses in your gremlin.
[WARN ] 2017-08-28 19:59:01 [    Test worker] [StandardChronoGraphTransaction]:  Query requires iterating over all vertices. For better performance, use 'has(...)' clauses in your gremlin.
[WARN ] 2017-08-28 19:59:01 [    Test worker] [StandardChronoGraphTransaction]:  Query requires iterating over all edges. For better performance, use 'has(...)' clauses in your gremlin.
[WARN ] 2017-08-28 19:59:01 [    Test worker] [StandardChronoGraphTransaction]:  Query requires iterating over all vertices. For better performance, use 'has(...)' clauses in your gremlin.
[WARN ] 2017-08-28 19:59:01 [    Test worker] [StandardChronoGraphTransaction]:  Query requires iterating over all vertices. For better performance, use 'has(...)' clauses in your gremlin.
[WARN ] 2017-08-28 19:59:01 [    Test worker] [StandardChronoGraphTransaction]:  Query requires iterating over all vertices. For better performance, use 'has(...)' clauses in your gremlin.
[WARN ] 2017-08-28 19:59:01 [    Test worker] [StandardChronoGraphTransaction]:  Query requires iterating over all vertices. For better performance, use 'has(...)' clauses in your gremlin.
[WARN ] 2017-08-28 19:59:01 [    Test worker] [StandardChronoGraphTransaction]:  Query requires iterating over all edges. For better performance, use 'has(...)' clauses in your gremlin.
[WARN ] 2017-08-28 19:59:01 [    Test worker] [StandardChronoGraphTransaction]:  Query requires iterating over all vertices. For better performance, use 'has(...)' clauses in your gremlin.
[WARN ] 2017-08-28 19:59:01 [    Test worker] [StandardChronoGraphTransaction]:  Query requires iterating over all edges. For better performance, use 'has(...)' clauses in your gremlin.
[WARN ] 2017-08-28 19:59:01 [    Test worker] [StandardChronoGraphTransaction]:  Query requires iterating over all vertices. For better performance, use 'has(...)' clauses in your gremlin.
[WARN ] 2017-08-28 19:59:01 [    Test worker] [StandardChronoGraphTransaction]:  Query requires iterating over all edges. For better performance, use 'has(...)' clauses in your gremlin.
[WARN ] 2017-08-28 19:59:01 [    Test worker] [StandardChronoGraphTransaction]:  Query requires iterating over all vertices. For better performance, use 'has(...)' clauses in your gremlin.
[WARN ] 2017-08-28 19:59:01 [    Test worker] [StandardChronoGraphTransaction]:  Query requires iterating over all edges. For better performance, use 'has(...)' clauses in your gremlin.
[WARN ] 2017-08-28 19:59:01 [    Test worker] [StandardChronoGraphTransaction]:  Query requires iterating over all vertices. For better performance, use 'has(...)' clauses in your gremlin.
[WARN ] 2017-08-28 19:59:01 [    Test worker] [StandardChronoGraphTransaction]:  Query requires iterating over all edges. For better performance, use 'has(...)' clauses in your gremlin.
[WARN ] 2017-08-28 19:59:01 [    Test worker] [StandardChronoGraphTransaction]:  Query requires iterating over all edges. For better performance, use 'has(...)' clauses in your gremlin.
[WARN ] 2017-08-28 19:59:01 [    Test worker] [StandardChronoGraphTransaction]:  Query requires iterating over all edges. For better performance, use 'has(...)' clauses in your gremlin.
[WARN ] 2017-08-28 19:59:01 [    Test worker] [StandardChronoGraphTransaction]:  Query requires iterating over all edges. For better performance, use 'has(...)' clauses in your gremlin.
]]></system-out>
  <system-err><![CDATA[]]></system-err>
</testsuite>
