<?xml version="1.0" encoding="UTF-8"?>
<testsuite name="org.apache.tinkerpop.gremlin.structure.FeatureSupportTest$FeatureToStringTest" tests="1" skipped="0" failures="0" errors="0" timestamp="2017-08-28T17:58:58" hostname="Aurora" time="0.0">
  <properties/>
  <testcase name="shouldHaveStandardToStringRepresentation" classname="org.apache.tinkerpop.gremlin.structure.FeatureSupportTest$FeatureToStringTest" time="0.0"/>
  <system-out><![CDATA[]]></system-out>
  <system-err><![CDATA[]]></system-err>
</testsuite>
