<?xml version="1.0" encoding="UTF-8"?>
<testsuite name="org.apache.tinkerpop.gremlin.structure.io.IoPropertyTest" tests="9" skipped="3" failures="0" errors="0" timestamp="2017-08-28T17:58:59" hostname="Aurora" time="0.047">
  <properties/>
  <testcase name="shouldReadWritePropertyGraphSON[graphson]" classname="org.apache.tinkerpop.gremlin.structure.io.IoPropertyTest" time="0.016"/>
  <testcase name="shouldReadWriteVertexPropertyWithMetaProperties[graphson]" classname="org.apache.tinkerpop.gremlin.structure.io.IoPropertyTest" time="0.0">
    <skipped/>
  </testcase>
  <testcase name="shouldReadWriteVertexPropertyNoMetaProperties[graphson]" classname="org.apache.tinkerpop.gremlin.structure.io.IoPropertyTest" time="0.0"/>
  <testcase name="shouldReadWritePropertyGraphSON[graphson-embedded]" classname="org.apache.tinkerpop.gremlin.structure.io.IoPropertyTest" time="0.016"/>
  <testcase name="shouldReadWriteVertexPropertyWithMetaProperties[graphson-embedded]" classname="org.apache.tinkerpop.gremlin.structure.io.IoPropertyTest" time="0.0">
    <skipped/>
  </testcase>
  <testcase name="shouldReadWriteVertexPropertyNoMetaProperties[graphson-embedded]" classname="org.apache.tinkerpop.gremlin.structure.io.IoPropertyTest" time="0.0"/>
  <testcase name="shouldReadWritePropertyGraphSON[gryo]" classname="org.apache.tinkerpop.gremlin.structure.io.IoPropertyTest" time="0.0"/>
  <testcase name="shouldReadWriteVertexPropertyWithMetaProperties[gryo]" classname="org.apache.tinkerpop.gremlin.structure.io.IoPropertyTest" time="0.0">
    <skipped/>
  </testcase>
  <testcase name="shouldReadWriteVertexPropertyNoMetaProperties[gryo]" classname="org.apache.tinkerpop.gremlin.structure.io.IoPropertyTest" time="0.015"/>
  <system-out><![CDATA[[WARN ] 2017-08-28 19:58:59 [    Test worker] [.i.t.ChronoGraphQueryProcessor]:  Query requires iteration over all vertices, because none of the given properties is indexed! For better performance use indices. Requested properties: [name]
[WARN ] 2017-08-28 19:58:59 [    Test worker] [.i.t.ChronoGraphQueryProcessor]:  Query requires iteration over all vertices, because none of the given properties is indexed! For better performance use indices. Requested properties: [name]
[WARN ] 2017-08-28 19:58:59 [    Test worker] [.i.t.ChronoGraphQueryProcessor]:  Query requires iteration over all vertices, because none of the given properties is indexed! For better performance use indices. Requested properties: [name]
[WARN ] 2017-08-28 19:58:59 [    Test worker] [.i.t.ChronoGraphQueryProcessor]:  Query requires iteration over all vertices, because none of the given properties is indexed! For better performance use indices. Requested properties: [name]
[WARN ] 2017-08-28 19:58:59 [    Test worker] [.i.t.ChronoGraphQueryProcessor]:  Query requires iteration over all vertices, because none of the given properties is indexed! For better performance use indices. Requested properties: [name]
[WARN ] 2017-08-28 19:58:59 [    Test worker] [.i.t.ChronoGraphQueryProcessor]:  Query requires iteration over all vertices, because none of the given properties is indexed! For better performance use indices. Requested properties: [name]
]]></system-out>
  <system-err><![CDATA[]]></system-err>
</testsuite>
