<?xml version="1.0" encoding="UTF-8"?>
<testsuite name="org.chronos.chronograph.test.transaction.GraphVersioningTest" tests="5" skipped="0" failures="0" errors="0" timestamp="2017-08-28T17:58:27" hostname="Aurora" time="1.011">
  <properties/>
  <testcase name="graphVersionReadsWork[Using chunked]" classname="org.chronos.chronograph.test.transaction.GraphVersioningTest" time="0.238"/>
  <testcase name="graphVersionReadsWork[Using inmemory]" classname="org.chronos.chronograph.test.transaction.GraphVersioningTest" time="0.019"/>
  <testcase name="graphVersionReadsWork[Using jdbc]" classname="org.chronos.chronograph.test.transaction.GraphVersioningTest" time="0.037"/>
  <testcase name="graphVersionReadsWork[Using mapdb]" classname="org.chronos.chronograph.test.transaction.GraphVersioningTest" time="0.491"/>
  <testcase name="graphVersionReadsWork[Using tupl]" classname="org.chronos.chronograph.test.transaction.GraphVersioningTest" time="0.226"/>
  <system-out><![CDATA[[INFO ] 2017-08-28 19:58:27 [    Test worker] [    o.c.c.test.ChronosUnitTest]:  Temp directory is provided at: C:\Users\Martin\AppData\Local\Temp\ChronoDBTest318862688473434810


================================================================================
 TEST START                                                                     
--------------------------------------------------------------------------------
    Test class:  GraphVersioningTest
    Test method: graphVersionReadsWork[Using chunked]
    Start time:  2017/08/28 19:58:27
================================================================================



Before commit #1: 1503943108055
Before commit #2: 1503943108108
Before commit #3: 1503943108122
[WARN ] 2017-08-28 19:58:28 [    Test worker] [StandardChronoGraphTransaction]:  Query requires iterating over all vertices. For better performance, use 'has(...)' clauses in your gremlin.
[WARN ] 2017-08-28 19:58:28 [    Test worker] [StandardChronoGraphTransaction]:  Query requires iterating over all edges. For better performance, use 'has(...)' clauses in your gremlin.
[WARN ] 2017-08-28 19:58:28 [    Test worker] [StandardChronoGraphTransaction]:  Query requires iterating over all vertices. For better performance, use 'has(...)' clauses in your gremlin.
[WARN ] 2017-08-28 19:58:28 [    Test worker] [StandardChronoGraphTransaction]:  Query requires iterating over all edges. For better performance, use 'has(...)' clauses in your gremlin.
[WARN ] 2017-08-28 19:58:28 [    Test worker] [StandardChronoGraphTransaction]:  Query requires iterating over all vertices. For better performance, use 'has(...)' clauses in your gremlin.
[WARN ] 2017-08-28 19:58:28 [    Test worker] [StandardChronoGraphTransaction]:  Query requires iterating over all edges. For better performance, use 'has(...)' clauses in your gremlin.
[WARN ] 2017-08-28 19:58:28 [    Test worker] [StandardChronoGraphTransaction]:  Query requires iterating over all vertices. For better performance, use 'has(...)' clauses in your gremlin.
[WARN ] 2017-08-28 19:58:28 [    Test worker] [StandardChronoGraphTransaction]:  Query requires iterating over all edges. For better performance, use 'has(...)' clauses in your gremlin.


================================================================================
 TEST SUCCEEDED                                                                 
--------------------------------------------------------------------------------
    Test class:  GraphVersioningTest
    Test method: graphVersionReadsWork[Using chunked]
    End time:    2017/08/28 19:58:28 (Duration: 238ms)
================================================================================





================================================================================
 TEST START                                                                     
--------------------------------------------------------------------------------
    Test class:  GraphVersioningTest
    Test method: graphVersionReadsWork[Using inmemory]
    Start time:  2017/08/28 19:58:28
================================================================================



Before commit #1: 1503943108177
Before commit #2: 1503943108193
Before commit #3: 1503943108195
[WARN ] 2017-08-28 19:58:28 [    Test worker] [StandardChronoGraphTransaction]:  Query requires iterating over all vertices. For better performance, use 'has(...)' clauses in your gremlin.
[WARN ] 2017-08-28 19:58:28 [    Test worker] [StandardChronoGraphTransaction]:  Query requires iterating over all edges. For better performance, use 'has(...)' clauses in your gremlin.
[WARN ] 2017-08-28 19:58:28 [    Test worker] [StandardChronoGraphTransaction]:  Query requires iterating over all vertices. For better performance, use 'has(...)' clauses in your gremlin.
[WARN ] 2017-08-28 19:58:28 [    Test worker] [StandardChronoGraphTransaction]:  Query requires iterating over all edges. For better performance, use 'has(...)' clauses in your gremlin.
[WARN ] 2017-08-28 19:58:28 [    Test worker] [StandardChronoGraphTransaction]:  Query requires iterating over all vertices. For better performance, use 'has(...)' clauses in your gremlin.
[WARN ] 2017-08-28 19:58:28 [    Test worker] [StandardChronoGraphTransaction]:  Query requires iterating over all edges. For better performance, use 'has(...)' clauses in your gremlin.
[WARN ] 2017-08-28 19:58:28 [    Test worker] [StandardChronoGraphTransaction]:  Query requires iterating over all vertices. For better performance, use 'has(...)' clauses in your gremlin.
[WARN ] 2017-08-28 19:58:28 [    Test worker] [StandardChronoGraphTransaction]:  Query requires iterating over all edges. For better performance, use 'has(...)' clauses in your gremlin.


================================================================================
 TEST SUCCEEDED                                                                 
--------------------------------------------------------------------------------
    Test class:  GraphVersioningTest
    Test method: graphVersionReadsWork[Using inmemory]
    End time:    2017/08/28 19:58:28 (Duration: 19ms)
================================================================================





================================================================================
 TEST START                                                                     
--------------------------------------------------------------------------------
    Test class:  GraphVersioningTest
    Test method: graphVersionReadsWork[Using jdbc]
    Start time:  2017/08/28 19:58:28
================================================================================



Before commit #1: 1503943108212
Before commit #2: 1503943108226
Before commit #3: 1503943108230
[WARN ] 2017-08-28 19:58:28 [    Test worker] [StandardChronoGraphTransaction]:  Query requires iterating over all vertices. For better performance, use 'has(...)' clauses in your gremlin.
[WARN ] 2017-08-28 19:58:28 [    Test worker] [StandardChronoGraphTransaction]:  Query requires iterating over all edges. For better performance, use 'has(...)' clauses in your gremlin.
[WARN ] 2017-08-28 19:58:28 [    Test worker] [StandardChronoGraphTransaction]:  Query requires iterating over all vertices. For better performance, use 'has(...)' clauses in your gremlin.
[WARN ] 2017-08-28 19:58:28 [    Test worker] [StandardChronoGraphTransaction]:  Query requires iterating over all edges. For better performance, use 'has(...)' clauses in your gremlin.
[WARN ] 2017-08-28 19:58:28 [    Test worker] [StandardChronoGraphTransaction]:  Query requires iterating over all vertices. For better performance, use 'has(...)' clauses in your gremlin.
[WARN ] 2017-08-28 19:58:28 [    Test worker] [StandardChronoGraphTransaction]:  Query requires iterating over all edges. For better performance, use 'has(...)' clauses in your gremlin.
[WARN ] 2017-08-28 19:58:28 [    Test worker] [StandardChronoGraphTransaction]:  Query requires iterating over all vertices. For better performance, use 'has(...)' clauses in your gremlin.
[WARN ] 2017-08-28 19:58:28 [    Test worker] [StandardChronoGraphTransaction]:  Query requires iterating over all edges. For better performance, use 'has(...)' clauses in your gremlin.


================================================================================
 TEST SUCCEEDED                                                                 
--------------------------------------------------------------------------------
    Test class:  GraphVersioningTest
    Test method: graphVersionReadsWork[Using jdbc]
    End time:    2017/08/28 19:58:28 (Duration: 37ms)
================================================================================





================================================================================
 TEST START                                                                     
--------------------------------------------------------------------------------
    Test class:  GraphVersioningTest
    Test method: graphVersionReadsWork[Using mapdb]
    Start time:  2017/08/28 19:58:28
================================================================================



Before commit #1: 1503943108408
Before commit #2: 1503943108509
Before commit #3: 1503943108577
[WARN ] 2017-08-28 19:58:28 [    Test worker] [StandardChronoGraphTransaction]:  Query requires iterating over all vertices. For better performance, use 'has(...)' clauses in your gremlin.
[WARN ] 2017-08-28 19:58:28 [    Test worker] [StandardChronoGraphTransaction]:  Query requires iterating over all edges. For better performance, use 'has(...)' clauses in your gremlin.
[WARN ] 2017-08-28 19:58:28 [    Test worker] [StandardChronoGraphTransaction]:  Query requires iterating over all vertices. For better performance, use 'has(...)' clauses in your gremlin.
[WARN ] 2017-08-28 19:58:28 [    Test worker] [StandardChronoGraphTransaction]:  Query requires iterating over all edges. For better performance, use 'has(...)' clauses in your gremlin.
[WARN ] 2017-08-28 19:58:28 [    Test worker] [StandardChronoGraphTransaction]:  Query requires iterating over all vertices. For better performance, use 'has(...)' clauses in your gremlin.
[WARN ] 2017-08-28 19:58:28 [    Test worker] [StandardChronoGraphTransaction]:  Query requires iterating over all edges. For better performance, use 'has(...)' clauses in your gremlin.
[WARN ] 2017-08-28 19:58:28 [    Test worker] [StandardChronoGraphTransaction]:  Query requires iterating over all vertices. For better performance, use 'has(...)' clauses in your gremlin.
[WARN ] 2017-08-28 19:58:28 [    Test worker] [StandardChronoGraphTransaction]:  Query requires iterating over all edges. For better performance, use 'has(...)' clauses in your gremlin.


================================================================================
 TEST SUCCEEDED                                                                 
--------------------------------------------------------------------------------
    Test class:  GraphVersioningTest
    Test method: graphVersionReadsWork[Using mapdb]
    End time:    2017/08/28 19:58:28 (Duration: 491ms)
================================================================================





================================================================================
 TEST START                                                                     
--------------------------------------------------------------------------------
    Test class:  GraphVersioningTest
    Test method: graphVersionReadsWork[Using tupl]
    Start time:  2017/08/28 19:58:28
================================================================================



Before commit #1: 1503943108808
Before commit #2: 1503943108893
Before commit #3: 1503943108911
[WARN ] 2017-08-28 19:58:28 [    Test worker] [StandardChronoGraphTransaction]:  Query requires iterating over all vertices. For better performance, use 'has(...)' clauses in your gremlin.
[WARN ] 2017-08-28 19:58:28 [    Test worker] [StandardChronoGraphTransaction]:  Query requires iterating over all edges. For better performance, use 'has(...)' clauses in your gremlin.
[WARN ] 2017-08-28 19:58:28 [    Test worker] [StandardChronoGraphTransaction]:  Query requires iterating over all vertices. For better performance, use 'has(...)' clauses in your gremlin.
[WARN ] 2017-08-28 19:58:28 [    Test worker] [StandardChronoGraphTransaction]:  Query requires iterating over all edges. For better performance, use 'has(...)' clauses in your gremlin.
[WARN ] 2017-08-28 19:58:28 [    Test worker] [StandardChronoGraphTransaction]:  Query requires iterating over all vertices. For better performance, use 'has(...)' clauses in your gremlin.
[WARN ] 2017-08-28 19:58:28 [    Test worker] [StandardChronoGraphTransaction]:  Query requires iterating over all edges. For better performance, use 'has(...)' clauses in your gremlin.
[WARN ] 2017-08-28 19:58:28 [    Test worker] [StandardChronoGraphTransaction]:  Query requires iterating over all vertices. For better performance, use 'has(...)' clauses in your gremlin.
[WARN ] 2017-08-28 19:58:28 [    Test worker] [StandardChronoGraphTransaction]:  Query requires iterating over all edges. For better performance, use 'has(...)' clauses in your gremlin.


================================================================================
 TEST SUCCEEDED                                                                 
--------------------------------------------------------------------------------
    Test class:  GraphVersioningTest
    Test method: graphVersionReadsWork[Using tupl]
    End time:    2017/08/28 19:58:28 (Duration: 226ms)
================================================================================



[INFO ] 2017-08-28 19:58:28 [    Test worker] [    o.c.c.test.ChronosUnitTest]:  Attempting to delete temp directory provided at: C:\Users\Martin\AppData\Local\Temp\ChronoDBTest318862688473434810
[INFO ] 2017-08-28 19:58:28 [    Test worker] [    o.c.c.test.ChronosUnitTest]:  Successfully deleted temp directory
]]></system-out>
  <system-err><![CDATA[]]></system-err>
</testsuite>
