<?xml version="1.0" encoding="UTF-8"?>
<testsuite name="org.chronos.chronograph.test.transaction.CommitMetadataTest" tests="15" skipped="0" failures="0" errors="0" timestamp="2017-08-28T17:58:20" hostname="Aurora" time="2.419">
  <properties/>
  <testcase name="canUseHashMapAsCommitMetadata[Using inmemory]" classname="org.chronos.chronograph.test.transaction.CommitMetadataTest" time="0.0"/>
  <testcase name="canStoreAndRetrieveCommitMetadata[Using inmemory]" classname="org.chronos.chronograph.test.transaction.CommitMetadataTest" time="0.0"/>
  <testcase name="readingCommitMetadataFromNonExistingCommitTimestampsProducesNull[Using inmemory]" classname="org.chronos.chronograph.test.transaction.CommitMetadataTest" time="0.0"/>
  <testcase name="canUseHashMapAsCommitMetadata[Using chunked]" classname="org.chronos.chronograph.test.transaction.CommitMetadataTest" time="0.358"/>
  <testcase name="canStoreAndRetrieveCommitMetadata[Using chunked]" classname="org.chronos.chronograph.test.transaction.CommitMetadataTest" time="0.343"/>
  <testcase name="readingCommitMetadataFromNonExistingCommitTimestampsProducesNull[Using chunked]" classname="org.chronos.chronograph.test.transaction.CommitMetadataTest" time="0.352"/>
  <testcase name="canUseHashMapAsCommitMetadata[Using mapdb]" classname="org.chronos.chronograph.test.transaction.CommitMetadataTest" time="0.302"/>
  <testcase name="canStoreAndRetrieveCommitMetadata[Using mapdb]" classname="org.chronos.chronograph.test.transaction.CommitMetadataTest" time="0.279"/>
  <testcase name="readingCommitMetadataFromNonExistingCommitTimestampsProducesNull[Using mapdb]" classname="org.chronos.chronograph.test.transaction.CommitMetadataTest" time="0.254"/>
  <testcase name="canUseHashMapAsCommitMetadata[Using tupl]" classname="org.chronos.chronograph.test.transaction.CommitMetadataTest" time="0.147"/>
  <testcase name="canStoreAndRetrieveCommitMetadata[Using tupl]" classname="org.chronos.chronograph.test.transaction.CommitMetadataTest" time="0.153"/>
  <testcase name="readingCommitMetadataFromNonExistingCommitTimestampsProducesNull[Using tupl]" classname="org.chronos.chronograph.test.transaction.CommitMetadataTest" time="0.162"/>
  <testcase name="canUseHashMapAsCommitMetadata[Using jdbc]" classname="org.chronos.chronograph.test.transaction.CommitMetadataTest" time="0.022"/>
  <testcase name="canStoreAndRetrieveCommitMetadata[Using jdbc]" classname="org.chronos.chronograph.test.transaction.CommitMetadataTest" time="0.032"/>
  <testcase name="readingCommitMetadataFromNonExistingCommitTimestampsProducesNull[Using jdbc]" classname="org.chronos.chronograph.test.transaction.CommitMetadataTest" time="0.015"/>
  <system-out><![CDATA[[INFO ] 2017-08-28 19:58:20 [    Test worker] [    o.c.c.test.ChronosUnitTest]:  Temp directory is provided at: C:\Users\Martin\AppData\Local\Temp\ChronoDBTest318862688473434810


================================================================================
 TEST START                                                                     
--------------------------------------------------------------------------------
    Test class:  CommitMetadataTest
    Test method: canUseHashMapAsCommitMetadata[Using inmemory]
    Start time:  2017/08/28 19:58:20
================================================================================





================================================================================
 TEST SUCCEEDED                                                                 
--------------------------------------------------------------------------------
    Test class:  CommitMetadataTest
    Test method: canUseHashMapAsCommitMetadata[Using inmemory]
    End time:    2017/08/28 19:58:20 (Duration: 0ms)
================================================================================





================================================================================
 TEST START                                                                     
--------------------------------------------------------------------------------
    Test class:  CommitMetadataTest
    Test method: canStoreAndRetrieveCommitMetadata[Using inmemory]
    Start time:  2017/08/28 19:58:20
================================================================================





================================================================================
 TEST SUCCEEDED                                                                 
--------------------------------------------------------------------------------
    Test class:  CommitMetadataTest
    Test method: canStoreAndRetrieveCommitMetadata[Using inmemory]
    End time:    2017/08/28 19:58:20 (Duration: 0ms)
================================================================================





================================================================================
 TEST START                                                                     
--------------------------------------------------------------------------------
    Test class:  CommitMetadataTest
    Test method: readingCommitMetadataFromNonExistingCommitTimestampsProducesNull[Using inmemory]
    Start time:  2017/08/28 19:58:20
================================================================================





================================================================================
 TEST SUCCEEDED                                                                 
--------------------------------------------------------------------------------
    Test class:  CommitMetadataTest
    Test method: readingCommitMetadataFromNonExistingCommitTimestampsProducesNull[Using inmemory]
    End time:    2017/08/28 19:58:20 (Duration: 0ms)
================================================================================





================================================================================
 TEST START                                                                     
--------------------------------------------------------------------------------
    Test class:  CommitMetadataTest
    Test method: canUseHashMapAsCommitMetadata[Using chunked]
    Start time:  2017/08/28 19:58:20
================================================================================





================================================================================
 TEST SUCCEEDED                                                                 
--------------------------------------------------------------------------------
    Test class:  CommitMetadataTest
    Test method: canUseHashMapAsCommitMetadata[Using chunked]
    End time:    2017/08/28 19:58:20 (Duration: 358ms)
================================================================================





================================================================================
 TEST START                                                                     
--------------------------------------------------------------------------------
    Test class:  CommitMetadataTest
    Test method: canStoreAndRetrieveCommitMetadata[Using chunked]
    Start time:  2017/08/28 19:58:20
================================================================================





================================================================================
 TEST SUCCEEDED                                                                 
--------------------------------------------------------------------------------
    Test class:  CommitMetadataTest
    Test method: canStoreAndRetrieveCommitMetadata[Using chunked]
    End time:    2017/08/28 19:58:20 (Duration: 343ms)
================================================================================





================================================================================
 TEST START                                                                     
--------------------------------------------------------------------------------
    Test class:  CommitMetadataTest
    Test method: readingCommitMetadataFromNonExistingCommitTimestampsProducesNull[Using chunked]
    Start time:  2017/08/28 19:58:20
================================================================================





================================================================================
 TEST SUCCEEDED                                                                 
--------------------------------------------------------------------------------
    Test class:  CommitMetadataTest
    Test method: readingCommitMetadataFromNonExistingCommitTimestampsProducesNull[Using chunked]
    End time:    2017/08/28 19:58:21 (Duration: 351ms)
================================================================================





================================================================================
 TEST START                                                                     
--------------------------------------------------------------------------------
    Test class:  CommitMetadataTest
    Test method: canUseHashMapAsCommitMetadata[Using mapdb]
    Start time:  2017/08/28 19:58:21
================================================================================





================================================================================
 TEST SUCCEEDED                                                                 
--------------------------------------------------------------------------------
    Test class:  CommitMetadataTest
    Test method: canUseHashMapAsCommitMetadata[Using mapdb]
    End time:    2017/08/28 19:58:21 (Duration: 302ms)
================================================================================





================================================================================
 TEST START                                                                     
--------------------------------------------------------------------------------
    Test class:  CommitMetadataTest
    Test method: canStoreAndRetrieveCommitMetadata[Using mapdb]
    Start time:  2017/08/28 19:58:21
================================================================================





================================================================================
 TEST SUCCEEDED                                                                 
--------------------------------------------------------------------------------
    Test class:  CommitMetadataTest
    Test method: canStoreAndRetrieveCommitMetadata[Using mapdb]
    End time:    2017/08/28 19:58:21 (Duration: 279ms)
================================================================================





================================================================================
 TEST START                                                                     
--------------------------------------------------------------------------------
    Test class:  CommitMetadataTest
    Test method: readingCommitMetadataFromNonExistingCommitTimestampsProducesNull[Using mapdb]
    Start time:  2017/08/28 19:58:21
================================================================================





================================================================================
 TEST SUCCEEDED                                                                 
--------------------------------------------------------------------------------
    Test class:  CommitMetadataTest
    Test method: readingCommitMetadataFromNonExistingCommitTimestampsProducesNull[Using mapdb]
    End time:    2017/08/28 19:58:22 (Duration: 254ms)
================================================================================





================================================================================
 TEST START                                                                     
--------------------------------------------------------------------------------
    Test class:  CommitMetadataTest
    Test method: canUseHashMapAsCommitMetadata[Using tupl]
    Start time:  2017/08/28 19:58:22
================================================================================





================================================================================
 TEST SUCCEEDED                                                                 
--------------------------------------------------------------------------------
    Test class:  CommitMetadataTest
    Test method: canUseHashMapAsCommitMetadata[Using tupl]
    End time:    2017/08/28 19:58:22 (Duration: 147ms)
================================================================================





================================================================================
 TEST START                                                                     
--------------------------------------------------------------------------------
    Test class:  CommitMetadataTest
    Test method: canStoreAndRetrieveCommitMetadata[Using tupl]
    Start time:  2017/08/28 19:58:22
================================================================================





================================================================================
 TEST SUCCEEDED                                                                 
--------------------------------------------------------------------------------
    Test class:  CommitMetadataTest
    Test method: canStoreAndRetrieveCommitMetadata[Using tupl]
    End time:    2017/08/28 19:58:22 (Duration: 153ms)
================================================================================





================================================================================
 TEST START                                                                     
--------------------------------------------------------------------------------
    Test class:  CommitMetadataTest
    Test method: readingCommitMetadataFromNonExistingCommitTimestampsProducesNull[Using tupl]
    Start time:  2017/08/28 19:58:22
================================================================================





================================================================================
 TEST SUCCEEDED                                                                 
--------------------------------------------------------------------------------
    Test class:  CommitMetadataTest
    Test method: readingCommitMetadataFromNonExistingCommitTimestampsProducesNull[Using tupl]
    End time:    2017/08/28 19:58:22 (Duration: 162ms)
================================================================================





================================================================================
 TEST START                                                                     
--------------------------------------------------------------------------------
    Test class:  CommitMetadataTest
    Test method: canUseHashMapAsCommitMetadata[Using jdbc]
    Start time:  2017/08/28 19:58:22
================================================================================





================================================================================
 TEST SUCCEEDED                                                                 
--------------------------------------------------------------------------------
    Test class:  CommitMetadataTest
    Test method: canUseHashMapAsCommitMetadata[Using jdbc]
    End time:    2017/08/28 19:58:22 (Duration: 22ms)
================================================================================





================================================================================
 TEST START                                                                     
--------------------------------------------------------------------------------
    Test class:  CommitMetadataTest
    Test method: canStoreAndRetrieveCommitMetadata[Using jdbc]
    Start time:  2017/08/28 19:58:22
================================================================================





================================================================================
 TEST SUCCEEDED                                                                 
--------------------------------------------------------------------------------
    Test class:  CommitMetadataTest
    Test method: canStoreAndRetrieveCommitMetadata[Using jdbc]
    End time:    2017/08/28 19:58:22 (Duration: 32ms)
================================================================================





================================================================================
 TEST START                                                                     
--------------------------------------------------------------------------------
    Test class:  CommitMetadataTest
    Test method: readingCommitMetadataFromNonExistingCommitTimestampsProducesNull[Using jdbc]
    Start time:  2017/08/28 19:58:22
================================================================================





================================================================================
 TEST SUCCEEDED                                                                 
--------------------------------------------------------------------------------
    Test class:  CommitMetadataTest
    Test method: readingCommitMetadataFromNonExistingCommitTimestampsProducesNull[Using jdbc]
    End time:    2017/08/28 19:58:22 (Duration: 15ms)
================================================================================



[INFO ] 2017-08-28 19:58:22 [    Test worker] [    o.c.c.test.ChronosUnitTest]:  Attempting to delete temp directory provided at: C:\Users\Martin\AppData\Local\Temp\ChronoDBTest318862688473434810
[INFO ] 2017-08-28 19:58:22 [    Test worker] [    o.c.c.test.ChronosUnitTest]:  Successfully deleted temp directory
]]></system-out>
  <system-err><![CDATA[]]></system-err>
</testsuite>
