<?xml version="1.0" encoding="UTF-8"?>
<testsuite name="org.chronos.chronograph.test.commitmetadata.GetCommitsBetweenPagedTest" tests="30" skipped="0" failures="0" errors="0" timestamp="2017-08-28T17:55:26" hostname="Aurora" time="9.888">
  <properties/>
  <testcase name="ascendingPaginationWorks[Using jdbc]" classname="org.chronos.chronograph.test.commitmetadata.GetCommitsBetweenPagedTest" time="0.077"/>
  <testcase name="retrievingCommitTimestampsIsBranchLocal[Using jdbc]" classname="org.chronos.chronograph.test.commitmetadata.GetCommitsBetweenPagedTest" time="0.034"/>
  <testcase name="retrievingInvalidTimeRangeProducesAnEmptyIterator[Using jdbc]" classname="org.chronos.chronograph.test.commitmetadata.GetCommitsBetweenPagedTest" time="0.015"/>
  <testcase name="canRetrieveCommitsWithAndWithoutMetadata[Using jdbc]" classname="org.chronos.chronograph.test.commitmetadata.GetCommitsBetweenPagedTest" time="0.045"/>
  <testcase name="canRetrieveCommitsWhenNoMetadataWasGiven[Using jdbc]" classname="org.chronos.chronograph.test.commitmetadata.GetCommitsBetweenPagedTest" time="0.027"/>
  <testcase name="descendingPaginationWorks[Using jdbc]" classname="org.chronos.chronograph.test.commitmetadata.GetCommitsBetweenPagedTest" time="0.068"/>
  <testcase name="ascendingPaginationWorks[Using inmemory]" classname="org.chronos.chronograph.test.commitmetadata.GetCommitsBetweenPagedTest" time="0.033"/>
  <testcase name="retrievingCommitTimestampsIsBranchLocal[Using inmemory]" classname="org.chronos.chronograph.test.commitmetadata.GetCommitsBetweenPagedTest" time="0.001"/>
  <testcase name="retrievingInvalidTimeRangeProducesAnEmptyIterator[Using inmemory]" classname="org.chronos.chronograph.test.commitmetadata.GetCommitsBetweenPagedTest" time="0.0"/>
  <testcase name="canRetrieveCommitsWithAndWithoutMetadata[Using inmemory]" classname="org.chronos.chronograph.test.commitmetadata.GetCommitsBetweenPagedTest" time="0.007"/>
  <testcase name="canRetrieveCommitsWhenNoMetadataWasGiven[Using inmemory]" classname="org.chronos.chronograph.test.commitmetadata.GetCommitsBetweenPagedTest" time="0.0"/>
  <testcase name="descendingPaginationWorks[Using inmemory]" classname="org.chronos.chronograph.test.commitmetadata.GetCommitsBetweenPagedTest" time="0.027"/>
  <testcase name="ascendingPaginationWorks[Using chunked]" classname="org.chronos.chronograph.test.commitmetadata.GetCommitsBetweenPagedTest" time="0.372"/>
  <testcase name="retrievingCommitTimestampsIsBranchLocal[Using chunked]" classname="org.chronos.chronograph.test.commitmetadata.GetCommitsBetweenPagedTest" time="0.432"/>
  <testcase name="retrievingInvalidTimeRangeProducesAnEmptyIterator[Using chunked]" classname="org.chronos.chronograph.test.commitmetadata.GetCommitsBetweenPagedTest" time="0.352"/>
  <testcase name="canRetrieveCommitsWithAndWithoutMetadata[Using chunked]" classname="org.chronos.chronograph.test.commitmetadata.GetCommitsBetweenPagedTest" time="0.401"/>
  <testcase name="canRetrieveCommitsWhenNoMetadataWasGiven[Using chunked]" classname="org.chronos.chronograph.test.commitmetadata.GetCommitsBetweenPagedTest" time="0.346"/>
  <testcase name="descendingPaginationWorks[Using chunked]" classname="org.chronos.chronograph.test.commitmetadata.GetCommitsBetweenPagedTest" time="0.752"/>
  <testcase name="ascendingPaginationWorks[Using tupl]" classname="org.chronos.chronograph.test.commitmetadata.GetCommitsBetweenPagedTest" time="0.316"/>
  <testcase name="retrievingCommitTimestampsIsBranchLocal[Using tupl]" classname="org.chronos.chronograph.test.commitmetadata.GetCommitsBetweenPagedTest" time="0.132"/>
  <testcase name="retrievingInvalidTimeRangeProducesAnEmptyIterator[Using tupl]" classname="org.chronos.chronograph.test.commitmetadata.GetCommitsBetweenPagedTest" time="0.1"/>
  <testcase name="canRetrieveCommitsWithAndWithoutMetadata[Using tupl]" classname="org.chronos.chronograph.test.commitmetadata.GetCommitsBetweenPagedTest" time="0.2"/>
  <testcase name="canRetrieveCommitsWhenNoMetadataWasGiven[Using tupl]" classname="org.chronos.chronograph.test.commitmetadata.GetCommitsBetweenPagedTest" time="0.153"/>
  <testcase name="descendingPaginationWorks[Using tupl]" classname="org.chronos.chronograph.test.commitmetadata.GetCommitsBetweenPagedTest" time="0.547"/>
  <testcase name="ascendingPaginationWorks[Using mapdb]" classname="org.chronos.chronograph.test.commitmetadata.GetCommitsBetweenPagedTest" time="1.785"/>
  <testcase name="retrievingCommitTimestampsIsBranchLocal[Using mapdb]" classname="org.chronos.chronograph.test.commitmetadata.GetCommitsBetweenPagedTest" time="0.469"/>
  <testcase name="retrievingInvalidTimeRangeProducesAnEmptyIterator[Using mapdb]" classname="org.chronos.chronograph.test.commitmetadata.GetCommitsBetweenPagedTest" time="0.378"/>
  <testcase name="canRetrieveCommitsWithAndWithoutMetadata[Using mapdb]" classname="org.chronos.chronograph.test.commitmetadata.GetCommitsBetweenPagedTest" time="0.637"/>
  <testcase name="canRetrieveCommitsWhenNoMetadataWasGiven[Using mapdb]" classname="org.chronos.chronograph.test.commitmetadata.GetCommitsBetweenPagedTest" time="0.363"/>
  <testcase name="descendingPaginationWorks[Using mapdb]" classname="org.chronos.chronograph.test.commitmetadata.GetCommitsBetweenPagedTest" time="1.819"/>
  <system-out><![CDATA[[INFO ] 2017-08-28 19:55:26 [    Test worker] [    o.c.c.test.ChronosUnitTest]:  Temp directory is provided at: C:\Users\Martin\AppData\Local\Temp\ChronoDBTest318862688473434810


================================================================================
 TEST START                                                                     
--------------------------------------------------------------------------------
    Test class:  GetCommitsBetweenPagedTest
    Test method: ascendingPaginationWorks[Using jdbc]
    Start time:  2017/08/28 19:55:26
================================================================================





================================================================================
 TEST SUCCEEDED                                                                 
--------------------------------------------------------------------------------
    Test class:  GetCommitsBetweenPagedTest
    Test method: ascendingPaginationWorks[Using jdbc]
    End time:    2017/08/28 19:55:26 (Duration: 77ms)
================================================================================





================================================================================
 TEST START                                                                     
--------------------------------------------------------------------------------
    Test class:  GetCommitsBetweenPagedTest
    Test method: retrievingCommitTimestampsIsBranchLocal[Using jdbc]
    Start time:  2017/08/28 19:55:26
================================================================================





================================================================================
 TEST SUCCEEDED                                                                 
--------------------------------------------------------------------------------
    Test class:  GetCommitsBetweenPagedTest
    Test method: retrievingCommitTimestampsIsBranchLocal[Using jdbc]
    End time:    2017/08/28 19:55:26 (Duration: 34ms)
================================================================================





================================================================================
 TEST START                                                                     
--------------------------------------------------------------------------------
    Test class:  GetCommitsBetweenPagedTest
    Test method: retrievingInvalidTimeRangeProducesAnEmptyIterator[Using jdbc]
    Start time:  2017/08/28 19:55:26
================================================================================





================================================================================
 TEST SUCCEEDED                                                                 
--------------------------------------------------------------------------------
    Test class:  GetCommitsBetweenPagedTest
    Test method: retrievingInvalidTimeRangeProducesAnEmptyIterator[Using jdbc]
    End time:    2017/08/28 19:55:26 (Duration: 15ms)
================================================================================





================================================================================
 TEST START                                                                     
--------------------------------------------------------------------------------
    Test class:  GetCommitsBetweenPagedTest
    Test method: canRetrieveCommitsWithAndWithoutMetadata[Using jdbc]
    Start time:  2017/08/28 19:55:26
================================================================================





================================================================================
 TEST SUCCEEDED                                                                 
--------------------------------------------------------------------------------
    Test class:  GetCommitsBetweenPagedTest
    Test method: canRetrieveCommitsWithAndWithoutMetadata[Using jdbc]
    End time:    2017/08/28 19:55:27 (Duration: 45ms)
================================================================================





================================================================================
 TEST START                                                                     
--------------------------------------------------------------------------------
    Test class:  GetCommitsBetweenPagedTest
    Test method: canRetrieveCommitsWhenNoMetadataWasGiven[Using jdbc]
    Start time:  2017/08/28 19:55:27
================================================================================





================================================================================
 TEST SUCCEEDED                                                                 
--------------------------------------------------------------------------------
    Test class:  GetCommitsBetweenPagedTest
    Test method: canRetrieveCommitsWhenNoMetadataWasGiven[Using jdbc]
    End time:    2017/08/28 19:55:27 (Duration: 27ms)
================================================================================





================================================================================
 TEST START                                                                     
--------------------------------------------------------------------------------
    Test class:  GetCommitsBetweenPagedTest
    Test method: descendingPaginationWorks[Using jdbc]
    Start time:  2017/08/28 19:55:27
================================================================================





================================================================================
 TEST SUCCEEDED                                                                 
--------------------------------------------------------------------------------
    Test class:  GetCommitsBetweenPagedTest
    Test method: descendingPaginationWorks[Using jdbc]
    End time:    2017/08/28 19:55:27 (Duration: 68ms)
================================================================================





================================================================================
 TEST START                                                                     
--------------------------------------------------------------------------------
    Test class:  GetCommitsBetweenPagedTest
    Test method: ascendingPaginationWorks[Using inmemory]
    Start time:  2017/08/28 19:55:27
================================================================================





================================================================================
 TEST SUCCEEDED                                                                 
--------------------------------------------------------------------------------
    Test class:  GetCommitsBetweenPagedTest
    Test method: ascendingPaginationWorks[Using inmemory]
    End time:    2017/08/28 19:55:27 (Duration: 33ms)
================================================================================





================================================================================
 TEST START                                                                     
--------------------------------------------------------------------------------
    Test class:  GetCommitsBetweenPagedTest
    Test method: retrievingCommitTimestampsIsBranchLocal[Using inmemory]
    Start time:  2017/08/28 19:55:27
================================================================================





================================================================================
 TEST SUCCEEDED                                                                 
--------------------------------------------------------------------------------
    Test class:  GetCommitsBetweenPagedTest
    Test method: retrievingCommitTimestampsIsBranchLocal[Using inmemory]
    End time:    2017/08/28 19:55:27 (Duration: 1ms)
================================================================================





================================================================================
 TEST START                                                                     
--------------------------------------------------------------------------------
    Test class:  GetCommitsBetweenPagedTest
    Test method: retrievingInvalidTimeRangeProducesAnEmptyIterator[Using inmemory]
    Start time:  2017/08/28 19:55:27
================================================================================





================================================================================
 TEST SUCCEEDED                                                                 
--------------------------------------------------------------------------------
    Test class:  GetCommitsBetweenPagedTest
    Test method: retrievingInvalidTimeRangeProducesAnEmptyIterator[Using inmemory]
    End time:    2017/08/28 19:55:27 (Duration: 0ms)
================================================================================





================================================================================
 TEST START                                                                     
--------------------------------------------------------------------------------
    Test class:  GetCommitsBetweenPagedTest
    Test method: canRetrieveCommitsWithAndWithoutMetadata[Using inmemory]
    Start time:  2017/08/28 19:55:27
================================================================================





================================================================================
 TEST SUCCEEDED                                                                 
--------------------------------------------------------------------------------
    Test class:  GetCommitsBetweenPagedTest
    Test method: canRetrieveCommitsWithAndWithoutMetadata[Using inmemory]
    End time:    2017/08/28 19:55:27 (Duration: 7ms)
================================================================================





================================================================================
 TEST START                                                                     
--------------------------------------------------------------------------------
    Test class:  GetCommitsBetweenPagedTest
    Test method: canRetrieveCommitsWhenNoMetadataWasGiven[Using inmemory]
    Start time:  2017/08/28 19:55:27
================================================================================





================================================================================
 TEST SUCCEEDED                                                                 
--------------------------------------------------------------------------------
    Test class:  GetCommitsBetweenPagedTest
    Test method: canRetrieveCommitsWhenNoMetadataWasGiven[Using inmemory]
    End time:    2017/08/28 19:55:27 (Duration: 0ms)
================================================================================





================================================================================
 TEST START                                                                     
--------------------------------------------------------------------------------
    Test class:  GetCommitsBetweenPagedTest
    Test method: descendingPaginationWorks[Using inmemory]
    Start time:  2017/08/28 19:55:27
================================================================================





================================================================================
 TEST SUCCEEDED                                                                 
--------------------------------------------------------------------------------
    Test class:  GetCommitsBetweenPagedTest
    Test method: descendingPaginationWorks[Using inmemory]
    End time:    2017/08/28 19:55:27 (Duration: 27ms)
================================================================================





================================================================================
 TEST START                                                                     
--------------------------------------------------------------------------------
    Test class:  GetCommitsBetweenPagedTest
    Test method: ascendingPaginationWorks[Using chunked]
    Start time:  2017/08/28 19:55:27
================================================================================





================================================================================
 TEST SUCCEEDED                                                                 
--------------------------------------------------------------------------------
    Test class:  GetCommitsBetweenPagedTest
    Test method: ascendingPaginationWorks[Using chunked]
    End time:    2017/08/28 19:55:27 (Duration: 372ms)
================================================================================





================================================================================
 TEST START                                                                     
--------------------------------------------------------------------------------
    Test class:  GetCommitsBetweenPagedTest
    Test method: retrievingCommitTimestampsIsBranchLocal[Using chunked]
    Start time:  2017/08/28 19:55:27
================================================================================





================================================================================
 TEST SUCCEEDED                                                                 
--------------------------------------------------------------------------------
    Test class:  GetCommitsBetweenPagedTest
    Test method: retrievingCommitTimestampsIsBranchLocal[Using chunked]
    End time:    2017/08/28 19:55:27 (Duration: 432ms)
================================================================================





================================================================================
 TEST START                                                                     
--------------------------------------------------------------------------------
    Test class:  GetCommitsBetweenPagedTest
    Test method: retrievingInvalidTimeRangeProducesAnEmptyIterator[Using chunked]
    Start time:  2017/08/28 19:55:27
================================================================================





================================================================================
 TEST SUCCEEDED                                                                 
--------------------------------------------------------------------------------
    Test class:  GetCommitsBetweenPagedTest
    Test method: retrievingInvalidTimeRangeProducesAnEmptyIterator[Using chunked]
    End time:    2017/08/28 19:55:28 (Duration: 352ms)
================================================================================





================================================================================
 TEST START                                                                     
--------------------------------------------------------------------------------
    Test class:  GetCommitsBetweenPagedTest
    Test method: canRetrieveCommitsWithAndWithoutMetadata[Using chunked]
    Start time:  2017/08/28 19:55:28
================================================================================





================================================================================
 TEST SUCCEEDED                                                                 
--------------------------------------------------------------------------------
    Test class:  GetCommitsBetweenPagedTest
    Test method: canRetrieveCommitsWithAndWithoutMetadata[Using chunked]
    End time:    2017/08/28 19:55:28 (Duration: 401ms)
================================================================================





================================================================================
 TEST START                                                                     
--------------------------------------------------------------------------------
    Test class:  GetCommitsBetweenPagedTest
    Test method: canRetrieveCommitsWhenNoMetadataWasGiven[Using chunked]
    Start time:  2017/08/28 19:55:28
================================================================================





================================================================================
 TEST SUCCEEDED                                                                 
--------------------------------------------------------------------------------
    Test class:  GetCommitsBetweenPagedTest
    Test method: canRetrieveCommitsWhenNoMetadataWasGiven[Using chunked]
    End time:    2017/08/28 19:55:29 (Duration: 346ms)
================================================================================





================================================================================
 TEST START                                                                     
--------------------------------------------------------------------------------
    Test class:  GetCommitsBetweenPagedTest
    Test method: descendingPaginationWorks[Using chunked]
    Start time:  2017/08/28 19:55:29
================================================================================





================================================================================
 TEST SUCCEEDED                                                                 
--------------------------------------------------------------------------------
    Test class:  GetCommitsBetweenPagedTest
    Test method: descendingPaginationWorks[Using chunked]
    End time:    2017/08/28 19:55:29 (Duration: 752ms)
================================================================================





================================================================================
 TEST START                                                                     
--------------------------------------------------------------------------------
    Test class:  GetCommitsBetweenPagedTest
    Test method: ascendingPaginationWorks[Using tupl]
    Start time:  2017/08/28 19:55:29
================================================================================





================================================================================
 TEST SUCCEEDED                                                                 
--------------------------------------------------------------------------------
    Test class:  GetCommitsBetweenPagedTest
    Test method: ascendingPaginationWorks[Using tupl]
    End time:    2017/08/28 19:55:30 (Duration: 316ms)
================================================================================





================================================================================
 TEST START                                                                     
--------------------------------------------------------------------------------
    Test class:  GetCommitsBetweenPagedTest
    Test method: retrievingCommitTimestampsIsBranchLocal[Using tupl]
    Start time:  2017/08/28 19:55:30
================================================================================





================================================================================
 TEST SUCCEEDED                                                                 
--------------------------------------------------------------------------------
    Test class:  GetCommitsBetweenPagedTest
    Test method: retrievingCommitTimestampsIsBranchLocal[Using tupl]
    End time:    2017/08/28 19:55:30 (Duration: 132ms)
================================================================================





================================================================================
 TEST START                                                                     
--------------------------------------------------------------------------------
    Test class:  GetCommitsBetweenPagedTest
    Test method: retrievingInvalidTimeRangeProducesAnEmptyIterator[Using tupl]
    Start time:  2017/08/28 19:55:30
================================================================================





================================================================================
 TEST SUCCEEDED                                                                 
--------------------------------------------------------------------------------
    Test class:  GetCommitsBetweenPagedTest
    Test method: retrievingInvalidTimeRangeProducesAnEmptyIterator[Using tupl]
    End time:    2017/08/28 19:55:30 (Duration: 100ms)
================================================================================





================================================================================
 TEST START                                                                     
--------------------------------------------------------------------------------
    Test class:  GetCommitsBetweenPagedTest
    Test method: canRetrieveCommitsWithAndWithoutMetadata[Using tupl]
    Start time:  2017/08/28 19:55:30
================================================================================





================================================================================
 TEST SUCCEEDED                                                                 
--------------------------------------------------------------------------------
    Test class:  GetCommitsBetweenPagedTest
    Test method: canRetrieveCommitsWithAndWithoutMetadata[Using tupl]
    End time:    2017/08/28 19:55:30 (Duration: 200ms)
================================================================================





================================================================================
 TEST START                                                                     
--------------------------------------------------------------------------------
    Test class:  GetCommitsBetweenPagedTest
    Test method: canRetrieveCommitsWhenNoMetadataWasGiven[Using tupl]
    Start time:  2017/08/28 19:55:30
================================================================================





================================================================================
 TEST SUCCEEDED                                                                 
--------------------------------------------------------------------------------
    Test class:  GetCommitsBetweenPagedTest
    Test method: canRetrieveCommitsWhenNoMetadataWasGiven[Using tupl]
    End time:    2017/08/28 19:55:30 (Duration: 153ms)
================================================================================





================================================================================
 TEST START                                                                     
--------------------------------------------------------------------------------
    Test class:  GetCommitsBetweenPagedTest
    Test method: descendingPaginationWorks[Using tupl]
    Start time:  2017/08/28 19:55:30
================================================================================





================================================================================
 TEST SUCCEEDED                                                                 
--------------------------------------------------------------------------------
    Test class:  GetCommitsBetweenPagedTest
    Test method: descendingPaginationWorks[Using tupl]
    End time:    2017/08/28 19:55:31 (Duration: 547ms)
================================================================================





================================================================================
 TEST START                                                                     
--------------------------------------------------------------------------------
    Test class:  GetCommitsBetweenPagedTest
    Test method: ascendingPaginationWorks[Using mapdb]
    Start time:  2017/08/28 19:55:31
================================================================================





================================================================================
 TEST SUCCEEDED                                                                 
--------------------------------------------------------------------------------
    Test class:  GetCommitsBetweenPagedTest
    Test method: ascendingPaginationWorks[Using mapdb]
    End time:    2017/08/28 19:55:33 (Duration: 1785ms)
================================================================================





================================================================================
 TEST START                                                                     
--------------------------------------------------------------------------------
    Test class:  GetCommitsBetweenPagedTest
    Test method: retrievingCommitTimestampsIsBranchLocal[Using mapdb]
    Start time:  2017/08/28 19:55:33
================================================================================





================================================================================
 TEST SUCCEEDED                                                                 
--------------------------------------------------------------------------------
    Test class:  GetCommitsBetweenPagedTest
    Test method: retrievingCommitTimestampsIsBranchLocal[Using mapdb]
    End time:    2017/08/28 19:55:33 (Duration: 469ms)
================================================================================





================================================================================
 TEST START                                                                     
--------------------------------------------------------------------------------
    Test class:  GetCommitsBetweenPagedTest
    Test method: retrievingInvalidTimeRangeProducesAnEmptyIterator[Using mapdb]
    Start time:  2017/08/28 19:55:33
================================================================================





================================================================================
 TEST SUCCEEDED                                                                 
--------------------------------------------------------------------------------
    Test class:  GetCommitsBetweenPagedTest
    Test method: retrievingInvalidTimeRangeProducesAnEmptyIterator[Using mapdb]
    End time:    2017/08/28 19:55:33 (Duration: 378ms)
================================================================================





================================================================================
 TEST START                                                                     
--------------------------------------------------------------------------------
    Test class:  GetCommitsBetweenPagedTest
    Test method: canRetrieveCommitsWithAndWithoutMetadata[Using mapdb]
    Start time:  2017/08/28 19:55:33
================================================================================





================================================================================
 TEST SUCCEEDED                                                                 
--------------------------------------------------------------------------------
    Test class:  GetCommitsBetweenPagedTest
    Test method: canRetrieveCommitsWithAndWithoutMetadata[Using mapdb]
    End time:    2017/08/28 19:55:34 (Duration: 637ms)
================================================================================





================================================================================
 TEST START                                                                     
--------------------------------------------------------------------------------
    Test class:  GetCommitsBetweenPagedTest
    Test method: canRetrieveCommitsWhenNoMetadataWasGiven[Using mapdb]
    Start time:  2017/08/28 19:55:34
================================================================================





================================================================================
 TEST SUCCEEDED                                                                 
--------------------------------------------------------------------------------
    Test class:  GetCommitsBetweenPagedTest
    Test method: canRetrieveCommitsWhenNoMetadataWasGiven[Using mapdb]
    End time:    2017/08/28 19:55:34 (Duration: 363ms)
================================================================================





================================================================================
 TEST START                                                                     
--------------------------------------------------------------------------------
    Test class:  GetCommitsBetweenPagedTest
    Test method: descendingPaginationWorks[Using mapdb]
    Start time:  2017/08/28 19:55:34
================================================================================





================================================================================
 TEST SUCCEEDED                                                                 
--------------------------------------------------------------------------------
    Test class:  GetCommitsBetweenPagedTest
    Test method: descendingPaginationWorks[Using mapdb]
    End time:    2017/08/28 19:55:36 (Duration: 1819ms)
================================================================================



[INFO ] 2017-08-28 19:55:36 [    Test worker] [    o.c.c.test.ChronosUnitTest]:  Attempting to delete temp directory provided at: C:\Users\Martin\AppData\Local\Temp\ChronoDBTest318862688473434810
[INFO ] 2017-08-28 19:55:36 [    Test worker] [    o.c.c.test.ChronosUnitTest]:  Successfully deleted temp directory
]]></system-out>
  <system-err><![CDATA[]]></system-err>
</testsuite>
